#                                                                            --- full sequence --- -------------- this domain -------------   hmm coord   ali coord   env coord
# target name        accession   tlen query name           accession   qlen   E-value  score  bias   #  of  c-Evalue  i-Evalue  score  bias  from    to  from    to  from    to  acc description of target
#------------------- ---------- ----- -------------------- ---------- ----- --------- ------ ----- --- --- --------- --------- ------ ----- ----- ----- ----- ----- ----- ----- ---- ---------------------
ctg000006_P_38       -            274 121943at2157         -             45   4.7e-09   34.9   0.3   1   2   2.4e-11   6.8e-08   31.1   0.1     1    37   100   142   100   149 0.81 # 52961 # 53782 # -1 # ID=7_38;partial=00;start_type=ATG;rbs_motif=None;rbs_spacer=None;gc_cont=0.393
ctg000006_P_38       -            274 121943at2157         -             45   4.7e-09   34.9   0.3   2   2       1.5   4.2e+03   -3.4   0.0    18    28   222   232   218   232 0.76 # 52961 # 53782 # -1 # ID=7_38;partial=00;start_type=ATG;rbs_motif=None;rbs_spacer=None;gc_cont=0.393
ctg000000_P_879      -            166 121943at2157         -             45       0.1   11.4   1.5   1   3     0.036     1e+02    1.8   0.1    25    39    44    58    40    64 0.82 # 1282133 # 1282630 # 1 # ID=1_879;partial=00;start_type=ATG;rbs_motif=None;rbs_spacer=None;gc_cont=0.424
ctg000000_P_879      -            166 121943at2157         -             45       0.1   11.4   1.5   2   3    0.0036        10    5.0   0.0    21    34   103   116    92   118 0.88 # 1282133 # 1282630 # 1 # ID=1_879;partial=00;start_type=ATG;rbs_motif=None;rbs_spacer=None;gc_cont=0.424
ctg000000_P_879      -            166 121943at2157         -             45       0.1   11.4   1.5   3   3      0.03        83    2.1   0.0    14    38   120   143   117   143 0.81 # 1282133 # 1282630 # 1 # ID=1_879;partial=00;start_type=ATG;rbs_motif=None;rbs_spacer=None;gc_cont=0.424
ctg000010_P_379      -            166 121943at2157         -             45       0.1   11.4   1.5   1   3     0.036     1e+02    1.8   0.1    25    39    44    58    40    64 0.82 # 524743 # 525240 # 1 # ID=11_379;partial=00;start_type=ATG;rbs_motif=AACAA;rbs_spacer=13bp;gc_cont=0.426
ctg000010_P_379      -            166 121943at2157         -             45       0.1   11.4   1.5   2   3    0.0036        10    5.0   0.0    21    34   103   116    92   118 0.88 # 524743 # 525240 # 1 # ID=11_379;partial=00;start_type=ATG;rbs_motif=AACAA;rbs_spacer=13bp;gc_cont=0.426
ctg000010_P_379      -            166 121943at2157         -             45       0.1   11.4   1.5   3   3      0.03        83    2.1   0.0    14    38   120   143   117   143 0.81 # 524743 # 525240 # 1 # ID=11_379;partial=00;start_type=ATG;rbs_motif=AACAA;rbs_spacer=13bp;gc_cont=0.426
#
# Program:         hmmsearch
# Version:         3.1b2 (February 2015)
# Pipeline mode:   SEARCH
# Query file:      /Users/dominiquefastus/DeNovoProj/BUSCO_ass/busco_downloads/lineages/archaea_odb10/hmms/121943at2157.hmm
# Target file:     /Users/dominiquefastus/DeNovoProj/BUSCO_ass/busco_out/prodigal_output/predicted_genes/predicted.faa
# Option settings: hmmsearch --domtblout /Users/dominiquefastus/DeNovoProj/BUSCO_ass/busco_out/auto_lineage/run_archaea_odb10/hmmer_output/121943at2157.out --cpu 1 /Users/dominiquefastus/DeNovoProj/BUSCO_ass/busco_downloads/lineages/archaea_odb10/hmms/121943at2157.hmm /Users/dominiquefastus/DeNovoProj/BUSCO_ass/busco_out/prodigal_output/predicted_genes/predicted.faa 
# Current dir:     /Users/dominiquefastus/DeNovoProj/BUSCO_ass
# Date:            Fri Feb 24 11:38:39 2023
# [ok]
