#                                                                            --- full sequence --- -------------- this domain -------------   hmm coord   ali coord   env coord
# target name        accession   tlen query name           accession   qlen   E-value  score  bias   #  of  c-Evalue  i-Evalue  score  bias  from    to  from    to  from    to  acc description of target
#------------------- ---------- ----- -------------------- ---------- ----- --------- ------ ----- --- --- --------- --------- ------ ----- ----- ----- ----- ----- ----- ----- ---- ---------------------
ctg000000_P_840      -            843 1642at2157           -            627  6.7e-149  495.5   0.8   1   2   1.2e-60   7.8e-58  194.7   2.9     5   193     8   224     5   237 0.87 # 1223747 # 1226275 # 1 # ID=1_840;partial=00;start_type=ATG;rbs_motif=None;rbs_spacer=None;gc_cont=0.444
ctg000000_P_840      -            843 1642at2157           -            627  6.7e-149  495.5   0.8   2   2   6.7e-90   4.3e-87  291.3   0.0   207   627   325   831   317   831 0.81 # 1223747 # 1226275 # 1 # ID=1_840;partial=00;start_type=ATG;rbs_motif=None;rbs_spacer=None;gc_cont=0.444
ctg000002_P_334      -            843 1642at2157           -            627  6.7e-149  495.5   0.8   1   2   1.2e-60   7.8e-58  194.7   2.9     5   193     8   224     5   237 0.87 # 508789 # 511317 # -1 # ID=3_334;partial=00;start_type=ATG;rbs_motif=AATAA;rbs_spacer=9bp;gc_cont=0.444
ctg000002_P_334      -            843 1642at2157           -            627  6.7e-149  495.5   0.8   2   2   6.7e-90   4.3e-87  291.3   0.0   207   627   325   831   317   831 0.81 # 508789 # 511317 # -1 # ID=3_334;partial=00;start_type=ATG;rbs_motif=AATAA;rbs_spacer=9bp;gc_cont=0.444
ctg000008_P_317      -           1111 1642at2157           -            627   3.4e-97  324.7   0.0   1   5   7.7e-57   4.9e-54  182.1   0.0     8   173    11   189     4   193 0.90 # 447475 # 450807 # 1 # ID=9_317;partial=00;start_type=ATG;rbs_motif=None;rbs_spacer=None;gc_cont=0.396
ctg000008_P_317      -           1111 1642at2157           -            627   3.4e-97  324.7   0.0   2   5      0.27   1.7e+02   -1.3   0.0   174   195   227   248   213   252 0.86 # 447475 # 450807 # 1 # ID=9_317;partial=00;start_type=ATG;rbs_motif=None;rbs_spacer=None;gc_cont=0.396
ctg000008_P_317      -           1111 1642at2157           -            627   3.4e-97  324.7   0.0   3   5   0.00039      0.25    8.0   0.0   208   245   349   386   331   400 0.85 # 447475 # 450807 # 1 # ID=9_317;partial=00;start_type=ATG;rbs_motif=None;rbs_spacer=None;gc_cont=0.396
ctg000008_P_317      -           1111 1642at2157           -            627   3.4e-97  324.7   0.0   4   5   1.3e-24   8.1e-22   75.7   0.0   254   420   567   761   552   771 0.80 # 447475 # 450807 # 1 # ID=9_317;partial=00;start_type=ATG;rbs_motif=None;rbs_spacer=None;gc_cont=0.396
ctg000008_P_317      -           1111 1642at2157           -            627   3.4e-97  324.7   0.0   5   5   2.5e-17   1.6e-14   51.6   0.0   470   606   892  1051   877  1055 0.78 # 447475 # 450807 # 1 # ID=9_317;partial=00;start_type=ATG;rbs_motif=None;rbs_spacer=None;gc_cont=0.396
ctg000003_P_164      -            757 1642at2157           -            627   6.1e-76  254.5   0.2   1   2   3.2e-35     2e-32  110.7   0.1     9   148    59   205    51   224 0.86 # 251472 # 253742 # -1 # ID=4_164;partial=00;start_type=ATG;rbs_motif=None;rbs_spacer=None;gc_cont=0.402
ctg000003_P_164      -            757 1642at2157           -            627   6.1e-76  254.5   0.2   2   2   2.9e-44   1.9e-41  140.6   0.0   215   622   331   753   322   756 0.81 # 251472 # 253742 # -1 # ID=4_164;partial=00;start_type=ATG;rbs_motif=None;rbs_spacer=None;gc_cont=0.402
ctg000022_P_154      -            820 1642at2157           -            627   2.4e-65  219.5   2.3   1   4   1.4e-38   8.9e-36  121.8   0.2    14   162    40   187    36   197 0.91 # 237927 # 240386 # 1 # ID=17_154;partial=00;start_type=ATG;rbs_motif=None;rbs_spacer=None;gc_cont=0.380
ctg000022_P_154      -            820 1642at2157           -            627   2.4e-65  219.5   2.3   2   4   8.9e-23   5.7e-20   69.6   0.0   215   419   314   555   288   559 0.78 # 237927 # 240386 # 1 # ID=17_154;partial=00;start_type=ATG;rbs_motif=None;rbs_spacer=None;gc_cont=0.380
ctg000022_P_154      -            820 1642at2157           -            627   2.4e-65  219.5   2.3   3   4   0.00045      0.29    7.8   0.0   532   571   683   723   630   737 0.81 # 237927 # 240386 # 1 # ID=17_154;partial=00;start_type=ATG;rbs_motif=None;rbs_spacer=None;gc_cont=0.380
ctg000022_P_154      -            820 1642at2157           -            627   2.4e-65  219.5   2.3   4   4   2.6e-06    0.0017   15.2   0.0   541   615   740   816   735   819 0.81 # 237927 # 240386 # 1 # ID=17_154;partial=00;start_type=ATG;rbs_motif=None;rbs_spacer=None;gc_cont=0.380
ctg000009_P_77       -           1009 1642at2157           -            627   6.9e-57  191.6   0.0   1   4   2.9e-24   1.9e-21   74.5   0.1    13   173   131   301   120   329 0.82 # 129680 # 132706 # 1 # ID=10_77;partial=00;start_type=ATG;rbs_motif=None;rbs_spacer=None;gc_cont=0.382
ctg000009_P_77       -           1009 1642at2157           -            627   6.9e-57  191.6   0.0   2   4     0.027        18    1.9   0.0   266   293   479   506   468   515 0.83 # 129680 # 132706 # 1 # ID=10_77;partial=00;start_type=ATG;rbs_motif=None;rbs_spacer=None;gc_cont=0.382
ctg000009_P_77       -           1009 1642at2157           -            627   6.9e-57  191.6   0.0   3   4   9.3e-13   5.9e-10   36.5   0.0   304   420   548   685   536   688 0.71 # 129680 # 132706 # 1 # ID=10_77;partial=00;start_type=ATG;rbs_motif=None;rbs_spacer=None;gc_cont=0.382
ctg000009_P_77       -           1009 1642at2157           -            627   6.9e-57  191.6   0.0   4   4   1.1e-23   7.3e-21   72.6   0.0   439   612   752   946   743   955 0.83 # 129680 # 132706 # 1 # ID=10_77;partial=00;start_type=ATG;rbs_motif=None;rbs_spacer=None;gc_cont=0.382
ctg000003_P_455      -            646 1642at2157           -            627   1.3e-39  134.5   0.0   1   3   8.5e-36   5.5e-33  112.6   0.1    13   160    44   194    33   201 0.91 # 685032 # 686969 # 1 # ID=4_455;partial=00;start_type=ATG;rbs_motif=None;rbs_spacer=None;gc_cont=0.386
ctg000003_P_455      -            646 1642at2157           -            627   1.3e-39  134.5   0.0   2   3   0.00086      0.55    6.9   0.0   262   334   243   320   233   341 0.81 # 685032 # 686969 # 1 # ID=4_455;partial=00;start_type=ATG;rbs_motif=None;rbs_spacer=None;gc_cont=0.386
ctg000003_P_455      -            646 1642at2157           -            627   1.3e-39  134.5   0.0   3   3   4.7e-05      0.03   11.1   0.0   530   604   445   527   437   539 0.78 # 685032 # 686969 # 1 # ID=4_455;partial=00;start_type=ATG;rbs_motif=None;rbs_spacer=None;gc_cont=0.386
ctg000002_P_268      -            438 1642at2157           -            627   9.3e-24   82.1   0.5   1   2   3.6e-22   2.3e-19   67.6   0.3    17   147    50   179    41   213 0.86 # 406587 # 407900 # -1 # ID=3_268;partial=00;start_type=ATG;rbs_motif=None;rbs_spacer=None;gc_cont=0.420
ctg000002_P_268      -            438 1642at2157           -            627   9.3e-24   82.1   0.5   2   2   1.6e-05      0.01   12.6   0.0   254   320   249   316   241   327 0.82 # 406587 # 407900 # -1 # ID=3_268;partial=00;start_type=ATG;rbs_motif=None;rbs_spacer=None;gc_cont=0.420
ctg000005_P_161      -            459 1642at2157           -            627   3.1e-09   34.2   0.9   1   2   1.1e-11   6.9e-09   33.0   0.0    15   111     7   116     1   182 0.69 # 240802 # 242178 # -1 # ID=6_161;partial=00;start_type=ATG;rbs_motif=None;rbs_spacer=None;gc_cont=0.444
ctg000005_P_161      -            459 1642at2157           -            627   3.1e-09   34.2   0.9   2   2      0.26   1.7e+02   -1.3   0.1   267   300   257   292   248   323 0.76 # 240802 # 242178 # -1 # ID=6_161;partial=00;start_type=ATG;rbs_motif=None;rbs_spacer=None;gc_cont=0.444
ctg000007_P_237      -            459 1642at2157           -            627   3.1e-09   34.2   0.9   1   2   1.1e-11   6.9e-09   33.0   0.0    15   111     7   116     1   182 0.69 # 340562 # 341938 # -1 # ID=8_237;partial=00;start_type=ATG;rbs_motif=None;rbs_spacer=None;gc_cont=0.447
ctg000007_P_237      -            459 1642at2157           -            627   3.1e-09   34.2   0.9   2   2      0.26   1.7e+02   -1.3   0.1   267   300   257   292   248   323 0.76 # 340562 # 341938 # -1 # ID=8_237;partial=00;start_type=ATG;rbs_motif=None;rbs_spacer=None;gc_cont=0.447
ctg000002_P_531      -            677 1642at2157           -            627   8.2e-09   32.7   6.6   1   2   3.3e-10   2.1e-07   28.1   4.4    18   209   148   322   138   338 0.80 # 812318 # 814348 # -1 # ID=3_531;partial=00;start_type=ATG;rbs_motif=None;rbs_spacer=None;gc_cont=0.369
ctg000002_P_531      -            677 1642at2157           -            627   8.2e-09   32.7   6.6   2   2     0.088        56    0.3   0.0   260   296   335   371   327   375 0.83 # 812318 # 814348 # -1 # ID=3_531;partial=00;start_type=ATG;rbs_motif=None;rbs_spacer=None;gc_cont=0.369
ctg000009_P_406      -            612 1642at2157           -            627   1.7e-05   21.8   0.0   1   2   7.5e-08   4.8e-05   20.3   0.0    20   115   172   280   167   293 0.75 # 604198 # 606033 # -1 # ID=10_406;partial=00;start_type=ATG;rbs_motif=None;rbs_spacer=None;gc_cont=0.400
ctg000009_P_406      -            612 1642at2157           -            627   1.7e-05   21.8   0.0   2   2      0.82   5.3e+02   -2.9   0.0   270   304   420   454   396   460 0.74 # 604198 # 606033 # -1 # ID=10_406;partial=00;start_type=ATG;rbs_motif=None;rbs_spacer=None;gc_cont=0.400
ctg000014_P_69       -           1003 1642at2157           -            627   4.1e-05   20.5   0.0   1   1   1.1e-07   6.8e-05   19.8   0.0    19   167   409   557   399   583 0.74 # 83159 # 86167 # 1 # ID=15_69;partial=00;start_type=ATG;rbs_motif=None;rbs_spacer=None;gc_cont=0.413
#
# Program:         hmmsearch
# Version:         3.1b2 (February 2015)
# Pipeline mode:   SEARCH
# Query file:      /Users/dominiquefastus/DeNovoProj/BUSCO_ass/busco_downloads/lineages/archaea_odb10/hmms/1642at2157.hmm
# Target file:     /Users/dominiquefastus/DeNovoProj/BUSCO_ass/busco_out/prodigal_output/predicted_genes/predicted.faa
# Option settings: hmmsearch --domtblout /Users/dominiquefastus/DeNovoProj/BUSCO_ass/busco_out/auto_lineage/run_archaea_odb10/hmmer_output/1642at2157.out --cpu 1 /Users/dominiquefastus/DeNovoProj/BUSCO_ass/busco_downloads/lineages/archaea_odb10/hmms/1642at2157.hmm /Users/dominiquefastus/DeNovoProj/BUSCO_ass/busco_out/prodigal_output/predicted_genes/predicted.faa 
# Current dir:     /Users/dominiquefastus/DeNovoProj/BUSCO_ass
# Date:            Fri Feb 24 11:38:50 2023
# [ok]
