#                                                                            --- full sequence --- -------------- this domain -------------   hmm coord   ali coord   env coord
# target name        accession   tlen query name           accession   qlen   E-value  score  bias   #  of  c-Evalue  i-Evalue  score  bias  from    to  from    to  from    to  acc description of target
#------------------- ---------- ----- -------------------- ---------- ----- --------- ------ ----- --- --- --------- --------- ------ ----- ----- ----- ----- ----- ----- ----- ---- ---------------------
ctg000022_P_179      -           1223 19750at2157          -            617   1.5e-09   35.8  28.9   1   5   4.5e-06    0.0027   15.2   3.5   478   580   167   273   127   322 0.73 # 292185 # 295853 # -1 # ID=17_179;partial=00;start_type=ATG;rbs_motif=None;rbs_spacer=None;gc_cont=0.396
ctg000022_P_179      -           1223 19750at2157          -            617   1.5e-09   35.8  28.9   2   5     1e-05     0.006   14.0   1.7   459   559   605   704   554   721 0.68 # 292185 # 295853 # -1 # ID=17_179;partial=00;start_type=ATG;rbs_motif=None;rbs_spacer=None;gc_cont=0.396
ctg000022_P_179      -           1223 19750at2157          -            617   1.5e-09   35.8  28.9   3   5   5.5e-08   3.2e-05   21.5   0.4   479   572   772   868   751   899 0.75 # 292185 # 295853 # -1 # ID=17_179;partial=00;start_type=ATG;rbs_motif=None;rbs_spacer=None;gc_cont=0.396
ctg000022_P_179      -           1223 19750at2157          -            617   1.5e-09   35.8  28.9   4   5       0.2   1.2e+02   -0.2   0.3   467   571   922  1015   893  1025 0.63 # 292185 # 295853 # -1 # ID=17_179;partial=00;start_type=ATG;rbs_motif=None;rbs_spacer=None;gc_cont=0.396
ctg000022_P_179      -           1223 19750at2157          -            617   1.5e-09   35.8  28.9   5   5      0.19   1.1e+02   -0.1   0.1   464   535  1127  1198  1107  1217 0.71 # 292185 # 295853 # -1 # ID=17_179;partial=00;start_type=ATG;rbs_motif=None;rbs_spacer=None;gc_cont=0.396
ctg000000_P_166      -            836 19750at2157          -            617   0.00015   19.3   4.9   1   3   0.00019      0.11    9.8   0.0   266   287   249   270   239   272 0.93 # 236596 # 239103 # -1 # ID=1_166;partial=00;start_type=ATG;rbs_motif=None;rbs_spacer=None;gc_cont=0.418
ctg000000_P_166      -            836 19750at2157          -            617   0.00015   19.3   4.9   2   3   6.6e-05     0.039   11.3   0.0   265   290   521   546   510   556 0.83 # 236596 # 239103 # -1 # ID=1_166;partial=00;start_type=ATG;rbs_motif=None;rbs_spacer=None;gc_cont=0.418
ctg000000_P_166      -            836 19750at2157          -            617   0.00015   19.3   4.9   3   3         3   1.8e+03   -4.1   1.0    42   103   713   775   700   786 0.44 # 236596 # 239103 # -1 # ID=1_166;partial=00;start_type=ATG;rbs_motif=None;rbs_spacer=None;gc_cont=0.418
ctg000001_P_475      -            406 19750at2157          -            617   0.00054   17.4   1.3   1   2     0.014       8.3    3.6   0.8   521   598    29   104     6   113 0.73 # 694625 # 695842 # 1 # ID=2_475;partial=00;start_type=ATG;rbs_motif=None;rbs_spacer=None;gc_cont=0.405
ctg000001_P_475      -            406 19750at2157          -            617   0.00054   17.4   1.3   2   2   4.4e-05     0.026   11.9   0.0   264   288   181   205   169   210 0.87 # 694625 # 695842 # 1 # ID=2_475;partial=00;start_type=ATG;rbs_motif=None;rbs_spacer=None;gc_cont=0.405
ctg000008_P_512      -           1051 19750at2157          -            617    0.0024   15.3   0.0   1   1   6.4e-06    0.0038   14.6   0.0   261   297   781   817   768   820 0.83 # 754834 # 757986 # 1 # ID=9_512;partial=00;start_type=GTG;rbs_motif=AACAA;rbs_spacer=9bp;gc_cont=0.389
ctg000003_P_33       -            838 19750at2157          -            617    0.0037   14.7   5.7   1   3       3.2   1.9e+03   -4.2   1.9   459   536    93   173    64   197 0.38 # 56272 # 58785 # -1 # ID=4_33;partial=00;start_type=ATG;rbs_motif=None;rbs_spacer=None;gc_cont=0.390
ctg000003_P_33       -            838 19750at2157          -            617    0.0037   14.7   5.7   2   3   0.00067       0.4    8.0   0.0   265   286   239   260   230   264 0.91 # 56272 # 58785 # -1 # ID=4_33;partial=00;start_type=ATG;rbs_motif=None;rbs_spacer=None;gc_cont=0.390
ctg000003_P_33       -            838 19750at2157          -            617    0.0037   14.7   5.7   3   3   0.00028      0.17    9.2   0.0   266   287   568   589   554   598 0.86 # 56272 # 58785 # -1 # ID=4_33;partial=00;start_type=ATG;rbs_motif=None;rbs_spacer=None;gc_cont=0.390
ctg000007_P_455      -            382 19750at2157          -            617    0.0043   14.5   5.3   1   3      0.27   1.6e+02   -0.6   0.0   499   529    52    82    39   133 0.83 # 645896 # 647041 # -1 # ID=8_455;partial=00;start_type=ATG;rbs_motif=None;rbs_spacer=None;gc_cont=0.462
ctg000007_P_455      -            382 19750at2157          -            617    0.0043   14.5   5.3   2   3     0.011       6.7    3.9   0.1   493   525   159   191   142   208 0.87 # 645896 # 647041 # -1 # ID=8_455;partial=00;start_type=ATG;rbs_motif=None;rbs_spacer=None;gc_cont=0.462
ctg000007_P_455      -            382 19750at2157          -            617    0.0043   14.5   5.3   3   3   6.6e-05     0.039   11.3   0.5   483   562   251   331   216   370 0.69 # 645896 # 647041 # -1 # ID=8_455;partial=00;start_type=ATG;rbs_motif=None;rbs_spacer=None;gc_cont=0.462
ctg000000_P_313      -            458 19750at2157          -            617    0.0078   13.6   0.1   1   2      0.35   2.1e+02   -1.0   0.0   161   194   102   135    69   142 0.90 # 438449 # 439822 # 1 # ID=1_313;partial=00;start_type=GTG;rbs_motif=None;rbs_spacer=None;gc_cont=0.387
ctg000000_P_313      -            458 19750at2157          -            617    0.0078   13.6   0.1   2   2   6.2e-05     0.037   11.4   0.0   265   287   236   258   223   263 0.87 # 438449 # 439822 # 1 # ID=1_313;partial=00;start_type=GTG;rbs_motif=None;rbs_spacer=None;gc_cont=0.387
ctg000005_P_40       -            438 19750at2157          -            617     0.016   12.6   0.0   1   1   4.6e-05     0.027   11.8   0.0   263   287   164   188   156   197 0.87 # 60865 # 62178 # 1 # ID=6_40;partial=00;start_type=ATG;rbs_motif=None;rbs_spacer=None;gc_cont=0.427
ctg000009_P_119      -            468 19750at2157          -            617     0.018   12.4   0.0   1   2   0.00018      0.11    9.8   0.0   266   287   244   265   233   270 0.92 # 181360 # 182763 # 1 # ID=10_119;partial=00;start_type=ATG;rbs_motif=None;rbs_spacer=None;gc_cont=0.415
ctg000009_P_119      -            468 19750at2157          -            617     0.018   12.4   0.0   2   2       0.2   1.2e+02   -0.2   0.0    50   101   323   374   291   378 0.85 # 181360 # 182763 # 1 # ID=10_119;partial=00;start_type=ATG;rbs_motif=None;rbs_spacer=None;gc_cont=0.415
ctg000000_P_823      -            457 19750at2157          -            617     0.023   12.1   0.0   1   1   5.8e-05     0.034   11.5   0.0   264   286   259   281   241   289 0.88 # 1205683 # 1207053 # -1 # ID=1_823;partial=00;start_type=ATG;rbs_motif=None;rbs_spacer=None;gc_cont=0.414
ctg000003_P_588      -            781 19750at2157          -            617     0.023   12.1   0.1   1   2    0.0059       3.5    4.8   0.0   266   287   280   301   276   313 0.88 # 882449 # 884791 # -1 # ID=4_588;partial=00;start_type=ATG;rbs_motif=None;rbs_spacer=None;gc_cont=0.420
ctg000003_P_588      -            781 19750at2157          -            617     0.023   12.1   0.1   2   2    0.0059       3.5    4.8   0.1   265   287   550   572   537   582 0.86 # 882449 # 884791 # -1 # ID=4_588;partial=00;start_type=ATG;rbs_motif=None;rbs_spacer=None;gc_cont=0.420
ctg000008_P_372      -            271 19750at2157          -            617     0.026   11.9   0.3   1   1   5.2e-05     0.031   11.6   0.3   492   546   189   243   126   265 0.73 # 525802 # 526614 # -1 # ID=9_372;partial=00;start_type=ATG;rbs_motif=None;rbs_spacer=None;gc_cont=0.367
ctg000002_P_171      -            438 19750at2157          -            617     0.026   11.9   0.1   1   2       1.3     8e+02   -2.9   0.4   546   585    85   124    22   151 0.53 # 278223 # 279536 # 1 # ID=3_171;partial=00;start_type=ATG;rbs_motif=AATAA;rbs_spacer=6bp;gc_cont=0.411
ctg000002_P_171      -            438 19750at2157          -            617     0.026   11.9   0.1   2   2   4.3e-05     0.026   11.9   0.1   265   287   215   237   202   242 0.87 # 278223 # 279536 # 1 # ID=3_171;partial=00;start_type=ATG;rbs_motif=AATAA;rbs_spacer=6bp;gc_cont=0.411
ctg000001_P_375      -            363 19750at2157          -            617     0.033   11.6   0.0   1   1   8.5e-05     0.051   10.9   0.0   263   287   124   148   118   152 0.90 # 562552 # 563640 # -1 # ID=2_375;partial=00;start_type=ATG;rbs_motif=None;rbs_spacer=None;gc_cont=0.380
#
# Program:         hmmsearch
# Version:         3.1b2 (February 2015)
# Pipeline mode:   SEARCH
# Query file:      /Users/dominiquefastus/DeNovoProj/BUSCO_ass/busco_downloads/lineages/archaea_odb10/hmms/19750at2157.hmm
# Target file:     /Users/dominiquefastus/DeNovoProj/BUSCO_ass/busco_out/prodigal_output/predicted_genes/predicted.faa
# Option settings: hmmsearch --domtblout /Users/dominiquefastus/DeNovoProj/BUSCO_ass/busco_out/auto_lineage/run_archaea_odb10/hmmer_output/19750at2157.out --cpu 1 /Users/dominiquefastus/DeNovoProj/BUSCO_ass/busco_downloads/lineages/archaea_odb10/hmms/19750at2157.hmm /Users/dominiquefastus/DeNovoProj/BUSCO_ass/busco_out/prodigal_output/predicted_genes/predicted.faa 
# Current dir:     /Users/dominiquefastus/DeNovoProj/BUSCO_ass
# Date:            Fri Feb 24 11:38:52 2023
# [ok]
