#                                                                            --- full sequence --- -------------- this domain -------------   hmm coord   ali coord   env coord
# target name        accession   tlen query name           accession   qlen   E-value  score  bias   #  of  c-Evalue  i-Evalue  score  bias  from    to  from    to  from    to  acc description of target
#------------------- ---------- ----- -------------------- ---------- ----- --------- ------ ----- --- --- --------- --------- ------ ----- ----- ----- ----- ----- ----- ----- ---- ---------------------
ctg000002_P_225      -            862 24257at2157          -            345   3.1e-38  130.3   3.4   1   3         1     2e+02   -0.5   0.1     3    27   298   325   296   328 0.85 # 340046 # 342631 # -1 # ID=3_225;partial=00;start_type=ATG;rbs_motif=AATAA;rbs_spacer=15bp;gc_cont=0.395
ctg000002_P_225      -            862 24257at2157          -            345   3.1e-38  130.3   3.4   2   3     7e-16   1.4e-13   49.3   0.0    29    68   347   386   345   398 0.94 # 340046 # 342631 # -1 # ID=3_225;partial=00;start_type=ATG;rbs_motif=AATAA;rbs_spacer=15bp;gc_cont=0.395
ctg000002_P_225      -            862 24257at2157          -            345   3.1e-38  130.3   3.4   3   3   3.2e-25   6.4e-23   80.0   0.2    76   189   414   530   407   557 0.87 # 340046 # 342631 # -1 # ID=3_225;partial=00;start_type=ATG;rbs_motif=AATAA;rbs_spacer=15bp;gc_cont=0.395
ctg000002_P_616      -            324 24257at2157          -            345   2.7e-32  110.8   0.1   1   1   2.5e-34     5e-32  109.9   0.1     2   206    10   229     9   232 0.81 # 949850 # 950821 # 1 # ID=3_616;partial=00;start_type=ATG;rbs_motif=AAAAA;rbs_spacer=10bp;gc_cont=0.395
ctg000008_P_470      -            341 24257at2157          -            345   2.2e-30  104.5   0.0   1   2   2.1e-32   4.1e-30  103.7   0.0     2   188    14   220    13   238 0.81 # 690287 # 691309 # -1 # ID=9_470;partial=00;start_type=ATG;rbs_motif=None;rbs_spacer=None;gc_cont=0.452
ctg000008_P_470      -            341 24257at2157          -            345   2.2e-30  104.5   0.0   2   2       9.5   1.9e+03   -3.8   0.0   303   327   272   296   262   302 0.74 # 690287 # 691309 # -1 # ID=9_470;partial=00;start_type=ATG;rbs_motif=None;rbs_spacer=None;gc_cont=0.452
ctg000006_P_254      -            742 24257at2157          -            345     3e-28   97.5   1.4   1   3     0.011       2.2    5.9   0.3     2    28   115   144   114   149 0.89 # 394350 # 396575 # -1 # ID=7_254;partial=00;start_type=ATG;rbs_motif=None;rbs_spacer=None;gc_cont=0.381
ctg000006_P_254      -            742 24257at2157          -            345     3e-28   97.5   1.4   2   3   6.4e-15   1.3e-12   46.1   0.0    28    67   176   215   172   262 0.83 # 394350 # 396575 # -1 # ID=7_254;partial=00;start_type=ATG;rbs_motif=None;rbs_spacer=None;gc_cont=0.381
ctg000006_P_254      -            742 24257at2157          -            345     3e-28   97.5   1.4   3   3   8.7e-14   1.7e-11   42.4   0.1   111   191   290   372   270   411 0.83 # 394350 # 396575 # -1 # ID=7_254;partial=00;start_type=ATG;rbs_motif=None;rbs_spacer=None;gc_cont=0.381
ctg000022_P_355      -            354 24257at2157          -            345   2.7e-27   94.4   0.0   1   2   4.6e-15   9.1e-13   46.6   0.0     2    66    26   102    25   116 0.84 # 586196 # 587257 # 1 # ID=17_355;partial=00;start_type=ATG;rbs_motif=None;rbs_spacer=None;gc_cont=0.388
ctg000022_P_355      -            354 24257at2157          -            345   2.7e-27   94.4   0.0   2   2   9.3e-15   1.8e-12   45.6   0.0    81   188   135   243   131   262 0.85 # 586196 # 587257 # 1 # ID=17_355;partial=00;start_type=ATG;rbs_motif=None;rbs_spacer=None;gc_cont=0.388
ctg000003_P_205      -           4911 24257at2157          -            345   6.7e-25   86.5   0.0   1   6      0.04         8    4.0   0.0    26    53   306   333   293   336 0.86 # 328841 # 343573 # -1 # ID=4_205;partial=00;start_type=ATG;rbs_motif=None;rbs_spacer=None;gc_cont=0.377
ctg000003_P_205      -           4911 24257at2157          -            345   6.7e-25   86.5   0.0   2   6   2.2e-05    0.0043   14.8   0.0    28    71   646   689   636   701 0.86 # 328841 # 343573 # -1 # ID=4_205;partial=00;start_type=ATG;rbs_motif=None;rbs_spacer=None;gc_cont=0.377
ctg000003_P_205      -           4911 24257at2157          -            345   6.7e-25   86.5   0.0   3   6    0.0048      0.95    7.1   0.0    28    82  1076  1130  1068  1132 0.87 # 328841 # 343573 # -1 # ID=4_205;partial=00;start_type=ATG;rbs_motif=None;rbs_spacer=None;gc_cont=0.377
ctg000003_P_205      -           4911 24257at2157          -            345   6.7e-25   86.5   0.0   4   6   8.4e-10   1.7e-07   29.3   0.0    27    75  1360  1408  1357  1416 0.89 # 328841 # 343573 # -1 # ID=4_205;partial=00;start_type=ATG;rbs_motif=None;rbs_spacer=None;gc_cont=0.377
ctg000003_P_205      -           4911 24257at2157          -            345   6.7e-25   86.5   0.0   5   6   7.5e-07   0.00015   19.6   0.0    24    64  1736  1776  1726  1787 0.87 # 328841 # 343573 # -1 # ID=4_205;partial=00;start_type=ATG;rbs_motif=None;rbs_spacer=None;gc_cont=0.377
ctg000003_P_205      -           4911 24257at2157          -            345   6.7e-25   86.5   0.0   6   6      0.21        42    1.7   0.0    27    53  2046  2072  2036  2086 0.79 # 328841 # 343573 # -1 # ID=4_205;partial=00;start_type=ATG;rbs_motif=None;rbs_spacer=None;gc_cont=0.377
ctg000003_P_33       -            838 24257at2157          -            345   3.4e-20   71.0   0.0   1   2   8.4e-13   1.7e-10   39.2   0.0    29   105   240   324   238   330 0.81 # 56272 # 58785 # -1 # ID=4_33;partial=00;start_type=ATG;rbs_motif=None;rbs_spacer=None;gc_cont=0.390
ctg000003_P_33       -            838 24257at2157          -            345   3.4e-20   71.0   0.0   2   2   1.1e-09   2.3e-07   28.9   0.0    31   106   570   653   565   657 0.76 # 56272 # 58785 # -1 # ID=4_33;partial=00;start_type=ATG;rbs_motif=None;rbs_spacer=None;gc_cont=0.390
ctg000000_P_166      -            836 24257at2157          -            345   9.1e-20   69.6   0.4   1   2     3e-13     6e-11   40.6   0.2    29   191   249   435   246   453 0.68 # 236596 # 239103 # -1 # ID=1_166;partial=00;start_type=ATG;rbs_motif=None;rbs_spacer=None;gc_cont=0.418
ctg000000_P_166      -            836 24257at2157          -            345   9.1e-20   69.6   0.4   2   2   9.1e-09   1.8e-06   25.9   0.0    29    97   522   596   518   607 0.75 # 236596 # 239103 # -1 # ID=1_166;partial=00;start_type=ATG;rbs_motif=None;rbs_spacer=None;gc_cont=0.418
ctg000003_P_588      -            781 24257at2157          -            345     4e-19   67.5   0.0   1   2   3.7e-10   7.3e-08   30.5   0.0    29    96   280   355   277   367 0.75 # 882449 # 884791 # -1 # ID=4_588;partial=00;start_type=ATG;rbs_motif=None;rbs_spacer=None;gc_cont=0.420
ctg000003_P_588      -            781 24257at2157          -            345     4e-19   67.5   0.0   2   2   2.8e-11   5.5e-09   34.2   0.0    28   108   550   638   541   647 0.82 # 882449 # 884791 # -1 # ID=4_588;partial=00;start_type=ATG;rbs_motif=None;rbs_spacer=None;gc_cont=0.420
ctg000007_P_268      -            355 24257at2157          -            345   3.3e-13   48.1   0.3   1   2   3.3e-05    0.0066   14.2   0.0     3    49     4    57     2    65 0.69 # 392930 # 393994 # -1 # ID=8_268;partial=00;start_type=ATG;rbs_motif=None;rbs_spacer=None;gc_cont=0.372
ctg000007_P_268      -            355 24257at2157          -            345   3.3e-13   48.1   0.3   2   2   3.9e-10   7.7e-08   30.4   1.1    80   191   135   248   127   253 0.90 # 392930 # 393994 # -1 # ID=8_268;partial=00;start_type=ATG;rbs_motif=None;rbs_spacer=None;gc_cont=0.372
ctg000000_P_853      -            429 24257at2157          -            345   1.3e-11   42.9   0.0   1   1   1.3e-13   2.5e-11   41.9   0.0    29   164   207   370   205   418 0.67 # 1242198 # 1243484 # 1 # ID=1_853;partial=00;start_type=ATG;rbs_motif=None;rbs_spacer=None;gc_cont=0.421
ctg000001_P_475      -            406 24257at2157          -            345   2.3e-11   42.0   0.2   1   2       5.9   1.2e+03   -3.1   0.1   105   143    74   112    70   116 0.78 # 694625 # 695842 # 1 # ID=2_475;partial=00;start_type=ATG;rbs_motif=None;rbs_spacer=None;gc_cont=0.405
ctg000001_P_475      -            406 24257at2157          -            345   2.3e-11   42.0   0.2   2   2   4.7e-13   9.3e-11   40.0   0.0    26   218   180   399   175   405 0.77 # 694625 # 695842 # 1 # ID=2_475;partial=00;start_type=ATG;rbs_motif=None;rbs_spacer=None;gc_cont=0.405
ctg000005_P_40       -            438 24257at2157          -            345   4.7e-10   37.7   0.0   1   1   4.3e-12   8.6e-10   36.8   0.0    30   108   168   254   165   271 0.79 # 60865 # 62178 # 1 # ID=6_40;partial=00;start_type=ATG;rbs_motif=None;rbs_spacer=None;gc_cont=0.427
ctg000002_P_171      -            438 24257at2157          -            345   9.9e-10   36.6   0.0   1   1   1.2e-11   2.4e-09   35.3   0.0    29   102   216   297   212   309 0.78 # 278223 # 279536 # 1 # ID=3_171;partial=00;start_type=ATG;rbs_motif=AATAA;rbs_spacer=6bp;gc_cont=0.411
ctg000009_P_373      -           4093 24257at2157          -            345   1.8e-08   32.4   0.0   1   3    0.0022      0.44    8.2   0.0    33    64  1794  1825  1785  1832 0.91 # 542795 # 555073 # -1 # ID=10_373;partial=00;start_type=ATG;rbs_motif=None;rbs_spacer=None;gc_cont=0.369
ctg000009_P_373      -           4093 24257at2157          -            345   1.8e-08   32.4   0.0   2   3     0.013       2.6    5.7   0.1    27    48  2066  2087  2055  2093 0.84 # 542795 # 555073 # -1 # ID=10_373;partial=00;start_type=ATG;rbs_motif=None;rbs_spacer=None;gc_cont=0.369
ctg000009_P_373      -           4093 24257at2157          -            345   1.8e-08   32.4   0.0   3   3   6.2e-05     0.012   13.3   0.0    27    73  2410  2457  2396  2465 0.86 # 542795 # 555073 # -1 # ID=10_373;partial=00;start_type=ATG;rbs_motif=None;rbs_spacer=None;gc_cont=0.369
ctg000009_P_46       -           1044 24257at2157          -            345   2.4e-08   32.1   0.0   1   2    0.0091       1.8    6.2   0.0    26    53   452   479   432   482 0.84 # 77884 # 81015 # -1 # ID=10_46;partial=00;start_type=ATG;rbs_motif=None;rbs_spacer=None;gc_cont=0.396
ctg000009_P_46       -           1044 24257at2157          -            345   2.4e-08   32.1   0.0   2   2   5.7e-08   1.1e-05   23.3   0.0    30    94   733   805   730   820 0.74 # 77884 # 81015 # -1 # ID=10_46;partial=00;start_type=ATG;rbs_motif=None;rbs_spacer=None;gc_cont=0.396
ctg000001_P_375      -            363 24257at2157          -            345   3.8e-08   31.4   0.0   1   2   5.1e-10     1e-07   30.0   0.0    30    92   128   198   124   215 0.71 # 562552 # 563640 # -1 # ID=2_375;partial=00;start_type=ATG;rbs_motif=None;rbs_spacer=None;gc_cont=0.380
ctg000001_P_375      -            363 24257at2157          -            345   3.8e-08   31.4   0.0   2   2       6.5   1.3e+03   -3.2   0.0   123   171   243   292   229   320 0.62 # 562552 # 563640 # -1 # ID=2_375;partial=00;start_type=ATG;rbs_motif=None;rbs_spacer=None;gc_cont=0.380
ctg000010_P_271      -            761 24257at2157          -            345   8.5e-08   30.3   0.0   1   1     1e-09     2e-07   29.1   0.0    30   100   322   400   316   404 0.81 # 386208 # 388490 # 1 # ID=11_271;partial=00;start_type=ATG;rbs_motif=None;rbs_spacer=None;gc_cont=0.432
ctg000000_P_823      -            457 24257at2157          -            345   8.7e-08   30.2   0.0   1   1   7.4e-10   1.5e-07   29.5   0.0    29    85   261   317   258   338 0.84 # 1205683 # 1207053 # -1 # ID=1_823;partial=00;start_type=ATG;rbs_motif=None;rbs_spacer=None;gc_cont=0.414
ctg000009_P_119      -            468 24257at2157          -            345   8.8e-08   30.2   0.0   1   1   1.1e-09   2.2e-07   28.9   0.0    29    93   244   316   242   330 0.79 # 181360 # 182763 # 1 # ID=10_119;partial=00;start_type=ATG;rbs_motif=None;rbs_spacer=None;gc_cont=0.415
ctg000002_P_322      -            792 24257at2157          -            345   1.1e-07   29.8   0.0   1   1   3.1e-09   6.1e-07   27.5   0.0     8   186   314   513   308   549 0.69 # 486840 # 489215 # 1 # ID=3_322;partial=00;start_type=ATG;rbs_motif=None;rbs_spacer=None;gc_cont=0.367
ctg000000_P_313      -            458 24257at2157          -            345   1.2e-07   29.8   0.0   1   1   1.4e-09   2.8e-07   28.6   0.0    29   105   237   324   234   331 0.79 # 438449 # 439822 # 1 # ID=1_313;partial=00;start_type=GTG;rbs_motif=None;rbs_spacer=None;gc_cont=0.387
ctg000010_P_229      -            899 24257at2157          -            345   1.4e-07   29.5   0.0   1   1   1.5e-09     3e-07   28.5   0.0    30   105   641   724   637   730 0.79 # 331514 # 334210 # 1 # ID=11_229;partial=00;start_type=ATG;rbs_motif=None;rbs_spacer=None;gc_cont=0.400
ctg000005_P_356      -            755 24257at2157          -            345   2.2e-07   28.9   0.0   1   1   2.8e-09   5.6e-07   27.6   0.0    30    91   506   575   502   591 0.77 # 524780 # 527044 # -1 # ID=6_356;partial=00;start_type=ATG;rbs_motif=AAAAAA;rbs_spacer=10bp;gc_cont=0.396
ctg000005_P_226      -            748 24257at2157          -            345   2.9e-07   28.5   0.0   1   1     3e-09   5.9e-07   27.5   0.0    29    95   315   389   312   402 0.77 # 330049 # 332292 # -1 # ID=6_226;partial=00;start_type=ATG;rbs_motif=None;rbs_spacer=None;gc_cont=0.429
ctg000007_P_284      -            759 24257at2157          -            345   5.1e-07   27.7   0.6   1   3   7.5e-05     0.015   13.0   0.2    29    48   275   294   271   301 0.86 # 416869 # 419145 # 1 # ID=8_284;partial=00;start_type=ATG;rbs_motif=None;rbs_spacer=None;gc_cont=0.384
ctg000007_P_284      -            759 24257at2157          -            345   5.1e-07   27.7   0.6   2   3         1   2.1e+02   -0.6   0.0    76    94   339   357   327   363 0.75 # 416869 # 419145 # 1 # ID=8_284;partial=00;start_type=ATG;rbs_motif=None;rbs_spacer=None;gc_cont=0.384
ctg000007_P_284      -            759 24257at2157          -            345   5.1e-07   27.7   0.6   3   3   0.00032     0.064   10.9   0.0    30    59   559   588   547   590 0.92 # 416869 # 419145 # 1 # ID=8_284;partial=00;start_type=ATG;rbs_motif=None;rbs_spacer=None;gc_cont=0.384
ctg000008_P_512      -           1051 24257at2157          -            345   7.4e-07   27.2   0.0   1   2       4.2   8.3e+02   -2.6   0.0    35    62   503   530   495   544 0.74 # 754834 # 757986 # 1 # ID=9_512;partial=00;start_type=GTG;rbs_motif=AACAA;rbs_spacer=9bp;gc_cont=0.389
ctg000008_P_512      -           1051 24257at2157          -            345   7.4e-07   27.2   0.0   2   2   1.3e-08   2.5e-06   25.4   0.0    28    95   785   860   781   875 0.74 # 754834 # 757986 # 1 # ID=9_512;partial=00;start_type=GTG;rbs_motif=AACAA;rbs_spacer=9bp;gc_cont=0.389
ctg000002_P_351      -            435 24257at2157          -            345   1.5e-06   26.1   0.0   1   1   2.1e-08   4.2e-06   24.7   0.0    28    93   215   288   196   310 0.76 # 540082 # 541386 # -1 # ID=3_351;partial=00;start_type=ATG;rbs_motif=None;rbs_spacer=None;gc_cont=0.411
ctg000006_P_271      -            826 24257at2157          -            345   1.8e-06   25.9   0.0   1   1   2.6e-08   5.2e-06   24.4   0.0    29   103   382   464   344   479 0.78 # 417456 # 419933 # -1 # ID=7_271;partial=00;start_type=ATG;rbs_motif=None;rbs_spacer=None;gc_cont=0.404
ctg000001_P_40       -           1380 24257at2157          -            345   3.4e-06   25.0   0.0   1   2   3.1e-06   0.00061   17.6   0.0    29    53   448   472   443   475 0.88 # 65856 # 69995 # -1 # ID=2_40;partial=00;start_type=ATG;rbs_motif=None;rbs_spacer=None;gc_cont=0.384
ctg000001_P_40       -           1380 24257at2157          -            345   3.4e-06   25.0   0.0   2   2     0.021       4.1    5.0   0.0    70    95   502   527   495   542 0.78 # 65856 # 69995 # -1 # ID=2_40;partial=00;start_type=ATG;rbs_motif=None;rbs_spacer=None;gc_cont=0.384
ctg000008_P_383      -            588 24257at2157          -            345   3.6e-06   24.9   0.1   1   2   7.1e-06    0.0014   16.4   0.0    29    52   171   194   133   206 0.70 # 537544 # 539307 # -1 # ID=9_383;partial=00;start_type=ATG;rbs_motif=None;rbs_spacer=None;gc_cont=0.398
ctg000008_P_383      -            588 24257at2157          -            345   3.6e-06   24.9   0.1   2   2     0.012       2.4    5.7   0.1   161   206   333   376   313   391 0.78 # 537544 # 539307 # -1 # ID=9_383;partial=00;start_type=ATG;rbs_motif=None;rbs_spacer=None;gc_cont=0.398
ctg000010_P_35       -            660 24257at2157          -            345   6.8e-06   24.0   0.1   1   2      0.14        28    2.3   0.0    26    48   100   122    65   126 0.82 # 46157 # 48136 # -1 # ID=11_35;partial=00;start_type=ATG;rbs_motif=None;rbs_spacer=None;gc_cont=0.383
ctg000010_P_35       -            660 24257at2157          -            345   6.8e-06   24.0   0.1   2   2   9.8e-07   0.00019   19.2   0.1   129   217   259   355   249   374 0.72 # 46157 # 48136 # -1 # ID=11_35;partial=00;start_type=ATG;rbs_motif=None;rbs_spacer=None;gc_cont=0.383
ctg000007_P_153      -            537 24257at2157          -            345   8.3e-05   20.4   0.0   1   1   7.6e-07   0.00015   19.6   0.0    26    52   305   331   292   337 0.80 # 217444 # 219054 # -1 # ID=8_153;partial=00;start_type=ATG;rbs_motif=AATAA;rbs_spacer=4bp;gc_cont=0.362
ctg000007_P_100      -            521 24257at2157          -            345   0.00029   18.7   0.2   1   2   7.7e-05     0.015   13.0   0.0    28    55   133   160   126   173 0.89 # 138626 # 140188 # 1 # ID=8_100;partial=00;start_type=ATG;rbs_motif=None;rbs_spacer=None;gc_cont=0.378
ctg000007_P_100      -            521 24257at2157          -            345   0.00029   18.7   0.2   2   2     0.078        15    3.1   0.1    79   101   198   220   190   235 0.83 # 138626 # 140188 # 1 # ID=8_100;partial=00;start_type=ATG;rbs_motif=None;rbs_spacer=None;gc_cont=0.378
ctg000024_P_13       -            521 24257at2157          -            345   0.00029   18.7   0.2   1   2   7.7e-05     0.015   13.0   0.0    28    55   133   160   126   173 0.89 # 16800 # 18362 # 1 # ID=19_13;partial=00;start_type=ATG;rbs_motif=None;rbs_spacer=None;gc_cont=0.378
ctg000024_P_13       -            521 24257at2157          -            345   0.00029   18.7   0.2   2   2     0.078        15    3.1   0.1    79   101   198   220   190   235 0.83 # 16800 # 18362 # 1 # ID=19_13;partial=00;start_type=ATG;rbs_motif=None;rbs_spacer=None;gc_cont=0.378
ctg000007_P_437      -           1134 24257at2157          -            345   0.00068   17.4   0.0   1   2   0.00017     0.034   11.8   0.0    27    53   624   650   615   655 0.85 # 625948 # 629349 # 1 # ID=8_437;partial=00;start_type=ATG;rbs_motif=None;rbs_spacer=None;gc_cont=0.407
ctg000007_P_437      -           1134 24257at2157          -            345   0.00068   17.4   0.0   2   2       0.1        20    2.7   0.0    77    96   690   709   680   729 0.69 # 625948 # 629349 # 1 # ID=8_437;partial=00;start_type=ATG;rbs_motif=None;rbs_spacer=None;gc_cont=0.407
ctg000000_P_439      -            609 24257at2157          -            345    0.0052   14.5   0.2   1   2      0.08        16    3.1   0.2    31    51   106   126   103   130 0.87 # 613764 # 615590 # -1 # ID=1_439;partial=00;start_type=ATG;rbs_motif=None;rbs_spacer=None;gc_cont=0.374
ctg000000_P_439      -            609 24257at2157          -            345    0.0052   14.5   0.2   2   2    0.0012      0.23    9.1   0.0    26    51   376   401   371   406 0.87 # 613764 # 615590 # -1 # ID=1_439;partial=00;start_type=ATG;rbs_motif=None;rbs_spacer=None;gc_cont=0.374
ctg000000_P_650      -            812 24257at2157          -            345    0.0054   14.5   1.4   1   4     0.065        13    3.4   0.0    28    51   136   159   116   162 0.77 # 952324 # 954759 # -1 # ID=1_650;partial=00;start_type=ATG;rbs_motif=None;rbs_spacer=None;gc_cont=0.388
ctg000000_P_650      -            812 24257at2157          -            345    0.0054   14.5   1.4   2   4       1.8   3.6e+02   -1.4   0.0    69   107   198   236   194   240 0.74 # 952324 # 954759 # -1 # ID=1_650;partial=00;start_type=ATG;rbs_motif=None;rbs_spacer=None;gc_cont=0.388
ctg000000_P_650      -            812 24257at2157          -            345    0.0054   14.5   1.4   3   4       4.3   8.5e+02   -2.6   0.2   203   257   377   431   349   434 0.72 # 952324 # 954759 # -1 # ID=1_650;partial=00;start_type=ATG;rbs_motif=None;rbs_spacer=None;gc_cont=0.388
ctg000000_P_650      -            812 24257at2157          -            345    0.0054   14.5   1.4   4   4    0.0028      0.55    7.9   0.0    31    50   537   556   504   580 0.85 # 952324 # 954759 # -1 # ID=1_650;partial=00;start_type=ATG;rbs_motif=None;rbs_spacer=None;gc_cont=0.388
ctg000000_P_563      -            464 24257at2157          -            345     0.019   12.7   0.1   1   1   0.00018     0.037   11.7   0.1    28    53    72    97    63   100 0.89 # 821117 # 822508 # -1 # ID=1_563;partial=00;start_type=ATG;rbs_motif=AATAA;rbs_spacer=10bp;gc_cont=0.406
ctg000010_P_32       -           1122 24257at2157          -            345     0.023   12.4   0.0   1   1   0.00022     0.044   11.5   0.0    15    46   650   681   647   687 0.90 # 39381 # 42746 # -1 # ID=11_32;partial=00;start_type=ATG;rbs_motif=None;rbs_spacer=None;gc_cont=0.395
ctg000009_P_377      -            396 24257at2157          -            345     0.025   12.3   0.0   1   2       1.1   2.2e+02   -0.7   0.0    21    49    52    80    47    83 0.81 # 562135 # 563322 # 1 # ID=10_377;partial=00;start_type=ATG;rbs_motif=None;rbs_spacer=None;gc_cont=0.404
ctg000009_P_377      -            396 24257at2157          -            345     0.025   12.3   0.0   2   2   0.00066      0.13    9.9   0.0    68   123   152   207   148   222 0.88 # 562135 # 563322 # 1 # ID=10_377;partial=00;start_type=ATG;rbs_motif=None;rbs_spacer=None;gc_cont=0.404
ctg000022_P_109      -            396 24257at2157          -            345     0.025   12.3   0.0   1   2       1.1   2.2e+02   -0.7   0.0    21    49    52    80    47    83 0.81 # 165605 # 166792 # -1 # ID=17_109;partial=00;start_type=ATG;rbs_motif=AATAA;rbs_spacer=14bp;gc_cont=0.405
ctg000022_P_109      -            396 24257at2157          -            345     0.025   12.3   0.0   2   2   0.00066      0.13    9.9   0.0    68   123   152   207   148   222 0.88 # 165605 # 166792 # -1 # ID=17_109;partial=00;start_type=ATG;rbs_motif=AATAA;rbs_spacer=14bp;gc_cont=0.405
#
# Program:         hmmsearch
# Version:         3.1b2 (February 2015)
# Pipeline mode:   SEARCH
# Query file:      /Users/dominiquefastus/DeNovoProj/BUSCO_ass/busco_downloads/lineages/archaea_odb10/hmms/24257at2157.hmm
# Target file:     /Users/dominiquefastus/DeNovoProj/BUSCO_ass/busco_out/prodigal_output/predicted_genes/predicted.faa
# Option settings: hmmsearch --domtblout /Users/dominiquefastus/DeNovoProj/BUSCO_ass/busco_out/auto_lineage/run_archaea_odb10/hmmer_output/24257at2157.out --cpu 1 /Users/dominiquefastus/DeNovoProj/BUSCO_ass/busco_downloads/lineages/archaea_odb10/hmms/24257at2157.hmm /Users/dominiquefastus/DeNovoProj/BUSCO_ass/busco_out/prodigal_output/predicted_genes/predicted.faa 
# Current dir:     /Users/dominiquefastus/DeNovoProj/BUSCO_ass
# Date:            Fri Feb 24 11:38:56 2023
# [ok]
