#                                                                            --- full sequence --- -------------- this domain -------------   hmm coord   ali coord   env coord
# target name        accession   tlen query name           accession   qlen   E-value  score  bias   #  of  c-Evalue  i-Evalue  score  bias  from    to  from    to  from    to  acc description of target
#------------------- ---------- ----- -------------------- ---------- ----- --------- ------ ----- --- --- --------- --------- ------ ----- ----- ----- ----- ----- ----- ----- ---- ---------------------
ctg000006_P_547      -            511 37299at2157          -            410   3.1e-99  331.2   0.0   1   1  7.2e-102   8.5e-99  329.8   0.0     4   405     1   472     1   476 0.80 # 843148 # 844680 # -1 # ID=7_547;partial=00;start_type=ATG;rbs_motif=None;rbs_spacer=None;gc_cont=0.399
ctg000009_P_165      -            718 37299at2157          -            410   7.5e-08   30.3   0.0   1   2      0.15   1.8e+02   -0.6   0.0    12    36    20    44     2    59 0.83 # 250367 # 252520 # -1 # ID=10_165;partial=00;start_type=ATG;rbs_motif=None;rbs_spacer=None;gc_cont=0.389
ctg000009_P_165      -            718 37299at2157          -            410   7.5e-08   30.3   0.0   2   2   3.2e-10   3.9e-07   27.9   0.0    46   157    78   205    66   219 0.70 # 250367 # 252520 # -1 # ID=10_165;partial=00;start_type=ATG;rbs_motif=None;rbs_spacer=None;gc_cont=0.389
ctg000006_P_266      -            721 37299at2157          -            410   4.1e-06   24.5   0.0   1   1   6.2e-09   7.4e-06   23.7   0.0    46   162    78   210    68   230 0.73 # 408475 # 410637 # 1 # ID=7_266;partial=00;start_type=ATG;rbs_motif=None;rbs_spacer=None;gc_cont=0.402
ctg000005_P_83       -            573 37299at2157          -            410   2.2e-05   22.1   0.0   1   1   3.2e-08   3.8e-05   21.4   0.0    48   193    42   187     2   194 0.76 # 118433 # 120151 # -1 # ID=6_83;partial=00;start_type=ATG;rbs_motif=None;rbs_spacer=None;gc_cont=0.439
ctg000006_P_50       -            526 37299at2157          -            410   4.1e-05   21.2   0.0   1   1   5.6e-08   6.7e-05   20.5   0.0    65   167    76   176    69   196 0.76 # 74996 # 76573 # 1 # ID=7_50;partial=00;start_type=ATG;rbs_motif=None;rbs_spacer=None;gc_cont=0.373
ctg000001_P_239      -            573 37299at2157          -            410   4.4e-05   21.2   0.0   1   1   5.9e-08   7.1e-05   20.5   0.0    44   194    38   188     1   194 0.75 # 358557 # 360275 # -1 # ID=2_239;partial=00;start_type=ATG;rbs_motif=None;rbs_spacer=None;gc_cont=0.437
ctg000008_P_351      -            358 37299at2157          -            410   0.00013   19.6   0.0   1   1   1.6e-07   0.00019   19.1   0.0    41    99    82   139    70   150 0.81 # 496040 # 497113 # -1 # ID=9_351;partial=00;start_type=ATG;rbs_motif=None;rbs_spacer=None;gc_cont=0.420
#
# Program:         hmmsearch
# Version:         3.1b2 (February 2015)
# Pipeline mode:   SEARCH
# Query file:      /Users/dominiquefastus/DeNovoProj/BUSCO_ass/busco_downloads/lineages/archaea_odb10/hmms/37299at2157.hmm
# Target file:     /Users/dominiquefastus/DeNovoProj/BUSCO_ass/busco_out/prodigal_output/predicted_genes/predicted.faa
# Option settings: hmmsearch --domtblout /Users/dominiquefastus/DeNovoProj/BUSCO_ass/busco_out/auto_lineage/run_archaea_odb10/hmmer_output/37299at2157.out --cpu 1 /Users/dominiquefastus/DeNovoProj/BUSCO_ass/busco_downloads/lineages/archaea_odb10/hmms/37299at2157.hmm /Users/dominiquefastus/DeNovoProj/BUSCO_ass/busco_out/prodigal_output/predicted_genes/predicted.faa 
# Current dir:     /Users/dominiquefastus/DeNovoProj/BUSCO_ass
# Date:            Fri Feb 24 11:39:03 2023
# [ok]
