#                                                                            --- full sequence --- -------------- this domain -------------   hmm coord   ali coord   env coord
# target name        accession   tlen query name           accession   qlen   E-value  score  bias   #  of  c-Evalue  i-Evalue  score  bias  from    to  from    to  from    to  acc description of target
#------------------- ---------- ----- -------------------- ---------- ----- --------- ------ ----- --- --- --------- --------- ------ ----- ----- ----- ----- ----- ----- ----- ---- ---------------------
ctg000011_P_334      -            321 59314at2157          -            196   6.7e-27   93.0   1.9   1   2   3.5e-12   4.9e-09   34.7   0.0    29    91    82   148    64   154 0.80 # 485063 # 486025 # 1 # ID=12_334;partial=00;start_type=ATG;rbs_motif=None;rbs_spacer=None;gc_cont=0.390
ctg000011_P_334      -            321 59314at2157          -            196   6.7e-27   93.0   1.9   2   2   3.8e-19   5.2e-16   57.5   0.7    79   189   156   279   148   283 0.86 # 485063 # 486025 # 1 # ID=12_334;partial=00;start_type=ATG;rbs_motif=None;rbs_spacer=None;gc_cont=0.390
ctg000010_P_137      -            319 59314at2157          -            196   1.3e-26   92.0   0.2   1   2   2.4e-12   3.3e-09   35.3   0.0    28    83    82   141    69   160 0.81 # 219020 # 219976 # 1 # ID=11_137;partial=00;start_type=ATG;rbs_motif=None;rbs_spacer=None;gc_cont=0.411
ctg000010_P_137      -            319 59314at2157          -            196   1.3e-26   92.0   0.2   2   2   2.3e-18   3.2e-15   54.9   0.1    86   192   164   283   153   287 0.84 # 219020 # 219976 # 1 # ID=11_137;partial=00;start_type=ATG;rbs_motif=None;rbs_spacer=None;gc_cont=0.411
ctg000007_P_500      -            355 59314at2157          -            196   4.2e-26   90.4   1.2   1   2   6.5e-13     9e-10   37.1   0.1    30    95   120   189   106   199 0.80 # 713829 # 714893 # -1 # ID=8_500;partial=00;start_type=ATG;rbs_motif=None;rbs_spacer=None;gc_cont=0.392
ctg000007_P_500      -            355 59314at2157          -            196   4.2e-26   90.4   1.2   2   2   1.6e-17   2.3e-14   52.1   0.2    89   192   203   319   191   323 0.85 # 713829 # 714893 # -1 # ID=8_500;partial=00;start_type=ATG;rbs_motif=None;rbs_spacer=None;gc_cont=0.392
ctg000002_P_577      -            495 59314at2157          -            196   1.5e-16   59.3   3.5   1   4   9.2e-07    0.0013   17.0   0.0    27    48    77    98    61   112 0.76 # 878670 # 880154 # -1 # ID=3_577;partial=00;start_type=ATG;rbs_motif=None;rbs_spacer=None;gc_cont=0.432
ctg000002_P_577      -            495 59314at2157          -            196   1.5e-16   59.3   3.5   2   4      0.52   7.3e+02   -1.7   0.0    63    79   229   245   222   267 0.73 # 878670 # 880154 # -1 # ID=3_577;partial=00;start_type=ATG;rbs_motif=None;rbs_spacer=None;gc_cont=0.432
ctg000002_P_577      -            495 59314at2157          -            196   1.5e-16   59.3   3.5   3   4   1.6e-05     0.023   13.0   0.0    82   123   269   311   254   320 0.88 # 878670 # 880154 # -1 # ID=3_577;partial=00;start_type=ATG;rbs_motif=None;rbs_spacer=None;gc_cont=0.432
ctg000002_P_577      -            495 59314at2157          -            196   1.5e-16   59.3   3.5   4   4   5.9e-10   8.2e-07   27.5   0.3   124   189   379   452   349   457 0.84 # 878670 # 880154 # -1 # ID=3_577;partial=00;start_type=ATG;rbs_motif=None;rbs_spacer=None;gc_cont=0.432
ctg000009_P_67       -            428 59314at2157          -            196   1.2e-14   53.0   0.3   1   3   9.7e-08   0.00013   20.2   0.0    23    96    69   150    31   171 0.82 # 114479 # 115762 # 1 # ID=10_67;partial=00;start_type=ATG;rbs_motif=None;rbs_spacer=None;gc_cont=0.417
ctg000009_P_67       -            428 59314at2157          -            196   1.2e-14   53.0   0.3   2   3      0.28   3.9e+02   -0.8   0.0    83   111   158   186   153   213 0.75 # 114479 # 115762 # 1 # ID=10_67;partial=00;start_type=ATG;rbs_motif=None;rbs_spacer=None;gc_cont=0.417
ctg000009_P_67       -            428 59314at2157          -            196   1.2e-14   53.0   0.3   3   3     2e-10   2.8e-07   29.0   0.0   129   191   314   386   306   390 0.85 # 114479 # 115762 # 1 # ID=10_67;partial=00;start_type=ATG;rbs_motif=None;rbs_spacer=None;gc_cont=0.417
ctg000006_P_137      -            188 59314at2157          -            196     0.027   12.7   0.0   1   1   2.7e-05     0.038   12.2   0.0   132   155   121   144   109   150 0.84 # 212327 # 212890 # 1 # ID=7_137;partial=00;start_type=ATG;rbs_motif=None;rbs_spacer=None;gc_cont=0.420
#
# Program:         hmmsearch
# Version:         3.1b2 (February 2015)
# Pipeline mode:   SEARCH
# Query file:      /Users/dominiquefastus/DeNovoProj/BUSCO_ass/busco_downloads/lineages/archaea_odb10/hmms/59314at2157.hmm
# Target file:     /Users/dominiquefastus/DeNovoProj/BUSCO_ass/busco_out/prodigal_output/predicted_genes/predicted.faa
# Option settings: hmmsearch --domtblout /Users/dominiquefastus/DeNovoProj/BUSCO_ass/busco_out/auto_lineage/run_archaea_odb10/hmmer_output/59314at2157.out --cpu 1 /Users/dominiquefastus/DeNovoProj/BUSCO_ass/busco_downloads/lineages/archaea_odb10/hmms/59314at2157.hmm /Users/dominiquefastus/DeNovoProj/BUSCO_ass/busco_out/prodigal_output/predicted_genes/predicted.faa 
# Current dir:     /Users/dominiquefastus/DeNovoProj/BUSCO_ass
# Date:            Fri Feb 24 11:39:11 2023
# [ok]
