#                                                                            --- full sequence --- -------------- this domain -------------   hmm coord   ali coord   env coord
# target name        accession   tlen query name           accession   qlen   E-value  score  bias   #  of  c-Evalue  i-Evalue  score  bias  from    to  from    to  from    to  acc description of target
#------------------- ---------- ----- -------------------- ---------- ----- --------- ------ ----- --- --- --------- --------- ------ ----- ----- ----- ----- ----- ----- ----- ---- ---------------------
ctg000005_P_381      -            648 66209at2157          -            266   2.5e-67  225.6   0.0   1   3   4.9e-70   2.5e-67  225.6   0.0    21   253    40   292     7   301 0.89 # 569886 # 571829 # -1 # ID=6_381;partial=00;start_type=ATG;rbs_motif=None;rbs_spacer=None;gc_cont=0.406
ctg000005_P_381      -            648 66209at2157          -            266   2.5e-67  225.6   0.0   2   3       3.1   1.6e+03   -3.2   0.1   113   132   343   362   318   390 0.55 # 569886 # 571829 # -1 # ID=6_381;partial=00;start_type=ATG;rbs_motif=None;rbs_spacer=None;gc_cont=0.406
ctg000005_P_381      -            648 66209at2157          -            266   2.5e-67  225.6   0.0   3   3       2.1   1.1e+03   -2.7   0.3    90   126   515   550   478   561 0.54 # 569886 # 571829 # -1 # ID=6_381;partial=00;start_type=ATG;rbs_motif=None;rbs_spacer=None;gc_cont=0.406
ctg000001_P_164      -            369 66209at2157          -            266     1e-15   56.5   0.1   1   2     5e-18   2.6e-15   55.1   0.0   138   228    63   155    56   175 0.82 # 252406 # 253512 # -1 # ID=2_164;partial=00;start_type=ATG;rbs_motif=AACAA;rbs_spacer=10bp;gc_cont=0.402
ctg000001_P_164      -            369 66209at2157          -            266     1e-15   56.5   0.1   2   2         2     1e+03   -2.6   0.0   238   256   239   257   228   264 0.74 # 252406 # 253512 # -1 # ID=2_164;partial=00;start_type=ATG;rbs_motif=AACAA;rbs_spacer=10bp;gc_cont=0.402
ctg000014_P_68       -            370 66209at2157          -            266   6.4e-11   40.7   0.1   1   2     4e-13   2.1e-10   39.0   0.0   144   223    71   152    60   165 0.80 # 81775 # 82884 # -1 # ID=15_68;partial=00;start_type=ATG;rbs_motif=None;rbs_spacer=None;gc_cont=0.436
ctg000014_P_68       -            370 66209at2157          -            266   6.4e-11   40.7   0.1   2   2         2     1e+03   -2.6   0.0   239   253   240   254   220   262 0.75 # 81775 # 82884 # -1 # ID=15_68;partial=00;start_type=ATG;rbs_motif=None;rbs_spacer=None;gc_cont=0.436
ctg000011_P_89       -            519 66209at2157          -            266   1.1e-10   40.0   0.2   1   1   8.1e-13   4.2e-10   38.0   0.2   145   264   346   475   340   477 0.74 # 121121 # 122677 # -1 # ID=12_89;partial=00;start_type=ATG;rbs_motif=None;rbs_spacer=None;gc_cont=0.424
ctg000006_P_198      -            527 66209at2157          -            266   1.4e-08   33.0   0.7   1   1   4.8e-11   2.5e-08   32.2   0.7   109   255   242   400   211   410 0.73 # 302828 # 304408 # -1 # ID=7_198;partial=00;start_type=ATG;rbs_motif=AATAA;rbs_spacer=11bp;gc_cont=0.380
ctg000001_P_123      -            412 66209at2157          -            266   2.5e-06   25.7   0.4   1   2   1.6e-08   8.4e-06   23.9   0.1   137   172     3    38     1    41 0.93 # 182627 # 183862 # 1 # ID=2_123;partial=00;start_type=ATG;rbs_motif=None;rbs_spacer=None;gc_cont=0.464
ctg000001_P_123      -            412 66209at2157          -            266   2.5e-06   25.7   0.4   2   2      0.77     4e+02   -1.2   0.0    47   104   211   270   200   308 0.75 # 182627 # 183862 # 1 # ID=2_123;partial=00;start_type=ATG;rbs_motif=None;rbs_spacer=None;gc_cont=0.464
ctg000008_P_38       -            211 66209at2157          -            266   9.1e-06   23.8   0.0   1   1   2.2e-08   1.1e-05   23.5   0.0   130   195    29    98    19   140 0.74 # 55849 # 56481 # 1 # ID=9_38;partial=00;start_type=TTG;rbs_motif=None;rbs_spacer=None;gc_cont=0.401
ctg000010_P_290      -            521 66209at2157          -            266    0.0001   20.4   0.3   1   2      0.72   3.7e+02   -1.1   0.0   213   252   175   216   161   218 0.66 # 413698 # 415260 # -1 # ID=11_290;partial=00;start_type=ATG;rbs_motif=None;rbs_spacer=None;gc_cont=0.397
ctg000010_P_290      -            521 66209at2157          -            266    0.0001   20.4   0.3   2   2   1.6e-06   0.00084   17.4   0.1   137   212   279   362   249   378 0.74 # 413698 # 415260 # -1 # ID=11_290;partial=00;start_type=ATG;rbs_motif=None;rbs_spacer=None;gc_cont=0.397
ctg000011_P_338      -            406 66209at2157          -            266   0.00012   20.1   0.7   1   2   4.9e-07   0.00026   19.1   0.1   135   172    14    51    10    56 0.88 # 489368 # 490585 # 1 # ID=12_338;partial=00;start_type=ATG;rbs_motif=AATAA;rbs_spacer=6bp;gc_cont=0.377
ctg000011_P_338      -            406 66209at2157          -            266   0.00012   20.1   0.7   2   2         2   1.1e+03   -2.6   0.1   116   131   150   165   141   182 0.61 # 489368 # 490585 # 1 # ID=12_338;partial=00;start_type=ATG;rbs_motif=AATAA;rbs_spacer=6bp;gc_cont=0.377
ctg000006_P_280      -            368 66209at2157          -            266   0.00032   18.8   0.0   1   2   3.7e-06    0.0019   16.2   0.0   139   158   151   170   123   179 0.83 # 431276 # 432379 # -1 # ID=7_280;partial=00;start_type=ATG;rbs_motif=None;rbs_spacer=None;gc_cont=0.368
ctg000006_P_280      -            368 66209at2157          -            266   0.00032   18.8   0.0   2   2      0.48   2.5e+02   -0.5   0.0   181   191   215   225   213   227 0.88 # 431276 # 432379 # -1 # ID=7_280;partial=00;start_type=ATG;rbs_motif=None;rbs_spacer=None;gc_cont=0.368
ctg000001_P_545      -            641 66209at2157          -            266    0.0016   16.5   0.0   1   1   6.7e-06    0.0035   15.4   0.0   142   191   340   391   267   398 0.83 # 789361 # 791283 # -1 # ID=2_545;partial=00;start_type=ATG;rbs_motif=None;rbs_spacer=None;gc_cont=0.389
ctg000003_P_489      -            133 66209at2157          -            266    0.0038   15.2   0.2   1   2    0.0098       5.1    5.0   0.0    11    70     9    68     2    85 0.83 # 730298 # 730696 # -1 # ID=4_489;partial=00;start_type=TTG;rbs_motif=None;rbs_spacer=None;gc_cont=0.378
ctg000003_P_489      -            133 66209at2157          -            266    0.0038   15.2   0.2   2   2   0.00011      0.06   11.3   0.1    23    85    55   117    38   129 0.69 # 730298 # 730696 # -1 # ID=4_489;partial=00;start_type=TTG;rbs_motif=None;rbs_spacer=None;gc_cont=0.378
ctg000007_P_366      -            395 66209at2157          -            266    0.0066   14.5   0.1   1   2   3.4e-05     0.018   13.0   0.0   143   172    25    55    19    57 0.87 # 525874 # 527058 # 1 # ID=8_366;partial=00;start_type=ATG;rbs_motif=AATAA;rbs_spacer=15bp;gc_cont=0.397
ctg000007_P_366      -            395 66209at2157          -            266    0.0066   14.5   0.1   2   2       4.9   2.6e+03   -3.9   0.0   123   142   280   298   277   299 0.76 # 525874 # 527058 # 1 # ID=8_366;partial=00;start_type=ATG;rbs_motif=AATAA;rbs_spacer=15bp;gc_cont=0.397
ctg000009_P_109      -            245 66209at2157          -            266     0.023   12.7   1.1   1   2   7.4e-05     0.038   11.9   0.2   135   161    35    61    12    68 0.80 # 168748 # 169482 # 1 # ID=10_109;partial=00;start_type=ATG;rbs_motif=None;rbs_spacer=None;gc_cont=0.374
ctg000009_P_109      -            245 66209at2157          -            266     0.023   12.7   1.1   2   2       1.3   6.9e+02   -2.0   0.0   104   117   179   192   160   213 0.51 # 168748 # 169482 # 1 # ID=10_109;partial=00;start_type=ATG;rbs_motif=None;rbs_spacer=None;gc_cont=0.374
ctg000000_P_759      -            315 66209at2157          -            266     0.034   12.1   0.1   1   1    0.0002       0.1   10.5   0.1   135   162   131   157   127   259 0.89 # 1125608 # 1126552 # 1 # ID=1_759;partial=00;start_type=ATG;rbs_motif=None;rbs_spacer=None;gc_cont=0.367
ctg000006_P_89       -            919 66209at2157          -            266     0.082   10.9   4.5   1   2   5.1e-05     0.027   12.5   0.6    26   158   367   496   358   510 0.74 # 137289 # 140045 # 1 # ID=7_89;partial=00;start_type=ATG;rbs_motif=None;rbs_spacer=None;gc_cont=0.371
ctg000006_P_89       -            919 66209at2157          -            266     0.082   10.9   4.5   2   2       1.3   6.6e+02   -1.9   0.2    70   103   685   718   680   725 0.84 # 137289 # 140045 # 1 # ID=7_89;partial=00;start_type=ATG;rbs_motif=None;rbs_spacer=None;gc_cont=0.371
#
# Program:         hmmsearch
# Version:         3.1b2 (February 2015)
# Pipeline mode:   SEARCH
# Query file:      /Users/dominiquefastus/DeNovoProj/BUSCO_ass/busco_downloads/lineages/archaea_odb10/hmms/66209at2157.hmm
# Target file:     /Users/dominiquefastus/DeNovoProj/BUSCO_ass/busco_out/prodigal_output/predicted_genes/predicted.faa
# Option settings: hmmsearch --domtblout /Users/dominiquefastus/DeNovoProj/BUSCO_ass/busco_out/auto_lineage/run_archaea_odb10/hmmer_output/66209at2157.out --cpu 1 /Users/dominiquefastus/DeNovoProj/BUSCO_ass/busco_downloads/lineages/archaea_odb10/hmms/66209at2157.hmm /Users/dominiquefastus/DeNovoProj/BUSCO_ass/busco_out/prodigal_output/predicted_genes/predicted.faa 
# Current dir:     /Users/dominiquefastus/DeNovoProj/BUSCO_ass
# Date:            Fri Feb 24 11:39:15 2023
# [ok]
