#                                                                            --- full sequence --- -------------- this domain -------------   hmm coord   ali coord   env coord
# target name        accession   tlen query name           accession   qlen   E-value  score  bias   #  of  c-Evalue  i-Evalue  score  bias  from    to  from    to  from    to  acc description of target
#------------------- ---------- ----- -------------------- ---------- ----- --------- ------ ----- --- --- --------- --------- ------ ----- ----- ----- ----- ----- ----- ----- ---- ---------------------
ctg000007_P_455      -            382 99842at2157          -            124    0.0045   15.8   4.5   1   4     0.016        44    2.9   0.0    37    57    53    73    38   111 0.77 # 645896 # 647041 # -1 # ID=8_455;partial=00;start_type=ATG;rbs_motif=None;rbs_spacer=None;gc_cont=0.462
ctg000007_P_455      -            382 99842at2157          -            124    0.0045   15.8   4.5   2   4     0.014        38    3.2   0.0    32    54   161   183   144   196 0.81 # 645896 # 647041 # -1 # ID=8_455;partial=00;start_type=ATG;rbs_motif=None;rbs_spacer=None;gc_cont=0.462
ctg000007_P_455      -            382 99842at2157          -            124    0.0045   15.8   4.5   3   4   0.00017      0.46    9.3   0.0    29    69   260   300   251   320 0.84 # 645896 # 647041 # -1 # ID=8_455;partial=00;start_type=ATG;rbs_motif=None;rbs_spacer=None;gc_cont=0.462
ctg000007_P_455      -            382 99842at2157          -            124    0.0045   15.8   4.5   4   4       0.7   1.9e+03   -2.4   0.1    42    73   333   364   328   372 0.73 # 645896 # 647041 # -1 # ID=8_455;partial=00;start_type=ATG;rbs_motif=None;rbs_spacer=None;gc_cont=0.462
ctg000007_P_92       -            414 99842at2157          -            124     0.011   14.5   0.1   1   3      0.49   1.4e+03   -1.9   0.0    39    54    78    93    68   103 0.69 # 129092 # 130333 # -1 # ID=8_92;partial=00;start_type=ATG;rbs_motif=None;rbs_spacer=None;gc_cont=0.414
ctg000007_P_92       -            414 99842at2157          -            124     0.011   14.5   0.1   2   3    0.0042        12    4.8   0.0    31    57   152   178   132   181 0.87 # 129092 # 130333 # -1 # ID=8_92;partial=00;start_type=ATG;rbs_motif=None;rbs_spacer=None;gc_cont=0.414
ctg000007_P_92       -            414 99842at2157          -            124     0.011   14.5   0.1   3   3    0.0014         4    6.3   0.0    33    55   336   358   330   368 0.85 # 129092 # 130333 # -1 # ID=8_92;partial=00;start_type=ATG;rbs_motif=None;rbs_spacer=None;gc_cont=0.414
ctg000024_P_5        -            414 99842at2157          -            124     0.011   14.5   0.1   1   3      0.49   1.4e+03   -1.9   0.0    39    54    78    93    68   103 0.69 # 7265 # 8506 # -1 # ID=19_5;partial=00;start_type=ATG;rbs_motif=None;rbs_spacer=None;gc_cont=0.414
ctg000024_P_5        -            414 99842at2157          -            124     0.011   14.5   0.1   2   3    0.0042        12    4.8   0.0    31    57   152   178   132   181 0.87 # 7265 # 8506 # -1 # ID=19_5;partial=00;start_type=ATG;rbs_motif=None;rbs_spacer=None;gc_cont=0.414
ctg000024_P_5        -            414 99842at2157          -            124     0.011   14.5   0.1   3   3    0.0014         4    6.3   0.0    33    55   336   358   330   368 0.85 # 7265 # 8506 # -1 # ID=19_5;partial=00;start_type=ATG;rbs_motif=None;rbs_spacer=None;gc_cont=0.414
#
# Program:         hmmsearch
# Version:         3.1b2 (February 2015)
# Pipeline mode:   SEARCH
# Query file:      /Users/dominiquefastus/DeNovoProj/BUSCO_ass/busco_downloads/lineages/archaea_odb10/hmms/99842at2157.hmm
# Target file:     /Users/dominiquefastus/DeNovoProj/BUSCO_ass/busco_out/prodigal_output/predicted_genes/predicted.faa
# Option settings: hmmsearch --domtblout /Users/dominiquefastus/DeNovoProj/BUSCO_ass/busco_out/auto_lineage/run_archaea_odb10/hmmer_output/99842at2157.out --cpu 1 /Users/dominiquefastus/DeNovoProj/BUSCO_ass/busco_downloads/lineages/archaea_odb10/hmms/99842at2157.hmm /Users/dominiquefastus/DeNovoProj/BUSCO_ass/busco_out/prodigal_output/predicted_genes/predicted.faa 
# Current dir:     /Users/dominiquefastus/DeNovoProj/BUSCO_ass
# Date:            Fri Feb 24 11:39:32 2023
# [ok]
