#                                                                            --- full sequence --- -------------- this domain -------------   hmm coord   ali coord   env coord
# target name        accession   tlen query name           accession   qlen   E-value  score  bias   #  of  c-Evalue  i-Evalue  score  bias  from    to  from    to  from    to  acc description of target
#------------------- ---------- ----- -------------------- ---------- ----- --------- ------ ----- --- --- --------- --------- ------ ----- ----- ----- ----- ----- ----- ----- ---- ---------------------
ctg000000_P_439      -            609 1074831at2           -            386   0.00018   19.6   0.1   1   3    0.0001     0.065   11.2   0.0   289   341   221   279   209   286 0.72 # 613764 # 615590 # -1 # ID=1_439;partial=00;start_type=ATG;rbs_motif=None;rbs_spacer=None;gc_cont=0.374
ctg000000_P_439      -            609 1074831at2           -            386   0.00018   19.6   0.1   2   3     0.038        24    2.7   0.1    22    41   380   399   372   416 0.85 # 613764 # 615590 # -1 # ID=1_439;partial=00;start_type=ATG;rbs_motif=None;rbs_spacer=None;gc_cont=0.374
ctg000000_P_439      -            609 1074831at2           -            386   0.00018   19.6   0.1   3   3     0.095        61    1.4   0.0   289   315   467   493   461   496 0.78 # 613764 # 615590 # -1 # ID=1_439;partial=00;start_type=ATG;rbs_motif=None;rbs_spacer=None;gc_cont=0.374
ctg000000_P_333      -           1502 1074831at2           -            386    0.0032   15.5   0.2   1   2     0.021        14    3.5   0.0   288   332   307   351   295   354 0.89 # 466381 # 470886 # 1 # ID=1_333;partial=00;start_type=ATG;rbs_motif=None;rbs_spacer=None;gc_cont=0.395
ctg000000_P_333      -           1502 1074831at2           -            386    0.0032   15.5   0.2   2   2   0.00035      0.22    9.4   0.1    21    62   883   925   875   944 0.75 # 466381 # 470886 # 1 # ID=1_333;partial=00;start_type=ATG;rbs_motif=None;rbs_spacer=None;gc_cont=0.395
ctg000107_P_94       -           1412 1074831at2           -            386    0.0046   15.0   0.3   1   2       0.5   3.2e+02   -1.0   0.0   288   326   170   208   163   219 0.83 # 113790 # 118025 # 1 # ID=20_94;partial=00;start_type=ATG;rbs_motif=None;rbs_spacer=None;gc_cont=0.390
ctg000107_P_94       -           1412 1074831at2           -            386    0.0046   15.0   0.3   2   2   2.7e-05     0.017   13.1   0.1     7    41   760   796   756   842 0.78 # 113790 # 118025 # 1 # ID=20_94;partial=00;start_type=ATG;rbs_motif=None;rbs_spacer=None;gc_cont=0.390
ctg000000_P_867      -           1530 1074831at2           -            386     0.022   12.7   0.4   1   2    0.0088       5.6    4.8   0.0   285   335   314   364   300   366 0.90 # 1259727 # 1264316 # 1 # ID=1_867;partial=00;start_type=ATG;rbs_motif=AAAAA;rbs_spacer=3bp;gc_cont=0.412
ctg000000_P_867      -           1530 1074831at2           -            386     0.022   12.7   0.4   2   2    0.0064       4.1    5.3   0.2    22    41   915   934   910   956 0.89 # 1259727 # 1264316 # 1 # ID=1_867;partial=00;start_type=ATG;rbs_motif=AAAAA;rbs_spacer=3bp;gc_cont=0.412
ctg000002_P_482      -           1395 1074831at2           -            386     0.028   12.4   2.0   1   2      0.47     3e+02   -0.9   0.0   289   331   171   213   166   217 0.83 # 732704 # 736888 # -1 # ID=3_482;partial=00;start_type=ATG;rbs_motif=None;rbs_spacer=None;gc_cont=0.385
ctg000002_P_482      -           1395 1074831at2           -            386     0.028   12.4   2.0   2   2   0.00012     0.076   11.0   0.9    18    41   773   796   760   812 0.85 # 732704 # 736888 # -1 # ID=3_482;partial=00;start_type=ATG;rbs_motif=None;rbs_spacer=None;gc_cont=0.385
ctg000005_P_337      -           1512 1074831at2           -            386     0.059   11.3   4.9   1   3       1.6     1e+03   -2.6   0.9   122   198    29   103    14   108 0.58 # 492429 # 496964 # 1 # ID=6_337;partial=00;start_type=ATG;rbs_motif=AATAA;rbs_spacer=4bp;gc_cont=0.391
ctg000005_P_337      -           1512 1074831at2           -            386     0.059   11.3   4.9   2   3     0.011       7.2    4.5   0.0   288   346   294   352   282   359 0.86 # 492429 # 496964 # 1 # ID=6_337;partial=00;start_type=ATG;rbs_motif=AATAA;rbs_spacer=4bp;gc_cont=0.391
ctg000005_P_337      -           1512 1074831at2           -            386     0.059   11.3   4.9   3   3   0.00091      0.58    8.1   0.0    21    41   872   892   869   922 0.78 # 492429 # 496964 # 1 # ID=6_337;partial=00;start_type=ATG;rbs_motif=AATAA;rbs_spacer=4bp;gc_cont=0.391
ctg000002_P_310      -           1512 1074831at2           -            386     0.068   11.1   3.3   1   4      0.67   4.3e+02   -1.4   0.0   356   381    37    62    29    64 0.89 # 467557 # 472092 # -1 # ID=3_310;partial=00;start_type=ATG;rbs_motif=None;rbs_spacer=None;gc_cont=0.396
ctg000002_P_310      -           1512 1074831at2           -            386     0.068   11.1   3.3   2   4     0.011       6.9    4.5   0.0   285   335   304   354   281   364 0.90 # 467557 # 472092 # -1 # ID=3_310;partial=00;start_type=ATG;rbs_motif=None;rbs_spacer=None;gc_cont=0.396
ctg000002_P_310      -           1512 1074831at2           -            386     0.068   11.1   3.3   3   4     0.008       5.1    5.0   0.4    22    41   900   919   894   930 0.90 # 467557 # 472092 # -1 # ID=3_310;partial=00;start_type=ATG;rbs_motif=None;rbs_spacer=None;gc_cont=0.396
ctg000002_P_310      -           1512 1074831at2           -            386     0.068   11.1   3.3   4   4       1.7   1.1e+03   -2.7   0.0   297   334  1017  1055  1016  1073 0.77 # 467557 # 472092 # -1 # ID=3_310;partial=00;start_type=ATG;rbs_motif=None;rbs_spacer=None;gc_cont=0.396
ctg000002_P_92       -           1565 1074831at2           -            386     0.077   11.0   2.6   1   2    0.0072       4.6    5.1   0.0   287   337   326   376   296   388 0.86 # 155433 # 160127 # -1 # ID=3_92;partial=00;start_type=ATG;rbs_motif=None;rbs_spacer=None;gc_cont=0.411
ctg000002_P_92       -           1565 1074831at2           -            386     0.077   11.0   2.6   2   2     0.014       8.9    4.2   0.9    22    41   954   973   948   983 0.90 # 155433 # 160127 # -1 # ID=3_92;partial=00;start_type=ATG;rbs_motif=None;rbs_spacer=None;gc_cont=0.411
ctg000003_P_21       -           1662 1074831at2           -            386       0.1   10.5   7.6   1   3    0.0075       4.8    5.0   0.1    16    40   715   742   709   752 0.81 # 26919 # 31904 # -1 # ID=4_21;partial=00;start_type=ATG;rbs_motif=None;rbs_spacer=None;gc_cont=0.371
ctg000003_P_21       -           1662 1074831at2           -            386       0.1   10.5   7.6   2   3   0.00044      0.28    9.1   0.1    25    61  1413  1449  1397  1461 0.78 # 26919 # 31904 # -1 # ID=4_21;partial=00;start_type=ATG;rbs_motif=None;rbs_spacer=None;gc_cont=0.371
ctg000003_P_21       -           1662 1074831at2           -            386       0.1   10.5   7.6   3   3       3.2     2e+03   -3.6   0.6   144   223  1488  1567  1483  1583 0.63 # 26919 # 31904 # -1 # ID=4_21;partial=00;start_type=ATG;rbs_motif=None;rbs_spacer=None;gc_cont=0.371
ctg000001_P_27       -           1478 1074831at2           -            386      0.12   10.3  13.2   1   5     0.037        23    2.8   0.1    22    41   616   635   606   646 0.87 # 40108 # 44541 # -1 # ID=2_27;partial=00;start_type=ATG;rbs_motif=None;rbs_spacer=None;gc_cont=0.379
ctg000001_P_27       -           1478 1074831at2           -            386      0.12   10.3  13.2   2   5    0.0072       4.6    5.1   0.0   289   328   709   748   699   758 0.89 # 40108 # 44541 # -1 # ID=2_27;partial=00;start_type=ATG;rbs_motif=None;rbs_spacer=None;gc_cont=0.379
ctg000001_P_27       -           1478 1074831at2           -            386      0.12   10.3  13.2   3   5       2.1   1.4e+03   -3.0   1.5   127   169   811   854   794   879 0.54 # 40108 # 44541 # -1 # ID=2_27;partial=00;start_type=ATG;rbs_motif=None;rbs_spacer=None;gc_cont=0.379
ctg000001_P_27       -           1478 1074831at2           -            386      0.12   10.3  13.2   4   5   0.00066      0.42    8.5   0.1    25    59  1245  1279  1233  1292 0.83 # 40108 # 44541 # -1 # ID=2_27;partial=00;start_type=ATG;rbs_motif=None;rbs_spacer=None;gc_cont=0.379
ctg000001_P_27       -           1478 1074831at2           -            386      0.12   10.3  13.2   5   5       1.7   1.1e+03   -2.7   0.0   293   341  1370  1423  1357  1429 0.70 # 40108 # 44541 # -1 # ID=2_27;partial=00;start_type=ATG;rbs_motif=None;rbs_spacer=None;gc_cont=0.379
ctg000012_P_135      -           1050 1074831at2           -            386      0.18    9.7   1.4   1   2      0.17   1.1e+02    0.6   1.0    24    42   420   438   416   456 0.84 # 206637 # 209786 # 1 # ID=13_135;partial=00;start_type=ATG;rbs_motif=None;rbs_spacer=None;gc_cont=0.379
ctg000012_P_135      -           1050 1074831at2           -            386      0.18    9.7   1.4   2   2    0.0019       1.2    7.0   0.0   287   332   527   572   523   574 0.86 # 206637 # 209786 # 1 # ID=13_135;partial=00;start_type=ATG;rbs_motif=None;rbs_spacer=None;gc_cont=0.379
ctg000011_P_367      -           1593 1074831at2           -            386      0.19    9.7   4.9   1   3     0.061        39    2.0   1.0    21    40   696   715   687   725 0.82 # 533921 # 538699 # 1 # ID=12_367;partial=00;start_type=ATG;rbs_motif=None;rbs_spacer=None;gc_cont=0.358
ctg000011_P_367      -           1593 1074831at2           -            386      0.19    9.7   4.9   2   3       1.2   7.6e+02   -2.2   0.0   290   326   808   844   800   870 0.83 # 533921 # 538699 # 1 # ID=12_367;partial=00;start_type=ATG;rbs_motif=None;rbs_spacer=None;gc_cont=0.358
ctg000011_P_367      -           1593 1074831at2           -            386      0.19    9.7   4.9   3   3    0.0011       0.7    7.8   0.1    25    44  1355  1374  1349  1402 0.86 # 533921 # 538699 # 1 # ID=12_367;partial=00;start_type=ATG;rbs_motif=None;rbs_spacer=None;gc_cont=0.358
ctg000002_P_590      -           1295 1074831at2           -            386      0.28    9.1   4.6   1   5       2.2   1.4e+03   -3.1   0.5    24    41    59    76    41    89 0.80 # 898862 # 902746 # 1 # ID=3_590;partial=00;start_type=ATG;rbs_motif=None;rbs_spacer=None;gc_cont=0.382
ctg000002_P_590      -           1295 1074831at2           -            386      0.28    9.1   4.6   2   5     0.038        24    2.7   0.0   288   328   184   224   179   230 0.79 # 898862 # 902746 # 1 # ID=3_590;partial=00;start_type=ATG;rbs_motif=None;rbs_spacer=None;gc_cont=0.382
ctg000002_P_590      -           1295 1074831at2           -            386      0.28    9.1   4.6   3   5      0.54   3.4e+02   -1.1   0.0    22    40   722   740   712   761 0.79 # 898862 # 902746 # 1 # ID=3_590;partial=00;start_type=ATG;rbs_motif=None;rbs_spacer=None;gc_cont=0.382
ctg000002_P_590      -           1295 1074831at2           -            386      0.28    9.1   4.6   4   5    0.0058       3.7    5.4   0.0   286   333   835   882   828   898 0.89 # 898862 # 902746 # 1 # ID=3_590;partial=00;start_type=ATG;rbs_motif=None;rbs_spacer=None;gc_cont=0.382
ctg000002_P_590      -           1295 1074831at2           -            386      0.28    9.1   4.6   5   5       4.1   2.6e+03   -4.0   0.0    93   119   951   977   943   985 0.80 # 898862 # 902746 # 1 # ID=3_590;partial=00;start_type=ATG;rbs_motif=None;rbs_spacer=None;gc_cont=0.382
#
# Program:         hmmsearch
# Version:         3.1b2 (February 2015)
# Pipeline mode:   SEARCH
# Query file:      /Users/dominiquefastus/DeNovoProj/BUSCO_ass/busco_downloads/lineages/bacteria_odb10/hmms/1074831at2.hmm
# Target file:     /Users/dominiquefastus/DeNovoProj/BUSCO_ass/busco_out/prodigal_output/predicted_genes/predicted.faa
# Option settings: hmmsearch --domtblout /Users/dominiquefastus/DeNovoProj/BUSCO_ass/busco_out/auto_lineage/run_bacteria_odb10/hmmer_output/1074831at2.out --cpu 1 /Users/dominiquefastus/DeNovoProj/BUSCO_ass/busco_downloads/lineages/bacteria_odb10/hmms/1074831at2.hmm /Users/dominiquefastus/DeNovoProj/BUSCO_ass/busco_out/prodigal_output/predicted_genes/predicted.faa 
# Current dir:     /Users/dominiquefastus/DeNovoProj/BUSCO_ass
# Date:            Fri Feb 24 11:40:35 2023
# [ok]
