#                                                                            --- full sequence --- -------------- this domain -------------   hmm coord   ali coord   env coord
# target name        accession   tlen query name           accession   qlen   E-value  score  bias   #  of  c-Evalue  i-Evalue  score  bias  from    to  from    to  from    to  acc description of target
#------------------- ---------- ----- -------------------- ---------- ----- --------- ------ ----- --- --- --------- --------- ------ ----- ----- ----- ----- ----- ----- ----- ---- ---------------------
ctg000008_P_281      -            487 1211060at2           -            164   1.1e-15   56.7   0.2   1   2    0.0053        11    4.6   0.2    31    63    35    70    12    83 0.80 # 407488 # 408948 # 1 # ID=9_281;partial=00;start_type=ATG;rbs_motif=None;rbs_spacer=None;gc_cont=0.383
ctg000008_P_281      -            487 1211060at2           -            164   1.1e-15   56.7   0.2   2   2   7.5e-17   1.6e-13   49.7   0.0    74   129    99   155    89   189 0.88 # 407488 # 408948 # 1 # ID=9_281;partial=00;start_type=ATG;rbs_motif=None;rbs_spacer=None;gc_cont=0.383
ctg000005_P_367      -            175 1211060at2           -            164   2.8e-10   39.1   0.2   1   2      0.87   1.8e+03   -2.6   0.0    84   101    19    38    16    41 0.67 # 536763 # 537287 # -1 # ID=6_367;partial=00;start_type=TTG;rbs_motif=None;rbs_spacer=None;gc_cont=0.429
ctg000005_P_367      -            175 1211060at2           -            164   2.8e-10   39.1   0.2   2   2   2.9e-13     6e-10   38.0   0.1    75   120    81   127    61   138 0.91 # 536763 # 537287 # -1 # ID=6_367;partial=00;start_type=TTG;rbs_motif=None;rbs_spacer=None;gc_cont=0.429
ctg000007_P_149      -            173 1211060at2           -            164   2.9e-10   39.0   0.3   1   2      0.96     2e+03   -2.7   0.0    84   101    19    38    17    41 0.66 # 214099 # 214617 # -1 # ID=8_149;partial=00;start_type=TTG;rbs_motif=None;rbs_spacer=None;gc_cont=0.432
ctg000007_P_149      -            173 1211060at2           -            164   2.9e-10   39.0   0.3   2   2   2.8e-13   5.9e-10   38.1   0.1    75   120    81   127    61   138 0.91 # 214099 # 214617 # -1 # ID=8_149;partial=00;start_type=TTG;rbs_motif=None;rbs_spacer=None;gc_cont=0.432
ctg000011_P_111      -            184 1211060at2           -            164   0.00029   19.5   0.1   1   2       1.6   3.2e+03   -3.4   0.1    31    40    30    39     6    47 0.52 # 168969 # 169520 # -1 # ID=12_111;partial=00;start_type=ATG;rbs_motif=None;rbs_spacer=None;gc_cont=0.384
ctg000011_P_111      -            184 1211060at2           -            164   0.00029   19.5   0.1   2   2   1.4e-07   0.00029   19.5   0.1    75   131   106   165    97   179 0.80 # 168969 # 169520 # -1 # ID=12_111;partial=00;start_type=ATG;rbs_motif=None;rbs_spacer=None;gc_cont=0.384
#
# Program:         hmmsearch
# Version:         3.1b2 (February 2015)
# Pipeline mode:   SEARCH
# Query file:      /Users/dominiquefastus/DeNovoProj/BUSCO_ass/busco_downloads/lineages/bacteria_odb10/hmms/1211060at2.hmm
# Target file:     /Users/dominiquefastus/DeNovoProj/BUSCO_ass/busco_out/prodigal_output/predicted_genes/predicted.faa
# Option settings: hmmsearch --domtblout /Users/dominiquefastus/DeNovoProj/BUSCO_ass/busco_out/auto_lineage/run_bacteria_odb10/hmmer_output/1211060at2.out --cpu 1 /Users/dominiquefastus/DeNovoProj/BUSCO_ass/busco_downloads/lineages/bacteria_odb10/hmms/1211060at2.hmm /Users/dominiquefastus/DeNovoProj/BUSCO_ass/busco_out/prodigal_output/predicted_genes/predicted.faa 
# Current dir:     /Users/dominiquefastus/DeNovoProj/BUSCO_ass
# Date:            Fri Feb 24 11:40:37 2023
# [ok]
