#                                                                            --- full sequence --- -------------- this domain -------------   hmm coord   ali coord   env coord
# target name        accession   tlen query name           accession   qlen   E-value  score  bias   #  of  c-Evalue  i-Evalue  score  bias  from    to  from    to  from    to  acc description of target
#------------------- ---------- ----- -------------------- ---------- ----- --------- ------ ----- --- --- --------- --------- ------ ----- ----- ----- ----- ----- ----- ----- ---- ---------------------
ctg000003_P_455      -            646 143460at2            -            439   9.4e-33  112.4   0.1   1   2   6.4e-35   3.2e-32  110.7   0.1     2   202    47   281    46   307 0.77 # 685032 # 686969 # 1 # ID=4_455;partial=00;start_type=ATG;rbs_motif=None;rbs_spacer=None;gc_cont=0.386
ctg000003_P_455      -            646 143460at2            -            439   9.4e-33  112.4   0.1   2   2      0.82     4e+02   -1.7   0.0   263   303   384   425   364   431 0.74 # 685032 # 686969 # 1 # ID=4_455;partial=00;start_type=ATG;rbs_motif=None;rbs_spacer=None;gc_cont=0.386
ctg000000_P_840      -            843 143460at2            -            439   2.9e-31  107.6   3.3   1   4   1.7e-28   8.2e-26   89.6   4.7     1   134    19   187    19   204 0.75 # 1223747 # 1226275 # 1 # ID=1_840;partial=00;start_type=ATG;rbs_motif=None;rbs_spacer=None;gc_cont=0.444
ctg000000_P_840      -            843 143460at2            -            439   2.9e-31  107.6   3.3   2   4     0.055        27    2.2   0.0   153   191   375   414   334   419 0.85 # 1223747 # 1226275 # 1 # ID=1_840;partial=00;start_type=ATG;rbs_motif=None;rbs_spacer=None;gc_cont=0.444
ctg000000_P_840      -            843 143460at2            -            439   2.9e-31  107.6   3.3   3   4      0.17        82    0.6   0.0   263   304   529   572   525   589 0.79 # 1223747 # 1226275 # 1 # ID=1_840;partial=00;start_type=ATG;rbs_motif=None;rbs_spacer=None;gc_cont=0.444
ctg000000_P_840      -            843 143460at2            -            439   2.9e-31  107.6   3.3   4   4      0.23   1.1e+02    0.1   0.0   275   319   705   756   688   794 0.75 # 1223747 # 1226275 # 1 # ID=1_840;partial=00;start_type=ATG;rbs_motif=None;rbs_spacer=None;gc_cont=0.444
ctg000002_P_334      -            843 143460at2            -            439   2.9e-31  107.6   3.3   1   4   1.7e-28   8.2e-26   89.6   4.7     1   134    19   187    19   204 0.75 # 508789 # 511317 # -1 # ID=3_334;partial=00;start_type=ATG;rbs_motif=AATAA;rbs_spacer=9bp;gc_cont=0.444
ctg000002_P_334      -            843 143460at2            -            439   2.9e-31  107.6   3.3   2   4     0.055        27    2.2   0.0   153   191   375   414   334   419 0.85 # 508789 # 511317 # -1 # ID=3_334;partial=00;start_type=ATG;rbs_motif=AATAA;rbs_spacer=9bp;gc_cont=0.444
ctg000002_P_334      -            843 143460at2            -            439   2.9e-31  107.6   3.3   3   4      0.17        82    0.6   0.0   263   304   529   572   525   589 0.79 # 508789 # 511317 # -1 # ID=3_334;partial=00;start_type=ATG;rbs_motif=AATAA;rbs_spacer=9bp;gc_cont=0.444
ctg000002_P_334      -            843 143460at2            -            439   2.9e-31  107.6   3.3   4   4      0.23   1.1e+02    0.1   0.0   275   319   705   756   688   794 0.75 # 508789 # 511317 # -1 # ID=3_334;partial=00;start_type=ATG;rbs_motif=AATAA;rbs_spacer=9bp;gc_cont=0.444
ctg000003_P_164      -            757 143460at2            -            439   3.8e-29  100.6   0.5   1   3   6.3e-26   3.1e-23   81.1   0.1     1   120    65   209    65   226 0.78 # 251472 # 253742 # -1 # ID=4_164;partial=00;start_type=ATG;rbs_motif=None;rbs_spacer=None;gc_cont=0.402
ctg000003_P_164      -            757 143460at2            -            439   3.8e-29  100.6   0.5   2   3      0.67   3.3e+02   -1.4   0.0   136   172   325   360   314   369 0.77 # 251472 # 253742 # -1 # ID=4_164;partial=00;start_type=ATG;rbs_motif=None;rbs_spacer=None;gc_cont=0.402
ctg000003_P_164      -            757 143460at2            -            439   3.8e-29  100.6   0.5   3   3   4.5e-06    0.0022   15.6   0.0   165   293   397   538   361   552 0.69 # 251472 # 253742 # -1 # ID=4_164;partial=00;start_type=ATG;rbs_motif=None;rbs_spacer=None;gc_cont=0.402
ctg000022_P_154      -            820 143460at2            -            439     8e-28   96.2   1.9   1   3   2.8e-30   1.4e-27   95.4   0.3     1   127    41   184    41   191 0.84 # 237927 # 240386 # 1 # ID=17_154;partial=00;start_type=ATG;rbs_motif=None;rbs_spacer=None;gc_cont=0.380
ctg000022_P_154      -            820 143460at2            -            439     8e-28   96.2   1.9   2   3         1   4.9e+02   -2.0   0.0   212   280   490   562   483   573 0.69 # 237927 # 240386 # 1 # ID=17_154;partial=00;start_type=ATG;rbs_motif=None;rbs_spacer=None;gc_cont=0.380
ctg000022_P_154      -            820 143460at2            -            439     8e-28   96.2   1.9   3   3       2.5   1.2e+03   -3.3   0.0   314   345   764   795   755   799 0.83 # 237927 # 240386 # 1 # ID=17_154;partial=00;start_type=ATG;rbs_motif=None;rbs_spacer=None;gc_cont=0.380
ctg000008_P_317      -           1111 143460at2            -            439   1.6e-23   82.0   0.1   1   2   3.6e-10   1.7e-07   29.2   0.0     1    51    19    76    19    86 0.85 # 447475 # 450807 # 1 # ID=9_317;partial=00;start_type=ATG;rbs_motif=None;rbs_spacer=None;gc_cont=0.396
ctg000008_P_317      -           1111 143460at2            -            439   1.6e-23   82.0   0.1   2   2   1.5e-16   7.5e-14   50.2   0.0    52   113    97   161    91   179 0.91 # 447475 # 450807 # 1 # ID=9_317;partial=00;start_type=ATG;rbs_motif=None;rbs_spacer=None;gc_cont=0.396
ctg000002_P_268      -            438 143460at2            -            439   4.1e-19   67.5   0.6   1   1   1.3e-20   6.3e-18   63.6   0.6     3   190    50   283    48   299 0.64 # 406587 # 407900 # -1 # ID=3_268;partial=00;start_type=ATG;rbs_motif=None;rbs_spacer=None;gc_cont=0.420
ctg000002_P_531      -            677 143460at2            -            439   1.6e-13   49.1   3.5   1   2   3.3e-16   1.6e-13   49.1   3.5     4   129   148   281   146   369 0.75 # 812318 # 814348 # -1 # ID=3_531;partial=00;start_type=ATG;rbs_motif=None;rbs_spacer=None;gc_cont=0.369
ctg000002_P_531      -            677 143460at2            -            439   1.6e-13   49.1   3.5   2   2      0.36   1.8e+02   -0.5   0.2   165   191   589   615   537   630 0.68 # 812318 # 814348 # -1 # ID=3_531;partial=00;start_type=ATG;rbs_motif=None;rbs_spacer=None;gc_cont=0.369
ctg000009_P_406      -            612 143460at2            -            439   3.4e-09   34.8   0.1   1   2     0.013       6.3    4.3   0.0     6    29   172   195   169   207 0.84 # 604198 # 606033 # -1 # ID=10_406;partial=00;start_type=ATG;rbs_motif=None;rbs_spacer=None;gc_cont=0.400
ctg000009_P_406      -            612 143460at2            -            439   3.4e-09   34.8   0.1   2   2   6.3e-10   3.1e-07   28.4   0.0    21    89   209   283   205   333 0.71 # 604198 # 606033 # -1 # ID=10_406;partial=00;start_type=ATG;rbs_motif=None;rbs_spacer=None;gc_cont=0.400
ctg000005_P_161      -            459 143460at2            -            439     9e-09   33.4   0.3   1   2   1.9e-08   9.1e-06   23.5   0.1     3   112     9   157     7   176 0.60 # 240802 # 242178 # -1 # ID=6_161;partial=00;start_type=ATG;rbs_motif=None;rbs_spacer=None;gc_cont=0.444
ctg000005_P_161      -            459 143460at2            -            439     9e-09   33.4   0.3   2   2       0.4   1.9e+02   -0.6   0.0   169   189   257   277   229   290 0.82 # 240802 # 242178 # -1 # ID=6_161;partial=00;start_type=ATG;rbs_motif=None;rbs_spacer=None;gc_cont=0.444
ctg000007_P_237      -            459 143460at2            -            439     9e-09   33.4   0.3   1   2   1.9e-08   9.1e-06   23.5   0.1     3   112     9   157     7   176 0.60 # 340562 # 341938 # -1 # ID=8_237;partial=00;start_type=ATG;rbs_motif=None;rbs_spacer=None;gc_cont=0.447
ctg000007_P_237      -            459 143460at2            -            439     9e-09   33.4   0.3   2   2       0.4   1.9e+02   -0.6   0.0   169   189   257   277   229   290 0.82 # 340562 # 341938 # -1 # ID=8_237;partial=00;start_type=ATG;rbs_motif=None;rbs_spacer=None;gc_cont=0.447
ctg000009_P_77       -           1009 143460at2            -            439   8.5e-07   26.9   2.5   1   3   1.9e-08   9.5e-06   23.4   3.1    46   112   203   272   133   293 0.73 # 129680 # 132706 # 1 # ID=10_77;partial=00;start_type=ATG;rbs_motif=None;rbs_spacer=None;gc_cont=0.382
ctg000009_P_77       -           1009 143460at2            -            439   8.5e-07   26.9   2.5   2   3       1.3   6.6e+02   -2.4   0.0   163   193   473   504   462   508 0.75 # 129680 # 132706 # 1 # ID=10_77;partial=00;start_type=ATG;rbs_motif=None;rbs_spacer=None;gc_cont=0.382
ctg000009_P_77       -           1009 143460at2            -            439   8.5e-07   26.9   2.5   3   3         3   1.4e+03   -3.5   0.0   194   223   556   585   553   592 0.80 # 129680 # 132706 # 1 # ID=10_77;partial=00;start_type=ATG;rbs_motif=None;rbs_spacer=None;gc_cont=0.382
ctg000000_P_540      -            686 143460at2            -            439     6e-06   24.1   0.0   1   2   9.4e-07   0.00046   17.9   0.0    26   127   307   425   261   434 0.80 # 788814 # 790871 # 1 # ID=1_540;partial=00;start_type=ATG;rbs_motif=None;rbs_spacer=None;gc_cont=0.413
ctg000000_P_540      -            686 143460at2            -            439     6e-06   24.1   0.0   2   2      0.26   1.3e+02   -0.0   0.0   167   189   499   521   467   547 0.76 # 788814 # 790871 # 1 # ID=1_540;partial=00;start_type=ATG;rbs_motif=None;rbs_spacer=None;gc_cont=0.413
ctg000014_P_69       -           1003 143460at2            -            439     9e-06   23.5   0.0   1   2     0.017       8.4    3.9   0.0     5    23   409   427   407   438 0.86 # 83159 # 86167 # 1 # ID=15_69;partial=00;start_type=ATG;rbs_motif=None;rbs_spacer=None;gc_cont=0.413
ctg000014_P_69       -           1003 143460at2            -            439     9e-06   23.5   0.0   2   2   1.5e-06   0.00076   17.2   0.0    55   112   474   534   457   556 0.85 # 83159 # 86167 # 1 # ID=15_69;partial=00;start_type=ATG;rbs_motif=None;rbs_spacer=None;gc_cont=0.413
ctg000010_P_261      -            528 143460at2            -            439   0.00055   17.6   1.1   1   2    0.0054       2.6    5.5   0.1     3    21   102   120   100   144 0.78 # 371181 # 372764 # -1 # ID=11_261;partial=00;start_type=ATG;rbs_motif=None;rbs_spacer=None;gc_cont=0.404
ctg000010_P_261      -            528 143460at2            -            439   0.00055   17.6   1.1   2   2   0.00013     0.062   10.9   0.1    53   160   189   311   183   355 0.73 # 371181 # 372764 # -1 # ID=11_261;partial=00;start_type=ATG;rbs_motif=None;rbs_spacer=None;gc_cont=0.404
ctg000002_P_370      -            310 143460at2            -            439    0.0045   14.6   0.0   1   1   1.2e-05    0.0057   14.3   0.0    44   140    51   156    13   173 0.79 # 570244 # 571173 # -1 # ID=3_370;partial=00;start_type=ATG;rbs_motif=None;rbs_spacer=None;gc_cont=0.394
ctg000007_P_209      -            438 143460at2            -            439     0.021   12.4   0.0   1   1   6.7e-05     0.033   11.8   0.0   304   404    15   120     5   144 0.78 # 287427 # 288740 # 1 # ID=8_209;partial=00;start_type=ATG;rbs_motif=None;rbs_spacer=None;gc_cont=0.369
#
# Program:         hmmsearch
# Version:         3.1b2 (February 2015)
# Pipeline mode:   SEARCH
# Query file:      /Users/dominiquefastus/DeNovoProj/BUSCO_ass/busco_downloads/lineages/bacteria_odb10/hmms/143460at2.hmm
# Target file:     /Users/dominiquefastus/DeNovoProj/BUSCO_ass/busco_out/prodigal_output/predicted_genes/predicted.faa
# Option settings: hmmsearch --domtblout /Users/dominiquefastus/DeNovoProj/BUSCO_ass/busco_out/auto_lineage/run_bacteria_odb10/hmmer_output/143460at2.out --cpu 1 /Users/dominiquefastus/DeNovoProj/BUSCO_ass/busco_downloads/lineages/bacteria_odb10/hmms/143460at2.hmm /Users/dominiquefastus/DeNovoProj/BUSCO_ass/busco_out/prodigal_output/predicted_genes/predicted.faa 
# Current dir:     /Users/dominiquefastus/DeNovoProj/BUSCO_ass
# Date:            Fri Feb 24 11:40:40 2023
# [ok]
