#                                                                            --- full sequence --- -------------- this domain -------------   hmm coord   ali coord   env coord
# target name        accession   tlen query name           accession   qlen   E-value  score  bias   #  of  c-Evalue  i-Evalue  score  bias  from    to  from    to  from    to  acc description of target
#------------------- ---------- ----- -------------------- ---------- ----- --------- ------ ----- --- --- --------- --------- ------ ----- ----- ----- ----- ----- ----- ----- ---- ---------------------
ctg000003_P_205      -           4911 1827295at2           -             74     9e-11   40.4   2.6   1   6     0.027       8.5    5.3   0.0     8    33   304   333   296   342 0.81 # 328841 # 343573 # -1 # ID=4_205;partial=00;start_type=ATG;rbs_motif=None;rbs_spacer=None;gc_cont=0.377
ctg000003_P_205      -           4911 1827295at2           -             74     9e-11   40.4   2.6   2   6   0.00035      0.11   11.3   0.1     9    34   647   672   634   675 0.84 # 328841 # 343573 # -1 # ID=4_205;partial=00;start_type=ATG;rbs_motif=None;rbs_spacer=None;gc_cont=0.377
ctg000003_P_205      -           4911 1827295at2           -             74     9e-11   40.4   2.6   3   6      0.18        58    2.6   0.0    11    52  1079  1115  1065  1122 0.84 # 328841 # 343573 # -1 # ID=4_205;partial=00;start_type=ATG;rbs_motif=None;rbs_spacer=None;gc_cont=0.377
ctg000003_P_205      -           4911 1827295at2           -             74     9e-11   40.4   2.6   4   6    0.0029      0.93    8.4   0.0     9    33  1362  1386  1349  1390 0.86 # 328841 # 343573 # -1 # ID=4_205;partial=00;start_type=ATG;rbs_motif=None;rbs_spacer=None;gc_cont=0.377
ctg000003_P_205      -           4911 1827295at2           -             74     9e-11   40.4   2.6   5   6     0.015       4.7    6.1   0.0     9    33  1741  1765  1728  1770 0.81 # 328841 # 343573 # -1 # ID=4_205;partial=00;start_type=ATG;rbs_motif=None;rbs_spacer=None;gc_cont=0.377
ctg000003_P_205      -           4911 1827295at2           -             74     9e-11   40.4   2.6   6   6       6.8   2.2e+03   -2.4   0.0    12    36  2051  2075  2047  2076 0.86 # 328841 # 343573 # -1 # ID=4_205;partial=00;start_type=ATG;rbs_motif=None;rbs_spacer=None;gc_cont=0.377
ctg000000_P_650      -            812 1827295at2           -             74   0.00031   19.5   0.0   1   2    0.0033         1    8.2   0.0    12    33   140   162   125   167 0.82 # 952324 # 954759 # -1 # ID=1_650;partial=00;start_type=ATG;rbs_motif=None;rbs_spacer=None;gc_cont=0.388
ctg000000_P_650      -            812 1827295at2           -             74   0.00031   19.5   0.0   2   2    0.0032         1    8.2   0.0    10    32   536   558   518   563 0.82 # 952324 # 954759 # -1 # ID=1_650;partial=00;start_type=ATG;rbs_motif=None;rbs_spacer=None;gc_cont=0.388
ctg000000_P_166      -            836 1827295at2           -             74   0.00052   18.8   0.1   1   2    0.0043       1.4    7.8   0.0    10    33   250   273   238   276 0.84 # 236596 # 239103 # -1 # ID=1_166;partial=00;start_type=ATG;rbs_motif=None;rbs_spacer=None;gc_cont=0.418
ctg000000_P_166      -            836 1827295at2           -             74   0.00052   18.8   0.1   2   2    0.0029      0.94    8.3   0.0     9    33   522   546   511   553 0.80 # 236596 # 239103 # -1 # ID=1_166;partial=00;start_type=ATG;rbs_motif=None;rbs_spacer=None;gc_cont=0.418
ctg000007_P_284      -            759 1827295at2           -             74   0.00066   18.4   0.1   1   3         1   3.2e+02    0.2   0.0    24    47   139   162   136   170 0.83 # 416869 # 419145 # 1 # ID=8_284;partial=00;start_type=ATG;rbs_motif=None;rbs_spacer=None;gc_cont=0.384
ctg000007_P_284      -            759 1827295at2           -             74   0.00066   18.4   0.1   2   3    0.0051       1.6    7.6   0.0     9    33   275   299   264   304 0.81 # 416869 # 419145 # 1 # ID=8_284;partial=00;start_type=ATG;rbs_motif=None;rbs_spacer=None;gc_cont=0.384
ctg000007_P_284      -            759 1827295at2           -             74   0.00066   18.4   0.1   3   3     0.017       5.3    5.9   0.0    10    30   559   579   545   584 0.82 # 416869 # 419145 # 1 # ID=8_284;partial=00;start_type=ATG;rbs_motif=None;rbs_spacer=None;gc_cont=0.384
ctg000003_P_59       -           1560 1827295at2           -             74    0.0012   17.7   0.0   1   2   0.00031       0.1   11.5   0.0     8    32   663   689   652   695 0.83 # 102067 # 106746 # 1 # ID=4_59;partial=00;start_type=ATG;rbs_motif=None;rbs_spacer=None;gc_cont=0.368
ctg000003_P_59       -           1560 1827295at2           -             74    0.0012   17.7   0.0   2   2      0.16        51    2.8   0.0    13    32  1334  1353  1321  1357 0.83 # 102067 # 106746 # 1 # ID=4_59;partial=00;start_type=ATG;rbs_motif=None;rbs_spacer=None;gc_cont=0.368
ctg000007_P_153      -            537 1827295at2           -             74     0.002   16.9   0.0   1   1   1.4e-05    0.0044   15.8   0.0     8    33   306   332   291   336 0.83 # 217444 # 219054 # -1 # ID=8_153;partial=00;start_type=ATG;rbs_motif=AATAA;rbs_spacer=4bp;gc_cont=0.362
ctg000009_P_46       -           1044 1827295at2           -             74     0.002   16.9   0.0   1   2    0.0052       1.7    7.5   0.0    10    33   456   479   442   484 0.87 # 77884 # 81015 # -1 # ID=10_46;partial=00;start_type=ATG;rbs_motif=None;rbs_spacer=None;gc_cont=0.396
ctg000009_P_46       -           1044 1827295at2           -             74     0.002   16.9   0.0   2   2     0.011       3.6    6.5   0.0    11    34   734   757   724   762 0.88 # 77884 # 81015 # -1 # ID=10_46;partial=00;start_type=ATG;rbs_motif=None;rbs_spacer=None;gc_cont=0.396
ctg000002_P_171      -            438 1827295at2           -             74    0.0029   16.4   0.0   1   1   1.7e-05    0.0055   15.5   0.0     9    48   216   256   205   260 0.84 # 278223 # 279536 # 1 # ID=3_171;partial=00;start_type=ATG;rbs_motif=AATAA;rbs_spacer=6bp;gc_cont=0.411
ctg000003_P_33       -            838 1827295at2           -             74    0.0035   16.1   0.0   1   2    0.0046       1.5    7.7   0.0    11    33   242   264   232   270 0.87 # 56272 # 58785 # -1 # ID=4_33;partial=00;start_type=ATG;rbs_motif=None;rbs_spacer=None;gc_cont=0.390
ctg000003_P_33       -            838 1827295at2           -             74    0.0035   16.1   0.0   2   2     0.022       7.1    5.5   0.0    11    32   570   591   559   598 0.86 # 56272 # 58785 # -1 # ID=4_33;partial=00;start_type=ATG;rbs_motif=None;rbs_spacer=None;gc_cont=0.390
ctg000008_P_118      -           1045 1827295at2           -             74    0.0051   15.6   0.1   1   3       0.7   2.2e+02    0.7   0.0    28    49   344   366   335   383 0.74 # 168135 # 171269 # -1 # ID=9_118;partial=00;start_type=ATG;rbs_motif=AAAAAA;rbs_spacer=13bp;gc_cont=0.402
ctg000008_P_118      -           1045 1827295at2           -             74    0.0051   15.6   0.1   2   3     0.013         4    6.3   0.1    12    31   460   479   448   483 0.85 # 168135 # 171269 # -1 # ID=9_118;partial=00;start_type=ATG;rbs_motif=AAAAAA;rbs_spacer=13bp;gc_cont=0.402
ctg000008_P_118      -           1045 1827295at2           -             74    0.0051   15.6   0.1   3   3     0.083        27    3.7   0.0    10    31   696   717   684   727 0.81 # 168135 # 171269 # -1 # ID=9_118;partial=00;start_type=ATG;rbs_motif=AAAAAA;rbs_spacer=13bp;gc_cont=0.402
ctg000009_P_373      -           4093 1827295at2           -             74    0.0098   14.7   2.3   1   4    0.0055       1.8    7.5   0.1    12    36  1793  1816  1782  1818 0.87 # 542795 # 555073 # -1 # ID=10_373;partial=00;start_type=ATG;rbs_motif=None;rbs_spacer=None;gc_cont=0.369
ctg000009_P_373      -           4093 1827295at2           -             74    0.0098   14.7   2.3   2   4      0.16        50    2.8   0.1     9    32  2068  2091  2055  2094 0.84 # 542795 # 555073 # -1 # ID=10_373;partial=00;start_type=ATG;rbs_motif=None;rbs_spacer=None;gc_cont=0.369
ctg000009_P_373      -           4093 1827295at2           -             74    0.0098   14.7   2.3   3   4       1.1   3.6e+02    0.0   0.0    11    31  2414  2434  2402  2439 0.86 # 542795 # 555073 # -1 # ID=10_373;partial=00;start_type=ATG;rbs_motif=None;rbs_spacer=None;gc_cont=0.369
ctg000009_P_373      -           4093 1827295at2           -             74    0.0098   14.7   2.3   4   4       6.2     2e+03   -2.3   0.1    11    29  2756  2774  2747  2783 0.80 # 542795 # 555073 # -1 # ID=10_373;partial=00;start_type=ATG;rbs_motif=None;rbs_spacer=None;gc_cont=0.369
ctg000000_P_439      -            609 1827295at2           -             74      0.01   14.7   0.1   1   2      0.41   1.3e+02    1.5   0.0     9    29   104   124    88   129 0.80 # 613764 # 615590 # -1 # ID=1_439;partial=00;start_type=ATG;rbs_motif=None;rbs_spacer=None;gc_cont=0.374
ctg000000_P_439      -            609 1827295at2           -             74      0.01   14.7   0.1   2   2   0.00079      0.25   10.2   0.0     8    33   377   403   366   405 0.83 # 613764 # 615590 # -1 # ID=1_439;partial=00;start_type=ATG;rbs_motif=None;rbs_spacer=None;gc_cont=0.374
ctg000003_P_588      -            781 1827295at2           -             74     0.012   14.5   0.1   1   2    0.0077       2.5    7.0   0.0    11    32   282   303   270   310 0.83 # 882449 # 884791 # -1 # ID=4_588;partial=00;start_type=ATG;rbs_motif=None;rbs_spacer=None;gc_cont=0.420
ctg000003_P_588      -            781 1827295at2           -             74     0.012   14.5   0.1   2   2     0.063        20    4.1   0.0     8    33   548   575   537   580 0.79 # 882449 # 884791 # -1 # ID=4_588;partial=00;start_type=ATG;rbs_motif=None;rbs_spacer=None;gc_cont=0.420
ctg000000_P_638      -            194 1827295at2           -             74     0.015   14.1   0.1   1   1   9.2e-05      0.03   13.2   0.1     4    33     6    36     2    40 0.82 # 938274 # 938855 # -1 # ID=1_638;partial=00;start_type=ATG;rbs_motif=None;rbs_spacer=None;gc_cont=0.380
ctg000011_P_279      -           1929 1827295at2           -             74     0.021   13.6   0.0   1   1   0.00018     0.057   12.2   0.0     8    38   170   202   160   206 0.83 # 409580 # 415366 # -1 # ID=12_279;partial=00;start_type=ATG;rbs_motif=AACAA;rbs_spacer=8bp;gc_cont=0.351
ctg000013_P_71       -            753 1827295at2           -             74     0.025   13.4   0.1   1   2      0.11        35    3.3   0.0    13    31   230   248   217   254 0.84 # 106222 # 108480 # -1 # ID=14_71;partial=00;start_type=ATG;rbs_motif=AATAA;rbs_spacer=10bp;gc_cont=0.394
ctg000013_P_71       -            753 1827295at2           -             74     0.025   13.4   0.1   2   2    0.0081       2.6    6.9   0.0     9    33   559   583   548   587 0.84 # 106222 # 108480 # -1 # ID=14_71;partial=00;start_type=ATG;rbs_motif=AATAA;rbs_spacer=10bp;gc_cont=0.394
ctg000022_P_358      -            386 1827295at2           -             74     0.028   13.2   0.0   1   1   0.00026     0.083   11.7   0.0    11    43     6    37     3    39 0.88 # 589519 # 590676 # -1 # ID=17_358;partial=00;start_type=ATG;rbs_motif=AATAA;rbs_spacer=13bp;gc_cont=0.446
ctg000006_P_299      -           1220 1827295at2           -             74     0.032   13.1   0.0   1   1   0.00026     0.083   11.7   0.0     7    40   120   152   108   155 0.80 # 458781 # 462440 # 1 # ID=7_299;partial=00;start_type=ATG;rbs_motif=None;rbs_spacer=None;gc_cont=0.401
ctg000001_P_375      -            363 1827295at2           -             74     0.038   12.8   0.0   1   1   0.00023     0.073   11.9   0.0    11    35   129   153   118   162 0.87 # 562552 # 563640 # -1 # ID=2_375;partial=00;start_type=ATG;rbs_motif=None;rbs_spacer=None;gc_cont=0.380
ctg000010_P_247      -            611 1827295at2           -             74     0.068   12.0   0.1   1   2     0.067        21    4.0   0.0    13    30   112   129   101   135 0.88 # 352814 # 354646 # 1 # ID=11_247;partial=00;start_type=ATG;rbs_motif=None;rbs_spacer=None;gc_cont=0.409
ctg000010_P_247      -            611 1827295at2           -             74     0.068   12.0   0.1   2   2     0.044        14    4.6   0.0     9    32   422   445   411   473 0.79 # 352814 # 354646 # 1 # ID=11_247;partial=00;start_type=ATG;rbs_motif=None;rbs_spacer=None;gc_cont=0.409
ctg000005_P_337      -           1512 1827295at2           -             74     0.076   11.8   0.7   1   1   0.00058      0.19   10.6   0.1     8    33   869   896   856   901 0.79 # 492429 # 496964 # 1 # ID=6_337;partial=00;start_type=ATG;rbs_motif=AATAA;rbs_spacer=4bp;gc_cont=0.391
ctg000001_P_475      -            406 1827295at2           -             74     0.079   11.8   0.0   1   1   0.00049      0.16   10.8   0.0     8    32   180   206   172   223 0.83 # 694625 # 695842 # 1 # ID=2_475;partial=00;start_type=ATG;rbs_motif=None;rbs_spacer=None;gc_cont=0.405
ctg000011_P_167      -            408 1827295at2           -             74     0.081   11.8   0.1   1   1   0.00068      0.22   10.4   0.1     9    31    35    57    23    62 0.83 # 235014 # 236237 # 1 # ID=12_167;partial=00;start_type=ATG;rbs_motif=None;rbs_spacer=None;gc_cont=0.415
ctg000000_P_333      -           1502 1827295at2           -             74     0.081   11.8   0.4   1   1   0.00081      0.26   10.1   0.1     9    31   883   905   871   913 0.83 # 466381 # 470886 # 1 # ID=1_333;partial=00;start_type=ATG;rbs_motif=None;rbs_spacer=None;gc_cont=0.395
ctg000003_P_394      -            273 1827295at2           -             74     0.096   11.5   0.0   1   1   0.00065      0.21   10.4   0.0    12    33     7    28     4    32 0.86 # 594378 # 595196 # 1 # ID=4_394;partial=00;start_type=ATG;rbs_motif=None;rbs_spacer=None;gc_cont=0.387
ctg000002_P_92       -           1565 1827295at2           -             74      0.14   11.0   1.1   1   3       1.5   4.9e+02   -0.4   0.0    10    31   208   229   197   242 0.77 # 155433 # 160127 # -1 # ID=3_92;partial=00;start_type=ATG;rbs_motif=None;rbs_spacer=None;gc_cont=0.411
ctg000002_P_92       -           1565 1827295at2           -             74      0.14   11.0   1.1   2   3       8.8   2.8e+03   -2.8   0.0    42    69   376   402   375   403 0.80 # 155433 # 160127 # -1 # ID=3_92;partial=00;start_type=ATG;rbs_motif=None;rbs_spacer=None;gc_cont=0.411
ctg000002_P_92       -           1565 1827295at2           -             74      0.14   11.0   1.1   3   3    0.0057       1.8    7.4   0.1     9    31   953   975   940   986 0.84 # 155433 # 160127 # -1 # ID=3_92;partial=00;start_type=ATG;rbs_motif=None;rbs_spacer=None;gc_cont=0.411
#
# Program:         hmmsearch
# Version:         3.1b2 (February 2015)
# Pipeline mode:   SEARCH
# Query file:      /Users/dominiquefastus/DeNovoProj/BUSCO_ass/busco_downloads/lineages/bacteria_odb10/hmms/1827295at2.hmm
# Target file:     /Users/dominiquefastus/DeNovoProj/BUSCO_ass/busco_out/prodigal_output/predicted_genes/predicted.faa
# Option settings: hmmsearch --domtblout /Users/dominiquefastus/DeNovoProj/BUSCO_ass/busco_out/auto_lineage/run_bacteria_odb10/hmmer_output/1827295at2.out --cpu 1 /Users/dominiquefastus/DeNovoProj/BUSCO_ass/busco_downloads/lineages/bacteria_odb10/hmms/1827295at2.hmm /Users/dominiquefastus/DeNovoProj/BUSCO_ass/busco_out/prodigal_output/predicted_genes/predicted.faa 
# Current dir:     /Users/dominiquefastus/DeNovoProj/BUSCO_ass
# Date:            Fri Feb 24 11:40:48 2023
# [ok]
