#                                                                            --- full sequence --- -------------- this domain -------------   hmm coord   ali coord   env coord
# target name        accession   tlen query name           accession   qlen   E-value  score  bias   #  of  c-Evalue  i-Evalue  score  bias  from    to  from    to  from    to  acc description of target
#------------------- ---------- ----- -------------------- ---------- ----- --------- ------ ----- --- --- --------- --------- ------ ----- ----- ----- ----- ----- ----- ----- ---- ---------------------
ctg000013_P_112      -            504 469058at2            -            299   3.9e-53  179.5   1.4   1   3      0.31   6.4e+02   -1.8   0.0    32   118    99   187    70   197 0.46 # 176941 # 178452 # 1 # ID=14_112;partial=00;start_type=ATG;rbs_motif=None;rbs_spacer=None;gc_cont=0.441
ctg000013_P_112      -            504 469058at2            -            299   3.9e-53  179.5   1.4   2   3   2.7e-19   5.6e-16   57.4   0.1    84   142   223   282   214   284 0.90 # 176941 # 178452 # 1 # ID=14_112;partial=00;start_type=ATG;rbs_motif=None;rbs_spacer=None;gc_cont=0.441
ctg000013_P_112      -            504 469058at2            -            299   3.9e-53  179.5   1.4   3   3   3.6e-38   7.5e-35  119.4   0.0   142   291   326   482   321   488 0.91 # 176941 # 178452 # 1 # ID=14_112;partial=00;start_type=ATG;rbs_motif=None;rbs_spacer=None;gc_cont=0.441
ctg000005_P_199      -            475 469058at2            -            299   1.2e-42  145.0   0.1   1   2   1.4e-21   2.9e-18   65.0   0.1    87   193    62   183    38   191 0.79 # 283834 # 285258 # -1 # ID=6_199;partial=00;start_type=ATG;rbs_motif=AAAAAA;rbs_spacer=10bp;gc_cont=0.380
ctg000005_P_199      -            475 469058at2            -            299   1.2e-42  145.0   0.1   2   2   1.8e-25   3.7e-22   77.7   0.0   213   299   277   365   239   365 0.89 # 283834 # 285258 # -1 # ID=6_199;partial=00;start_type=ATG;rbs_motif=AAAAAA;rbs_spacer=10bp;gc_cont=0.380
ctg000008_P_204      -            577 469058at2            -            299     0.013   13.6   0.2   1   2   4.7e-05     0.098   10.7   0.1   161   212   296   352   288   360 0.70 # 287472 # 289202 # -1 # ID=9_204;partial=00;start_type=ATG;rbs_motif=None;rbs_spacer=None;gc_cont=0.418
ctg000008_P_204      -            577 469058at2            -            299     0.013   13.6   0.2   2   2      0.07   1.4e+02    0.3   0.0   268   279   544   555   541   566 0.82 # 287472 # 289202 # -1 # ID=9_204;partial=00;start_type=ATG;rbs_motif=None;rbs_spacer=None;gc_cont=0.418
ctg000000_P_372      -            592 469058at2            -            299     0.024   12.7   2.7   1   3      0.52   1.1e+03   -2.6   0.5    48    71    31    50     7    68 0.53 # 520384 # 522159 # 1 # ID=1_372;partial=00;start_type=ATG;rbs_motif=AATAA;rbs_spacer=15bp;gc_cont=0.402
ctg000000_P_372      -            592 469058at2            -            299     0.024   12.7   2.7   2   3   0.00012      0.25    9.3   0.0   162   208   318   362   315   390 0.70 # 520384 # 522159 # 1 # ID=1_372;partial=00;start_type=ATG;rbs_motif=AATAA;rbs_spacer=15bp;gc_cont=0.402
ctg000000_P_372      -            592 469058at2            -            299     0.024   12.7   2.7   3   3     0.015        30    2.5   0.0   268   288   550   570   547   572 0.89 # 520384 # 522159 # 1 # ID=1_372;partial=00;start_type=ATG;rbs_motif=AATAA;rbs_spacer=15bp;gc_cont=0.402
#
# Program:         hmmsearch
# Version:         3.1b2 (February 2015)
# Pipeline mode:   SEARCH
# Query file:      /Users/dominiquefastus/DeNovoProj/BUSCO_ass/busco_downloads/lineages/bacteria_odb10/hmms/469058at2.hmm
# Target file:     /Users/dominiquefastus/DeNovoProj/BUSCO_ass/busco_out/prodigal_output/predicted_genes/predicted.faa
# Option settings: hmmsearch --domtblout /Users/dominiquefastus/DeNovoProj/BUSCO_ass/busco_out/auto_lineage/run_bacteria_odb10/hmmer_output/469058at2.out --cpu 1 /Users/dominiquefastus/DeNovoProj/BUSCO_ass/busco_downloads/lineages/bacteria_odb10/hmms/469058at2.hmm /Users/dominiquefastus/DeNovoProj/BUSCO_ass/busco_out/prodigal_output/predicted_genes/predicted.faa 
# Current dir:     /Users/dominiquefastus/DeNovoProj/BUSCO_ass
# Date:            Fri Feb 24 11:40:59 2023
# [ok]
