#                                                                            --- full sequence --- -------------- this domain -------------   hmm coord   ali coord   env coord
# target name        accession   tlen query name           accession   qlen   E-value  score  bias   #  of  c-Evalue  i-Evalue  score  bias  from    to  from    to  from    to  acc description of target
#------------------- ---------- ----- -------------------- ---------- ----- --------- ------ ----- --- --- --------- --------- ------ ----- ----- ----- ----- ----- ----- ----- ---- ---------------------
ctg000001_P_62       -            438 533698at2            -            290   1.8e-90  302.0   5.0   1   2     6e-49     1e-45  155.1   3.2     8   173    31   254    19   256 0.81 # 95125 # 96438 # -1 # ID=2_62;partial=00;start_type=ATG;rbs_motif=None;rbs_spacer=None;gc_cont=0.462
ctg000001_P_62       -            438 533698at2            -            290   1.8e-90  302.0   5.0   2   2   1.8e-45   2.9e-42  143.8   0.0   171   290   288   418   281   418 0.93 # 95125 # 96438 # -1 # ID=2_62;partial=00;start_type=ATG;rbs_motif=None;rbs_spacer=None;gc_cont=0.462
ctg000006_P_584      -            438 533698at2            -            290   2.4e-89  298.3   3.5   1   2   7.9e-48   1.3e-44  151.5   2.3     1   167    19   221    19   254 0.78 # 898018 # 899331 # 1 # ID=7_584;partial=00;start_type=ATG;rbs_motif=None;rbs_spacer=None;gc_cont=0.467
ctg000006_P_584      -            438 533698at2            -            290   2.4e-89  298.3   3.5   2   2   9.1e-46   1.5e-42  144.7   0.0   172   290   289   418   285   418 0.92 # 898018 # 899331 # 1 # ID=7_584;partial=00;start_type=ATG;rbs_motif=None;rbs_spacer=None;gc_cont=0.467
ctg000011_P_83       -            438 533698at2            -            290   2.4e-89  298.3   8.2   1   2     3e-48   4.9e-45  152.9   5.6     8   173    31   254    19   256 0.81 # 110414 # 111727 # -1 # ID=12_83;partial=00;start_type=ATG;rbs_motif=None;rbs_spacer=None;gc_cont=0.475
ctg000011_P_83       -            438 533698at2            -            290   2.4e-89  298.3   8.2   2   2   2.9e-45   4.9e-42  143.0   0.0   171   290   288   418   276   418 0.93 # 110414 # 111727 # -1 # ID=12_83;partial=00;start_type=ATG;rbs_motif=None;rbs_spacer=None;gc_cont=0.475
ctg000002_P_7        -            438 533698at2            -            290   2.7e-89  298.1   3.5   1   2   8.8e-48   1.5e-44  151.3   2.4     1   166    19   220    19   255 0.78 # 10341 # 11654 # -1 # ID=3_7;partial=00;start_type=ATG;rbs_motif=None;rbs_spacer=None;gc_cont=0.466
ctg000002_P_7        -            438 533698at2            -            290   2.7e-89  298.1   3.5   2   2   9.1e-46   1.5e-42  144.7   0.0   172   290   289   418   285   418 0.92 # 10341 # 11654 # -1 # ID=3_7;partial=00;start_type=ATG;rbs_motif=None;rbs_spacer=None;gc_cont=0.466
ctg000005_P_630      -            438 533698at2            -            290   3.1e-89  297.9   3.0   1   2   1.1e-47   1.8e-44  151.0   1.9     1   166    19   220    19   255 0.78 # 932005 # 933318 # 1 # ID=6_630;partial=00;start_type=ATG;rbs_motif=None;rbs_spacer=None;gc_cont=0.463
ctg000005_P_630      -            438 533698at2            -            290   3.1e-89  297.9   3.0   2   2   9.1e-46   1.5e-42  144.7   0.0   172   290   289   418   285   418 0.92 # 932005 # 933318 # 1 # ID=6_630;partial=00;start_type=ATG;rbs_motif=None;rbs_spacer=None;gc_cont=0.463
#
# Program:         hmmsearch
# Version:         3.1b2 (February 2015)
# Pipeline mode:   SEARCH
# Query file:      /Users/dominiquefastus/DeNovoProj/BUSCO_ass/busco_downloads/lineages/bacteria_odb10/hmms/533698at2.hmm
# Target file:     /Users/dominiquefastus/DeNovoProj/BUSCO_ass/busco_out/prodigal_output/predicted_genes/predicted.faa
# Option settings: hmmsearch --domtblout /Users/dominiquefastus/DeNovoProj/BUSCO_ass/busco_out/auto_lineage/run_bacteria_odb10/hmmer_output/533698at2.out --cpu 1 /Users/dominiquefastus/DeNovoProj/BUSCO_ass/busco_downloads/lineages/bacteria_odb10/hmms/533698at2.hmm /Users/dominiquefastus/DeNovoProj/BUSCO_ass/busco_out/prodigal_output/predicted_genes/predicted.faa 
# Current dir:     /Users/dominiquefastus/DeNovoProj/BUSCO_ass
# Date:            Fri Feb 24 11:41:00 2023
# [ok]
