#                                                                            --- full sequence --- -------------- this domain -------------   hmm coord   ali coord   env coord
# target name        accession   tlen query name           accession   qlen   E-value  score  bias   #  of  c-Evalue  i-Evalue  score  bias  from    to  from    to  from    to  acc description of target
#------------------- ---------- ----- -------------------- ---------- ----- --------- ------ ----- --- --- --------- --------- ------ ----- ----- ----- ----- ----- ----- ----- ---- ---------------------
ctg000007_P_535      -            546 837522at2            -            420    1e-189  629.6   0.1   1   1  7.2e-193  1.5e-189  629.1   0.1    10   415    62   504    54   509 0.92 # 768532 # 770169 # -1 # ID=8_535;partial=00;start_type=ATG;rbs_motif=AAAAAA;rbs_spacer=15bp;gc_cont=0.437
ctg000007_P_227      -            518 837522at2            -            420   4.1e-38  130.2   0.1   1   2   4.2e-12   8.7e-09   33.6   0.1    62   135    90   170    62   194 0.80 # 326787 # 328340 # 1 # ID=8_227;partial=00;start_type=ATG;rbs_motif=AATAA;rbs_spacer=11bp;gc_cont=0.423
ctg000007_P_227      -            518 837522at2            -            420   4.1e-38  130.2   0.1   2   2   1.2e-30   2.4e-27   94.7   0.0   159   342   209   397   197   436 0.90 # 326787 # 328340 # 1 # ID=8_227;partial=00;start_type=ATG;rbs_motif=AATAA;rbs_spacer=11bp;gc_cont=0.423
ctg000022_P_413      -            512 837522at2            -            420   1.8e-29  101.8   0.2   1   1   1.1e-32   2.3e-29  101.3   0.2    43   401    83   464    64   480 0.82 # 666144 # 667679 # 1 # ID=17_413;partial=00;start_type=ATG;rbs_motif=AATAA;rbs_spacer=8bp;gc_cont=0.430
ctg000000_P_92       -           1072 837522at2            -            420   3.7e-15   54.6   0.7   1   3    0.0008       1.7    6.3   0.1     6    93    18   114    13   129 0.81 # 127245 # 130460 # 1 # ID=1_92;partial=00;start_type=ATG;rbs_motif=AAGAA;rbs_spacer=3bp;gc_cont=0.412
ctg000000_P_92       -           1072 837522at2            -            420   3.7e-15   54.6   0.7   2   3   0.00038      0.79    7.4   0.0   106   149   224   267   218   306 0.85 # 127245 # 130460 # 1 # ID=1_92;partial=00;start_type=ATG;rbs_motif=AAGAA;rbs_spacer=3bp;gc_cont=0.412
ctg000000_P_92       -           1072 837522at2            -            420   3.7e-15   54.6   0.7   3   3   2.4e-13   5.1e-10   37.7   0.0   182   328   764   918   756  1011 0.85 # 127245 # 130460 # 1 # ID=1_92;partial=00;start_type=ATG;rbs_motif=AAGAA;rbs_spacer=3bp;gc_cont=0.412
#
# Program:         hmmsearch
# Version:         3.1b2 (February 2015)
# Pipeline mode:   SEARCH
# Query file:      /Users/dominiquefastus/DeNovoProj/BUSCO_ass/busco_downloads/lineages/bacteria_odb10/hmms/837522at2.hmm
# Target file:     /Users/dominiquefastus/DeNovoProj/BUSCO_ass/busco_out/prodigal_output/predicted_genes/predicted.faa
# Option settings: hmmsearch --domtblout /Users/dominiquefastus/DeNovoProj/BUSCO_ass/busco_out/auto_lineage/run_bacteria_odb10/hmmer_output/837522at2.out --cpu 1 /Users/dominiquefastus/DeNovoProj/BUSCO_ass/busco_downloads/lineages/bacteria_odb10/hmms/837522at2.hmm /Users/dominiquefastus/DeNovoProj/BUSCO_ass/busco_out/prodigal_output/predicted_genes/predicted.faa 
# Current dir:     /Users/dominiquefastus/DeNovoProj/BUSCO_ass
# Date:            Fri Feb 24 11:41:03 2023
# [ok]
