#                                                                            --- full sequence --- -------------- this domain -------------   hmm coord   ali coord   env coord
# target name        accession   tlen query name           accession   qlen   E-value  score  bias   #  of  c-Evalue  i-Evalue  score  bias  from    to  from    to  from    to  acc description of target
#------------------- ---------- ----- -------------------- ---------- ----- --------- ------ ----- --- --- --------- --------- ------ ----- ----- ----- ----- ----- ----- ----- ---- ---------------------
ctg000001_P_707      -            803 932854at2            -           1620  4.3e-163  543.7   0.3   1   1  3.2e-166  5.3e-163  543.4   0.3     2   430     2   454     1   483 0.92 # 1059222 # 1061630 # -1 # ID=2_707;partial=00;start_type=ATG;rbs_motif=None;rbs_spacer=None;gc_cont=0.448
ctg000001_P_316      -           1359 932854at2            -           1620   7.5e-45  151.8   0.0   1   4   2.6e-05     0.044   10.0   0.1   588   665   204   282   176   292 0.86 # 484250 # 488326 # 1 # ID=2_316;partial=00;start_type=ATG;rbs_motif=AACAA;rbs_spacer=15bp;gc_cont=0.407
ctg000001_P_316      -           1359 932854at2            -           1620   7.5e-45  151.8   0.0   2   4   4.2e-32     7e-29   98.8   0.0   731  1196   325   826   312   850 0.80 # 484250 # 488326 # 1 # ID=2_316;partial=00;start_type=ATG;rbs_motif=AACAA;rbs_spacer=15bp;gc_cont=0.407
ctg000001_P_316      -           1359 932854at2            -           1620   7.5e-45  151.8   0.0   3   4      0.11   1.8e+02   -2.0   0.1   534   617   975  1060   930  1079 0.72 # 484250 # 488326 # 1 # ID=2_316;partial=00;start_type=ATG;rbs_motif=AACAA;rbs_spacer=15bp;gc_cont=0.407
ctg000001_P_316      -           1359 932854at2            -           1620   7.5e-45  151.8   0.0   4   4   7.8e-14   1.3e-10   38.3   0.0  1364  1595  1088  1324   977  1332 0.73 # 484250 # 488326 # 1 # ID=2_316;partial=00;start_type=ATG;rbs_motif=AACAA;rbs_spacer=15bp;gc_cont=0.407
ctg000014_P_120      -            307 932854at2            -           1620   1.6e-10   38.0   0.0   1   2   1.1e-06    0.0018   14.6   0.0   544   689    84   223    35   228 0.73 # 170181 # 171101 # 1 # ID=15_120;partial=00;start_type=ATG;rbs_motif=None;rbs_spacer=None;gc_cont=0.433
ctg000014_P_120      -            307 932854at2            -           1620   1.6e-10   38.0   0.0   2   2   7.2e-09   1.2e-05   21.8   0.0   753   816   228   302   224   305 0.84 # 170181 # 171101 # 1 # ID=15_120;partial=00;start_type=ATG;rbs_motif=None;rbs_spacer=None;gc_cont=0.433
ctg000007_P_108      -           1181 932854at2            -           1620   8.3e-07   25.7   0.1   1   1   7.5e-10   1.3e-06   25.1   0.1    51   186    84   225    70   236 0.85 # 151511 # 155053 # 1 # ID=8_108;partial=00;start_type=ATG;rbs_motif=AACAA;rbs_spacer=8bp;gc_cont=0.432
ctg000001_P_497      -           1179 932854at2            -           1620   1.7e-06   24.6   0.0   1   1   1.5e-09   2.5e-06   24.1   0.0    52   186    84   224    71   235 0.83 # 717180 # 720716 # -1 # ID=2_497;partial=00;start_type=ATG;rbs_motif=None;rbs_spacer=None;gc_cont=0.434
#
# Program:         hmmsearch
# Version:         3.1b2 (February 2015)
# Pipeline mode:   SEARCH
# Query file:      /Users/dominiquefastus/DeNovoProj/BUSCO_ass/busco_downloads/lineages/bacteria_odb10/hmms/932854at2.hmm
# Target file:     /Users/dominiquefastus/DeNovoProj/BUSCO_ass/busco_out/prodigal_output/predicted_genes/predicted.faa
# Option settings: hmmsearch --domtblout /Users/dominiquefastus/DeNovoProj/BUSCO_ass/busco_out/auto_lineage/run_bacteria_odb10/hmmer_output/932854at2.out --cpu 1 /Users/dominiquefastus/DeNovoProj/BUSCO_ass/busco_downloads/lineages/bacteria_odb10/hmms/932854at2.hmm /Users/dominiquefastus/DeNovoProj/BUSCO_ass/busco_out/prodigal_output/predicted_genes/predicted.faa 
# Current dir:     /Users/dominiquefastus/DeNovoProj/BUSCO_ass
# Date:            Fri Feb 24 11:41:07 2023
# [ok]
