#                                                                                 --- full sequence --- -------------- this domain -------------   hmm coord   ali coord   env coord
# target name             accession   tlen query name           accession   qlen   E-value  score  bias   #  of  c-Evalue  i-Evalue  score  bias  from    to  from    to  from    to  acc description of target
#     ------------------- ---------- ----- -------------------- ---------- ----- --------- ------ ----- --- --- --------- --------- ------ ----- ----- ----- ----- ----- ----- ----- ---- ---------------------
ctg000022_P:710310-714233 -           1308 16618at4891          -            859    1e-111  365.0  64.2   1   7   3.7e-15   9.5e-14   40.9   1.3     2    83   116   197   115   215 0.86 -
ctg000022_P:710310-714233 -           1308 16618at4891          -            859    1e-111  365.0  64.2   2   7    0.0052      0.14    0.7   0.1    57    94   235   272   224   279 0.77 -
ctg000022_P:710310-714233 -           1308 16618at4891          -            859    1e-111  365.0  64.2   3   7     0.004       0.1    1.1   0.5    88   111   345   368   337   393 0.84 -
ctg000022_P:710310-714233 -           1308 16618at4891          -            859    1e-111  365.0  64.2   4   7   0.00042     0.011    4.3   0.0   104   134   415   445   388   465 0.84 -
ctg000022_P:710310-714233 -           1308 16618at4891          -            859    1e-111  365.0  64.2   5   7   5.3e-09   1.4e-07   20.5   5.4   137   233   496   627   475   660 0.75 -
ctg000022_P:710310-714233 -           1308 16618at4891          -            859    1e-111  365.0  64.2   6   7   1.4e-07   3.6e-06   15.8   0.2   232   260   670   698   667   703 0.93 -
ctg000022_P:710310-714233 -           1308 16618at4891          -            859    1e-111  365.0  64.2   7   7   1.1e-93   2.9e-92  300.6  22.3   291   633   794  1230   736  1259 0.79 -
#
# Program:         hmmsearch
# Version:         3.1b2 (February 2015)
# Pipeline mode:   SEARCH
# Query file:      /Users/dominiquefastus/DeNovoProj/BUSCO_ass/busco_downloads/lineages/saccharomycetes_odb10/hmms/16618at4891.hmm
# Target file:     /Users/dominiquefastus/DeNovoProj/BUSCO_ass/busco_out/run_saccharomycetes_odb10/metaeuk_output/rerun_results/asm_ctgs_m.fa.modified.fas
# Option settings: hmmsearch --domtblout /Users/dominiquefastus/DeNovoProj/BUSCO_ass/busco_out/run_saccharomycetes_odb10/hmmer_output/rerun_results/16618at4891.out --cpu 1 /Users/dominiquefastus/DeNovoProj/BUSCO_ass/busco_downloads/lineages/saccharomycetes_odb10/hmms/16618at4891.hmm /Users/dominiquefastus/DeNovoProj/BUSCO_ass/busco_out/run_saccharomycetes_odb10/metaeuk_output/rerun_results/asm_ctgs_m.fa.modified.fas 
# Current dir:     /Users/dominiquefastus/DeNovoProj/BUSCO_ass
# Date:            Fri Feb 24 14:33:48 2023
# [ok]
