#                                                                                 --- full sequence --- -------------- this domain -------------   hmm coord   ali coord   env coord
# target name             accession   tlen query name           accession   qlen   E-value  score  bias   #  of  c-Evalue  i-Evalue  score  bias  from    to  from    to  from    to  acc description of target
#     ------------------- ---------- ----- -------------------- ---------- ----- --------- ------ ----- --- --- --------- --------- ------ ----- ----- ----- ----- ----- ----- ----- ---- ---------------------
ctg000010_P:519872-521287 -            472 10892at4891          -            355  2.4e-170  563.7  18.3   1   3   2.3e-08   1.6e-05   21.6   0.0     1    28     1    28     1    46 0.89 -
ctg000010_P:519872-521287 -            472 10892at4891          -            355  2.4e-170  563.7  18.3   2   3   8.1e-96   5.4e-93  309.3   8.1    34   210    79   287    67   292 0.88 -
ctg000010_P:519872-521287 -            472 10892at4891          -            355  2.4e-170  563.7  18.3   3   3   8.6e-71   5.8e-68  227.0   1.1   205   354   302   470   291   471 0.88 -
ctg000003_P:882460-884790 -            777 10892at4891          -            355     0.004   13.7   0.0   1   2   0.00038      0.25    7.8   0.0    38    67   277   306   261   310 0.80 -
ctg000003_P:882460-884790 -            777 10892at4891          -            355     0.004   13.7   0.0   2   2    0.0093       6.2    3.2   0.0    38    55   548   565   537   573 0.87 -
ctg000001_P:562554-563639 -            362 10892at4891          -            355    0.0093   12.5   0.0   1   1   2.7e-05     0.018   11.6   0.0    37    58   123   144   101   175 0.84 -
ctg000009_P:77886-80999   -           1038 10892at4891          -            355     0.012   12.1   0.0   1   1   3.9e-05     0.026   11.0   0.0    27    57   713   743   709   751 0.92 -
#
# Program:         hmmsearch
# Version:         3.1b2 (February 2015)
# Pipeline mode:   SEARCH
# Query file:      /Users/dominiquefastus/DeNovoProj/BUSCO_ass/busco_downloads/lineages/saccharomycetes_odb10/hmms/10892at4891.hmm
# Target file:     /Users/dominiquefastus/DeNovoProj/BUSCO_ass/busco_out/run_saccharomycetes_odb10/metaeuk_output/initial_results/asm_ctgs_m.fa.modified.fas
# Option settings: hmmsearch --domtblout /Users/dominiquefastus/DeNovoProj/BUSCO_ass/busco_out/run_saccharomycetes_odb10/hmmer_output/initial_run_results/10892at4891.out --cpu 1 /Users/dominiquefastus/DeNovoProj/BUSCO_ass/busco_downloads/lineages/saccharomycetes_odb10/hmms/10892at4891.hmm /Users/dominiquefastus/DeNovoProj/BUSCO_ass/busco_out/run_saccharomycetes_odb10/metaeuk_output/initial_results/asm_ctgs_m.fa.modified.fas 
# Current dir:     /Users/dominiquefastus/DeNovoProj/BUSCO_ass
# Date:            Fri Feb 24 13:43:44 2023
# [ok]
