#                                                                                 --- full sequence --- -------------- this domain -------------   hmm coord   ali coord   env coord
# target name             accession   tlen query name           accession   qlen   E-value  score  bias   #  of  c-Evalue  i-Evalue  score  bias  from    to  from    to  from    to  acc description of target
#     ------------------- ---------- ----- -------------------- ---------- ----- --------- ------ ----- --- --- --------- --------- ------ ----- ----- ----- ----- ----- ----- ----- ---- ---------------------
ctg000012_P:149376-155840 -           2155 1228at4891           -           1049  1.3e-264  878.4  70.7   1   5     1e-05    0.0017   13.8   2.1    28   135   423   541   400   624 0.72 -
ctg000012_P:149376-155840 -           2155 1228at4891           -           1049  1.3e-264  878.4  70.7   2   5     0.085        14    0.9   6.4   147   301   632   796   592   826 0.72 -
ctg000012_P:149376-155840 -           2155 1228at4891           -           1049  1.3e-264  878.4  70.7   3   5       9.2   1.5e+03   -5.9  23.4    53   396   698  1060   661  1073 0.69 -
ctg000012_P:149376-155840 -           2155 1228at4891           -           1049  1.3e-264  878.4  70.7   4   5  1.1e-253  1.8e-251  834.8   4.1   436   887  1347  1830  1335  1856 0.92 -
ctg000012_P:149376-155840 -           2155 1228at4891           -           1049  1.3e-264  878.4  70.7   5   5   3.2e-19   5.3e-17   58.6   4.6   893  1035  1911  2109  1900  2118 0.72 -
ctg000009_P:515858-516736 -            293 1228at4891           -           1049   2.2e-08   30.0   0.2   1   3   0.00057     0.095    8.1   0.0   918   959     5    48     2    66 0.81 -
ctg000009_P:515858-516736 -            293 1228at4891           -           1049   2.2e-08   30.0   0.2   2   3   0.00016     0.027    9.9   0.0   920   978    69   126    57   132 0.86 -
ctg000009_P:515858-516736 -            293 1228at4891           -           1049   2.2e-08   30.0   0.2   3   3    0.0003      0.05    9.0   0.0   908   966   153   219   144   253 0.80 -
ctg000005_P:675289-676623 -            445 1228at4891           -           1049   8.1e-08   28.2   0.5   1   2   6.4e-07   0.00011   17.8   0.2   882   968   120   218   117   226 0.74 -
ctg000005_P:675289-676623 -            445 1228at4891           -           1049   8.1e-08   28.2   0.5   2   2    0.0004     0.067    8.6   0.0   905   965   229   299   216   314 0.79 -
ctg000008_P:156612-157523 -            304 1228at4891           -           1049   3.8e-06   22.6   0.2   1   2   2.9e-06   0.00048   15.7   0.0   908   967    90   158    72   190 0.77 -
ctg000008_P:156612-157523 -            304 1228at4891           -           1049   3.8e-06   22.6   0.2   2   2    0.0067       1.1    4.5   0.2   892   964   217   289   200   303 0.72 -
ctg000002_P:347755-349020 -            422 1228at4891           -           1049   1.3e-05   20.9   1.7   1   3   0.00025     0.043    9.2   0.6   883   958    45   124    37   176 0.80 -
ctg000002_P:347755-349020 -            422 1228at4891           -           1049   1.3e-05   20.9   1.7   2   3    0.0008      0.13    7.6   0.0   923   965   177   219   170   227 0.92 -
ctg000002_P:347755-349020 -            422 1228at4891           -           1049   1.3e-05   20.9   1.7   3   3     0.062        10    1.3   0.0   936   973   238   275   233   302 0.83 -
ctg000003_P:379491-382319 -            943 1228at4891           -           1049   2.1e-05   20.2  16.3   1   5     0.013       2.1    3.6   0.1   907   956    92   151    83   153 0.76 -
ctg000003_P:379491-382319 -            943 1228at4891           -           1049   2.1e-05   20.2  16.3   2   5   2.2e-05    0.0037   12.7   0.9   911   964   147   200   140   226 0.88 -
ctg000003_P:379491-382319 -            943 1228at4891           -           1049   2.1e-05   20.2  16.3   3   5   0.00088      0.15    7.4   0.0   920   967   384   431   374   503 0.79 -
ctg000003_P:379491-382319 -            943 1228at4891           -           1049   2.1e-05   20.2  16.3   4   5    0.0022      0.37    6.1   0.1   907   973   586   662   571   702 0.79 -
ctg000003_P:379491-382319 -            943 1228at4891           -           1049   2.1e-05   20.2  16.3   5   5       1.1   1.8e+02   -2.8   2.3   314   426   828   938   794   941 0.63 -
ctg000010_P:287694-288548 -            285 1228at4891           -           1049   2.9e-05   19.7   4.3   1   5    0.0016      0.28    6.5   0.1   923   961     1    39     1    51 0.89 -
ctg000010_P:287694-288548 -            285 1228at4891           -           1049   2.9e-05   19.7   4.3   2   5      0.05       8.4    1.6   0.0   893   923    47    77    40    85 0.82 -
ctg000010_P:287694-288548 -            285 1228at4891           -           1049   2.9e-05   19.7   4.3   3   5    0.0056      0.94    4.8   0.1   923   964   109   149   104   161 0.85 -
ctg000010_P:287694-288548 -            285 1228at4891           -           1049   2.9e-05   19.7   4.3   4   5     0.017       2.9    3.2   0.1   920   960   146   187   143   206 0.81 -
ctg000010_P:287694-288548 -            285 1228at4891           -           1049   2.9e-05   19.7   4.3   5   5     0.022       3.6    2.8   0.0   920   961   208   247   193   283 0.76 -
ctg000013_P:154085-154729 -            215 1228at4891           -           1049   3.9e-05   19.3   1.0   1   3   0.00088      0.15    7.4   0.1   908   960    18    79     1    89 0.77 -
ctg000013_P:154085-154729 -            215 1228at4891           -           1049   3.9e-05   19.3   1.0   2   3     0.033       5.5    2.2   0.0   893   923    88   118    80   126 0.82 -
ctg000013_P:154085-154729 -            215 1228at4891           -           1049   3.9e-05   19.3   1.0   3   3    0.0011      0.19    7.1   0.0   923   965   150   191   135   207 0.85 -
ctg000007_P:370295-371899 -            535 1228at4891           -           1049   0.00016   17.2   1.3   1   2     7e-05     0.012   11.1   0.3   907   966   233   301   218   312 0.79 -
ctg000007_P:370295-371899 -            535 1228at4891           -           1049   0.00016   17.2   1.3   2   2    0.0049      0.81    5.0   0.0   908   961   373   435   358   476 0.81 -
ctg000012_P:112251-115004 -            918 1228at4891           -           1049   0.00025   16.6   2.9   1   5      0.37        62   -1.2   0.0   926   965    54    94    49   101 0.82 -
ctg000012_P:112251-115004 -            918 1228at4891           -           1049   0.00025   16.6   2.9   2   5       0.8   1.3e+02   -2.4   0.0   917   957   181   222   144   224 0.78 -
ctg000012_P:112251-115004 -            918 1228at4891           -           1049   0.00025   16.6   2.9   3   5   7.1e-05     0.012   11.0   0.0   908   965   359   426   334   432 0.84 -
ctg000012_P:112251-115004 -            918 1228at4891           -           1049   0.00025   16.6   2.9   4   5     0.047       7.9    1.7   0.1   909   983   488   561   477   606 0.82 -
ctg000012_P:112251-115004 -            918 1228at4891           -           1049   0.00025   16.6   2.9   5   5       0.2        33   -0.3   0.0   248   368   728   852   707   893 0.69 -
ctg000009_P:404496-405719 -            408 1228at4891           -           1049   0.00031   16.3   0.7   1   3      0.92   1.5e+02   -2.6   0.0   919   961    38    79    32    94 0.80 -
ctg000009_P:404496-405719 -            408 1228at4891           -           1049   0.00031   16.3   0.7   2   3    0.0079       1.3    4.3   0.2   922   974   138   191   100   196 0.79 -
ctg000009_P:404496-405719 -            408 1228at4891           -           1049   0.00031   16.3   0.7   3   3   0.00019     0.032    9.6   0.0   920   961   287   331   279   350 0.84 -
ctg000022_P:213435-214070 -            212 1228at4891           -           1049   0.00071   15.1   0.1   1   2     0.011       1.9    3.8   0.0   937   971    11    45     1    69 0.75 -
ctg000022_P:213435-214070 -            212 1228at4891           -           1049   0.00071   15.1   0.1   2   2   0.00014     0.024   10.0   0.0   908   994    78   180    54   212 0.61 -
ctg000005_P:859210-860166 -            319 1228at4891           -           1049    0.0014   14.1   0.1   1   2    0.0022      0.36    6.1   0.1   934   985    49   100    34   114 0.80 -
ctg000005_P:859210-860166 -            319 1228at4891           -           1049    0.0014   14.1   0.1   2   2    0.0024       0.4    6.0   0.0   920   958   184   224   169   237 0.84 -
ctg000107_P:181737-182555 -            273 1228at4891           -           1049    0.0037   12.7   5.9   1   5       1.1   1.8e+02   -2.8   0.0   948   965     6    23     3    32 0.85 -
ctg000107_P:181737-182555 -            273 1228at4891           -           1049    0.0037   12.7   5.9   2   5     0.032       5.4    2.3   0.2   908   956    38    94    24    98 0.75 -
ctg000107_P:181737-182555 -            273 1228at4891           -           1049    0.0037   12.7   5.9   3   5    0.0013      0.21    6.9   0.5   908   975    78   154    64   171 0.73 -
ctg000107_P:181737-182555 -            273 1228at4891           -           1049    0.0037   12.7   5.9   4   5      0.49        82   -1.7   0.0   940   963   208   231   197   233 0.87 -
ctg000107_P:181737-182555 -            273 1228at4891           -           1049    0.0037   12.7   5.9   5   5    0.0036       0.6    5.4   0.1   924   964   233   272   225   273 0.89 -
ctg000007_P:236257-237153 -            299 1228at4891           -           1049    0.0039   12.7   0.3   1   3    0.0014      0.23    6.8   0.1   921   967    75   122    62   140 0.85 -
ctg000007_P:236257-237153 -            299 1228at4891           -           1049    0.0039   12.7   0.3   2   3     0.014       2.3    3.5   0.0   921   967   168   215   160   223 0.81 -
ctg000007_P:236257-237153 -            299 1228at4891           -           1049    0.0039   12.7   0.3   3   3       1.5   2.6e+02   -3.3   0.0   941   978   241   278   237   296 0.68 -
ctg000012_P:93603-94601   -            333 1228at4891           -           1049    0.0047   12.4   3.2   1   3    0.0068       1.1    4.5   0.3   908   958    68   127    45   144 0.76 -
ctg000012_P:93603-94601   -            333 1228at4891           -           1049    0.0047   12.4   3.2   2   3     0.084        14    0.9   0.0   920   964   213   258   174   259 0.80 -
ctg000012_P:93603-94601   -            333 1228at4891           -           1049    0.0047   12.4   3.2   3   3   0.00091      0.15    7.4   0.2   922   964   257   296   233   315 0.80 -
#
# Program:         hmmsearch
# Version:         3.1b2 (February 2015)
# Pipeline mode:   SEARCH
# Query file:      /Users/dominiquefastus/DeNovoProj/BUSCO_ass/busco_downloads/lineages/saccharomycetes_odb10/hmms/1228at4891.hmm
# Target file:     /Users/dominiquefastus/DeNovoProj/BUSCO_ass/busco_out/run_saccharomycetes_odb10/metaeuk_output/initial_results/asm_ctgs_m.fa.modified.fas
# Option settings: hmmsearch --domtblout /Users/dominiquefastus/DeNovoProj/BUSCO_ass/busco_out/run_saccharomycetes_odb10/hmmer_output/initial_run_results/1228at4891.out --cpu 1 /Users/dominiquefastus/DeNovoProj/BUSCO_ass/busco_downloads/lineages/saccharomycetes_odb10/hmms/1228at4891.hmm /Users/dominiquefastus/DeNovoProj/BUSCO_ass/busco_out/run_saccharomycetes_odb10/metaeuk_output/initial_results/asm_ctgs_m.fa.modified.fas 
# Current dir:     /Users/dominiquefastus/DeNovoProj/BUSCO_ass
# Date:            Fri Feb 24 13:46:53 2023
# [ok]
