#                                                                                   --- full sequence --- -------------- this domain -------------   hmm coord   ali coord   env coord
# target name               accession   tlen query name           accession   qlen   E-value  score  bias   #  of  c-Evalue  i-Evalue  score  bias  from    to  from    to  from    to  acc description of target
#       ------------------- ---------- ----- -------------------- ---------- ----- --------- ------ ----- --- --- --------- --------- ------ ----- ----- ----- ----- ----- ----- ----- ---- ---------------------
ctg000000_P:1326089-1330288 -           1400 1240at4891           -            620  1.2e-128  427.3  32.8   1   9   1.2e-11   3.2e-08   29.5   0.0     1    46    20    75    20    82 0.83 -
ctg000000_P:1326089-1330288 -           1400 1240at4891           -            620  1.2e-128  427.3  32.8   2   9   2.6e-22   6.9e-19   64.8   0.1    43   150    99   243    90   250 0.73 -
ctg000000_P:1326089-1330288 -           1400 1240at4891           -            620  1.2e-128  427.3  32.8   3   9    0.0027       7.3    1.9   0.5   167   187   298   318   260   322 0.65 -
ctg000000_P:1326089-1330288 -           1400 1240at4891           -            620  1.2e-128  427.3  32.8   4   9   3.9e-20   1.1e-16   57.6   0.1   195   243   594   644   589   653 0.88 -
ctg000000_P:1326089-1330288 -           1400 1240at4891           -            620  1.2e-128  427.3  32.8   5   9   8.5e-05      0.23    6.9   0.0   241   283   811   861   777   870 0.76 -
ctg000000_P:1326089-1330288 -           1400 1240at4891           -            620  1.2e-128  427.3  32.8   6   9   2.1e-07   0.00056   15.5   0.9   285   399   903  1044   887  1049 0.75 -
ctg000000_P:1326089-1330288 -           1400 1240at4891           -            620  1.2e-128  427.3  32.8   7   9   2.3e-10   6.2e-07   25.3   1.9   367   432  1050  1125  1044  1127 0.82 -
ctg000000_P:1326089-1330288 -           1400 1240at4891           -            620  1.2e-128  427.3  32.8   8   9   6.4e-43   1.7e-39  132.8   0.3   427   529  1146  1260  1133  1263 0.89 -
ctg000000_P:1326089-1330288 -           1400 1240at4891           -            620  1.2e-128  427.3  32.8   9   9   5.5e-35   1.5e-31  106.6   0.0   523   620  1282  1396  1277  1396 0.85 -
#
# Program:         hmmsearch
# Version:         3.1b2 (February 2015)
# Pipeline mode:   SEARCH
# Query file:      /Users/dominiquefastus/DeNovoProj/BUSCO_ass/busco_downloads/lineages/saccharomycetes_odb10/hmms/1240at4891.hmm
# Target file:     /Users/dominiquefastus/DeNovoProj/BUSCO_ass/busco_out/run_saccharomycetes_odb10/metaeuk_output/initial_results/asm_ctgs_m.fa.modified.fas
# Option settings: hmmsearch --domtblout /Users/dominiquefastus/DeNovoProj/BUSCO_ass/busco_out/run_saccharomycetes_odb10/hmmer_output/initial_run_results/1240at4891.out --cpu 1 /Users/dominiquefastus/DeNovoProj/BUSCO_ass/busco_downloads/lineages/saccharomycetes_odb10/hmms/1240at4891.hmm /Users/dominiquefastus/DeNovoProj/BUSCO_ass/busco_out/run_saccharomycetes_odb10/metaeuk_output/initial_results/asm_ctgs_m.fa.modified.fas 
# Current dir:     /Users/dominiquefastus/DeNovoProj/BUSCO_ass
# Date:            Fri Feb 24 13:46:58 2023
# [ok]
