#                                                                                   --- full sequence --- -------------- this domain -------------   hmm coord   ali coord   env coord
# target name               accession   tlen query name           accession   qlen   E-value  score  bias   #  of  c-Evalue  i-Evalue  score  bias  from    to  from    to  from    to  acc description of target
#       ------------------- ---------- ----- -------------------- ---------- ----- --------- ------ ----- --- --- --------- --------- ------ ----- ----- ----- ----- ----- ----- ----- ---- ---------------------
ctg000005_P:678614-681073   -            820 13862at4891          -            408    2e-172  570.9  10.5   1   4   1.7e-26   4.3e-25   85.7   0.2     1    83    63   151    63   162 0.83 -
ctg000005_P:678614-681073   -            820 13862at4891          -            408    2e-172  570.9  10.5   2   4  3.4e-140  8.6e-139  460.1   0.2    75   340   189   476   153   509 0.87 -
ctg000005_P:678614-681073   -            820 13862at4891          -            408    2e-172  570.9  10.5   3   4   0.00017    0.0042   13.2   0.0   348   379   595   632   548   641 0.79 -
ctg000005_P:678614-681073   -            820 13862at4891          -            408    2e-172  570.9  10.5   4   4   3.1e-05   0.00079   15.6   0.3    29    79   645   694   639   735 0.79 -
ctg000000_P:280750-282288   -            513 13862at4891          -            408   4.6e-66  220.6   4.4   1   2   9.3e-07   2.3e-05   20.7   0.2    26    70    90   133    55   156 0.71 -
ctg000000_P:280750-282288   -            513 13862at4891          -            408   4.6e-66  220.6   4.4   2   2   3.8e-62   9.5e-61  203.1   0.6     6   349   127   499   126   504 0.86 -
ctg000013_P:97185-98018     -            278 13862at4891          -            408   9.2e-61  203.1   0.0   1   1   4.4e-62   1.1e-60  202.9   0.0    81   330    14   278     8   278 0.89 -
ctg000002_P:95565-96827     -            421 13862at4891          -            408   1.5e-60  202.5   0.2   1   1     1e-58   2.6e-57  191.8   0.2    30   335    35   400     3   415 0.75 -
ctg000009_P:256297-257460   -            388 13862at4891          -            408   5.8e-59  197.2   0.3   1   2    0.0054      0.14    8.3   0.1    88   121     8    41     4    47 0.92 -
ctg000009_P:256297-257460   -            388 13862at4891          -            408   5.8e-59  197.2   0.3   2   2   2.4e-57   6.2e-56  187.2   0.0   120   333    81   295    74   367 0.92 -
ctg000002_P:796393-797217   -            275 13862at4891          -            408   9.7e-59  196.5   0.0   1   1   4.6e-60   1.2e-58  196.2   0.0    84   331    11   274     4   275 0.88 -
ctg000000_P:1392731-1394620 -            630 13862at4891          -            408   1.4e-58  196.0   0.1   1   1   9.3e-60   2.3e-58  195.2   0.1    82   331    51   304    45   309 0.91 -
ctg000000_P:1445149-1446177 -            343 13862at4891          -            408   6.6e-54  180.6   0.0   1   2     0.029      0.73    5.9   0.0    88   118    37    67    27    80 0.92 -
ctg000000_P:1445149-1446177 -            343 13862at4891          -            408   6.6e-54  180.6   0.0   2   2     6e-53   1.5e-51  172.8   0.0   121   334    90   307    82   333 0.90 -
ctg000012_P:268900-269898   -            333 13862at4891          -            408   7.9e-54  180.3   0.0   1   1   6.4e-55   1.6e-53  179.3   0.0    88   339    12   281     8   328 0.84 -
ctg000000_P:675263-676198   -            312 13862at4891          -            408   1.6e-53  179.3   2.9   1   2    0.0002     0.005   13.0   0.3    88   126    36    74    24    77 0.87 -
ctg000000_P:675263-676198   -            312 13862at4891          -            408   1.6e-53  179.3   2.9   2   2     4e-51     1e-49  166.8   0.2   123   330   103   310    85   312 0.90 -
ctg000005_P:785216-786298   -            361 13862at4891          -            408   3.1e-53  178.3   0.0   1   1   1.7e-54   4.3e-53  177.9   0.0    82   331   102   355    95   358 0.91 -
ctg000001_P:897633-898517   -            295 13862at4891          -            408   3.3e-52  175.0   3.9   1   2   1.1e-20   2.8e-19   66.5   3.1    89   209     6   147     1   151 0.77 -
ctg000001_P:897633-898517   -            295 13862at4891          -            408   3.3e-52  175.0   3.9   2   2   3.9e-32   9.8e-31  104.3   0.0   216   331   176   295   173   295 0.94 -
ctg000003_P:312709-313638   -            310 13862at4891          -            408   4.1e-52  174.7   2.6   1   2    0.0045      0.11    8.5   0.4    88   123     8    43     3    68 0.84 -
ctg000003_P:312709-313638   -            310 13862at4891          -            408   4.1e-52  174.7   2.6   2   2   4.7e-51   1.2e-49  166.5   0.1   123   331    75   283    57   290 0.91 -
ctg000005_P:775582-776355   -            258 13862at4891          -            408   1.1e-50  170.0   0.0   1   1   4.5e-52   1.1e-50  169.9   0.0    81   319     3   243     1   258 0.88 -
ctg000009_P:141824-142639   -            272 13862at4891          -            408   1.2e-49  166.5   0.0   1   1   5.7e-51   1.4e-49  166.3   0.0    82   334    11   270     6   272 0.89 -
ctg000022_P:122245-123042   -            266 13862at4891          -            408   1.3e-49  166.4   0.0   1   1     6e-51   1.5e-49  166.2   0.0    81   333     5   264     2   266 0.88 -
ctg000000_P:1413454-1414260 -            269 13862at4891          -            408   1.9e-49  165.9   0.7   1   2   1.1e-34   2.7e-33  112.7   0.2    82   226     5   153     2   159 0.90 -
ctg000000_P:1413454-1414260 -            269 13862at4891          -            408   1.9e-49  165.9   0.7   2   2   3.2e-16   8.1e-15   51.8   0.0   231   326   176   268   168   269 0.91 -
ctg000006_P:252414-254525   -            704 13862at4891          -            408   2.8e-49  165.3   0.0   1   1   1.8e-50   4.6e-49  164.6   0.0    88   331    86   338    77   347 0.88 -
ctg000022_P:253881-258308   -           1476 13862at4891          -            408   1.2e-48  163.3   0.0   1   1   4.6e-50   1.2e-48  163.3   0.0    61   332  1151  1442  1120  1465 0.80 -
ctg000002_P:961848-962636   -            263 13862at4891          -            408   1.8e-48  162.7   0.4   1   1   2.9e-49   7.3e-48  160.7   0.4    88   326     6   262     1   263 0.88 -
ctg000013_P:200064-201548   -            495 13862at4891          -            408   2.8e-48  162.0   0.0   1   2   6.1e-31   1.5e-29  100.3   0.2    81   230     4   157     2   160 0.89 -
ctg000013_P:200064-201548   -            495 13862at4891          -            408   2.8e-48  162.0   0.0   2   2   1.7e-18   4.3e-17   59.3   0.0   230   345   356   481   345   488 0.83 -
ctg000011_P:51221-53512     -            764 13862at4891          -            408     4e-48  161.5   0.0   1   1   2.5e-49   6.2e-48  160.9   0.0    82   322   351   599   345   623 0.83 -
ctg000003_P:604876-605871   -            332 13862at4891          -            408     5e-47  157.9   4.0   1   2   1.8e-16   4.6e-15   52.6   3.0   123   210    83   172     7   177 0.85 -
ctg000003_P:604876-605871   -            332 13862at4891          -            408     5e-47  157.9   4.0   2   2   1.9e-30   4.9e-29   98.7   0.0   216   332   210   330   208   332 0.93 -
ctg000000_P:1375479-1376366 -            296 13862at4891          -            408   1.6e-46  156.2   0.2   1   2   2.4e-32   6.1e-31  104.9   0.3    82   225     7   157     4   161 0.85 -
ctg000000_P:1375479-1376366 -            296 13862at4891          -            408   1.6e-46  156.2   0.2   2   2   1.9e-15   4.8e-14   49.3   0.0   229   334   183   294   174   296 0.86 -
ctg000008_P:442719-443948   -            410 13862at4891          -            408   1.8e-45  152.8   0.1   1   2     1e-32   2.6e-31  106.1   0.1    84   227    19   165    10   170 0.89 -
ctg000008_P:442719-443948   -            410 13862at4891          -            408   1.8e-45  152.8   0.1   2   2   6.2e-14   1.6e-12   44.3   0.0   234   334   238   342   227   363 0.82 -
ctg000014_P:175140-175856   -            239 13862at4891          -            408   5.3e-45  151.2   0.0   1   1   2.3e-46   5.9e-45  151.1   0.0    89   325     2   239     1   239 0.92 -
ctg000003_P:819856-821946   -            697 13862at4891          -            408   6.1e-45  151.0   0.0   1   2    0.0052      0.13    8.3   0.0    65   118   377   429   362   438 0.80 -
ctg000003_P:819856-821946   -            697 13862at4891          -            408   6.1e-45  151.0   0.0   2   2   4.3e-43   1.1e-41  140.3   0.0   114   332   472   694   465   697 0.88 -
ctg000002_P:315128-315949   -            274 13862at4891          -            408   6.2e-45  151.0   0.0   1   1   2.9e-46   7.3e-45  150.8   0.0    87   332     4   270     1   273 0.85 -
ctg000005_P:656832-657752   -            307 13862at4891          -            408   6.3e-45  151.0   0.0   1   1   3.2e-46     8e-45  150.7   0.0    88   337    16   291     8   306 0.83 -
ctg000009_P:213696-214859   -            388 13862at4891          -            408   2.3e-44  149.1   0.0   1   1   1.2e-45     3e-44  148.8   0.0    82   337    65   328    30   334 0.87 -
ctg000005_P:673749-674489   -            247 13862at4891          -            408   3.3e-44  148.6   0.0   1   1   1.5e-45   3.7e-44  148.5   0.0    89   331     3   245     1   247 0.91 -
ctg000006_P:445285-446340   -            352 13862at4891          -            408   2.3e-43  145.9   0.0   1   1   1.3e-44   3.3e-43  145.3   0.0    82   337    21   284    17   289 0.86 -
ctg000012_P:58414-59436     -            341 13862at4891          -            408   4.4e-43  144.9   0.0   1   2   7.6e-26   1.9e-24   83.5   0.1    88   225    45   188    33   200 0.88 -
ctg000012_P:58414-59436     -            341 13862at4891          -            408   4.4e-43  144.9   0.0   2   2   1.7e-18   4.2e-17   59.4   0.0   231   341   217   330   206   338 0.85 -
ctg000011_P:245653-246399   -            249 13862at4891          -            408   2.7e-42  142.3   0.0   1   1   1.2e-43     3e-42  142.2   0.0    88   328     1   248     1   249 0.90 -
ctg000008_P:66717-67577     -            287 13862at4891          -            408   3.3e-42  142.0   0.1   1   2   1.6e-24   4.1e-23   79.2   0.1    89   225     6   148     2   160 0.88 -
ctg000008_P:66717-67577     -            287 13862at4891          -            408   3.3e-42  142.0   0.1   2   2   4.6e-19   1.2e-17   61.2   0.0   230   333   179   285   163   287 0.86 -
ctg000008_P:92154-96881     -           1576 13862at4891          -            408   3.9e-42  141.8   0.0   1   2   3.6e-28   9.2e-27   91.2   0.3    86   227  1268  1414  1249  1419 0.84 -
ctg000008_P:92154-96881     -           1576 13862at4891          -            408   3.9e-42  141.8   0.0   2   2   8.5e-15   2.1e-13   47.1   0.0   230   334  1454  1562  1439  1572 0.86 -
ctg000007_P:791967-792866   -            300 13862at4891          -            408   1.1e-41  140.4   0.0   1   1   5.3e-43   1.3e-41  140.0   0.0    88   321    14   255     4   281 0.83 -
ctg000005_P:654405-655220   -            272 13862at4891          -            408   2.4e-41  139.2   0.0   1   1   1.2e-42     3e-41  138.9   0.0    89   330     8   270     3   272 0.85 -
ctg000007_P:522086-523309   -            408 13862at4891          -            408   3.4e-41  138.7   0.0   1   2    0.0089      0.23    7.5   0.0    88   121    15    48     7    55 0.89 -
ctg000007_P:522086-523309   -            408 13862at4891          -            408   3.4e-41  138.7   0.0   2   2   4.1e-39     1e-37  127.2   0.0   125   328    84   299    75   335 0.85 -
ctg000000_P:1005588-1010549 -           1654 13862at4891          -            408   8.3e-41  137.4   0.7   1   3   3.3e-06   8.3e-05   18.9   0.1   117   328   295   520   285   535 0.69 -
ctg000000_P:1005588-1010549 -           1654 13862at4891          -            408   8.3e-41  137.4   0.7   2   3   7.9e-08     2e-06   24.2   0.0    88   149   598   661   569   669 0.84 -
ctg000000_P:1005588-1010549 -           1654 13862at4891          -            408   8.3e-41  137.4   0.7   3   3   1.8e-26   4.6e-25   85.6   0.0   137   332   765   978   750   994 0.79 -
ctg000011_P:475676-477394   -            573 13862at4891          -            408   1.1e-40  137.0   0.0   1   1   6.3e-42   1.6e-40  136.5   0.0    89   338   307   561   300   570 0.86 -
ctg000003_P:351454-352758   -            435 13862at4891          -            408   1.5e-40  136.6   0.0   1   2   1.3e-37   3.3e-36  122.3   0.0    75   310    15   256     6   264 0.81 -
ctg000003_P:351454-352758   -            435 13862at4891          -            408   1.5e-40  136.6   0.0   2   2   0.00035    0.0088   12.2   0.0   298   329   270   301   263   311 0.90 -
ctg000007_P:63203-64156     -            318 13862at4891          -            408   2.8e-40  135.7   0.0   1   1   1.5e-41   3.9e-40  135.2   0.0    87   332    15   280     8   290 0.79 -
ctg000002_P:317839-318705   -            289 13862at4891          -            408   3.4e-40  135.4   0.0   1   1   1.8e-41   4.6e-40  135.0   0.0    89   332    18   282     8   288 0.82 -
ctg000005_P:449883-450767   -            295 13862at4891          -            408     5e-40  134.8   0.0   1   2   4.6e-35   1.2e-33  113.9   0.0    88   283     7   216     2   223 0.82 -
ctg000005_P:449883-450767   -            295 13862at4891          -            408     5e-40  134.8   0.0   2   2   2.9e-06   7.3e-05   19.0   0.0   302   331   265   294   254   295 0.89 -
ctg000012_P:88988-92797     -           1270 13862at4891          -            408   7.6e-40  134.2   0.1   1   1   2.6e-38   6.6e-37  124.6   0.1    87   334   983  1260   972  1269 0.79 -
ctg000001_P:940846-941850   -            335 13862at4891          -            408   1.5e-38  129.9   0.0   1   1   1.7e-39   4.4e-38  128.5   0.0    77   329    35   334    24   335 0.75 -
ctg000005_P:193774-195465   -            564 13862at4891          -            408     3e-38  129.0   0.0   1   2   8.3e-27   2.1e-25   86.7   0.0    43   229   128   318   121   322 0.87 -
ctg000005_P:193774-195465   -            564 13862at4891          -            408     3e-38  129.0   0.0   2   2   1.1e-12   2.9e-11   40.1   0.0   232   340   366   479   358   536 0.76 -
ctg000006_P:830325-831287   -            321 13862at4891          -            408   9.3e-38  127.4   6.1   1   2     9e-19   2.3e-17   60.2   2.6    81   209     4   156     1   161 0.83 -
ctg000006_P:830325-831287   -            321 13862at4891          -            408   9.3e-38  127.4   6.1   2   2   3.1e-19   7.7e-18   61.8   0.1   219   331   186   320   172   321 0.84 -
ctg000014_P:130231-131022   -            264 13862at4891          -            408   1.6e-37  126.6   0.5   1   1   1.2e-38   2.9e-37  125.7   0.5    88   330     9   263     2   264 0.84 -
ctg000022_P:190198-192105   -            636 13862at4891          -            408     2e-37  126.3   0.0   1   1   1.2e-38     3e-37  125.7   0.0    89   367   333   626   320   633 0.85 -
ctg000001_P:430319-432034   -            572 13862at4891          -            408   2.4e-37  126.0   0.0   1   2   2.7e-26   6.9e-25   85.0   0.0    81   229   175   326   137   330 0.89 -
ctg000001_P:430319-432034   -            572 13862at4891          -            408   2.4e-37  126.0   0.0   2   2   2.7e-12   6.9e-11   38.9   0.0   232   326   374   472   368   491 0.75 -
ctg000007_P:613815-614756   -            314 13862at4891          -            408   3.1e-37  125.7   0.1   1   2   7.7e-32   1.9e-30  103.3   0.4    77   262     2   208     1   258 0.82 -
ctg000007_P:613815-614756   -            314 13862at4891          -            408   3.1e-37  125.7   0.1   2   2   2.2e-06   5.7e-05   19.4   0.0   289   333   261   307   251   312 0.87 -
ctg000002_P:845607-846476   -            290 13862at4891          -            408   4.1e-37  125.3   2.1   1   1     3e-38   7.7e-37  124.4   2.1    80   331    28   290    19   290 0.84 -
ctg000002_P:980186-982132   -            649 13862at4891          -            408   7.3e-37  124.4   0.1   1   1   4.4e-38   1.1e-36  123.8   0.1    99   334   387   638   384   648 0.82 -
ctg000001_P:943161-945818   -            886 13862at4891          -            408   2.3e-36  122.8   0.3   1   3   1.9e-13   4.8e-12   42.7   0.1    86   164    17   102     6   115 0.80 -
ctg000001_P:943161-945818   -            886 13862at4891          -            408   2.3e-36  122.8   0.3   2   3   0.00014    0.0035   13.5   0.0   182   210   144   172   134   179 0.91 -
ctg000001_P:943161-945818   -            886 13862at4891          -            408   2.3e-36  122.8   0.3   3   3   1.8e-19   4.6e-18   62.5   0.0   216   331   197   317   189   340 0.89 -
ctg000001_P:523725-524831   -            369 13862at4891          -            408   3.9e-36  122.0   0.1   1   2   2.1e-32   5.3e-31  105.1   0.1    74   274     9   233     2   270 0.78 -
ctg000001_P:523725-524831   -            369 13862at4891          -            408   3.9e-36  122.0   0.1   2   2   4.9e-05    0.0012   15.0   0.0   297   332   285   320   278   330 0.87 -
ctg000000_P:1466498-1467316 -            273 13862at4891          -            408     4e-36  122.0   0.0   1   1   1.7e-37   4.4e-36  121.9   0.0    90   343     1   262     1   273 0.87 -
ctg000014_P:171204-172508   -            435 13862at4891          -            408   2.4e-35  119.4   1.5   1   3     1e-13   2.6e-12   43.5   0.1    82   193    24   145    21   149 0.80 -
ctg000014_P:171204-172508   -            435 13862at4891          -            408   2.4e-35  119.4   1.5   2   3    0.0072      0.18    7.9   0.0   196   213   169   186   163   190 0.86 -
ctg000014_P:171204-172508   -            435 13862at4891          -            408   2.4e-35  119.4   1.5   3   3     2e-20   4.9e-19   65.7   0.0   213   345   223   358   220   410 0.83 -
ctg000007_P:258636-259508   -            291 13862at4891          -            408   1.8e-34  116.6   0.0   1   2   3.8e-33   9.6e-32  107.6   0.0    88   277     5   210     2   220 0.78 -
ctg000007_P:258636-259508   -            291 13862at4891          -            408   1.8e-34  116.6   0.0   2   2     0.012      0.31    7.1   0.0   301   332   259   290   244   291 0.87 -
ctg000008_P:706089-708611   -            841 13862at4891          -            408     4e-34  115.4   0.0   1   1   2.5e-35   6.3e-34  114.8   0.0   106   332   587   827   580   836 0.81 -
ctg000012_P:213411-214082   -            224 13862at4891          -            408   1.8e-33  113.3   0.0   1   1   8.3e-35   2.1e-33  113.0   0.0    88   272     1   210     1   222 0.77 -
ctg000009_P:190149-191600   -            484 13862at4891          -            408   2.2e-33  113.0   0.2   1   2   2.1e-32   5.3e-31  105.1   0.1    86   284   170   378   126   383 0.82 -
ctg000009_P:190149-191600   -            484 13862at4891          -            408   2.2e-33  113.0   0.2   2   2     0.031      0.78    5.8   0.0   293   332   417   456   404   466 0.85 -
ctg000002_P:1007133-1008002 -            290 13862at4891          -            408   5.9e-32  108.3   0.0   1   1   5.6e-32   1.4e-30  103.7   0.0    90   298     1   231     1   290 0.74 -
ctg000011_P:396717-397760   -            348 13862at4891          -            408   1.2e-31  107.3   0.1   1   2   3.6e-28   9.2e-27   91.2   0.0    76   286     6   237     2   265 0.77 -
ctg000011_P:396717-397760   -            348 13862at4891          -            408   1.2e-31  107.3   0.1   2   2   8.7e-05    0.0022   14.2   0.0   300   331   278   309   271   324 0.91 -
ctg000000_P:268236-269135   -            300 13862at4891          -            408   2.1e-31  106.5   0.0   1   2   2.9e-29   7.4e-28   94.8   0.0    85   266     2   192     1   211 0.83 -
ctg000000_P:268236-269135   -            300 13862at4891          -            408   2.1e-31  106.5   0.0   2   2    0.0018     0.045    9.8   0.0   298   333   252   287   242   295 0.89 -
ctg000000_P:172919-174457   -            513 13862at4891          -            408   3.3e-31  105.8   0.4   1   1     2e-32     5e-31  105.2   0.4    88   336   195   472   184   506 0.76 -
ctg000005_P:82456-83397     -            314 13862at4891          -            408   3.8e-31  105.6   2.5   1   3   8.1e-22   2.1e-20   70.3   2.1    86   226     3   159     1   163 0.77 -
ctg000005_P:82456-83397     -            314 13862at4891          -            408   3.8e-31  105.6   2.5   2   3   0.00019    0.0047   13.1   0.0   237   261   187   213   173   229 0.84 -
ctg000005_P:82456-83397     -            314 13862at4891          -            408   3.8e-31  105.6   2.5   3   3   3.7e-06   9.5e-05   18.7   0.0   298   332   275   309   257   312 0.87 -
ctg000010_P:159457-160452   -            332 13862at4891          -            408   2.7e-30  102.8   1.7   1   2   1.2e-21     3e-20   69.7   0.6    91   225    11   170     1   208 0.72 -
ctg000010_P:159457-160452   -            332 13862at4891          -            408   2.7e-30  102.8   1.7   2   2   1.1e-09   2.9e-08   30.2   0.0   250   331   228   320   221   326 0.80 -
ctg000006_P:524372-525202   -            277 13862at4891          -            408   8.4e-30  101.2   0.0   1   1   2.4e-30     6e-29   98.4   0.0    90   285     1   210     1   277 0.83 -
ctg000008_P:719983-720930   -            316 13862at4891          -            408   1.7e-29  100.2   0.0   1   2   5.1e-30   1.3e-28   97.3   0.0    88   275    29   233    17   244 0.81 -
ctg000008_P:719983-720930   -            316 13862at4891          -            408   1.7e-29  100.2   0.0   2   2       1.1        27    0.7   0.0   302   328   289   315   268   316 0.89 -
ctg000009_P:156712-157797   -            362 13862at4891          -            408   2.7e-28   96.2   0.0   1   2   1.7e-24   4.2e-23   79.1   0.0    79   277     7   226     2   260 0.77 -
ctg000009_P:156712-157797   -            362 13862at4891          -            408   2.7e-28   96.2   0.0   2   2   4.2e-05    0.0011   15.2   0.0   301   344   277   321   268   343 0.80 -
ctg000022_P:160478-161395   -            306 13862at4891          -            408   3.6e-28   95.8   0.0   1   1   1.6e-29   4.1e-28   95.6   0.0    82   293     3   227     1   273 0.79 -
ctg000005_P:275418-276392   -            325 13862at4891          -            408   4.9e-28   95.4   0.9   1   2     1e-24   2.5e-23   79.8   0.4    83   263     5   208     1   233 0.74 -
ctg000005_P:275418-276392   -            325 13862at4891          -            408   4.9e-28   95.4   0.9   2   2   0.00011    0.0029   13.8   0.0   299   334   273   308   242   314 0.85 -
ctg000001_P:505620-506606   -            329 13862at4891          -            408   1.4e-27   93.8   0.0   1   2   7.7e-28     2e-26   90.1   0.0    90   251     4   179     2   183 0.83 -
ctg000001_P:505620-506606   -            329 13862at4891          -            408   1.4e-27   93.8   0.0   2   2      0.64        16    1.4   0.0   251   281   197   227   191   242 0.76 -
ctg000003_P:91343-93514     -            724 13862at4891          -            408   2.7e-27   92.9   0.0   1   3   1.3e-19   3.3e-18   63.0   0.0    82   218   304   449   296   453 0.84 -
ctg000003_P:91343-93514     -            724 13862at4891          -            408   2.7e-27   92.9   0.0   2   3   0.00016     0.004   13.3   0.0   217   289   478   556   473   571 0.72 -
ctg000003_P:91343-93514     -            724 13862at4891          -            408   2.7e-27   92.9   0.0   3   3   0.00026    0.0065   12.6   0.0   305   331   687   713   684   720 0.91 -
ctg000005_P:468098-469744   -            549 13862at4891          -            408   2.8e-27   92.9   0.4   1   3       9.3   2.4e+02   -2.4   0.0    54   104    47    95    38   103 0.75 -
ctg000005_P:468098-469744   -            549 13862at4891          -            408   2.8e-27   92.9   0.4   2   3   1.7e-25   4.4e-24   82.3   0.1   122   264   203   356   163   381 0.80 -
ctg000005_P:468098-469744   -            549 13862at4891          -            408   2.8e-27   92.9   0.4   3   3    0.0072      0.18    7.8   0.0   301   335   434   468   418   480 0.87 -
ctg000000_P:313565-314407   -            281 13862at4891          -            408   4.2e-26   89.0   0.1   1   1   2.1e-27   5.4e-26   88.6   0.1    90   285     1   210     1   218 0.81 -
ctg000009_P:228496-229878   -            461 13862at4891          -            408   3.7e-25   85.9   0.0   1   2    0.0024     0.061    9.4   0.0   121   142   198   219   184   225 0.86 -
ctg000009_P:228496-229878   -            461 13862at4891          -            408   3.7e-25   85.9   0.0   2   2   4.9e-23   1.2e-21   74.3   0.0   153   289   249   406   245   460 0.70 -
ctg000000_P:401481-402434   -            318 13862at4891          -            408   4.2e-25   85.7   0.0   1   1   5.6e-26   1.4e-24   84.0   0.0    88   339     5   286     2   296 0.78 -
ctg000002_P:643911-644768   -            286 13862at4891          -            408   5.9e-24   81.9   0.4   1   2   8.1e-22   2.1e-20   70.3   0.1    82   277     2   202     1   217 0.83 -
ctg000002_P:643911-644768   -            286 13862at4891          -            408   5.9e-24   81.9   0.4   2   2    0.0017     0.043    9.9   0.0   281   328   237   285   227   286 0.75 -
ctg000022_P:89424-90056     -            211 13862at4891          -            408   7.2e-24   81.6   0.4   1   1   3.5e-25   8.8e-24   81.3   0.4    89   266     7   205     2   211 0.80 -
ctg000009_P:355027-356070   -            348 13862at4891          -            408   1.5e-22   77.3   0.6   1   3   0.00031    0.0078   12.4   0.0    89   127    16    54     5    66 0.80 -
ctg000009_P:355027-356070   -            348 13862at4891          -            408   1.5e-22   77.3   0.6   2   3       4.8   1.2e+02   -1.4   0.0   352   395    91   135    52   142 0.64 -
ctg000009_P:355027-356070   -            348 13862at4891          -            408   1.5e-22   77.3   0.6   3   3   1.4e-18   3.7e-17   59.6   0.0   177   324   158   325   147   342 0.74 -
ctg000009_P:134739-137381   -            881 13862at4891          -            408   2.4e-22   76.6   0.0   1   2   4.9e-17   1.2e-15   54.5   0.0    88   225   419   573   415   578 0.78 -
ctg000009_P:134739-137381   -            881 13862at4891          -            408   2.4e-22   76.6   0.0   2   2   2.2e-06   5.5e-05   19.5   0.0   253   296   793   836   785   874 0.91 -
ctg000009_P:138486-139460   -            325 13862at4891          -            408   6.2e-22   75.3   0.1   1   1   4.9e-23   1.2e-21   74.3   0.0   135   331   105   325    77   325 0.76 -
ctg000000_P:75036-75932     -            299 13862at4891          -            408   2.2e-21   73.5   0.1   1   2   5.4e-21   1.4e-19   67.5   0.1    82   274     3   210     1   229 0.79 -
ctg000000_P:75036-75932     -            299 13862at4891          -            408   2.2e-21   73.5   0.1   2   2      0.11       2.7    4.0   0.0   299   331   266   298   259   299 0.90 -
ctg000011_P:301747-304779   -           1011 13862at4891          -            408   3.8e-21   72.7   0.0   1   2   1.3e-12   3.3e-11   39.9   0.0    81   247   570   762   558   770 0.72 -
ctg000011_P:301747-304779   -           1011 13862at4891          -            408   3.8e-21   72.7   0.0   2   2     1e-09   2.5e-08   30.4   0.0   248   332   795   881   791   901 0.80 -
ctg000022_P:119067-120020   -            318 13862at4891          -            408   3.5e-20   69.5   0.0   1   2    0.0074      0.19    7.8   0.0   133   175    78   120    67   136 0.84 -
ctg000022_P:119067-120020   -            318 13862at4891          -            408   3.5e-20   69.5   0.0   2   2   1.3e-18   3.3e-17   59.7   0.0   181   330   148   317   138   318 0.65 -
ctg000022_P:228107-229168   -            354 13862at4891          -            408   6.6e-20   68.6   1.5   1   2   1.5e-19   3.7e-18   62.8   1.1   122   264    77   244    50   267 0.70 -
ctg000022_P:228107-229168   -            354 13862at4891          -            408   6.6e-20   68.6   1.5   2   2      0.25       6.4    2.8   0.0   288   329   312   352   301   354 0.79 -
ctg000107_P:163565-164362   -            266 13862at4891          -            408   1.5e-19   67.4   0.8   1   2   2.5e-15   6.4e-14   48.9   0.5   135   285    24   180    20   204 0.76 -
ctg000107_P:163565-164362   -            266 13862at4891          -            408   1.5e-19   67.4   0.8   2   2   1.3e-05   0.00033   16.9   0.0   301   334   228   261   214   266 0.87 -
ctg000005_P:440647-441678   -            344 13862at4891          -            408   8.8e-19   64.9   3.3   1   2    0.0019     0.047    9.8   0.0    84   120     3    38     1    51 0.88 -
ctg000005_P:440647-441678   -            344 13862at4891          -            408   8.8e-19   64.9   3.3   2   2   3.1e-16   7.8e-15   51.9   1.8   126   325   101   320    94   332 0.71 -
ctg000000_P:424694-426187   -            498 13862at4891          -            408   8.3e-16   55.1   0.0   1   3   1.2e-09     3e-08   30.2   0.1    77   228    19   181     1   186 0.69 -
ctg000000_P:424694-426187   -            498 13862at4891          -            408   8.3e-16   55.1   0.0   2   3   0.00018    0.0046   13.1   0.0   235   273   272   312   265   323 0.84 -
ctg000000_P:424694-426187   -            498 13862at4891          -            408   8.3e-16   55.1   0.0   3   3     0.038      0.95    5.5   0.0   303   335   434   466   414   476 0.85 -
ctg000107_P:261516-262112   -            199 13862at4891          -            408   1.1e-15   54.7   0.1   1   1   3.5e-16     9e-15   51.7   0.1   152   326     2   190     1   196 0.78 -
ctg000005_P:840182-841165   -            328 13862at4891          -            408   1.7e-15   54.0   0.0   1   2     0.097       2.4    4.1   0.0   106   193    33   132    27   139 0.68 -
ctg000005_P:840182-841165   -            328 13862at4891          -            408   1.7e-15   54.0   0.0   2   2   1.1e-14   2.9e-13   46.7   0.0   197   325   182   327   177   328 0.75 -
ctg000008_P:180114-180992   -            293 13862at4891          -            408   1.4e-14   51.1   0.0   1   1   5.8e-15   1.5e-13   47.7   0.0   147   330    79   276     4   282 0.72 -
ctg000007_P:457667-458557   -            297 13862at4891          -            408   6.5e-13   45.6   0.9   1   1   1.5e-13   3.9e-12   43.0   0.9   120   327    55   283    39   292 0.75 -
ctg000005_P:777523-778521   -            333 13862at4891          -            408   2.1e-12   43.9   0.0   1   1   1.3e-13   3.3e-12   43.2   0.0    81   285     4   226     1   237 0.71 -
ctg000022_P:565111-566163   -            351 13862at4891          -            408   2.5e-12   43.6   0.1   1   1     2e-13     5e-12   42.6   0.1    90   225     3   152     1   236 0.72 -
ctg000022_P:334750-336747   -            666 13862at4891          -            408   1.5e-11   41.1   0.0   1   3      0.51        13    1.8   0.0    82   137   172   233   162   250 0.67 -
ctg000022_P:334750-336747   -            666 13862at4891          -            408   1.5e-11   41.1   0.0   2   3   5.8e-06   0.00015   18.0   0.0   176   209   325   358   315   363 0.85 -
ctg000022_P:334750-336747   -            666 13862at4891          -            408   1.5e-11   41.1   0.0   3   3   1.8e-05   0.00045   16.4   0.0   247   323   437   521   432   555 0.80 -
ctg000013_P:192960-194066   -            369 13862at4891          -            408     2e-11   40.7   0.1   1   1   2.5e-12   6.3e-11   39.0   0.1   180   259   137   233   131   239 0.71 -
ctg000001_P:222295-225303   -           1003 13862at4891          -            408   3.7e-11   39.8   0.0   1   1   2.5e-12   6.3e-11   39.0   0.0    83   214   692   833   673   834 0.81 -
ctg000007_P:378302-382657   -           1452 13862at4891          -            408     5e-11   39.3   0.3   1   1   3.1e-11   7.9e-10   35.4   0.3   136   326    83   293    77   296 0.75 -
ctg000009_P:75945-76472     -            176 13862at4891          -            408   9.3e-11   38.5   0.0   1   1   6.3e-12   1.6e-10   37.7   0.0   180   225     9    52     2    58 0.90 -
ctg000006_P:676997-677494   -            166 13862at4891          -            408     4e-09   33.1   0.0   1   2   1.5e-06   3.8e-05   20.0   0.0   214   274     4    67     1    84 0.84 -
ctg000006_P:676997-677494   -            166 13862at4891          -            408     4e-09   33.1   0.0   2   2   0.00055     0.014   11.5   0.0   300   329   137   166   108   166 0.84 -
ctg000010_P:172551-173279   -            243 13862at4891          -            408   1.4e-08   31.3   0.0   1   2   6.8e-09   1.7e-07   27.7   0.0   162   215   104   155    78   161 0.80 -
ctg000010_P:172551-173279   -            243 13862at4891          -            408   1.4e-08   31.3   0.0   2   2      0.78        20    1.1   0.0   211   227   170   186   168   243 0.64 -
ctg000001_P:750487-752853   -            789 13862at4891          -            408   4.4e-07   26.3   0.7   1   1   3.3e-07   8.4e-06   22.1   0.7   123   282    84   270    65   333 0.64 -
#
# Program:         hmmsearch
# Version:         3.1b2 (February 2015)
# Pipeline mode:   SEARCH
# Query file:      /Users/dominiquefastus/DeNovoProj/BUSCO_ass/busco_downloads/lineages/saccharomycetes_odb10/hmms/13862at4891.hmm
# Target file:     /Users/dominiquefastus/DeNovoProj/BUSCO_ass/busco_out/run_saccharomycetes_odb10/metaeuk_output/initial_results/asm_ctgs_m.fa.modified.fas
# Option settings: hmmsearch --domtblout /Users/dominiquefastus/DeNovoProj/BUSCO_ass/busco_out/run_saccharomycetes_odb10/hmmer_output/initial_run_results/13862at4891.out --cpu 1 /Users/dominiquefastus/DeNovoProj/BUSCO_ass/busco_downloads/lineages/saccharomycetes_odb10/hmms/13862at4891.hmm /Users/dominiquefastus/DeNovoProj/BUSCO_ass/busco_out/run_saccharomycetes_odb10/metaeuk_output/initial_results/asm_ctgs_m.fa.modified.fas 
# Current dir:     /Users/dominiquefastus/DeNovoProj/BUSCO_ass
# Date:            Fri Feb 24 13:47:35 2023
# [ok]
