#                                                                                 --- full sequence --- -------------- this domain -------------   hmm coord   ali coord   env coord
# target name             accession   tlen query name           accession   qlen   E-value  score  bias   #  of  c-Evalue  i-Evalue  score  bias  from    to  from    to  from    to  acc description of target
#     ------------------- ---------- ----- -------------------- ---------- ----- --------- ------ ----- --- --- --------- --------- ------ ----- ----- ----- ----- ----- ----- ----- ---- ---------------------
ctg000022_P:375377-380425 -           1683 1497at4891           -           1087  1.9e-280  930.8  87.8   1   7   6.1e-36   1.6e-32  109.9  12.5     6   158    40   247    31   268 0.78 -
ctg000022_P:375377-380425 -           1683 1497at4891           -           1087  1.9e-280  930.8  87.8   2   7   3.5e-23   9.5e-20   67.6   0.0   155   228   270   357   253   363 0.87 -
ctg000022_P:375377-380425 -           1683 1497at4891           -           1087  1.9e-280  930.8  87.8   3   7     5e-48   1.4e-44  149.9   5.5   220   350   425   573   404   578 0.83 -
ctg000022_P:375377-380425 -           1683 1497at4891           -           1087  1.9e-280  930.8  87.8   4   7   7.6e-83     2e-79  265.2  19.3   348   716   600  1118   587  1121 0.81 -
ctg000022_P:375377-380425 -           1683 1497at4891           -           1087  1.9e-280  930.8  87.8   5   7   1.7e-07   0.00046   15.7   0.4   716   775  1145  1218  1137  1269 0.71 -
ctg000022_P:375377-380425 -           1683 1497at4891           -           1087  1.9e-280  930.8  87.8   6   7   1.6e-92   4.3e-89  297.2   9.1   784  1023  1295  1569  1273  1571 0.88 -
ctg000022_P:375377-380425 -           1683 1497at4891           -           1087  1.9e-280  930.8  87.8   7   7   2.6e-18     7e-15   51.5   1.7  1017  1087  1592  1677  1569  1677 0.75 -
#
# Program:         hmmsearch
# Version:         3.1b2 (February 2015)
# Pipeline mode:   SEARCH
# Query file:      /Users/dominiquefastus/DeNovoProj/BUSCO_ass/busco_downloads/lineages/saccharomycetes_odb10/hmms/1497at4891.hmm
# Target file:     /Users/dominiquefastus/DeNovoProj/BUSCO_ass/busco_out/run_saccharomycetes_odb10/metaeuk_output/initial_results/asm_ctgs_m.fa.modified.fas
# Option settings: hmmsearch --domtblout /Users/dominiquefastus/DeNovoProj/BUSCO_ass/busco_out/run_saccharomycetes_odb10/hmmer_output/initial_run_results/1497at4891.out --cpu 1 /Users/dominiquefastus/DeNovoProj/BUSCO_ass/busco_downloads/lineages/saccharomycetes_odb10/hmms/1497at4891.hmm /Users/dominiquefastus/DeNovoProj/BUSCO_ass/busco_out/run_saccharomycetes_odb10/metaeuk_output/initial_results/asm_ctgs_m.fa.modified.fas 
# Current dir:     /Users/dominiquefastus/DeNovoProj/BUSCO_ass
# Date:            Fri Feb 24 14:05:55 2023
# [ok]
