#                                                                                   --- full sequence --- -------------- this domain -------------   hmm coord   ali coord   env coord
# target name               accession   tlen query name           accession   qlen   E-value  score  bias   #  of  c-Evalue  i-Evalue  score  bias  from    to  from    to  from    to  acc description of target
#       ------------------- ---------- ----- -------------------- ---------- ----- --------- ------ ----- --- --- --------- --------- ------ ----- ----- ----- ----- ----- ----- ----- ---- ---------------------
ctg000006_P:535604-536641   -            346 15470at4891          -            283  9.6e-139  458.6   4.9   1   2   9.4e-52   4.4e-50  167.7   0.0     1   121     1   132     1   151 0.91 -
ctg000006_P:535604-536641   -            346 15470at4891          -            283  9.6e-139  458.6   4.9   2   2   1.4e-88   6.4e-87  288.6   4.1   116   282   156   336   146   337 0.91 -
ctg000005_P:54978-56366     -            463 15470at4891          -            283   1.5e-22   77.4   3.5   1   4     0.022       1.1    5.7   0.0   234   270   212   249   187   256 0.85 -
ctg000005_P:54978-56366     -            463 15470at4891          -            283   1.5e-22   77.4   3.5   2   4   5.1e-09   2.4e-07   27.5   0.0     6    85   260   344   254   345 0.88 -
ctg000005_P:54978-56366     -            463 15470at4891          -            283   1.5e-22   77.4   3.5   3   4   2.4e-05    0.0011   15.4   0.0   234   270   343   379   341   381 0.91 -
ctg000005_P:54978-56366     -            463 15470at4891          -            283   1.5e-22   77.4   3.5   4   4   3.3e-09   1.6e-07   28.1   0.2     6    74   388   463   384   463 0.90 -
ctg000107_P:181737-182555   -            273 15470at4891          -            283   6.5e-22   75.3   4.7   1   4       0.2       9.4    2.6   0.0    64    86     1    23     1    41 0.69 -
ctg000107_P:181737-182555   -            273 15470at4891          -            283   6.5e-22   75.3   4.7   2   4     7e-11   3.3e-09   33.6   0.4     8    81    24    98    19   102 0.81 -
ctg000107_P:181737-182555   -            273 15470at4891          -            283   6.5e-22   75.3   4.7   3   4    0.0011      0.05   10.0   0.0   235   268   101   134    96   140 0.91 -
ctg000107_P:181737-182555   -            273 15470at4891          -            283   6.5e-22   75.3   4.7   4   4   1.6e-09   7.3e-08   29.2   0.2    25    85   209   272   207   273 0.94 -
ctg000003_P:379491-382319   -            943 15470at4891          -            283   4.2e-20   69.3  16.4   1   6       6.2   2.9e+02   -2.3   0.0    65    84    43    62    39    64 0.79 -
ctg000003_P:379491-382319   -            943 15470at4891          -            283   4.2e-20   69.3  16.4   2   6    0.0025      0.12    8.8   0.1    18    76    87   150    80   161 0.79 -
ctg000003_P:379491-382319   -            943 15470at4891          -            283   4.2e-20   69.3  16.4   3   6   5.4e-06   0.00025   17.5   0.5     6    77   159   232   154   245 0.86 -
ctg000003_P:379491-382319   -            943 15470at4891          -            283   4.2e-20   69.3  16.4   4   6     0.012      0.55    6.6   0.0    48   100   387   446   383   464 0.69 -
ctg000003_P:379491-382319   -            943 15470at4891          -            283   4.2e-20   69.3  16.4   5   6   1.1e-05   0.00052   16.5   0.1    20   169   440   600   433   603 0.75 -
ctg000003_P:379491-382319   -            943 15470at4891          -            283   4.2e-20   69.3  16.4   6   6   5.7e-08   2.7e-06   24.0   0.1     6    81   611   691   608   715 0.86 -
ctg000012_P:112251-115004   -            918 15470at4891          -            283   2.2e-18   63.7   5.1   1   6       0.1       4.7    3.5   0.0     9    41    54    86    49   128 0.78 -
ctg000012_P:112251-115004   -            918 15470at4891          -            283   2.2e-18   63.7   5.1   2   6    0.0001    0.0049   13.3   0.1     7    77   143   221   137   225 0.81 -
ctg000012_P:112251-115004   -            918 15470at4891          -            283   2.2e-18   63.7   5.1   3   6   3.5e-05    0.0016   14.9   0.0   232   269   338   375   329   384 0.88 -
ctg000012_P:112251-115004   -            918 15470at4891          -            283   2.2e-18   63.7   5.1   4   6   3.7e-06   0.00018   18.1   0.0     7    82   384   466   378   469 0.80 -
ctg000012_P:112251-115004   -            918 15470at4891          -            283   2.2e-18   63.7   5.1   5   6   2.1e-06   9.7e-05   18.9   0.1    21   184   441   619   426   627 0.71 -
ctg000012_P:112251-115004   -            918 15470at4891          -            283   2.2e-18   63.7   5.1   6   6       7.8   3.6e+02   -2.7   0.0   243   274   682   713   674   721 0.65 -
ctg000003_P:549498-551945   -            816 15470at4891          -            283     3e-18   63.2   9.1   1   6      0.28        13    2.1   0.0   139   185    58   104    51   121 0.83 -
ctg000003_P:549498-551945   -            816 15470at4891          -            283     3e-18   63.2   9.1   2   6     0.028       1.3    5.3   0.1    30    89   122   190   111   205 0.55 -
ctg000003_P:549498-551945   -            816 15470at4891          -            283     3e-18   63.2   9.1   3   6     0.023       1.1    5.6   0.0     7    74   141   212   137   245 0.75 -
ctg000003_P:549498-551945   -            816 15470at4891          -            283     3e-18   63.2   9.1   4   6    0.0059      0.28    7.6   0.0     7    77   385   469   380   488 0.66 -
ctg000003_P:549498-551945   -            816 15470at4891          -            283     3e-18   63.2   9.1   5   6   5.5e-08   2.6e-06   24.1   0.1     8    85   489   571   484   579 0.84 -
ctg000003_P:549498-551945   -            816 15470at4891          -            283     3e-18   63.2   9.1   6   6   2.5e-08   1.2e-06   25.2   0.1     5    85   570   655   567   675 0.82 -
ctg000008_P:156612-157523   -            304 15470at4891          -            283   6.7e-18   62.1   0.7   1   4   1.2e-08   5.5e-07   26.3   0.1    63   194     7   128     2   133 0.76 -
ctg000008_P:156612-157523   -            304 15470at4891          -            283   6.7e-18   62.1   0.7   2   4   8.3e-05    0.0039   13.6   0.0   232   271   110   149   105   161 0.87 -
ctg000008_P:156612-157523   -            304 15470at4891          -            283   6.7e-18   62.1   0.7   3   4    0.0013     0.059    9.8   0.0    68   173   138   239   131   247 0.66 -
ctg000008_P:156612-157523   -            304 15470at4891          -            283   6.7e-18   62.1   0.7   4   4   1.8e-06   8.4e-05   19.1   0.0   138   182   247   291   239   300 0.90 -
ctg000012_P:93603-94601     -            333 15470at4891          -            283   4.3e-17   59.4   6.3   1   4   0.00075     0.035   10.5   0.0     8    61     2    56     1    65 0.72 -
ctg000012_P:93603-94601     -            333 15470at4891          -            283   4.3e-17   59.4   6.3   2   4   0.00022      0.01   12.3   0.7    25    86    69   135    43   159 0.77 -
ctg000012_P:93603-94601     -            333 15470at4891          -            283   4.3e-17   59.4   6.3   3   4   5.8e-11   2.7e-09   33.8   0.1     5    81   215   296   210   306 0.86 -
ctg000012_P:93603-94601     -            333 15470at4891          -            283   4.3e-17   59.4   6.3   4   4      0.15       7.3    2.9   0.0   237   267   302   332   298   333 0.63 -
ctg000007_P:236257-237153   -            299 15470at4891          -            283   6.3e-17   58.9   0.0   1   3      0.11       5.4    3.4   0.0   235   268    36    69    26    75 0.78 -
ctg000007_P:236257-237153   -            299 15470at4891          -            283   6.3e-17   58.9   0.0   2   3   9.1e-15   4.3e-13   46.3   0.0     6    86    77   163    73   168 0.88 -
ctg000007_P:236257-237153   -            299 15470at4891          -            283   6.3e-17   58.9   0.0   3   3     0.031       1.4    5.2   0.0    12    49   176   213   169   222 0.71 -
ctg000007_P:370295-371899   -            535 15470at4891          -            283   1.5e-16   57.7   1.1   1   3       1.4        64   -0.2   0.0   242   267   223   248   217   255 0.80 -
ctg000007_P:370295-371899   -            535 15470at4891          -            283   1.5e-16   57.7   1.1   2   3   7.1e-07   3.4e-05   20.4   0.3     5    79   256   330   252   342 0.90 -
ctg000007_P:370295-371899   -            535 15470at4891          -            283   1.5e-16   57.7   1.1   3   3   5.3e-11   2.5e-09   34.0   0.0     5   135   354   489   351   523 0.82 -
ctg000007_P:201083-203473   -            797 15470at4891          -            283   1.9e-16   57.3   0.2   1   4     0.002     0.095    9.1   0.0   235   270   521   556   514   559 0.88 -
ctg000007_P:201083-203473   -            797 15470at4891          -            283   1.9e-16   57.3   0.2   2   4   0.00014    0.0067   12.9   0.0   135   181   560   606   555   610 0.84 -
ctg000007_P:201083-203473   -            797 15470at4891          -            283   1.9e-16   57.3   0.2   3   4   3.3e-05    0.0015   15.0   0.0   235   267   647   679   642   684 0.90 -
ctg000007_P:201083-203473   -            797 15470at4891          -            283   1.9e-16   57.3   0.2   4   4     0.013      0.62    6.4   0.0     5    38   688   722   684   728 0.80 -
ctg000005_P:675289-676623   -            445 15470at4891          -            283   3.8e-15   53.1   4.6   1   4    0.0012     0.056    9.8   0.0   235   268   129   163   124   168 0.67 -
ctg000005_P:675289-676623   -            445 15470at4891          -            283   3.8e-15   53.1   4.6   2   4    0.0016     0.075    9.4   0.0   142   191   176   226   164   231 0.79 -
ctg000005_P:675289-676623   -            445 15470at4891          -            283   3.8e-15   53.1   4.6   3   4   6.1e-08   2.9e-06   23.9   0.0    20    88   228   301   215   319 0.78 -
ctg000005_P:675289-676623   -            445 15470at4891          -            283   3.8e-15   53.1   4.6   4   4     0.004      0.19    8.1   0.1    41    78   383   424   347   432 0.73 -
ctg000012_P:74312-75004     -            231 15470at4891          -            283   8.9e-15   51.9   1.1   1   3     1e-09   4.8e-08   29.8   0.0    15    88     3    81     1    91 0.88 -
ctg000012_P:74312-75004     -            231 15470at4891          -            283   8.9e-15   51.9   1.1   2   3   0.00013    0.0059   13.1   0.3    21    81    93   165    84   173 0.76 -
ctg000012_P:74312-75004     -            231 15470at4891          -            283   8.9e-15   51.9   1.1   3   3     0.023       1.1    5.7   0.0     6    55   181   230   176   231 0.88 -
ctg000002_P:347755-349020   -            422 15470at4891          -            283   9.2e-15   51.8   2.5   1   4   4.6e-05    0.0022   14.5   0.0     4    59    86   141    83   177 0.80 -
ctg000002_P:347755-349020   -            422 15470at4891          -            283   9.2e-15   51.8   2.5   2   4    0.0014     0.068    9.6   0.0   138   182   177   220   169   231 0.85 -
ctg000002_P:347755-349020   -            422 15470at4891          -            283   9.2e-15   51.8   2.5   3   4       2.5   1.2e+02   -1.0   0.0   250   266   239   255   219   269 0.68 -
ctg000002_P:347755-349020   -            422 15470at4891          -            283   9.2e-15   51.8   2.5   4   4   6.3e-08     3e-06   23.9   0.1    13    75   352   419   346   421 0.88 -
ctg000010_P:287694-288548   -            285 15470at4891          -            283   3.5e-14   49.9   1.3   1   2   5.7e-08   2.7e-06   24.0   0.1     6    77     1    78     1    86 0.87 -
ctg000010_P:287694-288548   -            285 15470at4891          -            283   3.5e-14   49.9   1.3   2   2   4.2e-08     2e-06   24.4   0.2     7   146   110   248   106   271 0.81 -
ctg000001_P:614163-614933   -            257 15470at4891          -            283   2.5e-13   47.1   0.3   1   2   2.5e-14   1.2e-12   44.9   0.1     8   141    70   210    65   221 0.83 -
ctg000001_P:614163-614933   -            257 15470at4891          -            283   2.5e-13   47.1   0.3   2   2       1.1        53    0.1   0.0   113   139   226   252   208   255 0.80 -
ctg000009_P:515858-516736   -            293 15470at4891          -            283   5.6e-13   46.0   0.3   1   5    0.0012     0.054    9.9   0.0    42    82     4    50     2    61 0.84 -
ctg000009_P:515858-516736   -            293 15470at4891          -            283   5.6e-13   46.0   0.3   2   5    0.0024      0.11    8.9   0.0    49    86    73   113    67   125 0.77 -
ctg000009_P:515858-516736   -            293 15470at4891          -            283   5.6e-13   46.0   0.3   3   5    0.0051      0.24    7.8   0.0    23    82   113   174   110   176 0.78 -
ctg000009_P:515858-516736   -            293 15470at4891          -            283   5.6e-13   46.0   0.3   4   5   7.4e-07   3.5e-05   20.4   0.0    26    95   155   231   149   253 0.77 -
ctg000009_P:515858-516736   -            293 15470at4891          -            283   5.6e-13   46.0   0.3   5   5      0.76        35    0.7   0.0   116   136   271   291   266   293 0.87 -
ctg000000_P:195018-198614   -           1199 15470at4891          -            283   8.8e-13   45.3   1.0   1   5   0.00014    0.0068   12.9   0.0   232   271    46    85    34    92 0.79 -
ctg000000_P:195018-198614   -           1199 15470at4891          -            283   8.8e-13   45.3   1.0   2   5   6.8e-06   0.00032   17.2   0.0     5    78    90   168    86   185 0.86 -
ctg000000_P:195018-198614   -           1199 15470at4891          -            283   8.8e-13   45.3   1.0   3   5       0.9        42    0.4   0.0   236   268   206   238   203   244 0.65 -
ctg000000_P:195018-198614   -           1199 15470at4891          -            283   8.8e-13   45.3   1.0   4   5    0.0058      0.27    7.6   0.0   231   271   245   285   241   298 0.88 -
ctg000000_P:195018-198614   -           1199 15470at4891          -            283   8.8e-13   45.3   1.0   5   5       1.1        54    0.1   0.0    71    94   476   499   454   529 0.81 -
ctg000009_P:39116-41260     -            715 15470at4891          -            283     1e-12   45.1   7.1   1   3      0.54        25    1.1   0.0   236   271    10    44     6    51 0.65 -
ctg000009_P:39116-41260     -            715 15470at4891          -            283     1e-12   45.1   7.1   2   3   7.6e-09   3.6e-07   26.9   0.7    12   183    56   219    46   222 0.78 -
ctg000009_P:39116-41260     -            715 15470at4891          -            283     1e-12   45.1   7.1   3   3   1.6e-05   0.00075   16.0   0.1     8   118   218   331   217   360 0.78 -
ctg000013_P:154085-154729   -            215 15470at4891          -            283   1.1e-12   45.0   2.9   1   3   1.5e-09     7e-08   29.2   0.2    17    86    13    84     1    91 0.84 -
ctg000013_P:154085-154729   -            215 15470at4891          -            283   1.1e-12   45.0   2.9   2   3   1.1e-07     5e-06   23.2   0.3     6    80    42   122    41   128 0.86 -
ctg000013_P:154085-154729   -            215 15470at4891          -            283   1.1e-12   45.0   2.9   3   3    0.0053      0.25    7.7   0.0    45    85   147   190   136   204 0.74 -
ctg000008_P:735513-736862   -            450 15470at4891          -            283   1.5e-12   44.6   0.1   1   3   4.2e-07     2e-05   21.2   0.1     5    80   115   195   113   195 0.79 -
ctg000008_P:735513-736862   -            450 15470at4891          -            283   1.5e-12   44.6   0.1   2   3     9e-08   4.2e-06   23.4   0.1     8    86   160   243   153   290 0.80 -
ctg000008_P:735513-736862   -            450 15470at4891          -            283   1.5e-12   44.6   0.1   3   3     0.012      0.56    6.6   0.0     8    38   333   363   326   367 0.91 -
ctg000001_P:195095-197449   -            785 15470at4891          -            283     2e-12   44.1   0.5   1   4   1.5e-06   7.2e-05   19.3   0.0     5    76    54   131    52   148 0.80 -
ctg000001_P:195095-197449   -            785 15470at4891          -            283     2e-12   44.1   0.5   2   4       1.9        90   -0.7   0.0   251   267   218   234   192   246 0.61 -
ctg000001_P:195095-197449   -            785 15470at4891          -            283     2e-12   44.1   0.5   3   4      0.12       5.6    3.3   0.1    98   167   372   410   276   415 0.49 -
ctg000001_P:195095-197449   -            785 15470at4891          -            283     2e-12   44.1   0.5   4   4   5.3e-05    0.0025   14.3   0.0     7    79   603   687   599   736 0.72 -
ctg000009_P:404496-405719   -            408 15470at4891          -            283     2e-12   44.1   1.3   1   3    0.0008     0.037   10.4   0.0    25    69    59   104    38   111 0.83 -
ctg000009_P:404496-405719   -            408 15470at4891          -            283     2e-12   44.1   1.3   2   3   1.6e-08   7.5e-07   25.8   0.3    20    90   111   186   106   252 0.84 -
ctg000009_P:404496-405719   -            408 15470at4891          -            283     2e-12   44.1   1.3   3   3     0.033       1.5    5.1   0.0     6   182   290   336   286   361 0.62 -
ctg000022_P:213435-214070   -            212 15470at4891          -            283   2.4e-12   43.9   0.1   1   2   0.00066     0.031   10.7   0.0    62    88    15    41     1    66 0.75 -
ctg000022_P:213435-214070   -            212 15470at4891          -            283   2.4e-12   43.9   0.1   2   2     5e-10   2.3e-08   30.8   0.1    26   118    80   175    76   211 0.79 -
ctg000007_P:594382-596901   -            840 15470at4891          -            283   5.5e-12   42.7   0.0   1   4     0.089       4.2    3.7   0.0   243   269    21    47    18    51 0.90 -
ctg000007_P:594382-596901   -            840 15470at4891          -            283   5.5e-12   42.7   0.0   2   4    0.0012     0.058    9.8   0.0   233   270    73   110    68   118 0.89 -
ctg000007_P:594382-596901   -            840 15470at4891          -            283   5.5e-12   42.7   0.0   3   4   2.1e-05   0.00098   15.6   0.0     6    81   133   214   130   228 0.84 -
ctg000007_P:594382-596901   -            840 15470at4891          -            283   5.5e-12   42.7   0.0   4   4    0.0094      0.44    6.9   0.0     8    43   354   389   346   403 0.84 -
ctg000000_P:983043-984008   -            322 15470at4891          -            283   2.1e-10   37.5   6.3   1   4     0.002     0.096    9.1   0.1     6    37   100   131     2   133 0.73 -
ctg000000_P:983043-984008   -            322 15470at4891          -            283   2.1e-10   37.5   6.3   2   4   0.00095     0.045   10.2   0.0     5    40    99   134    94   144 0.84 -
ctg000000_P:983043-984008   -            322 15470at4891          -            283   2.1e-10   37.5   6.3   3   4   1.8e-07   8.5e-06   22.4   0.7     5    77   145   226   142   241 0.85 -
ctg000000_P:983043-984008   -            322 15470at4891          -            283   2.1e-10   37.5   6.3   4   4      0.49        23    1.3   0.0     7    43   244   279   238   297 0.89 -
ctg000006_P:472399-472884   -            162 15470at4891          -            283   5.1e-10   36.2   1.9   1   2      0.06       2.8    4.3   0.0    46    88    12    60     4    63 0.75 -
ctg000006_P:472399-472884   -            162 15470at4891          -            283   5.1e-10   36.2   1.9   2   2   1.8e-10   8.7e-09   32.2   0.5     6    86    62   146    57   160 0.88 -
ctg000000_P:1183362-1184591 -            410 15470at4891          -            283   3.2e-09   33.6   0.0   1   1   1.1e-09   5.1e-08   29.7   0.0     8   171   115   277   110   305 0.81 -
ctg000006_P:423485-425329   -            615 15470at4891          -            283   4.9e-09   33.0   7.8   1   7       2.3   1.1e+02   -0.9   0.0   242   279    67   108    55   111 0.65 -
ctg000006_P:423485-425329   -            615 15470at4891          -            283   4.9e-09   33.0   7.8   2   7       4.6   2.2e+02   -1.9   0.0    16    60   122   168   116   179 0.66 -
ctg000006_P:423485-425329   -            615 15470at4891          -            283   4.9e-09   33.0   7.8   3   7   8.3e-09   3.9e-07   26.8   0.2    21   101   218   306   202   314 0.81 -
ctg000006_P:423485-425329   -            615 15470at4891          -            283   4.9e-09   33.0   7.8   4   7     0.028       1.3    5.3   0.1    25    84   312   372   307   432 0.78 -
ctg000006_P:423485-425329   -            615 15470at4891          -            283   4.9e-09   33.0   7.8   5   7       5.8   2.7e+02   -2.3   0.0   118   134   451   467   369   485 0.70 -
ctg000006_P:423485-425329   -            615 15470at4891          -            283   4.9e-09   33.0   7.8   6   7       4.9   2.3e+02   -2.0   0.0   119   144   496   521   489   529 0.76 -
ctg000006_P:423485-425329   -            615 15470at4891          -            283   4.9e-09   33.0   7.8   7   7      0.74        35    0.7   0.0    22    76   553   612   549   614 0.66 -
ctg000002_P:264388-265083   -            232 15470at4891          -            283     9e-09   32.1   2.2   1   3      0.62        29    0.9   0.1    46   156    38    65     1    92 0.55 -
ctg000002_P:264388-265083   -            232 15470at4891          -            283     9e-09   32.1   2.2   2   3   8.5e-10     4e-08   30.0   0.2     5    92    94   191    89   198 0.79 -
ctg000002_P:264388-265083   -            232 15470at4891          -            283     9e-09   32.1   2.2   3   3         3   1.4e+02   -1.3   0.0   156   168   218   230   208   232 0.64 -
ctg000010_P:203538-204632   -            365 15470at4891          -            283   6.8e-08   29.3   0.4   1   3     5e-05    0.0023   14.4   0.0    10    82    36   115    28   133 0.76 -
ctg000010_P:203538-204632   -            365 15470at4891          -            283   6.8e-08   29.3   0.4   2   3    0.0054      0.25    7.7   0.0    63   113   141   193   134   239 0.81 -
ctg000010_P:203538-204632   -            365 15470at4891          -            283   6.8e-08   29.3   0.4   3   3     0.083       3.9    3.8   0.0   241   266   271   296   264   303 0.86 -
ctg000006_P:63382-64761     -            460 15470at4891          -            283     1e-06   25.4   0.2   1   4      0.31        15    1.9   0.0    62    90    30    58    13    62 0.71 -
ctg000006_P:63382-64761     -            460 15470at4891          -            283     1e-06   25.4   0.2   2   4     9e-05    0.0043   13.5   0.0     6    42    67   103    64   139 0.75 -
ctg000006_P:63382-64761     -            460 15470at4891          -            283     1e-06   25.4   0.2   3   4      0.24        11    2.3   0.0   142   173   145   176   139   208 0.81 -
ctg000006_P:63382-64761     -            460 15470at4891          -            283     1e-06   25.4   0.2   4   4      0.28        13    2.1   0.0   144   173   375   404   352   411 0.82 -
ctg000000_P:689845-693270   -           1142 15470at4891          -            283     1e-06   25.4   0.1   1   3       6.5     3e+02   -2.4   0.0   144   170    65    93    61    97 0.83 -
ctg000000_P:689845-693270   -           1142 15470at4891          -            283     1e-06   25.4   0.1   2   3    0.0035      0.16    8.3   0.0     5    38   105   139   102   146 0.88 -
ctg000000_P:689845-693270   -           1142 15470at4891          -            283     1e-06   25.4   0.1   3   3   8.9e-05    0.0042   13.5   0.2    13    81   157   232   144   242 0.80 -
ctg000001_P:612668-613378   -            237 15470at4891          -            283   1.6e-06   24.8   0.3   1   3       2.8   1.3e+02   -1.2   0.0   132   143    18    29     4    65 0.52 -
ctg000001_P:612668-613378   -            237 15470at4891          -            283   1.6e-06   24.8   0.3   2   3   1.3e-05   0.00062   16.3   0.2     6    82    76   160    73   168 0.84 -
ctg000001_P:612668-613378   -            237 15470at4891          -            283   1.6e-06   24.8   0.3   3   3     0.029       1.3    5.3   0.0   216   265   187   236   174   237 0.83 -
ctg000001_P:814425-815267   -            281 15470at4891          -            283   6.8e-06   22.7   1.3   1   3    0.0006     0.028   10.8   0.0   133   276    12   143     2   150 0.73 -
ctg000001_P:814425-815267   -            281 15470at4891          -            283   6.8e-06   22.7   1.3   2   3     0.037       1.8    4.9   0.5    30    60   171   200   163   249 0.76 -
ctg000001_P:814425-815267   -            281 15470at4891          -            283   6.8e-06   22.7   1.3   3   3       1.5        69   -0.3   0.0   234   265   241   272   204   278 0.63 -
ctg000003_P:113154-114608   -            485 15470at4891          -            283     2e-05   21.1   5.9   1   4      0.16       7.3    2.9   0.0    62    85    83   106    60   110 0.80 -
ctg000003_P:113154-114608   -            485 15470at4891          -            283     2e-05   21.1   5.9   2   4      0.15         7    3.0   0.0    12    37   221   247   209   253 0.84 -
ctg000003_P:113154-114608   -            485 15470at4891          -            283     2e-05   21.1   5.9   3   4    0.0036      0.17    8.3   0.1    28    90   279   348   258   353 0.67 -
ctg000003_P:113154-114608   -            485 15470at4891          -            283     2e-05   21.1   5.9   4   4     0.025       1.2    5.5   0.1    11    44   349   382   340   394 0.70 -
ctg000003_P:529749-530594   -            282 15470at4891          -            283   2.1e-05   21.1   1.4   1   2   2.9e-05    0.0014   15.1   0.1    22   133    14   140     9   145 0.70 -
ctg000003_P:529749-530594   -            282 15470at4891          -            283   2.1e-05   21.1   1.4   2   2     0.065         3    4.2   0.1    61    81   165   185   149   227 0.77 -
ctg000005_P:740270-743305   -           1012 15470at4891          -            283   2.4e-05   20.9   6.9   1   6   1.6e-06   7.5e-05   19.3   0.3     5    90   174   265   170   287 0.85 -
ctg000005_P:740270-743305   -           1012 15470at4891          -            283   2.4e-05   20.9   6.9   2   6       6.7   3.2e+02   -2.5   0.0   111   140   332   356   272   382 0.54 -
ctg000005_P:740270-743305   -           1012 15470at4891          -            283   2.4e-05   20.9   6.9   3   6       5.2   2.5e+02   -2.1   0.0   172   201   454   485   421   487 0.75 -
ctg000005_P:740270-743305   -           1012 15470at4891          -            283   2.4e-05   20.9   6.9   4   6         4   1.9e+02   -1.7   0.0   251   268   677   694   605   733 0.70 -
ctg000005_P:740270-743305   -           1012 15470at4891          -            283   2.4e-05   20.9   6.9   5   6       1.5        70   -0.3   0.0    22    78   778   798   762   850 0.63 -
ctg000005_P:740270-743305   -           1012 15470at4891          -            283   2.4e-05   20.9   6.9   6   6       1.1        51    0.1   0.1    61    81   950   970   937   997 0.79 -
ctg000000_P:502361-503155   -            265 15470at4891          -            283   2.5e-05   20.8   0.4   1   4     0.023       1.1    5.6   0.1   153   179    14    40     1    52 0.58 -
ctg000000_P:502361-503155   -            265 15470at4891          -            283   2.5e-05   20.8   0.4   2   4      0.14       6.7    3.0   0.0   147   176    51    80    42   119 0.74 -
ctg000000_P:502361-503155   -            265 15470at4891          -            283   2.5e-05   20.8   0.4   3   4     0.028       1.3    5.4   0.0     7    38   163   194   157   202 0.92 -
ctg000000_P:502361-503155   -            265 15470at4891          -            283   2.5e-05   20.8   0.4   4   4      0.25        12    2.2   0.0   120   144   230   254   217   258 0.88 -
ctg000001_P:791639-792679   -            347 15470at4891          -            283   4.1e-05   20.1   0.1   1   4     0.034       1.6    5.1   0.5     8    75     7    85     1    94 0.81 -
ctg000001_P:791639-792679   -            347 15470at4891          -            283   4.1e-05   20.1   0.1   2   4         2        94   -0.7   0.0    43    60    99   116    69   127 0.59 -
ctg000001_P:791639-792679   -            347 15470at4891          -            283   4.1e-05   20.1   0.1   3   4       5.1   2.4e+02   -2.1   0.0   254   268   231   245   205   249 0.61 -
ctg000001_P:791639-792679   -            347 15470at4891          -            283   4.1e-05   20.1   0.1   4   4   0.00067     0.031   10.7   0.0   229   268   294   333   272   342 0.82 -
ctg000006_P:345566-347899   -            778 15470at4891          -            283   5.9e-05   19.6   0.0   1   3   5.6e-05    0.0026   14.2   0.0   236   267   405   436   400   453 0.88 -
ctg000006_P:345566-347899   -            778 15470at4891          -            283   5.9e-05   19.6   0.0   2   3       7.1   3.3e+02   -2.5   0.0    10    32   565   587   559   614 0.75 -
ctg000006_P:345566-347899   -            778 15470at4891          -            283   5.9e-05   19.6   0.0   3   3      0.31        15    1.9   0.0     6    39   690   723   686   730 0.78 -
ctg000003_P:955064-957016   -            651 15470at4891          -            283   8.2e-05   19.1   1.3   1   4       8.4   3.9e+02   -2.8   0.0    65    98    42    75    26   110 0.66 -
ctg000003_P:955064-957016   -            651 15470at4891          -            283   8.2e-05   19.1   1.3   2   4       4.2     2e+02   -1.8   0.0   253   272    96   115    71   123 0.55 -
ctg000003_P:955064-957016   -            651 15470at4891          -            283   8.2e-05   19.1   1.3   3   4   8.5e-06    0.0004   16.9   0.1     5    95   135   230   130   271 0.74 -
ctg000003_P:955064-957016   -            651 15470at4891          -            283   8.2e-05   19.1   1.3   4   4       8.4   3.9e+02   -2.8   0.0   256   271   293   308   287   348 0.50 -
ctg000003_P:904315-907116   -            934 15470at4891          -            283   0.00017   18.1   1.5   1   2       1.8        86   -0.6   0.1    65    87   473   495   413   535 0.54 -
ctg000003_P:904315-907116   -            934 15470at4891          -            283   0.00017   18.1   1.5   2   2   2.8e-05    0.0013   15.2   0.0    11   104   539   641   530   663 0.82 -
ctg000009_P:411260-412237   -            326 15470at4891          -            283   0.00027   17.5   0.1   1   4     0.015      0.69    6.3   0.0    12    53    26    67    20    80 0.83 -
ctg000009_P:411260-412237   -            326 15470at4891          -            283   0.00027   17.5   0.1   2   4     0.013      0.59    6.5   0.0   214   268    85   139    75   150 0.71 -
ctg000009_P:411260-412237   -            326 15470at4891          -            283   0.00027   17.5   0.1   3   4      0.03       1.4    5.3   0.0    61    77   124   140   101   270 0.61 -
ctg000009_P:411260-412237   -            326 15470at4891          -            283   0.00027   17.5   0.1   4   4       5.1   2.4e+02   -2.1   0.0    18    39   255   276   251   280 0.73 -
ctg000008_P:606523-607326   -            268 15470at4891          -            283   0.00031   17.3   0.2   1   2       7.1   3.4e+02   -2.5   0.1   248   278     7    37     3    39 0.70 -
ctg000008_P:606523-607326   -            268 15470at4891          -            283   0.00031   17.3   0.2   2   2   1.9e-05   0.00091   15.7   0.0   231   268   180   217   121   224 0.90 -
ctg000001_P:853361-855415   -            685 15470at4891          -            283   0.00034   17.1   0.1   1   3      0.26        12    2.2   0.0   244   277     2    36     1    42 0.83 -
ctg000001_P:853361-855415   -            685 15470at4891          -            283   0.00034   17.1   0.1   2   3     0.066       3.1    4.1   0.0    62    82    58    78    39    80 0.66 -
ctg000001_P:853361-855415   -            685 15470at4891          -            283   0.00034   17.1   0.1   3   3     0.013      0.61    6.5   0.0   232   267    78   113    75   126 0.88 -
ctg000007_P:127180-128319   -            380 15470at4891          -            283    0.0016   14.9   0.0   1   2     0.031       1.5    5.2   0.0    44    88    51   100    23   149 0.70 -
ctg000007_P:127180-128319   -            380 15470at4891          -            283    0.0016   14.9   0.0   2   2     0.013      0.63    6.4   0.0   242   266   152   176   145   182 0.92 -
ctg000024_P:5353-6492       -            380 15470at4891          -            283    0.0016   14.9   0.0   1   2     0.031       1.5    5.2   0.0    44    88    51   100    23   149 0.70 -
ctg000024_P:5353-6492       -            380 15470at4891          -            283    0.0016   14.9   0.0   2   2     0.013      0.63    6.4   0.0   242   266   152   176   145   182 0.92 -
ctg000001_P:1020946-1022133 -            396 15470at4891          -            283    0.0016   14.9   0.1   1   3       3.5   1.6e+02   -1.5   0.0    60    75    27    42    10    59 0.64 -
ctg000001_P:1020946-1022133 -            396 15470at4891          -            283    0.0016   14.9   0.1   2   3     0.069       3.3    4.1   0.0     8    49   231   275   225   285 0.72 -
ctg000001_P:1020946-1022133 -            396 15470at4891          -            283    0.0016   14.9   0.1   3   3    0.0062      0.29    7.5   0.0     8    55   289   336   283   354 0.87 -
ctg000009_P:222122-222682   -            187 15470at4891          -            283    0.0016   14.9   0.0   1   1    0.0001    0.0049   13.3   0.0   149   205     9    64     1    68 0.86 -
ctg000022_P:317551-319299   -            583 15470at4891          -            283    0.0018   14.8   0.0   1   3       8.3   3.9e+02   -2.8   0.0   242   269   240   267   236   271 0.76 -
ctg000022_P:317551-319299   -            583 15470at4891          -            283    0.0018   14.8   0.0   2   3     0.051       2.4    4.5   0.0   133   167   495   529   432   549 0.86 -
ctg000022_P:317551-319299   -            583 15470at4891          -            283    0.0018   14.8   0.0   3   3    0.0085       0.4    7.1   0.0   239   269   551   581   547   583 0.91 -
ctg000014_P:161740-163014   -            425 15470at4891          -            283    0.0024   14.4   0.1   1   3     0.001     0.048   10.1   0.0     5    38    67   100    58   107 0.89 -
ctg000014_P:161740-163014   -            425 15470at4891          -            283    0.0024   14.4   0.1   2   3      0.99        47    0.3   0.0   208   256   182   231   124   254 0.55 -
ctg000014_P:161740-163014   -            425 15470at4891          -            283    0.0024   14.4   0.1   3   3       4.2     2e+02   -1.8   0.0    62    84   285   307   274   328 0.70 -
ctg000005_P:138693-140411   -            573 15470at4891          -            283    0.0026   14.2   0.2   1   4     0.043         2    4.7   0.0   235   267   232   264   225   269 0.84 -
ctg000005_P:138693-140411   -            573 15470at4891          -            283    0.0026   14.2   0.2   2   4       0.1       4.9    3.5   0.0    13    79   283   354   270   360 0.76 -
ctg000005_P:138693-140411   -            573 15470at4891          -            283    0.0026   14.2   0.2   3   4       2.8   1.3e+02   -1.2   0.0    59    84   410   435   397   442 0.69 -
ctg000005_P:138693-140411   -            573 15470at4891          -            283    0.0026   14.2   0.2   4   4       1.2        59   -0.1   0.0    41    64   507   530   478   559 0.68 -
ctg000012_P:294223-296391   -            723 15470at4891          -            283    0.0037   13.7   2.9   1   5       2.6   1.2e+02   -1.1   0.1   178   181   341   344   249   388 0.62 -
ctg000012_P:294223-296391   -            723 15470at4891          -            283    0.0037   13.7   2.9   2   5       2.3   1.1e+02   -0.9   0.0   118   139   528   549   512   557 0.74 -
ctg000012_P:294223-296391   -            723 15470at4891          -            283    0.0037   13.7   2.9   3   5       5.6   2.6e+02   -2.2   0.0   117   160   600   643   592   647 0.75 -
ctg000012_P:294223-296391   -            723 15470at4891          -            283    0.0037   13.7   2.9   4   5     0.086         4    3.8   0.1    23    55   651   683   640   693 0.86 -
ctg000012_P:294223-296391   -            723 15470at4891          -            283    0.0037   13.7   2.9   5   5     0.009      0.42    7.0   0.0   242   268   694   721   685   723 0.85 -
ctg000010_P:252121-253755   -            545 15470at4891          -            283     0.004   13.6   0.0   1   2         9   4.2e+02   -2.9   0.0    16    58   108   129    96   135 0.57 -
ctg000010_P:252121-253755   -            545 15470at4891          -            283     0.004   13.6   0.0   2   2   0.00025     0.012   12.1   0.0    31    86   245   305   228   327 0.81 -
ctg000000_P:767208-768539   -            444 15470at4891          -            283     0.008   12.6   0.3   1   3       4.7   2.2e+02   -1.9   0.0    13    39     7    33     4    51 0.83 -
ctg000000_P:767208-768539   -            444 15470at4891          -            283     0.008   12.6   0.3   2   3       4.2     2e+02   -1.8   0.0   145   174   105   135   103   170 0.65 -
ctg000000_P:767208-768539   -            444 15470at4891          -            283     0.008   12.6   0.3   3   3   0.00097     0.046   10.1   0.2    88   207   153   263   123   278 0.77 -
ctg000001_P:155149-156492   -            448 15470at4891          -            283      0.01   12.3   0.2   1   2         4   1.9e+02   -1.7   0.1   134   164   135   168    95   207 0.55 -
ctg000001_P:155149-156492   -            448 15470at4891          -            283      0.01   12.3   0.2   2   2     0.001     0.047   10.1   0.0     5    48   219   263   215   282 0.84 -
#
# Program:         hmmsearch
# Version:         3.1b2 (February 2015)
# Pipeline mode:   SEARCH
# Query file:      /Users/dominiquefastus/DeNovoProj/BUSCO_ass/busco_downloads/lineages/saccharomycetes_odb10/hmms/15470at4891.hmm
# Target file:     /Users/dominiquefastus/DeNovoProj/BUSCO_ass/busco_out/run_saccharomycetes_odb10/metaeuk_output/initial_results/asm_ctgs_m.fa.modified.fas
# Option settings: hmmsearch --domtblout /Users/dominiquefastus/DeNovoProj/BUSCO_ass/busco_out/run_saccharomycetes_odb10/hmmer_output/initial_run_results/15470at4891.out --cpu 1 /Users/dominiquefastus/DeNovoProj/BUSCO_ass/busco_downloads/lineages/saccharomycetes_odb10/hmms/15470at4891.hmm /Users/dominiquefastus/DeNovoProj/BUSCO_ass/busco_out/run_saccharomycetes_odb10/metaeuk_output/initial_results/asm_ctgs_m.fa.modified.fas 
# Current dir:     /Users/dominiquefastus/DeNovoProj/BUSCO_ass
# Date:            Fri Feb 24 14:06:02 2023
# [ok]
