#                                                                                 --- full sequence --- -------------- this domain -------------   hmm coord   ali coord   env coord
# target name             accession   tlen query name           accession   qlen   E-value  score  bias   #  of  c-Evalue  i-Evalue  score  bias  from    to  from    to  from    to  acc description of target
#     ------------------- ---------- ----- -------------------- ---------- ----- --------- ------ ----- --- --- --------- --------- ------ ----- ----- ----- ----- ----- ----- ----- ---- ---------------------
ctg000005_P:52937-54856   -            640 16464at4891          -            497  4.4e-158  524.1  41.2   1   2    3e-145    1e-142  473.5   3.0     1   307     1   334     1   362 0.90 -
ctg000005_P:52937-54856   -            640 16464at4891          -            497  4.4e-158  524.1  41.2   2   2   2.2e-16   7.5e-14   48.4  30.5   298   477   367   609   358   640 0.76 -
ctg000007_P:102778-104193 -            472 16464at4891          -            497     7e-12   41.9   0.1   1   1   5.9e-14     2e-11   40.4   0.1    27   223   239   448   227   464 0.76 -
ctg000002_P:233940-235397 -            486 16464at4891          -            497   1.1e-11   41.3   0.2   1   1   5.1e-14   1.7e-11   40.6   0.2    62   225   286   467   253   478 0.77 -
ctg000002_P:205491-206891 -            467 16464at4891          -            497   9.2e-11   38.2   0.0   1   2      0.41   1.4e+02   -2.0   0.0   288   323   228   261   226   280 0.72 -
ctg000002_P:205491-206891 -            467 16464at4891          -            497   9.2e-11   38.2   0.0   2   2   7.6e-13   2.6e-10   36.7   0.0    70   221   280   447   271   463 0.80 -
ctg000107_P:325515-326978 -            488 16464at4891          -            497   1.8e-10   37.2   0.0   1   1     1e-12   3.3e-10   36.4   0.0    67   225   292   468   282   480 0.81 -
ctg000007_P:431785-434541 -            919 16464at4891          -            497   2.2e-08   30.4   0.9   1   2   1.5e-10   5.1e-08   29.1   0.0    92   238   615   779   589   782 0.79 -
ctg000007_P:431785-434541 -            919 16464at4891          -            497   2.2e-08   30.4   0.9   2   2      0.37   1.2e+02   -1.8   0.6   330   389   807   866   772   884 0.40 -
ctg000001_P:909507-912200 -            898 16464at4891          -            497   1.1e-07   28.0   1.7   1   2      0.49   1.6e+02   -2.2   0.6   452   477   192   217   181   250 0.56 -
ctg000001_P:909507-912200 -            898 16464at4891          -            497   1.1e-07   28.0   1.7   2   2   4.9e-10   1.6e-07   27.5   0.0   103   222   651   789   638   806 0.80 -
ctg000003_P:519189-519497 -            103 16464at4891          -            497   0.00042   16.2   6.0   1   1   1.4e-06   0.00048   16.0   6.0   342   440     9   100     2   103 0.71 -
#
# Program:         hmmsearch
# Version:         3.1b2 (February 2015)
# Pipeline mode:   SEARCH
# Query file:      /Users/dominiquefastus/DeNovoProj/BUSCO_ass/busco_downloads/lineages/saccharomycetes_odb10/hmms/16464at4891.hmm
# Target file:     /Users/dominiquefastus/DeNovoProj/BUSCO_ass/busco_out/run_saccharomycetes_odb10/metaeuk_output/initial_results/asm_ctgs_m.fa.modified.fas
# Option settings: hmmsearch --domtblout /Users/dominiquefastus/DeNovoProj/BUSCO_ass/busco_out/run_saccharomycetes_odb10/hmmer_output/initial_run_results/16464at4891.out --cpu 1 /Users/dominiquefastus/DeNovoProj/BUSCO_ass/busco_downloads/lineages/saccharomycetes_odb10/hmms/16464at4891.hmm /Users/dominiquefastus/DeNovoProj/BUSCO_ass/busco_out/run_saccharomycetes_odb10/metaeuk_output/initial_results/asm_ctgs_m.fa.modified.fas 
# Current dir:     /Users/dominiquefastus/DeNovoProj/BUSCO_ass
# Date:            Fri Feb 24 14:21:38 2023
# [ok]
