#                                                                                 --- full sequence --- -------------- this domain -------------   hmm coord   ali coord   env coord
# target name             accession   tlen query name           accession   qlen   E-value  score  bias   #  of  c-Evalue  i-Evalue  score  bias  from    to  from    to  from    to  acc description of target
#     ------------------- ---------- ----- -------------------- ---------- ----- --------- ------ ----- --- --- --------- --------- ------ ----- ----- ----- ----- ----- ----- ----- ---- ---------------------
ctg000011_P:355119-356174 -            352 20735at4891          -            212   1.2e-49  166.0  13.9   1   4     0.015       9.8    2.8   0.2     2    22    35    55    34    86 0.68 -
ctg000011_P:355119-356174 -            352 20735at4891          -            212   1.2e-49  166.0  13.9   2   4    0.0026       1.8    5.2   0.9    11    53    85   129    77   137 0.77 -
ctg000011_P:355119-356174 -            352 20735at4891          -            212   1.2e-49  166.0  13.9   3   4   9.5e-47   6.4e-44  147.2   1.0    53   182   147   298   142   317 0.85 -
ctg000011_P:355119-356174 -            352 20735at4891          -            212   1.2e-49  166.0  13.9   4   4   6.5e-07   0.00044   17.0   0.0   182   212   320   352   309   352 0.90 -
ctg000009_P:563638-564429 -            264 20735at4891          -            212   1.3e-11   41.6   1.6   1   3   7.6e-13   5.1e-10   36.4   0.3    52   116   104   168    68   190 0.85 -
ctg000009_P:563638-564429 -            264 20735at4891          -            212   1.3e-11   41.6   1.6   2   3      0.43   2.9e+02   -2.0   0.0   128   154   197   229   182   237 0.57 -
ctg000009_P:563638-564429 -            264 20735at4891          -            212   1.3e-11   41.6   1.6   3   3    0.0095       6.4    3.4   0.0   153   173   243   264   240   264 0.84 -
ctg000001_P:850622-851269 -            216 20735at4891          -            212   1.2e-05   22.1   0.4   1   2      0.51   3.4e+02   -2.2   0.0     4    18    11    25     5    45 0.61 -
ctg000001_P:850622-851269 -            216 20735at4891          -            212   1.2e-05   22.1   0.4   2   2   1.9e-08   1.2e-05   22.1   0.4    58   144    84   172    73   194 0.77 -
ctg000005_P:806357-807004 -            216 20735at4891          -            212   1.2e-05   22.1   0.4   1   2      0.51   3.4e+02   -2.2   0.0     4    18    11    25     5    45 0.61 -
ctg000005_P:806357-807004 -            216 20735at4891          -            212   1.2e-05   22.1   0.4   2   2   1.9e-08   1.2e-05   22.1   0.4    58   144    84   172    73   194 0.77 -
#
# Program:         hmmsearch
# Version:         3.1b2 (February 2015)
# Pipeline mode:   SEARCH
# Query file:      /Users/dominiquefastus/DeNovoProj/BUSCO_ass/busco_downloads/lineages/saccharomycetes_odb10/hmms/20735at4891.hmm
# Target file:     /Users/dominiquefastus/DeNovoProj/BUSCO_ass/busco_out/run_saccharomycetes_odb10/metaeuk_output/initial_results/asm_ctgs_m.fa.modified.fas
# Option settings: hmmsearch --domtblout /Users/dominiquefastus/DeNovoProj/BUSCO_ass/busco_out/run_saccharomycetes_odb10/hmmer_output/initial_run_results/20735at4891.out --cpu 1 /Users/dominiquefastus/DeNovoProj/BUSCO_ass/busco_downloads/lineages/saccharomycetes_odb10/hmms/20735at4891.hmm /Users/dominiquefastus/DeNovoProj/BUSCO_ass/busco_out/run_saccharomycetes_odb10/metaeuk_output/initial_results/asm_ctgs_m.fa.modified.fas 
# Current dir:     /Users/dominiquefastus/DeNovoProj/BUSCO_ass
# Date:            Fri Feb 24 14:22:58 2023
# [ok]
