#                                                                                 --- full sequence --- -------------- this domain -------------   hmm coord   ali coord   env coord
# target name             accession   tlen query name           accession   qlen   E-value  score  bias   #  of  c-Evalue  i-Evalue  score  bias  from    to  from    to  from    to  acc description of target
#     ------------------- ---------- ----- -------------------- ---------- ----- --------- ------ ----- --- --- --------- --------- ------ ----- ----- ----- ----- ----- ----- ----- ---- ---------------------
ctg000013_P:20833-21630   -            266 20748at4891          -            198   5.8e-91  300.9   6.4   1   2   1.2e-82   5.6e-80  265.0   0.5     1   165     1   193     1   196 0.91 -
ctg000013_P:20833-21630   -            266 20748at4891          -            198   5.8e-91  300.9   6.4   2   2     1e-09   4.6e-07   27.0   0.9   163   197   210   262   203   263 0.82 -
ctg000002_P:460177-460959 -            261 20748at4891          -            198   1.1e-08   32.3   0.0   1   1   3.8e-11   1.7e-08   31.7   0.0    20   103    12    95     5   116 0.86 -
ctg000022_P:448599-449359 -            215 20748at4891          -            198   6.1e-07   26.6   0.1   1   1   1.9e-09   8.7e-07   26.1   0.1    33    96    16    79     4   121 0.88 -
ctg000005_P:209562-210422 -            287 20748at4891          -            198   0.00061   16.8   0.0   1   1   2.5e-06    0.0011   16.0   0.0    32    95    71   134    57   219 0.83 -
ctg000010_P:228687-229301 -            205 20748at4891          -            198    0.0064   13.5   0.0   1   1   2.5e-05     0.011   12.8   0.0    34   140     7   129     2   145 0.62 -
ctg000001_P:338056-338826 -            257 20748at4891          -            198     0.012   12.6   0.1   1   1   4.5e-05      0.02   11.9   0.1    36   106    32    99    19   108 0.83 -
#
# Program:         hmmsearch
# Version:         3.1b2 (February 2015)
# Pipeline mode:   SEARCH
# Query file:      /Users/dominiquefastus/DeNovoProj/BUSCO_ass/busco_downloads/lineages/saccharomycetes_odb10/hmms/20748at4891.hmm
# Target file:     /Users/dominiquefastus/DeNovoProj/BUSCO_ass/busco_out/run_saccharomycetes_odb10/metaeuk_output/initial_results/asm_ctgs_m.fa.modified.fas
# Option settings: hmmsearch --domtblout /Users/dominiquefastus/DeNovoProj/BUSCO_ass/busco_out/run_saccharomycetes_odb10/hmmer_output/initial_run_results/20748at4891.out --cpu 1 /Users/dominiquefastus/DeNovoProj/BUSCO_ass/busco_downloads/lineages/saccharomycetes_odb10/hmms/20748at4891.hmm /Users/dominiquefastus/DeNovoProj/BUSCO_ass/busco_out/run_saccharomycetes_odb10/metaeuk_output/initial_results/asm_ctgs_m.fa.modified.fas 
# Current dir:     /Users/dominiquefastus/DeNovoProj/BUSCO_ass
# Date:            Fri Feb 24 14:22:58 2023
# [ok]
