#                                                                                 --- full sequence --- -------------- this domain -------------   hmm coord   ali coord   env coord
# target name             accession   tlen query name           accession   qlen   E-value  score  bias   #  of  c-Evalue  i-Evalue  score  bias  from    to  from    to  from    to  acc description of target
#     ------------------- ---------- ----- -------------------- ---------- ----- --------- ------ ----- --- --- --------- --------- ------ ----- ----- ----- ----- ----- ----- ----- ---- ---------------------
ctg000006_P:467192-468472 -            427 21981at4891          -            268   8.2e-88  291.4   6.0   1   3   3.7e-62   3.3e-59  197.6   3.1     1   160     3   202     3   220 0.83 -
ctg000006_P:467192-468472 -            427 21981at4891          -            268   8.2e-88  291.4   6.0   2   3   7.8e-22     7e-19   65.4   0.0   154   249   228   363   218   368 0.78 -
ctg000006_P:467192-468472 -            427 21981at4891          -            268   8.2e-88  291.4   6.0   3   3   2.8e-06    0.0025   14.4   0.0   240   268   391   419   373   419 0.78 -
ctg000009_P:200729-201985 -            419 21981at4891          -            268   4.1e-39  131.7   5.2   1   4   2.3e-23   2.1e-20   70.4   1.3     5   156     1   193     1   197 0.79 -
ctg000009_P:200729-201985 -            419 21981at4891          -            268   4.1e-39  131.7   5.2   2   4    0.0015       1.3    5.4   0.0   158   179   227   248   205   260 0.83 -
ctg000009_P:200729-201985 -            419 21981at4891          -            268   4.1e-39  131.7   5.2   3   4   3.8e-13   3.4e-10   36.9   0.0   190   252   287   361   278   367 0.83 -
ctg000009_P:200729-201985 -            419 21981at4891          -            268   4.1e-39  131.7   5.2   4   4   0.00017      0.15    8.6   0.1   252   268   397   413   386   413 0.86 -
ctg000002_P:303304-304758 -            485 21981at4891          -            268   1.2e-28   97.4   0.1   1   5   5.6e-09     5e-06   23.2   0.0    17    64    59   117    48   127 0.82 -
ctg000002_P:303304-304758 -            485 21981at4891          -            268   1.2e-28   97.4   0.1   2   5   9.5e-20   8.5e-17   58.5   0.0    69   137   153   226   145   252 0.83 -
ctg000002_P:303304-304758 -            485 21981at4891          -            268   1.2e-28   97.4   0.1   3   5      0.23   2.1e+02   -1.7   0.0   157   175   269   287   261   301 0.79 -
ctg000002_P:303304-304758 -            485 21981at4891          -            268   1.2e-28   97.4   0.1   4   5   0.00011     0.099    9.1   0.0   175   213   312   356   287   383 0.79 -
ctg000002_P:303304-304758 -            485 21981at4891          -            268   1.2e-28   97.4   0.1   5   5      0.09        80   -0.4   0.0   234   267   444   480   427   481 0.65 -
#
# Program:         hmmsearch
# Version:         3.1b2 (February 2015)
# Pipeline mode:   SEARCH
# Query file:      /Users/dominiquefastus/DeNovoProj/BUSCO_ass/busco_downloads/lineages/saccharomycetes_odb10/hmms/21981at4891.hmm
# Target file:     /Users/dominiquefastus/DeNovoProj/BUSCO_ass/busco_out/run_saccharomycetes_odb10/metaeuk_output/initial_results/asm_ctgs_m.fa.modified.fas
# Option settings: hmmsearch --domtblout /Users/dominiquefastus/DeNovoProj/BUSCO_ass/busco_out/run_saccharomycetes_odb10/hmmer_output/initial_run_results/21981at4891.out --cpu 1 /Users/dominiquefastus/DeNovoProj/BUSCO_ass/busco_downloads/lineages/saccharomycetes_odb10/hmms/21981at4891.hmm /Users/dominiquefastus/DeNovoProj/BUSCO_ass/busco_out/run_saccharomycetes_odb10/metaeuk_output/initial_results/asm_ctgs_m.fa.modified.fas 
# Current dir:     /Users/dominiquefastus/DeNovoProj/BUSCO_ass
# Date:            Fri Feb 24 14:23:17 2023
# [ok]
