#                                                                                 --- full sequence --- -------------- this domain -------------   hmm coord   ali coord   env coord
# target name             accession   tlen query name           accession   qlen   E-value  score  bias   #  of  c-Evalue  i-Evalue  score  bias  from    to  from    to  from    to  acc description of target
#     ------------------- ---------- ----- -------------------- ---------- ----- --------- ------ ----- --- --- --------- --------- ------ ----- ----- ----- ----- ----- ----- ----- ---- ---------------------
ctg000011_P:278409-279251 -            281 26931at4891          -            170   2.4e-72  239.6  19.8   1   3   2.2e-41   1.2e-38  130.0   1.6     1   118     1   126     1   130 0.92 -
ctg000011_P:278409-279251 -            281 26931at4891          -            170   2.4e-72  239.6  19.8   2   3      0.36   1.9e+02   -0.9   0.0    84   114   159   189   125   197 0.66 -
ctg000011_P:278409-279251 -            281 26931at4891          -            170   2.4e-72  239.6  19.8   3   3   1.7e-36   9.3e-34  114.0  11.0   110   170   213   274   161   274 0.88 -
ctg000002_P:639735-640313 -            193 26931at4891          -            170   9.5e-24   81.5  13.3   1   1   5.3e-26   2.9e-23   79.9  13.3   109   164   136   192    49   193 0.65 -
ctg000008_P:335221-336210 -            330 26931at4891          -            170   9.9e-24   81.4  11.4   1   2     0.001      0.55    7.4   0.3     7    97    11   105     9   119 0.77 -
ctg000008_P:335221-336210 -            330 26931at4891          -            170   9.9e-24   81.4  11.4   2   2     2e-25   1.1e-22   78.1   4.6   105   167   266   329   201   330 0.83 -
ctg000005_P:650382-651428 -            349 26931at4891          -            170   3.7e-09   34.0   4.5   1   3   6.9e-12   3.7e-09   34.0   4.5   117   166    19    70    10    73 0.86 -
ctg000005_P:650382-651428 -            349 26931at4891          -            170   3.7e-09   34.0   4.5   2   3      0.48   2.6e+02   -1.3   0.2    47    73   138   163   122   231 0.54 -
ctg000005_P:650382-651428 -            349 26931at4891          -            170   3.7e-09   34.0   4.5   3   3      0.21   1.1e+02   -0.2   0.5    54    54   263   263   207   341 0.58 -
ctg000010_P:352813-354642 -            610 26931at4891          -            170     0.041   11.1   6.9   1   2    0.0074         4    4.6   0.7    37    89    20    72     7    90 0.77 -
ctg000010_P:352813-354642 -            610 26931at4891          -            170     0.041   11.1   6.9   2   2    0.0003      0.16    9.1   0.8    25    73   315   363   295   371 0.90 -
#
# Program:         hmmsearch
# Version:         3.1b2 (February 2015)
# Pipeline mode:   SEARCH
# Query file:      /Users/dominiquefastus/DeNovoProj/BUSCO_ass/busco_downloads/lineages/saccharomycetes_odb10/hmms/26931at4891.hmm
# Target file:     /Users/dominiquefastus/DeNovoProj/BUSCO_ass/busco_out/run_saccharomycetes_odb10/metaeuk_output/initial_results/asm_ctgs_m.fa.modified.fas
# Option settings: hmmsearch --domtblout /Users/dominiquefastus/DeNovoProj/BUSCO_ass/busco_out/run_saccharomycetes_odb10/hmmer_output/initial_run_results/26931at4891.out --cpu 1 /Users/dominiquefastus/DeNovoProj/BUSCO_ass/busco_downloads/lineages/saccharomycetes_odb10/hmms/26931at4891.hmm /Users/dominiquefastus/DeNovoProj/BUSCO_ass/busco_out/run_saccharomycetes_odb10/metaeuk_output/initial_results/asm_ctgs_m.fa.modified.fas 
# Current dir:     /Users/dominiquefastus/DeNovoProj/BUSCO_ass
# Date:            Fri Feb 24 14:24:42 2023
# [ok]
