#                                                                                   --- full sequence --- -------------- this domain -------------   hmm coord   ali coord   env coord
# target name               accession   tlen query name           accession   qlen   E-value  score  bias   #  of  c-Evalue  i-Evalue  score  bias  from    to  from    to  from    to  acc description of target
#       ------------------- ---------- ----- -------------------- ---------- ----- --------- ------ ----- --- --- --------- --------- ------ ----- ----- ----- ----- ----- ----- ----- ---- ---------------------
ctg000000_P:236598-239102   -            835 2862at4891           -            686         0 1409.7  10.4   1   2         0         0 1358.9   5.4     1   649    20   715    20   726 0.97 -
ctg000000_P:236598-239102   -            835 2862at4891           -            686         0 1409.7  10.4   2   2   1.4e-17   1.4e-15   53.8   0.2   637   684   737   784   720   786 0.88 -
ctg000003_P:882460-884790   -            777 2862at4891           -            686  2.4e-158  525.6   0.1   1   1  3.3e-160  3.4e-158  525.1   0.1   159   681   240   773   220   775 0.92 -
ctg000003_P:56301-58784     -            828 2862at4891           -            686  3.4e-135  449.1   0.3   1   2   4.2e-63   4.3e-61  204.2   0.1   163   380   204   430   187   471 0.90 -
ctg000003_P:56301-58784     -            828 2862at4891           -            686  3.4e-135  449.1   0.3   2   2   1.6e-74   1.7e-72  241.9   0.0   391   645   492   758   484   766 0.91 -
ctg000010_P:333325-387823   -            540 2862at4891           -            686  8.4e-104  345.4   0.1   1   2   1.6e-35   1.7e-33  113.0   0.0   431   563     1   133     1   150 0.95 -
ctg000010_P:333325-387823   -            540 2862at4891           -            686  8.4e-104  345.4   0.1   2   2     1e-70     1e-68  229.4   0.1   297   663   155   534   147   538 0.87 -
ctg000001_P:562554-563639   -            362 2862at4891           -            686   3.1e-83  277.4   0.4   1   2   1.2e-44   1.2e-42  143.3   0.0   425   619    84   277    66   279 0.92 -
ctg000001_P:562554-563639   -            362 2862at4891           -            686   3.1e-83  277.4   0.4   2   2   1.1e-43   1.1e-41  140.1   0.1   196   401   124   335   119   356 0.89 -
ctg000008_P:755130-757982   -            951 2862at4891           -            686   4.9e-78  260.2   0.3   1   4    0.0011      0.11    7.9   0.0   523   624   461   564   440   603 0.77 -
ctg000008_P:755130-757982   -            951 2862at4891           -            686   4.9e-78  260.2   0.3   2   4     4e-76   4.1e-74  247.2   0.0   426   621   647   845   616   849 0.91 -
ctg000008_P:755130-757982   -            951 2862at4891           -            686   4.9e-78  260.2   0.3   3   4      0.14        15    0.8   0.0   347   381   845   878   841   899 0.75 -
ctg000008_P:755130-757982   -            951 2862at4891           -            686   4.9e-78  260.2   0.3   4   4      0.68        70   -1.4   0.0   648   681   912   945   898   948 0.79 -
ctg000001_P:65864-69994     -           1377 2862at4891           -            686   2.4e-73  244.7   0.0   1   2     5e-72   5.2e-70  233.7   0.0   160   422   409   681   398   695 0.90 -
ctg000001_P:65864-69994     -           1377 2862at4891           -            686   2.4e-73  244.7   0.0   2   2   0.00069     0.071    8.5   0.0   199   267   771   839   752   846 0.85 -
ctg000009_P:77886-80999     -           1038 2862at4891           -            686   6.3e-65  216.9   0.0   1   1   3.9e-66     4e-64  214.2   0.0   401   642   660   904   450   921 0.95 -
ctg000002_P:278222-279532   -            437 2862at4891           -            686   9.2e-64  213.0   0.4   1   1   1.1e-65   1.1e-63  212.7   0.4   141   393   158   417    94   428 0.86 -
ctg000009_P:181359-182759   -            467 2862at4891           -            686   1.6e-63  212.3   0.1   1   1   2.2e-65   2.2e-63  211.8   0.1   159   385   204   437   196   451 0.91 -
ctg000001_P:694627-695838   -            404 2862at4891           -            686   8.5e-63  209.8   0.4   1   1   1.1e-64   1.2e-62  209.4   0.4   155   383   138   373   120   393 0.89 -
ctg000000_P:438502-439818   -            439 2862at4891           -            686   3.1e-62  208.0   0.3   1   1     4e-64   4.1e-62  207.6   0.3   160   386   180   413   155   429 0.90 -
ctg000000_P:1242197-1243480 -            428 2862at4891           -            686   3.9e-58  194.4   0.2   1   1   5.2e-60   5.4e-58  194.0   0.2   155   399   163   418   152   427 0.87 -
ctg000010_P:386846-388405   -            520 2862at4891           -            686   5.8e-55  183.9   0.1   1   1   1.7e-56   1.7e-54  182.4   0.1   426   664    68   321    52   345 0.88 -
ctg000007_P:416868-419138   -            757 2862at4891           -            686   4.6e-54  181.0   0.3   1   2   1.1e-50   1.1e-48  163.2   0.1   413   650   218   481   210   499 0.80 -
ctg000007_P:416868-419138   -            757 2862at4891           -            686   4.6e-54  181.0   0.3   2   2   5.2e-06   0.00054   15.5   0.0   200   269   559   629   496   633 0.88 -
ctg000005_P:60864-62174     -            437 2862at4891           -            686   2.3e-53  178.7   0.0   1   1   6.4e-55   6.6e-53  177.1   0.0   423   644   124   352   111   362 0.90 -
ctg000002_P:540084-541391   -            436 2862at4891           -            686   2.8e-53  178.4   0.1   1   1   3.8e-55     4e-53  177.9   0.1   162   389   181   415   150   428 0.89 -
ctg000005_P:330051-332291   -            747 2862at4891           -            686   1.1e-52  176.4   0.1   1   1   1.6e-54   1.6e-52  175.9   0.1   157   646   274   502   249   528 0.54 -
ctg000005_P:524785-525759   -            325 2862at4891           -            686   1.7e-52  175.8   0.0   1   1   2.8e-54   2.9e-52  175.0   0.0   416   682    27   319    16   323 0.83 -
ctg000006_P:417572-418900   -            443 2862at4891           -            686   1.3e-51  172.8   0.1   1   1     2e-53   2.1e-51  172.2   0.1   163   390     3   239     1   254 0.67 -
ctg000007_P:217605-218147   -            181 2862at4891           -            686   1.8e-15   53.4   0.1   1   1   7.4e-17   7.6e-15   51.4   0.1   464   611     4   177     1   181 0.73 -
ctg000000_P:1205706-1207064 -            453 2862at4891           -            686   4.7e-13   45.4   0.0   1   2       1.8   1.9e+02   -2.8   0.0   441   467   201   227   188   229 0.78 -
ctg000000_P:1205706-1207064 -            453 2862at4891           -            686   4.7e-13   45.4   0.0   2   2   1.3e-14   1.4e-12   43.9   0.0   457   597   256   390   235   403 0.52 -
ctg000006_P:394352-396553   -            734 2862at4891           -            686   0.00013   17.5   0.0   1   1     2e-06   0.00021   16.9   0.0   196   268   166   238   162   243 0.84 -
ctg000005_P:838153-839565   -            471 2862at4891           -            686    0.0016   14.0   0.0   1   1   3.1e-05    0.0032   12.9   0.0   463   511    66   116    56   153 0.68 -
ctg000002_P:340048-342630   -            861 2862at4891           -            686    0.0022   13.5   0.0   1   1   3.3e-05    0.0034   12.8   0.0   199   239   347   387   284   440 0.74 -
ctg000008_P:690307-691308   -            334 2862at4891           -            686    0.0044   12.5   0.1   1   1   5.9e-05    0.0061   12.0   0.1   468   495    49    76    35   192 0.81 -
#
# Program:         hmmsearch
# Version:         3.1b2 (February 2015)
# Pipeline mode:   SEARCH
# Query file:      /Users/dominiquefastus/DeNovoProj/BUSCO_ass/busco_downloads/lineages/saccharomycetes_odb10/hmms/2862at4891.hmm
# Target file:     /Users/dominiquefastus/DeNovoProj/BUSCO_ass/busco_out/run_saccharomycetes_odb10/metaeuk_output/initial_results/asm_ctgs_m.fa.modified.fas
# Option settings: hmmsearch --domtblout /Users/dominiquefastus/DeNovoProj/BUSCO_ass/busco_out/run_saccharomycetes_odb10/hmmer_output/initial_run_results/2862at4891.out --cpu 1 /Users/dominiquefastus/DeNovoProj/BUSCO_ass/busco_downloads/lineages/saccharomycetes_odb10/hmms/2862at4891.hmm /Users/dominiquefastus/DeNovoProj/BUSCO_ass/busco_out/run_saccharomycetes_odb10/metaeuk_output/initial_results/asm_ctgs_m.fa.modified.fas 
# Current dir:     /Users/dominiquefastus/DeNovoProj/BUSCO_ass
# Date:            Fri Feb 24 14:25:09 2023
# [ok]
