#                                                                                   --- full sequence --- -------------- this domain -------------   hmm coord   ali coord   env coord
# target name               accession   tlen query name           accession   qlen   E-value  score  bias   #  of  c-Evalue  i-Evalue  score  bias  from    to  from    to  from    to  acc description of target
#       ------------------- ---------- ----- -------------------- ---------- ----- --------- ------ ----- --- --- --------- --------- ------ ----- ----- ----- ----- ----- ----- ----- ---- ---------------------
ctg000001_P:222295-225303   -           1003 3044at4891           -            411  2.6e-109  363.4  23.8   1   6   3.1e-21   8.2e-20   68.6   1.1     7   121    38   182    29   200 0.72 -
ctg000001_P:222295-225303   -           1003 3044at4891           -            411  2.6e-109  363.4  23.8   2   6    0.0023     0.061    9.7   0.1   110   145   293   331   272   366 0.82 -
ctg000001_P:222295-225303   -           1003 3044at4891           -            411  2.6e-109  363.4  23.8   3   6     0.025      0.66    6.3   0.1   139   169   431   462   392   500 0.75 -
ctg000001_P:222295-225303   -           1003 3044at4891           -            411  2.6e-109  363.4  23.8   4   6   3.5e-56   9.4e-55  183.7   2.4   175   320   664   832   650   834 0.80 -
ctg000001_P:222295-225303   -           1003 3044at4891           -            411  2.6e-109  363.4  23.8   5   6   5.3e-31   1.4e-29  100.7   0.0   319   384   851   918   849   923 0.93 -
ctg000001_P:222295-225303   -           1003 3044at4891           -            411  2.6e-109  363.4  23.8   6   6      0.29       7.6    2.8   0.0   378   397   932   951   931   960 0.91 -
ctg000022_P:416491-417606   -            372 3044at4891           -            411   7.1e-23   78.7   2.6   1   2   3.6e-22   9.8e-21   71.6   0.7     2   110    43   185    42   207 0.77 -
ctg000022_P:416491-417606   -            372 3044at4891           -            411   7.1e-23   78.7   2.6   2   2     0.032      0.85    5.9   0.0   111   145   326   369   320   371 0.72 -
ctg000005_P:785216-786298   -            361 3044at4891           -            411   5.2e-19   65.9   0.6   1   1   4.3e-20   1.2e-18   64.8   0.6   185   379    84   296    36   300 0.77 -
ctg000000_P:1375479-1376366 -            296 3044at4891           -            411   3.5e-18   63.2   0.3   1   1   1.1e-18   2.9e-17   60.2   0.3   201   352     8   185     3   194 0.73 -
ctg000000_P:1413454-1414260 -            269 3044at4891           -            411   1.1e-17   61.6   0.6   1   1   2.2e-18     6e-17   59.1   0.6   201   330     6   152     3   157 0.75 -
ctg000002_P:961848-962636   -            263 3044at4891           -            411   3.4e-17   60.0   0.2   1   1   4.2e-18   1.1e-16   58.2   0.2   250   330    67   148     1   163 0.71 -
ctg000005_P:775582-776355   -            258 3044at4891           -            411   1.4e-15   54.7   0.1   1   1   1.8e-16   4.7e-15   52.9   0.1   201   379     5   196     2   203 0.81 -
ctg000022_P:122245-123042   -            266 3044at4891           -            411   4.4e-15   53.0   0.1   1   1   6.8e-16   1.8e-14   51.0   0.1   200   380     6   199     3   221 0.81 -
ctg000009_P:141824-142639   -            272 3044at4891           -            411   9.4e-15   51.9   0.0   1   1   1.7e-15   4.7e-14   49.6   0.0   201   380    12   204     6   226 0.78 -
ctg000001_P:505620-506606   -            329 3044at4891           -            411   1.6e-14   51.2   1.0   1   1   2.4e-15   6.4e-14   49.2   1.0   207   382     4   217     1   220 0.66 -
ctg000008_P:442719-443948   -            410 3044at4891           -            411   8.5e-14   48.8   2.1   1   1     1e-14   2.8e-13   47.1   2.1   250   350    82   182     5   211 0.81 -
ctg000013_P:200064-201548   -            495 3044at4891           -            411   1.2e-13   48.2   0.2   1   1   6.8e-14   1.8e-12   44.4   0.2   200   330     5   152     3   168 0.75 -
ctg000001_P:430319-432034   -            572 3044at4891           -            411   6.5e-13   45.8   2.5   1   2   4.6e-14   1.2e-12   44.9   0.5   146   330   127   322    66   352 0.70 -
ctg000001_P:430319-432034   -            572 3044at4891           -            411   6.5e-13   45.8   2.5   2   2       3.7     1e+02   -0.9   0.1   352   376   384   408   371   413 0.80 -
ctg000006_P:252414-254525   -            704 3044at4891           -            411   6.6e-13   45.8   0.0   1   2   1.7e-13   4.5e-12   43.1   0.0   177   380    57   278    34   281 0.76 -
ctg000006_P:252414-254525   -            704 3044at4891           -            411   6.6e-13   45.8   0.0   2   2       3.5        95   -0.8   0.1     5    59   570   625   567   630 0.80 -
ctg000005_P:193774-195465   -            564 3044at4891           -            411   7.4e-13   45.7   1.6   1   2   1.2e-13   3.3e-12   43.5   0.2   158   330   123   314   112   321 0.70 -
ctg000005_P:193774-195465   -            564 3044at4891           -            411   7.4e-13   45.7   1.6   2   2       3.7        99   -0.9   0.1   352   376   376   400   363   405 0.80 -
ctg000001_P:523725-524831   -            369 3044at4891           -            411   1.6e-12   44.6   0.4   1   1   4.8e-12   1.3e-10   38.3   0.4   192   330     9   170     1   175 0.71 -
ctg000007_P:522086-523309   -            408 3044at4891           -            411   1.6e-12   44.5   0.3   1   2      0.81        22    1.3   0.0   204   230    14    42     6    48 0.79 -
ctg000007_P:522086-523309   -            408 3044at4891           -            411   1.6e-12   44.5   0.3   2   2     1e-12   2.8e-11   40.5   0.1   250   379   101   241    85   246 0.73 -
ctg000022_P:89424-90056     -            211 3044at4891           -            411   2.2e-12   44.1   3.6   1   1   1.8e-12   4.9e-11   39.7   3.6   205   372     6   200     1   208 0.72 -
ctg000012_P:88988-92797     -           1270 3044at4891           -            411   2.8e-12   43.8   1.2   1   2      0.86        23    1.2   0.1   162   221   496   554   471   563 0.79 -
ctg000012_P:88988-92797     -           1270 3044at4891           -            411   2.8e-12   43.8   1.2   2   2   1.1e-13   2.8e-12   43.8   1.2   118   330   908  1126   851  1130 0.70 -
ctg000012_P:58414-59436     -            341 3044at4891           -            411   3.7e-12   43.4   1.2   1   1   6.3e-12   1.7e-10   37.9   1.1   191   336    30   194    17   278 0.76 -
ctg000008_P:92154-96881     -           1576 3044at4891           -            411   6.9e-12   42.5   0.1   1   3       9.9   2.6e+02   -2.3   0.1    27    71   495   538   474   546 0.71 -
ctg000008_P:92154-96881     -           1576 3044at4891           -            411   6.9e-12   42.5   0.1   2   3         7   1.9e+02   -1.8   0.1   163   217   789   842   778   849 0.78 -
ctg000008_P:92154-96881     -           1576 3044at4891           -            411   6.9e-12   42.5   0.1   3   3   2.6e-13   6.9e-12   42.5   0.1   236   330  1319  1412  1221  1431 0.88 -
ctg000008_P:706089-708611   -            841 3044at4891           -            411   3.5e-11   40.2   0.0   1   2     0.059       1.6    5.1   0.0   182   221   528   566   484   574 0.83 -
ctg000008_P:706089-708611   -            841 3044at4891           -            411   3.5e-11   40.2   0.0   2   2   2.3e-10   6.2e-09   32.8   0.0   254   365   633   750   619   770 0.75 -
ctg000011_P:245653-246399   -            249 3044at4891           -            411     4e-11   40.0   0.4   1   1   2.6e-12   6.9e-11   39.2   0.4   207   333     3   143     1   152 0.73 -
ctg000000_P:675263-676198   -            312 3044at4891           -            411   5.9e-11   39.4   0.8   1   2       3.4        91   -0.7   0.0   202   234    33    67    21    69 0.85 -
ctg000000_P:675263-676198   -            312 3044at4891           -            411   5.9e-11   39.4   0.8   2   2   6.2e-12   1.7e-10   37.9   0.3   246   330   120   203   113   250 0.92 -
ctg000011_P:51221-53512     -            764 3044at4891           -            411   6.5e-11   39.3   0.5   1   1   4.6e-11   1.2e-09   35.1   0.5   190   333   341   504   306   515 0.72 -
ctg000003_P:312709-313638   -            310 3044at4891           -            411   7.9e-11   39.0   0.3   1   1     3e-12   7.9e-11   39.0   0.3   246   330    92   175    85   225 0.90 -
ctg000022_P:253881-258308   -           1476 3044at4891           -            411   8.8e-11   38.8   1.2   1   1   4.1e-11   1.1e-09   35.2   1.2   185   379  1158  1376  1108  1383 0.66 -
ctg000002_P:980186-982132   -            649 3044at4891           -            411   1.1e-10   38.5   0.2   1   2       1.2        33    0.7   0.0   186   220   338   374   314   380 0.79 -
ctg000002_P:980186-982132   -            649 3044at4891           -            411   1.1e-10   38.5   0.2   2   2   4.2e-11   1.1e-09   35.2   0.1   244   340   429   534   425   574 0.78 -
ctg000014_P:175140-175856   -            239 3044at4891           -            411   1.3e-10   38.3   0.7   1   1   7.4e-12     2e-10   37.7   0.7   207   331     3   141     1   148 0.76 -
ctg000000_P:75036-75932     -            299 3044at4891           -            411   1.4e-10   38.2   2.7   1   1   8.1e-12   2.2e-10   37.6   2.7   256   330    79   150    11   156 0.90 -
ctg000007_P:613815-614756   -            314 3044at4891           -            411     2e-10   37.7   1.1   1   1   5.4e-11   1.5e-09   34.8   1.1   197   330     4   154     1   171 0.71 -
ctg000009_P:134739-137381   -            881 3044at4891           -            411     2e-10   37.7   0.1   1   1   1.2e-11   3.1e-10   37.0   0.1   282   344   520   590   374   604 0.77 -
ctg000003_P:819856-821946   -            697 3044at4891           -            411   2.5e-10   37.3   0.2   1   2       3.4        91   -0.7   0.0   206   228   400   424   390   431 0.76 -
ctg000003_P:819856-821946   -            697 3044at4891           -            411   2.5e-10   37.3   0.2   2   2   4.8e-11   1.3e-09   35.0   0.1   259   340   511   591   471   631 0.92 -
ctg000008_P:66717-67577     -            287 3044at4891           -            411   3.1e-10   37.1   2.2   1   2   1.2e-10   3.2e-09   33.7   1.0   205   332     5   150     1   160 0.74 -
ctg000008_P:66717-67577     -            287 3044at4891           -            411   3.1e-10   37.1   2.2   2   2       2.1        57   -0.1   0.0   352   391   191   231   175   247 0.77 -
ctg000001_P:940846-941850   -            335 3044at4891           -            411   3.1e-10   37.0   0.0   1   1   1.2e-09   3.2e-08   30.4   0.0   201   400    55   285     9   294 0.69 -
ctg000000_P:1445149-1446177 -            343 3044at4891           -            411   3.1e-10   37.0   0.0   1   2       8.4   2.3e+02   -2.0   0.0   201   231    33    65    14    68 0.79 -
ctg000000_P:1445149-1446177 -            343 3044at4891           -            411   3.1e-10   37.0   0.0   2   2   2.7e-11   7.3e-10   35.8   0.0   257   330   120   192   106   242 0.90 -
ctg000002_P:1007133-1008002 -            290 3044at4891           -            411   3.2e-10   37.0   0.1   1   1   1.7e-11   4.4e-10   36.5   0.1   237   378    56   198    42   204 0.75 -
ctg000007_P:791967-792866   -            300 3044at4891           -            411   3.3e-10   36.9   0.4   1   2    0.0068      0.18    8.1   0.0   199   233     8    44     1    62 0.86 -
ctg000007_P:791967-792866   -            300 3044at4891           -            411   3.3e-10   36.9   0.4   2   2     1e-08   2.8e-07   27.3   0.1   258   380    87   207    74   226 0.81 -
ctg000107_P:163565-164362   -            266 3044at4891           -            411   3.5e-10   36.9   1.0   1   1   2.1e-11   5.7e-10   36.2   1.0   282   331    63   113    44   195 0.69 -
ctg000005_P:440647-441678   -            344 3044at4891           -            411   3.6e-10   36.8   5.5   1   3     0.032      0.87    5.9   0.0   201   247     2    51     1    58 0.81 -
ctg000005_P:440647-441678   -            344 3044at4891           -            411   3.6e-10   36.8   5.5   2   3   3.7e-10     1e-08   32.1   1.2   257   331   127   201   115   209 0.94 -
ctg000005_P:440647-441678   -            344 3044at4891           -            411   3.6e-10   36.8   5.5   3   3       6.9   1.9e+02   -1.8   0.1   147   189   266   307   258   323 0.63 -
ctg000005_P:678614-681073   -            820 3044at4891           -            411   5.8e-10   36.1   0.0   1   1   4.8e-11   1.3e-09   35.0   0.0   193   328   190   341   155   346 0.71 -
ctg000009_P:256297-257460   -            388 3044at4891           -            411   9.8e-10   35.4   0.2   1   2       1.8        48    0.2   0.0   202   230     5    35     3    42 0.81 -
ctg000009_P:256297-257460   -            388 3044at4891           -            411   9.8e-10   35.4   0.2   2   2   2.4e-10   6.3e-09   32.7   0.0   253   330   108   185    84   215 0.82 -
ctg000002_P:845607-846476   -            290 3044at4891           -            411   1.2e-09   35.1   0.8   1   2      0.93        25    1.1   0.0   194   223    25    53     5    72 0.74 -
ctg000002_P:845607-846476   -            290 3044at4891           -            411   1.2e-09   35.1   0.8   2   2   2.9e-10   7.9e-09   32.4   0.3   268   335   126   192    93   237 0.75 -
ctg000011_P:475676-477394   -            573 3044at4891           -            411   1.6e-09   34.7   0.0   1   1   8.3e-11   2.2e-09   34.2   0.0   200   337   301   450   234   493 0.68 -
ctg000012_P:268900-269898   -            333 3044at4891           -            411     2e-09   34.4   0.0   1   2       6.9   1.8e+02   -1.7   0.0   202   231     9    40     7    44 0.79 -
ctg000012_P:268900-269898   -            333 3044at4891           -            411     2e-09   34.4   0.0   2   2   1.9e-10   5.2e-09   33.0   0.0   256   331    88   162    64   212 0.83 -
ctg000009_P:213696-214859   -            388 3044at4891           -            411     2e-09   34.4   0.4   1   1   3.2e-10   8.7e-09   32.3   0.4   255   329   137   210    46   260 0.72 -
ctg000002_P:643911-644768   -            286 3044at4891           -            411   3.3e-09   33.6   0.3   1   2      0.22       5.8    3.2   0.1   200   239     2    43     1    53 0.79 -
ctg000002_P:643911-644768   -            286 3044at4891           -            411   3.3e-09   33.6   0.3   2   2   3.7e-09   9.9e-08   28.8   0.0   287   330    99   143    91   194 0.74 -
ctg000006_P:445285-446340   -            352 3044at4891           -            411   3.5e-09   33.6   0.7   1   1   5.7e-10   1.5e-08   31.5   0.7   201   329    22   166     2   216 0.61 -
ctg000012_P:213411-214082   -            224 3044at4891           -            411   3.6e-09   33.5   0.2   1   1   2.4e-10   6.4e-09   32.7   0.1   249   330    69   152    44   164 0.80 -
ctg000005_P:449883-450767   -            295 3044at4891           -            411   3.8e-09   33.4   0.3   1   1   1.2e-09   3.1e-08   30.4   0.3   204   330     6   151     1   167 0.67 -
ctg000000_P:1392731-1394620 -            630 3044at4891           -            411     8e-09   32.4   3.8   1   1     3e-10     8e-09   32.4   3.8   200   334    51   200    36   247 0.67 -
ctg000008_P:180114-180992   -            293 3044at4891           -            411   9.8e-09   32.1   0.5   1   1   5.2e-10   1.4e-08   31.6   0.1   239   329    62   158    44   167 0.81 -
ctg000003_P:351454-352758   -            435 3044at4891           -            411   1.5e-08   31.5   0.0   1   1     1e-09   2.8e-08   30.6   0.0   277   329   113   165    97   181 0.89 -
ctg000013_P:97185-98018     -            278 3044at4891           -            411   1.6e-08   31.4   0.1   1   1   1.3e-09   3.5e-08   30.3   0.1   198   379    13   214     1   218 0.67 -
ctg000007_P:457667-458557   -            297 3044at4891           -            411   1.6e-08   31.4   0.2   1   1   1.1e-09   2.9e-08   30.5   0.2   176   329    17   169     4   182 0.83 -
ctg000000_P:1005588-1010549 -           1654 3044at4891           -            411   2.2e-08   31.0   7.9   1   2     0.059       1.6    5.1   0.0   262   316   343   396   328   403 0.72 -
ctg000000_P:1005588-1010549 -           1654 3044at4891           -            411   2.2e-08   31.0   7.9   2   2   2.3e-09   6.2e-08   29.5   0.3   259   330   781   852   771   869 0.85 -
ctg000014_P:130231-131022   -            264 3044at4891           -            411   2.4e-08   30.8   1.7   1   2       9.1   2.4e+02   -2.1   0.0   205   223     9    27     4    46 0.67 -
ctg000014_P:130231-131022   -            264 3044at4891           -            411   2.4e-08   30.8   1.7   2   2   1.3e-09   3.6e-08   30.2   0.5   269   378   101   208    72   217 0.71 -
ctg000011_P:396717-397760   -            348 3044at4891           -            411   2.9e-08   30.5   0.0   1   2     0.032      0.87    5.9   0.0   192   222     4    34     1    51 0.76 -
ctg000011_P:396717-397760   -            348 3044at4891           -            411   2.9e-08   30.5   0.0   2   2   2.7e-07   7.3e-06   22.6   0.0   287   330   122   165    81   188 0.84 -
ctg000002_P:95565-96827     -            421 3044at4891           -            411   3.5e-08   30.3   0.2   1   1   5.2e-09   1.4e-07   28.3   0.1   281   338   214   274   200   334 0.64 -
ctg000010_P:159457-160452   -            332 3044at4891           -            411   5.5e-08   29.6   1.5   1   4     0.012      0.32    7.4   0.2   200   233     3    38     1    87 0.77 -
ctg000010_P:159457-160452   -            332 3044at4891           -            411   5.5e-08   29.6   1.5   2   4   2.8e-06   7.6e-05   19.3   0.0   258   331    91   171    56   180 0.76 -
ctg000010_P:159457-160452   -            332 3044at4891           -            411   5.5e-08   29.6   1.5   3   4       5.8   1.6e+02   -1.5   0.1   358   397   225   265   219   278 0.74 -
ctg000010_P:159457-160452   -            332 3044at4891           -            411   5.5e-08   29.6   1.5   4   4       3.3        89   -0.7   0.1   180   207   268   295   252   297 0.86 -
ctg000000_P:1466498-1467316 -            273 3044at4891           -            411   7.9e-08   29.1   0.1   1   1   4.3e-09   1.1e-07   28.6   0.1   207   331     1   141     1   169 0.80 -
ctg000000_P:401481-402434   -            318 3044at4891           -            411   8.9e-08   28.9   2.1   1   2       1.6        42    0.4   0.0   205   228     5    29     1    41 0.87 -
ctg000000_P:401481-402434   -            318 3044at4891           -            411   8.9e-08   28.9   2.1   2   2     1e-08   2.8e-07   27.3   1.0   278   330    94   145    57   213 0.82 -
ctg000000_P:280750-282288   -            513 3044at4891           -            411   9.6e-08   28.8   1.3   1   2    0.0057      0.15    8.4   0.1   181   232   182   233   139   253 0.79 -
ctg000000_P:280750-282288   -            513 3044at4891           -            411   9.6e-08   28.8   1.3   2   2   2.7e-06   7.3e-05   19.4   0.1   257   320   278   340   271   342 0.85 -
ctg000013_P:192960-194066   -            369 3044at4891           -            411   9.9e-08   28.8   0.1   1   1   6.2e-09   1.7e-07   28.1   0.1   291   338   141   193   127   207 0.83 -
ctg000002_P:796393-797217   -            275 3044at4891           -            411     1e-07   28.7   0.0   1   1   8.9e-09   2.4e-07   27.5   0.0   254   379    82   209     3   215 0.78 -
ctg000005_P:777523-778521   -            333 3044at4891           -            411   1.1e-07   28.6   0.1   1   1   4.6e-08   1.2e-06   25.2   0.1   259   338    77   158     1   171 0.66 -
ctg000009_P:190149-191600   -            484 3044at4891           -            411   1.2e-07   28.5   3.5   1   1   2.1e-08   5.7e-07   26.3   3.4   198   333   165   316   116   325 0.78 -
ctg000007_P:378302-382657   -           1452 3044at4891           -            411   1.2e-07   28.5   0.1   1   1   1.1e-08     3e-07   27.2   0.1   285   328   124   167   108   175 0.91 -
ctg000005_P:654405-655220   -            272 3044at4891           -            411   1.4e-07   28.3   0.0   1   1   6.6e-09   1.8e-07   28.0   0.0   253   330    69   153     8   190 0.80 -
ctg000005_P:673749-674489   -            247 3044at4891           -            411   2.4e-07   27.6   0.1   1   1   1.1e-08   2.9e-07   27.2   0.1   205   378     2   184     1   188 0.80 -
ctg000000_P:424694-426187   -            498 3044at4891           -            411   2.5e-07   27.5   0.2   1   2     0.024      0.63    6.4   0.0   197   230    21    54     8    76 0.83 -
ctg000000_P:424694-426187   -            498 3044at4891           -            411   2.5e-07   27.5   0.2   2   2   3.3e-06   8.8e-05   19.1   0.0   291   330   138   178   125   214 0.85 -
ctg000002_P:317839-318705   -            289 3044at4891           -            411   2.7e-07   27.4   0.0   1   1   1.5e-08   4.1e-07   26.7   0.0   258   332    88   165     4   205 0.73 -
ctg000022_P:160478-161395   -            306 3044at4891           -            411   2.9e-07   27.3   1.5   1   1   7.4e-08     2e-06   24.5   1.5   200   332     3   157     1   204 0.64 -
ctg000005_P:275418-276392   -            325 3044at4891           -            411   2.9e-07   27.3   2.0   1   1   9.4e-08   2.5e-06   24.2   2.0   201   330     5   155     1   165 0.69 -
ctg000022_P:119067-120020   -            318 3044at4891           -            411   4.4e-07   26.7   0.3   1   2   7.5e-08     2e-06   24.5   0.1   291   331   151   191   145   208 0.88 -
ctg000022_P:119067-120020   -            318 3044at4891           -            411   4.4e-07   26.7   0.3   2   2       3.4        90   -0.7   0.0    39   118   220   304   217   311 0.70 -
ctg000007_P:63203-64156     -            318 3044at4891           -            411   1.1e-06   25.3   0.0   1   1   5.9e-08   1.6e-06   24.8   0.0   258   330    89   161    75   177 0.87 -
ctg000002_P:315128-315949   -            274 3044at4891           -            411   1.3e-06   25.2   0.3   1   1     1e-07   2.8e-06   24.0   0.3   259   328    82   150     1   165 0.88 -
ctg000008_P:719983-720930   -            316 3044at4891           -            411   1.3e-06   25.1   0.1   1   1     9e-08   2.4e-06   24.2   0.1   287   382   133   229    85   233 0.82 -
ctg000007_P:258636-259508   -            291 3044at4891           -            411   1.7e-06   24.7   0.2   1   2       1.9        52    0.1   0.0   204   220     4    20     1    67 0.78 -
ctg000007_P:258636-259508   -            291 3044at4891           -            411   1.7e-06   24.7   0.2   2   2   2.7e-07   7.2e-06   22.7   0.1   287   329   108   150    68   163 0.90 -
ctg000003_P:604876-605871   -            332 3044at4891           -            411     2e-06   24.5   0.1   1   3         4   1.1e+02   -1.0   0.0   201   219    13    31     6    47 0.86 -
ctg000003_P:604876-605871   -            332 3044at4891           -            411     2e-06   24.5   0.1   2   3   0.00028    0.0075   12.7   0.0   282   316   137   171    99   184 0.81 -
ctg000003_P:604876-605871   -            332 3044at4891           -            411     2e-06   24.5   0.1   3   3     0.006      0.16    8.3   0.0   324   379   213   266   209   268 0.73 -
ctg000009_P:156712-157797   -            362 3044at4891           -            411   2.2e-06   24.4   0.5   1   1   1.5e-07   3.9e-06   23.5   0.3   287   331   120   164    98   173 0.82 -
ctg000005_P:656832-657752   -            307 3044at4891           -            411   2.4e-06   24.2   0.5   1   1   2.1e-07   5.8e-06   23.0   0.3   259   328    98   166    67   170 0.90 -
ctg000003_P:91343-93514     -            724 3044at4891           -            411   2.7e-06   24.0   1.7   1   3       8.4   2.3e+02   -2.0   0.0   191   229   295   336   289   344 0.72 -
ctg000003_P:91343-93514     -            724 3044at4891           -            411   2.7e-06   24.0   1.7   2   3   8.5e-07   2.3e-05   21.0   0.9   290   322   414   446   408   448 0.89 -
ctg000003_P:91343-93514     -            724 3044at4891           -            411   2.7e-06   24.0   1.7   3   3       2.7        73   -0.4   0.0   321   381   477   534   472   537 0.72 -
ctg000009_P:138486-139460   -            325 3044at4891           -            411   4.4e-06   23.4   0.3   1   1   2.9e-07   7.7e-06   22.6   0.1   288   330   155   197   111   211 0.84 -
ctg000009_P:228496-229878   -            461 3044at4891           -            411   5.6e-06   23.0   0.3   1   1   4.5e-07   1.2e-05   21.9   0.1   259   318   249   308   247   313 0.96 -
ctg000006_P:830325-831287   -            321 3044at4891           -            411   1.5e-05   21.6   1.1   1   2       3.6        96   -0.8   0.1   139   177    23    64     5    86 0.48 -
ctg000006_P:830325-831287   -            321 3044at4891           -            411   1.5e-05   21.6   1.1   2   2   5.6e-07   1.5e-05   21.6   1.1   249   318    89   158    77   162 0.79 -
ctg000107_P:261516-262112   -            199 3044at4891           -            411   2.2e-05   21.1   0.1   1   1   1.1e-06   3.1e-05   20.6   0.1   258   328     2    75     1    82 0.91 -
ctg000000_P:172919-174457   -            513 3044at4891           -            411   2.3e-05   21.0   0.6   1   1   2.5e-06   6.7e-05   19.5   0.4   300   331   323   354   258   368 0.77 -
ctg000022_P:565111-566163   -            351 3044at4891           -            411     3e-05   20.6   0.0   1   1     2e-06   5.4e-05   19.8   0.0   283   330   107   152    86   170 0.84 -
ctg000022_P:334750-336747   -            666 3044at4891           -            411   4.3e-05   20.1   1.5   1   3       1.5        41    0.4   0.0   197   223   169   195   166   241 0.74 -
ctg000022_P:334750-336747   -            666 3044at4891           -            411   4.3e-05   20.1   1.5   2   3     6e-05    0.0016   14.9   0.1   294   316   336   358   324   363 0.86 -
ctg000022_P:334750-336747   -            666 3044at4891           -            411   4.3e-05   20.1   1.5   3   3      0.75        20    1.4   0.1   357   380   436   459   430   462 0.90 -
ctg000009_P:355027-356070   -            348 3044at4891           -            411   4.3e-05   20.1   0.3   1   2      0.51        14    2.0   0.1   199   250     9    63     2    71 0.76 -
ctg000009_P:355027-356070   -            348 3044at4891           -            411   4.3e-05   20.1   0.3   2   2     4e-05    0.0011   15.5   0.0   293   331   167   206   152   222 0.89 -
ctg000000_P:268236-269135   -            300 3044at4891           -            411   0.00011   18.8   0.6   1   1     5e-05    0.0013   15.2   0.6   204   329     4   144     1   149 0.59 -
ctg000001_P:897633-898517   -            295 3044at4891           -            411   0.00016   18.2   0.3   1   2   3.9e-05     0.001   15.5   0.2   257   315    89   146    66   149 0.83 -
ctg000001_P:897633-898517   -            295 3044at4891           -            411   0.00016   18.2   0.3   2   2       2.8        76   -0.5   0.0   350   379   203   232   176   234 0.73 -
ctg000009_P:75945-76472     -            176 3044at4891           -            411   0.00019   18.0   0.0   1   1   1.1e-05   0.00029   17.4   0.0   282   330     6    52     2    55 0.83 -
ctg000022_P:190198-192105   -            636 3044at4891           -            411   0.00022   17.8   0.0   1   1   1.6e-05   0.00042   16.9   0.0   257   333   399   479   384   530 0.83 -
ctg000005_P:468098-469744   -            549 3044at4891           -            411   0.00027   17.5   1.6   1   2       1.4        39    0.5   0.0   189   221    63    95    15   102 0.87 -
ctg000005_P:468098-469744   -            549 3044at4891           -            411   0.00027   17.5   1.6   2   2   3.8e-05     0.001   15.6   0.5   268   329   242   307   217   323 0.75 -
ctg000011_P:301747-304779   -           1011 3044at4891           -            411   0.00097   15.6   0.1   1   1   6.5e-05    0.0017   14.8   0.1   279   320   660   708   641   712 0.71 -
ctg000005_P:82456-83397     -            314 3044at4891           -            411    0.0013   15.2   2.2   1   2       3.8     1e+02   -0.9   0.0   204   223     4    23     1    39 0.72 -
ctg000005_P:82456-83397     -            314 3044at4891           -            411    0.0013   15.2   2.2   2   2   6.9e-05    0.0019   14.7   0.8   278   329   106   157    77   159 0.78 -
ctg000010_P:172551-173279   -            243 3044at4891           -            411    0.0032   13.9   0.1   1   1   0.00023    0.0061   13.0   0.0   269   322   102   155    81   156 0.82 -
ctg000005_P:840182-841165   -            328 3044at4891           -            411    0.0065   12.9   0.1   1   2     0.003     0.081    9.3   0.0   201   244     1    42     1    44 0.80 -
ctg000005_P:840182-841165   -            328 3044at4891           -            411    0.0065   12.9   0.1   2   2      0.83        22    1.3   0.0   239   275    67   104    56   133 0.66 -
#
# Program:         hmmsearch
# Version:         3.1b2 (February 2015)
# Pipeline mode:   SEARCH
# Query file:      /Users/dominiquefastus/DeNovoProj/BUSCO_ass/busco_downloads/lineages/saccharomycetes_odb10/hmms/3044at4891.hmm
# Target file:     /Users/dominiquefastus/DeNovoProj/BUSCO_ass/busco_out/run_saccharomycetes_odb10/metaeuk_output/initial_results/asm_ctgs_m.fa.modified.fas
# Option settings: hmmsearch --domtblout /Users/dominiquefastus/DeNovoProj/BUSCO_ass/busco_out/run_saccharomycetes_odb10/hmmer_output/initial_run_results/3044at4891.out --cpu 1 /Users/dominiquefastus/DeNovoProj/BUSCO_ass/busco_downloads/lineages/saccharomycetes_odb10/hmms/3044at4891.hmm /Users/dominiquefastus/DeNovoProj/BUSCO_ass/busco_out/run_saccharomycetes_odb10/metaeuk_output/initial_results/asm_ctgs_m.fa.modified.fas 
# Current dir:     /Users/dominiquefastus/DeNovoProj/BUSCO_ass
# Date:            Fri Feb 24 14:25:35 2023
# [ok]
