#                                                                                   --- full sequence --- -------------- this domain -------------   hmm coord   ali coord   env coord
# target name               accession   tlen query name           accession   qlen   E-value  score  bias   #  of  c-Evalue  i-Evalue  score  bias  from    to  from    to  from    to  acc description of target
#       ------------------- ---------- ----- -------------------- ---------- ----- --------- ------ ----- --- --- --------- --------- ------ ----- ----- ----- ----- ----- ----- ----- ---- ---------------------
ctg000002_P:515643-516482   -            280 30524at4891          -            207   1.1e-82  273.7  11.9   1   2   4.2e-59   3.2e-57  190.6   6.0     3   147     4   183     2   187 0.86 -
ctg000002_P:515643-516482   -            280 30524at4891          -            207   1.1e-82  273.7  11.9   2   2   4.5e-23   3.4e-21   72.9   0.3   144   206   201   278   198   279 0.87 -
ctg000002_P:572138-573118   -            327 30524at4891          -            207   1.9e-30  103.1   1.9   1   4   1.3e-09     1e-07   28.9   0.1     2    79    37   127    36   134 0.78 -
ctg000002_P:572138-573118   -            327 30524at4891          -            207   1.9e-30  103.1   1.9   2   4   1.7e-11   1.3e-09   35.1   0.0    75   147   142   220   136   226 0.85 -
ctg000002_P:572138-573118   -            327 30524at4891          -            207   1.9e-30  103.1   1.9   3   4   1.7e-06   0.00013   18.8   0.0   144   177   239   272   236   280 0.82 -
ctg000002_P:572138-573118   -            327 30524at4891          -            207   1.9e-30  103.1   1.9   4   4     8e-06   0.00061   16.5   0.0   171   204   284   317   278   320 0.89 -
ctg000001_P:422659-423585   -            309 30524at4891          -            207   1.9e-29   99.9   2.6   1   5   1.1e-05   0.00086   16.0   0.0     2    31    13    42    12    46 0.90 -
ctg000001_P:422659-423585   -            309 30524at4891          -            207   1.9e-29   99.9   2.6   2   5   4.4e-05    0.0034   14.1   0.0   101   146    51    96    41   101 0.80 -
ctg000001_P:422659-423585   -            309 30524at4891          -            207   1.9e-29   99.9   2.6   3   5   3.7e-11   2.9e-09   33.9   0.0     2    75   109   187   108   199 0.84 -
ctg000001_P:422659-423585   -            309 30524at4891          -            207   1.9e-29   99.9   2.6   4   5   3.4e-06   0.00026   17.8   0.0     6    54   213   259   209   268 0.78 -
ctg000001_P:422659-423585   -            309 30524at4891          -            207   1.9e-29   99.9   2.6   5   5   3.5e-05    0.0027   14.4   0.0   172   204   269   301   262   304 0.92 -
ctg000005_P:268115-268930   -            272 30524at4891          -            207   9.9e-29   97.5   1.0   1   3   3.6e-18   2.7e-16   56.9   0.1     7   145     2   171     1   177 0.71 -
ctg000005_P:268115-268930   -            272 30524at4891          -            207   9.9e-29   97.5   1.0   2   3   7.3e-06   0.00056   16.6   0.0   146   186   191   231   187   242 0.82 -
ctg000005_P:268115-268930   -            272 30524at4891          -            207   9.9e-29   97.5   1.0   3   3   4.3e-06   0.00033   17.4   0.1   169   203   236   270   229   272 0.86 -
ctg000002_P:332687-333598   -            304 30524at4891          -            207   2.8e-28   96.0   1.8   1   3   1.9e-18   1.4e-16   57.8   0.3     3   141    14   192    12   200 0.70 -
ctg000002_P:332687-333598   -            304 30524at4891          -            207   2.8e-28   96.0   1.8   2   3   7.4e-07   5.7e-05   19.9   0.0     2    41   212   251   211   278 0.70 -
ctg000002_P:332687-333598   -            304 30524at4891          -            207   2.8e-28   96.0   1.8   3   3     0.091         7    3.3   0.0   113   202   263   292   254   297 0.60 -
ctg000005_P:339415-342117   -            901 30524at4891          -            207   2.8e-27   92.7   0.1   1   2   6.4e-22   4.9e-20   69.1   0.1     4   145   534   707   531   711 0.76 -
ctg000005_P:339415-342117   -            901 30524at4891          -            207   2.8e-27   92.7   0.1   2   2   2.9e-06   0.00023   17.9   0.0    78   145   731   810   724   816 0.72 -
ctg000022_P:628316-629275   -            320 30524at4891          -            207   9.2e-27   91.1   5.1   1   4   3.8e-12   2.9e-10   37.2   0.7     3   107    11   142     9   146 0.69 -
ctg000022_P:628316-629275   -            320 30524at4891          -            207   9.2e-27   91.1   5.1   2   4   8.7e-06   0.00067   16.4   0.0   153   206   148   198   144   199 0.90 -
ctg000022_P:628316-629275   -            320 30524at4891          -            207   9.2e-27   91.1   5.1   3   4     2e-05    0.0016   15.2   0.0     5    40   217   252   213   262 0.85 -
ctg000022_P:628316-629275   -            320 30524at4891          -            207   9.2e-27   91.1   5.1   4   4   1.1e-05   0.00086   16.0   0.0   172   205   265   298   254   300 0.64 -
ctg000005_P:643336-644232   -            299 30524at4891          -            207   9.4e-27   91.0   1.0   1   3   6.4e-06   0.00049   16.8   0.0     4    35     4    35     1    53 0.81 -
ctg000005_P:643336-644232   -            299 30524at4891          -            207   9.4e-27   91.0   1.0   2   3   6.1e-14   4.7e-12   43.0   0.3    31   150    51   195    44   201 0.74 -
ctg000005_P:643336-644232   -            299 30524at4891          -            207   9.4e-27   91.0   1.0   3   3   9.9e-08   7.6e-06   22.8   0.0     2    73   206   284   205   293 0.78 -
ctg000007_P:368967-369824   -            286 30524at4891          -            207   1.1e-26   90.8   2.3   1   3   3.1e-12   2.4e-10   37.5   0.1     7    75     2    73     1    86 0.84 -
ctg000007_P:368967-369824   -            286 30524at4891          -            207   1.1e-26   90.8   2.3   2   3   2.4e-09   1.8e-07   28.0   0.1    75   177   104   233    74   247 0.77 -
ctg000007_P:368967-369824   -            286 30524at4891          -            207   1.1e-26   90.8   2.3   3   3   1.7e-06   0.00013   18.8   0.0   169   205   247   283   237   285 0.87 -
ctg000001_P:90086-91138     -            351 30524at4891          -            207   1.5e-26   90.4   1.3   1   5   3.2e-11   2.4e-09   34.2   0.3    76   206     5   138     2   139 0.75 -
ctg000001_P:90086-91138     -            351 30524at4891          -            207   1.5e-26   90.4   1.3   2   5     3e-05    0.0023   14.6   0.0    70   104   145   179   138   192 0.89 -
ctg000001_P:90086-91138     -            351 30524at4891          -            207   1.5e-26   90.4   1.3   3   5   0.00017     0.013   12.2   0.0   172   206   204   239   191   240 0.83 -
ctg000001_P:90086-91138     -            351 30524at4891          -            207   1.5e-26   90.4   1.3   4   5    0.0063      0.48    7.1   0.0     4    31   263   290   258   296 0.76 -
ctg000001_P:90086-91138     -            351 30524at4891          -            207   1.5e-26   90.4   1.3   5   5   2.4e-05    0.0019   14.9   0.0   171   206   313   348   306   349 0.90 -
ctg000009_P:539727-540533   -            269 30524at4891          -            207   2.8e-26   89.5   4.4   1   3   3.8e-06   0.00029   17.6   0.0   148   178     1    31     1    38 0.92 -
ctg000009_P:539727-540533   -            269 30524at4891          -            207   2.8e-26   89.5   4.4   2   3   2.6e-05     0.002   14.8   0.1   107   146    41    80    33    87 0.84 -
ctg000009_P:539727-540533   -            269 30524at4891          -            207   2.8e-26   89.5   4.4   3   3     2e-16   1.5e-14   51.1   0.6     4   143    98   269    95   269 0.74 -
ctg000008_P:151761-152573   -            271 30524at4891          -            207   7.9e-26   88.0   3.2   1   3     8e-13   6.1e-11   39.4   0.4   147   206     6    72     2    73 0.87 -
ctg000008_P:151761-152573   -            271 30524at4891          -            207   7.9e-26   88.0   3.2   2   3   8.1e-09   6.2e-07   26.3   0.0    74   151    93   180    89   187 0.80 -
ctg000008_P:151761-152573   -            271 30524at4891          -            207   7.9e-26   88.0   3.2   3   3   2.3e-07   1.8e-05   21.5   0.0    77   148   192   270   184   271 0.86 -
ctg000006_P:571449-572540   -            364 30524at4891          -            207   4.5e-25   85.6   0.2   1   3   1.8e-15   1.4e-13   48.0   0.0     4   148    54   237    51   240 0.76 -
ctg000006_P:571449-572540   -            364 30524at4891          -            207   4.5e-25   85.6   0.2   2   3     2e-05    0.0015   15.2   0.0     2    41   255   294   254   304 0.84 -
ctg000006_P:571449-572540   -            364 30524at4891          -            207   4.5e-25   85.6   0.2   3   3   0.00056     0.043   10.5   0.0    36    83   316   362   307   364 0.87 -
ctg000005_P:358730-359707   -            326 30524at4891          -            207   5.2e-25   85.4   2.7   1   5   4.2e-06   0.00032   17.4   0.0   158   207    59   106    55   106 0.86 -
ctg000005_P:358730-359707   -            326 30524at4891          -            207   5.2e-25   85.4   2.7   2   5    0.0012     0.092    9.4   0.0     4    33   126   155   123   168 0.67 -
ctg000005_P:358730-359707   -            326 30524at4891          -            207   5.2e-25   85.4   2.7   3   5   0.00024     0.019   11.7   0.0    34    77   175   218   167   225 0.84 -
ctg000005_P:358730-359707   -            326 30524at4891          -            207   5.2e-25   85.4   2.7   4   5   0.00035     0.027   11.2   0.0     3    30   236   263   234   268 0.90 -
ctg000005_P:358730-359707   -            326 30524at4891          -            207   5.2e-25   85.4   2.7   5   5   7.5e-06   0.00057   16.6   0.0   167   205   281   319   265   321 0.85 -
ctg000007_P:210824-211954   -            377 30524at4891          -            207   1.2e-24   84.2   1.4   1   4   6.2e-06   0.00048   16.9   0.0     4    39    56    91    53   103 0.85 -
ctg000007_P:210824-211954   -            377 30524at4891          -            207   1.2e-24   84.2   1.4   2   4     4e-07   3.1e-05   20.8   0.1    31    84   117   169   107   215 0.73 -
ctg000007_P:210824-211954   -            377 30524at4891          -            207   1.2e-24   84.2   1.4   3   4   1.2e-06   9.2e-05   19.2   0.0    29    77   215   261   210   267 0.83 -
ctg000007_P:210824-211954   -            377 30524at4891          -            207   1.2e-24   84.2   1.4   4   4   5.3e-06   0.00041   17.1   0.0   106   149   333   376   284   377 0.59 -
ctg000022_P:172744-173634   -            297 30524at4891          -            207     8e-24   81.5  10.1   1   3   7.2e-07   5.5e-05   19.9   0.0   145   180    26    61    21    66 0.89 -
ctg000022_P:172744-173634   -            297 30524at4891          -            207     8e-24   81.5  10.1   2   3   4.6e-08   3.5e-06   23.8   0.1   107   177    69   155    60   159 0.77 -
ctg000022_P:172744-173634   -            297 30524at4891          -            207     8e-24   81.5  10.1   3   3   5.2e-13     4e-11   40.0   5.3     4   143   126   297   122   297 0.69 -
ctg000011_P:462775-463770   -            332 30524at4891          -            207   1.2e-22   77.6   2.0   1   5     4e-08     3e-06   24.0   0.0    78   146    12    95     4   101 0.73 -
ctg000011_P:462775-463770   -            332 30524at4891          -            207   1.2e-22   77.6   2.0   2   5   1.1e-05   0.00085   16.1   0.0     3    38   110   145   108   160 0.82 -
ctg000011_P:462775-463770   -            332 30524at4891          -            207   1.2e-22   77.6   2.0   3   5      0.13       9.8    2.8   0.0   179   206   177   204   173   205 0.92 -
ctg000011_P:462775-463770   -            332 30524at4891          -            207   1.2e-22   77.6   2.0   4   5   0.00023     0.017   11.8   0.0     3    32   242   271   240   288 0.66 -
ctg000011_P:462775-463770   -            332 30524at4891          -            207   1.2e-22   77.6   2.0   5   5   4.8e-05    0.0037   14.0   0.1   172   206   293   327   276   328 0.86 -
ctg000008_P:304574-306190   -            539 30524at4891          -            207   2.4e-21   73.4   1.6   1   6    0.0083      0.63    6.7   0.0     5    42   226   263   224   285 0.85 -
ctg000008_P:304574-306190   -            539 30524at4891          -            207   2.4e-21   73.4   1.6   2   6   1.2e-05   0.00093   15.9   0.0   165   206   283   324   273   325 0.91 -
ctg000008_P:304574-306190   -            539 30524at4891          -            207   2.4e-21   73.4   1.6   3   6   1.3e-05   0.00097   15.9   0.0   147   183   344   380   339   388 0.83 -
ctg000008_P:304574-306190   -            539 30524at4891          -            207   2.4e-21   73.4   1.6   4   6     0.012      0.92    6.2   0.0   166   206   386   426   381   427 0.86 -
ctg000008_P:304574-306190   -            539 30524at4891          -            207   2.4e-21   73.4   1.6   5   6   0.00084     0.064    9.9   0.0     6    34   454   482   446   500 0.64 -
ctg000008_P:304574-306190   -            539 30524at4891          -            207   2.4e-21   73.4   1.6   6   6   0.00013      0.01   12.5   0.0   169   207   496   534   491   534 0.89 -
ctg000107_P:348026-348940   -            305 30524at4891          -            207     1e-20   71.4   5.2   1   4   5.5e-08   4.2e-06   23.6   0.1     2    83     5   100     4   105 0.79 -
ctg000107_P:348026-348940   -            305 30524at4891          -            207     1e-20   71.4   5.2   2   4     2e-06   0.00016   18.5   0.2    77   146   122   202   115   205 0.76 -
ctg000107_P:348026-348940   -            305 30524at4891          -            207     1e-20   71.4   5.2   3   4      0.31        23    1.6   0.0     3    31   223   251   221   259 0.80 -
ctg000107_P:348026-348940   -            305 30524at4891          -            207     1e-20   71.4   5.2   4   4   1.2e-08   9.3e-07   25.7   0.0   162   206   260   302   254   303 0.90 -
ctg000010_P:432666-433556   -            297 30524at4891          -            207   1.2e-18   64.5   3.9   1   3     1e-07   7.9e-06   22.7   0.2     5    79    10    96     7   148 0.65 -
ctg000010_P:432666-433556   -            297 30524at4891          -            207   1.2e-18   64.5   3.9   2   3    0.0012     0.091    9.4   0.0   165   206   150   190   136   192 0.72 -
ctg000010_P:432666-433556   -            297 30524at4891          -            207   1.2e-18   64.5   3.9   3   3   5.2e-08     4e-06   23.7   0.1     4    77   214   295   210   297 0.80 -
ctg000007_P:29235-30062     -            276 30524at4891          -            207   1.4e-18   64.3   0.7   1   2   1.6e-09   1.2e-07   28.6   0.1     6   149     2   184     1   188 0.72 -
ctg000007_P:29235-30062     -            276 30524at4891          -            207   1.4e-18   64.3   0.7   2   2   7.5e-09   5.7e-07   26.4   0.1     5    72   203   275   199   276 0.70 -
ctg000000_P:247130-248029   -            300 30524at4891          -            207   3.2e-18   63.2   0.1   1   3   1.9e-07   1.5e-05   21.8   0.0    75   147     4    79     2    88 0.84 -
ctg000000_P:247130-248029   -            300 30524at4891          -            207   3.2e-18   63.2   0.1   2   3     4e-07     3e-05   20.8   0.0    74   149   110   193    99   201 0.83 -
ctg000000_P:247130-248029   -            300 30524at4891          -            207   3.2e-18   63.2   0.1   3   3   9.2e-06    0.0007   16.3   0.1    77   143   219   293   209   299 0.57 -
ctg000107_P:101064-102068   -            335 30524at4891          -            207   5.3e-18   62.4   4.8   1   4   2.8e-06   0.00022   18.0   0.0    76   151    46   136    27   143 0.71 -
ctg000107_P:101064-102068   -            335 30524at4891          -            207   5.3e-18   62.4   4.8   2   4     0.073       5.6    3.6   0.0    69   105   138   174   135   182 0.83 -
ctg000107_P:101064-102068   -            335 30524at4891          -            207   5.3e-18   62.4   4.8   3   4    0.0011     0.086    9.5   0.0    31   110   185   281   180   287 0.54 -
ctg000107_P:101064-102068   -            335 30524at4891          -            207   5.3e-18   62.4   4.8   4   4   2.9e-07   2.2e-05   21.2   0.1   164   205   289   328   283   330 0.87 -
ctg000009_P:224496-225461   -            322 30524at4891          -            207     1e-17   61.5   6.9   1   4   7.8e-06    0.0006   16.6   0.3    77   133    23    94    15   107 0.65 -
ctg000009_P:224496-225461   -            322 30524at4891          -            207     1e-17   61.5   6.9   2   4   5.3e-07   4.1e-05   20.4   0.1    47   126    99   178    89   180 0.83 -
ctg000009_P:224496-225461   -            322 30524at4891          -            207     1e-17   61.5   6.9   3   4   0.00015     0.011   12.4   0.0   110   148   178   216   176   221 0.83 -
ctg000009_P:224496-225461   -            322 30524at4891          -            207     1e-17   61.5   6.9   4   4   0.00025     0.019   11.7   0.1   164   199   266   301   230   309 0.71 -
ctg000003_P:796967-797761   -            265 30524at4891          -            207   4.7e-15   52.8   0.1   1   2   1.1e-10   8.8e-09   32.3   0.0    81   146     1    74     1    82 0.84 -
ctg000003_P:796967-797761   -            265 30524at4891          -            207   4.7e-15   52.8   0.1   2   2   0.00034     0.026   11.2   0.1    10    79    96   177    86   263 0.70 -
ctg000007_P:400906-401757   -            284 30524at4891          -            207   1.3e-14   51.4   2.1   1   4   0.00014     0.011   12.4   0.1   105   148    54    97     3   101 0.55 -
ctg000007_P:400906-401757   -            284 30524at4891          -            207   1.3e-14   51.4   2.1   2   4   2.2e-06   0.00017   18.3   0.0    29    93   152   217   111   224 0.72 -
ctg000007_P:400906-401757   -            284 30524at4891          -            207   1.3e-14   51.4   2.1   3   4   1.3e-05   0.00099   15.8   0.2    38    95   161   219   159   261 0.49 -
ctg000007_P:400906-401757   -            284 30524at4891          -            207   1.3e-14   51.4   2.1   4   4    0.0018      0.14    8.8   0.0   165   194   252   281   237   284 0.74 -
ctg000010_P:318735-319589   -            285 30524at4891          -            207   2.4e-14   50.5   4.4   1   3   2.8e-08   2.1e-06   24.6   0.0    79   151    13    93     2   103 0.78 -
ctg000010_P:318735-319589   -            285 30524at4891          -            207   2.4e-14   50.5   4.4   2   3     8e-06   0.00061   16.5   0.0     5    75   104   180   100   188 0.71 -
ctg000010_P:318735-319589   -            285 30524at4891          -            207   2.4e-14   50.5   4.4   3   3    0.0021      0.16    8.6   0.7    77   130   204   265   195   284 0.61 -
ctg000007_P:643278-644153   -            292 30524at4891          -            207   7.1e-14   49.0   1.3   1   4     0.045       3.4    4.3   0.0     3    33     9    39     7    47 0.76 -
ctg000007_P:643278-644153   -            292 30524at4891          -            207   7.1e-14   49.0   1.3   2   4   2.4e-06   0.00019   18.2   0.0    29    93   152   217   111   221 0.70 -
ctg000007_P:643278-644153   -            292 30524at4891          -            207   7.1e-14   49.0   1.3   3   4   4.8e-06   0.00037   17.3   0.1    33    94   156   218   152   254 0.70 -
ctg000007_P:643278-644153   -            292 30524at4891          -            207   7.1e-14   49.0   1.3   4   4   0.00052      0.04   10.6   0.1    12    62   222   279   211   291 0.65 -
ctg000006_P:359250-360062   -            271 30524at4891          -            207     9e-13   45.4   1.1   1   4   0.00071     0.054   10.2   0.0   108   149    48    89     1    94 0.76 -
ctg000006_P:359250-360062   -            271 30524at4891          -            207     9e-13   45.4   1.1   2   4       1.5   1.1e+02   -0.7   0.0   130   166    93   124    86   138 0.57 -
ctg000006_P:359250-360062   -            271 30524at4891          -            207     9e-13   45.4   1.1   3   4   1.9e-06   0.00015   18.6   0.1    29    93   144   209   104   215 0.84 -
ctg000006_P:359250-360062   -            271 30524at4891          -            207     9e-13   45.4   1.1   4   4   0.00074     0.057   10.1   0.0    12    58   214   267   207   271 0.70 -
ctg000013_P:27727-28614     -            296 30524at4891          -            207   1.2e-12   45.0  10.5   1   3   9.2e-05     0.007   13.1   0.6     2   109     5   129     4   142 0.57 -
ctg000013_P:27727-28614     -            296 30524at4891          -            207   1.2e-12   45.0  10.5   2   3   8.6e-07   6.6e-05   19.7   0.4   107   182   165   251   152   253 0.73 -
ctg000013_P:27727-28614     -            296 30524at4891          -            207   1.2e-12   45.0  10.5   3   3   3.2e-05    0.0025   14.5   1.0    78   146   213   295   206   296 0.72 -
ctg000000_P:104108-105007   -            300 30524at4891          -            207   1.9e-12   44.3   0.0   1   3     0.026         2    5.1   0.0   148   172    14    38     9    54 0.72 -
ctg000000_P:104108-105007   -            300 30524at4891          -            207   1.9e-12   44.3   0.0   2   3   0.00021     0.016   11.9   0.0    77   146   122   196   114   203 0.74 -
ctg000000_P:104108-105007   -            300 30524at4891          -            207   1.9e-12   44.3   0.0   3   3   8.4e-08   6.4e-06   23.0   0.0     6    61   215   276   210   292 0.75 -
ctg000005_P:150752-151423   -            224 30524at4891          -            207   9.1e-09   32.3   4.7   1   2   0.00028     0.022   11.5   0.3   112   144     3    35     1    42 0.52 -
ctg000005_P:150752-151423   -            224 30524at4891          -            207   9.1e-09   32.3   4.7   2   2   1.5e-05    0.0012   15.6   0.5     2   125    64   219    63   224 0.61 -
ctg000006_P:730035-730958   -            308 30524at4891          -            207   1.3e-08   31.8   1.7   1   3    0.0014      0.11    9.2   0.1    18    80    32    98    14   135 0.70 -
ctg000006_P:730035-730958   -            308 30524at4891          -            207   1.3e-08   31.8   1.7   2   3   0.00087     0.067    9.9   0.0    31    58   147   173   145   194 0.67 -
ctg000006_P:730035-730958   -            308 30524at4891          -            207   1.3e-08   31.8   1.7   3   3   0.00069     0.053   10.2   0.1    34    84   252   300   210   305 0.72 -
ctg000022_P:595830-596738   -            303 30524at4891          -            207   1.5e-08   31.6   2.8   1   3   6.1e-05    0.0046   13.7   0.1    76   148    11    92     4   110 0.79 -
ctg000022_P:595830-596738   -            303 30524at4891          -            207   1.5e-08   31.6   2.8   2   3    0.0031      0.24    8.1   0.0   172   205   153   186   146   188 0.89 -
ctg000022_P:595830-596738   -            303 30524at4891          -            207   1.5e-08   31.6   2.8   3   3      0.05       3.8    4.1   0.0   146   173   208   235   201   247 0.84 -
ctg000000_P:1380064-1381548 -            495 30524at4891          -            207   9.3e-07   25.7   0.1   1   2   0.00022     0.017   11.8   0.0   103   140   223   262   214   269 0.82 -
ctg000000_P:1380064-1381548 -            495 30524at4891          -            207   9.3e-07   25.7   0.1   2   2   0.00033     0.025   11.3   0.0    76   116   287   328   277   347 0.78 -
#
# Program:         hmmsearch
# Version:         3.1b2 (February 2015)
# Pipeline mode:   SEARCH
# Query file:      /Users/dominiquefastus/DeNovoProj/BUSCO_ass/busco_downloads/lineages/saccharomycetes_odb10/hmms/30524at4891.hmm
# Target file:     /Users/dominiquefastus/DeNovoProj/BUSCO_ass/busco_out/run_saccharomycetes_odb10/metaeuk_output/initial_results/asm_ctgs_m.fa.modified.fas
# Option settings: hmmsearch --domtblout /Users/dominiquefastus/DeNovoProj/BUSCO_ass/busco_out/run_saccharomycetes_odb10/hmmer_output/initial_run_results/30524at4891.out --cpu 1 /Users/dominiquefastus/DeNovoProj/BUSCO_ass/busco_downloads/lineages/saccharomycetes_odb10/hmms/30524at4891.hmm /Users/dominiquefastus/DeNovoProj/BUSCO_ass/busco_out/run_saccharomycetes_odb10/metaeuk_output/initial_results/asm_ctgs_m.fa.modified.fas 
# Current dir:     /Users/dominiquefastus/DeNovoProj/BUSCO_ass
# Date:            Fri Feb 24 14:25:37 2023
# [ok]
