#                                                                                 --- full sequence --- -------------- this domain -------------   hmm coord   ali coord   env coord
# target name             accession   tlen query name           accession   qlen   E-value  score  bias   #  of  c-Evalue  i-Evalue  score  bias  from    to  from    to  from    to  acc description of target
#     ------------------- ---------- ----- -------------------- ---------- ----- --------- ------ ----- --- --- --------- --------- ------ ----- ----- ----- ----- ----- ----- ----- ---- ---------------------
ctg000005_P:271982-275095 -           1038 3096at4891           -            521  1.6e-141  469.6  60.0   1   7     2e-78   5.4e-75  250.1  18.0     1   202    32   239    32   245 0.96 -
ctg000005_P:271982-275095 -           1038 3096at4891           -            521  1.6e-141  469.6  60.0   2   7     0.018        49   -0.5   0.3   117   154   268   305   260   314 0.81 -
ctg000005_P:271982-275095 -           1038 3096at4891           -            521  1.6e-141  469.6  60.0   3   7     2e-28   5.4e-25   85.1   2.6   206   312   326   458   314   461 0.81 -
ctg000005_P:271982-275095 -           1038 3096at4891           -            521  1.6e-141  469.6  60.0   4   7   9.2e-28   2.5e-24   83.0   3.6   322   405   506   604   495   612 0.83 -
ctg000005_P:271982-275095 -           1038 3096at4891           -            521  1.6e-141  469.6  60.0   5   7   3.6e-14   9.6e-11   38.1   1.1   402   454   625   676   613   695 0.82 -
ctg000005_P:271982-275095 -           1038 3096at4891           -            521  1.6e-141  469.6  60.0   6   7   1.4e-09   3.9e-06   22.9   0.0   456   493   734   771   720   778 0.89 -
ctg000005_P:271982-275095 -           1038 3096at4891           -            521  1.6e-141  469.6  60.0   7   7   1.4e-06    0.0037   13.1   0.0   489   520   818   849   781   850 0.91 -
#
# Program:         hmmsearch
# Version:         3.1b2 (February 2015)
# Pipeline mode:   SEARCH
# Query file:      /Users/dominiquefastus/DeNovoProj/BUSCO_ass/busco_downloads/lineages/saccharomycetes_odb10/hmms/3096at4891.hmm
# Target file:     /Users/dominiquefastus/DeNovoProj/BUSCO_ass/busco_out/run_saccharomycetes_odb10/metaeuk_output/initial_results/asm_ctgs_m.fa.modified.fas
# Option settings: hmmsearch --domtblout /Users/dominiquefastus/DeNovoProj/BUSCO_ass/busco_out/run_saccharomycetes_odb10/hmmer_output/initial_run_results/3096at4891.out --cpu 1 /Users/dominiquefastus/DeNovoProj/BUSCO_ass/busco_downloads/lineages/saccharomycetes_odb10/hmms/3096at4891.hmm /Users/dominiquefastus/DeNovoProj/BUSCO_ass/busco_out/run_saccharomycetes_odb10/metaeuk_output/initial_results/asm_ctgs_m.fa.modified.fas 
# Current dir:     /Users/dominiquefastus/DeNovoProj/BUSCO_ass
# Date:            Fri Feb 24 14:25:45 2023
# [ok]
