#                                                                                   --- full sequence --- -------------- this domain -------------   hmm coord   ali coord   env coord
# target name               accession   tlen query name           accession   qlen   E-value  score  bias   #  of  c-Evalue  i-Evalue  score  bias  from    to  from    to  from    to  acc description of target
#       ------------------- ---------- ----- -------------------- ---------- ----- --------- ------ ----- --- --- --------- --------- ------ ----- ----- ----- ----- ----- ----- ----- ---- ---------------------
ctg000001_P:722853-724385   -            511 31544at4891          -            331    1e-128  426.2  14.5   1   4     0.001     0.087    9.0   0.0     2    24    44    66    43    70 0.92 -
ctg000001_P:722853-724385   -            511 31544at4891          -            331    1e-128  426.2  14.5   2   4   1.1e-26   9.6e-25   84.5   4.3     3    91    64   172    63   177 0.86 -
ctg000001_P:722853-724385   -            511 31544at4891          -            331    1e-128  426.2  14.5   3   4   2.5e-67   2.1e-65  218.1   0.1    91   245   201   365   191   383 0.90 -
ctg000001_P:722853-724385   -            511 31544at4891          -            331    1e-128  426.2  14.5   4   4   5.2e-37   4.4e-35  118.4   0.2   256   331   430   506   419   506 0.93 -
ctg000001_P:921853-923520   -            556 31544at4891          -            331   1.1e-44  150.0   3.3   1   3       2.4     2e+02   -2.1   0.2   210   251    37    77    31   114 0.79 -
ctg000001_P:921853-923520   -            556 31544at4891          -            331   1.1e-44  150.0   3.3   2   3   2.4e-11     2e-09   34.1   0.0    24    87   143   209   120   215 0.82 -
ctg000001_P:921853-923520   -            556 31544at4891          -            331   1.1e-44  150.0   3.3   3   3   6.4e-36   5.4e-34  114.9   0.7    81   329   239   491   229   493 0.79 -
ctg000001_P:744052-745620   -            523 31544at4891          -            331   2.9e-43  145.3   0.2   1   2   1.7e-13   1.5e-11   41.1   0.0     6    90   114   202   110   207 0.84 -
ctg000001_P:744052-745620   -            523 31544at4891          -            331   2.9e-43  145.3   0.2   2   2     6e-32     5e-30  101.8   0.1    87   327   227   476   221   479 0.79 -
ctg000000_P:394677-397661   -            995 31544at4891          -            331   1.7e-41  139.5   0.1   1   3   6.7e-12   5.6e-10   35.9   0.0    25    89   159   226   137   229 0.84 -
ctg000000_P:394677-397661   -            995 31544at4891          -            331   1.7e-41  139.5   0.1   2   3   7.9e-17   6.6e-15   52.1   0.0    68   165   233   331   224   350 0.88 -
ctg000000_P:394677-397661   -            995 31544at4891          -            331   1.7e-41  139.5   0.1   3   3   1.5e-15   1.3e-13   47.9   0.0   215   317   428   538   343   544 0.79 -
ctg000003_P:117395-119611   -            739 31544at4891          -            331   1.1e-40  136.9   2.7   1   2     6e-13     5e-11   39.4   0.1     6    89   221   311   216   315 0.79 -
ctg000003_P:117395-119611   -            739 31544at4891          -            331   1.1e-40  136.9   2.7   2   2   1.4e-30   1.2e-28   97.3   0.3    90   320   342   578   331   591 0.80 -
ctg000008_P:80200-81990     -            597 31544at4891          -            331   1.3e-40  136.6   7.1   1   3   1.2e-13     1e-11   41.6   0.4    39    91   225   280   214   310 0.74 -
ctg000008_P:80200-81990     -            597 31544at4891          -            331   1.3e-40  136.6   7.1   2   3   1.3e-13   1.1e-11   41.6   0.5    89   241   308   470   303   491 0.78 -
ctg000008_P:80200-81990     -            597 31544at4891          -            331   1.3e-40  136.6   7.1   3   3   3.8e-18   3.2e-16   56.4   0.0   242   312   499   569   478   579 0.81 -
ctg000011_P:334039-335499   -            487 31544at4891          -            331     5e-39  131.4   0.0   1   3   4.9e-15   4.1e-13   46.2   0.0     5    90    66   155    63   158 0.86 -
ctg000011_P:334039-335499   -            487 31544at4891          -            331     5e-39  131.4   0.0   2   3   2.2e-11   1.8e-09   34.2   0.0    71   163   164   259   158   281 0.87 -
ctg000011_P:334039-335499   -            487 31544at4891          -            331     5e-39  131.4   0.0   3   3   2.4e-15     2e-13   47.2   0.0   220   316   308   412   297   426 0.70 -
ctg000000_P:487331-488443   -            371 31544at4891          -            331     5e-38  128.1   5.3   1   2     2e-11   1.7e-09   34.3   0.0    25    91    23    90     1   100 0.82 -
ctg000000_P:487331-488443   -            371 31544at4891          -            331     5e-38  128.1   5.3   2   2     2e-29   1.7e-27   93.5   3.1    97   326   126   359   115   363 0.80 -
ctg000000_P:170914-172311   -            466 31544at4891          -            331   1.1e-37  126.9   3.1   1   2   1.4e-11   1.1e-09   34.9   0.2    25    91    49   116    24   133 0.80 -
ctg000000_P:170914-172311   -            466 31544at4891          -            331   1.1e-37  126.9   3.1   2   2   5.9e-29     5e-27   92.0   0.3    91   314   145   367   120   379 0.81 -
ctg000005_P:616977-618212   -            412 31544at4891          -            331   1.5e-36  123.2   0.1   1   2   7.5e-08   6.3e-06   22.6   0.0    24    68    30    73     8   114 0.74 -
ctg000005_P:616977-618212   -            412 31544at4891          -            331   1.5e-36  123.2   0.1   2   2   1.5e-29   1.3e-27   93.9   0.1    92   329   143   385   119   387 0.76 -
ctg000002_P:670531-671976   -            482 31544at4891          -            331   6.8e-36  121.1   0.6   1   2   6.6e-09   5.5e-07   26.1   0.0     6    91    92   183    88   185 0.84 -
ctg000002_P:670531-671976   -            482 31544at4891          -            331   6.8e-36  121.1   0.6   2   2   3.1e-29   2.6e-27   92.9   0.8    88   321   205   446   179   455 0.77 -
ctg000011_P:119583-120875   -            431 31544at4891          -            331   2.2e-35  119.4   0.2   1   2   3.1e-12   2.6e-10   37.0   0.0     4    89     1    90     1    94 0.81 -
ctg000011_P:119583-120875   -            431 31544at4891          -            331   2.2e-35  119.4   0.2   2   2   6.2e-25   5.2e-23   78.8   0.6    69   329    98   374    91   376 0.73 -
ctg000008_P:361305-363897   -            535 31544at4891          -            331   3.3e-35  118.8   0.0   1   2     1e-05   0.00086   15.6   0.0    25    88   132   201   107   205 0.76 -
ctg000008_P:361305-363897   -            535 31544at4891          -            331   3.3e-35  118.8   0.0   2   2     1e-31   8.6e-30  101.0   0.0    92   321   234   468   212   478 0.79 -
ctg000002_P:367372-368892   -            507 31544at4891          -            331   1.2e-34  117.0   0.0   1   3   2.8e-06   0.00023   17.5   0.0    24    65   121   161    98   169 0.84 -
ctg000002_P:367372-368892   -            507 31544at4891          -            331   1.2e-34  117.0   0.0   2   3      0.12        10    2.2   0.0    72    90   185   203   177   207 0.86 -
ctg000002_P:367372-368892   -            507 31544at4891          -            331   1.2e-34  117.0   0.0   3   3   3.1e-29   2.6e-27   92.9   0.0    91   329   233   476   208   478 0.76 -
ctg000009_P:562203-563303   -            367 31544at4891          -            331   1.6e-34  116.6   5.3   1   2   3.3e-06   0.00027   17.2   0.4    25    90    21    87    17   100 0.86 -
ctg000009_P:562203-563303   -            367 31544at4891          -            331   1.6e-34  116.6   5.3   2   2   1.3e-31   1.1e-29  100.7   0.7    92   327   117   354   104   358 0.76 -
ctg000022_P:165622-166722   -            367 31544at4891          -            331   1.6e-34  116.6   5.3   1   2   3.3e-06   0.00027   17.2   0.4    25    90    21    87    17   100 0.86 -
ctg000022_P:165622-166722   -            367 31544at4891          -            331   1.6e-34  116.6   5.3   2   2   1.3e-31   1.1e-29  100.7   0.7    92   327   117   354   104   358 0.76 -
ctg000000_P:929036-930799   -            588 31544at4891          -            331   2.9e-34  115.8   7.6   1   2     2e-12   1.7e-10   37.6   0.1     5    89   171   273   167   280 0.74 -
ctg000000_P:929036-930799   -            588 31544at4891          -            331   2.9e-34  115.8   7.6   2   2   4.7e-24   3.9e-22   75.9   4.5    91   331   310   559   277   559 0.75 -
ctg000007_P:119245-121758   -            838 31544at4891          -            331   2.9e-34  115.7   2.0   1   2   1.5e-09   1.3e-07   28.2   0.0    20    90   262   339   241   342 0.76 -
ctg000007_P:119245-121758   -            838 31544at4891          -            331   2.9e-34  115.7   2.0   2   2   2.2e-27   1.9e-25   86.8   0.5    69   318   347   622   340   635 0.73 -
ctg000013_P:124033-125850   -            606 31544at4891          -            331   3.8e-34  115.4   0.9   1   2   1.5e-09   1.3e-07   28.2   0.1    25    90    29   103     6   113 0.77 -
ctg000013_P:124033-125850   -            606 31544at4891          -            331   3.8e-34  115.4   0.9   2   2   4.8e-26     4e-24   82.4   0.1    84   317   132   376   113   382 0.75 -
ctg000000_P:826542-828194   -            551 31544at4891          -            331   4.1e-34  115.3   3.3   1   2   6.3e-12   5.3e-10   36.0   0.1    26    91    41   113    20   117 0.79 -
ctg000000_P:826542-828194   -            551 31544at4891          -            331   4.1e-34  115.3   3.3   2   2   5.9e-25   4.9e-23   78.8   0.7    88   327   144   405   128   408 0.71 -
ctg000006_P:827674-829188   -            505 31544at4891          -            331   7.9e-33  111.0   0.1   1   3   5.8e-11   4.9e-09   32.8   0.1     5    90    41   134    37   138 0.72 -
ctg000006_P:827674-829188   -            505 31544at4891          -            331   7.9e-33  111.0   0.1   2   3     3e-09   2.5e-07   27.2   0.0    92   160   165   235   156   245 0.86 -
ctg000006_P:827674-829188   -            505 31544at4891          -            331   7.9e-33  111.0   0.1   3   3   2.3e-15   1.9e-13   47.3   0.0   216   315   286   394   277   406 0.77 -
ctg000022_P:390463-392772   -            770 31544at4891          -            331     9e-33  110.8   0.7   1   2   7.6e-12   6.3e-10   35.7   0.0     5    90    40   133    36   136 0.72 -
ctg000022_P:390463-392772   -            770 31544at4891          -            331     9e-33  110.8   0.7   2   2   5.5e-23   4.6e-21   72.4   0.2    89   325   160   409   148   414 0.76 -
ctg000007_P:288985-291231   -            749 31544at4891          -            331   6.5e-31  104.7   2.0   1   3   3.4e-12   2.9e-10   36.9   0.3    21    91   169   244   156   262 0.84 -
ctg000007_P:288985-291231   -            749 31544at4891          -            331   6.5e-31  104.7   2.0   2   3   4.6e-07   3.9e-05   20.0   0.0    93   143   281   334   267   339 0.87 -
ctg000007_P:288985-291231   -            749 31544at4891          -            331   6.5e-31  104.7   2.0   3   3     1e-14   8.3e-13   45.2   0.0   237   321   484   569   446   582 0.84 -
ctg000003_P:664995-666758   -            588 31544at4891          -            331   7.4e-31  104.6   3.1   1   3   2.4e-15     2e-13   47.2   0.3     6    97    11   115     6   139 0.78 -
ctg000003_P:664995-666758   -            588 31544at4891          -            331   7.4e-31  104.6   3.1   2   3   9.5e-09   7.9e-07   25.6   0.4    81   168   127   220   117   325 0.80 -
ctg000003_P:664995-666758   -            588 31544at4891          -            331   7.4e-31  104.6   3.1   3   3   2.2e-10   1.8e-08   30.9   0.0   253   315   356   421   311   437 0.69 -
ctg000009_P:492294-494513   -            740 31544at4891          -            331   3.8e-29   98.9   0.7   1   3   1.2e-13     1e-11   41.6   0.0    13    91   152   240   140   247 0.80 -
ctg000009_P:492294-494513   -            740 31544at4891          -            331   3.8e-29   98.9   0.7   2   3   6.9e-06   0.00058   16.2   0.2    94   233   273   438   268   455 0.59 -
ctg000009_P:492294-494513   -            740 31544at4891          -            331   3.8e-29   98.9   0.7   3   3     3e-12   2.5e-10   37.1   0.0   239   314   489   564   477   577 0.80 -
ctg000000_P:305695-307032   -            446 31544at4891          -            331   1.1e-26   90.9   0.9   1   2   2.2e-05    0.0018   14.5   0.0     7    88    63   148    59   152 0.85 -
ctg000000_P:305695-307032   -            446 31544at4891          -            331   1.1e-26   90.9   0.9   2   2   3.5e-23   2.9e-21   73.0   0.8    93   319   186   414   180   424 0.77 -
ctg000010_P:49908-51494     -            529 31544at4891          -            331   2.5e-07   27.2   0.1   1   3    0.0019      0.16    8.1   0.0    28    68     3    43     2    75 0.89 -
ctg000010_P:49908-51494     -            529 31544at4891          -            331   2.5e-07   27.2   0.1   2   3   0.00013     0.011   11.9   0.0    92   251   104   271    95   285 0.71 -
ctg000010_P:49908-51494     -            529 31544at4891          -            331   2.5e-07   27.2   0.1   3   3      0.11       9.1    2.4   0.0   262   284   327   349   304   403 0.72 -
ctg000022_P:349148-352366   -           1073 31544at4891          -            331   1.6e-06   24.6   2.2   1   4     4e-06   0.00033   16.9   0.1    28   161   152   301   138   319 0.79 -
ctg000022_P:349148-352366   -           1073 31544at4891          -            331   1.6e-06   24.6   2.2   2   4      0.22        19    1.3   0.0   220   255   407   442   378   455 0.77 -
ctg000022_P:349148-352366   -           1073 31544at4891          -            331   1.6e-06   24.6   2.2   3   4      0.33        28    0.8   0.0   262   319   496   563   490   574 0.66 -
ctg000022_P:349148-352366   -           1073 31544at4891          -            331   1.6e-06   24.6   2.2   4   4       5.7   4.8e+02   -3.3   0.0   109   142  1027  1060   994  1063 0.61 -
ctg000000_P:1020243-1023422 -           1060 31544at4891          -            331   2.3e-06   24.0   0.1   1   3    0.0011     0.088    9.0   0.0    12    85   277   350   266   366 0.82 -
ctg000000_P:1020243-1023422 -           1060 31544at4891          -            331   2.3e-06   24.0   0.1   2   3       2.4     2e+02   -2.1   0.0   109   171   410   479   385   486 0.49 -
ctg000000_P:1020243-1023422 -           1060 31544at4891          -            331   2.3e-06   24.0   0.1   3   3   0.00017     0.014   11.6   0.0   236   314   562   641   546   650 0.78 -
ctg000003_P:885057-888917   -           1287 31544at4891          -            331   1.3e-05   21.6   1.2   1   3   4.5e-06   0.00038   16.8   0.2    92   161   414   483   308   512 0.72 -
ctg000003_P:885057-888917   -           1287 31544at4891          -            331   1.3e-05   21.6   1.2   2   3       3.2   2.6e+02   -2.4   0.0   222   255   629   665   626   695 0.62 -
ctg000003_P:885057-888917   -           1287 31544at4891          -            331   1.3e-05   21.6   1.2   3   3       1.6   1.4e+02   -1.5   0.0   262   287   716   740   712   777 0.87 -
ctg000002_P:205491-206891   -            467 31544at4891          -            331   3.1e-05   20.3   0.1   1   3      0.32        27    0.8   0.0    43    82    29    70    13    91 0.79 -
ctg000002_P:205491-206891   -            467 31544at4891          -            331   3.1e-05   20.3   0.1   2   3    0.0083       0.7    6.0   0.0    81   149    98   162    94   179 0.68 -
ctg000002_P:205491-206891   -            467 31544at4891          -            331   3.1e-05   20.3   0.1   3   3   0.00077     0.064    9.4   0.0   243   327   366   452   361   456 0.73 -
ctg000007_P:102778-104193   -            472 31544at4891          -            331   0.00032   17.0   0.1   1   3       0.4        34    0.5   0.0    24    59     8    44     4    67 0.77 -
ctg000007_P:102778-104193   -            472 31544at4891          -            331   0.00032   17.0   0.1   2   3      0.69        57   -0.3   0.0    93   154   109   166    95   179 0.61 -
ctg000007_P:102778-104193   -            472 31544at4891          -            331   0.00032   17.0   0.1   3   3   0.00015     0.012   11.8   0.0   243   328   365   452   356   455 0.79 -
#
# Program:         hmmsearch
# Version:         3.1b2 (February 2015)
# Pipeline mode:   SEARCH
# Query file:      /Users/dominiquefastus/DeNovoProj/BUSCO_ass/busco_downloads/lineages/saccharomycetes_odb10/hmms/31544at4891.hmm
# Target file:     /Users/dominiquefastus/DeNovoProj/BUSCO_ass/busco_out/run_saccharomycetes_odb10/metaeuk_output/initial_results/asm_ctgs_m.fa.modified.fas
# Option settings: hmmsearch --domtblout /Users/dominiquefastus/DeNovoProj/BUSCO_ass/busco_out/run_saccharomycetes_odb10/hmmer_output/initial_run_results/31544at4891.out --cpu 1 /Users/dominiquefastus/DeNovoProj/BUSCO_ass/busco_downloads/lineages/saccharomycetes_odb10/hmms/31544at4891.hmm /Users/dominiquefastus/DeNovoProj/BUSCO_ass/busco_out/run_saccharomycetes_odb10/metaeuk_output/initial_results/asm_ctgs_m.fa.modified.fas 
# Current dir:     /Users/dominiquefastus/DeNovoProj/BUSCO_ass
# Date:            Fri Feb 24 14:25:51 2023
# [ok]
