#                                                                                   --- full sequence --- -------------- this domain -------------   hmm coord   ali coord   env coord
# target name               accession   tlen query name           accession   qlen   E-value  score  bias   #  of  c-Evalue  i-Evalue  score  bias  from    to  from    to  from    to  acc description of target
#       ------------------- ---------- ----- -------------------- ---------- ----- --------- ------ ----- --- --- --------- --------- ------ ----- ----- ----- ----- ----- ----- ----- ---- ---------------------
ctg000013_P:106224-108479   -            752 3331at4891           -            642         0 1154.8  14.2   1   2   0.00012     0.013   11.2   0.1     3    38    13    45    11    82 0.73 -
ctg000013_P:106224-108479   -            752 3331at4891           -            642         0 1154.8  14.2   2   2         0         0 1142.9  10.8    30   642    82   752    64   752 0.93 -
ctg000010_P:352813-354642   -            610 3331at4891           -            642  1.6e-121  404.1   0.9   1   1  7.5e-122    8e-120  398.5   0.9    99   638    57   608     5   610 0.83 -
ctg000005_P:817443-821030   -           1196 3331at4891           -            642   2.1e-70  235.3   3.0   1   4   1.9e-11     2e-09   33.8   0.1   121   193   568   644   557   651 0.82 -
ctg000005_P:817443-821030   -           1196 3331at4891           -            642   2.1e-70  235.3   3.0   2   4   2.2e-32   2.3e-30  103.0   0.1   239   379   639   781   634   795 0.79 -
ctg000005_P:817443-821030   -           1196 3331at4891           -            642   2.1e-70  235.3   3.0   3   4   1.1e-12   1.2e-10   37.8   0.0   453   514   826   892   806   948 0.86 -
ctg000005_P:817443-821030   -           1196 3331at4891           -            642   2.1e-70  235.3   3.0   4   4   4.2e-19   4.5e-17   59.0   0.0   548   628  1030  1111  1009  1117 0.87 -
ctg000008_P:168137-171268   -           1044 3331at4891           -            642   5.5e-60  200.8   0.1   1   4   3.8e-10   4.1e-08   29.4   0.0   136   212   443   524   427   530 0.75 -
ctg000008_P:168137-171268   -           1044 3331at4891           -            642   5.5e-60  200.8   0.1   2   4   6.3e-25   6.8e-23   78.3   0.0   273   366   527   624   520   634 0.89 -
ctg000008_P:168137-171268   -           1044 3331at4891           -            642   5.5e-60  200.8   0.1   3   4   4.3e-09   4.7e-07   26.0   0.0   459   514   687   747   648   773 0.73 -
ctg000008_P:168137-171268   -           1044 3331at4891           -            642   5.5e-60  200.8   0.1   4   4   5.2e-20   5.6e-18   62.0   0.0   526   624   871   971   849   978 0.87 -
ctg000003_P:606954-610085   -           1044 3331at4891           -            642     5e-59  197.7   0.0   1   4   5.9e-11   6.4e-09   32.1   0.0   136   213   443   525   430   529 0.83 -
ctg000003_P:606954-610085   -           1044 3331at4891           -            642     5e-59  197.7   0.0   2   4   2.2e-23   2.4e-21   73.2   0.0   275   372   529   629   525   639 0.89 -
ctg000003_P:606954-610085   -           1044 3331at4891           -            642     5e-59  197.7   0.0   3   4   1.9e-09     2e-07   27.2   0.0   446   514   664   747   629   772 0.68 -
ctg000003_P:606954-610085   -           1044 3331at4891           -            642     5e-59  197.7   0.0   4   4   2.4e-19   2.6e-17   59.8   0.0   527   623   872   970   850   977 0.87 -
ctg000000_P:613964-615283   -            440 3331at4891           -            642   6.4e-18   61.8   1.3   1   4   0.00016     0.017   10.9   0.2   149   171     1    23     1    29 0.85 -
ctg000000_P:613964-615283   -            440 3331at4891           -            642   6.4e-18   61.8   1.3   2   4   4.9e-08   5.3e-06   22.5   0.0   527   616    97   189    85   197 0.77 -
ctg000000_P:613964-615283   -            440 3331at4891           -            642   6.4e-18   61.8   1.3   3   4    0.0007     0.075    8.8   0.0   466   487   275   297   250   313 0.84 -
ctg000000_P:613964-615283   -            440 3331at4891           -            642   6.4e-18   61.8   1.3   4   4   6.3e-06   0.00068   15.5   0.0   281   349   360   433   355   440 0.71 -
ctg000000_P:561206-562819   -            538 3331at4891           -            642   2.6e-11   40.0   0.0   1   3   5.4e-07   5.8e-05   19.0   0.0   281   336   155   210   104   214 0.88 -
ctg000000_P:561206-562819   -            538 3331at4891           -            642   2.6e-11   40.0   0.0   2   3   0.00048     0.051    9.3   0.0   456   498   321   363   253   368 0.76 -
ctg000000_P:561206-562819   -            538 3331at4891           -            642   2.6e-11   40.0   0.0   3   3    0.0011      0.12    8.0   0.0   289   340   459   511   426   519 0.68 -
ctg000006_P:845146-847212   -            689 3331at4891           -            642   2.9e-11   39.9   0.1   1   3       1.6   1.7e+02   -2.3   0.0    88   169   299   380   272   389 0.63 -
ctg000006_P:845146-847212   -            689 3331at4891           -            642   2.9e-11   39.9   0.1   2   3     7e-06   0.00075   15.4   0.0   117   201   429   511   416   550 0.80 -
ctg000006_P:845146-847212   -            689 3331at4891           -            642   2.9e-11   39.9   0.1   3   3     1e-07   1.1e-05   21.4   0.0   550   630   571   655   561   661 0.86 -
ctg000003_P:498726-500474   -            583 3331at4891           -            642   6.1e-10   35.5   0.0   1   1   1.7e-11   1.8e-09   33.9   0.0   456   634   367   578   361   580 0.75 -
ctg000013_P:191917-192774   -            286 3331at4891           -            642   9.1e-10   34.9   0.0   1   2   1.9e-06    0.0002   17.3   0.0   457   489    24    56     7    92 0.81 -
ctg000013_P:191917-192774   -            286 3331at4891           -            642   9.1e-10   34.9   0.0   2   2   4.4e-06   0.00047   16.0   0.0   547   632   144   234   105   249 0.68 -
ctg000005_P:910264-911736   -            491 3331at4891           -            642   3.5e-09   33.0   0.0   1   2     0.066         7    2.2   0.0   456   487   269   300   239   317 0.72 -
ctg000005_P:910264-911736   -            491 3331at4891           -            642   3.5e-09   33.0   0.0   2   2   7.8e-10   8.4e-08   28.4   0.0   550   631   390   476   384   481 0.69 -
ctg000009_P:51637-52851     -            405 3331at4891           -            642   3.2e-08   29.8   0.7   1   2   0.00051     0.054    9.2   0.3   136   214   172   257   164   297 0.69 -
ctg000009_P:51637-52851     -            405 3331at4891           -            642   3.2e-08   29.8   0.7   2   2   1.8e-06   0.00019   17.3   0.0   550   611   305   369   294   387 0.81 -
ctg000002_P:898975-900702   -            576 3331at4891           -            642   3.4e-08   29.7   0.1   1   2   0.00011     0.012   11.4   0.1   460   499    11    52     3    55 0.81 -
ctg000002_P:898975-900702   -            576 3331at4891           -            642   3.4e-08   29.7   0.1   2   2   4.1e-06   0.00044   16.1   0.0   282   330   143   191   126   206 0.82 -
ctg000001_P:40155-41084     -            310 3331at4891           -            642   2.2e-07   27.1   0.0   1   2   4.4e-05    0.0047   12.7   0.0   137   173    76   112    57   133 0.77 -
ctg000001_P:40155-41084     -            310 3331at4891           -            642   2.2e-07   27.1   0.0   2   2   5.3e-05    0.0057   12.4   0.0   276   319   204   247   179   278 0.84 -
ctg000012_P:206672-209782   -           1037 3331at4891           -            642     3e-06   23.3   0.1   1   2    0.0047      0.51    6.0   0.0   468   493   406   434   364   444 0.82 -
ctg000012_P:206672-209782   -           1037 3331at4891           -            642     3e-06   23.3   0.1   2   2   8.7e-06   0.00093   15.1   0.0   551   593   518   560   510   577 0.74 -
ctg000002_P:900934-901665   -            244 3331at4891           -            642   4.3e-06   22.8   0.0   1   2      0.11        12    1.5   0.0   135   172    15    52    10    60 0.75 -
ctg000002_P:900934-901665   -            244 3331at4891           -            642   4.3e-06   22.8   0.0   2   2   4.2e-07   4.6e-05   19.4   0.0   546   589   143   186   111   238 0.76 -
ctg000000_P:703285-704226   -            314 3331at4891           -            642   4.9e-06   22.6   0.1   1   2     0.004      0.43    6.2   0.0   131   171    80   120    66   151 0.68 -
ctg000000_P:703285-704226   -            314 3331at4891           -            642   4.9e-06   22.6   0.1   2   2   1.3e-05    0.0014   14.5   0.0   275   341   197   266   183   288 0.81 -
ctg000005_P:666942-669524   -            861 3331at4891           -            642   6.9e-06   22.1   2.3   1   3      0.13        14    1.2   0.0   467   498   630   662   610   667 0.80 -
ctg000005_P:666942-669524   -            861 3331at4891           -            642   6.9e-06   22.1   2.3   2   3   3.1e-07   3.3e-05   19.9   0.0   285   334   738   787   719   801 0.78 -
ctg000005_P:666942-669524   -            861 3331at4891           -            642   6.9e-06   22.1   2.3   3   3       2.7   2.9e+02   -3.1   0.6   218   253   824   860   816   861 0.68 -
ctg000009_P:662227-662868   -            214 3331at4891           -            642   1.4e-05   21.1   0.0   1   2     0.011       1.2    4.8   0.0   458   487     5    34     1    45 0.84 -
ctg000009_P:662227-662868   -            214 3331at4891           -            642   1.4e-05   21.1   0.0   2   2   1.3e-05    0.0013   14.5   0.0   286   343   125   187    99   210 0.69 -
ctg000005_P:494900-496528   -            543 3331at4891           -            642   2.1e-05   20.5   0.0   1   2   0.00034     0.036    9.8   0.0   131   172    29    70    14    77 0.85 -
ctg000005_P:494900-496528   -            543 3331at4891           -            642   2.1e-05   20.5   0.0   2   2   0.00078     0.084    8.6   0.0   291   331   163   204   128   219 0.85 -
ctg000002_P:156764-157348   -            195 3331at4891           -            642   0.00013   17.9   0.0   1   2   0.00038     0.041    9.6   0.0   146   489    23    49     3    56 0.57 -
ctg000002_P:156764-157348   -            195 3331at4891           -            642   0.00013   17.9   0.0   2   2    0.0039      0.42    6.3   0.0   291   321   142   173   131   189 0.81 -
ctg000009_P:93597-95948     -            784 3331at4891           -            642   0.00063   15.6   0.0   1   2    0.0007     0.075    8.8   0.0   123   169   472   518   456   524 0.76 -
ctg000009_P:93597-95948     -            784 3331at4891           -            642   0.00063   15.6   0.0   2   2     0.017       1.8    4.2   0.0   285   317   650   682   617   712 0.75 -
ctg000001_P:42141-42734     -            198 3331at4891           -            642   0.00077   15.3   0.1   1   1   4.7e-05     0.005   12.6   0.1   459   618     5   179     1   187 0.54 -
ctg000002_P:467874-469496   -            541 3331at4891           -            642    0.0017   14.2   0.0   1   2    0.0047       0.5    6.0   0.1   468   489    35    56    16    64 0.71 -
ctg000002_P:467874-469496   -            541 3331at4891           -            642    0.0017   14.2   0.0   2   2    0.0053      0.57    5.8   0.0   291   330   149   192   141   225 0.74 -
ctg000000_P:1262303-1263967 -            555 3331at4891           -            642    0.0048   12.7   0.0   1   2    0.0024      0.25    7.0   0.0   467   489    55    77    24   100 0.70 -
ctg000000_P:1262303-1263967 -            555 3331at4891           -            642    0.0048   12.7   0.0   2   2     0.027       2.9    3.5   0.0   291   321   170   201   161   246 0.80 -
#
# Program:         hmmsearch
# Version:         3.1b2 (February 2015)
# Pipeline mode:   SEARCH
# Query file:      /Users/dominiquefastus/DeNovoProj/BUSCO_ass/busco_downloads/lineages/saccharomycetes_odb10/hmms/3331at4891.hmm
# Target file:     /Users/dominiquefastus/DeNovoProj/BUSCO_ass/busco_out/run_saccharomycetes_odb10/metaeuk_output/initial_results/asm_ctgs_m.fa.modified.fas
# Option settings: hmmsearch --domtblout /Users/dominiquefastus/DeNovoProj/BUSCO_ass/busco_out/run_saccharomycetes_odb10/hmmer_output/initial_run_results/3331at4891.out --cpu 1 /Users/dominiquefastus/DeNovoProj/BUSCO_ass/busco_downloads/lineages/saccharomycetes_odb10/hmms/3331at4891.hmm /Users/dominiquefastus/DeNovoProj/BUSCO_ass/busco_out/run_saccharomycetes_odb10/metaeuk_output/initial_results/asm_ctgs_m.fa.modified.fas 
# Current dir:     /Users/dominiquefastus/DeNovoProj/BUSCO_ass
# Date:            Fri Feb 24 14:26:12 2023
# [ok]
