#                                                                                 --- full sequence --- -------------- this domain -------------   hmm coord   ali coord   env coord
# target name             accession   tlen query name           accession   qlen   E-value  score  bias   #  of  c-Evalue  i-Evalue  score  bias  from    to  from    to  from    to  acc description of target
#     ------------------- ---------- ----- -------------------- ---------- ----- --------- ------ ----- --- --- --------- --------- ------ ----- ----- ----- ----- ----- ----- ----- ---- ---------------------
ctg000002_P:639735-640313 -            193 33647at4891          -             84   2.5e-36  120.9   4.5   1   2   3.6e-13   2.4e-10   37.7   0.0     1    45     2    46     2    50 0.90 -
ctg000002_P:639735-640313 -            193 33647at4891          -             84   2.5e-36  120.9   4.5   2   2     3e-27     2e-24   82.8   2.9    32    84   139   193   129   193 0.89 -
ctg000011_P:278409-279251 -            281 33647at4891          -             84   4.1e-22   75.4   5.5   1   2      0.17   1.1e+02    0.3   0.0     6    39    10    43     6    49 0.85 -
ctg000011_P:278409-279251 -            281 33647at4891          -             84   4.1e-22   75.4   5.5   2   2   2.1e-24   1.4e-21   73.7   4.3    33    83   217   269   210   270 0.93 -
ctg000008_P:335221-336210 -            330 33647at4891          -             84   6.6e-17   58.7   4.5   1   2      0.71   4.8e+02   -1.7   0.0     8    34    16    42    12    47 0.80 -
ctg000008_P:335221-336210 -            330 33647at4891          -             84   6.6e-17   58.7   4.5   2   2   1.1e-19   7.3e-17   58.6   2.8    39    84   281   328   268   328 0.89 -
ctg000005_P:650382-651428 -            349 33647at4891          -             84   2.1e-05   21.8   5.2   1   2   3.7e-08   2.5e-05   21.6   3.2    38    76    21    57     5    70 0.79 -
ctg000005_P:650382-651428 -            349 33647at4891          -             84   2.1e-05   21.8   5.2   2   2       1.2   8.1e+02   -2.5   0.0     3    26   311   334   309   343 0.72 -
#
# Program:         hmmsearch
# Version:         3.1b2 (February 2015)
# Pipeline mode:   SEARCH
# Query file:      /Users/dominiquefastus/DeNovoProj/BUSCO_ass/busco_downloads/lineages/saccharomycetes_odb10/hmms/33647at4891.hmm
# Target file:     /Users/dominiquefastus/DeNovoProj/BUSCO_ass/busco_out/run_saccharomycetes_odb10/metaeuk_output/initial_results/asm_ctgs_m.fa.modified.fas
# Option settings: hmmsearch --domtblout /Users/dominiquefastus/DeNovoProj/BUSCO_ass/busco_out/run_saccharomycetes_odb10/hmmer_output/initial_run_results/33647at4891.out --cpu 1 /Users/dominiquefastus/DeNovoProj/BUSCO_ass/busco_downloads/lineages/saccharomycetes_odb10/hmms/33647at4891.hmm /Users/dominiquefastus/DeNovoProj/BUSCO_ass/busco_out/run_saccharomycetes_odb10/metaeuk_output/initial_results/asm_ctgs_m.fa.modified.fas 
# Current dir:     /Users/dominiquefastus/DeNovoProj/BUSCO_ass
# Date:            Fri Feb 24 14:26:17 2023
# [ok]
