#                                                                                 --- full sequence --- -------------- this domain -------------   hmm coord   ali coord   env coord
# target name             accession   tlen query name           accession   qlen   E-value  score  bias   #  of  c-Evalue  i-Evalue  score  bias  from    to  from    to  from    to  acc description of target
#     ------------------- ---------- ----- -------------------- ---------- ----- --------- ------ ----- --- --- --------- --------- ------ ----- ----- ----- ----- ----- ----- ----- ---- ---------------------
ctg000000_P:617093-617509 -            139 33667at4891          -            129   7.9e-69  226.7   2.1   1   1   1.9e-70   3.9e-68  224.5   2.1     8   123     1   122     1   138 0.92 -
ctg000000_P:556276-556674 -            133 33667at4891          -            129   6.8e-35  117.0   1.1   1   1   9.5e-37     2e-34  115.5   1.1    22   129    11   132     3   132 0.85 -
ctg000007_P:410729-411127 -            133 33667at4891          -            129   4.3e-34  114.4   0.7   1   1   4.7e-36   9.7e-34  113.3   0.7    22   129    11   132     3   132 0.86 -
ctg000002_P:133127-133534 -            136 33667at4891          -            129   1.3e-30  103.1   0.1   1   1   7.1e-33   1.5e-30  103.0   0.1     7   124     5   129     1   134 0.83 -
ctg000000_P:797366-798010 -            215 33667at4891          -            129   8.9e-30  100.5   0.0   1   1   6.8e-32   1.4e-29   99.8   0.0     2   123     4   133     3   141 0.91 -
ctg000001_P:711431-711925 -            165 33667at4891          -            129   1.4e-26   90.1   0.1   1   1   8.9e-29   1.8e-26   89.7   0.1     3   123     7   132     5   139 0.87 -
ctg000003_P:714308-714742 -            145 33667at4891          -            129   4.8e-23   78.7   0.1   1   1   2.9e-25     6e-23   78.4   0.1    30   120    37   130    20   139 0.89 -
ctg000010_P:445462-446079 -            206 33667at4891          -            129   1.6e-21   73.7   0.1   1   1     1e-23   2.1e-21   73.4   0.1    22   120    22   126     2   144 0.82 -
ctg000006_P:302079-302564 -            162 33667at4891          -            129   1.7e-19   67.2   0.4   1   1   8.3e-21   1.7e-18   64.0   0.4     2   115     3   136     2   147 0.82 -
ctg000000_P:338091-338525 -            145 33667at4891          -            129     2e-18   63.7   0.0   1   1   1.1e-20   2.3e-18   63.6   0.0    45   117    48   122    16   133 0.86 -
ctg000000_P:548880-549356 -            159 33667at4891          -            129   8.3e-17   58.5   0.6   1   1   3.3e-18   6.7e-16   55.6   0.5    37   123    46   147    14   152 0.81 -
ctg000010_P:217769-218518 -            250 33667at4891          -            129   4.1e-11   40.1   0.0   1   1     3e-13   6.1e-11   39.5   0.0     2   105     7   117     6   136 0.82 -
ctg000001_P:759106-759504 -            133 33667at4891          -            129   1.9e-05   21.7   0.0   1   1   1.2e-07   2.4e-05   21.4   0.0    32   108    40   121    23   127 0.81 -
#
# Program:         hmmsearch
# Version:         3.1b2 (February 2015)
# Pipeline mode:   SEARCH
# Query file:      /Users/dominiquefastus/DeNovoProj/BUSCO_ass/busco_downloads/lineages/saccharomycetes_odb10/hmms/33667at4891.hmm
# Target file:     /Users/dominiquefastus/DeNovoProj/BUSCO_ass/busco_out/run_saccharomycetes_odb10/metaeuk_output/initial_results/asm_ctgs_m.fa.modified.fas
# Option settings: hmmsearch --domtblout /Users/dominiquefastus/DeNovoProj/BUSCO_ass/busco_out/run_saccharomycetes_odb10/hmmer_output/initial_run_results/33667at4891.out --cpu 1 /Users/dominiquefastus/DeNovoProj/BUSCO_ass/busco_downloads/lineages/saccharomycetes_odb10/hmms/33667at4891.hmm /Users/dominiquefastus/DeNovoProj/BUSCO_ass/busco_out/run_saccharomycetes_odb10/metaeuk_output/initial_results/asm_ctgs_m.fa.modified.fas 
# Current dir:     /Users/dominiquefastus/DeNovoProj/BUSCO_ass
# Date:            Fri Feb 24 14:26:17 2023
# [ok]
