#                                                                                   --- full sequence --- -------------- this domain -------------   hmm coord   ali coord   env coord
# target name               accession   tlen query name           accession   qlen   E-value  score  bias   #  of  c-Evalue  i-Evalue  score  bias  from    to  from    to  from    to  acc description of target
#       ------------------- ---------- ----- -------------------- ---------- ----- --------- ------ ----- --- --- --------- --------- ------ ----- ----- ----- ----- ----- ----- ----- ---- ---------------------
ctg000003_P:56301-58784     -            828 3496at4891           -            659         0 1146.3  18.7   1   5   0.00034      0.03    9.7   0.2     2    35     2    36     1    49 0.82 -
ctg000003_P:56301-58784     -            828 3496at4891           -            659         0 1146.3  18.7   2   5   9.6e-08   8.6e-06   21.4   0.2    26    71    59   107    45   119 0.82 -
ctg000003_P:56301-58784     -            828 3496at4891           -            659         0 1146.3  18.7   3   5  5.1e-154  4.5e-152  504.7   2.1    45   348   135   442   122   460 0.89 -
ctg000003_P:56301-58784     -            828 3496at4891           -            659         0 1146.3  18.7   4   5  6.4e-177  5.7e-175  580.4   0.0   342   625   479   763   474   789 0.95 -
ctg000003_P:56301-58784     -            828 3496at4891           -            659         0 1146.3  18.7   5   5   6.3e-13   5.6e-11   38.5   0.1   624   658   790   824   786   825 0.96 -
ctg000000_P:236598-239102   -            835 3496at4891           -            659  1.9e-169  562.1   1.0   1   2  6.2e-169  5.5e-167  554.0   0.1    98   623   200   714   170   731 0.94 -
ctg000000_P:236598-239102   -            835 3496at4891           -            659  1.9e-169  562.1   1.0   2   2    0.0024      0.21    6.9   0.1   626   657   753   784   750   786 0.93 -
ctg000003_P:882460-884790   -            777 3496at4891           -            659  1.1e-154  513.3   0.1   1   1  2.3e-156  2.1e-154  512.4   0.1    97   651   230   770   221   777 0.93 -
ctg000010_P:333325-387823   -            540 3496at4891           -            659   1.1e-97  324.9   0.0   1   1   6.3e-99   5.6e-97  322.7   0.0   113   638     3   536     1   539 0.88 -
ctg000008_P:755130-757982   -            951 3496at4891           -            659   4.4e-85  283.4   0.1   1   2     1e-83     9e-82  272.4   0.0   140   621   390   879   378   894 0.81 -
ctg000008_P:755130-757982   -            951 3496at4891           -            659   4.4e-85  283.4   0.1   2   2   0.00081     0.072    8.4   0.1   616   654   907   945   893   949 0.90 -
ctg000009_P:77886-80999     -           1038 3496at4891           -            659   1.1e-79  265.5   0.0   1   2   1.7e-78   1.5e-76  255.2   0.0    63   622   365   924   350   959 0.84 -
ctg000009_P:77886-80999     -           1038 3496at4891           -            659   1.1e-79  265.5   0.0   2   2      0.19        17    0.6   0.0   619   650   976  1007   961  1018 0.73 -
ctg000001_P:65864-69994     -           1377 3496at4891           -            659   8.3e-73  242.8   0.0   1   2   1.1e-70   9.5e-69  229.4   0.0    87   384   388   680   336   687 0.81 -
ctg000001_P:65864-69994     -           1377 3496at4891           -            659   8.3e-73  242.8   0.0   2   2   0.00015     0.013   10.8   0.0   143   215   767   839   757   845 0.87 -
ctg000001_P:694627-695838   -            404 3496at4891           -            659   5.5e-64  213.7   0.0   1   1   8.9e-66   7.9e-64  213.1   0.0   388   639   140   389   128   397 0.94 -
ctg000000_P:1242197-1243480 -            428 3496at4891           -            659     8e-64  213.1   0.1   1   1   1.2e-65   1.1e-63  212.6   0.1   363   636   135   412   107   426 0.84 -
ctg000000_P:438502-439818   -            439 3496at4891           -            659   2.4e-62  208.3   0.1   1   2       1.3   1.2e+02   -2.2   0.0    85   139    85   132    63   152 0.61 -
ctg000000_P:438502-439818   -            439 3496at4891           -            659   2.4e-62  208.3   0.1   2   2   6.5e-64   5.8e-62  207.0   0.0   390   639   179   426   168   435 0.93 -
ctg000002_P:278222-279532   -            437 3496at4891           -            659   1.7e-60  202.1   0.0   1   2       1.2   1.1e+02   -2.1   0.6    39    96    83   141    47   157 0.58 -
ctg000002_P:278222-279532   -            437 3496at4891           -            659   1.7e-60  202.1   0.0   2   2   1.9e-62   1.7e-60  202.1   0.0   106   336   175   404   160   429 0.86 -
ctg000009_P:181359-182759   -            467 3496at4891           -            659   3.4e-60  201.1   0.0   1   1   4.9e-62   4.4e-60  200.8   0.0   375   639   189   451   150   466 0.91 -
ctg000002_P:540084-541391   -            436 3496at4891           -            659   1.8e-58  195.5   0.9   1   2      0.28        25    0.0   2.1    32   131    29   132    17   136 0.61 -
ctg000002_P:540084-541391   -            436 3496at4891           -            659   1.8e-58  195.5   0.9   2   2     2e-60   1.8e-58  195.5   0.9   297   640    84   426    69   433 0.83 -
ctg000007_P:416868-419138   -            757 3496at4891           -            659   2.4e-57  191.7   0.1   1   2     3e-50   2.7e-48  161.8   0.0   390   640   232   511   200   521 0.79 -
ctg000007_P:416868-419138   -            757 3496at4891           -            659   2.4e-57  191.7   0.1   2   2   9.2e-09   8.2e-07   24.7   0.0   148   215   559   627   546   638 0.82 -
ctg000001_P:562554-563639   -            362 3496at4891           -            659   6.9e-57  190.2   0.0   1   1   9.9e-59   8.8e-57  189.8   0.0   391   622    87   314    78   347 0.93 -
ctg000005_P:330051-332291   -            747 3496at4891           -            659     1e-54  183.0   0.0   1   1   1.7e-56   1.5e-54  182.5   0.0   391   638   277   518   265   531 0.95 -
ctg000005_P:524785-525759   -            325 3496at4891           -            659   6.8e-53  177.0   0.0   1   1   1.3e-54   1.1e-52  176.3   0.0   384   658    32   322     4   323 0.84 -
ctg000010_P:386846-388405   -            520 3496at4891           -            659   1.8e-51  172.3   0.0   1   1   3.4e-53     3e-51  171.6   0.0    97   335    59   303    54   339 0.83 -
ctg000005_P:60864-62174     -            437 3496at4891           -            659   3.6e-50  168.0   0.0   1   2   5.4e-50   4.8e-48  161.0   0.0   389   620   127   353   121   376 0.90 -
ctg000005_P:60864-62174     -            437 3496at4891           -            659   3.6e-50  168.0   0.0   2   2     0.013       1.2    4.4   0.0   626   658   401   433   396   434 0.90 -
ctg000006_P:417572-418900   -            443 3496at4891           -            659   4.3e-48  161.1   0.0   1   1   8.6e-50   7.7e-48  160.3   0.0   110   335     2   228     1   249 0.89 -
ctg000000_P:1205706-1207064 -            453 3496at4891           -            659   8.5e-17   57.7   0.0   1   2   3.3e-09   2.9e-07   26.2   0.0   135   173   253   291   226   303 0.82 -
ctg000000_P:1205706-1207064 -            453 3496at4891           -            659   8.5e-17   57.7   0.0   2   2   3.8e-10   3.4e-08   29.3   0.0   490   562   318   392   311   410 0.86 -
ctg000007_P:217605-218147   -            181 3496at4891           -            659   2.5e-15   52.9   0.4   1   2   7.8e-06    0.0007   15.1   0.0   147   172     6    31     2    36 0.87 -
ctg000007_P:217605-218147   -            181 3496at4891           -            659   2.5e-15   52.9   0.4   2   2     3e-12   2.6e-10   36.3   0.1   457   576    50   179    39   181 0.78 -
ctg000006_P:394352-396553   -            734 3496at4891           -            659   9.1e-06   21.3   0.0   1   1   2.3e-07     2e-05   20.1   0.0   146   216   169   238   161   242 0.83 -
ctg000003_P:328843-343572   -           4910 3496at4891           -            659   9.3e-06   21.3   0.0   1   4     0.036       3.2    3.0   0.0   140   178   640   680   633   688 0.81 -
ctg000003_P:328843-343572   -           4910 3496at4891           -            659   9.3e-06   21.3   0.0   2   4       0.4        36   -0.5   0.0   431   461  1078  1108  1047  1121 0.58 -
ctg000003_P:328843-343572   -           4910 3496at4891           -            659   9.3e-06   21.3   0.0   3   4    0.0034      0.31    6.3   0.0   138   179  1353  1394  1308  1398 0.87 -
ctg000003_P:328843-343572   -           4910 3496at4891           -            659   9.3e-06   21.3   0.0   4   4    0.0069      0.62    5.3   0.0   142   169  1736  1763  1722  1779 0.80 -
ctg000007_P:626361-629345   -            995 3496at4891           -            659   0.00017   17.1   1.5   1   2   4.7e-06   0.00042   15.8   0.1     8   217   349   566   338   570 0.63 -
ctg000007_P:626361-629345   -            995 3496at4891           -            659   0.00017   17.1   1.5   2   2      0.36        32   -0.3   0.2    46   122   682   761   653   802 0.53 -
ctg000002_P:340048-342630   -            861 3496at4891           -            659   0.00045   15.7   0.0   1   1   7.1e-06   0.00064   15.2   0.0   145   185   345   385   247   480 0.81 -
ctg000005_P:838153-839565   -            471 3496at4891           -            659    0.0025   13.3   0.5   1   2   6.1e-05    0.0055   12.1   0.1   142   184    64   108    58   121 0.83 -
ctg000005_P:838153-839565   -            471 3496at4891           -            659    0.0025   13.3   0.5   2   2       1.6   1.4e+02   -2.5   0.1   192   216   275   300   265   315 0.78 -
ctg000010_P:519872-521287   -            472 3496at4891           -            659    0.0035   12.7   0.0   1   1   5.9e-05    0.0053   12.2   0.0   140   163    79   102    73   110 0.67 -
ctg000008_P:690307-691308   -            334 3496at4891           -            659    0.0051   12.2   0.0   1   1   9.3e-05    0.0083   11.5   0.0   149   231    49   136    32   148 0.66 -
ctg000022_P:586195-587250   -            352 3496at4891           -            659     0.011   11.1   0.1   1   1   0.00035     0.031    9.6   0.1   149   175    61    87    43   169 0.68 -
#
# Program:         hmmsearch
# Version:         3.1b2 (February 2015)
# Pipeline mode:   SEARCH
# Query file:      /Users/dominiquefastus/DeNovoProj/BUSCO_ass/busco_downloads/lineages/saccharomycetes_odb10/hmms/3496at4891.hmm
# Target file:     /Users/dominiquefastus/DeNovoProj/BUSCO_ass/busco_out/run_saccharomycetes_odb10/metaeuk_output/initial_results/asm_ctgs_m.fa.modified.fas
# Option settings: hmmsearch --domtblout /Users/dominiquefastus/DeNovoProj/BUSCO_ass/busco_out/run_saccharomycetes_odb10/hmmer_output/initial_run_results/3496at4891.out --cpu 1 /Users/dominiquefastus/DeNovoProj/BUSCO_ass/busco_downloads/lineages/saccharomycetes_odb10/hmms/3496at4891.hmm /Users/dominiquefastus/DeNovoProj/BUSCO_ass/busco_out/run_saccharomycetes_odb10/metaeuk_output/initial_results/asm_ctgs_m.fa.modified.fas 
# Current dir:     /Users/dominiquefastus/DeNovoProj/BUSCO_ass
# Date:            Fri Feb 24 14:26:30 2023
# [ok]
