#                                                                                   --- full sequence --- -------------- this domain -------------   hmm coord   ali coord   env coord
# target name               accession   tlen query name           accession   qlen   E-value  score  bias   #  of  c-Evalue  i-Evalue  score  bias  from    to  from    to  from    to  acc description of target
#       ------------------- ---------- ----- -------------------- ---------- ----- --------- ------ ----- --- --- --------- --------- ------ ----- ----- ----- ----- ----- ----- ----- ---- ---------------------
ctg000010_P:364840-365424   -            195 40500at4891          -             98   2.3e-31  104.7   7.4   1   3   1.3e-23     7e-21   71.1   0.0     2    51     7    57     6    62 0.87 -
ctg000010_P:364840-365424   -            195 40500at4891          -             98   2.3e-31  104.7   7.4   2   3   6.7e-13   3.6e-10   36.8   1.6    46    94    70   120    64   142 0.81 -
ctg000010_P:364840-365424   -            195 40500at4891          -             98   2.3e-31  104.7   7.4   3   3       1.3     7e+02   -2.7   0.1    85    97   182   194   171   195 0.66 -
ctg000022_P:199230-199676   -            149 40500at4891          -             98   4.8e-14   49.2   0.3   1   1   1.3e-16   7.1e-14   48.6   0.3     7    72    24    91    18   136 0.84 -
ctg000010_P:121608-121877   -             90 40500at4891          -             98   6.8e-10   35.9   0.2   1   1   1.5e-12   8.2e-10   35.6   0.2     7    67    22    87    18    90 0.76 -
ctg000000_P:1209871-1210104 -             78 40500at4891          -             98   2.2e-08   31.0   0.1   1   1   4.4e-11   2.4e-08   30.9   0.1     5    71     8    75     4    78 0.87 -
ctg000005_P:48268-48495     -             76 40500at4891          -             98   8.6e-08   29.1   0.0   1   1   1.8e-10   9.9e-08   28.9   0.0     5    68    11    72     7    75 0.86 -
#
# Program:         hmmsearch
# Version:         3.1b2 (February 2015)
# Pipeline mode:   SEARCH
# Query file:      /Users/dominiquefastus/DeNovoProj/BUSCO_ass/busco_downloads/lineages/saccharomycetes_odb10/hmms/40500at4891.hmm
# Target file:     /Users/dominiquefastus/DeNovoProj/BUSCO_ass/busco_out/run_saccharomycetes_odb10/metaeuk_output/initial_results/asm_ctgs_m.fa.modified.fas
# Option settings: hmmsearch --domtblout /Users/dominiquefastus/DeNovoProj/BUSCO_ass/busco_out/run_saccharomycetes_odb10/hmmer_output/initial_run_results/40500at4891.out --cpu 1 /Users/dominiquefastus/DeNovoProj/BUSCO_ass/busco_downloads/lineages/saccharomycetes_odb10/hmms/40500at4891.hmm /Users/dominiquefastus/DeNovoProj/BUSCO_ass/busco_out/run_saccharomycetes_odb10/metaeuk_output/initial_results/asm_ctgs_m.fa.modified.fas 
# Current dir:     /Users/dominiquefastus/DeNovoProj/BUSCO_ass
# Date:            Fri Feb 24 14:27:14 2023
# [ok]
