#                                                                                 --- full sequence --- -------------- this domain -------------   hmm coord   ali coord   env coord
# target name             accession   tlen query name           accession   qlen   E-value  score  bias   #  of  c-Evalue  i-Evalue  score  bias  from    to  from    to  from    to  acc description of target
#     ------------------- ---------- ----- -------------------- ---------- ----- --------- ------ ----- --- --- --------- --------- ------ ----- ----- ----- ----- ----- ----- ----- ---- ---------------------
ctg000000_P:764507-766552 -            682 5183at4891           -            454  1.1e-135  450.0  18.6   1   5   3.3e-31   2.2e-28   96.3   0.2     1   106     3   118     3   130 0.87 -
ctg000000_P:764507-766552 -            682 5183at4891           -            454  1.1e-135  450.0  18.6   2   5   1.3e-12   8.7e-10   35.0   0.6    95   140   135   192   119   196 0.80 -
ctg000000_P:764507-766552 -            682 5183at4891           -            454  1.1e-135  450.0  18.6   3   5   1.8e-58   1.2e-55  186.2   0.3   137   311   209   413   203   417 0.87 -
ctg000000_P:764507-766552 -            682 5183at4891           -            454  1.1e-135  450.0  18.6   4   5   1.2e-25   8.3e-23   78.0   0.6   302   400   426   554   420   561 0.81 -
ctg000000_P:764507-766552 -            682 5183at4891           -            454  1.1e-135  450.0  18.6   5   5   2.2e-21   1.5e-18   64.0   0.0   389   450   563   636   557   640 0.82 -
ctg000001_P:775306-777021 -            572 5183at4891           -            454   1.9e-25   86.6   7.0   1   3   6.8e-08   4.5e-05   19.5   0.5     5    93    17   110    13   120 0.84 -
ctg000001_P:775306-777021 -            572 5183at4891           -            454   1.9e-25   86.6   7.0   2   3   5.3e-18   3.6e-15   52.8   0.3   108   304   160   376   135   385 0.78 -
ctg000001_P:775306-777021 -            572 5183at4891           -            454   1.9e-25   86.6   7.0   3   3   1.9e-06    0.0012   14.8   0.0   354   448   470   571   462   572 0.65 -
ctg000000_P:818985-820886 -            634 5183at4891           -            454     3e-24   82.7   4.0   1   4   2.6e-10   1.8e-07   27.4   0.8    20    98    29   111    14   146 0.76 -
ctg000000_P:818985-820886 -            634 5183at4891           -            454     3e-24   82.7   4.0   2   4   7.1e-13   4.8e-10   35.9   0.0   118   267   174   331   169   341 0.69 -
ctg000000_P:818985-820886 -            634 5183at4891           -            454     3e-24   82.7   4.0   3   4   8.8e-05     0.059    9.2   0.2   246   302   350   406   329   416 0.83 -
ctg000000_P:818985-820886 -            634 5183at4891           -            454     3e-24   82.7   4.0   4   4   0.00021      0.14    8.0   0.0   403   449   576   628   549   633 0.75 -
ctg000003_P:880136-882208 -            691 5183at4891           -            454   3.6e-07   26.4   2.9   1   4      0.46   3.1e+02   -3.0   0.0    10    44    18    53     4    68 0.50 -
ctg000003_P:880136-882208 -            691 5183at4891           -            454   3.6e-07   26.4   2.9   2   4    0.0083       5.6    2.7   0.2    14    55   197   239   183   248 0.81 -
ctg000003_P:880136-882208 -            691 5183at4891           -            454   3.6e-07   26.4   2.9   3   4   5.4e-10   3.6e-07   26.4   2.9   171   340   276   453   236   464 0.83 -
ctg000003_P:880136-882208 -            691 5183at4891           -            454   3.6e-07   26.4   2.9   4   4      0.29   1.9e+02   -2.4   0.0   411   429   643   661   636   688 0.72 -
#
# Program:         hmmsearch
# Version:         3.1b2 (February 2015)
# Pipeline mode:   SEARCH
# Query file:      /Users/dominiquefastus/DeNovoProj/BUSCO_ass/busco_downloads/lineages/saccharomycetes_odb10/hmms/5183at4891.hmm
# Target file:     /Users/dominiquefastus/DeNovoProj/BUSCO_ass/busco_out/run_saccharomycetes_odb10/metaeuk_output/initial_results/asm_ctgs_m.fa.modified.fas
# Option settings: hmmsearch --domtblout /Users/dominiquefastus/DeNovoProj/BUSCO_ass/busco_out/run_saccharomycetes_odb10/hmmer_output/initial_run_results/5183at4891.out --cpu 1 /Users/dominiquefastus/DeNovoProj/BUSCO_ass/busco_downloads/lineages/saccharomycetes_odb10/hmms/5183at4891.hmm /Users/dominiquefastus/DeNovoProj/BUSCO_ass/busco_out/run_saccharomycetes_odb10/metaeuk_output/initial_results/asm_ctgs_m.fa.modified.fas 
# Current dir:     /Users/dominiquefastus/DeNovoProj/BUSCO_ass
# Date:            Fri Feb 24 14:28:12 2023
# [ok]
