#                                                                                 --- full sequence --- -------------- this domain -------------   hmm coord   ali coord   env coord
# target name             accession   tlen query name           accession   qlen   E-value  score  bias   #  of  c-Evalue  i-Evalue  score  bias  from    to  from    to  from    to  acc description of target
#     ------------------- ---------- ----- -------------------- ---------- ----- --------- ------ ----- --- --- --------- --------- ------ ----- ----- ----- ----- ----- ----- ----- ---- ---------------------
ctg000011_P:420969-423044 -            692 5475at4891           -            542         0 1018.9   6.6   1   2   8.6e-18   5.8e-15   52.0   0.3     5    58    20    76    17    96 0.86 -
ctg000011_P:420969-423044 -            692 5475at4891           -            542         0 1018.9   6.6   2   2  7.6e-296  5.1e-293  969.7   1.4    30   542   147   692   120   692 0.92 -
ctg000010_P:245725-247434 -            570 5475at4891           -            542     2e-08   30.4   0.0   1   2   7.8e-09   5.2e-06   22.4   0.0   179   263   109   193   100   212 0.85 -
ctg000010_P:245725-247434 -            570 5475at4891           -            542     2e-08   30.4   0.0   2   2    0.0011      0.71    5.5   0.0   294   461   374   562   362   569 0.60 -
ctg000107_P:237123-239306 -            728 5475at4891           -            542   2.1e-05   20.4   0.1   1   2   1.3e-05    0.0087   11.8   0.0   193   254   427   489   406   510 0.91 -
ctg000107_P:237123-239306 -            728 5475at4891           -            542   2.1e-05   20.4   0.1   2   2    0.0005      0.34    6.5   0.0   355   410   619   674   556   726 0.76 -
ctg000000_P:591342-594011 -            890 5475at4891           -            542      0.01   11.5   0.1   1   1   2.6e-05     0.017   10.8   0.1   388   471   422   505   404   516 0.87 -
#
# Program:         hmmsearch
# Version:         3.1b2 (February 2015)
# Pipeline mode:   SEARCH
# Query file:      /Users/dominiquefastus/DeNovoProj/BUSCO_ass/busco_downloads/lineages/saccharomycetes_odb10/hmms/5475at4891.hmm
# Target file:     /Users/dominiquefastus/DeNovoProj/BUSCO_ass/busco_out/run_saccharomycetes_odb10/metaeuk_output/initial_results/asm_ctgs_m.fa.modified.fas
# Option settings: hmmsearch --domtblout /Users/dominiquefastus/DeNovoProj/BUSCO_ass/busco_out/run_saccharomycetes_odb10/hmmer_output/initial_run_results/5475at4891.out --cpu 1 /Users/dominiquefastus/DeNovoProj/BUSCO_ass/busco_downloads/lineages/saccharomycetes_odb10/hmms/5475at4891.hmm /Users/dominiquefastus/DeNovoProj/BUSCO_ass/busco_out/run_saccharomycetes_odb10/metaeuk_output/initial_results/asm_ctgs_m.fa.modified.fas 
# Current dir:     /Users/dominiquefastus/DeNovoProj/BUSCO_ass
# Date:            Fri Feb 24 14:28:22 2023
# [ok]
