#                                                                                   --- full sequence --- -------------- this domain -------------   hmm coord   ali coord   env coord
# target name               accession   tlen query name           accession   qlen   E-value  score  bias   #  of  c-Evalue  i-Evalue  score  bias  from    to  from    to  from    to  acc description of target
#       ------------------- ---------- ----- -------------------- ---------- ----- --------- ------ ----- --- --- --------- --------- ------ ----- ----- ----- ----- ----- ----- ----- ---- ---------------------
ctg000006_P:845146-847212   -            689 6341at4891           -            516  5.5e-278  919.8  10.8   1   2  1.9e-171    2e-169  561.7   7.9     8   305   105   420   101   424 0.96 -
ctg000006_P:845146-847212   -            689 6341at4891           -            516  5.5e-278  919.8  10.8   2   2  5.6e-110  5.7e-108  358.9   0.0   300   516   434   676   430   676 0.94 -
ctg000005_P:910264-911736   -            491 6341at4891           -            516   9.1e-52  173.5   1.8   1   1   2.3e-52   2.4e-50  168.8   1.8   301   496   251   464     1   482 0.71 -
ctg000003_P:498726-500474   -            583 6341at4891           -            516   1.3e-49  166.4   0.3   1   2     0.098        10    1.8   0.1   193   299   219   327   195   332 0.71 -
ctg000003_P:498726-500474   -            583 6341at4891           -            516   1.3e-49  166.4   0.3   2   2   2.4e-50   2.5e-48  162.1   0.0   299   496   347   563   339   579 0.90 -
ctg000009_P:51637-52851     -            405 6341at4891           -            516   2.8e-43  145.5   0.1   1   1   4.8e-45     5e-43  144.6   0.1   298   504   154   388   143   392 0.85 -
ctg000001_P:40155-41084     -            310 6341at4891           -            516   5.8e-39  131.2   0.3   1   1   2.1e-39   2.1e-37  126.1   0.3   297   499    57   289    44   304 0.77 -
ctg000000_P:703285-704226   -            314 6341at4891           -            516   2.6e-37  125.8   0.3   1   1   3.7e-39   3.8e-37  125.2   0.3   300   496    70   280    66   290 0.85 -
ctg000013_P:106224-108479   -            752 6341at4891           -            516   2.8e-21   72.9   0.0   1   4   5.2e-06   0.00053   15.9   0.0   300   349   198   247   192   307 0.85 -
ctg000013_P:106224-108479   -            752 6341at4891           -            516   2.8e-21   72.9   0.0   2   4    0.0021      0.21    7.3   0.0   430   488   368   429   335   444 0.80 -
ctg000013_P:106224-108479   -            752 6341at4891           -            516   2.8e-21   72.9   0.0   3   4     1e-08   1.1e-06   24.8   0.0   301   348   532   579   527   584 0.95 -
ctg000013_P:106224-108479   -            752 6341at4891           -            516   2.8e-21   72.9   0.0   4   4     5e-07   5.2e-05   19.2   0.0   428   493   649   717   636   734 0.79 -
ctg000002_P:900934-901665   -            244 6341at4891           -            516     1e-18   64.4   0.0   1   1   1.2e-20   1.3e-18   64.1   0.0   310   474    12   192     3   204 0.80 -
ctg000001_P:42141-42734     -            198 6341at4891           -            516   7.2e-18   61.6   0.6   1   1     5e-18   5.2e-16   55.5   0.6   318   498     3   182     2   194 0.75 -
ctg000009_P:662227-662868   -            214 6341at4891           -            516   3.2e-17   59.5   0.0   1   1   3.9e-19     4e-17   59.2   0.0   317   495     3   199     2   212 0.74 -
ctg000008_P:168137-171268   -           1044 6341at4891           -            516   5.9e-17   58.6   0.1   1   4   0.00093     0.096    8.4   0.0   307   347   435   476   429   509 0.82 -
ctg000008_P:168137-171268   -           1044 6341at4891           -            516   5.9e-17   58.6   0.1   2   4   1.4e-08   1.4e-06   24.3   0.0   429   481   543   598   514   614 0.82 -
ctg000008_P:168137-171268   -           1044 6341at4891           -            516   5.9e-17   58.6   0.1   3   4   4.6e-06   0.00047   16.0   0.0   301   346   667   713   659   726 0.89 -
ctg000008_P:168137-171268   -           1044 6341at4891           -            516   5.9e-17   58.6   0.1   4   4      0.02         2    4.1   0.0   428   474   895   941   870   964 0.82 -
ctg000010_P:352813-354642   -            610 6341at4891           -            516   2.2e-16   56.7   0.0   1   3   2.7e-07   2.7e-05   20.1   0.0   295   481    76   281    71   288 0.78 -
ctg000010_P:352813-354642   -            610 6341at4891           -            516   2.2e-16   56.7   0.0   2   3   8.3e-07   8.6e-05   18.5   0.0   302   347   394   441   391   452 0.90 -
ctg000010_P:352813-354642   -            610 6341at4891           -            516   2.2e-16   56.7   0.0   3   3   6.3e-05    0.0065   12.3   0.0   429   496   515   586   502   601 0.82 -
ctg000012_P:206672-209782   -           1037 6341at4891           -            516   2.3e-14   50.1   0.2   1   1     4e-16   4.1e-14   49.2   0.2   298   472   369   560   362   576 0.72 -
ctg000003_P:606954-610085   -           1044 6341at4891           -            516   2.9e-14   49.8   0.1   1   4    0.0036      0.37    6.5   0.0   308   347   436   476   429   483 0.79 -
ctg000003_P:606954-610085   -           1044 6341at4891           -            516   2.9e-14   49.8   0.1   2   4   7.2e-08   7.4e-06   22.0   0.0   430   481   544   598   521   613 0.83 -
ctg000003_P:606954-610085   -           1044 6341at4891           -            516   2.9e-14   49.8   0.1   3   4   4.3e-05    0.0045   12.8   0.0   301   346   667   713   659   726 0.89 -
ctg000003_P:606954-610085   -           1044 6341at4891           -            516   2.9e-14   49.8   0.1   4   4     0.057       5.9    2.5   0.0   428   475   895   942   874   958 0.82 -
ctg000005_P:817443-821030   -           1196 6341at4891           -            516   4.3e-13   45.9   0.1   1   5       5.5   5.7e+02   -4.0   0.1   272   300   391   419   385   424 0.66 -
ctg000005_P:817443-821030   -           1196 6341at4891           -            516   4.3e-13   45.9   0.1   2   5    0.0017      0.18    7.5   0.0   303   347   572   617   560   623 0.83 -
ctg000005_P:817443-821030   -           1196 6341at4891           -            516   4.3e-13   45.9   0.1   3   5   3.6e-06   0.00037   16.4   0.0   404   481   666   743   653   759 0.76 -
ctg000005_P:817443-821030   -           1196 6341at4891           -            516   4.3e-13   45.9   0.1   4   5   1.1e-05    0.0011   14.8   0.0   302   347   813   859   808   870 0.91 -
ctg000005_P:817443-821030   -           1196 6341at4891           -            516   4.3e-13   45.9   0.1   5   5      0.27        28    0.3   0.0   430   476  1033  1079  1022  1093 0.85 -
ctg000002_P:898975-900702   -            576 6341at4891           -            516   7.4e-13   45.1   0.4   1   2   0.00012     0.012   11.4   0.2   314   347     4    37     1    51 0.88 -
ctg000002_P:898975-900702   -            576 6341at4891           -            516   7.4e-13   45.1   0.4   2   2   7.7e-11   7.9e-09   31.8   0.0   388   474    99   192    70   199 0.81 -
ctg000002_P:156764-157348   -            195 6341at4891           -            516   1.2e-11   41.1   0.0   1   1   1.5e-13   1.6e-11   40.7   0.0   312   473    11   182     4   192 0.75 -
ctg000002_P:467874-469496   -            541 6341at4891           -            516   1.6e-11   40.7   0.0   1   1   2.1e-13   2.1e-11   40.3   0.0   311   490    17   206     1   222 0.73 -
ctg000000_P:1262303-1263967 -            555 6341at4891           -            516   7.1e-11   38.6   0.0   1   1   9.8e-13     1e-10   38.0   0.0   312   490    39   227    17   245 0.73 -
ctg000005_P:494900-496528   -            543 6341at4891           -            516     1e-09   34.7   0.0   1   1   1.4e-11   1.4e-09   34.2   0.0   306   474    25   204     2   221 0.74 -
ctg000009_P:93597-95948     -            784 6341at4891           -            516   2.6e-09   33.4   0.0   1   2   8.7e-06    0.0009   15.1   0.0   300   347   471   518   464   522 0.93 -
ctg000009_P:93597-95948     -            784 6341at4891           -            516   2.6e-09   33.4   0.0   2   2   5.4e-06   0.00055   15.8   0.0   430   478   652   700   614   711 0.83 -
ctg000000_P:613964-615283   -            440 6341at4891           -            516   3.6e-09   32.9   1.0   1   2   3.7e-06   0.00038   16.4   0.1   425   472   114   162     1   183 0.61 -
ctg000000_P:613964-615283   -            440 6341at4891           -            516   3.6e-09   32.9   1.0   2   2   2.4e-05    0.0025   13.7   0.1   332   493   281   428   251   440 0.66 -
ctg000013_P:191917-192774   -            286 6341at4891           -            516   5.4e-09   32.4   0.0   1   1   3.9e-10     4e-08   29.5   0.0   301   473     6   191     2   207 0.78 -
ctg000005_P:666942-669524   -            861 6341at4891           -            516   1.8e-07   27.3   0.0   1   2     0.065       6.7    2.3   0.0   322   349   624   651   615   668 0.84 -
ctg000005_P:666942-669524   -            861 6341at4891           -            516   1.8e-07   27.3   0.0   2   2   5.6e-08   5.8e-06   22.4   0.0   429   486   739   799   704   820 0.77 -
ctg000000_P:561206-562819   -            538 6341at4891           -            516   1.5e-06   24.3   0.0   1   3    0.0033      0.34    6.6   0.0   392   465   123   196   112   212 0.73 -
ctg000000_P:561206-562819   -            538 6341at4891           -            516   1.5e-06   24.3   0.0   2   3   1.9e-05     0.002   14.0   0.0   301   347   306   351   291   367 0.86 -
ctg000000_P:561206-562819   -            538 6341at4891           -            516   1.5e-06   24.3   0.0   3   3      0.67        69   -1.0   0.0   436   463   463   490   455   514 0.72 -
ctg000000_P:1346625-1347176 -            184 6341at4891           -            516     0.018   10.9   0.1   1   1   0.00029      0.03   10.1   0.1   330   352     5    27     2    37 0.87 -
#
# Program:         hmmsearch
# Version:         3.1b2 (February 2015)
# Pipeline mode:   SEARCH
# Query file:      /Users/dominiquefastus/DeNovoProj/BUSCO_ass/busco_downloads/lineages/saccharomycetes_odb10/hmms/6341at4891.hmm
# Target file:     /Users/dominiquefastus/DeNovoProj/BUSCO_ass/busco_out/run_saccharomycetes_odb10/metaeuk_output/initial_results/asm_ctgs_m.fa.modified.fas
# Option settings: hmmsearch --domtblout /Users/dominiquefastus/DeNovoProj/BUSCO_ass/busco_out/run_saccharomycetes_odb10/hmmer_output/initial_run_results/6341at4891.out --cpu 1 /Users/dominiquefastus/DeNovoProj/BUSCO_ass/busco_downloads/lineages/saccharomycetes_odb10/hmms/6341at4891.hmm /Users/dominiquefastus/DeNovoProj/BUSCO_ass/busco_out/run_saccharomycetes_odb10/metaeuk_output/initial_results/asm_ctgs_m.fa.modified.fas 
# Current dir:     /Users/dominiquefastus/DeNovoProj/BUSCO_ass
# Date:            Fri Feb 24 14:28:52 2023
# [ok]
