#                                                                                 --- full sequence --- -------------- this domain -------------   hmm coord   ali coord   env coord
# target name             accession   tlen query name           accession   qlen   E-value  score  bias   #  of  c-Evalue  i-Evalue  score  bias  from    to  from    to  from    to  acc description of target
#     ------------------- ---------- ----- -------------------- ---------- ----- --------- ------ ----- --- --- --------- --------- ------ ----- ----- ----- ----- ----- ----- ----- ---- ---------------------
ctg000003_P:790460-791971 -            504 6544at4891           -            389    7e-154  509.9  13.3   1   3   2.6e-37   2.4e-34  116.4   0.0    18    85    62   129    25   135 0.89 -
ctg000003_P:790460-791971 -            504 6544at4891           -            389    7e-154  509.9  13.3   2   3   1.1e-52   9.9e-50  167.0  10.7    82   250   147   341   143   347 0.86 -
ctg000003_P:790460-791971 -            504 6544at4891           -            389    7e-154  509.9  13.3   3   3   1.1e-70     1e-67  226.3   0.0   229   389   337   503   335   503 0.96 -
ctg000022_P:141403-142740 -            446 6544at4891           -            389   6.3e-78  259.9   9.7   1   3     2e-15   1.8e-12   44.4   0.1    37    79     8    50     6    67 0.93 -
ctg000022_P:141403-142740 -            446 6544at4891           -            389   6.3e-78  259.9   9.7   2   3   6.8e-06    0.0061   13.0   0.2    73   110    66   104    57   107 0.82 -
ctg000022_P:141403-142740 -            446 6544at4891           -            389   6.3e-78  259.9   9.7   3   3   8.2e-65   7.3e-62  207.0   1.7   108   388   118   407   113   408 0.90 -
ctg000107_P:281142-282401 -            420 6544at4891           -            389   1.8e-56  189.2   0.4   1   2   5.8e-08   5.2e-05   19.8   0.0    37    82     1    46     1    66 0.84 -
ctg000107_P:281142-282401 -            420 6544at4891           -            389   1.8e-56  189.2   0.4   2   2   3.6e-52   3.2e-49  165.4   0.1   109   372   117   412    61   420 0.80 -
#
# Program:         hmmsearch
# Version:         3.1b2 (February 2015)
# Pipeline mode:   SEARCH
# Query file:      /Users/dominiquefastus/DeNovoProj/BUSCO_ass/busco_downloads/lineages/saccharomycetes_odb10/hmms/6544at4891.hmm
# Target file:     /Users/dominiquefastus/DeNovoProj/BUSCO_ass/busco_out/run_saccharomycetes_odb10/metaeuk_output/initial_results/asm_ctgs_m.fa.modified.fas
# Option settings: hmmsearch --domtblout /Users/dominiquefastus/DeNovoProj/BUSCO_ass/busco_out/run_saccharomycetes_odb10/hmmer_output/initial_run_results/6544at4891.out --cpu 1 /Users/dominiquefastus/DeNovoProj/BUSCO_ass/busco_downloads/lineages/saccharomycetes_odb10/hmms/6544at4891.hmm /Users/dominiquefastus/DeNovoProj/BUSCO_ass/busco_out/run_saccharomycetes_odb10/metaeuk_output/initial_results/asm_ctgs_m.fa.modified.fas 
# Current dir:     /Users/dominiquefastus/DeNovoProj/BUSCO_ass
# Date:            Fri Feb 24 14:28:57 2023
# [ok]
