#                                                                                   --- full sequence --- -------------- this domain -------------   hmm coord   ali coord   env coord
# target name               accession   tlen query name           accession   qlen   E-value  score  bias   #  of  c-Evalue  i-Evalue  score  bias  from    to  from    to  from    to  acc description of target
#       ------------------- ---------- ----- -------------------- ---------- ----- --------- ------ ----- --- --- --------- --------- ------ ----- ----- ----- ----- ----- ----- ----- ---- ---------------------
ctg000009_P:134739-137381   -            881 7349at4891           -            448    3e-121  402.6  25.6   1   6   8.9e-05    0.0023   14.1   0.0    44    68    94   118    54   139 0.82 -
ctg000009_P:134739-137381   -            881 7349at4891           -            448    3e-121  402.6  25.6   2   6     0.081         2    4.3   0.1    59    95   160   195   155   201 0.78 -
ctg000009_P:134739-137381   -            881 7349at4891           -            448    3e-121  402.6  25.6   3   6   6.2e-15   1.6e-13   47.5   3.5    74   157   260   338   197   354 0.65 -
ctg000009_P:134739-137381   -            881 7349at4891           -            448    3e-121  402.6  25.6   4   6   2.6e-68   6.6e-67  223.5   4.7   155   350   395   606   343   616 0.79 -
ctg000009_P:134739-137381   -            881 7349at4891           -            448    3e-121  402.6  25.6   5   6   5.2e-08   1.3e-06   24.7   1.2   330   377   672   723   655   728 0.62 -
ctg000009_P:134739-137381   -            881 7349at4891           -            448    3e-121  402.6  25.6   6   6   2.9e-28   7.2e-27   91.5   0.0   374   448   787   874   735   874 0.88 -
ctg000000_P:675263-676198   -            312 7349at4891           -            448   4.5e-39  131.7   0.9   1   3      0.26       6.6    2.6   0.0   156   207    12    68     2    76 0.74 -
ctg000000_P:675263-676198   -            312 7349at4891           -            448   4.5e-39  131.7   0.9   2   3   1.5e-19   3.7e-18   62.8   0.3   207   317    98   206    87   214 0.86 -
ctg000000_P:675263-676198   -            312 7349at4891           -            448   4.5e-39  131.7   0.9   3   3   5.5e-20   1.4e-18   64.2   0.0   354   448   210   304   206   304 0.91 -
ctg000003_P:312709-313638   -            310 7349at4891           -            448   1.1e-36  123.9   3.2   1   2   1.7e-19   4.4e-18   62.5   0.4   210   315    73   176    61   186 0.87 -
ctg000003_P:312709-313638   -            310 7349at4891           -            448   1.1e-36  123.9   3.2   2   2   2.3e-19   5.8e-18   62.1   0.0   354   448   182   276   178   276 0.89 -
ctg000009_P:256297-257460   -            388 7349at4891           -            448   4.3e-36  121.9   1.0   1   3     0.038      0.97    5.4   0.0   175   207     4    40     1    47 0.81 -
ctg000009_P:256297-257460   -            388 7349at4891           -            448   4.3e-36  121.9   1.0   2   3   2.5e-20   6.4e-19   65.3   0.3   212   315    84   186    73   197 0.87 -
ctg000009_P:256297-257460   -            388 7349at4891           -            448   4.3e-36  121.9   1.0   3   3   3.3e-15   8.3e-14   48.5   0.0   358   448   196   286   190   286 0.88 -
ctg000013_P:97185-98018     -            278 7349at4891           -            448   7.2e-36  121.2   0.1   1   2     2e-26   5.1e-25   85.4   0.1   175   318    16   169    10   175 0.80 -
ctg000013_P:97185-98018     -            278 7349at4891           -            448   7.2e-36  121.2   0.1   2   2   8.9e-11   2.3e-09   33.8   0.0   360   416   179   235   175   272 0.74 -
ctg000002_P:796393-797217   -            275 7349at4891           -            448   8.5e-36  120.9   0.1   1   2     1e-25   2.5e-24   83.1   0.0   174   316    10   162     4   168 0.81 -
ctg000002_P:796393-797217   -            275 7349at4891           -            448   8.5e-36  120.9   0.1   2   2     2e-11   4.9e-10   36.0   0.0   359   402   173   216   164   233 0.89 -
ctg000000_P:1392731-1394620 -            630 7349at4891           -            448   9.1e-35  117.6  14.4   1   3   1.8e-24   4.5e-23   79.0   4.1   136   316    12   198     2   206 0.75 -
ctg000000_P:1392731-1394620 -            630 7349at4891           -            448   9.1e-35  117.6  14.4   2   3     5e-14   1.3e-12   44.6   0.0   358   448   207   297   199   297 0.87 -
ctg000000_P:1392731-1394620 -            630 7349at4891           -            448   9.1e-35  117.6  14.4   3   3       5.9   1.5e+02   -1.8   2.5    74   146   382   458   323   480 0.65 -
ctg000005_P:678614-681073   -            820 7349at4891           -            448   4.7e-34  115.2   0.0   1   2   3.8e-25   9.6e-24   81.2   0.0   120   316   148   345   142   354 0.74 -
ctg000005_P:678614-681073   -            820 7349at4891           -            448   4.7e-34  115.2   0.0   2   2   7.2e-10   1.8e-08   30.9   0.0   372   445   381   457   350   460 0.75 -
ctg000002_P:961848-962636   -            263 7349at4891           -            448     8e-34  114.4   0.0   1   1   9.7e-34   2.5e-32  109.5   0.0   174   448     1   260     1   260 0.83 -
ctg000012_P:268900-269898   -            333 7349at4891           -            448   1.5e-33  113.5   0.0   1   2   1.6e-21   4.1e-20   69.2   0.0   175   318     8   165     2   173 0.78 -
ctg000012_P:268900-269898   -            333 7349at4891           -            448   1.5e-33  113.5   0.0   2   2   2.1e-13   5.4e-12   42.5   0.0   358   448   172   266   164   266 0.84 -
ctg000005_P:785216-786298   -            361 7349at4891           -            448   3.8e-33  112.2   1.6   1   2   8.5e-25   2.1e-23   80.1   0.4   149   323    76   257    32   261 0.74 -
ctg000005_P:785216-786298   -            361 7349at4891           -            448   3.8e-33  112.2   1.6   2   2   2.5e-10   6.2e-09   32.4   0.0   356   447   257   347   253   348 0.86 -
ctg000000_P:1445149-1446177 -            343 7349at4891           -            448   1.7e-32  110.1   0.1   1   3       1.4        36    0.2   0.0   166   203    24    65     2    74 0.72 -
ctg000000_P:1445149-1446177 -            343 7349at4891           -            448   1.7e-32  110.1   0.1   2   3   1.7e-19   4.4e-18   62.5   0.1   212   318    92   196    83   205 0.87 -
ctg000000_P:1445149-1446177 -            343 7349at4891           -            448   1.7e-32  110.1   0.1   3   3   7.5e-14   1.9e-12   44.0   0.0   358   448   203   297   194   297 0.84 -
ctg000002_P:315128-315949   -            274 7349at4891           -            448   7.2e-32  108.0   2.4   1   2   3.6e-21   9.2e-20   68.1   0.9   197   315    32   153     1   164 0.73 -
ctg000002_P:315128-315949   -            274 7349at4891           -            448   7.2e-32  108.0   2.4   2   2   1.4e-12   3.5e-11   39.8   0.0   357   405   163   213   153   221 0.85 -
ctg000000_P:280750-282288   -            513 7349at4891           -            448   3.2e-31  105.9   1.6   1   2   1.8e-22   4.6e-21   72.4   0.5   147   303   173   337   137   340 0.72 -
ctg000000_P:280750-282288   -            513 7349at4891           -            448   3.2e-31  105.9   1.6   2   2   3.3e-10   8.4e-09   32.0   0.0   361   446   383   472   373   474 0.82 -
ctg000007_P:522086-523309   -            408 7349at4891           -            448   4.1e-29   98.9   0.1   1   2       4.8   1.2e+02   -1.5   0.0   175   205    11    45     3    56 0.62 -
ctg000007_P:522086-523309   -            408 7349at4891           -            448   4.1e-29   98.9   0.1   2   2     6e-29   1.5e-27   93.7   0.1   209   447    79   294    75   295 0.85 -
ctg000014_P:175140-175856   -            239 7349at4891           -            448   6.9e-29   98.2   0.9   1   2   3.7e-22   9.4e-21   71.4   0.4   179   316     1   142     1   150 0.83 -
ctg000014_P:175140-175856   -            239 7349at4891           -            448   6.9e-29   98.2   0.9   2   2     2e-08     5e-07   26.1   0.0   359   447   150   237   142   238 0.87 -
ctg000006_P:252414-254525   -            704 7349at4891           -            448   7.2e-29   98.1   0.4   1   2   1.5e-20   3.7e-19   66.1   0.1   174   316    81   228    17   242 0.74 -
ctg000006_P:252414-254525   -            704 7349at4891           -            448   7.2e-29   98.1   0.4   2   2   6.9e-10   1.8e-08   30.9   0.0   358   412   238   294   228   331 0.73 -
ctg000007_P:63203-64156     -            318 7349at4891           -            448   7.2e-29   98.1   0.3   1   2   4.4e-20   1.1e-18   64.5   0.1   176   316    13   163     8   176 0.79 -
ctg000007_P:63203-64156     -            318 7349at4891           -            448   7.2e-29   98.1   0.3   2   2   2.7e-10   6.9e-09   32.2   0.0   356   446   174   270   165   272 0.74 -
ctg000005_P:656832-657752   -            307 7349at4891           -            448   9.8e-29   97.7   6.2   1   2     2e-20   5.1e-19   65.6   2.2   198   315    49   169     2   179 0.79 -
ctg000005_P:656832-657752   -            307 7349at4891           -            448   9.8e-29   97.7   6.2   2   2   7.7e-11   1.9e-09   34.1   0.1   356   402   178   226   169   278 0.79 -
ctg000000_P:1375479-1376366 -            296 7349at4891           -            448   9.9e-29   97.6   0.1   1   1   7.3e-30   1.8e-28   96.8   0.1   181   448    14   284     7   284 0.71 -
ctg000000_P:1413454-1414260 -            269 7349at4891           -            448   1.1e-28   97.4   0.1   1   1   4.8e-29   1.2e-27   94.1   0.1   174   448     5   266     1   266 0.77 -
ctg000005_P:673749-674489   -            247 7349at4891           -            448   1.3e-28   97.3   0.1   1   2   2.2e-15   5.6e-14   49.0   0.0   181   317     4   139     1   148 0.87 -
ctg000005_P:673749-674489   -            247 7349at4891           -            448   1.3e-28   97.3   0.1   2   2   6.2e-15   1.6e-13   47.6   0.0   355   448   144   238   136   238 0.85 -
ctg000005_P:775582-776355   -            258 7349at4891           -            448   2.3e-27   93.1   1.5   1   2   7.4e-19   1.9e-17   60.5   0.1   174   319     4   155     1   161 0.82 -
ctg000005_P:775582-776355   -            258 7349at4891           -            448   2.3e-27   93.1   1.5   2   2   2.6e-10   6.6e-09   32.3   0.2   364   442   165   242   153   246 0.79 -
ctg000009_P:141824-142639   -            272 7349at4891           -            448   9.2e-27   91.2   0.3   1   2   4.5e-18   1.1e-16   57.9   0.0   174   317    11   160     1   167 0.79 -
ctg000009_P:141824-142639   -            272 7349at4891           -            448   9.2e-27   91.2   0.3   2   2   3.5e-10   8.9e-09   31.9   0.1   364   442   172   249   163   254 0.79 -
ctg000022_P:122245-123042   -            266 7349at4891           -            448   3.1e-26   89.4   0.5   1   2   3.3e-18   8.4e-17   58.3   0.0   174   316     6   154     2   161 0.80 -
ctg000022_P:122245-123042   -            266 7349at4891           -            448   3.1e-26   89.4   0.5   2   2   1.5e-09   3.7e-08   29.8   0.1   364   442   167   244   157   249 0.78 -
ctg000002_P:845607-846476   -            290 7349at4891           -            448   3.2e-26   89.4   4.8   1   2   6.8e-16   1.7e-14   50.7   3.3   173   315    29   188     2   195 0.72 -
ctg000002_P:845607-846476   -            290 7349at4891           -            448   3.2e-26   89.4   4.8   2   2   4.7e-12   1.2e-10   38.1   0.0   360   448   199   283   191   283 0.79 -
ctg000001_P:940846-941850   -            335 7349at4891           -            448   5.5e-26   88.6   0.4   1   1   2.5e-25   6.3e-24   81.8   0.4   162   447    28   328     4   329 0.66 -
ctg000002_P:95565-96827     -            421 7349at4891           -            448   5.7e-26   88.6   0.2   1   1   4.4e-26   1.1e-24   84.3   0.2   195   445   145   386   111   388 0.75 -
ctg000011_P:475676-477394   -            573 7349at4891           -            448   8.6e-26   88.0   1.2   1   2   1.1e-18   2.8e-17   59.9   0.2   135   317   262   446   201   457 0.81 -
ctg000011_P:475676-477394   -            573 7349at4891           -            448   8.6e-26   88.0   1.2   2   2   7.5e-09   1.9e-07   27.5   0.0   356   446   453   545   444   547 0.71 -
ctg000008_P:92154-96881     -           1576 7349at4891           -            448   9.1e-26   87.9   0.1   1   1   7.9e-27     2e-25   86.8   0.1   158   444  1251  1548  1210  1552 0.75 -
ctg000007_P:791967-792866   -            300 7349at4891           -            448   1.5e-25   87.2   0.8   1   2   5.6e-15   1.4e-13   47.7   0.3   174   318     9   161     1   173 0.77 -
ctg000007_P:791967-792866   -            300 7349at4891           -            448   1.5e-25   87.2   0.8   2   2     4e-12     1e-10   38.3   0.0   365   443   176   253   165   256 0.89 -
ctg000008_P:66717-67577     -            287 7349at4891           -            448   1.6e-25   87.0   0.1   1   1     9e-27   2.3e-25   86.6   0.1   187   446    16   270     4   271 0.77 -
ctg000012_P:58414-59436     -            341 7349at4891           -            448   3.3e-25   86.0   0.1   1   1   1.8e-26   4.6e-25   85.5   0.1   182   444    48   305    17   308 0.75 -
ctg000014_P:130231-131022   -            264 7349at4891           -            448   3.8e-25   85.8   2.0   1   2   4.4e-16   1.1e-14   51.3   1.3   181   315    11   162     7   170 0.71 -
ctg000014_P:130231-131022   -            264 7349at4891           -            448   3.8e-25   85.8   2.0   2   2   1.3e-10   3.2e-09   33.3   0.0   360   446   173   255   164   257 0.69 -
ctg000000_P:1005588-1010549 -           1654 7349at4891           -            448   5.6e-25   85.3   8.6   1   3   1.6e-05   0.00042   16.5   0.1   271   395   365   472   340   511 0.78 -
ctg000000_P:1005588-1010549 -           1654 7349at4891           -            448   5.6e-25   85.3   8.6   2   3   9.5e-05    0.0024   14.0   0.0   146   229   567   652   553   663 0.77 -
ctg000000_P:1005588-1010549 -           1654 7349at4891           -            448   5.6e-25   85.3   8.6   3   3   7.5e-18   1.9e-16   57.2   0.0   234   401   775   919   741   966 0.80 -
ctg000010_P:159457-160452   -            332 7349at4891           -            448   5.8e-25   85.2   2.7   1   2   9.8e-17   2.5e-15   53.5   0.3   206   331    54   187     1   198 0.80 -
ctg000010_P:159457-160452   -            332 7349at4891           -            448   5.8e-25   85.2   2.7   2   2   8.3e-10   2.1e-08   30.6   0.1   372   414   223   265   219   313 0.81 -
ctg000001_P:897633-898517   -            295 7349at4891           -            448   1.9e-24   83.5   0.2   1   2   3.8e-13   9.6e-12   41.7   0.1   204   303    51   148    34   152 0.85 -
ctg000001_P:897633-898517   -            295 7349at4891           -            448   1.9e-24   83.5   0.2   2   2   1.3e-12   3.3e-11   39.9   0.0   354   447   191   287   177   288 0.87 -
ctg000003_P:604876-605871   -            332 7349at4891           -            448     8e-24   81.5   0.8   1   2       4.2   1.1e+02   -1.3   0.0   170   189     8    27     4    38 0.84 -
ctg000003_P:604876-605871   -            332 7349at4891           -            448     8e-24   81.5   0.8   2   2   6.1e-24   1.5e-22   77.2   0.1   204   447    75   321    72   322 0.79 -
ctg000012_P:213411-214082   -            224 7349at4891           -            448   3.2e-23   79.5   3.8   1   2   2.1e-18   5.3e-17   59.0   2.0   180   315     2   153     1   166 0.75 -
ctg000012_P:213411-214082   -            224 7349at4891           -            448   3.2e-23   79.5   3.8   2   2   2.9e-06   7.3e-05   19.0   0.0   360   400   170   211   156   215 0.83 -
ctg000011_P:245653-246399   -            249 7349at4891           -            448   4.5e-23   79.0   1.7   1   2   4.2e-16   1.1e-14   51.4   0.3   180   320     2   146     1   156 0.81 -
ctg000011_P:245653-246399   -            249 7349at4891           -            448   4.5e-23   79.0   1.7   2   2   6.3e-09   1.6e-07   27.7   0.0   364   446   157   242   144   244 0.78 -
ctg000009_P:213696-214859   -            388 7349at4891           -            448   6.2e-23   78.6   0.6   1   2   8.9e-17   2.3e-15   53.6   0.0   167   316    58   213    47   226 0.80 -
ctg000009_P:213696-214859   -            388 7349at4891           -            448   6.2e-23   78.6   0.6   2   2   1.1e-07   2.8e-06   23.7   0.5   358   412   223   277   212   309 0.84 -
ctg000002_P:980186-982132   -            649 7349at4891           -            448   6.5e-23   78.5   1.9   1   2   5.6e-16   1.4e-14   51.0   1.4   196   327   397   536   390   543 0.80 -
ctg000002_P:980186-982132   -            649 7349at4891           -            448   6.5e-23   78.5   1.9   2   2   1.2e-08   3.1e-07   26.8   0.0   358   447   536   627   527   628 0.72 -
ctg000012_P:88988-92797     -           1270 7349at4891           -            448   1.2e-22   77.6   0.0   1   1     1e-23   2.6e-22   76.5   0.0   156   444   963  1246   927  1250 0.73 -
ctg000006_P:830325-831287   -            321 7349at4891           -            448   1.5e-22   77.3  11.0   1   3   7.5e-13   1.9e-11   40.7   4.9   223   304    76   158     6   161 0.64 -
ctg000006_P:830325-831287   -            321 7349at4891           -            448   1.5e-22   77.3  11.0   2   3    0.0069      0.18    7.8   0.0   290   325   170   202   165   212 0.76 -
ctg000006_P:830325-831287   -            321 7349at4891           -            448   1.5e-22   77.3  11.0   3   3   3.3e-08   8.4e-07   25.4   0.1   375   445   236   310   201   313 0.81 -
ctg000000_P:75036-75932     -            299 7349at4891           -            448     3e-22   76.3   4.1   1   2   2.2e-14   5.6e-13   45.7   2.4   195   315    35   151     7   161 0.84 -
ctg000000_P:75036-75932     -            299 7349at4891           -            448     3e-22   76.3   4.1   2   2   9.4e-10   2.4e-08   30.5   0.0   356   401   164   210   154   218 0.89 -
ctg000003_P:819856-821946   -            697 7349at4891           -            448   3.9e-22   75.9   0.2   1   2   9.6e-16   2.4e-14   50.2   0.1   204   326   473   593   455   598 0.85 -
ctg000003_P:819856-821946   -            697 7349at4891           -            448   3.9e-22   75.9   0.2   2   2   5.7e-08   1.4e-06   24.6   0.0   353   400   591   638   588   649 0.90 -
ctg000011_P:51221-53512     -            764 7349at4891           -            448   1.2e-21   74.3   4.5   1   2   3.4e-14   8.7e-13   45.1   0.1   175   317   352   503   334   510 0.70 -
ctg000011_P:51221-53512     -            764 7349at4891           -            448   1.2e-21   74.3   4.5   2   2   8.1e-10     2e-08   30.7   0.0   353   443   505   596   501   600 0.81 -
ctg000014_P:171204-172508   -            435 7349at4891           -            448   1.9e-21   73.6   0.3   1   2   3.8e-09   9.5e-08   28.5   0.1   175   282    25   141     5   148 0.80 -
ctg000014_P:171204-172508   -            435 7349at4891           -            448   1.9e-21   73.6   0.3   2   2   1.6e-13   4.1e-12   42.9   0.0   356   444   245   333   213   337 0.90 -
ctg000022_P:253881-258308   -           1476 7349at4891           -            448     2e-21   73.6  15.5   1   3       5.2   1.3e+02   -1.6   4.5   127   166   214   253   187   281 0.57 -
ctg000022_P:253881-258308   -           1476 7349at4891           -            448     2e-21   73.6  15.5   2   3   7.9e-21     2e-19   67.0   2.0   127   323  1127  1334  1112  1346 0.74 -
ctg000022_P:253881-258308   -           1476 7349at4891           -            448     2e-21   73.6  15.5   3   3   0.00024    0.0061   12.6   0.0   364   401  1344  1382  1333  1385 0.84 -
ctg000006_P:445285-446340   -            352 7349at4891           -            448   2.1e-21   73.5   0.7   1   3   1.8e-15   4.6e-14   49.3   0.0   165   317    12   170     4   181 0.79 -
ctg000006_P:445285-446340   -            352 7349at4891           -            448   2.1e-21   73.5   0.7   2   3   2.7e-07   6.7e-06   22.4   0.3   356   411   177   232   169   265 0.85 -
ctg000006_P:445285-446340   -            352 7349at4891           -            448   2.1e-21   73.5   0.7   3   3       6.2   1.6e+02   -1.9   0.0   402   441   293   331   290   334 0.73 -
ctg000009_P:228496-229878   -            461 7349at4891           -            448   2.1e-21   73.5   0.3   1   3    0.0058      0.15    8.1   0.0   206   235   194   223   182   232 0.84 -
ctg000009_P:228496-229878   -            461 7349at4891           -            448   2.1e-21   73.5   0.3   2   3   7.6e-10   1.9e-08   30.8   0.1   270   303   274   307   261   311 0.89 -
ctg000009_P:228496-229878   -            461 7349at4891           -            448   2.1e-21   73.5   0.3   3   3   5.9e-10   1.5e-08   31.1   0.0   349   447   338   445   314   446 0.63 -
ctg000009_P:355027-356070   -            348 7349at4891           -            448   2.6e-21   73.2   0.9   1   2   0.00033    0.0083   12.2   0.1   166   221     2    66     1    70 0.77 -
ctg000009_P:355027-356070   -            348 7349at4891           -            448   2.6e-21   73.2   0.9   2   2   1.5e-16   3.9e-15   52.8   0.1   252   447   140   324    77   325 0.73 -
ctg000005_P:654405-655220   -            272 7349at4891           -            448   3.2e-21   72.9   0.0   1   2   1.7e-16   4.3e-15   52.7   0.0   180   318     8   157     4   168 0.82 -
ctg000005_P:654405-655220   -            272 7349at4891           -            448   3.2e-21   72.9   0.0   2   2   4.5e-06   0.00011   18.3   0.0   365   402   170   207   159   264 0.78 -
ctg000008_P:706089-708611   -            841 7349at4891           -            448   4.8e-21   72.3   1.3   1   2   2.4e-18   6.1e-17   58.8   0.2   198   327   593   727   587   733 0.80 -
ctg000008_P:706089-708611   -            841 7349at4891           -            448   4.8e-21   72.3   1.3   2   2   5.3e-07   1.3e-05   21.4   0.1   364   447   732   818   721   819 0.72 -
ctg000008_P:442719-443948   -            410 7349at4891           -            448   7.5e-21   71.7   1.1   1   2   2.1e-16   5.4e-15   52.4   0.1   174   354    17   200     3   206 0.77 -
ctg000008_P:442719-443948   -            410 7349at4891           -            448   7.5e-21   71.7   1.1   2   2     2e-06   5.1e-05   19.5   0.0   324   402   200   280   187   292 0.79 -
ctg000002_P:317839-318705   -            289 7349at4891           -            448   3.5e-20   69.5   0.0   1   2   2.6e-16   6.5e-15   52.1   0.0   180   318    18   167    14   175 0.79 -
ctg000002_P:317839-318705   -            289 7349at4891           -            448   3.5e-20   69.5   0.0   2   2   4.5e-05    0.0011   15.1   0.0   365   400   180   215   168   221 0.90 -
ctg000001_P:523725-524831   -            369 7349at4891           -            448   4.2e-20   69.2   1.2   1   2   4.7e-18   1.2e-16   57.8   0.3   174   324    17   180    14   195 0.75 -
ctg000001_P:523725-524831   -            369 7349at4891           -            448   4.2e-20   69.2   1.2   2   2    0.0014     0.036   10.1   0.0   365   400   196   232   191   246 0.82 -
ctg000005_P:449883-450767   -            295 7349at4891           -            448   1.4e-19   67.5   0.2   1   2     2e-16     5e-15   52.5   0.1   197   315    29   152     5   164 0.81 -
ctg000005_P:449883-450767   -            295 7349at4891           -            448   1.4e-19   67.5   0.2   2   2   0.00014    0.0036   13.4   0.0   359   409   164   216   156   235 0.79 -
ctg000008_P:180114-180992   -            293 7349at4891           -            448   1.4e-19   67.5   0.1   1   1   4.9e-19   1.2e-17   61.1   0.1   229   444    74   266    44   270 0.75 -
ctg000001_P:943161-945818   -            886 7349at4891           -            448   1.4e-19   67.5   3.7   1   2   5.3e-10   1.3e-08   31.3   0.5   174   304    14   173     4   176 0.68 -
ctg000001_P:943161-945818   -            886 7349at4891           -            448   1.4e-19   67.5   3.7   2   2   3.9e-10   9.8e-09   31.7   0.0   357   446   216   308   200   310 0.87 -
ctg000008_P:719983-720930   -            316 7349at4891           -            448   4.6e-19   65.8   0.0   1   2   9.5e-15   2.4e-13   46.9   0.0   179   317    29   180     3   187 0.72 -
ctg000008_P:719983-720930   -            316 7349at4891           -            448   4.6e-19   65.8   0.0   2   2   7.7e-06    0.0002   17.6   0.0   354   402   184   233   178   244 0.81 -
ctg000003_P:351454-352758   -            435 7349at4891           -            448   4.7e-19   65.7   0.1   1   2   1.5e-17   3.7e-16   56.2   0.0   181   320    29   172    22   181 0.77 -
ctg000003_P:351454-352758   -            435 7349at4891           -            448   4.7e-19   65.7   0.1   2   2      0.01      0.25    7.3   0.0   365   399   182   217   179   222 0.88 -
ctg000009_P:156712-157797   -            362 7349at4891           -            448   1.6e-18   64.0   1.7   1   2   4.8e-16   1.2e-14   51.2   0.5   207   321    52   170     3   178 0.75 -
ctg000009_P:156712-157797   -            362 7349at4891           -            448   1.6e-18   64.0   1.7   2   2   0.00033    0.0084   12.2   0.0   359   399   180   221   168   236 0.80 -
ctg000000_P:1466498-1467316 -            273 7349at4891           -            448   1.6e-18   64.0   0.5   1   2   1.2e-14   3.1e-13   46.6   0.2   181   320     1   146     1   154 0.79 -
ctg000000_P:1466498-1467316 -            273 7349at4891           -            448   1.6e-18   64.0   0.5   2   2     2e-05    0.0005   16.2   0.0   366   442   159   237   145   243 0.68 -
ctg000107_P:261516-262112   -            199 7349at4891           -            448   2.4e-18   63.4   0.1   1   1   8.6e-18   2.2e-16   57.0   0.1   238   445     1   185     1   188 0.75 -
ctg000001_P:430319-432034   -            572 7349at4891           -            448   2.5e-18   63.4   0.3   1   1   1.5e-19   3.8e-18   62.8   0.3    97   401    85   417    63   426 0.71 -
ctg000022_P:119067-120020   -            318 7349at4891           -            448   4.4e-18   62.6   0.9   1   2   4.7e-13   1.2e-11   41.3   0.2   223   316    79   192    75   205 0.71 -
ctg000022_P:119067-120020   -            318 7349at4891           -            448   4.4e-18   62.6   0.9   2   2   3.5e-06   8.8e-05   18.7   0.0   357   401   205   251   196   310 0.87 -
ctg000006_P:524372-525202   -            277 7349at4891           -            448   4.7e-18   62.5   1.1   1   2   1.7e-16   4.4e-15   52.7   0.5   182   319     2   148     1   155 0.73 -
ctg000006_P:524372-525202   -            277 7349at4891           -            448   4.7e-18   62.5   1.1   2   2    0.0019     0.047    9.7   0.0   354   399   150   196   142   210 0.82 -
ctg000011_P:396717-397760   -            348 7349at4891           -            448   6.1e-18   62.1   0.2   1   2   5.4e-17   1.4e-15   54.4   0.1   175   320    13   171     5   186 0.77 -
ctg000011_P:396717-397760   -            348 7349at4891           -            448   6.1e-18   62.1   0.2   2   2      0.03      0.76    5.7   0.0   365   408   188   233   182   239 0.80 -
ctg000007_P:613815-614756   -            314 7349at4891           -            448   6.6e-18   62.0   0.3   1   1   8.4e-18   2.1e-16   57.0   0.3   174   389     7   208     3   227 0.71 -
ctg000005_P:275418-276392   -            325 7349at4891           -            448   6.8e-18   61.9   2.9   1   1   1.4e-16   3.6e-15   52.9   2.9   175   389     5   207     3   218 0.71 -
ctg000001_P:505620-506606   -            329 7349at4891           -            448   8.3e-18   61.6   0.1   1   2     8e-17     2e-15   53.8   0.0   183   321     6   158     2   185 0.78 -
ctg000001_P:505620-506606   -            329 7349at4891           -            448   8.3e-18   61.6   0.1   2   2     0.027      0.67    5.9   0.0   377   421   196   240   190   252 0.83 -
ctg000002_P:1007133-1008002 -            290 7349at4891           -            448   1.4e-17   60.9   0.0   1   2   1.3e-12   3.3e-11   39.9   0.0   181   317     1   153     1   162 0.70 -
ctg000002_P:1007133-1008002 -            290 7349at4891           -            448   1.4e-17   60.9   0.0   2   2   3.7e-06   9.3e-05   18.6   0.0   365   428   168   234   154   239 0.75 -
ctg000007_P:457667-458557   -            297 7349at4891           -            448   1.4e-17   60.9   1.3   1   1     7e-17   1.8e-15   54.0   1.3   207   447    53   279    38   280 0.76 -
ctg000005_P:193774-195465   -            564 7349at4891           -            448   1.6e-17   60.7   0.3   1   1   9.9e-19   2.5e-17   60.1   0.3    97   402    77   410    62   420 0.67 -
ctg000013_P:200064-201548   -            495 7349at4891           -            448   2.1e-17   60.3   0.2   1   2   2.1e-14   5.4e-13   45.8   0.0   174   344     5   182     2   202 0.68 -
ctg000013_P:200064-201548   -            495 7349at4891           -            448   2.1e-17   60.3   0.2   2   2   0.00033    0.0085   12.2   0.0   351   443   351   452   307   457 0.63 -
ctg000005_P:440647-441678   -            344 7349at4891           -            448   3.6e-17   59.5   1.6   1   3         2        50   -0.2   0.0   175   216     2    42     1    73 0.60 -
ctg000005_P:440647-441678   -            344 7349at4891           -            448   3.6e-17   59.5   1.6   2   3   1.9e-15   4.9e-14   49.2   0.6   223   318   110   204    87   216 0.82 -
ctg000005_P:440647-441678   -            344 7349at4891           -            448   3.6e-17   59.5   1.6   3   3    0.0082      0.21    7.6   0.0   379   446   247   317   240   319 0.82 -
ctg000000_P:172919-174457   -            513 7349at4891           -            448   3.8e-17   59.5   1.0   1   2   3.9e-13   9.9e-12   41.6   0.5   176   317   193   356   151   363 0.73 -
ctg000000_P:172919-174457   -            513 7349at4891           -            448   3.8e-17   59.5   1.0   2   2   1.9e-05   0.00048   16.3   0.0   357   399   362   404   357   411 0.89 -
ctg000007_P:258636-259508   -            291 7349at4891           -            448   7.9e-17   58.4   0.0   1   2   3.8e-15   9.6e-14   48.3   0.0   182   316     8   153     2   164 0.78 -
ctg000007_P:258636-259508   -            291 7349at4891           -            448   7.9e-17   58.4   0.0   2   2    0.0046      0.12    8.4   0.0   358   404   163   210   156   213 0.83 -
ctg000009_P:138486-139460   -            325 7349at4891           -            448   9.1e-17   58.2   2.2   1   2     3e-12   7.7e-11   38.7   0.1   225   316   106   199   102   212 0.77 -
ctg000009_P:138486-139460   -            325 7349at4891           -            448   9.1e-17   58.2   2.2   2   2   2.9e-06   7.2e-05   19.0   0.0   356   402   211   259   205   289 0.81 -
ctg000005_P:82456-83397     -            314 7349at4891           -            448   1.2e-16   57.8   4.7   1   2   3.9e-16   9.9e-15   51.5   3.7   182   315     8   159     1   165 0.69 -
ctg000005_P:82456-83397     -            314 7349at4891           -            448   1.2e-16   57.8   4.7   2   2     0.058       1.5    4.8   0.0   365   388   189   213   187   222 0.85 -
ctg000000_P:401481-402434   -            318 7349at4891           -            448     2e-16   57.1   0.1   1   1   1.9e-16   4.8e-15   52.5   0.1   194   448    23   271     7   271 0.73 -
ctg000000_P:424694-426187   -            498 7349at4891           -            448   3.7e-16   56.2   0.0   1   3   1.1e-11   2.8e-10   36.8   0.0   268   336   129   200   121   228 0.78 -
ctg000000_P:424694-426187   -            498 7349at4891           -            448   3.7e-16   56.2   0.0   2   3   7.1e-05    0.0018   14.4   0.0   349   400   260   312   224   318 0.76 -
ctg000000_P:424694-426187   -            498 7349at4891           -            448   3.7e-16   56.2   0.0   3   3       0.8        20    1.0   0.0   415   446   422   453   418   455 0.90 -
ctg000003_P:91343-93514     -            724 7349at4891           -            448   5.8e-16   55.6   0.0   1   1   4.6e-17   1.2e-15   54.6   0.0   128   396   262   533   238   556 0.73 -
ctg000022_P:160478-161395   -            306 7349at4891           -            448   6.3e-16   55.4   5.7   1   2   1.3e-14   3.3e-13   46.5   2.5   177   320     6   161     3   170 0.84 -
ctg000022_P:160478-161395   -            306 7349at4891           -            448   6.3e-16   55.4   5.7   2   2    0.0013     0.032   10.3   0.1   362   395   168   201   161   223 0.81 -
ctg000000_P:313565-314407   -            281 7349at4891           -            448   8.7e-16   55.0   0.2   1   2   2.3e-14   5.8e-13   45.7   0.1   181   315     1   144     1   154 0.77 -
ctg000000_P:313565-314407   -            281 7349at4891           -            448   8.7e-16   55.0   0.2   2   2     0.007      0.18    7.8   0.0   357   401   153   198   146   210 0.84 -
ctg000022_P:89424-90056     -            211 7349at4891           -            448   1.3e-14   51.2   2.6   1   2   2.2e-12   5.6e-11   39.1   1.2   181   324     8   169     2   176 0.70 -
ctg000022_P:89424-90056     -            211 7349at4891           -            448   1.3e-14   51.2   2.6   2   2   0.00036    0.0091   12.1   0.0   364   389   176   201   164   207 0.87 -
ctg000002_P:643911-644768   -            286 7349at4891           -            448   2.3e-14   50.3   0.1   1   2   3.1e-12   7.8e-11   38.7   0.0   175   315     3   144     2   162 0.81 -
ctg000002_P:643911-644768   -            286 7349at4891           -            448   2.3e-14   50.3   0.1   2   2    0.0026     0.065    9.3   0.0   368   400   164   197   156   209 0.87 -
ctg000022_P:190198-192105   -            636 7349at4891           -            448   1.2e-13   47.9   0.3   1   2   3.3e-10   8.2e-09   32.0   0.1   182   316   335   478   329   486 0.75 -
ctg000022_P:190198-192105   -            636 7349at4891           -            448   1.2e-13   47.9   0.3   2   2   0.00012    0.0029   13.7   0.0   356   400   484   533   478   582 0.79 -
ctg000022_P:565111-566163   -            351 7349at4891           -            448   2.3e-13   47.0   1.1   1   2   4.4e-11   1.1e-09   34.9   0.1   265   321   105   159    25   170 0.79 -
ctg000022_P:565111-566163   -            351 7349at4891           -            448   2.3e-13   47.0   1.1   2   2   0.00069     0.017   11.1   0.1   357   405   170   230   159   245 0.68 -
ctg000005_P:840182-841165   -            328 7349at4891           -            448   4.2e-13   46.1   0.0   1   2       3.1        77   -0.9   0.0   200   258    41   106    35   137 0.65 -
ctg000005_P:840182-841165   -            328 7349at4891           -            448   4.2e-13   46.1   0.0   2   2   6.6e-14   1.7e-12   44.2   0.0   359   446   230   324   206   326 0.78 -
ctg000107_P:163565-164362   -            266 7349at4891           -            448   5.5e-13   45.7   3.0   1   2   1.8e-10   4.7e-09   32.8   0.8   251   315    46   113    23   129 0.77 -
ctg000107_P:163565-164362   -            266 7349at4891           -            448   5.5e-13   45.7   3.0   2   2   0.00016     0.004   13.3   0.1   367   402   132   168   116   198 0.84 -
ctg000000_P:268236-269135   -            300 7349at4891           -            448   7.4e-12   42.0   0.5   1   2   3.5e-09   8.9e-08   28.6   0.1   196   318    29   149     4   163 0.77 -
ctg000000_P:268236-269135   -            300 7349at4891           -            448   7.4e-12   42.0   0.5   2   2    0.0011     0.027   10.5   0.0   365   399   164   198   156   207 0.81 -
ctg000009_P:75945-76472     -            176 7349at4891           -            448   7.5e-12   42.0   0.4   1   2   4.7e-10   1.2e-08   31.5   0.0   274   321    10    59     3    70 0.81 -
ctg000009_P:75945-76472     -            176 7349at4891           -            448   7.5e-12   42.0   0.4   2   2    0.0028      0.07    9.2   0.2   357   401    70   126    57   137 0.70 -
ctg000011_P:301747-304779   -           1011 7349at4891           -            448   3.8e-11   39.7   0.1   1   1   4.9e-12   1.2e-10   38.0   0.1   178   421   576   840   529   873 0.70 -
ctg000022_P:228107-229168   -            354 7349at4891           -            448   7.8e-11   38.7   3.1   1   3   4.1e-08     1e-06   25.1   0.6   231   304   102   170    57   174 0.81 -
ctg000022_P:228107-229168   -            354 7349at4891           -            448   7.8e-11   38.7   3.1   2   3    0.0036      0.09    8.8   0.0   365   396   217   249   180   258 0.81 -
ctg000022_P:228107-229168   -            354 7349at4891           -            448   7.8e-11   38.7   3.1   3   3      0.18       4.6    3.1   0.0   423   447   322   346   312   347 0.87 -
ctg000009_P:190149-191600   -            484 7349at4891           -            448   1.5e-10   37.7   9.6   1   2   1.8e-10   4.6e-09   32.8   7.2   181   319   174   318    79   327 0.67 -
ctg000009_P:190149-191600   -            484 7349at4891           -            448   1.5e-10   37.7   9.6   2   2     0.095       2.4    4.1   0.0   362   400   328   367   316   378 0.79 -
ctg000013_P:192960-194066   -            369 7349at4891           -            448   3.5e-10   36.5   0.1   1   2      0.81        20    1.0   0.0   211   256    45    94    26   109 0.70 -
ctg000013_P:192960-194066   -            369 7349at4891           -            448   3.5e-10   36.5   0.1   2   2   1.7e-10   4.3e-09   32.9   0.0   270   343   134   212   122   236 0.75 -
ctg000005_P:468098-469744   -            549 7349at4891           -            448   3.4e-09   33.3   3.1   1   2     9e-09   2.3e-07   27.2   1.3   208   322   200   316   182   328 0.86 -
ctg000005_P:468098-469744   -            549 7349at4891           -            448   3.4e-09   33.3   3.1   2   2     0.037      0.95    5.4   0.0   365   393   330   359   322   391 0.79 -
ctg000001_P:750487-752853   -            789 7349at4891           -            448     4e-09   33.0   1.1   1   2   0.00015    0.0039   13.3   0.1   212   295    84   174    72   184 0.68 -
ctg000001_P:750487-752853   -            789 7349at4891           -            448     4e-09   33.0   1.1   2   2   6.6e-06   0.00017   17.8   0.0   363   442   224   311   222   316 0.68 -
ctg000005_P:777523-778521   -            333 7349at4891           -            448   7.2e-09   32.2   0.0   1   2   6.6e-10   1.7e-08   31.0   0.0   175   323     6   159     2   198 0.75 -
ctg000005_P:777523-778521   -            333 7349at4891           -            448   7.2e-09   32.2   0.0   2   2       6.1   1.5e+02   -1.9   0.0   378   422   189   228   157   249 0.68 -
ctg000022_P:334750-336747   -            666 7349at4891           -            448   1.2e-08   31.5   0.3   1   2   5.6e-05    0.0014   14.7   0.0   268   302   324   358   312   362 0.90 -
ctg000022_P:334750-336747   -            666 7349at4891           -            448   1.2e-08   31.5   0.3   2   2   9.8e-05    0.0025   13.9   0.0   375   424   438   488   435   498 0.85 -
ctg000007_P:378302-382657   -           1452 7349at4891           -            448   1.5e-07   27.9   0.1   1   1   1.3e-08   3.3e-07   26.7   0.1   272   311   125   166   106   169 0.87 -
ctg000001_P:222295-225303   -           1003 7349at4891           -            448   5.5e-06   22.7   0.4   1   1   7.6e-07   1.9e-05   20.9   0.4   237   303   761   829   731   832 0.84 -
ctg000006_P:676997-677494   -            166 7349at4891           -            448   3.3e-05   20.1   0.0   1   1   1.8e-06   4.6e-05   19.6   0.0   365   400    31    66    14    74 0.90 -
ctg000010_P:172551-173279   -            243 7349at4891           -            448    0.0037   13.4   0.4   1   3       2.5        63   -0.6   0.1   173   191     3    21     1    28 0.85 -
ctg000010_P:172551-173279   -            243 7349at4891           -            448    0.0037   13.4   0.4   2   3     0.012       0.3    7.1   0.0   268   304   115   151   104   156 0.90 -
ctg000010_P:172551-173279   -            243 7349at4891           -            448    0.0037   13.4   0.4   3   3      0.21       5.3    2.9   0.0   306   326   176   195   173   227 0.68 -
#
# Program:         hmmsearch
# Version:         3.1b2 (February 2015)
# Pipeline mode:   SEARCH
# Query file:      /Users/dominiquefastus/DeNovoProj/BUSCO_ass/busco_downloads/lineages/saccharomycetes_odb10/hmms/7349at4891.hmm
# Target file:     /Users/dominiquefastus/DeNovoProj/BUSCO_ass/busco_out/run_saccharomycetes_odb10/metaeuk_output/initial_results/asm_ctgs_m.fa.modified.fas
# Option settings: hmmsearch --domtblout /Users/dominiquefastus/DeNovoProj/BUSCO_ass/busco_out/run_saccharomycetes_odb10/hmmer_output/initial_run_results/7349at4891.out --cpu 1 /Users/dominiquefastus/DeNovoProj/BUSCO_ass/busco_downloads/lineages/saccharomycetes_odb10/hmms/7349at4891.hmm /Users/dominiquefastus/DeNovoProj/BUSCO_ass/busco_out/run_saccharomycetes_odb10/metaeuk_output/initial_results/asm_ctgs_m.fa.modified.fas 
# Current dir:     /Users/dominiquefastus/DeNovoProj/BUSCO_ass
# Date:            Fri Feb 24 14:29:34 2023
# [ok]
