#                                                                                   --- full sequence --- -------------- this domain -------------   hmm coord   ali coord   env coord
# target name               accession   tlen query name           accession   qlen   E-value  score  bias   #  of  c-Evalue  i-Evalue  score  bias  from    to  from    to  from    to  acc description of target
#       ------------------- ---------- ----- -------------------- ---------- ----- --------- ------ ----- --- --- --------- --------- ------ ----- ----- ----- ----- ----- ----- ----- ---- ---------------------
ctg000012_P:112251-115019   -            923 1014314at2759        -            222   5.6e-34  112.8   7.2   1   8      0.11       1.2    3.8   0.0   124   159    96   130    76   141 0.79 -
ctg000012_P:112251-115019   -            923 1014314at2759        -            222   5.6e-34  112.8   7.2   2   8   0.00088    0.0096   10.7   0.2    28    75   141   188   136   197 0.87 -
ctg000012_P:112251-115019   -            923 1014314at2759        -            222   5.6e-34  112.8   7.2   3   8   1.6e-07   1.8e-06   22.9   0.0   125   187   261   323   249   333 0.93 -
ctg000012_P:112251-115019   -            923 1014314at2759        -            222   5.6e-34  112.8   7.2   4   8   8.4e-11   9.2e-10   33.6   0.1   124   186   344   407   336   416 0.90 -
ctg000012_P:112251-115019   -            923 1014314at2759        -            222   5.6e-34  112.8   7.2   5   8   2.3e-07   2.5e-06   22.4   0.1   128   190   434   499   421   514 0.88 -
ctg000012_P:112251-115019   -            923 1014314at2759        -            222   5.6e-34  112.8   7.2   6   8    0.0052     0.057    8.1   0.0     2   102   518   613   517   624 0.75 -
ctg000012_P:112251-115019   -            923 1014314at2759        -            222   5.6e-34  112.8   7.2   7   8      0.13       1.4    3.6   0.0   128   160   581   614   569   643 0.59 -
ctg000012_P:112251-115019   -            923 1014314at2759        -            222   5.6e-34  112.8   7.2   8   8      0.32       3.5    2.3   0.0   122   148   676   702   670   718 0.78 -
ctg000003_P:379491-382301   -            937 1014314at2759        -            222     2e-33  111.0  14.3   1   7     0.018       0.2    6.4   0.0   177   202    38    63    34    67 0.90 -
ctg000003_P:379491-382301   -            937 1014314at2759        -            222     2e-33  111.0  14.3   2   7     1e-06   1.1e-05   20.3   0.1   126   190    81   145    76   147 0.94 -
ctg000003_P:379491-382301   -            937 1014314at2759        -            222     2e-33  111.0  14.3   3   7   6.3e-05   0.00069   14.4   0.0   121   158   117   155   113   169 0.78 -
ctg000003_P:379491-382301   -            937 1014314at2759        -            222     2e-33  111.0  14.3   4   7    0.0018     0.019    9.7   0.0    45    94   402   458   385   466 0.65 -
ctg000003_P:379491-382301   -            937 1014314at2759        -            222     2e-33  111.0  14.3   5   7   0.00031    0.0034   12.2   0.1   125   154   474   503   463   508 0.75 -
ctg000003_P:379491-382301   -            937 1014314at2759        -            222     2e-33  111.0  14.3   6   7   1.2e-07   1.4e-06   23.3   0.0   125   196   532   605   519   612 0.85 -
ctg000003_P:379491-382301   -            937 1014314at2759        -            222     2e-33  111.0  14.3   7   7   1.7e-09   1.8e-08   29.4   0.2   120   193   610   684   607   692 0.89 -
ctg000008_P:606256-607521   -            422 1014314at2759        -            222   6.7e-33  109.3   2.5   1   3   0.00043    0.0047   11.7   0.0     2    31    66    95    65    96 0.92 -
ctg000008_P:606256-607521   -            422 1014314at2759        -            222   6.7e-33  109.3   2.5   2   3     7e-07   7.7e-06   20.8   0.1    17    95    95   189    93   195 0.78 -
ctg000008_P:606256-607521   -            422 1014314at2759        -            222   6.7e-33  109.3   2.5   3   3   4.3e-22   4.7e-21   70.5   0.1   117   207   245   338   193   349 0.81 -
ctg000007_P:202424-203284   -            287 1014314at2759        -            222   1.7e-31  104.7   2.1   1   4    0.0094       0.1    7.3   0.0   121   153    16    48     8    65 0.67 -
ctg000007_P:202424-203284   -            287 1014314at2759        -            222   1.7e-31  104.7   2.1   2   4   6.8e-11   7.4e-10   33.9   0.0   119   187    72   141    69   155 0.91 -
ctg000007_P:202424-203284   -            287 1014314at2759        -            222   1.7e-31  104.7   2.1   3   4   1.7e-13   1.8e-12   42.5   0.0   122   201   159   241   151   244 0.90 -
ctg000007_P:202424-203284   -            287 1014314at2759        -            222   1.7e-31  104.7   2.1   4   4   5.2e-06   5.7e-05   18.0   0.0   122   156   245   279   238   284 0.80 -
ctg000003_P:549495-551945   -            817 1014314at2759        -            222   1.9e-29   98.0   5.9   1   7    0.0017     0.019    9.7   0.0   132   204    25   101    13   108 0.78 -
ctg000003_P:549495-551945   -            817 1014314at2759        -            222   1.9e-29   98.0   5.9   2   7    0.0016     0.017    9.8   0.0   130   174   108   152   103   160 0.93 -
ctg000003_P:549495-551945   -            817 1014314at2759        -            222   1.9e-29   98.0   5.9   3   7   0.00035    0.0038   12.0   0.0   138   173   162   197   155   200 0.91 -
ctg000003_P:549495-551945   -            817 1014314at2759        -            222   1.9e-29   98.0   5.9   4   7     0.051      0.56    4.9   0.0   138   179   210   253   203   289 0.78 -
ctg000003_P:549495-551945   -            817 1014314at2759        -            222   1.9e-29   98.0   5.9   5   7      0.22       2.4    2.8   0.0     4    31   393   420   385   427 0.82 -
ctg000003_P:549495-551945   -            817 1014314at2759        -            222   1.9e-29   98.0   5.9   6   7   4.5e-09   4.9e-08   28.0   0.1   113   191   480   560   470   568 0.81 -
ctg000003_P:549495-551945   -            817 1014314at2759        -            222   1.9e-29   98.0   5.9   7   7   2.7e-08     3e-07   25.4   0.3   118   187   568   638   557   645 0.90 -
ctg000012_P:73886-75097     -            404 1014314at2759        -            222   2.7e-26   87.7   2.2   1   6    0.0024     0.026    9.2   0.1   169   197    44    73    32   117 0.70 -
ctg000012_P:73886-75097     -            404 1014314at2759        -            222   2.7e-26   87.7   2.2   2   6   1.9e-12   2.1e-11   39.0   0.0     2    66   143   215   142   222 0.88 -
ctg000012_P:73886-75097     -            404 1014314at2759        -            222   2.7e-26   87.7   2.2   3   6   0.00024    0.0026   12.5   0.0   127   156   226   256   217   268 0.65 -
ctg000012_P:73886-75097     -            404 1014314at2759        -            222   2.7e-26   87.7   2.2   4   6   8.8e-05   0.00096   14.0   0.1     2    35   276   309   274   313 0.90 -
ctg000012_P:73886-75097     -            404 1014314at2759        -            222   2.7e-26   87.7   2.2   5   6     0.021      0.23    6.2   0.0   127   169   330   372   320   383 0.70 -
ctg000012_P:73886-75097     -            404 1014314at2759        -            222   2.7e-26   87.7   2.2   6   6       1.2        13    0.4   0.0   133   152   384   403   364   404 0.78 -
ctg000012_P:93489-94475     -            329 1014314at2759        -            222   1.4e-25   85.3  13.5   1   6     0.047      0.51    5.0   0.0    11   155    12    31     1    43 0.51 -
ctg000012_P:93489-94475     -            329 1014314at2759        -            222   1.4e-25   85.3  13.5   2   6   2.7e-08   2.9e-07   25.4   0.2   118   159    35    77    31    94 0.78 -
ctg000012_P:93489-94475     -            329 1014314at2759        -            222   1.4e-25   85.3  13.5   3   6   4.1e-11   4.5e-10   34.7   0.7     2    63    45   122    44   124 0.77 -
ctg000012_P:93489-94475     -            329 1014314at2759        -            222   1.4e-25   85.3  13.5   4   6   3.5e-05   0.00038   15.3   0.1   138   174   106   142    98   148 0.89 -
ctg000012_P:93489-94475     -            329 1014314at2759        -            222   1.4e-25   85.3  13.5   5   6   4.4e-05   0.00048   15.0   0.2   120   179   129   189   124   197 0.75 -
ctg000012_P:93489-94475     -            329 1014314at2759        -            222   1.4e-25   85.3  13.5   6   6   1.3e-10   1.4e-09   33.0   0.1   120   188   253   322   247   329 0.89 -
ctg000008_P:156612-157520   -            303 1014314at2759        -            222   6.5e-25   83.2   9.6   1   4   1.1e-07   1.2e-06   23.4   0.0   139   196     5    63     1    66 0.88 -
ctg000008_P:156612-157520   -            303 1014314at2759        -            222   6.5e-25   83.2   9.6   2   4   2.5e-06   2.8e-05   19.0   0.2    30    64    72   106    67   117 0.92 -
ctg000008_P:156612-157520   -            303 1014314at2759        -            222   6.5e-25   83.2   9.6   3   4   8.1e-07   8.9e-06   20.6   0.0   129   186   121   179   108   198 0.86 -
ctg000008_P:156612-157520   -            303 1014314at2759        -            222   6.5e-25   83.2   9.6   4   4   2.6e-07   2.9e-06   22.2   1.0     5    64   213   281   209   296 0.84 -
ctg000005_P:675694-676578   -            295 1014314at2759        -            222   4.2e-23   77.3   6.4   1   5   2.6e-07   2.9e-06   22.2   0.3   128   187     2    62     1    67 0.92 -
ctg000005_P:675694-676578   -            295 1014314at2759        -            222   4.2e-23   77.3   6.4   2   5   0.00026    0.0028   12.4   0.1    30    65    38    73    34    76 0.91 -
ctg000005_P:675694-676578   -            295 1014314at2759        -            222   4.2e-23   77.3   6.4   3   5   8.7e-07   9.5e-06   20.5   0.0   126   173    85   132    75   134 0.90 -
ctg000005_P:675694-676578   -            295 1014314at2759        -            222   4.2e-23   77.3   6.4   4   5   4.7e-07   5.1e-06   21.4   0.1    31    73   123   165   118   183 0.86 -
ctg000005_P:675694-676578   -            295 1014314at2759        -            222   4.2e-23   77.3   6.4   5   5   4.1e-05   0.00044   15.1   0.0   120   157   254   291   161   295 0.85 -
ctg000000_P:195021-198608   -           1196 1014314at2759        -            222   1.2e-21   72.5   9.7   1   7    0.0045     0.049    8.4   0.0    33    64     9    40     3    45 0.88 -
ctg000000_P:195021-198608   -           1196 1014314at2759        -            222   1.2e-21   72.5   9.7   2   7   1.5e-05   0.00016   16.5   0.0   129   191    56   120    44   131 0.84 -
ctg000000_P:195021-198608   -           1196 1014314at2759        -            222   1.2e-21   72.5   9.7   3   7   6.1e-06   6.7e-05   17.7   0.4    15    64   109   166   108   173 0.78 -
ctg000000_P:195021-198608   -           1196 1014314at2759        -            222   1.2e-21   72.5   9.7   4   7    0.0019     0.021    9.6   0.0    26    67   200   241   188   247 0.87 -
ctg000000_P:195021-198608   -           1196 1014314at2759        -            222   1.2e-21   72.5   9.7   5   7   6.3e-06   6.9e-05   17.7   0.1    29    63   247   281   241   290 0.88 -
ctg000000_P:195021-198608   -           1196 1014314at2759        -            222   1.2e-21   72.5   9.7   6   7      0.38       4.2    2.1   0.0   164   205   450   491   442   494 0.91 -
ctg000000_P:195021-198608   -           1196 1014314at2759        -            222   1.2e-21   72.5   9.7   7   7     0.041      0.45    5.2   0.1   163   195   486   519   474   552 0.59 -
ctg000007_P:596002-596847   -            282 1014314at2759        -            222   3.3e-21   71.1   1.7   1   5   1.3e-05   0.00014   16.7   0.0     2    29     2    29     1    41 0.79 -
ctg000007_P:596002-596847   -            282 1014314at2759        -            222   3.3e-21   71.1   1.7   2   5   2.3e-07   2.5e-06   22.4   0.0   123   155    59    92    52   113 0.85 -
ctg000007_P:596002-596847   -            282 1014314at2759        -            222   3.3e-21   71.1   1.7   3   5    0.0024     0.026    9.3   0.1    27    63   113   149    98   157 0.80 -
ctg000007_P:596002-596847   -            282 1014314at2759        -            222   3.3e-21   71.1   1.7   4   5   1.3e-05   0.00014   16.6   0.1     2    72   122   200   121   203 0.83 -
ctg000007_P:596002-596847   -            282 1014314at2759        -            222   3.3e-21   71.1   1.7   5   5    0.0025     0.028    9.2   0.0    73   108   221   257   215   268 0.86 -
ctg000008_P:735513-736907   -            465 1014314at2759        -            222     2e-20   68.5   6.7   1   4   4.5e-09   4.9e-08   28.0   0.1   124   187    93   156    83   165 0.89 -
ctg000008_P:735513-736907   -            465 1014314at2759        -            222     2e-20   68.5   6.7   2   4   7.5e-05   0.00082   14.2   0.6   141   198   152   211   150   221 0.50 -
ctg000008_P:735513-736907   -            465 1014314at2759        -            222     2e-20   68.5   6.7   3   4   2.2e-06   2.4e-05   19.2   0.8     2    66   180   252   179   263 0.59 -
ctg000008_P:735513-736907   -            465 1014314at2759        -            222     2e-20   68.5   6.7   4   4   1.3e-07   1.5e-06   23.2   0.1     2   152   222   378   221   383 0.84 -
ctg000001_P:853649-855820   -            724 1014314at2759        -            222   3.6e-20   67.7   2.1   1   8   4.1e-06   4.5e-05   18.3   0.0   129   202    10    85     6    92 0.90 -
ctg000001_P:853649-855820   -            724 1014314at2759        -            222   3.6e-20   67.7   2.1   2   8   0.00055     0.006   11.4   0.0   122   161    86   127    83   129 0.67 -
ctg000001_P:853649-855820   -            724 1014314at2759        -            222   3.6e-20   67.7   2.1   3   8   4.8e-05   0.00052   14.8   0.0    30    64   129   164   120   173 0.86 -
ctg000001_P:853649-855820   -            724 1014314at2759        -            222   3.6e-20   67.7   2.1   4   8     0.014      0.16    6.7   0.0    26    65   169   210   161   216 0.62 -
ctg000001_P:853649-855820   -            724 1014314at2759        -            222   3.6e-20   67.7   2.1   5   8    0.0038     0.042    8.6   0.0   134   171   188   225   185   240 0.81 -
ctg000001_P:853649-855820   -            724 1014314at2759        -            222   3.6e-20   67.7   2.1   6   8    0.0015     0.017    9.9   0.0    29    69   216   256   208   260 0.74 -
ctg000001_P:853649-855820   -            724 1014314at2759        -            222   3.6e-20   67.7   2.1   7   8       6.6        73   -2.0   0.0    67    99   385   417   356   422 0.75 -
ctg000001_P:853649-855820   -            724 1014314at2759        -            222   3.6e-20   67.7   2.1   8   8       1.5        16    0.1   0.0    52    88   440   482   432   486 0.70 -
ctg000006_P:535601-536641   -            347 1014314at2759        -            222     6e-20   67.0   0.7   1   4     0.015      0.16    6.7   0.0     3    31    14    42    12    46 0.89 -
ctg000006_P:535601-536641   -            347 1014314at2759        -            222     6e-20   67.0   0.7   2   4     2e-09   2.2e-08   29.1   0.1   120   186    47   113    44   140 0.84 -
ctg000006_P:535601-536641   -            347 1014314at2759        -            222     6e-20   67.0   0.7   3   4   3.8e-05   0.00041   15.2   0.1   115   189   144   219   129   270 0.84 -
ctg000006_P:535601-536641   -            347 1014314at2759        -            222     6e-20   67.0   0.7   4   4    0.0037      0.04    8.6   0.0   121   154   289   323   280   329 0.80 -
ctg000001_P:195182-197164   -            661 1014314at2759        -            222   2.6e-19   64.9  10.3   1   6   3.9e-06   4.2e-05   18.4   1.0   118   187    23    94    18   105 0.71 -
ctg000001_P:195182-197164   -            661 1014314at2759        -            222   2.6e-19   64.9  10.3   2   6    0.0063     0.069    7.9   0.0    21    64   161   208   152   213 0.80 -
ctg000001_P:195182-197164   -            661 1014314at2759        -            222   2.6e-19   64.9  10.3   3   6   0.00028    0.0031   12.3   0.1    30    67   249   286   238   292 0.91 -
ctg000001_P:195182-197164   -            661 1014314at2759        -            222   2.6e-19   64.9  10.3   4   6    0.0026     0.029    9.1   0.0    31    60   354   383   350   406 0.84 -
ctg000001_P:195182-197164   -            661 1014314at2759        -            222   2.6e-19   64.9  10.3   5   6   0.00026    0.0028   12.4   0.0   126   187   531   598   520   607 0.82 -
ctg000001_P:195182-197164   -            661 1014314at2759        -            222   2.6e-19   64.9  10.3   6   6      0.16       1.8    3.3   0.1    27    63   618   656   608   661 0.69 -
ctg000005_P:54978-55817     -            280 1014314at2759        -            222   1.6e-18   62.3   4.7   1   5     0.011      0.12    7.1   0.0    30    64    31    66     6    75 0.80 -
ctg000005_P:54978-55817     -            280 1014314at2759        -            222   1.6e-18   62.3   4.7   2   5    0.0038     0.042    8.6   0.0    30    66    78   114    60   119 0.80 -
ctg000005_P:54978-55817     -            280 1014314at2759        -            222   1.6e-18   62.3   4.7   3   5   0.00026    0.0028   12.4   0.1   126   169   125   168   119   170 0.81 -
ctg000005_P:54978-55817     -            280 1014314at2759        -            222   1.6e-18   62.3   4.7   4   5   3.1e-07   3.4e-06   22.0   0.0   119   174   159   217   155   222 0.66 -
ctg000005_P:54978-55817     -            280 1014314at2759        -            222   1.6e-18   62.3   4.7   5   5   0.00013    0.0014   13.4   0.1   120   187   204   274   200   280 0.83 -
ctg000000_P:690037-690627   -            197 1014314at2759        -            222   3.1e-18   61.3   8.5   1   4     0.033      0.36    5.6   0.2    36    71     2    39     1    43 0.78 -
ctg000000_P:690037-690627   -            197 1014314at2759        -            222   3.1e-18   61.3   8.5   2   4   4.2e-08   4.6e-07   24.8   0.1    29    65    42    79    37    91 0.89 -
ctg000000_P:690037-690627   -            197 1014314at2759        -            222   3.1e-18   61.3   8.5   3   4   3.8e-05   0.00041   15.2   0.1    33    66    90   123    80   129 0.87 -
ctg000000_P:690037-690627   -            197 1014314at2759        -            222   3.1e-18   61.3   8.5   4   4   1.1e-06   1.2e-05   20.1   0.1    30    69   130   170   126   177 0.83 -
ctg000000_P:983034-983939   -            302 1014314at2759        -            222   4.2e-18   60.9  15.5   1   4   1.1e-05   0.00012   17.0   0.0     2    33    35    66    34    71 0.89 -
ctg000000_P:983034-983939   -            302 1014314at2759        -            222   4.2e-18   60.9  15.5   2   4   2.2e-10   2.4e-09   32.3   3.3     2    61    84   155    83   167 0.83 -
ctg000000_P:983034-983939   -            302 1014314at2759        -            222   4.2e-18   60.9  15.5   3   4    0.0012     0.013   10.2   0.3   121   188   167   246   163   258 0.77 -
ctg000000_P:983034-983939   -            302 1014314at2759        -            222   4.2e-18   60.9  15.5   4   4     0.043      0.47    5.2   0.0   137   154   284   301   274   302 0.86 -
ctg000003_P:113154-114620   -            489 1014314at2759        -            222     5e-18   60.7   6.7   1   7     0.015      0.17    6.6   0.0   137   155    81    99    65   116 0.82 -
ctg000003_P:113154-114620   -            489 1014314at2759        -            222     5e-18   60.7   6.7   2   7      0.11       1.2    3.9   0.2    46    71   134   159   117   166 0.76 -
ctg000003_P:113154-114620   -            489 1014314at2759        -            222     5e-18   60.7   6.7   3   7      0.15       1.7    3.4   0.0   120   156   175   209   165   217 0.82 -
ctg000003_P:113154-114620   -            489 1014314at2759        -            222     5e-18   60.7   6.7   4   7    0.0038     0.042    8.6   0.0    34    67   220   254   216   263 0.86 -
ctg000003_P:113154-114620   -            489 1014314at2759        -            222     5e-18   60.7   6.7   5   7     0.053      0.58    4.9   0.0    36    67   264   296   257   302 0.81 -
ctg000003_P:113154-114620   -            489 1014314at2759        -            222     5e-18   60.7   6.7   6   7   3.1e-06   3.4e-05   18.7   0.0     2    36   308   342   307   346 0.93 -
ctg000003_P:113154-114620   -            489 1014314at2759        -            222     5e-18   60.7   6.7   7   7   0.00063    0.0069   11.1   0.0   125   156   349   380   341   393 0.83 -
ctg000013_P:153629-154600   -            324 1014314at2759        -            222     3e-17   58.1   4.0   1   4   1.9e-06   2.1e-05   19.4   0.1   136   175    14    53     5    67 0.82 -
ctg000013_P:153629-154600   -            324 1014314at2759        -            222     3e-17   58.1   4.0   2   4      0.26       2.8    2.6   0.0    13    30    60    77    54    82 0.66 -
ctg000013_P:153629-154600   -            324 1014314at2759        -            222     3e-17   58.1   4.0   3   4   1.3e-06   1.4e-05   20.0   0.2     8    64   118   182   110   197 0.80 -
ctg000013_P:153629-154600   -            324 1014314at2759        -            222     3e-17   58.1   4.0   4   4   4.9e-05   0.00053   14.8   0.0   118   203   206   290   200   300 0.81 -
ctg000007_P:236263-237057   -            265 1014314at2759        -            222   3.2e-17   58.0   0.7   1   4    0.0027      0.03    9.1   0.0   164   191     6    35     1    46 0.55 -
ctg000007_P:236263-237057   -            265 1014314at2759        -            222   3.2e-17   58.0   0.7   2   4     8e-08   8.8e-07   23.9   0.0     5    62    14    78    11    84 0.87 -
ctg000007_P:236263-237057   -            265 1014314at2759        -            222   3.2e-17   58.0   0.7   3   4   6.4e-05    0.0007   14.4   0.1   119   164    85   132    82   138 0.82 -
ctg000007_P:236263-237057   -            265 1014314at2759        -            222   3.2e-17   58.0   0.7   4   4   4.4e-05   0.00048   14.9   0.0   122   164   140   182   134   200 0.85 -
ctg000022_P:212196-214076   -            627 1014314at2759        -            222   6.8e-17   57.0   3.6   1   5      0.24       2.6    2.7   0.0    36    64   314   343   300   351 0.52 -
ctg000022_P:212196-214076   -            627 1014314at2759        -            222   6.8e-17   57.0   3.6   2   5   0.00025    0.0027   12.5   0.0   120   154   349   384   345   405 0.82 -
ctg000022_P:212196-214076   -            627 1014314at2759        -            222   6.8e-17   57.0   3.6   3   5   0.00025    0.0027   12.5   0.1   119   177   409   466   396   478 0.84 -
ctg000022_P:212196-214076   -            627 1014314at2759        -            222   6.8e-17   57.0   3.6   4   5     2e-05   0.00021   16.1   0.0   136   174   489   527   480   531 0.91 -
ctg000022_P:212196-214076   -            627 1014314at2759        -            222   6.8e-17   57.0   3.6   5   5   4.8e-05   0.00053   14.8   0.0   120   195   514   588   512   613 0.78 -
ctg000010_P:203616-204614   -            333 1014314at2759        -            222   1.2e-16   56.1   0.2   1   3   6.3e-05   0.00069   14.4   0.0    29    64     6    42     3    47 0.88 -
ctg000010_P:203616-204614   -            333 1014314at2759        -            222   1.2e-16   56.1   0.2   2   3   3.1e-08   3.4e-07   25.3   0.1     2    97    57   169    56   213 0.78 -
ctg000010_P:203616-204614   -            333 1014314at2759        -            222   1.2e-16   56.1   0.2   3   3   0.00029    0.0032   12.2   0.0   127   184   246   303   243   307 0.95 -
ctg000000_P:1096355-1184297 -            372 1014314at2759        -            222   2.2e-16   55.3   2.5   1   4   1.7e-09   1.8e-08   29.4   0.0   127   209    22   108    11   112 0.80 -
ctg000000_P:1096355-1184297 -            372 1014314at2759        -            222   2.2e-16   55.3   2.5   2   4      0.11       1.2    3.8   0.1   125   150   151   176   142   226 0.84 -
ctg000000_P:1096355-1184297 -            372 1014314at2759        -            222   2.2e-16   55.3   2.5   3   4     0.029      0.32    5.7   0.0    34    68   252   285   245   294 0.80 -
ctg000000_P:1096355-1184297 -            372 1014314at2759        -            222   2.2e-16   55.3   2.5   4   4   0.00038    0.0041   11.9   0.1   127   191   305   369   290   372 0.89 -
ctg000009_P:515852-517330   -            493 1014314at2759        -            222   3.8e-16   54.5   2.9   1   5      0.11       1.2    3.8   0.0    22    63   158   200   149   204 0.63 -
ctg000009_P:515852-517330   -            493 1014314at2759        -            222   3.8e-16   54.5   2.9   2   5   2.7e-05    0.0003   15.6   0.0   113   154   203   243   199   248 0.73 -
ctg000009_P:515852-517330   -            493 1014314at2759        -            222   3.8e-16   54.5   2.9   3   5     0.016      0.18    6.5   0.0   158   210   266   318   258   321 0.73 -
ctg000009_P:515852-517330   -            493 1014314at2759        -            222   3.8e-16   54.5   2.9   4   5   0.00089    0.0097   10.7   0.0   136   175   349   388   343   391 0.88 -
ctg000009_P:515852-517330   -            493 1014314at2759        -            222   3.8e-16   54.5   2.9   5   5   1.3e-05   0.00015   16.6   0.0   122   192   376   444   372   453 0.73 -
ctg000010_P:287571-288542   -            324 1014314at2759        -            222   6.5e-16   53.8   4.9   1   3   4.2e-05   0.00046   15.0   0.1   136   186    14    66     6    72 0.80 -
ctg000010_P:287571-288542   -            324 1014314at2759        -            222   6.5e-16   53.8   4.9   2   3   1.7e-06   1.9e-05   19.5   0.3     8    67   118   185   113   200 0.78 -
ctg000010_P:287571-288542   -            324 1014314at2759        -            222   6.5e-16   53.8   4.9   3   3   3.9e-05   0.00043   15.1   0.0   118   201   206   288   191   299 0.80 -
ctg000000_P:1183425-1184270 -            282 1014314at2759        -            222   4.4e-15   51.0   0.0   1   3     1e-09   1.1e-08   30.1   0.0   127   209    13    99     3   104 0.80 -
ctg000000_P:1183425-1184270 -            282 1014314at2759        -            222   4.4e-15   51.0   0.0   2   3   0.00066    0.0072   11.1   0.0     2    29   144   171   143   268 0.66 -
ctg000000_P:1183425-1184270 -            282 1014314at2759        -            222   4.4e-15   51.0   0.0   3   3     0.043      0.47    5.1   0.0    69   155   234   262   220   282 0.58 -
ctg000001_P:612422-613405   -            328 1014314at2759        -            222   2.5e-14   48.6   7.0   1   4   3.5e-06   3.8e-05   18.5   0.2    97   192    54   145    49   148 0.79 -
ctg000001_P:612422-613405   -            328 1014314at2759        -            222   2.5e-14   48.6   7.0   2   4   3.9e-08   4.3e-07   24.9   1.2     2    82   165   264   164   278 0.75 -
ctg000001_P:612422-613405   -            328 1014314at2759        -            222   2.5e-14   48.6   7.0   3   4       1.3        14    0.3   0.1    33    65   248   282   239   293 0.71 -
ctg000001_P:612422-613405   -            328 1014314at2759        -            222   2.5e-14   48.6   7.0   4   4     0.025      0.27    5.9   0.0     2    28   295   321   294   327 0.88 -
ctg000001_P:814416-815378   -            321 1014314at2759        -            222   4.9e-14   47.6   8.1   1   3       2.7        29   -0.7   0.0    44    66    28    50    22    57 0.76 -
ctg000001_P:814416-815378   -            321 1014314at2759        -            222   4.9e-14   47.6   8.1   2   3   9.8e-05    0.0011   13.8   1.0   125   203    60   139    51   147 0.85 -
ctg000001_P:814416-815378   -            321 1014314at2759        -            222   4.9e-14   47.6   8.1   3   3   5.6e-10   6.1e-09   30.9   0.4     3   155   147   314   145   319 0.69 -
ctg000006_P:425866-427404   -            513 1014314at2759        -            222   1.5e-13   46.0   1.2   1   6   9.6e-06   0.00011   17.1   0.1    33    97    39   112    28   115 0.63 -
ctg000006_P:425866-427404   -            513 1014314at2759        -            222   1.5e-13   46.0   1.2   2   6    0.0012     0.014   10.2   0.1     6    64    88   156    83   165 0.55 -
ctg000006_P:425866-427404   -            513 1014314at2759        -            222   1.5e-13   46.0   1.2   3   6    0.0013     0.014   10.1   0.0   121   174   122   176   112   181 0.68 -
ctg000006_P:425866-427404   -            513 1014314at2759        -            222   1.5e-13   46.0   1.2   4   6     0.002     0.022    9.5   0.0    31    71   166   207   157   221 0.75 -
ctg000006_P:425866-427404   -            513 1014314at2759        -            222   1.5e-13   46.0   1.2   5   6      0.11       1.2    3.8   0.0    31    67   210   244   201   259 0.85 -
ctg000006_P:425866-427404   -            513 1014314at2759        -            222   1.5e-13   46.0   1.2   6   6       1.3        14    0.4   0.0    42    62   266   286   251   307 0.77 -
ctg000003_P:904315-907131   -            939 1014314at2759        -            222   1.6e-13   46.0   0.5   1   4     0.031      0.34    5.6   0.0   127   180   209   262   200   289 0.83 -
ctg000003_P:904315-907131   -            939 1014314at2759        -            222   1.6e-13   46.0   0.5   2   4       1.2        13    0.4   0.0     2    31   463   492   462   496 0.68 -
ctg000003_P:904315-907131   -            939 1014314at2759        -            222   1.6e-13   46.0   0.5   3   4   1.3e-05   0.00015   16.6   0.0   125   194   503   571   493   579 0.90 -
ctg000003_P:904315-907131   -            939 1014314at2759        -            222   1.6e-13   46.0   0.5   4   4   2.5e-05   0.00027   15.8   0.0   123   183   583   643   573   657 0.86 -
ctg000002_P:347764-348912   -            383 1014314at2759        -            222   2.3e-13   45.4   9.5   1   5   0.00023    0.0025   12.6   0.1    29   165    52    97    25   138 0.58 -
ctg000002_P:347764-348912   -            383 1014314at2759        -            222   2.3e-13   45.4   9.5   2   5   8.9e-05   0.00097   13.9   0.8    29   157    52   177    49   194 0.74 -
ctg000002_P:347764-348912   -            383 1014314at2759        -            222   2.3e-13   45.4   9.5   3   5   5.9e-07   6.5e-06   21.1   0.1   134   190   202   258   198   273 0.90 -
ctg000002_P:347764-348912   -            383 1014314at2759        -            222   2.3e-13   45.4   9.5   4   5      0.13       1.5    3.5   0.0   167   197   314   346   304   352 0.65 -
ctg000002_P:347764-348912   -            383 1014314at2759        -            222   2.3e-13   45.4   9.5   5   5     0.055       0.6    4.8   0.1   127   151   358   382   348   383 0.62 -
ctg000022_P:317560-318594   -            345 1014314at2759        -            222   3.7e-13   44.8   0.1   1   3    0.0033     0.036    8.8   0.0    35    67     4    36     1   106 0.68 -
ctg000022_P:317560-318594   -            345 1014314at2759        -            222   3.7e-13   44.8   0.1   2   3   1.2e-07   1.3e-06   23.3   0.0   112   188   206   291   198   305 0.79 -
ctg000022_P:317560-318594   -            345 1014314at2759        -            222   3.7e-13   44.8   0.1   3   3    0.0029     0.031    9.0   0.0     1    27   318   344   317   345 0.69 -
ctg000006_P:511291-511854   -            188 1014314at2759        -            222     1e-12   43.3   6.1   1   2     5e-12   5.5e-11   37.6   2.0    33   154     3   130     1   149 0.72 -
ctg000006_P:511291-511854   -            188 1014314at2759        -            222     1e-12   43.3   6.1   2   2      0.49       5.4    1.7   0.1    33    60   161   188   158   188 0.88 -
ctg000003_P:529791-530570   -            260 1014314at2759        -            222     1e-12   43.3   9.9   1   4    0.0022     0.024    9.4   0.0    12    40     1    29     1    33 0.91 -
ctg000003_P:529791-530570   -            260 1014314at2759        -            222     1e-12   43.3   9.9   2   4   5.4e-06   5.9e-05   17.9   0.2     9    66    44   113    34   124 0.80 -
ctg000003_P:529791-530570   -            260 1014314at2759        -            222     1e-12   43.3   9.9   3   4   5.7e-05   0.00062   14.6   0.5   134   187   147   207   144   219 0.81 -
ctg000003_P:529791-530570   -            260 1014314at2759        -            222     1e-12   43.3   9.9   4   4      0.54       5.9    1.6   0.2     6    26   240   260   236   260 0.84 -
ctg000003_P:955379-956035   -            219 1014314at2759        -            222     3e-12   41.8   0.1   1   2   1.1e-06   1.2e-05   20.2   0.0    29    67    31    70    24    77 0.87 -
ctg000003_P:955379-956035   -            219 1014314at2759        -            222     3e-12   41.8   0.1   2   2   2.4e-06   2.6e-05   19.1   0.1     2    65    80   156    79   174 0.69 -
ctg000005_P:859375-859926   -            184 1014314at2759        -            222   4.8e-12   41.1   0.1   1   3   3.2e-05   0.00035   15.4   0.1    16    76     3    71     1    85 0.74 -
ctg000005_P:859375-859926   -            184 1014314at2759        -            222   4.8e-12   41.1   0.1   2   3       1.2        13    0.4   0.0    28    67    86   127    73   133 0.70 -
ctg000005_P:859375-859926   -            184 1014314at2759        -            222   4.8e-12   41.1   0.1   3   3   5.3e-07   5.8e-06   21.2   0.0    30    68   133   172   127   177 0.87 -
ctg000000_P:107994-108521   -            176 1014314at2759        -            222     1e-11   40.1   4.3   1   4    0.0035     0.038    8.7   0.0    36    71     1    37     1    47 0.77 -
ctg000000_P:107994-108521   -            176 1014314at2759        -            222     1e-11   40.1   4.3   2   4   0.00051    0.0056   11.4   0.1    32    75    49    92    44    98 0.79 -
ctg000000_P:107994-108521   -            176 1014314at2759        -            222     1e-11   40.1   4.3   3   4   0.00013    0.0014   13.4   0.1    27    67    93   137    88   143 0.81 -
ctg000000_P:107994-108521   -            176 1014314at2759        -            222     1e-11   40.1   4.3   4   4    0.0069     0.076    7.7   0.0    27    61   141   176   136   176 0.82 -
ctg000000_P:720767-721660   -            298 1014314at2759        -            222     2e-11   39.0   0.4   1   4     0.025      0.28    5.9   0.0    30    61    28    60     2    71 0.84 -
ctg000000_P:720767-721660   -            298 1014314at2759        -            222     2e-11   39.0   0.4   2   4     0.073       0.8    4.4   0.0    34    71   102   140    93   151 0.81 -
ctg000000_P:720767-721660   -            298 1014314at2759        -            222     2e-11   39.0   0.4   3   4     0.018      0.19    6.4   0.0    42    66   156   181   146   189 0.60 -
ctg000000_P:720767-721660   -            298 1014314at2759        -            222     2e-11   39.0   0.4   4   4     9e-06   9.8e-05   17.2   0.1    14    64   191   242   184   258 0.84 -
ctg000001_P:791651-792658   -            336 1014314at2759        -            222   2.4e-11   38.8   1.6   1   4   2.2e-05   0.00024   15.9   0.3     2    68     5    85     4    96 0.77 -
ctg000001_P:791651-792658   -            336 1014314at2759        -            222   2.4e-11   38.8   1.6   2   4       2.4        26   -0.5   0.0   126   155   103   134    93   149 0.77 -
ctg000001_P:791651-792658   -            336 1014314at2759        -            222   2.4e-11   38.8   1.6   3   4     0.035      0.39    5.4   0.0    19    64   191   240   181   248 0.75 -
ctg000001_P:791651-792658   -            336 1014314at2759        -            222   2.4e-11   38.8   1.6   4   4     0.001     0.011   10.5   0.1     2    29   300   327   299   333 0.91 -
ctg000006_P:63397-64572     -            392 1014314at2759        -            222   6.6e-11   37.4   0.5   1   5      0.14       1.5    3.5   0.0    36    65    11    42     4    51 0.62 -
ctg000006_P:63397-64572     -            392 1014314at2759        -            222   6.6e-11   37.4   0.5   2   5    0.0041     0.044    8.5   0.0   126   154    68    96    53   106 0.62 -
ctg000006_P:63397-64572     -            392 1014314at2759        -            222   6.6e-11   37.4   0.5   3   5   0.00037     0.004   11.9   0.0    33    62   140   169   116   175 0.79 -
ctg000006_P:63397-64572     -            392 1014314at2759        -            222   6.6e-11   37.4   0.5   4   5     0.035      0.38    5.5   0.0    30    62   179   211   173   220 0.87 -
ctg000006_P:63397-64572     -            392 1014314at2759        -            222   6.6e-11   37.4   0.5   5   5      0.63       6.9    1.3   0.0   169   185   371   387   340   391 0.63 -
ctg000007_P:370322-371467   -            382 1014314at2759        -            222   8.5e-11   37.0   7.3   1   4   1.9e-06   2.1e-05   19.4   1.5    57   191     4   143     1   157 0.74 -
ctg000007_P:370322-371467   -            382 1014314at2759        -            222   8.5e-11   37.0   7.3   2   4    0.0029     0.031    9.0   0.0    31    70   213   252   210   260 0.84 -
ctg000007_P:370322-371467   -            382 1014314at2759        -            222   8.5e-11   37.0   7.3   3   4       0.2       2.2    3.0   0.0     7    33   306   332   299   336 0.66 -
ctg000007_P:370322-371467   -            382 1014314at2759        -            222   8.5e-11   37.0   7.3   4   4       5.8        63   -1.8   0.0     4    15   367   378   365   381 0.80 -
ctg000009_P:411506-412216   -            237 1014314at2759        -            222   1.3e-10   36.4   0.0   1   2   9.9e-09   1.1e-07   26.9   0.0    30    88    25    90    16   145 0.86 -
ctg000009_P:411506-412216   -            237 1014314at2759        -            222   1.3e-10   36.4   0.0   2   2       0.2       2.2    3.0   0.0    41   159   173   200   168   233 0.67 -
ctg000002_P:1021755-1022342 -            196 1014314at2759        -            222   1.6e-10   36.2   0.3   1   2     3e-05   0.00033   15.5   0.1    31    70    46    86     5    90 0.86 -
ctg000002_P:1021755-1022342 -            196 1014314at2759        -            222   1.6e-10   36.2   0.3   2   2   6.4e-06     7e-05   17.7   0.0   119   153   153   188   149   193 0.88 -
ctg000005_P:740318-741160   -            281 1014314at2759        -            222     2e-10   35.8   2.6   1   3     0.009     0.098    7.4   0.0   164   195    29    60     3    77 0.77 -
ctg000005_P:740318-741160   -            281 1014314at2759        -            222     2e-10   35.8   2.6   2   3   1.3e-05   0.00014   16.7   0.1   136   199   133   198   125   207 0.61 -
ctg000005_P:740318-741160   -            281 1014314at2759        -            222     2e-10   35.8   2.6   3   3   5.9e-08   6.5e-07   24.3   0.5     2    74   166   246   165   257 0.83 -
ctg000007_P:208606-208944   -            113 1014314at2759        -            222   3.6e-10   35.0   0.2   1   3   0.00073     0.008   10.9   0.0    32    71     1    41     1    43 0.90 -
ctg000007_P:208606-208944   -            113 1014314at2759        -            222   3.6e-10   35.0   0.2   2   3   1.6e-05   0.00018   16.4   0.0    31    63    44    78    41    83 0.86 -
ctg000007_P:208606-208944   -            113 1014314at2759        -            222   3.6e-10   35.0   0.2   3   3     0.046      0.51    5.1   0.0    29    54    86   111    80   113 0.88 -
ctg000006_P:442717-443733   -            339 1014314at2759        -            222   4.4e-10   34.7   1.3   1   4   9.2e-05     0.001   13.9   0.0     2    28    19    45     9    55 0.77 -
ctg000006_P:442717-443733   -            339 1014314at2759        -            222   4.4e-10   34.7   1.3   2   4   6.2e-05   0.00068   14.4   0.1     5    62   127   191   123   200 0.80 -
ctg000006_P:442717-443733   -            339 1014314at2759        -            222   4.4e-10   34.7   1.3   3   4       3.6        39   -1.1   0.0   125   164   204   244   196   253 0.77 -
ctg000006_P:442717-443733   -            339 1014314at2759        -            222   4.4e-10   34.7   1.3   4   4      0.79       8.6    1.0   0.0    48    65   287   304   261   314 0.74 -
ctg000014_P:161740-163017   -            426 1014314at2759        -            222   7.2e-10   34.0   3.5   1   3   4.8e-07   5.3e-06   21.4   0.0   128   190    30    96    20    97 0.89 -
ctg000014_P:161740-163017   -            426 1014314at2759        -            222   7.2e-10   34.0   3.5   2   3   3.7e-06   4.1e-05   18.5   0.4    31   193    70   241    66   259 0.74 -
ctg000014_P:161740-163017   -            426 1014314at2759        -            222   7.2e-10   34.0   3.5   3   3      0.91        10    0.8   0.1    95   146   263   314   257   337 0.56 -
ctg000107_P:182199-182945   -            249 1014314at2759        -            222   1.5e-09   33.0   0.5   1   3   1.7e-05   0.00018   16.3   0.0   128   200   120   190   106   192 0.78 -
ctg000107_P:182199-182945   -            249 1014314at2759        -            222   1.5e-09   33.0   0.5   2   3    0.0099      0.11    7.2   0.0    12    30   167   185   164   202 0.68 -
ctg000107_P:182199-182945   -            249 1014314at2759        -            222   1.5e-09   33.0   0.5   3   3   0.00054     0.006   11.4   0.2    12    43   207   245   198   248 0.61 -
ctg000012_P:99507-100076    -            190 1014314at2759        -            222   1.6e-09   32.8   0.0   1   2      0.38       4.2    2.1   0.0   166   202    28    65     3    80 0.82 -
ctg000012_P:99507-100076    -            190 1014314at2759        -            222   1.6e-09   32.8   0.0   2   2   2.1e-09   2.3e-08   29.1   0.0   109   185   105   183    81   190 0.91 -
ctg000006_P:423485-425329   -            615 1014314at2759        -            222   3.6e-09   31.7   4.7   1   6      0.15       1.6    3.4   0.0   125   186    65   136    49   145 0.75 -
ctg000006_P:423485-425329   -            615 1014314at2759        -            222   3.6e-09   31.7   4.7   2   6      0.63       6.9    1.4   0.0   130   170   212   253   197   260 0.69 -
ctg000006_P:423485-425329   -            615 1014314at2759        -            222   3.6e-09   31.7   4.7   3   6   0.00092      0.01   10.6   0.1   136   163   264   291   256   318 0.83 -
ctg000006_P:423485-425329   -            615 1014314at2759        -            222   3.6e-09   31.7   4.7   4   6       0.2       2.2    2.9   0.1    14    93   350   432   331   439 0.76 -
ctg000006_P:423485-425329   -            615 1014314at2759        -            222   3.6e-09   31.7   4.7   5   6      0.39       4.2    2.0   0.0   130   156   494   520   459   546 0.77 -
ctg000006_P:423485-425329   -            615 1014314at2759        -            222   3.6e-09   31.7   4.7   6   6     0.024      0.27    6.0   0.0    18    62   569   612   550   614 0.74 -
ctg000006_P:471667-472014   -            116 1014314at2759        -            222   6.1e-09   31.0   0.2   1   2   5.5e-06     6e-05   17.9   0.0   128   186     2    59     1    76 0.86 -
ctg000006_P:471667-472014   -            116 1014314at2759        -            222   6.1e-09   31.0   0.2   2   2    0.0005    0.0055   11.5   0.1     3    27    92   116    90   116 0.90 -
ctg000006_P:345566-347986   -            807 1014314at2759        -            222   8.1e-09   30.5   0.4   1   4   0.00016    0.0017   13.1   0.0     1    33   439   471   439   513 0.62 -
ctg000006_P:345566-347986   -            807 1014314at2759        -            222   8.1e-09   30.5   0.4   2   4      0.28         3    2.5   0.0    33    64   639   669   596   674 0.77 -
ctg000006_P:345566-347986   -            807 1014314at2759        -            222   8.1e-09   30.5   0.4   3   4     0.012      0.13    7.0   0.0   128   190   684   747   649   763 0.66 -
ctg000006_P:345566-347986   -            807 1014314at2759        -            222   8.1e-09   30.5   0.4   4   4       1.9        20   -0.2   0.0    39    61   784   806   772   807 0.86 -
ctg000006_P:472354-472848   -            165 1014314at2759        -            222   3.5e-08   28.5   1.8   1   3      0.21       2.3    2.9   0.0    30    61     3    35     1    44 0.84 -
ctg000006_P:472354-472848   -            165 1014314at2759        -            222   3.5e-08   28.5   1.8   2   3    0.0025     0.027    9.2   0.1    30    67    51    88    46    98 0.86 -
ctg000006_P:472354-472848   -            165 1014314at2759        -            222   3.5e-08   28.5   1.8   3   3   3.3e-05   0.00036   15.3   0.1   118   167    89   139    87   151 0.77 -
ctg000000_P:502784-503221   -            146 1014314at2759        -            222   4.5e-08   28.1   0.1   1   1   6.6e-09   7.2e-08   27.5   0.1    31   153    22   146    12   146 0.80 -
ctg000001_P:614373-615062   -            230 1014314at2759        -            222   4.6e-08   28.1   0.0   1   1   1.8e-07     2e-06   22.8   0.0     2   184     5   216     4   226 0.60 -
ctg000002_P:264130-264882   -            251 1014314at2759        -            222   6.1e-08   27.7   2.9   1   3   3.7e-06   4.1e-05   18.4   0.3   115   188    22    96     9   113 0.77 -
ctg000002_P:264130-264882   -            251 1014314at2759        -            222   6.1e-08   27.7   2.9   2   3       2.1        22   -0.3   0.0    16    27   154   165   146   175 0.64 -
ctg000002_P:264130-264882   -            251 1014314at2759        -            222   6.1e-08   27.7   2.9   3   3    0.0076     0.083    7.6   0.1   131   163   201   233   182   248 0.61 -
ctg000007_P:46219-47154     -            312 1014314at2759        -            222   6.9e-08   27.5   0.1   1   4       0.1       1.1    3.9   0.0   128   159     2    33     1    45 0.81 -
ctg000007_P:46219-47154     -            312 1014314at2759        -            222   6.9e-08   27.5   0.1   2   4   4.4e-05   0.00048   14.9   0.0   121   162    45    86    40   111 0.81 -
ctg000007_P:46219-47154     -            312 1014314at2759        -            222   6.9e-08   27.5   0.1   3   4       1.9        21   -0.2   0.0    46    70   228   252   216   259 0.84 -
ctg000007_P:46219-47154     -            312 1014314at2759        -            222   6.9e-08   27.5   0.1   4   4      0.15       1.7    3.4   0.0   140   164   279   303   267   312 0.70 -
ctg000009_P:40505-40990     -            162 1014314at2759        -            222   7.7e-08   27.4   3.4   1   3    0.0006    0.0065   11.2   0.3    14    61    22    76    11    77 0.75 -
ctg000009_P:40505-40990     -            162 1014314at2759        -            222   7.7e-08   27.4   3.4   2   3   1.8e-06   1.9e-05   19.5   0.3   121   201    43   125    38   139 0.80 -
ctg000009_P:40505-40990     -            162 1014314at2759        -            222   7.7e-08   27.4   3.4   3   3     0.021      0.23    6.2   0.0     8    31   139   161   132   162 0.72 -
ctg000010_P:529662-530078   -            139 1014314at2759        -            222   7.7e-08   27.3   0.3   1   3   6.3e-06   6.9e-05   17.7   0.1   126   186    15    79     5    80 0.77 -
ctg000010_P:529662-530078   -            139 1014314at2759        -            222   7.7e-08   27.3   0.3   2   3   0.00055    0.0061   11.3   0.1    30    68    54    93    50    97 0.83 -
ctg000010_P:529662-530078   -            139 1014314at2759        -            222   7.7e-08   27.3   0.3   3   3     0.059      0.64    4.7   0.0    27    57   108   138    97   139 0.89 -
ctg000009_P:404745-405506   -            254 1014314at2759        -            222     8e-08   27.3   1.7   1   3   1.1e-06   1.2e-05   20.1   1.1    12    70    43   109    33   169 0.80 -
ctg000009_P:404745-405506   -            254 1014314at2759        -            222     8e-08   27.3   1.7   2   3       1.5        17    0.1   0.0   135   156   173   194   154   199 0.83 -
ctg000009_P:404745-405506   -            254 1014314at2759        -            222     8e-08   27.3   1.7   3   3      0.31       3.3    2.4   0.0   135   153   236   254   219   254 0.78 -
ctg000000_P:176361-176873   -            171 1014314at2759        -            222   1.1e-07   26.9   0.1   1   3   0.00035    0.0038   12.0   0.0    39    88     4    54     1    58 0.69 -
ctg000000_P:176361-176873   -            171 1014314at2759        -            222   1.1e-07   26.9   0.1   2   3   0.00093      0.01   10.6   0.0    34    65    56    87    49    95 0.81 -
ctg000000_P:176361-176873   -            171 1014314at2759        -            222   1.1e-07   26.9   0.1   3   3      0.81       8.8    1.0   0.0   200   200   145   145   101   170 0.51 -
ctg000001_P:1021567-1022013 -            149 1014314at2759        -            222   1.1e-07   26.9   0.1   1   2   0.00021    0.0023   12.7   0.0   159   209    19    74    12    78 0.84 -
ctg000001_P:1021567-1022013 -            149 1014314at2759        -            222   1.1e-07   26.9   0.1   2   2   0.00027    0.0029   12.4   0.1    31    67    82   118    78   145 0.77 -
ctg000001_P:196721-197236   -            172 1014314at2759        -            222     4e-07   25.0   0.2   1   2   1.9e-05   0.00021   16.1   0.0   122   187    13    85     7   108 0.82 -
ctg000001_P:196721-197236   -            172 1014314at2759        -            222     4e-07   25.0   0.2   2   2     0.012      0.13    7.0   0.2    26    66   104   146    93   163 0.75 -
ctg000009_P:221813-222463   -            217 1014314at2759        -            222     6e-07   24.4   0.3   1   3   0.00018    0.0019   13.0   0.0   127   160     1    34     1    62 0.80 -
ctg000009_P:221813-222463   -            217 1014314at2759        -            222     6e-07   24.4   0.3   2   3    0.0033     0.036    8.8   0.0     8   185   114   165   107   186 0.54 -
ctg000009_P:221813-222463   -            217 1014314at2759        -            222     6e-07   24.4   0.3   3   3      0.22       2.4    2.8   0.0   129   157   151   179   144   200 0.77 -
ctg000010_P:252880-253308   -            143 1014314at2759        -            222   1.5e-06   23.2   0.0   1   1     2e-07   2.2e-06   22.6   0.0   122   179    11    68     7    80 0.90 -
ctg000001_P:958594-958998   -            135 1014314at2759        -            222   8.2e-06   20.7   0.0   1   2    0.0018      0.02    9.6   0.0   127   155     3    31     1    49 0.82 -
ctg000001_P:958594-958998   -            135 1014314at2759        -            222   8.2e-06   20.7   0.0   2   2     0.002     0.022    9.5   0.0    34    71    60    99    52   118 0.73 -
ctg000008_P:207980-208870   -            297 1014314at2759        -            222   2.8e-05   19.0   2.2   1   4      0.33       3.6    2.3   0.1   141   202     3    69     1    76 0.63 -
ctg000008_P:207980-208870   -            297 1014314at2759        -            222   2.8e-05   19.0   2.2   2   4       1.7        19   -0.1   0.0   131   156    79   108    73   114 0.76 -
ctg000008_P:207980-208870   -            297 1014314at2759        -            222   2.8e-05   19.0   2.2   3   4   0.00059    0.0064   11.3   0.0    30    67   117   155   111   166 0.69 -
ctg000008_P:207980-208870   -            297 1014314at2759        -            222   2.8e-05   19.0   2.2   4   4      0.42       4.6    1.9   0.0    31    63   262   295   249   297 0.69 -
ctg000000_P:591069-594044   -            992 1014314at2759        -            222   3.6e-05   18.6   0.1   1   1   6.7e-06   7.3e-05   17.6   0.1    93   153   116   182   106   218 0.76 -
ctg000012_P:294226-294549   -            108 1014314at2759        -            222   4.4e-05   18.3   0.0   1   2    0.0066     0.072    7.8   0.0   148   191     4    49     1    63 0.68 -
ctg000012_P:294226-294549   -            108 1014314at2759        -            222   4.4e-05   18.3   0.0   2   2     0.003     0.032    9.0   0.0   125   153    78   107    56   108 0.69 -
ctg000002_P:933767-937114   -           1116 1014314at2759        -            222   0.00022   16.0   0.6   1   2       4.1        45   -1.3   0.0   138   153   177   192   160   203 0.75 -
ctg000002_P:933767-937114   -           1116 1014314at2759        -            222   0.00022   16.0   0.6   2   2   0.00012    0.0013   13.5   0.2     5    68   241   303   238   344 0.81 -
ctg000007_P:378296-382657   -           1454 1014314at2759        -            222   0.00023   16.0   2.5   1   3    0.0019     0.021    9.6   0.1   126   194  1082  1156  1076  1174 0.68 -
ctg000007_P:378296-382657   -           1454 1014314at2759        -            222   0.00023   16.0   2.5   2   3      0.18       1.9    3.1   0.2   123   173  1230  1281  1216  1295 0.80 -
ctg000007_P:378296-382657   -           1454 1014314at2759        -            222   0.00023   16.0   2.5   3   3       4.7        52   -1.5   0.0   139   163  1293  1317  1277  1323 0.62 -
ctg000002_P:320378-322726   -            213 1014314at2759        -            222   0.00078   14.2   0.3   1   3       1.7        18   -0.0   0.0    54    68     1    15     1    27 0.78 -
ctg000002_P:320378-322726   -            213 1014314at2759        -            222   0.00078   14.2   0.3   2   3    0.0037      0.04    8.7   0.0    26    93    17    85    11    98 0.74 -
ctg000002_P:320378-322726   -            213 1014314at2759        -            222   0.00078   14.2   0.3   3   3      0.28       3.1    2.5   0.0    46    61   196   212   175   213 0.68 -
#
# Program:         hmmsearch
# Version:         3.1b2 (February 2015)
# Pipeline mode:   SEARCH
# Query file:      /Users/dominiquefastus/DeNovoProj/BUSCO_ass/busco_downloads/lineages/eukaryota_odb10/hmms/1014314at2759.hmm
# Target file:     /Users/dominiquefastus/DeNovoProj/BUSCO_ass/busco_out/auto_lineage/run_eukaryota_odb10/metaeuk_output/initial_results/asm_ctgs_m.fa.modified.fas
# Option settings: hmmsearch --domtblout /Users/dominiquefastus/DeNovoProj/BUSCO_ass/busco_out/auto_lineage/run_eukaryota_odb10/hmmer_output/initial_run_results/1014314at2759.out --cpu 1 /Users/dominiquefastus/DeNovoProj/BUSCO_ass/busco_downloads/lineages/eukaryota_odb10/hmms/1014314at2759.hmm /Users/dominiquefastus/DeNovoProj/BUSCO_ass/busco_out/auto_lineage/run_eukaryota_odb10/metaeuk_output/initial_results/asm_ctgs_m.fa.modified.fas 
# Current dir:     /Users/dominiquefastus/DeNovoProj/BUSCO_ass
# Date:            Fri Feb 24 11:50:18 2023
# [ok]
