#                                                                                   --- full sequence --- -------------- this domain -------------   hmm coord   ali coord   env coord
# target name               accession   tlen query name           accession   qlen   E-value  score  bias   #  of  c-Evalue  i-Evalue  score  bias  from    to  from    to  from    to  acc description of target
#       ------------------- ---------- ----- -------------------- ---------- ----- --------- ------ ----- --- --- --------- --------- ------ ----- ----- ----- ----- ----- ----- ----- ---- ---------------------
ctg000005_P:68536-70011     -            492 1173229at2759        -            211   5.6e-19   64.0   4.1   1   4       0.6        12    0.8   0.0    11    30    33    53    23    60 0.87 -
ctg000005_P:68536-70011     -            492 1173229at2759        -            211   5.6e-19   64.0   4.1   2   4   0.00018    0.0037   12.3   0.1    27    57   126   157   122   170 0.80 -
ctg000005_P:68536-70011     -            492 1173229at2759        -            211   5.6e-19   64.0   4.1   3   4   0.00051      0.01   10.9   0.0    49   109   180   257   172   264 0.76 -
ctg000005_P:68536-70011     -            492 1173229at2759        -            211   5.6e-19   64.0   4.1   4   4   1.4e-11   2.8e-10   35.6   0.3   106   179   273   359   268   401 0.65 -
ctg000006_P:511291-511854   -            188 1173229at2759        -            211   4.3e-11   38.3   1.8   1   3   2.6e-05   0.00053   15.1   0.0    60    90    15    45     1    50 0.81 -
ctg000006_P:511291-511854   -            188 1173229at2759        -            211   4.3e-11   38.3   1.8   2   3   0.00011    0.0022   13.1   0.1    57    80    57    80    46    90 0.83 -
ctg000006_P:511291-511854   -            188 1173229at2759        -            211   4.3e-11   38.3   1.8   3   3    0.0028     0.058    8.4   0.0    61    90   112   141   102   145 0.86 -
ctg000022_P:212196-214076   -            627 1173229at2759        -            211   3.2e-08   28.9   4.3   1   5       4.6        94   -2.0   0.0    72    81   335   344   327   350 0.71 -
ctg000022_P:212196-214076   -            627 1173229at2759        -            211   3.2e-08   28.9   4.3   2   5       1.2        25   -0.2   0.0    63    80   368   385   356   391 0.67 -
ctg000022_P:212196-214076   -            627 1173229at2759        -            211   3.2e-08   28.9   4.3   3   5     9e-09   1.8e-07   26.4   0.2    62   187   426   557   412   569 0.84 -
ctg000022_P:212196-214076   -            627 1173229at2759        -            211   3.2e-08   28.9   4.3   4   5       4.9     1e+02   -2.1   0.0    61    88   569   596   556   605 0.76 -
ctg000022_P:212196-214076   -            627 1173229at2759        -            211   3.2e-08   28.9   4.3   5   5       1.1        22   -0.0   0.0    59    76   608   625   587   627 0.65 -
ctg000008_P:156612-157520   -            303 1173229at2759        -            211   3.9e-08   28.6   5.6   1   6      0.31       6.4    1.8   0.0   188   204     2    18     1    23 0.88 -
ctg000008_P:156612-157520   -            303 1173229at2759        -            211   3.9e-08   28.6   5.6   2   6      0.42       8.6    1.3   0.0    85   110    39    64    32    78 0.81 -
ctg000008_P:156612-157520   -            303 1173229at2759        -            211   3.9e-08   28.6   5.6   3   6   0.00032    0.0066   11.5   0.1    54    80    80   106    69   110 0.84 -
ctg000008_P:156612-157520   -            303 1173229at2759        -            211   3.9e-08   28.6   5.6   4   6    0.0026     0.054    8.5   0.0    64   108   131   181   124   185 0.80 -
ctg000008_P:156612-157520   -            303 1173229at2759        -            211   3.9e-08   28.6   5.6   5   6       1.9        38   -0.8   0.0   190   206   221   237   217   241 0.88 -
ctg000008_P:156612-157520   -            303 1173229at2759        -            211   3.9e-08   28.6   5.6   6   6      0.26       5.3    2.0   0.0   153   178   256   281   247   286 0.62 -
ctg000009_P:515852-517330   -            493 1173229at2759        -            211     5e-08   28.3   4.7   1   6       4.1        85   -1.9   0.0   194   206   188   200   172   202 0.74 -
ctg000009_P:515852-517330   -            493 1173229at2759        -            211     5e-08   28.3   4.7   2   6      0.02       0.4    5.7   0.0    58    79   222   243   212   253 0.84 -
ctg000009_P:515852-517330   -            493 1173229at2759        -            211     5e-08   28.3   4.7   3   6       1.5        32   -0.5   0.0    28    55   272   301   259   311 0.66 -
ctg000009_P:515852-517330   -            493 1173229at2759        -            211     5e-08   28.3   4.7   4   6    0.0017     0.035    9.1   0.0    61    80   349   368   344   373 0.89 -
ctg000009_P:515852-517330   -            493 1173229at2759        -            211     5e-08   28.3   4.7   5   6    0.0047     0.096    7.7   0.1    63    89   391   417   383   430 0.58 -
ctg000009_P:515852-517330   -            493 1173229at2759        -            211     5e-08   28.3   4.7   6   6      0.38       7.7    1.5   0.0   121   171   428   488   419   493 0.57 -
ctg000003_P:379491-382301   -            937 1173229at2759        -            211   7.9e-08   27.6  14.9   1   8     0.013      0.26    6.3   0.1    55    81    85   111    77   125 0.86 -
ctg000003_P:379491-382301   -            937 1173229at2759        -            211   7.9e-08   27.6  14.9   2   8     0.074       1.5    3.8   0.1    63    81    93   111    91   151 0.87 -
ctg000003_P:379491-382301   -            937 1173229at2759        -            211   7.9e-08   27.6  14.9   3   8     0.031      0.63    5.1   0.1    62    84   175   197   161   207 0.82 -
ctg000003_P:379491-382301   -            937 1173229at2759        -            211   7.9e-08   27.6  14.9   4   8       1.8        37   -0.7   0.0   191   206   217   232   203   236 0.77 -
ctg000003_P:379491-382301   -            937 1173229at2759        -            211   7.9e-08   27.6  14.9   5   8      0.27       5.5    2.0   0.0    63    90   444   471   441   478 0.87 -
ctg000003_P:379491-382301   -            937 1173229at2759        -            211   7.9e-08   27.6  14.9   6   8     0.017      0.34    5.9   0.0    39    73   483   517   470   548 0.79 -
ctg000003_P:379491-382301   -            937 1173229at2759        -            211   7.9e-08   27.6  14.9   7   8     0.075       1.5    3.8   0.2   189   208   628   647   578   650 0.61 -
ctg000003_P:379491-382301   -            937 1173229at2759        -            211   7.9e-08   27.6  14.9   8   8      0.94        19    0.2   0.0   191   205   672   686   663   690 0.87 -
ctg000002_P:1021755-1022342 -            196 1173229at2759        -            211   1.1e-07   27.1   0.0   1   4      0.14       2.8    2.9   0.0    58    85    10    37     2    45 0.82 -
ctg000002_P:1021755-1022342 -            196 1173229at2759        -            211   1.1e-07   27.1   0.0   2   4   0.00022    0.0045   12.1   0.0    61    84    61    84    48    90 0.88 -
ctg000002_P:1021755-1022342 -            196 1173229at2759        -            211   1.1e-07   27.1   0.0   3   4    0.0045     0.093    7.8   0.0    25    83    92   150    88   156 0.93 -
ctg000002_P:1021755-1022342 -            196 1173229at2759        -            211   1.1e-07   27.1   0.0   4   4       6.5   1.3e+02   -2.5   0.0    15    72   172   182   164   188 0.47 -
ctg000005_P:675694-676578   -            295 1173229at2759        -            211   4.5e-07   25.1   8.4   1   7     0.083       1.7    3.6   0.1    62    81    12    31     8    44 0.83 -
ctg000005_P:675694-676578   -            295 1173229at2759        -            211   4.5e-07   25.1   8.4   2   7     0.049         1    4.4   0.0   191   206    56    71    40    76 0.73 -
ctg000005_P:675694-676578   -            295 1173229at2759        -            211   4.5e-07   25.1   8.4   3   7     0.038      0.78    4.7   0.0    63    81    97   115    86   117 0.85 -
ctg000005_P:675694-676578   -            295 1173229at2759        -            211   4.5e-07   25.1   8.4   4   7     0.099         2    3.4   0.0   185   205   134   154   125   160 0.81 -
ctg000005_P:675694-676578   -            295 1173229at2759        -            211   4.5e-07   25.1   8.4   5   7       1.8        36   -0.7   0.0    26    49   163   187   154   193 0.67 -
ctg000005_P:675694-676578   -            295 1173229at2759        -            211   4.5e-07   25.1   8.4   6   7    0.0064      0.13    7.3   0.0    33    85   190   244   174   257 0.78 -
ctg000005_P:675694-676578   -            295 1173229at2759        -            211   4.5e-07   25.1   8.4   7   7       2.1        44   -1.0   0.0   189   205   271   287   258   292 0.61 -
ctg000008_P:735513-736907   -            465 1173229at2759        -            211     6e-07   24.7   3.0   1   4    0.0004    0.0081   11.2   1.0   121   205   105   206    98   208 0.62 -
ctg000008_P:735513-736907   -            465 1173229at2759        -            211     6e-07   24.7   3.0   2   4    0.0059      0.12    7.4   0.1    38    88   166   216   163   226 0.68 -
ctg000008_P:735513-736907   -            465 1173229at2759        -            211     6e-07   24.7   3.0   3   4      0.64        13    0.7   0.0   191   204   234   247   230   252 0.71 -
ctg000008_P:735513-736907   -            465 1173229at2759        -            211     6e-07   24.7   3.0   4   4      0.06       1.2    4.1   0.0    87   127   315   355   250   377 0.77 -
ctg000002_P:320378-322726   -            213 1173229at2759        -            211   6.1e-07   24.7   0.0   1   2   3.8e-05   0.00078   14.5   0.0    58   101    34    84    19    92 0.78 -
ctg000002_P:320378-322726   -            213 1173229at2759        -            211   6.1e-07   24.7   0.0   2   2    0.0041     0.083    7.9   0.0   168   204   174   212   161   213 0.79 -
ctg000003_P:113154-114620   -            489 1173229at2759        -            211   3.2e-06   22.4   6.0   1   5     0.032      0.66    5.0   0.0    62    83    81   102    71   115 0.75 -
ctg000003_P:113154-114620   -            489 1173229at2759        -            211   3.2e-06   22.4   6.0   2   5     0.012      0.24    6.4   0.4    17   105    83   177    83   185 0.64 -
ctg000003_P:113154-114620   -            489 1173229at2759        -            211   3.2e-06   22.4   6.0   3   5       2.4        50   -1.2   0.0    58    79   188   207   177   215 0.73 -
ctg000003_P:113154-114620   -            489 1173229at2759        -            211   3.2e-06   22.4   6.0   4   5      0.29       5.8    1.9   0.0    52    87   224   258   213   268 0.74 -
ctg000003_P:113154-114620   -            489 1173229at2759        -            211   3.2e-06   22.4   6.0   5   5    0.0012     0.025    9.6   0.1   121   175   317   376   313   388 0.78 -
ctg000000_P:1096355-1184297 -            372 1173229at2759        -            211   4.8e-06   21.8   4.3   1   5      0.49        10    1.1   0.0    62    78    33    49    29    54 0.70 -
ctg000000_P:1096355-1184297 -            372 1173229at2759        -            211   4.8e-06   21.8   4.3   2   5      0.17       3.4    2.6   0.0    29    60    62    97    58   105 0.57 -
ctg000000_P:1096355-1184297 -            372 1173229at2759        -            211   4.8e-06   21.8   4.3   3   5      0.16       3.2    2.7   0.0    28    56   148   177   118   193 0.83 -
ctg000000_P:1096355-1184297 -            372 1173229at2759        -            211   4.8e-06   21.8   4.3   4   5     0.048      0.98    4.4   0.1   146   176   249   279   211   290 0.66 -
ctg000000_P:1096355-1184297 -            372 1173229at2759        -            211   4.8e-06   21.8   4.3   5   5     0.011      0.22    6.6   0.0    62    79   315   332   298   355 0.81 -
ctg000012_P:294226-294549   -            108 1173229at2759        -            211     1e-05   20.7   0.2   1   2    0.0031     0.064    8.3   0.0   121   137    36    52    14    67 0.60 -
ctg000012_P:294226-294549   -            108 1173229at2759        -            211     1e-05   20.7   0.2   2   2   0.00069     0.014   10.4   0.0    48    77    77   106    68   108 0.87 -
ctg000010_P:287571-288542   -            324 1173229at2759        -            211   1.3e-05   20.4   4.1   1   6     0.065       1.3    4.0   0.0   191   206    17    32     4    34 0.82 -
ctg000010_P:287571-288542   -            324 1173229at2759        -            211   1.3e-05   20.4   4.1   2   6      0.11       2.3    3.2   0.0   159   179    58    78    40    82 0.61 -
ctg000010_P:287571-288542   -            324 1173229at2759        -            211   1.3e-05   20.4   4.1   3   6       1.1        22    0.0   0.0   189   206   122   139   102   144 0.54 -
ctg000010_P:287571-288542   -            324 1173229at2759        -            211   1.3e-05   20.4   4.1   4   6      0.46       9.4    1.2   0.0   192   207   167   182   160   186 0.81 -
ctg000010_P:287571-288542   -            324 1173229at2759        -            211   1.3e-05   20.4   4.1   5   6      0.19       3.9    2.5   0.0   157   177   221   241   209   250 0.68 -
ctg000010_P:287571-288542   -            324 1173229at2759        -            211   1.3e-05   20.4   4.1   6   6     0.019      0.39    5.7   0.1    88   139   222   281   220   315 0.68 -
ctg000007_P:202424-203284   -            287 1173229at2759        -            211   1.4e-05   20.2   1.7   1   4       6.3   1.3e+02   -2.5   0.0    45    74    34    44    17    50 0.49 -
ctg000007_P:202424-203284   -            287 1173229at2759        -            211   1.4e-05   20.2   1.7   2   4      0.33       6.7    1.7   0.0   192   207    94   109    87   153 0.65 -
ctg000007_P:202424-203284   -            287 1173229at2759        -            211   1.4e-05   20.2   1.7   3   4    0.0019     0.039    9.0   0.0    29    78   182   233   163   241 0.78 -
ctg000007_P:202424-203284   -            287 1173229at2759        -            211   1.4e-05   20.2   1.7   4   4     0.026      0.54    5.3   0.0    48    82   246   280   238   284 0.79 -
ctg000002_P:264130-264882   -            251 1173229at2759        -            211   1.4e-05   20.2   0.7   1   4   0.00091     0.019   10.0   0.1   188   206    46    64    30    69 0.89 -
ctg000002_P:264130-264882   -            251 1173229at2759        -            211   1.4e-05   20.2   0.7   2   4      0.56        11    0.9   0.0   182   205    80   103    68   109 0.57 -
ctg000002_P:264130-264882   -            251 1173229at2759        -            211   1.4e-05   20.2   0.7   3   4      0.94        19    0.2   0.0   192   205   153   166   149   168 0.86 -
ctg000002_P:264130-264882   -            251 1173229at2759        -            211   1.4e-05   20.2   0.7   4   4     0.089       1.8    3.5   0.0   189   206   207   224   182   229 0.70 -
ctg000007_P:208606-208944   -            113 1173229at2759        -            211   2.2e-05   19.6   0.2   1   2    0.0014     0.029    9.4   0.0    62    83    16    37     9    51 0.86 -
ctg000007_P:208606-208944   -            113 1173229at2759        -            211   2.2e-05   19.6   0.2   2   2    0.0034     0.069    8.2   0.1    65    81    64    80    55   112 0.68 -
ctg000003_P:549495-551945   -            817 1173229at2759        -            211   2.2e-05   19.6  10.1   1   5      0.09       1.8    3.5   0.0   127   181    79   136    53   139 0.65 -
ctg000003_P:549495-551945   -            817 1173229at2759        -            211   2.2e-05   19.6  10.1   2   5    0.0021     0.042    8.9   0.0    63    83   162   182   154   193 0.86 -
ctg000003_P:549495-551945   -            817 1173229at2759        -            211   2.2e-05   19.6  10.1   3   5     0.021      0.44    5.6   0.1   149   209   503   566   477   568 0.67 -
ctg000003_P:549495-551945   -            817 1173229at2759        -            211   2.2e-05   19.6  10.1   4   5      0.15       3.2    2.8   0.0   190   206   589   605   575   610 0.71 -
ctg000003_P:549495-551945   -            817 1173229at2759        -            211   2.2e-05   19.6  10.1   5   5       3.7        76   -1.7   0.0    50    83   618   652   605   663 0.73 -
ctg000003_P:515183-515599   -            139 1173229at2759        -            211   3.1e-05   19.1   0.1   1   1   2.8e-06   5.8e-05   18.2   0.0    41    84    23    66     7    73 0.82 -
ctg000012_P:93489-94475     -            329 1173229at2759        -            211   3.3e-05   19.0   7.5   1   7      0.24       4.9    2.2   0.1   160   173    55    68    10    79 0.67 -
ctg000012_P:93489-94475     -            329 1173229at2759        -            211   3.3e-05   19.0   7.5   2   7      0.28       5.8    1.9   0.0    63    78    56    71    44    91 0.68 -
ctg000012_P:93489-94475     -            329 1173229at2759        -            211   3.3e-05   19.0   7.5   3   7     0.053       1.1    4.3   0.1    64    81   107   124    96   140 0.68 -
ctg000012_P:93489-94475     -            329 1173229at2759        -            211   3.3e-05   19.0   7.5   4   7       0.2         4    2.4   0.0   191   206   148   163   145   167 0.85 -
ctg000012_P:93489-94475     -            329 1173229at2759        -            211   3.3e-05   19.0   7.5   5   7       1.6        33   -0.5   0.0    56    78   222   244   215   249 0.82 -
ctg000012_P:93489-94475     -            329 1173229at2759        -            211   3.3e-05   19.0   7.5   6   7      0.17       3.4    2.6   0.0    29    59   257   288   252   298 0.71 -
ctg000012_P:93489-94475     -            329 1173229at2759        -            211   3.3e-05   19.0   7.5   7   7     0.068       1.4    3.9   0.1   191   205   315   329   309   329 0.91 -
ctg000012_P:149487-150092   -            202 1173229at2759        -            211   4.7e-05   18.5   0.3   1   3   0.00085     0.017   10.1   0.0    64    84    16    36    13    40 0.93 -
ctg000012_P:149487-150092   -            202 1173229at2759        -            211   4.7e-05   18.5   0.3   2   3      0.34       6.9    1.7   0.0    62    90    64    92    56   107 0.77 -
ctg000012_P:149487-150092   -            202 1173229at2759        -            211   4.7e-05   18.5   0.3   3   3      0.11       2.3    3.2   0.0    62    85   160   183   100   201 0.78 -
ctg000000_P:502784-503221   -            146 1173229at2759        -            211   8.4e-05   17.7   1.6   1   2     0.013      0.26    6.3   0.1    62    84    38    60    18    70 0.78 -
ctg000000_P:502784-503221   -            146 1173229at2759        -            211   8.4e-05   17.7   1.6   2   2    0.0018     0.037    9.1   0.0    60    78   128   146   125   146 0.92 -
ctg000001_P:612422-613405   -            328 1173229at2759        -            211   0.00013   17.1   0.1   1   3   0.00012    0.0024   12.9   0.0   112   186    82   160    72   169 0.80 -
ctg000001_P:612422-613405   -            328 1173229at2759        -            211   0.00013   17.1   0.1   2   3      0.36       7.3    1.6   0.0    27    70   159   203   157   218 0.75 -
ctg000001_P:612422-613405   -            328 1173229at2759        -            211   0.00013   17.1   0.1   3   3       6.6   1.4e+02   -2.6   0.0   161   204   306   320   298   324 0.55 -
ctg000012_P:112251-115019   -            923 1173229at2759        -            211   0.00015   16.9   3.9   1   7       2.3        46   -1.0   0.0    40    53   202   215   167   228 0.66 -
ctg000012_P:112251-115019   -            923 1173229at2759        -            211   0.00015   16.9   3.9   2   7      0.21       4.4    2.3   0.0     5    27   262   285   258   288 0.84 -
ctg000012_P:112251-115019   -            923 1173229at2759        -            211   0.00015   16.9   3.9   3   7    0.0034      0.07    8.2   0.2   158   179   356   377   302   421 0.48 -
ctg000012_P:112251-115019   -            923 1173229at2759        -            211   0.00015   16.9   3.9   4   7    0.0061      0.12    7.4   0.1   121   176   357   416   344   454 0.67 -
ctg000012_P:112251-115019   -            923 1173229at2759        -            211   0.00015   16.9   3.9   5   7      0.52        11    1.0   0.1    30   203   473   500   422   523 0.62 -
ctg000012_P:112251-115019   -            923 1173229at2759        -            211   0.00015   16.9   3.9   6   7       4.3        87   -1.9   0.0   115   138   521   544   509   549 0.79 -
ctg000012_P:112251-115019   -            923 1173229at2759        -            211   0.00015   16.9   3.9   7   7       9.6     2e+02   -3.1   0.0   161   181   591   611   585   613 0.84 -
ctg000022_P:317560-318594   -            345 1173229at2759        -            211   0.00024   16.2   0.0   1   3      0.38       7.7    1.5   0.0   160   189    15    44     4    53 0.84 -
ctg000022_P:317560-318594   -            345 1173229at2759        -            211   0.00024   16.2   0.0   2   3    0.0035     0.071    8.1   0.0    49   117   221   286   217   299 0.71 -
ctg000022_P:317560-318594   -            345 1173229at2759        -            211   0.00024   16.2   0.0   3   3      0.25       5.2    2.1   0.0    63    77   330   344   318   345 0.66 -
ctg000007_P:370322-371467   -            382 1173229at2759        -            211   0.00027   16.1   0.8   1   3      0.17       3.5    2.6   0.0    62    77    89   104    71   111 0.75 -
ctg000007_P:370322-371467   -            382 1173229at2759        -            211   0.00027   16.1   0.8   2   3    0.0012     0.024    9.7   0.1   122   181   228   290   223   297 0.83 -
ctg000007_P:370322-371467   -            382 1173229at2759        -            211   0.00027   16.1   0.8   3   3       4.9        99   -2.1   0.0    69    79   318   328   308   333 0.58 -
ctg000001_P:614373-615062   -            230 1173229at2759        -            211   0.00028   16.0   0.5   1   3      0.27       5.5    2.0   0.1   190   206    16    32     2    36 0.83 -
ctg000001_P:614373-615062   -            230 1173229at2759        -            211   0.00028   16.0   0.5   2   3      0.25       5.2    2.1   0.0    42    83   103   144    93   153 0.72 -
ctg000001_P:614373-615062   -            230 1173229at2759        -            211   0.00028   16.0   0.5   3   3     0.012      0.24    6.4   0.0    51    82   157   187   125   189 0.70 -
ctg000005_P:54978-55817     -            280 1173229at2759        -            211   0.00031   15.8   2.4   1   5       2.9        59   -1.4   0.0    61    65    48    52     3    69 0.57 -
ctg000005_P:54978-55817     -            280 1173229at2759        -            211   0.00031   15.8   2.4   2   5       0.7        14    0.6   0.0    29   210    80   115    73   130 0.51 -
ctg000005_P:54978-55817     -            280 1173229at2759        -            211   0.00031   15.8   2.4   3   5    0.0012     0.025    9.6   0.1    62    82   178   198   152   203 0.86 -
ctg000005_P:54978-55817     -            280 1173229at2759        -            211   0.00031   15.8   2.4   4   5      0.37       7.5    1.5   0.0    26    57   205   239   200   245 0.76 -
ctg000005_P:54978-55817     -            280 1173229at2759        -            211   0.00031   15.8   2.4   5   5       3.2        65   -1.5   0.0    48    76   252   280   248   280 0.74 -
ctg000000_P:107994-108521   -            176 1173229at2759        -            211   0.00034   15.7   0.2   1   4    0.0059      0.12    7.4   0.0    58    80     8    30     3    35 0.89 -
ctg000000_P:107994-108521   -            176 1173229at2759        -            211   0.00034   15.7   0.2   2   4      0.35       7.2    1.6   0.0    50    82    51    84    41    97 0.75 -
ctg000000_P:107994-108521   -            176 1173229at2759        -            211   0.00034   15.7   0.2   3   4      0.23       4.8    2.2   0.0    62    81   115   135   108   138 0.73 -
ctg000000_P:107994-108521   -            176 1173229at2759        -            211   0.00034   15.7   0.2   4   4       7.1   1.4e+02   -2.7   0.0   191   204   163   176   158   176 0.78 -
ctg000107_P:182199-182945   -            249 1173229at2759        -            211   0.00037   15.6   0.5   1   1   6.6e-05    0.0013   13.8   0.5   111   180   156   227   124   232 0.79 -
ctg000002_P:347764-348912   -            383 1173229at2759        -            211    0.0004   15.5   0.3   1   4       1.2        24   -0.1   0.0    50    88    57    95    49   112 0.67 -
ctg000002_P:347764-348912   -            383 1173229at2759        -            211    0.0004   15.5   0.3   2   4       1.2        25   -0.2   0.0    36   102   151   169   140   179 0.58 -
ctg000002_P:347764-348912   -            383 1173229at2759        -            211    0.0004   15.5   0.3   3   4      0.23       4.7    2.2   0.0    56    81   199   224   196   239 0.81 -
ctg000002_P:347764-348912   -            383 1173229at2759        -            211    0.0004   15.5   0.3   4   4     0.013      0.26    6.3   0.0    63    80   248   265   243   269 0.89 -
ctg000001_P:791651-792658   -            336 1173229at2759        -            211   0.00058   15.0   0.0   1   4       1.3        27   -0.3   0.0   190   205    16    31     9    35 0.80 -
ctg000001_P:791651-792658   -            336 1173229at2759        -            211   0.00058   15.0   0.0   2   4      0.36       7.4    1.6   0.0   191   205    65    79    59    83 0.89 -
ctg000001_P:791651-792658   -            336 1173229at2759        -            211   0.00058   15.0   0.0   3   4     0.013      0.26    6.3   0.0   160   180   222   242   217   248 0.89 -
ctg000001_P:791651-792658   -            336 1173229at2759        -            211   0.00058   15.0   0.0   4   4      0.98        20    0.1   0.0    63    77   311   325   289   333 0.67 -
ctg000000_P:690037-690627   -            197 1173229at2759        -            211    0.0013   13.8   0.1   1   3      0.19       3.9    2.5   0.0    60    81    58    79    41    94 0.80 -
ctg000000_P:690037-690627   -            197 1173229at2759        -            211    0.0013   13.8   0.1   2   3       1.1        22   -0.0   0.0   191   206   106   120   102   123 0.78 -
ctg000000_P:690037-690627   -            197 1173229at2759        -            211    0.0013   13.8   0.1   3   3    0.0068      0.14    7.2   0.0    48    82   134   167   131   174 0.67 -
ctg000008_P:207980-208870   -            297 1173229at2759        -            211     0.002   13.2   1.4   1   4      0.93        19    0.2   0.1   150   150    27    27     1    79 0.53 -
ctg000008_P:207980-208870   -            297 1173229at2759        -            211     0.002   13.2   1.4   2   4       1.7        34   -0.6   0.1    74    83    56    65    23   110 0.64 -
ctg000008_P:207980-208870   -            297 1173229at2759        -            211     0.002   13.2   1.4   3   4     0.014      0.28    6.2   0.1    62    89   134   161   114   173 0.80 -
ctg000008_P:207980-208870   -            297 1173229at2759        -            211     0.002   13.2   1.4   4   4      0.12       2.5    3.1   0.0    61    79   277   295   263   297 0.73 -
ctg000006_P:425866-427404   -            513 1173229at2759        -            211    0.0022   13.1   0.0   1   3       2.1        43   -0.9   0.0    50    78    82   110    59   116 0.74 -
ctg000006_P:425866-427404   -            513 1173229at2759        -            211    0.0022   13.1   0.0   2   3      0.37       7.7    1.5   0.0    59    79   135   155   117   162 0.76 -
ctg000006_P:425866-427404   -            513 1173229at2759        -            211    0.0022   13.1   0.0   3   3     0.023      0.47    5.5   0.0    61    81   181   201   178   210 0.79 -
ctg000007_P:378296-382657   -           1454 1173229at2759        -            211    0.0028   12.8   1.8   1   2    0.0014     0.029    9.4   0.0    63    91  1095  1123  1080  1164 0.87 -
ctg000007_P:378296-382657   -           1454 1173229at2759        -            211    0.0028   12.8   1.8   2   2      0.53        11    1.0   0.0    63    80  1245  1262  1233  1269 0.80 -
ctg000005_P:859375-859926   -            184 1173229at2759        -            211    0.0044   12.1   0.0   1   2    0.0041     0.085    7.9   0.0    59    98    40    79    18    96 0.80 -
ctg000005_P:859375-859926   -            184 1173229at2759        -            211    0.0044   12.1   0.0   2   2      0.35       7.1    1.6   0.0    62    79   150   167   137   172 0.65 -
ctg000003_P:955379-956035   -            219 1173229at2759        -            211    0.0063   11.6   0.0   1   3     0.019      0.39    5.7   0.0   191   210    51    70    36    71 0.86 -
ctg000003_P:955379-956035   -            219 1173229at2759        -            211    0.0063   11.6   0.0   2   3      0.53        11    1.0   0.0    41   205    89   106    74   116 0.54 -
ctg000003_P:955379-956035   -            219 1173229at2759        -            211    0.0063   11.6   0.0   3   3      0.84        17    0.4   0.0   163   180   187   204   180   213 0.73 -
ctg000007_P:596002-596847   -            282 1173229at2759        -            211    0.0068   11.5   0.2   1   3      0.23       4.7    2.2   0.0   158   176    10    28     4    38 0.76 -
ctg000007_P:596002-596847   -            282 1173229at2759        -            211    0.0068   11.5   0.2   2   3     0.029      0.59    5.1   0.0    26    55    57    87    55   138 0.81 -
ctg000007_P:596002-596847   -            282 1173229at2759        -            211    0.0068   11.5   0.2   3   3       1.5        31   -0.5   0.0   191   211   134   154   130   154 0.88 -
#
# Program:         hmmsearch
# Version:         3.1b2 (February 2015)
# Pipeline mode:   SEARCH
# Query file:      /Users/dominiquefastus/DeNovoProj/BUSCO_ass/busco_downloads/lineages/eukaryota_odb10/hmms/1173229at2759.hmm
# Target file:     /Users/dominiquefastus/DeNovoProj/BUSCO_ass/busco_out/auto_lineage/run_eukaryota_odb10/metaeuk_output/initial_results/asm_ctgs_m.fa.modified.fas
# Option settings: hmmsearch --domtblout /Users/dominiquefastus/DeNovoProj/BUSCO_ass/busco_out/auto_lineage/run_eukaryota_odb10/hmmer_output/initial_run_results/1173229at2759.out --cpu 1 /Users/dominiquefastus/DeNovoProj/BUSCO_ass/busco_downloads/lineages/eukaryota_odb10/hmms/1173229at2759.hmm /Users/dominiquefastus/DeNovoProj/BUSCO_ass/busco_out/auto_lineage/run_eukaryota_odb10/metaeuk_output/initial_results/asm_ctgs_m.fa.modified.fas 
# Current dir:     /Users/dominiquefastus/DeNovoProj/BUSCO_ass
# Date:            Fri Feb 24 11:50:25 2023
# [ok]
