#                                                                                 --- full sequence --- -------------- this domain -------------   hmm coord   ali coord   env coord
# target name             accession   tlen query name           accession   qlen   E-value  score  bias   #  of  c-Evalue  i-Evalue  score  bias  from    to  from    to  from    to  acc description of target
#     ------------------- ---------- ----- -------------------- ---------- ----- --------- ------ ----- --- --- --------- --------- ------ ----- ----- ----- ----- ----- ----- ----- ---- ---------------------
ctg000002_P:800329-801519 -            397 1182451at2759        -            154   2.8e-37  123.5  12.7   1   3     5e-07   0.00013   17.4   0.0     8    51    91   136    84   153 0.85 -
ctg000002_P:800329-801519 -            397 1182451at2759        -            154   2.8e-37  123.5  12.7   2   3   2.5e-08   6.7e-06   21.6   0.4    50    86   155   191   144   201 0.89 -
ctg000002_P:800329-801519 -            397 1182451at2759        -            154   2.8e-37  123.5  12.7   3   3   4.1e-29   1.1e-26   89.1   3.8    76   153   235   312   218   313 0.89 -
ctg000002_P:685231-686022 -            264 1182451at2759        -            154   2.4e-18   62.0   3.2   1   3     0.045        12    1.3   1.7    84   114    82   112    16   117 0.68 -
ctg000002_P:685231-686022 -            264 1182451at2759        -            154   2.4e-18   62.0   3.2   2   3     0.025       6.6    2.1   2.8    35    94    64   123    39   139 0.56 -
ctg000002_P:685231-686022 -            264 1182451at2759        -            154   2.4e-18   62.0   3.2   3   3   8.9e-21   2.4e-18   62.0   3.2    84   153   171   240   165   241 0.96 -
ctg000006_P:605075-605866 -            264 1182451at2759        -            154   1.6e-12   43.1   3.2   1   2       1.1   2.8e+02   -3.2   4.5    57    78   113   134    45   173 0.49 -
ctg000006_P:605075-605866 -            264 1182451at2759        -            154   1.6e-12   43.1   3.2   2   2   6.2e-15   1.6e-12   43.1   3.2    86   153   189   256   180   257 0.94 -
#
# Program:         hmmsearch
# Version:         3.1b2 (February 2015)
# Pipeline mode:   SEARCH
# Query file:      /Users/dominiquefastus/DeNovoProj/BUSCO_ass/busco_downloads/lineages/eukaryota_odb10/hmms/1182451at2759.hmm
# Target file:     /Users/dominiquefastus/DeNovoProj/BUSCO_ass/busco_out/auto_lineage/run_eukaryota_odb10/metaeuk_output/initial_results/asm_ctgs_m.fa.modified.fas
# Option settings: hmmsearch --domtblout /Users/dominiquefastus/DeNovoProj/BUSCO_ass/busco_out/auto_lineage/run_eukaryota_odb10/hmmer_output/initial_run_results/1182451at2759.out --cpu 1 /Users/dominiquefastus/DeNovoProj/BUSCO_ass/busco_downloads/lineages/eukaryota_odb10/hmms/1182451at2759.hmm /Users/dominiquefastus/DeNovoProj/BUSCO_ass/busco_out/auto_lineage/run_eukaryota_odb10/metaeuk_output/initial_results/asm_ctgs_m.fa.modified.fas 
# Current dir:     /Users/dominiquefastus/DeNovoProj/BUSCO_ass
# Date:            Fri Feb 24 11:50:25 2023
# [ok]
