#                                                                                   --- full sequence --- -------------- this domain -------------   hmm coord   ali coord   env coord
# target name               accession   tlen query name           accession   qlen   E-value  score  bias   #  of  c-Evalue  i-Evalue  score  bias  from    to  from    to  from    to  acc description of target
#       ------------------- ---------- ----- -------------------- ---------- ----- --------- ------ ----- --- --- --------- --------- ------ ----- ----- ----- ----- ----- ----- ----- ---- ---------------------
ctg000001_P:1065699-1068578 -            960 1248958at2759        -            654    3e-174  576.5  24.5   1   1  3.6e-175  9.7e-173  571.6  24.5     8   624    51   844    38   858 0.80 -
ctg000000_P:1243852-1245627 -            592 1248958at2759        -            654   2.5e-07   25.0   4.9   1   3     1e-05    0.0027   11.7   0.1     9    57    50   111    37   128 0.72 -
ctg000000_P:1243852-1245627 -            592 1248958at2759        -            654   2.5e-07   25.0   4.9   2   3     2e-06   0.00054   14.0   0.0   221   267   325   371   301   389 0.77 -
ctg000000_P:1243852-1245627 -            592 1248958at2759        -            654   2.5e-07   25.0   4.9   3   3     0.064        17   -0.9   0.3   497   562   494   564   442   589 0.65 -
ctg000005_P:627544-629394   -            617 1248958at2759        -            654   3.2e-07   24.6   2.8   1   3   4.7e-08   1.3e-05   19.4   0.2     9    78    52   132    44   136 0.85 -
ctg000005_P:627544-629394   -            617 1248958at2759        -            654   3.2e-07   24.6   2.8   2   3    0.0014      0.37    4.6   0.1   228   298   365   435   330   445 0.84 -
ctg000005_P:627544-629394   -            617 1248958at2759        -            654   3.2e-07   24.6   2.8   3   3      0.25        67   -2.8   0.0   427   464   540   577   536   584 0.83 -
#
# Program:         hmmsearch
# Version:         3.1b2 (February 2015)
# Pipeline mode:   SEARCH
# Query file:      /Users/dominiquefastus/DeNovoProj/BUSCO_ass/busco_downloads/lineages/eukaryota_odb10/hmms/1248958at2759.hmm
# Target file:     /Users/dominiquefastus/DeNovoProj/BUSCO_ass/busco_out/auto_lineage/run_eukaryota_odb10/metaeuk_output/initial_results/asm_ctgs_m.fa.modified.fas
# Option settings: hmmsearch --domtblout /Users/dominiquefastus/DeNovoProj/BUSCO_ass/busco_out/auto_lineage/run_eukaryota_odb10/hmmer_output/initial_run_results/1248958at2759.out --cpu 1 /Users/dominiquefastus/DeNovoProj/BUSCO_ass/busco_downloads/lineages/eukaryota_odb10/hmms/1248958at2759.hmm /Users/dominiquefastus/DeNovoProj/BUSCO_ass/busco_out/auto_lineage/run_eukaryota_odb10/metaeuk_output/initial_results/asm_ctgs_m.fa.modified.fas 
# Current dir:     /Users/dominiquefastus/DeNovoProj/BUSCO_ass
# Date:            Fri Feb 24 11:50:27 2023
# [ok]
