#                                                                                   --- full sequence --- -------------- this domain -------------   hmm coord   ali coord   env coord
# target name               accession   tlen query name           accession   qlen   E-value  score  bias   #  of  c-Evalue  i-Evalue  score  bias  from    to  from    to  from    to  acc description of target
#       ------------------- ---------- ----- -------------------- ---------- ----- --------- ------ ----- --- --- --------- --------- ------ ----- ----- ----- ----- ----- ----- ----- ---- ---------------------
ctg000007_P:378296-382657   -           1454 1312453at2759        -            678  5.5e-156  516.2  35.4   1   5   3.9e-89   2.5e-88  292.7   5.8     6   252    26   319    23   334 0.86 -
ctg000007_P:378296-382657   -           1454 1312453at2759        -            678  5.5e-156  516.2  35.4   2   5   3.1e-18     2e-17   58.4   7.9   230   399   393   588   384   588 0.78 -
ctg000007_P:378296-382657   -           1454 1312453at2759        -            678  5.5e-156  516.2  35.4   3   5   1.8e-44   1.1e-43  145.1   4.5   360   518   571   739   567   796 0.85 -
ctg000007_P:378296-382657   -           1454 1312453at2759        -            678  5.5e-156  516.2  35.4   4   5   6.3e-08     4e-07   24.3   0.0   542   631  1056  1159  1039  1167 0.79 -
ctg000007_P:378296-382657   -           1454 1312453at2759        -            678  5.5e-156  516.2  35.4   5   5     0.024      0.15    5.9   0.1   599   669  1184  1265  1162  1274 0.72 -
ctg000000_P:1413430-1414245 -            272 1312453at2759        -            678   3.5e-15   50.9   0.1   1   1   6.3e-16     4e-15   50.7   0.1    75   233    94   267    30   271 0.75 -
ctg000001_P:523872-524474   -            201 1312453at2759        -            678   2.1e-14   48.3   0.1   1   2   1.5e-12   9.7e-12   39.5   0.0    84   184     7   112     1   120 0.85 -
ctg000001_P:523872-524474   -            201 1312453at2759        -            678   2.1e-14   48.3   0.1   2   2     0.011     0.067    7.0   0.0   205   230   171   196   164   199 0.89 -
ctg000000_P:1392884-1393654 -            257 1312453at2759        -            678   3.7e-14   47.5   0.0   1   1   8.4e-15   5.3e-14   47.0   0.0    40   233    54   252    14   254 0.81 -
ctg000009_P:256306-257172   -            289 1312453at2759        -            678   5.1e-14   47.1   0.0   1   1   1.9e-14   1.2e-13   45.9   0.0    34   230    85   286    71   288 0.81 -
ctg000006_P:524483-524947   -            155 1312453at2759        -            678   9.3e-14   46.2   0.2   1   1     2e-14   1.2e-13   45.8   0.2    60   177    30   153     5   155 0.78 -
ctg000011_P:396753-397694   -            314 1312453at2759        -            678   7.3e-13   43.3   0.0   1   2   1.1e-11     7e-11   36.7   0.0    78   185   103   212    93   227 0.87 -
ctg000011_P:396753-397694   -            314 1312453at2759        -            678   7.3e-13   43.3   0.0   2   2     0.067      0.42    4.4   0.0   207   230   270   293   264   297 0.89 -
ctg000002_P:961803-962633   -            277 1312453at2759        -            678     2e-12   41.8   0.5   1   1   3.8e-13   2.4e-12   41.6   0.5    47   233    63   265    20   271 0.74 -
ctg000007_P:613767-614474   -            236 1312453at2759        -            678   4.1e-12   40.8   0.0   1   2   2.4e-11   1.5e-10   35.6   0.0    72   184     5   124     1   130 0.77 -
ctg000007_P:613767-614474   -            236 1312453at2759        -            678   4.1e-12   40.8   0.0   2   2      0.16         1    3.1   0.0   208   230   185   207   178   214 0.90 -
ctg000003_P:821461-821946   -            162 1312453at2759        -            678   6.8e-12   40.0   0.0   1   1   2.1e-12   1.3e-11   39.1   0.0    87   229     5   153     2   157 0.76 -
ctg000000_P:313817-314296   -            160 1312453at2759        -            678   2.1e-11   38.4   0.2   1   1   4.1e-12   2.6e-11   38.1   0.2    61   184    31   159    14   160 0.74 -
ctg000011_P:245623-246183   -            187 1312453at2759        -            678   3.4e-11   37.7   0.1   1   1     2e-11   1.3e-10   35.8   0.1    86   231    26   176     8   180 0.77 -
ctg000005_P:679217-680017   -            267 1312453at2759        -            678   5.8e-11   37.0   0.0   1   1   9.5e-11     6e-10   33.6   0.0    39   229    47   261    11   264 0.75 -
ctg000005_P:675694-676578   -            295 1312453at2759        -            678     6e-11   36.9   7.5   1   4    0.0019     0.012    9.5   0.4   573   598    11    38     5    52 0.71 -
ctg000005_P:675694-676578   -            295 1312453at2759        -            678     6e-11   36.9   7.5   2   4   3.7e-06   2.3e-05   18.5   0.1   557   647    37   130    29   132 0.74 -
ctg000005_P:675694-676578   -            295 1312453at2759        -            678     6e-11   36.9   7.5   3   4   3.5e-05   0.00022   15.2   0.1   557   650   118   217   112   241 0.73 -
ctg000005_P:675694-676578   -            295 1312453at2759        -            678     6e-11   36.9   7.5   4   4       1.7        11   -0.3   0.0   576   597   273   294   240   295 0.73 -
ctg000002_P:1007256-1007729 -            158 1312453at2759        -            678   7.1e-11   36.7   0.0   1   1   1.2e-11   7.9e-11   36.5   0.0    83   177    63   156    36   158 0.81 -
ctg000010_P:287571-288542   -            324 1312453at2759        -            678   7.4e-11   36.6   4.4   1   4    0.0012    0.0079   10.1   0.3   574   629    15    75     2    82 0.65 -
ctg000010_P:287571-288542   -            324 1312453at2759        -            678   7.4e-11   36.6   4.4   2   4    0.0023     0.015    9.2   0.2   563   632   110   183    98   186 0.77 -
ctg000010_P:287571-288542   -            324 1312453at2759        -            678   7.4e-11   36.6   4.4   3   4     0.025      0.16    5.8   0.1   577   596   167   186   150   210 0.82 -
ctg000010_P:287571-288542   -            324 1312453at2759        -            678   7.4e-11   36.6   4.4   4   4   1.8e-05   0.00011   16.2   0.0   563   636   212   287   196   302 0.80 -
ctg000003_P:312730-313569   -            280 1312453at2759        -            678   7.4e-11   36.6   0.0   1   1   2.3e-11   1.5e-10   35.7   0.0    46   229    83   271    74   275 0.84 -
ctg000008_P:156612-157520   -            303 1312453at2759        -            678   7.7e-11   36.6   3.7   1   5      0.64         4    1.1   0.0   574   630     3    61     1    64 0.76 -
ctg000008_P:156612-157520   -            303 1312453at2759        -            678   7.7e-11   36.6   3.7   2   5   8.7e-07   5.5e-06   20.5   0.0   551   628    61   144    38   145 0.72 -
ctg000008_P:156612-157520   -            303 1312453at2759        -            678   7.7e-11   36.6   3.7   3   5    0.0058     0.037    7.9   0.0   562   617   114   175   111   191 0.68 -
ctg000008_P:156612-157520   -            303 1312453at2759        -            678   7.7e-11   36.6   3.7   4   5      0.13      0.83    3.4   0.1   563   590   206   236   193   246 0.78 -
ctg000008_P:156612-157520   -            303 1312453at2759        -            678   7.7e-11   36.6   3.7   5   5     0.016       0.1    6.4   0.0   572   597   261   286   249   301 0.81 -
ctg000007_P:202424-203284   -            287 1312453at2759        -            678   1.3e-10   35.8   0.4   1   4     0.086      0.54    4.0   0.0   573   591    90   108    73   113 0.79 -
ctg000007_P:202424-203284   -            287 1312453at2759        -            678   1.3e-10   35.8   0.4   2   4    0.0005    0.0032   11.4   0.0   555   629   111   191   107   193 0.77 -
ctg000007_P:202424-203284   -            287 1312453at2759        -            678   1.3e-10   35.8   0.4   3   4    0.0012    0.0079   10.1   0.0   575   630   176   234   155   242 0.77 -
ctg000007_P:202424-203284   -            287 1312453at2759        -            678   1.3e-10   35.8   0.4   4   4      0.01     0.065    7.1   0.0   574   598   260   284   245   286 0.82 -
ctg000005_P:656850-657746   -            299 1312453at2759        -            678     2e-10   35.2   0.0   1   1   4.6e-11   2.9e-10   34.7   0.0    37   227    67   272    42   285 0.76 -
ctg000009_P:157135-157590   -            152 1312453at2759        -            678   2.2e-10   35.0   0.1   1   1   4.5e-11   2.9e-10   34.7   0.1    79   181    45   149    33   152 0.81 -
ctg000022_P:212196-214076   -            627 1312453at2759        -            678   3.3e-10   34.5   0.3   1   4      0.45       2.8    1.7   0.0   581   628   332   382   322   396 0.59 -
ctg000022_P:212196-214076   -            627 1312453at2759        -            678   3.3e-10   34.5   0.3   2   4    0.0081     0.051    7.4   0.0   554   592   404   444   383   465 0.77 -
ctg000022_P:212196-214076   -            627 1312453at2759        -            678   3.3e-10   34.5   0.3   3   4     0.062      0.39    4.5   0.0   552   592   467   508   446   515 0.77 -
ctg000022_P:212196-214076   -            627 1312453at2759        -            678   3.3e-10   34.5   0.3   4   4   1.7e-05   0.00011   16.3   0.0   555   630   509   587   506   601 0.83 -
ctg000022_P:257385-258197   -            271 1312453at2759        -            678   4.7e-10   34.0   0.0   1   1   9.5e-11     6e-10   33.6   0.0    75   229   104   268    43   271 0.72 -
ctg000003_P:549495-551945   -            817 1312453at2759        -            678     5e-10   33.9   6.2   1   4      0.37       2.4    1.9   0.0   575   648    75   150    57   153 0.79 -
ctg000003_P:549495-551945   -            817 1312453at2759        -            678     5e-10   33.9   6.2   2   4      0.69       4.4    1.0   0.0   575   594   162   181   155   201 0.77 -
ctg000003_P:549495-551945   -            817 1312453at2759        -            678     5e-10   33.9   6.2   3   4   8.6e-07   5.5e-06   20.5   0.4   561   639   488   572   442   583 0.79 -
ctg000003_P:549495-551945   -            817 1312453at2759        -            678     5e-10   33.9   6.2   4   4    0.0015    0.0095    9.8   0.0   564   599   575   613   571   646 0.64 -
ctg000000_P:280846-281694   -            283 1312453at2759        -            678   5.5e-10   33.8   0.0   1   1     6e-10   3.8e-09   31.0   0.0    24   233    47   282    24   283 0.72 -
ctg000001_P:897615-898517   -            301 1312453at2759        -            678   9.2e-10   33.0   0.0   1   2   8.9e-05   0.00056   13.9   0.1    26   113    55   147    36   155 0.85 -
ctg000001_P:897615-898517   -            301 1312453at2759        -            678   9.2e-10   33.0   0.0   2   2   9.2e-06   5.8e-05   17.1   0.0   153   230   202   291   195   297 0.75 -
ctg000014_P:174831-175853   -            341 1312453at2759        -            678   1.1e-09   32.8   0.0   1   1     2e-09   1.3e-08   29.2   0.0    38   230    44   240    38   262 0.75 -
ctg000014_P:130261-131019   -            253 1312453at2759        -            678   1.3e-09   32.6   0.0   1   1   5.1e-10   3.2e-09   31.2   0.0    66   226    89   246    50   252 0.77 -
ctg000012_P:93489-94475     -            329 1312453at2759        -            678   1.3e-09   32.5  10.9   1   4      0.45       2.8    1.6   0.2   576   594    15    33     9    70 0.47 -
ctg000012_P:93489-94475     -            329 1312453at2759        -            678   1.3e-09   32.5  10.9   2   4     1e-05   6.4e-05   17.0   0.5   574   631   105   164    96   174 0.88 -
ctg000012_P:93489-94475     -            329 1312453at2759        -            678   1.3e-09   32.5  10.9   3   4      0.01     0.063    7.1   0.0   555   591   248   288   225   292 0.73 -
ctg000012_P:93489-94475     -            329 1312453at2759        -            678   1.3e-09   32.5  10.9   4   4    0.0038     0.024    8.5   0.2   563   590   299   329   288   329 0.70 -
ctg000012_P:112251-115019   -            923 1312453at2759        -            678   1.5e-09   32.3   4.9   1   4     0.018      0.12    6.2   0.3   560   628   145   219   137   223 0.69 -
ctg000012_P:112251-115019   -            923 1312453at2759        -            678   1.5e-09   32.3   4.9   2   4      0.02      0.13    6.1   0.0   549   591   330   375   263   378 0.82 -
ctg000012_P:112251-115019   -            923 1312453at2759        -            678   1.5e-09   32.3   4.9   3   4   4.9e-05   0.00031   14.7   0.0   555   649   377   480   374   483 0.73 -
ctg000012_P:112251-115019   -            923 1312453at2759        -            678   1.5e-09   32.3   4.9   4   4     0.053      0.34    4.7   0.0   573   631   485   546   480   556 0.79 -
ctg000107_P:163631-164104   -            158 1312453at2759        -            678     2e-09   31.9   1.2   1   1   5.4e-10   3.4e-09   31.1   1.2    57   184    18   144     2   155 0.72 -
ctg000002_P:347764-348912   -            383 1312453at2759        -            678   2.3e-09   31.7   2.0   1   4    0.0063      0.04    7.8   0.4   548   646    43   145     8   176 0.71 -
ctg000002_P:347764-348912   -            383 1312453at2759        -            678   2.3e-09   31.7   2.0   2   4         3        19   -1.1   0.0   574   597   157   180   144   200 0.78 -
ctg000002_P:347764-348912   -            383 1312453at2759        -            678   2.3e-09   31.7   2.0   3   4   1.7e-06   1.1e-05   19.6   0.0   572   644   203   278   189   284 0.85 -
ctg000002_P:347764-348912   -            383 1312453at2759        -            678   2.3e-09   31.7   2.0   4   4       0.5       3.1    1.5   0.0   553   588   343   382   332   383 0.84 -
ctg000005_P:440845-441312   -            156 1312453at2759        -            678   3.1e-09   31.2   0.1   1   1   5.4e-10   3.5e-09   31.1   0.1    37   143    38   151    33   156 0.77 -
ctg000002_P:796387-797325   -            313 1312453at2759        -            678   3.2e-09   31.2   0.0   1   1   1.3e-09   8.1e-09   29.9   0.0    39   228    66   270    62   275 0.63 -
ctg000012_P:269089-269877   -            263 1312453at2759        -            678   3.4e-09   31.1   0.0   1   1     7e-10   4.5e-09   30.7   0.0    42   229    64   261    54   263 0.82 -
ctg000013_P:153629-154600   -            324 1312453at2759        -            678   4.2e-09   30.8   5.4   1   3   0.00094     0.006   10.5   0.3   575   629    16    75     2    81 0.66 -
ctg000013_P:153629-154600   -            324 1312453at2759        -            678   4.2e-09   30.8   5.4   2   3    0.0017     0.011    9.6   0.3   564   632   111   183   102   194 0.78 -
ctg000013_P:153629-154600   -            324 1312453at2759        -            678   4.2e-09   30.8   5.4   3   3   0.00066    0.0042   11.0   0.0   562   628   211   279   191   292 0.74 -
ctg000002_P:315278-315949   -            224 1312453at2759        -            678   4.6e-09   30.7   0.1   1   1   9.3e-10   5.9e-09   30.3   0.1    37   176    57   200    33   207 0.81 -
ctg000005_P:785528-786118   -            197 1312453at2759        -            678   4.6e-09   30.7   1.9   1   1   4.9e-09   3.1e-08   28.0   1.9    50   125    63   142     1   197 0.81 -
ctg000009_P:40505-40990     -            162 1312453at2759        -            678   4.7e-09   30.7   3.7   1   3      0.15      0.94    3.2   0.3   561   596     6    42     2    62 0.70 -
ctg000009_P:40505-40990     -            162 1312453at2759        -            678   4.7e-09   30.7   3.7   2   3   8.3e-09   5.3e-08   27.2   0.7   554   643    36   131    29   141 0.80 -
ctg000009_P:40505-40990     -            162 1312453at2759        -            678   4.7e-09   30.7   3.7   3   3      0.18       1.2    2.9   0.0   576   590   144   158   128   161 0.81 -
ctg000000_P:936774-937166   -            131 1312453at2759        -            678   5.7e-09   30.4   0.7   1   1     1e-09   6.6e-09   30.2   0.7    34   126    26   125    22   131 0.82 -
ctg000006_P:253518-254327   -            270 1312453at2759        -            678   1.9e-08   28.7   0.0   1   1   4.5e-09   2.8e-08   28.1   0.0    41   228    69   266    15   269 0.77 -
ctg000003_P:379491-382301   -            937 1312453at2759        -            678   3.7e-08   27.7  15.7   1   5   0.00099    0.0063   10.4   2.2   563   651   120   213    99   235 0.63 -
ctg000003_P:379491-382301   -            937 1312453at2759        -            678   3.7e-08   27.7  15.7   2   5     0.089      0.57    4.0   0.0   567   638   397   468   305   479 0.60 -
ctg000003_P:379491-382301   -            937 1312453at2759        -            678   3.7e-08   27.7  15.7   3   5       0.4       2.5    1.8   0.1   575   591   487   503   471   563 0.84 -
ctg000003_P:379491-382301   -            937 1312453at2759        -            678   3.7e-08   27.7  15.7   4   5     0.002     0.012    9.4   0.2   556   590   610   644   555   647 0.61 -
ctg000003_P:379491-382301   -            937 1312453at2759        -            678   3.7e-08   27.7  15.7   5   5   0.00011    0.0007   13.6   0.4   557   628   611   685   605   693 0.72 -
ctg000001_P:853649-855820   -            724 1312453at2759        -            678   4.2e-08   27.5   2.1   1   4       1.6        10   -0.2   0.0   577   629    21    76    11    94 0.80 -
ctg000001_P:853649-855820   -            724 1312453at2759        -            678   4.2e-08   27.5   2.1   2   4    0.0046     0.029    8.2   0.1   554   617    78   148    56   179 0.65 -
ctg000001_P:853649-855820   -            724 1312453at2759        -            678   4.2e-08   27.5   2.1   3   4      0.03      0.19    5.6   0.0   573   591   190   208   186   225 0.88 -
ctg000001_P:853649-855820   -            724 1312453at2759        -            678   4.2e-08   27.5   2.1   4   4    0.0017     0.011    9.6   0.0   558   598   213   257   208   273 0.71 -
ctg000003_P:113154-114620   -            489 1312453at2759        -            678   4.5e-08   27.4   5.2   1   5      0.24       1.5    2.6   0.0   574   595    81   102    50   123 0.80 -
ctg000003_P:113154-114620   -            489 1312453at2759        -            678   4.5e-08   27.4   5.2   2   5    0.0028     0.018    8.9   0.1   569   591   129   151   107   175 0.79 -
ctg000003_P:113154-114620   -            489 1312453at2759        -            678   4.5e-08   27.4   5.2   3   5       1.1       7.1    0.3   0.0   571   626   189   246   157   267 0.71 -
ctg000003_P:113154-114620   -            489 1312453at2759        -            678   4.5e-08   27.4   5.2   4   5       1.3       8.4    0.1   0.0   563   614   304   355   301   361 0.66 -
ctg000003_P:113154-114620   -            489 1312453at2759        -            678   4.5e-08   27.4   5.2   5   5   7.3e-05   0.00046   14.2   0.2   561   607   348   394   342   402 0.87 -
ctg000012_P:213273-214082   -            270 1312453at2759        -            678   4.6e-08   27.4   0.0   1   1   1.4e-08   8.7e-08   26.5   0.0    86   230   110   268    98   270 0.74 -
ctg000013_P:97182-98144     -            321 1312453at2759        -            678   5.8e-08   27.1   0.0   1   1     2e-08   1.3e-07   25.9   0.0    39   230    70   276    13   285 0.78 -
ctg000007_P:522113-522925   -            271 1312453at2759        -            678   6.5e-08   26.9   0.0   1   1   1.5e-08   9.7e-08   26.3   0.0    40   185    81   237    77   244 0.81 -
ctg000006_P:445303-446292   -            330 1312453at2759        -            678   6.8e-08   26.8   0.1   1   2       3.1        20   -1.1   0.1     7    42     6    41     4    58 0.72 -
ctg000006_P:445303-446292   -            330 1312453at2759        -            678   6.8e-08   26.8   0.1   2   2   3.3e-08   2.1e-07   25.2   0.0    68   225    91   250    66   282 0.80 -
ctg000000_P:173507-174316   -            270 1312453at2759        -            678   8.1e-08   26.6   0.0   1   1     3e-08   1.9e-07   25.3   0.0    72   178   100   203    82   209 0.77 -
ctg000005_P:673758-674180   -            141 1312453at2759        -            678     9e-08   26.4   0.0   1   1     2e-08   1.3e-07   25.9   0.0   101   230     7   138     2   141 0.75 -
ctg000001_P:195182-197164   -            661 1312453at2759        -            678   1.2e-07   26.0   0.4   1   3   2.7e-05   0.00017   15.6   0.0   562   628    28   101    11   110 0.75 -
ctg000001_P:195182-197164   -            661 1312453at2759        -            678   1.2e-07   26.0   0.4   2   3       4.3        27   -1.6   0.0   557   591   165   207   148   255 0.69 -
ctg000001_P:195182-197164   -            661 1312453at2759        -            678   1.2e-07   26.0   0.4   3   3      0.01     0.066    7.0   0.0   574   592   639   657   631   660 0.87 -
ctg000000_P:675710-676300   -            197 1312453at2759        -            678   1.3e-07   25.9   0.0   1   1   4.7e-08     3e-07   24.7   0.0    86   231    12   159     4   174 0.75 -
ctg000009_P:213876-214853   -            326 1312453at2759        -            678     2e-07   25.3   0.1   1   2       4.2        27   -1.6   0.1     8    35     7    32     4    51 0.75 -
ctg000009_P:213876-214853   -            326 1312453at2759        -            678     2e-07   25.3   0.1   2   2   9.1e-08   5.8e-07   23.8   0.0    83   223   106   248    78   267 0.83 -
ctg000000_P:195021-198608   -           1196 1312453at2759        -            678   2.1e-07   25.2   7.1   1   5     0.016       0.1    6.4   0.0   555   591    41    81    23    86 0.73 -
ctg000000_P:195021-198608   -           1196 1312453at2759        -            678   2.1e-07   25.2   7.1   2   5     0.066      0.42    4.4   0.1   560   593    92   125    82   144 0.78 -
ctg000000_P:195021-198608   -           1196 1312453at2759        -            678   2.1e-07   25.2   7.1   3   5     0.014      0.09    6.6   0.0   574   600   148   174   128   201 0.84 -
ctg000000_P:195021-198608   -           1196 1312453at2759        -            678   2.1e-07   25.2   7.1   4   5     0.016       0.1    6.4   0.2   573   631   219   282   203   288 0.75 -
ctg000000_P:195021-198608   -           1196 1312453at2759        -            678   2.1e-07   25.2   7.1   5   5     0.077      0.49    4.2   0.0   572   630   262   322   249   326 0.68 -
ctg000011_P:51434-52462     -            343 1312453at2759        -            678   3.4e-07   24.5   0.0   1   1     9e-08   5.7e-07   23.8   0.0    80   224   102   248    70   260 0.78 -
ctg000002_P:980225-980713   -            163 1312453at2759        -            678   3.6e-07   24.4   0.0   1   1   1.2e-07   7.6e-07   23.4   0.0    93   229    16   157     1   161 0.72 -
ctg000001_P:940981-941850   -            290 1312453at2759        -            678   4.1e-07   24.3   0.0   1   1   6.9e-07   4.4e-06   20.9   0.0    82   223   111   280   104   287 0.63 -
ctg000009_P:135987-136448   -            154 1312453at2759        -            678   4.3e-07   24.2   0.3   1   1   6.8e-08   4.3e-07   24.2   0.3    73   114    96   139    17   154 0.83 -
ctg000008_P:735513-736907   -            465 1312453at2759        -            678   5.9e-07   23.7   4.0   1   4   0.00051    0.0032   11.4   0.7   573   624   147   200   113   208 0.61 -
ctg000008_P:735513-736907   -            465 1312453at2759        -            678   5.9e-07   23.7   4.0   2   4   0.00027    0.0017   12.3   0.3   550   598   161   214   160   228 0.77 -
ctg000008_P:735513-736907   -            465 1312453at2759        -            678   5.9e-07   23.7   4.0   3   4      0.01     0.063    7.1   0.0   575   632   233   294   229   336 0.79 -
ctg000008_P:735513-736907   -            465 1312453at2759        -            678   5.9e-07   23.7   4.0   4   4      0.48         3    1.6   0.0   563   592   349   381   328   387 0.77 -
ctg000000_P:1375512-1376474 -            321 1312453at2759        -            678   6.5e-07   23.6   0.2   1   2   2.1e-06   1.3e-05   19.3   0.0    79   185    97   217    65   230 0.74 -
ctg000000_P:1375512-1376474 -            321 1312453at2759        -            678   6.5e-07   23.6   0.2   2   2       0.5       3.2    1.5   0.1   552   590   255   293   238   307 0.83 -
ctg000009_P:190665-191267   -            201 1312453at2759        -            678   7.9e-07   23.3   0.8   1   1   5.9e-07   3.8e-06   21.1   0.8    40   187    48   197    24   200 0.72 -
ctg000008_P:720034-720930   -            299 1312453at2759        -            678     9e-07   23.1   0.0   1   1     2e-07   1.2e-06   22.7   0.0    85   185   116   214    59   227 0.81 -
ctg000022_P:122263-123012   -            250 1312453at2759        -            678     9e-07   23.1   0.0   1   1     6e-07   3.8e-06   21.1   0.0    81   222    95   235    61   240 0.81 -
ctg000107_P:261543-262397   -            285 1312453at2759        -            678   1.4e-06   22.5   0.0   1   1   2.8e-07   1.8e-06   22.2   0.0    87   228   132   284   108   285 0.79 -
ctg000011_P:476801-477334   -            178 1312453at2759        -            678   1.4e-06   22.5   0.0   1   1   1.1e-06   6.9e-06   20.2   0.0    91   231    31   176    11   178 0.69 -
ctg000000_P:502784-503221   -            146 1312453at2759        -            678   2.6e-06   21.6   0.0   1   1   5.3e-07   3.3e-06   21.2   0.0   573   630    37    98    16   123 0.70 -
ctg000007_P:258813-259493   -            227 1312453at2759        -            678   2.7e-06   21.5   0.0   1   1   2.4e-06   1.5e-05   19.1   0.0    38   184    49   200    23   211 0.71 -
ctg000011_P:303472-304212   -            247 1312453at2759        -            678   2.8e-06   21.5   0.1   1   2     0.038      0.24    5.2   0.0    88   116   103   132    48   139 0.87 -
ctg000011_P:303472-304212   -            247 1312453at2759        -            678   2.8e-06   21.5   0.1   2   2     6e-05   0.00038   14.4   0.0   158   184   219   245   216   246 0.94 -
ctg000000_P:1183425-1184270 -            282 1312453at2759        -            678   3.1e-06   21.3   0.7   1   3       0.2       1.3    2.8   0.0   574   590    24    40    17    65 0.89 -
ctg000000_P:1183425-1184270 -            282 1312453at2759        -            678   3.1e-06   21.3   0.7   2   3    0.0072     0.046    7.6   0.1   573   592    66    85    49    99 0.78 -
ctg000000_P:1183425-1184270 -            282 1312453at2759        -            678   3.1e-06   21.3   0.7   3   3    0.0045     0.029    8.3   0.0   574   593   154   173   114   230 0.65 -
ctg000007_P:236263-237057   -            265 1312453at2759        -            678   4.1e-06   21.0   0.2   1   2   5.4e-05   0.00034   14.6   0.0   555   638    40   130    20   143 0.77 -
ctg000007_P:236263-237057   -            265 1312453at2759        -            678   4.1e-06   21.0   0.2   2   2     0.071      0.45    4.3   0.0   571   590   152   171   144   186 0.84 -
ctg000005_P:449976-450440   -            155 1312453at2759        -            678   4.5e-06   20.8   0.0   1   1   9.5e-07     6e-06   20.4   0.0    39   125    22   118     3   129 0.79 -
ctg000009_P:141839-142594   -            252 1312453at2759        -            678   4.6e-06   20.8   0.0   1   1     3e-06   1.9e-05   18.8   0.0    79   222    93   235    59   240 0.78 -
ctg000010_P:203616-204614   -            333 1312453at2759        -            678   4.6e-06   20.8   0.1   1   3    0.0033     0.021    8.7   0.0   575   603    25    54     5    90 0.62 -
ctg000010_P:203616-204614   -            333 1312453at2759        -            678   4.6e-06   20.8   0.1   2   3     0.059      0.37    4.6   0.0   574   631   112   169   107   191 0.65 -
ctg000010_P:203616-204614   -            333 1312453at2759        -            678   4.6e-06   20.8   0.1   3   3     0.087      0.55    4.0   0.0   567   603   246   285   243   305 0.73 -
ctg000012_P:91913-92755     -            281 1312453at2759        -            678   4.7e-06   20.8   0.0   1   1   7.4e-06   4.7e-05   17.5   0.0    82   227   105   275    24   279 0.69 -
ctg000008_P:95937-96827     -            297 1312453at2759        -            678   5.1e-06   20.6   0.0   1   3         3        19   -1.1   0.0   278   329    33    85    25    88 0.73 -
ctg000008_P:95937-96827     -            297 1312453at2759        -            678   5.1e-06   20.6   0.0   2   3   0.00094     0.006   10.5   0.0    85   127   108   151   100   156 0.84 -
ctg000008_P:95937-96827     -            297 1312453at2759        -            678   5.1e-06   20.6   0.0   3   3     0.013     0.082    6.7   0.0   165   228   221   292   202   295 0.66 -
ctg000002_P:320378-322726   -            213 1312453at2759        -            678   5.9e-06   20.4   0.4   1   2    0.0001   0.00065   13.7   0.0   571   649    35   118    22   124 0.79 -
ctg000002_P:320378-322726   -            213 1312453at2759        -            678   5.9e-06   20.4   0.4   2   2      0.04      0.25    5.1   0.1   572   590   195   213   185   213 0.87 -
ctg000008_P:706131-706619   -            163 1312453at2759        -            678     1e-05   19.6   0.0   1   1   2.3e-06   1.5e-05   19.1   0.0    93   230    16   158     1   162 0.67 -
ctg000006_P:425866-427404   -            513 1312453at2759        -            678   1.1e-05   19.6   0.0   1   2     0.018      0.11    6.3   0.0   563   628   125   197   110   203 0.67 -
ctg000006_P:425866-427404   -            513 1312453at2759        -            678   1.1e-05   19.6   0.0   2   2   0.00053    0.0034   11.3   0.0   556   651   204   308   193   319 0.78 -
ctg000000_P:1445440-1446075 -            212 1312453at2759        -            678   1.1e-05   19.6   0.0   1   1   1.9e-06   1.2e-05   19.4   0.0    42   125    68   156    55   212 0.82 -
ctg000000_P:1096355-1184297 -            372 1312453at2759        -            678   1.1e-05   19.5   3.5   1   4      0.33       2.1    2.1   0.0   574   590    33    49    28    57 0.88 -
ctg000000_P:1096355-1184297 -            372 1312453at2759        -            678   1.1e-05   19.5   3.5   2   4     0.011     0.072    6.9   0.1   573   592    75    94    61   108 0.78 -
ctg000000_P:1096355-1184297 -            372 1312453at2759        -            678   1.1e-05   19.5   3.5   3   4     0.032       0.2    5.5   0.0   573   606   262   295   247   308 0.76 -
ctg000000_P:1096355-1184297 -            372 1312453at2759        -            678   1.1e-05   19.5   3.5   4   4      0.24       1.5    2.5   0.0   574   614   315   355   307   370 0.80 -
ctg000006_P:511291-511854   -            188 1312453at2759        -            678   1.1e-05   19.5   0.7   1   3   0.00056    0.0036   11.2   0.1   572   599    15    42     3    68 0.76 -
ctg000006_P:511291-511854   -            188 1312453at2759        -            678   1.1e-05   19.5   0.7   2   3     0.043      0.27    5.0   0.1   558   590    92   129    48   130 0.65 -
ctg000006_P:511291-511854   -            188 1312453at2759        -            678   1.1e-05   19.5   0.7   3   3     0.032      0.21    5.4   0.0   559   591    93   130    87   151 0.75 -
ctg000007_P:370322-371467   -            382 1312453at2759        -            678   1.4e-05   19.2   0.0   1   1   5.7e-06   3.6e-05   17.8   0.0   551   636   205   292   196   302 0.81 -
ctg000022_P:160775-161317   -            181 1312453at2759        -            678   1.5e-05   19.1   1.4   1   1   6.7e-06   4.2e-05   17.6   1.4    29   179    23   175     7   180 0.74 -
ctg000012_P:58420-59319     -            300 1312453at2759        -            678   1.8e-05   18.8   0.1   1   1   3.6e-06   2.3e-05   18.5   0.1    50   225    66   268    31   290 0.74 -
ctg000005_P:654639-655214   -            192 1312453at2759        -            678   1.9e-05   18.8   0.0   1   1   7.9e-06     5e-05   17.4   0.0    85   189    32   131    24   189 0.80 -
ctg000005_P:775693-776331   -            213 1312453at2759        -            678   2.5e-05   18.4   0.0   1   1   5.3e-05   0.00034   14.6   0.0    79   193    93   202    58   208 0.74 -
ctg000000_P:720767-721660   -            298 1312453at2759        -            678   2.7e-05   18.2   0.7   1   3     0.028      0.18    5.6   0.0   569   592    40    63    16    94 0.83 -
ctg000000_P:720767-721660   -            298 1312453at2759        -            678   2.7e-05   18.2   0.7   2   3     0.014     0.092    6.6   0.0   576   603   163   190   157   216 0.83 -
ctg000000_P:720767-721660   -            298 1312453at2759        -            678   2.7e-05   18.2   0.7   3   3      0.17       1.1    3.1   0.1   572   611   222   259   208   276 0.78 -
ctg000007_P:63323-64114     -            264 1312453at2759        -            678   2.7e-05   18.2   0.0   1   1   8.3e-06   5.3e-05   17.3   0.0    83   225   101   256    28   261 0.68 -
ctg000022_P:228113-229165   -            351 1312453at2759        -            678   2.8e-05   18.2   0.2   1   2   8.4e-05   0.00054   14.0   0.3    75   117   127   170   108   261 0.68 -
ctg000022_P:228113-229165   -            351 1312453at2759        -            678   2.8e-05   18.2   0.2   2   2      0.77       4.9    0.9   0.0   201   229   319   347   307   351 0.86 -
ctg000006_P:423485-425329   -            615 1312453at2759        -            678   3.3e-05   17.9   2.0   1   3   0.00027    0.0017   12.3   0.1   573   656   264   353   258   354 0.82 -
ctg000006_P:423485-425329   -            615 1312453at2759        -            678   3.3e-05   17.9   2.0   2   3     0.024      0.15    5.8   0.0   563   607   338   381   329   402 0.83 -
ctg000006_P:423485-425329   -            615 1312453at2759        -            678   3.3e-05   17.9   2.0   3   3      0.93       5.9    0.6   0.0   545   590   565   612   548   613 0.79 -
ctg000007_P:596002-596847   -            282 1312453at2759        -            678   3.4e-05   17.9   0.3   1   3       2.4        15   -0.8   0.0   576   592    14    30     5    41 0.75 -
ctg000007_P:596002-596847   -            282 1312453at2759        -            678   3.4e-05   17.9   0.3   2   3       0.8       5.1    0.8   0.0   562   592    59    92    47   101 0.75 -
ctg000007_P:596002-596847   -            282 1312453at2759        -            678   3.4e-05   17.9   0.3   3   3   0.00012   0.00079   13.4   0.1   549   631   107   192   101   201 0.83 -
ctg000012_P:73886-75097     -            404 1312453at2759        -            678   3.4e-05   17.9   3.3   1   5      0.45       2.9    1.6   0.0   574   591   153   170   143   174 0.87 -
ctg000012_P:73886-75097     -            404 1312453at2759        -            678   3.4e-05   17.9   3.3   2   5      0.11      0.67    3.7   0.0   575   591   196   212   175   218 0.83 -
ctg000012_P:73886-75097     -            404 1312453at2759        -            678   3.4e-05   17.9   3.3   3   5       0.3       1.9    2.2   0.0   564   591   223   254   212   270 0.79 -
ctg000012_P:73886-75097     -            404 1312453at2759        -            678   3.4e-05   17.9   3.3   4   5     0.026      0.17    5.7   0.1   574   602   286   314   258   338 0.72 -
ctg000012_P:73886-75097     -            404 1312453at2759        -            678   3.4e-05   17.9   3.3   5   5         2        13   -0.5   0.0   558   591   321   357   316   360 0.73 -
ctg000009_P:515852-517330   -            493 1312453at2759        -            678   3.9e-05   17.7   4.5   1   6       4.8        31   -1.8   0.2   342   384    39    81     9    87 0.74 -
ctg000009_P:515852-517330   -            493 1312453at2759        -            678   3.9e-05   17.7   4.5   2   6      0.39       2.5    1.9   0.0   542   591   145   200   117   204 0.69 -
ctg000009_P:515852-517330   -            493 1312453at2759        -            678   3.9e-05   17.7   4.5   3   6     0.056      0.36    4.6   0.0   573   591   225   243   201   259 0.79 -
ctg000009_P:515852-517330   -            493 1312453at2759        -            678   3.9e-05   17.7   4.5   4   6       6.4        41   -2.2   0.0   561   591   270   302   245   305 0.80 -
ctg000009_P:515852-517330   -            493 1312453at2759        -            678   3.9e-05   17.7   4.5   5   6      0.39       2.5    1.8   0.0   573   591   349   367   342   374 0.86 -
ctg000009_P:515852-517330   -            493 1312453at2759        -            678   3.9e-05   17.7   4.5   6   6     0.017      0.11    6.4   0.0   563   593   378   409   368   449 0.74 -
ctg000002_P:264130-264882   -            251 1312453at2759        -            678   4.1e-05   17.6   2.0   1   3    0.0039     0.025    8.5   0.2   574   592    47    65     8   104 0.79 -
ctg000002_P:264130-264882   -            251 1312453at2759        -            678   4.1e-05   17.6   2.0   2   3      0.11      0.72    3.6   0.0   574   590   150   166   146   175 0.90 -
ctg000002_P:264130-264882   -            251 1312453at2759        -            678   4.1e-05   17.6   2.0   3   3       0.1      0.66    3.7   0.1   566   592   198   225   186   237 0.80 -
ctg000002_P:1021755-1022342 -            196 1312453at2759        -            678   4.3e-05   17.6   0.1   1   1   8.5e-06   5.4e-05   17.3   0.1   556   600    39    88    16   102 0.76 -
ctg000000_P:690037-690627   -            197 1312453at2759        -            678   6.4e-05   17.0   1.9   1   2     0.069      0.44    4.3   0.1   563   594    45    80    19   121 0.75 -
ctg000000_P:690037-690627   -            197 1312453at2759        -            678   6.4e-05   17.0   1.9   2   2   0.00026    0.0016   12.3   0.4   563   601   132   174   115   180 0.76 -
ctg000005_P:54978-55817     -            280 1312453at2759        -            678   7.9e-05   16.7   0.1   1   3     0.068      0.43    4.3   0.0   550   593    70   113    48   123 0.80 -
ctg000005_P:54978-55817     -            280 1312453at2759        -            678   7.9e-05   16.7   0.1   2   3    0.0034     0.022    8.6   0.0   548   607   147   211   118   262 0.66 -
ctg000005_P:54978-55817     -            280 1312453at2759        -            678   7.9e-05   16.7   0.1   3   3      0.79         5    0.8   0.1   550   588   242   280   234   280 0.81 -
ctg000107_P:182199-182945   -            249 1312453at2759        -            678   8.6e-05   16.6   0.6   1   2     0.012     0.073    6.9   0.0   563   628   115   182    78   191 0.68 -
ctg000107_P:182199-182945   -            249 1312453at2759        -            678   8.6e-05   16.6   0.6   2   2     0.012     0.074    6.9   0.3   563   591   195   224   184   240 0.79 -
ctg000003_P:529791-530570   -            260 1312453at2759        -            678   9.3e-05   16.5   2.0   1   4       1.9        12   -0.5   0.0   576   591     3    18     1    35 0.85 -
ctg000003_P:529791-530570   -            260 1312453at2759        -            678   9.3e-05   16.5   2.0   2   4     0.023      0.14    5.9   0.1   574   630    47   110    30   132 0.69 -
ctg000003_P:529791-530570   -            260 1312453at2759        -            678   9.3e-05   16.5   2.0   3   4    0.0053     0.034    8.0   0.0   559   591   135   167   118   178 0.87 -
ctg000003_P:529791-530570   -            260 1312453at2759        -            678   9.3e-05   16.5   2.0   4   4         4        25   -1.5   0.1   571   592   196   217   188   232 0.83 -
ctg000007_P:791979-792971   -            331 1312453at2759        -            678   0.00011   16.2   0.0   1   1     3e-05   0.00019   15.4   0.0    82   223   107   250    56   275 0.76 -
ctg000000_P:268251-268883   -            211 1312453at2759        -            678   0.00019   15.4   0.0   1   1   3.6e-05   0.00023   15.2   0.0    83   178    96   189    46   194 0.86 -
ctg000006_P:442717-443733   -            339 1312453at2759        -            678   0.00024   15.1   0.7   1   3     0.022      0.14    6.0   0.0   574   604    29    59    22    94 0.77 -
ctg000006_P:442717-443733   -            339 1312453at2759        -            678   0.00024   15.1   0.7   2   3     0.011      0.07    7.0   0.2   562   594   119   153    68   179 0.80 -
ctg000006_P:442717-443733   -            339 1312453at2759        -            678   0.00024   15.1   0.7   3   3       6.6        42   -2.2   0.0   574   626   175   230   156   237 0.66 -
ctg000005_P:859375-859926   -            184 1312453at2759        -            678   0.00026   15.0   0.0   1   2   0.00042    0.0027   11.6   0.0   553   595    21    64     2    98 0.79 -
ctg000005_P:859375-859926   -            184 1312453at2759        -            678   0.00026   15.0   0.0   2   2      0.57       3.6    1.3   0.0   552   592   124   168   107   177 0.74 -
ctg000005_P:193972-194964   -            331 1312453at2759        -            678   0.00027   14.9   0.0   1   1   0.00011   0.00069   13.6   0.0    78   125    97   145    89   150 0.88 -
ctg000007_P:208606-208944   -            113 1312453at2759        -            678   0.00028   14.9   0.0   1   2       1.2       7.6    0.2   0.0   574   595    16    37     6    39 0.85 -
ctg000007_P:208606-208944   -            113 1312453at2759        -            678   0.00028   14.9   0.0   2   2    0.0001   0.00064   13.7   0.0   552   591    34    78    17    83 0.80 -
ctg000008_P:66672-67580     -            303 1312453at2759        -            678   0.00034   14.6   0.1   1   1   7.8e-05   0.00049   14.1   0.1    50   225    66   271    22   284 0.74 -
ctg000005_P:740318-741160   -            281 1312453at2759        -            678   0.00035   14.6   0.2   1   1     8e-05   0.00051   14.0   0.2   563   629   162   234   141   271 0.79 -
ctg000010_P:159406-160443   -            346 1312453at2759        -            678   0.00061   13.8   0.1   1   2    0.0019     0.012    9.5   0.0    78   125   117   165    35   181 0.87 -
ctg000010_P:159406-160443   -            346 1312453at2759        -            678   0.00061   13.8   0.1   2   2      0.37       2.4    1.9   0.0   191   225   274   308   251   317 0.82 -
ctg000022_P:190333-190905   -            191 1312453at2759        -            678   0.00064   13.7   0.0   1   1   0.00011   0.00072   13.5   0.0    78   181    24   130    13   185 0.79 -
ctg000001_P:814416-815378   -            321 1312453at2759        -            678   0.00066   13.6   0.4   1   2      0.21       1.3    2.7   0.2   578   643    75   144    39   152 0.66 -
ctg000001_P:814416-815378   -            321 1312453at2759        -            678   0.00066   13.6   0.4   2   2    0.0012    0.0078   10.1   0.0   562   623   141   207   129   221 0.72 -
ctg000012_P:294226-294549   -            108 1312453at2759        -            678   0.00071   13.6   0.1   1   2     0.081      0.52    4.1   0.0   574   592    37    55    22    89 0.82 -
ctg000012_P:294226-294549   -            108 1312453at2759        -            678   0.00071   13.6   0.1   2   2    0.0045     0.028    8.3   0.0   573   590    90   107    80   108 0.88 -
ctg000000_P:983034-983939   -            302 1312453at2759        -            678   0.00087   13.3  10.7   1   5      0.19       1.2    2.8   0.1   562   601    30    68    23    85 0.71 -
ctg000000_P:983034-983939   -            302 1312453at2759        -            678   0.00087   13.3  10.7   2   5     0.026      0.16    5.7   0.1   557   592    73   112    64   118 0.81 -
ctg000000_P:983034-983939   -            302 1312453at2759        -            678   0.00087   13.3  10.7   3   5     0.047       0.3    4.9   0.2   562   589   125   155   115   159 0.82 -
ctg000000_P:983034-983939   -            302 1312453at2759        -            678   0.00087   13.3  10.7   4   5     0.071      0.45    4.3   0.1   576   596   188   208   177   270 0.66 -
ctg000000_P:983034-983939   -            302 1312453at2759        -            678   0.00087   13.3  10.7   5   5       2.4        15   -0.8   0.0   573   592   283   302   271   302 0.85 -
ctg000009_P:138744-139268   -            175 1312453at2759        -            678    0.0013   12.7   0.0   1   1   0.00029    0.0018   12.2   0.0    82   125    87   131    78   139 0.86 -
ctg000001_P:614373-615062   -            230 1312453at2759        -            678    0.0013   12.7   0.0   1   1   0.00031     0.002   12.1   0.0   574   660    15   104     1   112 0.70 -
ctg000000_P:424715-425236   -            174 1312453at2759        -            678    0.0013   12.6   0.0   1   2      0.22       1.4    2.6   0.0     4    50    15    61    12    81 0.80 -
ctg000000_P:424715-425236   -            174 1312453at2759        -            678    0.0013   12.6   0.0   2   2    0.0046     0.029    8.2   0.0    84   113   126   156   112   170 0.79 -
ctg000003_P:604912-605703   -            264 1312453at2759        -            678    0.0014   12.6   0.0   1   2    0.0009    0.0057   10.6   0.0    69   114   114   160    65   180 0.78 -
ctg000003_P:604912-605703   -            264 1312453at2759        -            678    0.0014   12.6   0.0   2   2       1.8        11   -0.4   0.0   153   179   224   254   211   262 0.70 -
ctg000010_P:252880-253308   -            143 1312453at2759        -            678    0.0031   11.5   0.0   1   1   0.00054    0.0034   11.3   0.0   557   604     6    56     2    84 0.79 -
ctg000001_P:196721-197236   -            172 1312453at2759        -            678    0.0033   11.3   0.0   1   1   0.00072    0.0046   10.9   0.0   573   597   125   149   117   170 0.77 -
ctg000006_P:866805-869807   -           1001 1312453at2759        -            678    0.0041   11.0   2.7   1   4       7.1        45   -2.3   0.1   491   545    32    86    11   127 0.73 -
ctg000006_P:866805-869807   -           1001 1312453at2759        -            678    0.0041   11.0   2.7   2   4      0.14      0.91    3.3   0.0   417   467   147   197   134   207 0.89 -
ctg000006_P:866805-869807   -           1001 1312453at2759        -            678    0.0041   11.0   2.7   3   4      0.11      0.72    3.6   0.1   430   551   349   483   344   530 0.66 -
ctg000006_P:866805-869807   -           1001 1312453at2759        -            678    0.0041   11.0   2.7   4   4      0.49       3.1    1.5   0.0   439   521   851   939   825   947 0.77 -
ctg000008_P:442914-443897   -            328 1312453at2759        -            678    0.0047   10.8   0.1   1   2    0.0028     0.018    8.9   0.0    78   125    97   144    62   152 0.78 -
ctg000008_P:442914-443897   -            328 1312453at2759        -            678    0.0047   10.8   0.1   2   2       2.9        18   -1.0   0.0   153   178   226   255   220   299 0.81 -
ctg000008_P:207980-208870   -            297 1312453at2759        -            678    0.0053   10.7   0.0   1   2       2.4        15   -0.8   0.0   573   598   133   158   118   178 0.70 -
ctg000008_P:207980-208870   -            297 1312453at2759        -            678    0.0053   10.7   0.0   2   2    0.0037     0.023    8.6   0.0   555   591   255   295   245   296 0.71 -
ctg000000_P:1466456-1467373 -            306 1312453at2759        -            678    0.0062   10.4   0.0   1   2    0.0055     0.035    8.0   0.0    84   125   115   157    58   170 0.84 -
ctg000000_P:1466456-1467373 -            306 1312453at2759        -            678    0.0062   10.4   0.0   2   2       1.1       6.9    0.4   0.0   163   251   193   286   176   295 0.68 -
ctg000006_P:471667-472014   -            116 1312453at2759        -            678    0.0079   10.1   0.0   1   1    0.0014    0.0086   10.0   0.0   574   635    11    73     1    88 0.82 -
ctg000003_P:91880-92605     -            242 1312453at2759        -            678    0.0091    9.9   0.3   1   2     0.011      0.07    7.0   0.0    84   115   107   139    65   145 0.88 -
ctg000003_P:91880-92605     -            242 1312453at2759        -            678    0.0091    9.9   0.3   2   2         1       6.5    0.5   0.0   164   178   214   228   197   238 0.81 -
ctg000009_P:404745-405506   -            254 1312453at2759        -            678    0.0096    9.8   1.8   1   2    0.0036     0.023    8.6   0.7   573   653    42   125    22   143 0.62 -
ctg000009_P:404745-405506   -            254 1312453at2759        -            678    0.0096    9.8   1.8   2   2       2.1        13   -0.6   0.0   574   590   238   254   218   254 0.82 -
ctg000006_P:472354-472848   -            165 1312453at2759        -            678     0.018    8.9   1.2   1   1     0.012     0.076    6.8   1.2   577   630    70   126    44   134 0.60 -
#
# Program:         hmmsearch
# Version:         3.1b2 (February 2015)
# Pipeline mode:   SEARCH
# Query file:      /Users/dominiquefastus/DeNovoProj/BUSCO_ass/busco_downloads/lineages/eukaryota_odb10/hmms/1312453at2759.hmm
# Target file:     /Users/dominiquefastus/DeNovoProj/BUSCO_ass/busco_out/auto_lineage/run_eukaryota_odb10/metaeuk_output/initial_results/asm_ctgs_m.fa.modified.fas
# Option settings: hmmsearch --domtblout /Users/dominiquefastus/DeNovoProj/BUSCO_ass/busco_out/auto_lineage/run_eukaryota_odb10/hmmer_output/initial_run_results/1312453at2759.out --cpu 1 /Users/dominiquefastus/DeNovoProj/BUSCO_ass/busco_downloads/lineages/eukaryota_odb10/hmms/1312453at2759.hmm /Users/dominiquefastus/DeNovoProj/BUSCO_ass/busco_out/auto_lineage/run_eukaryota_odb10/metaeuk_output/initial_results/asm_ctgs_m.fa.modified.fas 
# Current dir:     /Users/dominiquefastus/DeNovoProj/BUSCO_ass
# Date:            Fri Feb 24 11:50:31 2023
# [ok]
