#                                                                                   --- full sequence --- -------------- this domain -------------   hmm coord   ali coord   env coord
# target name               accession   tlen query name           accession   qlen   E-value  score  bias   #  of  c-Evalue  i-Evalue  score  bias  from    to  from    to  from    to  acc description of target
#       ------------------- ---------- ----- -------------------- ---------- ----- --------- ------ ----- --- --- --------- --------- ------ ----- ----- ----- ----- ----- ----- ----- ---- ---------------------
ctg000003_P:904315-907131   -            939 388820at2759         -            609  1.3e-158  524.5  10.8   1   5   9.3e-11   1.2e-09   32.5   0.2     1    68    21   110    21   149 0.69 -
ctg000003_P:904315-907131   -            939 388820at2759         -            609  1.3e-158  524.5  10.8   2   5   6.4e-61     8e-60  198.2   0.0    79   311   163   434   152   437 0.84 -
ctg000003_P:904315-907131   -            939 388820at2759         -            609  1.3e-158  524.5  10.8   3   5   2.1e-67   2.6e-66  219.6   0.5   311   499   462   672   445   685 0.88 -
ctg000003_P:904315-907131   -            939 388820at2759         -            609  1.3e-158  524.5  10.8   4   5   1.8e-17   2.2e-16   54.7   0.1   489   545   710   766   680   774 0.88 -
ctg000003_P:904315-907131   -            939 388820at2759         -            609  1.3e-158  524.5  10.8   5   5   1.5e-07   1.9e-06   21.9   0.0   543   600   831   900   828   904 0.82 -
ctg000012_P:112251-115019   -            923 388820at2759         -            609   1.1e-29   98.7   7.1   1   7     6e-05   0.00075   13.3   0.7   346   446    51   177    36   180 0.71 -
ctg000012_P:112251-115019   -            923 388820at2759         -            609   1.1e-29   98.7   7.1   2   7      0.23       2.9    1.5   0.0   349   381   190   222   181   233 0.82 -
ctg000012_P:112251-115019   -            923 388820at2759         -            609   1.1e-29   98.7   7.1   3   7   5.9e-13   7.4e-12   39.7   0.0   107   267   248   418   245   421 0.85 -
ctg000012_P:112251-115019   -            923 388820at2759         -            609   1.1e-29   98.7   7.1   4   7   2.3e-11   2.9e-10   34.5   0.1   157   270   386   507   382   511 0.76 -
ctg000012_P:112251-115019   -            923 388820at2759         -            609   1.1e-29   98.7   7.1   5   7   0.00083      0.01    9.5   0.0   156   189   513   546   508   557 0.88 -
ctg000012_P:112251-115019   -            923 388820at2759         -            609   1.1e-29   98.7   7.1   6   7    0.0033     0.042    7.5   0.0   426   477   588   639   575   642 0.89 -
ctg000012_P:112251-115019   -            923 388820at2759         -            609   1.1e-29   98.7   7.1   7   7       1.2        15   -1.0   0.0   457   492   682   717   677   740 0.81 -
ctg000003_P:379491-382301   -            937 388820at2759         -            609   6.4e-28   92.8  14.8   1   6       3.8        48   -2.6   0.1   431   452    42    62    39    65 0.64 -
ctg000003_P:379491-382301   -            937 388820at2759         -            609   6.4e-28   92.8  14.8   2   6   4.5e-06   5.6e-05   17.0   0.1   325   387    95   158    91   167 0.84 -
ctg000003_P:379491-382301   -            937 388820at2759         -            609   6.4e-28   92.8  14.8   3   6   2.3e-07   2.9e-06   21.3   1.1   419   482   166   230   157   238 0.81 -
ctg000003_P:379491-382301   -            937 388820at2759         -            609   6.4e-28   92.8  14.8   4   6   0.00034    0.0043   10.8   0.1   417   460   392   435   380   439 0.85 -
ctg000003_P:379491-382301   -            937 388820at2759         -            609   6.4e-28   92.8  14.8   5   6     2e-07   2.4e-06   21.5   0.0   319   382   440   505   430   519 0.85 -
ctg000003_P:379491-382301   -            937 388820at2759         -            609   6.4e-28   92.8  14.8   6   6   2.9e-09   3.6e-08   27.6   0.2   118   276   530   697   522   710 0.83 -
ctg000000_P:195021-198608   -           1196 388820at2759         -            609   8.1e-23   75.9   5.0   1   4   1.3e-12   1.6e-11   38.6   0.0   161   267    12   124     3   129 0.83 -
ctg000000_P:195021-198608   -           1196 388820at2759         -            609   8.1e-23   75.9   5.0   2   4    0.0041     0.051    7.2   0.0   231   268   129   167   123   190 0.71 -
ctg000000_P:195021-198608   -           1196 388820at2759         -            609   8.1e-23   75.9   5.0   3   4   2.4e-09     3e-08   27.8   0.1   194   266   208   281   178   290 0.88 -
ctg000000_P:195021-198608   -           1196 388820at2759         -            609   8.1e-23   75.9   5.0   4   4       0.2       2.5    1.6   0.1   141   203   472   537   443   564 0.72 -
ctg000012_P:93489-94475     -            329 388820at2759         -            609     9e-21   69.2   7.1   1   4   3.9e-07   4.8e-06   20.5   0.0   204   264    11    70     3    96 0.85 -
ctg000012_P:93489-94475     -            329 388820at2759         -            609     9e-21   69.2   7.1   2   4   3.6e-07   4.5e-06   20.6   0.0   204   267   103   164    96   173 0.86 -
ctg000012_P:93489-94475     -            329 388820at2759         -            609     9e-21   69.2   7.1   3   4   6.8e-07   8.5e-06   19.7   0.0   416   457   258   300   194   307 0.81 -
ctg000012_P:93489-94475     -            329 388820at2759         -            609     9e-21   69.2   7.1   4   4   0.00096     0.012    9.3   0.5   425   444   310   329   299   329 0.85 -
ctg000003_P:549495-551945   -            817 388820at2759         -            609   2.4e-19   64.5   4.1   1   6     0.084       1.1    2.9   0.0   402   456    40   102    22   107 0.75 -
ctg000003_P:549495-551945   -            817 388820at2759         -            609   2.4e-19   64.5   4.1   2   6   4.2e-07   5.3e-06   20.4   0.0   349   458    60   191    51   195 0.69 -
ctg000003_P:549495-551945   -            817 388820at2759         -            609   2.4e-19   64.5   4.1   3   6       3.5        44   -2.5   0.0   365   382   211   228   203   262 0.74 -
ctg000003_P:549495-551945   -            817 388820at2759         -            609   2.4e-19   64.5   4.1   4   6      0.16         2    2.0   0.1   425   446   398   419   387   429 0.85 -
ctg000003_P:549495-551945   -            817 388820at2759         -            609   2.4e-19   64.5   4.1   5   6       1.4        17   -1.1   0.0   207   224   453   470   448   476 0.69 -
ctg000003_P:549495-551945   -            817 388820at2759         -            609   2.4e-19   64.5   4.1   6   6   1.8e-11   2.2e-10   34.9   0.1   117   271   489   651   484   680 0.73 -
ctg000007_P:202424-203284   -            287 388820at2759         -            609     3e-18   60.8   6.4   1   5       0.6       7.5    0.1   0.0   421   446    24    50    13    56 0.62 -
ctg000007_P:202424-203284   -            287 388820at2759         -            609     3e-18   60.8   6.4   2   5   3.3e-08   4.1e-07   24.1   0.1   194   265    79   149    74   153 0.91 -
ctg000007_P:202424-203284   -            287 388820at2759         -            609     3e-18   60.8   6.4   3   5    0.0018     0.022    8.4   0.1   426   461   173   208   160   213 0.73 -
ctg000007_P:202424-203284   -            287 388820at2759         -            609     3e-18   60.8   6.4   4   5   6.1e-08   7.7e-07   23.2   0.1   425   475   214   269   207   274 0.83 -
ctg000007_P:202424-203284   -            287 388820at2759         -            609     3e-18   60.8   6.4   5   5    0.0019     0.023    8.4   0.0   351   384   248   281   243   286 0.75 -
ctg000008_P:156612-157520   -            303 388820at2759         -            609   3.8e-17   57.2   9.4   1   3   5.5e-10   6.9e-09   29.9   0.2   364   446     4   106     1   110 0.75 -
ctg000008_P:156612-157520   -            303 388820at2759         -            609   3.8e-17   57.2   9.4   2   3   6.3e-05   0.00079   13.2   0.3   347   456   113   157   108   239 0.62 -
ctg000008_P:156612-157520   -            303 388820at2759         -            609   3.8e-17   57.2   9.4   3   3    0.0001    0.0013   12.5   0.5   419   450   253   285   239   289 0.87 -
ctg000001_P:614373-615062   -            230 388820at2759         -            609   9.9e-17   55.8   0.3   1   2   2.9e-17   3.6e-16   54.0   0.1   195   381     4   185     1   190 0.85 -
ctg000001_P:614373-615062   -            230 388820at2759         -            609   9.9e-17   55.8   0.3   2   2      0.95        12   -0.6   0.0   239   261   200   222   195   229 0.55 -
ctg000012_P:73886-75097     -            404 388820at2759         -            609   1.1e-16   55.7   6.3   1   6    0.0065     0.081    6.6   0.0   443   488    31    76    27    92 0.83 -
ctg000012_P:73886-75097     -            404 388820at2759         -            609   1.1e-16   55.7   6.3   2   6   0.00013    0.0017   12.2   0.0   419   454   143   179   139   183 0.89 -
ctg000012_P:73886-75097     -            404 388820at2759         -            609   1.1e-16   55.7   6.3   3   6   1.9e-05   0.00024   14.9   0.1   424   485   191   255   182   257 0.80 -
ctg000012_P:73886-75097     -            404 388820at2759         -            609   1.1e-16   55.7   6.3   4   6    0.0016      0.02    8.6   0.0   425   454   234   263   224   268 0.86 -
ctg000012_P:73886-75097     -            404 388820at2759         -            609   1.1e-16   55.7   6.3   5   6   0.00018    0.0022   11.7   0.1   348   390   271   313   264   321 0.89 -
ctg000012_P:73886-75097     -            404 388820at2759         -            609   1.1e-16   55.7   6.3   6   6     0.018      0.22    5.1   0.0   347   383   324   360   314   380 0.75 -
ctg000009_P:515852-517330   -            493 388820at2759         -            609   1.5e-16   55.2   4.0   1   2   2.4e-08   2.9e-07   24.6   0.3   331   455   192   312   179   321 0.79 -
ctg000009_P:515852-517330   -            493 388820at2759         -            609   1.5e-16   55.2   4.0   2   2   6.8e-10   8.5e-09   29.6   0.3   396   482   355   444   341   450 0.82 -
ctg000000_P:1096355-1184297 -            372 388820at2759         -            609   2.4e-16   54.6   1.3   1   4   2.8e-09   3.4e-08   27.6   0.0   195   267    21    94    15   107 0.86 -
ctg000000_P:1096355-1184297 -            372 388820at2759         -            609   2.4e-16   54.6   1.3   2   4      0.43       5.3    0.6   0.0   417   444   151   181   137   202 0.57 -
ctg000000_P:1096355-1184297 -            372 388820at2759         -            609   2.4e-16   54.6   1.3   3   4    0.0026     0.033    7.9   0.0   132   186   218   278   190   285 0.83 -
ctg000000_P:1096355-1184297 -            372 388820at2759         -            609   2.4e-16   54.6   1.3   4   4   3.8e-05   0.00047   14.0   0.0   327   374   320   368   316   372 0.90 -
ctg000010_P:287571-288542   -            324 388820at2759         -            609   8.2e-16   52.8   4.1   1   4   2.1e-05   0.00026   14.8   0.0   419   458     6    45     4    49 0.89 -
ctg000010_P:287571-288542   -            324 388820at2759         -            609   8.2e-16   52.8   4.1   2   4     0.013      0.16    5.6   0.0   422   446    53    77    44    82 0.81 -
ctg000010_P:287571-288542   -            324 388820at2759         -            609   8.2e-16   52.8   4.1   3   4   5.6e-06     7e-05   16.7   0.3   206   267   122   182   106   202 0.78 -
ctg000010_P:287571-288542   -            324 388820at2759         -            609   8.2e-16   52.8   4.1   4   4   1.3e-08   1.6e-07   25.4   0.4   349   479   150   278   148   296 0.84 -
ctg000008_P:735513-736907   -            465 388820at2759         -            609   8.3e-16   52.8   2.6   1   3   3.4e-11   4.2e-10   33.9   2.1   128   263   102   246    90   247 0.76 -
ctg000008_P:735513-736907   -            465 388820at2759         -            609   8.3e-16   52.8   2.6   2   3   1.6e-05    0.0002   15.2   0.0   191   272   217   298   213   318 0.81 -
ctg000008_P:735513-736907   -            465 388820at2759         -            609   8.3e-16   52.8   2.6   3   3    0.0014     0.018    8.8   0.0   342   379   342   379   318   390 0.83 -
ctg000005_P:675694-676578   -            295 388820at2759         -            609   4.2e-15   50.5   6.3   1   3   4.4e-05   0.00055   13.7   0.1   426   449    10    33     2    42 0.88 -
ctg000005_P:675694-676578   -            295 388820at2759         -            609   4.2e-15   50.5   6.3   2   3   2.2e-06   2.8e-05   18.0   0.1   417   486    42   115    34   125 0.77 -
ctg000005_P:675694-676578   -            295 388820at2759         -            609   4.2e-15   50.5   6.3   3   3   5.1e-05   0.00063   13.5   0.3   236   301   124   192   123   294 0.46 -
ctg000007_P:370322-371467   -            382 388820at2759         -            609   5.3e-15   50.1   0.5   1   3   2.9e-05   0.00036   14.3   0.1   308   379    75   146    14   162 0.80 -
ctg000007_P:370322-371467   -            382 388820at2759         -            609   5.3e-15   50.1   0.5   2   3     3e-10   3.7e-09   30.8   0.0   169   268   184   288   182   294 0.82 -
ctg000007_P:370322-371467   -            382 388820at2759         -            609   5.3e-15   50.1   0.5   3   3      0.24       2.9    1.4   0.0   167   188   307   328   301   335 0.82 -
ctg000022_P:212196-214076   -            627 388820at2759         -            609     3e-14   47.7   1.2   1   3      0.26       3.3    1.3   0.0   349   383   310   345   303   351 0.80 -
ctg000022_P:212196-214076   -            627 388820at2759         -            609     3e-14   47.7   1.2   2   3   3.9e-08   4.8e-07   23.8   0.1   324   461   327   459   321   476 0.75 -
ctg000022_P:212196-214076   -            627 388820at2759         -            609     3e-14   47.7   1.2   3   3   4.4e-07   5.5e-06   20.4   0.1   397   449   496   551   484   608 0.78 -
ctg000013_P:153629-154600   -            324 388820at2759         -            609   3.3e-14   47.5   5.1   1   5   3.5e-05   0.00044   14.1   0.0   421   458     8    45     5    48 0.89 -
ctg000013_P:153629-154600   -            324 388820at2759         -            609   3.3e-14   47.5   5.1   2   5    0.0069     0.086    6.5   0.0   422   449    53    80    45    83 0.81 -
ctg000013_P:153629-154600   -            324 388820at2759         -            609   3.3e-14   47.5   5.1   3   5   7.2e-06   8.9e-05   16.3   0.2   200   265   115   180   106   188 0.78 -
ctg000013_P:153629-154600   -            324 388820at2759         -            609   3.3e-14   47.5   5.1   4   5    0.0067     0.084    6.5   0.1   234   279   210   254   204   267 0.65 -
ctg000013_P:153629-154600   -            324 388820at2759         -            609   3.3e-14   47.5   5.1   5   5      0.15       1.8    2.1   0.1    85   117   256   288   247   297 0.70 -
ctg000000_P:1183425-1184270 -            282 388820at2759         -            609   3.8e-14   47.3   0.1   1   3   1.7e-09   2.2e-08   28.3   0.0   195   267    12    85     7    98 0.85 -
ctg000000_P:1183425-1184270 -            282 388820at2759         -            609   3.8e-14   47.3   0.1   2   3   0.00082      0.01    9.5   0.0   416   454   141   180   126   225 0.69 -
ctg000000_P:1183425-1184270 -            282 388820at2759         -            609   3.8e-14   47.3   0.1   3   3      0.01      0.13    5.9   0.0   422   455   237   271   235   275 0.89 -
ctg000007_P:236263-237057   -            265 388820at2759         -            609   1.3e-13   45.5   0.8   1   4   1.7e-06   2.2e-05   18.4   0.1   396   457    26    91     6    99 0.80 -
ctg000007_P:236263-237057   -            265 388820at2759         -            609   1.3e-13   45.5   0.8   2   4    0.0024     0.031    8.0   0.0   421   456    98   133    92   137 0.89 -
ctg000007_P:236263-237057   -            265 388820at2759         -            609   1.3e-13   45.5   0.8   3   4   1.1e-05   0.00014   15.7   0.0   419   456   145   183   140   202 0.87 -
ctg000007_P:236263-237057   -            265 388820at2759         -            609   1.3e-13   45.5   0.8   4   4       1.9        24   -1.6   0.0   175   206   210   242   200   254 0.53 -
ctg000001_P:853649-855820   -            724 388820at2759         -            609   2.6e-13   44.6   0.0   1   4     0.084       1.1    2.9   0.0   350   386     5    41     2    58 0.82 -
ctg000001_P:853649-855820   -            724 388820at2759         -            609   2.6e-13   44.6   0.0   2   4   8.1e-06    0.0001   16.2   0.0   322   382    60   121    57   131 0.93 -
ctg000001_P:853649-855820   -            724 388820at2759         -            609   2.6e-13   44.6   0.0   3   4      0.53       6.6    0.3   0.0   348   384   130   167   123   176 0.68 -
ctg000001_P:853649-855820   -            724 388820at2759         -            609   2.6e-13   44.6   0.0   4   4   1.2e-06   1.5e-05   18.9   0.0   202   266   187   250   176   263 0.81 -
ctg000005_P:54978-55817     -            280 388820at2759         -            609   9.2e-13   42.7   0.8   1   2   1.7e-06   2.1e-05   18.4   0.0   204   274    46   119    28   126 0.79 -
ctg000005_P:54978-55817     -            280 388820at2759         -            609   9.2e-13   42.7   0.8   2   2   9.7e-08   1.2e-06   22.5   0.2   142   263   146   280   136   280 0.79 -
ctg000002_P:347764-348912   -            383 388820at2759         -            609   2.8e-11   37.8   7.1   1   4   8.3e-06    0.0001   16.1   0.4   417   477    57   122    44   144 0.84 -
ctg000002_P:347764-348912   -            383 388820at2759         -            609   2.8e-11   37.8   7.1   2   4    0.0002    0.0025   11.5   0.1   419   450   148   179   133   183 0.90 -
ctg000002_P:347764-348912   -            383 388820at2759         -            609   2.8e-11   37.8   7.1   3   4    0.0011     0.014    9.1   0.0   158   188   234   264   205   274 0.78 -
ctg000002_P:347764-348912   -            383 388820at2759         -            609   2.8e-11   37.8   7.1   4   4      0.54       6.7    0.3   0.0   349   378   354   383   345   383 0.91 -
ctg000107_P:182199-182945   -            249 388820at2759         -            609   1.2e-10   35.8   0.8   1   3   0.00061    0.0076   10.0   0.0   427   453   126   152   114   157 0.85 -
ctg000107_P:182199-182945   -            249 388820at2759         -            609   1.2e-10   35.8   0.8   2   3   2.1e-07   2.6e-06   21.4   0.4   399   454   135   193   134   204 0.80 -
ctg000107_P:182199-182945   -            249 388820at2759         -            609   1.2e-10   35.8   0.8   3   3    0.0014     0.017    8.8   0.0   204   244   205   242   195   248 0.57 -
ctg000003_P:113154-114620   -            489 388820at2759         -            609   1.9e-10   35.1   5.6   1   4      0.11       1.4    2.5   0.0   347   392    64   110    61   119 0.66 -
ctg000003_P:113154-114620   -            489 388820at2759         -            609   1.9e-10   35.1   5.6   2   4    0.0081       0.1    6.3   0.1   326   406    85   177    78   180 0.76 -
ctg000003_P:113154-114620   -            489 388820at2759         -            609   1.9e-10   35.1   5.6   3   4   5.3e-06   6.6e-05   16.8   0.1   369   478   168   287   156   298 0.79 -
ctg000003_P:113154-114620   -            489 388820at2759         -            609   1.9e-10   35.1   5.6   4   4   2.7e-05   0.00034   14.4   0.3   194   272   306   384   297   422 0.61 -
ctg000009_P:40505-40990     -            162 388820at2759         -            609   2.6e-10   34.6   1.5   1   2     0.019      0.23    5.1   0.1   350   394     9    51     4    58 0.81 -
ctg000009_P:40505-40990     -            162 388820at2759         -            609   2.6e-10   34.6   1.5   2   2   3.6e-09   4.5e-08   27.2   0.2   171   265    61   158    52   162 0.84 -
ctg000001_P:814416-815378   -            321 388820at2759         -            609   6.4e-10   33.3   0.2   1   2   5.4e-10   6.8e-09   30.0   0.1    79   220    55   215    28   223 0.77 -
ctg000001_P:814416-815378   -            321 388820at2759         -            609   6.4e-10   33.3   0.2   2   2      0.37       4.6    0.8   0.0   332   378   263   311   254   316 0.76 -
ctg000006_P:472354-472848   -            165 388820at2759         -            609   7.1e-10   33.2   2.4   1   3     0.017      0.21    5.2   0.0   235   273     4    44     1    54 0.73 -
ctg000006_P:472354-472848   -            165 388820at2759         -            609   7.1e-10   33.2   2.4   2   3    0.0002    0.0024   11.6   0.1   419   450    57    89    47    93 0.81 -
ctg000006_P:472354-472848   -            165 388820at2759         -            609   7.1e-10   33.2   2.4   3   3   9.8e-06   0.00012   15.9   0.1   347   383    93   129    86   146 0.85 -
ctg000006_P:63397-64572     -            392 388820at2759         -            609   1.4e-09   32.2   0.6   1   3     0.003     0.037    7.7   0.1   207   263    24    93     5   105 0.55 -
ctg000006_P:63397-64572     -            392 388820at2759         -            609   1.4e-09   32.2   0.6   2   3   2.4e-05   0.00029   14.6   0.1   348   450    64   175    60   178 0.75 -
ctg000006_P:63397-64572     -            392 388820at2759         -            609   1.4e-09   32.2   0.6   3   3    0.0016      0.02    8.6   0.0   348   377   180   209   175   216 0.91 -
ctg000007_P:596002-596847   -            282 388820at2759         -            609   2.1e-09   31.6   0.1   1   3   2.8e-05   0.00035   14.4   0.0   353   445     2    91     1    97 0.88 -
ctg000007_P:596002-596847   -            282 388820at2759         -            609   2.1e-09   31.6   0.1   2   3    0.0012     0.015    9.0   0.3   410   473   113   181   109   182 0.86 -
ctg000007_P:596002-596847   -            282 388820at2759         -            609   2.1e-09   31.6   0.1   3   3   0.00034    0.0043   10.8   0.0   348   382   159   193   152   199 0.90 -
ctg000000_P:983034-983939   -            302 388820at2759         -            609   2.3e-09   31.5   0.9   1   3   2.7e-05   0.00034   14.5   0.1   168   269     6   114     3   129 0.81 -
ctg000000_P:983034-983939   -            302 388820at2759         -            609   2.3e-09   31.5   0.9   2   3   2.2e-05   0.00027   14.7   0.0   194   270   128   207   120   216 0.86 -
ctg000000_P:983034-983939   -            302 388820at2759         -            609   2.3e-09   31.5   0.9   3   3       1.8        23   -1.5   0.0   363   379   284   300   267   302 0.58 -
ctg000006_P:442717-443733   -            339 388820at2759         -            609   9.1e-09   29.5   3.4   1   3    0.0034     0.042    7.5   0.0   418   446    18    47    13    66 0.81 -
ctg000006_P:442717-443733   -            339 388820at2759         -            609   9.1e-09   29.5   3.4   2   3    0.0002    0.0024   11.6   0.4   416   470   121   178   115   207 0.69 -
ctg000006_P:442717-443733   -            339 388820at2759         -            609   9.1e-09   29.5   3.4   3   3    0.0026     0.033    7.9   0.1   403   454   255   311   199   324 0.74 -
ctg000022_P:317560-318594   -            345 388820at2759         -            609   1.1e-08   29.3   0.3   1   3   3.9e-08   4.9e-07   23.8   0.1   193   280     2    95     1   199 0.87 -
ctg000022_P:317560-318594   -            345 388820at2759         -            609   1.1e-08   29.3   0.3   2   3      0.96        12   -0.6   0.0   426   472   232   288   221   298 0.65 -
ctg000022_P:317560-318594   -            345 388820at2759         -            609   1.1e-08   29.3   0.3   3   3      0.13       1.6    2.3   0.0   312   336   319   343   314   345 0.50 -
ctg000010_P:203616-204614   -            333 388820at2759         -            609   6.3e-08   26.8   0.2   1   3   6.2e-05   0.00077   13.3   0.0   197   382    14    87     7   102 0.49 -
ctg000010_P:203616-204614   -            333 388820at2759         -            609   6.3e-08   26.8   0.2   2   3    0.0016      0.02    8.6   0.1   425   486   109   172    99   189 0.74 -
ctg000010_P:203616-204614   -            333 388820at2759         -            609   6.3e-08   26.8   0.2   3   3      0.33       4.1    0.9   0.0   353   380   246   273   240   284 0.59 -
ctg000006_P:535601-536641   -            347 388820at2759         -            609   7.9e-08   26.4   0.1   1   4     0.016       0.2    5.3   0.0   234   263     7    37     4    47 0.80 -
ctg000006_P:535601-536641   -            347 388820at2759         -            609   7.9e-08   26.4   0.1   2   4   0.00064     0.008    9.9   0.0   427   467    64   107    54   115 0.80 -
ctg000006_P:535601-536641   -            347 388820at2759         -            609   7.9e-08   26.4   0.1   3   4     0.012      0.15    5.7   0.0   426   477   164   220   153   231 0.77 -
ctg000006_P:535601-536641   -            347 388820at2759         -            609   7.9e-08   26.4   0.1   4   4         2        25   -1.6   0.0   349   389   292   332   287   342 0.80 -
ctg000001_P:1021567-1022013 -            149 388820at2759         -            609   9.2e-08   26.2   0.1   1   2     0.053      0.66    3.6   0.0   451   475    24    48    13    62 0.76 -
ctg000001_P:1021567-1022013 -            149 388820at2759         -            609   9.2e-08   26.2   0.1   2   2   3.1e-07   3.9e-06   20.9   0.0   340   397    74   131    60   142 0.79 -
ctg000014_P:161740-163017   -            426 388820at2759         -            609   1.1e-07   25.9   0.0   1   2   5.3e-07   6.6e-06   20.1   0.0   312   384    29   106    25   115 0.80 -
ctg000014_P:161740-163017   -            426 388820at2759         -            609   1.1e-07   25.9   0.0   2   2       0.1       1.3    2.6   0.0   321   378   181   242   164   257 0.70 -
ctg000002_P:264130-264882   -            251 388820at2759         -            609   1.4e-07   25.7   7.1   1   4   0.00014    0.0017   12.1   0.3   344   395    26    79    23    86 0.83 -
ctg000002_P:264130-264882   -            251 388820at2759         -            609   1.4e-07   25.7   7.1   2   4      0.41       5.1    0.6   0.0   208   246    89   125    80   128 0.72 -
ctg000002_P:264130-264882   -            251 388820at2759         -            609   1.4e-07   25.7   7.1   3   4     0.014      0.18    5.5   0.0   428   449   150   171   147   174 0.87 -
ctg000002_P:264130-264882   -            251 388820at2759         -            609   1.4e-07   25.7   7.1   4   4    0.0026     0.032    7.9   0.1   427   452   206   231   195   239 0.86 -
ctg000006_P:425866-427404   -            513 388820at2759         -            609   2.7e-07   24.7   0.8   1   2   1.9e-05   0.00023   15.0   0.9   393   506    54   178    36   178 0.74 -
ctg000006_P:425866-427404   -            513 388820at2759         -            609   2.7e-07   24.7   0.8   2   2   0.00012    0.0015   12.3   0.0   165   279   131   253   124   259 0.83 -
ctg000001_P:791651-792658   -            336 388820at2759         -            609     5e-07   23.8   1.0   1   4     0.001     0.013    9.2   0.3   349   398     1    55     1    58 0.79 -
ctg000001_P:791651-792658   -            336 388820at2759         -            609     5e-07   23.8   1.0   2   4     0.018      0.23    5.1   0.0   348   402    46   102    43   110 0.81 -
ctg000001_P:791651-792658   -            336 388820at2759         -            609     5e-07   23.8   1.0   3   4       2.1        26   -1.7   0.0   132   149   222   239   204   254 0.66 -
ctg000001_P:791651-792658   -            336 388820at2759         -            609     5e-07   23.8   1.0   4   4    0.0046     0.058    7.1   0.0   337   379   284   326   280   334 0.91 -
ctg000000_P:690037-690627   -            197 388820at2759         -            609   7.8e-07   23.2   1.9   1   1   3.3e-07   4.1e-06   20.8   1.8   158   271    46   169    17   177 0.78 -
ctg000006_P:423485-425329   -            615 388820at2759         -            609   8.3e-07   23.1   4.3   1   4       1.5        19   -1.3   0.0   419   452   209   244   196   250 0.66 -
ctg000006_P:423485-425329   -            615 388820at2759         -            609   8.3e-07   23.1   4.3   2   4   0.00011    0.0013   12.5   0.7   419   456   256   293   253   311 0.87 -
ctg000006_P:423485-425329   -            615 388820at2759         -            609   8.3e-07   23.1   4.3   3   4      0.17       2.1    1.9   0.1   205   273   309   372   290   391 0.67 -
ctg000006_P:423485-425329   -            615 388820at2759         -            609   8.3e-07   23.1   4.3   4   4     0.011      0.13    5.9   0.0   134   266   459   613   422   615 0.59 -
ctg000005_P:740318-741160   -            281 388820at2759         -            609     1e-06   22.8   1.7   1   2       0.4         5    0.7   0.0   373   420    25    74    11   108 0.67 -
ctg000005_P:740318-741160   -            281 388820at2759         -            609     1e-06   22.8   1.7   2   2   5.5e-07   6.9e-06   20.0   0.4   169   277   132   246   127   256 0.78 -
ctg000008_P:606256-607521   -            422 388820at2759         -            609   2.2e-06   21.6   1.1   1   3       1.6        20   -1.3   0.0   160   186    65    91    62   102 0.83 -
ctg000008_P:606256-607521   -            422 388820at2759         -            609   2.2e-06   21.6   1.1   2   3      0.47       5.8    0.4   0.0   349   387   159   197   148   213 0.65 -
ctg000008_P:606256-607521   -            422 388820at2759         -            609   2.2e-06   21.6   1.1   3   3   2.1e-06   2.7e-05   18.1   0.1   313   400   213   303   209   358 0.80 -
ctg000009_P:221813-222463   -            217 388820at2759         -            609   3.7e-06   20.9   2.0   1   2   9.5e-06   0.00012   15.9   1.4   313   476     2   169     1   174 0.69 -
ctg000009_P:221813-222463   -            217 388820at2759         -            609   3.7e-06   20.9   2.0   2   2     0.019      0.23    5.1   0.1   425   465   156   199   146   209 0.78 -
ctg000008_P:207980-208870   -            297 388820at2759         -            609   4.2e-06   20.7   1.0   1   3    0.0009     0.011    9.4   0.2   398   458     6    74     2   108 0.73 -
ctg000008_P:207980-208870   -            297 388820at2759         -            609   4.2e-06   20.7   1.0   2   3    0.0029     0.036    7.7   0.0   154   193   116   156    87   171 0.60 -
ctg000008_P:207980-208870   -            297 388820at2759         -            609   4.2e-06   20.7   1.0   3   3       0.3       3.7    1.1   0.0   350   380   264   295   232   297 0.66 -
ctg000003_P:529791-530570   -            260 388820at2759         -            609   5.6e-06   20.3   0.0   1   3    0.0039     0.049    7.3   0.0   208   258     3    56     1    62 0.79 -
ctg000003_P:529791-530570   -            260 388820at2759         -            609   5.6e-06   20.3   0.0   2   3     0.075      0.93    3.1   0.0   207   265    48   109    44   115 0.80 -
ctg000003_P:529791-530570   -            260 388820at2759         -            609   5.6e-06   20.3   0.0   3   3    0.0027     0.034    7.8   0.0   208   262   152   212   146   230 0.72 -
ctg000005_P:859375-859926   -            184 388820at2759         -            609   5.8e-06   20.3   0.4   1   3     0.019      0.23    5.1   0.4   430   452     1    23     1    28 0.90 -
ctg000005_P:859375-859926   -            184 388820at2759         -            609   5.8e-06   20.3   0.4   2   3    0.0047     0.059    7.0   0.1   335   386    12    66     7    77 0.77 -
ctg000005_P:859375-859926   -            184 388820at2759         -            609   5.8e-06   20.3   0.4   3   3    0.0013     0.017    8.8   0.0   210   272   109   173    93   181 0.71 -
ctg000107_P:66451-67743     -            431 388820at2759         -            609   8.3e-06   19.8   0.3   1   3     0.026      0.32    4.6   0.0   194   254    66   127    52   140 0.82 -
ctg000107_P:66451-67743     -            431 388820at2759         -            609   8.3e-06   19.8   0.3   2   3      0.17       2.2    1.9   0.1   430   453   221   244   210   250 0.88 -
ctg000107_P:66451-67743     -            431 388820at2759         -            609   8.3e-06   19.8   0.3   3   3    0.0014     0.018    8.8   0.0   118   186   310   378   271   385 0.86 -
ctg000009_P:404745-405506   -            254 388820at2759         -            609   1.1e-05   19.4   2.6   1   2   3.2e-05    0.0004   14.2   1.1   426   486    41   104    34   111 0.84 -
ctg000009_P:404745-405506   -            254 388820at2759         -            609   1.1e-05   19.4   2.6   2   2       0.2       2.5    1.7   0.0   418   443   225   253   212   254 0.54 -
ctg000003_P:955379-956035   -            219 388820at2759         -            609   1.2e-05   19.2   0.0   1   2   4.6e-06   5.7e-05   17.0   0.0   430   476    51   100    26   125 0.66 -
ctg000003_P:955379-956035   -            219 388820at2759         -            609   1.2e-05   19.2   0.0   2   2      0.82        10   -0.4   0.0   331   381   149   202   140   210 0.73 -
ctg000002_P:933767-937114   -           1116 388820at2759         -            609   1.5e-05   18.9   0.1   1   4       3.2        40   -2.3   0.0   231   271    17    60    12    78 0.71 -
ctg000002_P:933767-937114   -           1116 388820at2759         -            609   1.5e-05   18.9   0.1   2   4      0.04       0.5    4.0   0.0   349   385   161   198   158   207 0.79 -
ctg000002_P:933767-937114   -           1116 388820at2759         -            609   1.5e-05   18.9   0.1   3   4   0.00046    0.0057   10.4   0.0   137   191   243   301   232   313 0.69 -
ctg000002_P:933767-937114   -           1116 388820at2759         -            609   1.5e-05   18.9   0.1   4   4       1.4        18   -1.1   0.0   424   454   438   468   399   472 0.82 -
ctg000007_P:46219-47154     -            312 388820at2759         -            609   1.5e-05   18.9   0.2   1   4    0.0023     0.029    8.1   0.0   423   458     6    41     2    48 0.89 -
ctg000007_P:46219-47154     -            312 388820at2759         -            609   1.5e-05   18.9   0.2   2   4      0.13       1.6    2.3   0.0   345   383    43    81    39   116 0.79 -
ctg000007_P:46219-47154     -            312 388820at2759         -            609   1.5e-05   18.9   0.2   3   4       2.9        36   -2.2   0.0   364   383   229   248   223   271 0.66 -
ctg000007_P:46219-47154     -            312 388820at2759         -            609   1.5e-05   18.9   0.2   4   4     0.024       0.3    4.7   0.1   435   456   283   304   277   310 0.86 -
ctg000001_P:195182-197164   -            661 388820at2759         -            609   2.1e-05   18.4   9.4   1   6    0.0002    0.0025   11.6   0.1   348   383    28    63    20    85 0.65 -
ctg000001_P:195182-197164   -            661 388820at2759         -            609   2.1e-05   18.4   9.4   2   6      0.14       1.8    2.2   0.0   113   152    69   108    60   119 0.67 -
ctg000001_P:195182-197164   -            661 388820at2759         -            609   2.1e-05   18.4   9.4   3   6      0.28       3.6    1.2   0.0   430   451   192   213   149   231 0.73 -
ctg000001_P:195182-197164   -            661 388820at2759         -            609   2.1e-05   18.4   9.4   4   6      0.97        12   -0.6   0.3   419   474   255   310   248   323 0.61 -
ctg000001_P:195182-197164   -            661 388820at2759         -            609   2.1e-05   18.4   9.4   5   6      0.34       4.2    0.9   0.0   187   265   350   438   326   461 0.63 -
ctg000001_P:195182-197164   -            661 388820at2759         -            609   2.1e-05   18.4   9.4   6   6      0.17       2.1    1.9   0.1   205   220   638   653   522   660 0.52 -
ctg000006_P:471667-472014   -            116 388820at2759         -            609     5e-05   17.2   0.1   1   3     0.001     0.013    9.2   0.0   161   192     1    32     1    38 0.87 -
ctg000006_P:471667-472014   -            116 388820at2759         -            609     5e-05   17.2   0.1   2   3     0.038      0.47    4.1   0.0   417   455    40    78    33    88 0.85 -
ctg000006_P:471667-472014   -            116 388820at2759         -            609     5e-05   17.2   0.1   3   3      0.58       7.2    0.1   0.0   425   442    98   115    88   116 0.76 -
ctg000006_P:511291-511854   -            188 388820at2759         -            609   6.2e-05   16.9   0.9   1   2    0.0043     0.054    7.2   0.3   418   458     5    47     2    86 0.64 -
ctg000006_P:511291-511854   -            188 388820at2759         -            609   6.2e-05   16.9   0.9   2   2    0.0029     0.036    7.7   0.0   159   192   100   134    92   147 0.58 -
ctg000000_P:107994-108521   -            176 388820at2759         -            609   0.00012   15.9   1.2   1   2     0.073      0.91    3.1   0.0   161   188     1    29     1    34 0.79 -
ctg000000_P:107994-108521   -            176 388820at2759         -            609   0.00012   15.9   1.2   2   2   0.00031    0.0038   11.0   0.5   194   263   100   175    44   176 0.58 -
ctg000010_P:529662-530078   -            139 388820at2759         -            609   0.00022   15.1   0.0   1   1     2e-05   0.00025   14.9   0.0   157   222    12    87     4   136 0.70 -
ctg000012_P:99507-100076    -            190 388820at2759         -            609   0.00026   14.8   0.2   1   1     5e-05   0.00062   13.6   0.1   383   441   124   190   103   190 0.79 -
ctg000006_P:345566-347986   -            807 388820at2759         -            609   0.00036   14.3   0.8   1   2    0.0012     0.015    9.0   0.0   427   450   449   472   435   477 0.83 -
ctg000006_P:345566-347986   -            807 388820at2759         -            609   0.00036   14.3   0.8   2   2     0.062      0.77    3.4   0.2   194   264   724   806   691   807 0.68 -
ctg000002_P:1021755-1022342 -            196 388820at2759         -            609    0.0013   12.5   0.3   1   2   0.00045    0.0056   10.4   0.6   414   459    46    93     8    99 0.67 -
ctg000002_P:1021755-1022342 -            196 388820at2759         -            609    0.0013   12.5   0.3   2   2         2        25   -1.7   0.0   197   220   163   186   137   193 0.58 -
ctg000012_P:294226-294549   -            108 388820at2759         -            609    0.0018   12.1   0.1   1   2     0.001     0.013    9.2   0.0   421   461    29    69    21    78 0.72 -
ctg000012_P:294226-294549   -            108 388820at2759         -            609    0.0018   12.1   0.1   2   2      0.39       4.8    0.7   0.0   356   378    83   106    73   108 0.63 -
ctg000009_P:411506-412216   -            237 388820at2759         -            609    0.0021   11.8   0.0   1   2    0.0027     0.034    7.8   0.0   400   448     8    61     4   126 0.60 -
ctg000009_P:411506-412216   -            237 388820at2759         -            609    0.0021   11.8   0.0   2   2       0.3       3.8    1.1   0.0   163   186   170   193   162   202 0.78 -
ctg000010_P:252880-253308   -            143 388820at2759         -            609    0.0027   11.5   0.0   1   1   0.00029    0.0036   11.1   0.0   350   385    13    48     8    60 0.87 -
#
# Program:         hmmsearch
# Version:         3.1b2 (February 2015)
# Pipeline mode:   SEARCH
# Query file:      /Users/dominiquefastus/DeNovoProj/BUSCO_ass/busco_downloads/lineages/eukaryota_odb10/hmms/388820at2759.hmm
# Target file:     /Users/dominiquefastus/DeNovoProj/BUSCO_ass/busco_out/auto_lineage/run_eukaryota_odb10/metaeuk_output/initial_results/asm_ctgs_m.fa.modified.fas
# Option settings: hmmsearch --domtblout /Users/dominiquefastus/DeNovoProj/BUSCO_ass/busco_out/auto_lineage/run_eukaryota_odb10/hmmer_output/initial_run_results/388820at2759.out --cpu 1 /Users/dominiquefastus/DeNovoProj/BUSCO_ass/busco_downloads/lineages/eukaryota_odb10/hmms/388820at2759.hmm /Users/dominiquefastus/DeNovoProj/BUSCO_ass/busco_out/auto_lineage/run_eukaryota_odb10/metaeuk_output/initial_results/asm_ctgs_m.fa.modified.fas 
# Current dir:     /Users/dominiquefastus/DeNovoProj/BUSCO_ass
# Date:            Fri Feb 24 11:50:49 2023
# [ok]
