#                                                                                   --- full sequence --- -------------- this domain -------------   hmm coord   ali coord   env coord
# target name               accession   tlen query name           accession   qlen   E-value  score  bias   #  of  c-Evalue  i-Evalue  score  bias  from    to  from    to  from    to  acc description of target
#       ------------------- ---------- ----- -------------------- ---------- ----- --------- ------ ----- --- --- --------- --------- ------ ----- ----- ----- ----- ----- ----- ----- ---- ---------------------
ctg000006_P:679862-681436   -            525 392369at2759         -            352  1.6e-128  424.2   2.1   1   3   3.2e-18   8.5e-16   53.4   0.0     7    51    53    99    40   129 0.80 -
ctg000006_P:679862-681436   -            525 392369at2759         -            352  1.6e-128  424.2   2.1   2   3   8.5e-87   2.3e-84  279.0   0.4    51   278   131   414   122   425 0.83 -
ctg000006_P:679862-681436   -            525 392369at2759         -            352  1.6e-128  424.2   2.1   3   3   1.8e-27   4.8e-25   83.9   0.0   280   352   442   525   437   525 0.94 -
ctg000022_P:182712-183785   -            358 392369at2759         -            352   0.00046   14.8   0.0   1   3    0.0036      0.95    3.9   0.0    10    47    39    80    33    92 0.72 -
ctg000022_P:182712-183785   -            358 392369at2759         -            352   0.00046   14.8   0.0   2   3    0.0002     0.054    8.0   0.0    75   108   143   176   134   202 0.80 -
ctg000022_P:182712-183785   -            358 392369at2759         -            352   0.00046   14.8   0.0   3   3      0.43   1.1e+02   -2.9   0.0    61    99   222   260   210   282 0.59 -
ctg000001_P:1018824-1019627 -            268 392369at2759         -            352    0.0026   12.4   0.0   1   1   1.4e-05    0.0037   11.9   0.0   106   173    41   116    21   128 0.72 -
#
# Program:         hmmsearch
# Version:         3.1b2 (February 2015)
# Pipeline mode:   SEARCH
# Query file:      /Users/dominiquefastus/DeNovoProj/BUSCO_ass/busco_downloads/lineages/eukaryota_odb10/hmms/392369at2759.hmm
# Target file:     /Users/dominiquefastus/DeNovoProj/BUSCO_ass/busco_out/auto_lineage/run_eukaryota_odb10/metaeuk_output/initial_results/asm_ctgs_m.fa.modified.fas
# Option settings: hmmsearch --domtblout /Users/dominiquefastus/DeNovoProj/BUSCO_ass/busco_out/auto_lineage/run_eukaryota_odb10/hmmer_output/initial_run_results/392369at2759.out --cpu 1 /Users/dominiquefastus/DeNovoProj/BUSCO_ass/busco_downloads/lineages/eukaryota_odb10/hmms/392369at2759.hmm /Users/dominiquefastus/DeNovoProj/BUSCO_ass/busco_out/auto_lineage/run_eukaryota_odb10/metaeuk_output/initial_results/asm_ctgs_m.fa.modified.fas 
# Current dir:     /Users/dominiquefastus/DeNovoProj/BUSCO_ass
# Date:            Fri Feb 24 11:50:50 2023
# [ok]
