#                                                                                   --- full sequence --- -------------- this domain -------------   hmm coord   ali coord   env coord
# target name               accession   tlen query name           accession   qlen   E-value  score  bias   #  of  c-Evalue  i-Evalue  score  bias  from    to  from    to  from    to  acc description of target
#       ------------------- ---------- ----- -------------------- ---------- ----- --------- ------ ----- --- --- --------- --------- ------ ----- ----- ----- ----- ----- ----- ----- ---- ---------------------
ctg000006_P:535601-536641   -            347 866359at2759         -            265  9.5e-102  335.4   2.8   1   2   1.4e-41   1.8e-40  134.5   0.0     1   106     1   117     1   141 0.90 -
ctg000006_P:535601-536641   -            347 866359at2759         -            265  9.5e-102  335.4   2.8   2   2   4.8e-61   5.9e-60  198.4   1.0   110   265   153   331   129   331 0.84 -
ctg000003_P:379491-382301   -            937 866359at2759         -            265   7.4e-31  103.0  21.3   1   8      0.96        12    0.7   0.0    65    84    43    62    35    65 0.82 -
ctg000003_P:379491-382301   -            937 866359at2759         -            265   7.4e-31  103.0  21.3   2   8         1        13    0.6   0.0    54    78    86   110    81   117 0.84 -
ctg000003_P:379491-382301   -            937 866359at2759         -            265   7.4e-31  103.0  21.3   3   8   9.1e-05    0.0011   13.8   1.2     5    83   116   198   110   202 0.78 -
ctg000003_P:379491-382301   -            937 866359at2759         -            265   7.4e-31  103.0  21.3   4   8    0.0015     0.019    9.8   2.6     6    78   159   233   156   281 0.81 -
ctg000003_P:379491-382301   -            937 866359at2759         -            265   7.4e-31  103.0  21.3   5   8    0.0049     0.062    8.2   0.0    48    86   392   429   383   468 0.77 -
ctg000003_P:379491-382301   -            937 866359at2759         -            265   7.4e-31  103.0  21.3   6   8   1.1e-08   1.4e-07   26.7   0.1    45    85   471   511   463   532 0.88 -
ctg000003_P:379491-382301   -            937 866359at2759         -            265   7.4e-31  103.0  21.3   7   8   3.3e-08   4.1e-07   25.1   0.0    41    83   567   609   550   612 0.91 -
ctg000003_P:379491-382301   -            937 866359at2759         -            265   7.4e-31  103.0  21.3   8   8   2.9e-09   3.6e-08   28.6   0.1     6    79   611   689   608   717 0.82 -
ctg000007_P:202424-203284   -            287 866359at2759         -            265   3.5e-25   84.4  10.6   1   6      0.88        11    0.8   0.0    51    77    23    49    13    63 0.76 -
ctg000007_P:202424-203284   -            287 866359at2759         -            265   3.5e-25   84.4  10.6   2   6   2.5e-07   3.1e-06   22.2   0.0    45    86    76   117    72   120 0.92 -
ctg000007_P:202424-203284   -            287 866359at2759         -            265   3.5e-25   84.4  10.6   3   6   0.00013    0.0017   13.3   0.1    45    77   118   150   112   156 0.90 -
ctg000007_P:202424-203284   -            287 866359at2759         -            265   3.5e-25   84.4  10.6   4   6   2.9e-06   3.6e-05   18.7   0.1    45    82   160   197   155   201 0.91 -
ctg000007_P:202424-203284   -            287 866359at2759         -            265   3.5e-25   84.4  10.6   5   6   7.5e-05   0.00094   14.1   0.1   224   253   201   230   196   233 0.90 -
ctg000007_P:202424-203284   -            287 866359at2759         -            265   3.5e-25   84.4  10.6   6   6   2.3e-06   2.8e-05   19.1   0.2    31    79   229   279   228   285 0.87 -
ctg000005_P:54978-55817     -            280 866359at2759         -            265   3.3e-23   77.9   5.5   1   4    0.0084       0.1    7.4   0.0   222   258    29    66    17    73 0.84 -
ctg000005_P:54978-55817     -            280 866359at2759         -            265   3.3e-23   77.9   5.5   2   4   1.2e-10   1.5e-09   33.1   0.2     6    83    77   159    75   162 0.88 -
ctg000005_P:54978-55817     -            280 866359at2759         -            265   3.3e-23   77.9   5.5   3   4   1.2e-05   0.00015   16.7   0.1   221   254   159   192   156   199 0.88 -
ctg000005_P:54978-55817     -            280 866359at2759         -            265   3.3e-23   77.9   5.5   4   4   3.5e-07   4.4e-06   21.8   0.4     8    74   207   280   202   280 0.88 -
ctg000012_P:93489-94475     -            329 866359at2759         -            265   3.1e-21   71.4  17.1   1   4     8e-05     0.001   14.0   0.1    58    82    11    35     4    39 0.85 -
ctg000012_P:93489-94475     -            329 866359at2759         -            265   3.1e-21   71.4  17.1   2   4   1.7e-06   2.1e-05   19.5   0.1    45    83    40    78    37    86 0.91 -
ctg000012_P:93489-94475     -            329 866359at2759         -            265   3.1e-21   71.4  17.1   3   4   0.00044    0.0055   11.6   2.9    39   115   123   200    80   246 0.63 -
ctg000012_P:93489-94475     -            329 866359at2759         -            265   3.1e-21   71.4  17.1   4   4   2.6e-10   3.2e-09   32.0   0.4     2    76   249   329   248   329 0.91 -
ctg000012_P:73886-75097     -            404 866359at2759         -            265   4.8e-21   70.8  12.1   1   7     0.034      0.42    5.4   2.1    44   119    38   119    32   141 0.60 -
ctg000012_P:73886-75097     -            404 866359at2759         -            265   4.8e-21   70.8  12.1   2   7    0.0019     0.024    9.5   0.0   230   257   143   170   140   176 0.76 -
ctg000012_P:73886-75097     -            404 866359at2759         -            265   4.8e-21   70.8  12.1   3   7   3.5e-07   4.4e-06   21.8   0.0    45    82   180   217   175   223 0.93 -
ctg000012_P:73886-75097     -            404 866359at2759         -            265   4.8e-21   70.8  12.1   4   7     0.013      0.16    6.8   0.0    51    83   227   260   219   270 0.79 -
ctg000012_P:73886-75097     -            404 866359at2759         -            265   4.8e-21   70.8  12.1   5   7   7.5e-06   9.3e-05   17.4   0.1    44    86   270   312   261   320 0.87 -
ctg000012_P:73886-75097     -            404 866359at2759         -            265   4.8e-21   70.8  12.1   6   7    0.0015     0.019    9.8   0.0    44    83   324   363   315   379 0.87 -
ctg000012_P:73886-75097     -            404 866359at2759         -            265   4.8e-21   70.8  12.1   7   7       1.1        14    0.4   0.0    59    75   387   403   366   404 0.71 -
ctg000005_P:675694-676578   -            295 866359at2759         -            265   7.7e-19   63.6   9.2   1   6    0.0001    0.0013   13.7   0.2    53    83     4    35     1    38 0.80 -
ctg000005_P:675694-676578   -            295 866359at2759         -            265   7.7e-19   63.6   9.2   2   6     0.012      0.15    6.9   0.0    45    82    39    76    35    78 0.90 -
ctg000005_P:675694-676578   -            295 866359at2759         -            265   7.7e-19   63.6   9.2   3   6   0.00055    0.0068   11.3   0.0    44    78    80   114    78   121 0.94 -
ctg000005_P:675694-676578   -            295 866359at2759         -            265   7.7e-19   63.6   9.2   4   6   7.4e-07   9.2e-06   20.7   0.0    44    90   122   168   115   179 0.87 -
ctg000005_P:675694-676578   -            295 866359at2759         -            265   7.7e-19   63.6   9.2   5   6      0.99        12    0.6   0.0   166   193   200   229   170   242 0.67 -
ctg000005_P:675694-676578   -            295 866359at2759         -            265   7.7e-19   63.6   9.2   6   6   0.00077    0.0097   10.8   0.0    39    77   250   288   242   294 0.89 -
ctg000012_P:112251-115019   -            923 866359at2759         -            265   3.2e-18   61.5   4.2   1   5      0.21       2.6    2.8   0.0    43   110    51   124    18   145 0.75 -
ctg000012_P:112251-115019   -            923 866359at2759         -            265   3.2e-18   61.5   4.2   2   5    0.0021     0.026    9.4   0.4    45   113   144   212   126   223 0.71 -
ctg000012_P:112251-115019   -            923 866359at2759         -            265   3.2e-18   61.5   4.2   3   5   1.1e-05   0.00014   16.8   0.0   218   256   336   374   326   383 0.83 -
ctg000012_P:112251-115019   -            923 866359at2759         -            265   3.2e-18   61.5   4.2   4   5   2.1e-05   0.00026   16.0   0.0     6    84   383   468   379   470 0.87 -
ctg000012_P:112251-115019   -            923 866359at2759         -            265   3.2e-18   61.5   4.2   5   5   1.8e-05   0.00022   16.2   0.1    32   127   457   562   457   601 0.73 -
ctg000008_P:156612-157520   -            303 866359at2759         -            265   1.6e-17   59.2  11.0   1   4    0.0041     0.051    8.4   0.0    60   112     3    62     1    72 0.69 -
ctg000008_P:156612-157520   -            303 866359at2759         -            265   1.6e-17   59.2  11.0   2   4     2e-05   0.00025   16.0   0.2    45    78    73   106    61   114 0.90 -
ctg000008_P:156612-157520   -            303 866359at2759         -            265   1.6e-17   59.2  11.0   3   4    0.0027     0.033    9.0   0.0    44    83   113   152   110   198 0.63 -
ctg000008_P:156612-157520   -            303 866359at2759         -            265   1.6e-17   59.2  11.0   4   4   1.3e-08   1.7e-07   26.4   2.3     6    81   203   284   197   289 0.88 -
ctg000003_P:549495-551945   -            817 866359at2759         -            265   2.5e-17   58.6  12.9   1   7    0.0068     0.085    7.7   0.0    10    86    61   141    56   157 0.85 -
ctg000003_P:549495-551945   -            817 866359at2759         -            265   2.5e-17   58.6  12.9   2   7      0.48         6    1.6   0.0    45    87   142   188   139   203 0.64 -
ctg000003_P:549495-551945   -            817 866359at2759         -            265   2.5e-17   58.6  12.9   3   7     0.065      0.82    4.5   0.0    54    93   203   242   174   260 0.79 -
ctg000003_P:549495-551945   -            817 866359at2759         -            265   2.5e-17   58.6  12.9   4   7     0.046      0.58    5.0   0.1     7    91   385   483   381   490 0.63 -
ctg000003_P:549495-551945   -            817 866359at2759         -            265   2.5e-17   58.6  12.9   5   7   4.9e-06   6.1e-05   18.0   0.3     8    82   489   568   488   572 0.79 -
ctg000003_P:549495-551945   -            817 866359at2759         -            265   2.5e-17   58.6  12.9   6   7   4.1e-07   5.1e-06   21.5   0.6     6    84   529   612   528   614 0.90 -
ctg000003_P:549495-551945   -            817 866359at2759         -            265   2.5e-17   58.6  12.9   7   7     0.048       0.6    4.9   0.1    45    83   615   653   613   675 0.82 -
ctg000022_P:212196-214076   -            627 866359at2759         -            265   3.6e-17   58.1   2.8   1   4   1.5e-05   0.00019   16.4   0.1    31    82   337   389   306   403 0.85 -
ctg000022_P:212196-214076   -            627 866359at2759         -            265   3.6e-17   58.1   2.8   2   4   0.00018    0.0023   12.8   0.0    56    86   422   452   408   477 0.82 -
ctg000022_P:212196-214076   -            627 866359at2759         -            265   3.6e-17   58.1   2.8   3   4    0.0061     0.076    7.9   0.1    60    86   490   516   483   519 0.88 -
ctg000022_P:212196-214076   -            627 866359at2759         -            265   3.6e-17   58.1   2.8   4   4     1e-05   0.00013   17.0   0.0    45   115   517   591   515   622 0.75 -
ctg000009_P:515852-517330   -            493 866359at2759         -            265   5.6e-17   57.5   1.5   1   4   7.9e-07   9.9e-06   20.6   0.0     9    81   168   247   161   263 0.80 -
ctg000009_P:515852-517330   -            493 866359at2759         -            265   5.6e-17   57.5   1.5   2   4   0.00045    0.0056   11.6   0.0    55    85   280   310   273   324 0.89 -
ctg000009_P:515852-517330   -            493 866359at2759         -            265   5.6e-17   57.5   1.5   3   4     0.049      0.61    4.9   0.0    59    82   349   372   342   377 0.86 -
ctg000009_P:515852-517330   -            493 866359at2759         -            265   5.6e-17   57.5   1.5   4   4   2.5e-05   0.00031   15.7   0.1    55    85   385   415   376   453 0.74 -
ctg000007_P:236263-237057   -            265 866359at2759         -            265   4.4e-15   51.3   0.0   1   3      0.18       2.2    3.1   0.0   223   255     4    36     2    44 0.82 -
ctg000007_P:236263-237057   -            265 866359at2759         -            265   4.4e-15   51.3   0.0   2   3   6.5e-13   8.2e-12   40.5   0.0     7    85    46   130    41   140 0.88 -
ctg000007_P:236263-237057   -            265 866359at2759         -            265   4.4e-15   51.3   0.0   3   3     0.094       1.2    4.0   0.0    52    84   147   179   137   193 0.79 -
ctg000013_P:153629-154600   -            324 866359at2759         -            265     2e-14   49.1  11.9   1   5   3.1e-06   3.9e-05   18.6   0.5    45    83     1    38     1    42 0.88 -
ctg000013_P:153629-154600   -            324 866359at2759         -            265     2e-14   49.1  11.9   2   5   0.00074    0.0092   10.9   0.0    45    77    42    76    39    83 0.83 -
ctg000013_P:153629-154600   -            324 866359at2759         -            265     2e-14   49.1  11.9   3   5     0.005     0.062    8.1   0.1    46    82   110   144   103   148 0.81 -
ctg000013_P:153629-154600   -            324 866359at2759         -            265     2e-14   49.1  11.9   4   5   0.00054    0.0067   11.3   0.1    45    78   149   182   147   201 0.88 -
ctg000013_P:153629-154600   -            324 866359at2759         -            265     2e-14   49.1  11.9   5   5     0.045      0.56    5.0   0.0    58   112   222   282   201   314 0.61 -
ctg000008_P:735513-736907   -            465 866359at2759         -            265   8.3e-14   47.1   2.1   1   3     8e-07   9.9e-06   20.6   0.7     5    81   130   211   127   216 0.83 -
ctg000008_P:735513-736907   -            465 866359at2759         -            265   8.3e-14   47.1   2.1   2   3   2.9e-06   3.7e-05   18.7   0.0    45   111   217   292   211   313 0.71 -
ctg000008_P:735513-736907   -            465 866359at2759         -            265   8.3e-14   47.1   2.1   3   3      0.06      0.75    4.6   0.0     8    31   348   371   341   379 0.85 -
ctg000000_P:195021-198608   -           1196 866359at2759         -            265     1e-13   46.8   3.5   1   5   0.00012    0.0015   13.5   0.0    25    83    28    87    26    91 0.90 -
ctg000000_P:195021-198608   -           1196 866359at2759         -            265     1e-13   46.8   3.5   2   5   6.4e-05   0.00079   14.4   0.2     5    78    88   166    87   191 0.85 -
ctg000000_P:195021-198608   -           1196 866359at2759         -            265     1e-13   46.8   3.5   3   5      0.25       3.1    2.6   0.0    46    80   206   240   200   244 0.75 -
ctg000000_P:195021-198608   -           1196 866359at2759         -            265     1e-13   46.8   3.5   4   5    0.0039     0.049    8.5   0.0   219   259   243   283   241   289 0.91 -
ctg000000_P:195021-198608   -           1196 866359at2759         -            265     1e-13   46.8   3.5   5   5      0.14       1.8    3.4   0.1    70   113   473   520   449   561 0.66 -
ctg000010_P:287571-288542   -            324 866359at2759         -            265   1.1e-13   46.7  11.3   1   5   3.1e-05   0.00039   15.4   0.4    45    83     1    38     1    42 0.88 -
ctg000010_P:287571-288542   -            324 866359at2759         -            265   1.1e-13   46.7  11.3   2   5     0.001     0.012   10.4   0.0    45    76    42    75    39    81 0.85 -
ctg000010_P:287571-288542   -            324 866359at2759         -            265   1.1e-13   46.7  11.3   3   5     0.003     0.038    8.9   0.2    45    82   109   144   103   148 0.84 -
ctg000010_P:287571-288542   -            324 866359at2759         -            265   1.1e-13   46.7  11.3   4   5   0.00033    0.0041   12.0   0.0    45    78   149   182   145   213 0.87 -
ctg000010_P:287571-288542   -            324 866359at2759         -            265   1.1e-13   46.7  11.3   5   5     0.087       1.1    4.1   0.0    60    78   224   242   211   282 0.78 -
ctg000003_P:113154-114620   -            489 866359at2759         -            265   1.3e-13   46.5   6.8   1   5   0.00011    0.0014   13.6   0.0    44    86    64   107    59   119 0.88 -
ctg000003_P:113154-114620   -            489 866359at2759         -            265   1.3e-13   46.5   6.8   2   5      0.34       4.2    2.1   0.1    60    78   134   152   127   163 0.82 -
ctg000003_P:113154-114620   -            489 866359at2759         -            265   1.3e-13   46.5   6.8   3   5    0.0043     0.053    8.4   0.1    41   165   173   295   159   303 0.75 -
ctg000003_P:113154-114620   -            489 866359at2759         -            265   1.3e-13   46.5   6.8   4   5   0.00039    0.0049   11.8   0.0    45    81   303   339   297   350 0.88 -
ctg000003_P:113154-114620   -            489 866359at2759         -            265   1.3e-13   46.5   6.8   5   5    0.0011     0.014   10.3   0.0    50   112   351   412   346   433 0.70 -
ctg000002_P:347764-348912   -            383 866359at2759         -            265   2.4e-13   45.6   7.1   1   5   0.00016     0.002   13.0   0.0     4    82    50   133    46   142 0.82 -
ctg000002_P:347764-348912   -            383 866359at2759         -            265   2.4e-13   45.6   7.1   2   5   0.00037    0.0047   11.8   0.0    45    82   143   179   122   184 0.76 -
ctg000002_P:347764-348912   -            383 866359at2759         -            265   2.4e-13   45.6   7.1   3   5       2.3        29   -0.6   0.0   238   252   203   217   179   230 0.67 -
ctg000002_P:347764-348912   -            383 866359at2759         -            265   2.4e-13   45.6   7.1   4   5      0.89        11    0.8   0.0   230   255   237   262   233   271 0.85 -
ctg000002_P:347764-348912   -            383 866359at2759         -            265   2.4e-13   45.6   7.1   5   5   1.4e-06   1.7e-05   19.8   0.4    13    74   316   382   312   383 0.90 -
ctg000001_P:614373-615062   -            230 866359at2759         -            265   7.6e-13   43.9   0.2   1   1   1.1e-13   1.4e-12   43.1   0.1     9   136     1   137     1   170 0.78 -
ctg000107_P:182199-182945   -            249 866359at2759         -            265   3.5e-12   41.7   1.4   1   3    0.0028     0.035    9.0   0.0    51    83   120   150   107   156 0.80 -
ctg000107_P:182199-182945   -            249 866359at2759         -            265   3.5e-12   41.7   1.4   2   3   2.7e-05   0.00034   15.6   0.0    57    86   164   193   152   199 0.85 -
ctg000107_P:182199-182945   -            249 866359at2759         -            265   3.5e-12   41.7   1.4   3   3   2.9e-05   0.00036   15.5   0.3    44    83   192   230   189   244 0.80 -
ctg000010_P:203616-204614   -            333 866359at2759         -            265     4e-12   41.6   1.8   1   3   7.1e-07   8.8e-06   20.8   0.1    10    82    10    89     3   103 0.87 -
ctg000010_P:203616-204614   -            333 866359at2759         -            265     4e-12   41.6   1.8   2   3   0.00012    0.0015   13.4   0.1    58   115   110   172    92   183 0.73 -
ctg000010_P:203616-204614   -            333 866359at2759         -            265     4e-12   41.6   1.8   3   3     0.039      0.49    5.2   0.0   229   250   245   266   239   277 0.85 -
ctg000005_P:740318-741160   -            281 866359at2759         -            265   9.5e-12   40.3   1.4   1   3   8.7e-09   1.1e-07   27.0   0.0    44    83   160   199   147   203 0.93 -
ctg000005_P:740318-741160   -            281 866359at2759         -            265   9.5e-12   40.3   1.4   2   3    0.0015     0.018    9.9   0.1    44    81   202   239   199   256 0.85 -
ctg000005_P:740318-741160   -            281 866359at2759         -            265   9.5e-12   40.3   1.4   3   3      0.62       7.8    1.3   0.1    49    73   257   281   251   281 0.90 -
ctg000007_P:596002-596847   -            282 866359at2759         -            265   1.2e-11   40.0   0.0   1   3   0.00033    0.0041   12.0   0.0    50    77     2    29     1    39 0.89 -
ctg000007_P:596002-596847   -            282 866359at2759         -            265   1.2e-11   40.0   0.0   2   3   0.00018    0.0022   12.9   0.0   224   259    58    93    51    99 0.78 -
ctg000007_P:596002-596847   -            282 866359at2759         -            265   1.2e-11   40.0   0.0   3   3   0.00079    0.0099   10.8   0.1    46   124   118   204   113   217 0.63 -
ctg000006_P:472354-472848   -            165 866359at2759         -            265   5.9e-11   37.7   5.7   1   2     1e-05   0.00013   16.9   1.2     6    82     2    89     1    93 0.69 -
ctg000006_P:472354-472848   -            165 866359at2759         -            265   5.9e-11   37.7   5.7   2   2   2.6e-07   3.3e-06   22.2   0.2    45    84    94   132    90   152 0.90 -
ctg000002_P:264130-264882   -            251 866359at2759         -            265   1.5e-10   36.4   5.2   1   3   4.9e-06   6.2e-05   18.0   0.7     6    93    28   120    23   137 0.78 -
ctg000002_P:264130-264882   -            251 866359at2759         -            265   1.5e-10   36.4   5.2   2   3       0.1       1.2    3.9   0.0    56    77   146   167   142   176 0.84 -
ctg000002_P:264130-264882   -            251 866359at2759         -            265   1.5e-10   36.4   5.2   3   3   3.7e-05   0.00046   15.1   0.1    51    84   198   231   189   245 0.89 -
ctg000000_P:1096355-1184297 -            372 866359at2759         -            265   1.7e-10   36.2   3.4   1   5   5.9e-06   7.4e-05   17.7   0.0     8    83    17    99    14   109 0.86 -
ctg000000_P:1096355-1184297 -            372 866359at2759         -            265   1.7e-10   36.2   3.4   2   5     0.097       1.2    3.9   0.0   225   256   148   179   130   186 0.80 -
ctg000000_P:1096355-1184297 -            372 866359at2759         -            265   1.7e-10   36.2   3.4   3   5     0.038      0.48    5.2   0.2    35    84   192   242   183   260 0.77 -
ctg000000_P:1096355-1184297 -            372 866359at2759         -            265   1.7e-10   36.2   3.4   4   5      0.39       4.9    1.9   0.0   110   145   251   287   240   303 0.66 -
ctg000000_P:1096355-1184297 -            372 866359at2759         -            265   1.7e-10   36.2   3.4   5   5      0.16         2    3.2   0.1    49    89   304   344   298   369 0.80 -
ctg000009_P:40505-40990     -            162 866359at2759         -            265   6.2e-10   34.4   5.9   1   2     3e-06   3.7e-05   18.7   0.6    45   110    45   117    36   119 0.74 -
ctg000009_P:40505-40990     -            162 866359at2759         -            265   6.2e-10   34.4   5.9   2   2   0.00022    0.0028   12.6   0.1    35    79   117   161    88   162 0.79 -
ctg000001_P:195182-197164   -            661 866359at2759         -            265   6.7e-10   34.3   3.9   1   6   6.5e-05   0.00081   14.3   0.0    45    93    28    76     8   104 0.79 -
ctg000001_P:195182-197164   -            661 866359at2759         -            265   6.7e-10   34.3   3.9   2   6      0.61       7.7    1.3   0.1    61    83   191   213   171   263 0.71 -
ctg000001_P:195182-197164   -            661 866359at2759         -            265   6.7e-10   34.3   3.9   3   6      0.89        11    0.8   0.6    45    95   250   302   245   361 0.80 -
ctg000001_P:195182-197164   -            661 866359at2759         -            265   6.7e-10   34.3   3.9   4   6       5.7        71   -1.9   0.0    39    73   348   382   315   385 0.70 -
ctg000001_P:195182-197164   -            661 866359at2759         -            265   6.7e-10   34.3   3.9   5   6       2.5        32   -0.7   0.0    44    69   526   551   515   558 0.75 -
ctg000001_P:195182-197164   -            661 866359at2759         -            265   6.7e-10   34.3   3.9   6   6   0.00022    0.0027   12.6   0.0     7    77   574   656   569   659 0.71 -
ctg000007_P:370322-371467   -            382 866359at2759         -            265   8.9e-10   33.9   2.4   1   3       0.3       3.8    2.3   0.0   113   253    79   102    71   113 0.53 -
ctg000007_P:370322-371467   -            382 866359at2759         -            265   8.9e-10   33.9   2.4   2   3     0.061      0.76    4.6   0.2    46    83   116   153   102   167 0.78 -
ctg000007_P:370322-371467   -            382 866359at2759         -            265   8.9e-10   33.9   2.4   3   3   3.1e-08   3.8e-07   25.2   0.1     6   115   211   332   207   345 0.76 -
ctg000000_P:1183425-1184270 -            282 866359at2759         -            265   1.5e-09   33.2   0.1   1   3   3.8e-06   4.8e-05   18.4   0.0     8    83     8    90     6   100 0.86 -
ctg000000_P:1183425-1184270 -            282 866359at2759         -            265   1.5e-09   33.2   0.1   2   3    0.0011     0.014   10.3   0.0    35    79   128   173   115   210 0.81 -
ctg000000_P:1183425-1184270 -            282 866359at2759         -            265   1.5e-09   33.2   0.1   3   3       2.8        35   -0.9   0.0    56    86   240   270   225   274 0.62 -
ctg000006_P:442717-443733   -            339 866359at2759         -            265   3.3e-09   32.0   0.4   1   4    0.0004     0.005   11.7   0.0    49    77    18    46    14    91 0.76 -
ctg000006_P:442717-443733   -            339 866359at2759         -            265   3.3e-09   32.0   0.4   2   4   0.00014    0.0017   13.2   0.0     9    76   120   191   113   200 0.79 -
ctg000006_P:442717-443733   -            339 866359at2759         -            265   3.3e-09   32.0   0.4   3   4         3        38   -1.0   0.0   229   253   205   230   190   234 0.73 -
ctg000006_P:442717-443733   -            339 866359at2759         -            265   3.3e-09   32.0   0.4   4   4       0.4       4.9    1.9   0.0    58    90   283   315   252   332 0.80 -
ctg000000_P:690037-690627   -            197 866359at2759         -            265   2.6e-08   29.0   0.4   1   2   4.7e-06   5.9e-05   18.1   0.0     4    80    40   123    38   130 0.80 -
ctg000000_P:690037-690627   -            197 866359at2759         -            265   2.6e-08   29.0   0.4   2   2   0.00099     0.012   10.4   0.3    32    81   116   168    94   179 0.65 -
ctg000006_P:63397-64572     -            392 866359at2759         -            265   7.6e-08   27.5   0.3   1   4     0.042      0.52    5.1   0.0    56    79    19    42     2    56 0.74 -
ctg000006_P:63397-64572     -            392 866359at2759         -            265   7.6e-08   27.5   0.3   2   4   0.00057    0.0071   11.2   0.0     6    31    62    87    59    97 0.88 -
ctg000006_P:63397-64572     -            392 866359at2759         -            265   7.6e-08   27.5   0.3   3   4     0.048       0.6    4.9   0.1    49    82   142   175   121   216 0.82 -
ctg000006_P:63397-64572     -            392 866359at2759         -            265   7.6e-08   27.5   0.3   4   4      0.86        11    0.8   0.0   226   250   367   391   350   392 0.86 -
ctg000001_P:853649-855820   -            724 866359at2759         -            265   1.2e-07   26.8   4.2   1   6    0.0057     0.072    7.9   0.0    36    77    77   119    39   122 0.81 -
ctg000001_P:853649-855820   -            724 866359at2759         -            265   1.2e-07   26.8   4.2   2   6   1.9e-05   0.00024   16.1   0.2    36   166    77   212    70   215 0.72 -
ctg000001_P:853649-855820   -            724 866359at2759         -            265   1.2e-07   26.8   4.2   3   6     0.033      0.41    5.5   0.1   217   253   210   246   203   258 0.77 -
ctg000001_P:853649-855820   -            724 866359at2759         -            265   1.2e-07   26.8   4.2   4   6      0.16         2    3.2   0.0    59    78   232   251   216   271 0.57 -
ctg000001_P:853649-855820   -            724 866359at2759         -            265   1.2e-07   26.8   4.2   5   6       5.3        66   -1.8   0.0   226   253   383   410   353   417 0.81 -
ctg000001_P:853649-855820   -            724 866359at2759         -            265   1.2e-07   26.8   4.2   6   6       5.4        67   -1.8   0.0    28    40   462   474   453   481 0.88 -
ctg000000_P:983034-983939   -            302 866359at2759         -            265   2.2e-07   26.0  13.0   1   4     0.035      0.44    5.4   0.1    45    77    30    62    24    69 0.88 -
ctg000000_P:983034-983939   -            302 866359at2759         -            265   2.2e-07   26.0  13.0   2   4    0.0012     0.015   10.1   1.7     5    75    76   155    73   166 0.76 -
ctg000000_P:983034-983939   -            302 866359at2759         -            265   2.2e-07   26.0  13.0   3   4   1.5e-05   0.00019   16.4   1.8     6    76   123   202   121   209 0.79 -
ctg000000_P:983034-983939   -            302 866359at2759         -            265   2.2e-07   26.0  13.0   4   4       1.3        17    0.2   0.0   113   253   275   297   250   302 0.55 -
ctg000009_P:404745-405506   -            254 866359at2759         -            265   4.6e-07   25.0   1.2   1   2   1.1e-07   1.4e-06   23.4   0.5    25    96    45   121    34   129 0.85 -
ctg000009_P:404745-405506   -            254 866359at2759         -            265   4.6e-07   25.0   1.2   2   2       9.4   1.2e+02   -2.6   0.0    59    75   237   253   220   254 0.69 -
ctg000003_P:955379-956035   -            219 866359at2759         -            265   7.3e-07   24.3   1.9   1   2   1.7e-07   2.1e-06   22.8   0.2    60   115    49   111    31   128 0.67 -
ctg000003_P:955379-956035   -            219 866359at2759         -            265   7.3e-07   24.3   1.9   2   2       8.3     1e+02   -2.4   0.1   242   259   186   203   177   208 0.77 -
ctg000009_P:221813-222463   -            217 866359at2759         -            265   1.5e-06   23.3   0.3   1   2     0.025      0.31    5.9   0.0    51   109     2    56     1    72 0.82 -
ctg000009_P:221813-222463   -            217 866359at2759         -            265   1.5e-06   23.3   0.3   2   2   0.00036    0.0045   11.9   0.1   146   184   118   156   108   215 0.88 -
ctg000002_P:1021755-1022342 -            196 866359at2759         -            265   3.9e-06   21.9   0.2   1   2   0.00021    0.0026   12.7   0.1    45    87    46    89    41   111 0.83 -
ctg000002_P:1021755-1022342 -            196 866359at2759         -            265   3.9e-06   21.9   0.2   2   2     0.013      0.16    6.8   0.0   222   250   154   182   149   191 0.87 -
ctg000006_P:511291-511854   -            188 866359at2759         -            265   4.3e-06   21.8   0.6   1   2    0.0065     0.082    7.8   0.2    57   102    14    58     5    80 0.74 -
ctg000006_P:511291-511854   -            188 866359at2759         -            265   4.3e-06   21.8   0.6   2   2    0.0002    0.0025   12.7   0.0    46    87    98   140    86   178 0.80 -
ctg000001_P:791651-792658   -            336 866359at2759         -            265   4.7e-06   21.6   1.2   1   4       2.1        27   -0.5   0.0    52    78     7    33     1    45 0.64 -
ctg000001_P:791651-792658   -            336 866359at2759         -            265   4.7e-06   21.6   1.2   2   4      0.26       3.2    2.5   0.1    46    77    47    80    43    92 0.69 -
ctg000001_P:791651-792658   -            336 866359at2759         -            265   4.7e-06   21.6   1.2   3   4      0.67       8.4    1.2   0.0   221   257   199   239   196   245 0.80 -
ctg000001_P:791651-792658   -            336 866359at2759         -            265   4.7e-06   21.6   1.2   4   4   0.00022    0.0028   12.6   0.2    45    80   295   330   288   335 0.88 -
ctg000001_P:196721-197236   -            172 866359at2759         -            265   5.8e-06   21.4   0.1   1   2      0.43       5.4    1.8   0.0    44    70    13    39     6    49 0.77 -
ctg000001_P:196721-197236   -            172 866359at2759         -            265   5.8e-06   21.4   0.1   2   2     9e-06   0.00011   17.1   0.1     7    79    61   145    56   171 0.71 -
ctg000007_P:46219-47154     -            312 866359at2759         -            265     1e-05   20.5   0.4   1   4       2.6        33   -0.8   0.0    59    90    10    41     3    55 0.80 -
ctg000007_P:46219-47154     -            312 866359at2759         -            265     1e-05   20.5   0.4   2   4    0.0065     0.082    7.8   0.0    48   146    49   137    33   154 0.64 -
ctg000007_P:46219-47154     -            312 866359at2759         -            265     1e-05   20.5   0.4   3   4     0.099       1.2    3.9   0.0    59    88   227   256   220   275 0.80 -
ctg000007_P:46219-47154     -            312 866359at2759         -            265     1e-05   20.5   0.4   4   4      0.11       1.4    3.7   0.0    62    88   278   304   267   310 0.85 -
ctg000006_P:345566-347986   -            807 866359at2759         -            265   1.2e-05   20.4   0.9   1   3   8.1e-06    0.0001   17.3   0.1    45    83   435   473   430   487 0.91 -
ctg000006_P:345566-347986   -            807 866359at2759         -            265   1.2e-05   20.4   0.9   2   3       3.1        38   -1.0   0.0   224   253   720   749   682   758 0.72 -
ctg000006_P:345566-347986   -            807 866359at2759         -            265   1.2e-05   20.4   0.9   3   3       2.4        30   -0.7   0.1    60    75   791   806   776   807 0.80 -
ctg000003_P:904315-907131   -            939 866359at2759         -            265   1.8e-05   19.8   1.0   1   3       2.6        32   -0.7   0.0   146   185    48    87    38    95 0.87 -
ctg000003_P:904315-907131   -            939 866359at2759         -            265   1.8e-05   19.8   1.0   2   3       2.4        30   -0.7   0.1    57   138   361   446   355   492 0.66 -
ctg000003_P:904315-907131   -            939 866359at2759         -            265   1.8e-05   19.8   1.0   3   3   2.7e-05   0.00033   15.6   0.1    43   101   581   645   540   668 0.70 -
ctg000008_P:606256-607521   -            422 866359at2759         -            265   2.2e-05   19.5   0.0   1   3       2.4        30   -0.7   0.0    79   135   158   213   131   219 0.64 -
ctg000008_P:606256-607521   -            422 866359at2759         -            265   2.2e-05   19.5   0.0   2   3   5.8e-05   0.00072   14.5   0.0   219   253   245   279   238   289 0.87 -
ctg000008_P:606256-607521   -            422 866359at2759         -            265   2.2e-05   19.5   0.0   3   3       1.3        16    0.2   0.0    47    93   295   341   292   379 0.77 -
ctg000001_P:1021567-1022013 -            149 866359at2759         -            265   2.6e-05   19.2   0.2   1   2      0.74       9.3    1.0   0.0    83   103    27    47    20    57 0.77 -
ctg000001_P:1021567-1022013 -            149 866359at2759         -            265   2.6e-05   19.2   0.2   2   2   1.6e-05    0.0002   16.3   0.2    40    86    77   123    29   144 0.90 -
ctg000010_P:252880-253308   -            143 866359at2759         -            265   4.6e-05   18.4   0.0   1   1   4.8e-06     6e-05   18.0   0.0    47    88    13    54     8    72 0.90 -
ctg000001_P:814416-815378   -            321 866359at2759         -            265   6.3e-05   18.0   9.4   1   5       0.5       6.2    1.6   0.1    55    81    25    51     6    62 0.87 -
ctg000001_P:814416-815378   -            321 866359at2759         -            265   6.3e-05   18.0   9.4   2   5      0.07      0.87    4.4   1.2    46    87    58    99    37   141 0.74 -
ctg000001_P:814416-815378   -            321 866359at2759         -            265   6.3e-05   18.0   9.4   3   5   0.00093     0.012   10.5   0.2    45    79   141   175   132   191 0.87 -
ctg000001_P:814416-815378   -            321 866359at2759         -            265   6.3e-05   18.0   9.4   4   5      0.49       6.1    1.6   0.1    64    89   205   230   182   257 0.69 -
ctg000001_P:814416-815378   -            321 866359at2759         -            265   6.3e-05   18.0   9.4   5   5      0.52       6.4    1.5   0.0    45    76   281   312   266   318 0.65 -
ctg000003_P:529791-530570   -            260 866359at2759         -            265     9e-05   17.5   9.6   1   4         1        13    0.6   0.0    61    77     2    18     1    28 0.80 -
ctg000003_P:529791-530570   -            260 866359at2759         -            265     9e-05   17.5   9.6   2   4   0.00048    0.0059   11.5   0.2    45    89    30    77    23   114 0.79 -
ctg000003_P:529791-530570   -            260 866359at2759         -            265     9e-05   17.5   9.6   3   4    0.0031     0.038    8.8   0.0    57    79   147   169   143   179 0.85 -
ctg000003_P:529791-530570   -            260 866359at2759         -            265     9e-05   17.5   9.6   4   4       2.7        34   -0.8   0.1    51    76   185   215   178   225 0.67 -
ctg000022_P:317560-318594   -            345 866359at2759         -            265   0.00013   17.0   0.1   1   4      0.19       2.4    2.9   0.0   229   259     4    34     2    40 0.87 -
ctg000022_P:317560-318594   -            345 866359at2759         -            265   0.00013   17.0   0.1   2   4       1.6        21   -0.1   0.0   135   190    76   132    49   140 0.66 -
ctg000022_P:317560-318594   -            345 866359at2759         -            265   0.00013   17.0   0.1   3   4       4.1        51   -1.4   0.0   147   147   260   260   182   292 0.62 -
ctg000022_P:317560-318594   -            345 866359at2759         -            265   0.00013   17.0   0.1   4   4    0.0037     0.047    8.6   0.0   227   254   316   343   312   345 0.92 -
ctg000107_P:66451-67743     -            431 866359at2759         -            265   0.00018   16.4   0.4   1   3     0.062      0.78    4.6   0.0    45    77    63    95    54   159 0.84 -
ctg000107_P:66451-67743     -            431 866359at2759         -            265   0.00018   16.4   0.4   2   3       6.7        83   -2.1   0.0    46    58   175   187   156   215 0.69 -
ctg000107_P:66451-67743     -            431 866359at2759         -            265   0.00018   16.4   0.4   3   3    0.0035     0.044    8.6   0.0    53    89   212   248   205   259 0.85 -
ctg000002_P:933767-937114   -           1116 866359at2759         -            265   0.00045   15.2   0.9   1   3      0.22       2.7    2.8   0.0    51    87   166   203   158   219 0.72 -
ctg000002_P:933767-937114   -           1116 866359at2759         -            265   0.00045   15.2   0.9   2   3    0.0023     0.029    9.2   0.1    11    78   236   299   232   429 0.87 -
ctg000002_P:933767-937114   -           1116 866359at2759         -            265   0.00045   15.2   0.9   3   3       5.6        70   -1.9   0.0    58   103   440   485   427   498 0.83 -
ctg000000_P:720767-721660   -            298 866359at2759         -            265   0.00046   15.1   1.5   1   4       1.4        17    0.1   0.0    46    78    30    63    27   117 0.73 -
ctg000000_P:720767-721660   -            298 866359at2759         -            265   0.00046   15.1   1.5   2   4       3.9        49   -1.3   0.0    99   161    69   131    54   138 0.69 -
ctg000000_P:720767-721660   -            298 866359at2759         -            265   0.00046   15.1   1.5   3   4    0.0078     0.097    7.5   0.0    52    80   152   181   112   219 0.78 -
ctg000000_P:720767-721660   -            298 866359at2759         -            265   0.00046   15.1   1.5   4   4      0.06      0.74    4.6   0.2    57   105   221   270   206   296 0.73 -
ctg000001_P:612422-613405   -            328 866359at2759         -            265   0.00054   14.9   5.0   1   3         6        75   -1.9   0.1    55    85    46    76    42   116 0.62 -
ctg000001_P:612422-613405   -            328 866359at2759         -            265   0.00054   14.9   5.0   2   3    0.0091      0.11    7.3   0.8     8    87   160   247   156   277 0.65 -
ctg000001_P:612422-613405   -            328 866359at2759         -            265   0.00054   14.9   5.0   3   3      0.01      0.13    7.1   0.0    45    76   290   321   271   326 0.83 -
ctg000012_P:294226-294549   -            108 866359at2759         -            265   0.00057   14.8   0.0   1   2     0.035      0.43    5.4   0.0    59    85    36    62    27    75 0.82 -
ctg000012_P:294226-294549   -            108 866359at2759         -            265   0.00057   14.8   0.0   2   2    0.0082       0.1    7.4   0.0   230   254    80   105    74   108 0.81 -
ctg000006_P:425866-427404   -            513 866359at2759         -            265    0.0012   13.8   0.1   1   3      0.96        12    0.7   0.0   148   193    57   101    24   114 0.70 -
ctg000006_P:425866-427404   -            513 866359at2759         -            265    0.0012   13.8   0.1   2   3     0.094       1.2    4.0   0.1    57    78   135   156   125   161 0.86 -
ctg000006_P:425866-427404   -            513 866359at2759         -            265    0.0012   13.8   0.1   3   3       0.1       1.2    3.9   0.0   148   202   185   242   179   266 0.74 -
ctg000014_P:161740-163017   -            426 866359at2759         -            265    0.0013   13.6   0.0   1   3     0.002     0.026    9.4   0.0     5    70    67    95    59   116 0.67 -
ctg000014_P:161740-163017   -            426 866359at2759         -            265    0.0013   13.6   0.0   2   3         5        63   -1.7   0.0   228   257   148   177   131   185 0.76 -
ctg000014_P:161740-163017   -            426 866359at2759         -            265    0.0013   13.6   0.0   3   3       2.5        31   -0.7   0.0   212   253   198   240   181   254 0.56 -
ctg000000_P:502784-503221   -            146 866359at2759         -            265    0.0016   13.3   0.1   1   1   0.00064    0.0079   11.1   0.1    57    90    35    65    20   107 0.71 -
ctg000000_P:176361-176873   -            171 866359at2759         -            265    0.0022   12.9   0.1   1   2      0.11       1.4    3.7   0.0    61    77    13    29     5    33 0.86 -
ctg000000_P:176361-176873   -            171 866359at2759         -            265    0.0022   12.9   0.1   2   2     0.012      0.15    6.9   0.0    39    88    47    96    37   133 0.85 -
ctg000008_P:207980-208870   -            297 866359at2759         -            265    0.0025   12.7   0.4   1   3     0.095       1.2    3.9   0.1    63   100     2    39     1    60 0.79 -
ctg000008_P:207980-208870   -            297 866359at2759         -            265    0.0025   12.7   0.4   2   3     0.099       1.2    3.9   0.0   224   258   117   152   112   159 0.77 -
ctg000008_P:207980-208870   -            297 866359at2759         -            265    0.0025   12.7   0.4   3   3         2        25   -0.4   0.0    58    79   276   297   261   297 0.78 -
ctg000006_P:471667-472014   -            116 866359at2759         -            265    0.0027   12.6   0.0   1   2    0.0017     0.021    9.7   0.0   230   254     1    25     1    36 0.87 -
ctg000006_P:471667-472014   -            116 866359at2759         -            265    0.0027   12.6   0.0   2   2       1.1        14    0.4   0.0    56    74    97   115    85   116 0.75 -
ctg000006_P:423485-425329   -            615 866359at2759         -            265     0.004   12.1   7.0   1   6       7.6        94   -2.3   0.0   230   253    67    92    57   109 0.61 -
ctg000006_P:423485-425329   -            615 866359at2759         -            265     0.004   12.1   7.0   2   6       3.3        41   -1.1   0.0    50    83   209   243   168   249 0.70 -
ctg000006_P:423485-425329   -            615 866359at2759         -            265     0.004   12.1   7.0   3   6   0.00043    0.0054   11.6   0.6    57    89   262   294   251   341 0.79 -
ctg000006_P:423485-425329   -            615 866359at2759         -            265     0.004   12.1   7.0   4   6       4.5        56   -1.5   0.0   210   237   322   349   300   365 0.83 -
ctg000006_P:423485-425329   -            615 866359at2759         -            265     0.004   12.1   7.0   5   6       3.5        43   -1.2   0.0   114   131   401   418   345   464 0.51 -
ctg000006_P:423485-425329   -            615 866359at2759         -            265     0.004   12.1   7.0   6   6         7        88   -2.2   0.0    60    76   596   612   582   613 0.81 -
#
# Program:         hmmsearch
# Version:         3.1b2 (February 2015)
# Pipeline mode:   SEARCH
# Query file:      /Users/dominiquefastus/DeNovoProj/BUSCO_ass/busco_downloads/lineages/eukaryota_odb10/hmms/866359at2759.hmm
# Target file:     /Users/dominiquefastus/DeNovoProj/BUSCO_ass/busco_out/auto_lineage/run_eukaryota_odb10/metaeuk_output/initial_results/asm_ctgs_m.fa.modified.fas
# Option settings: hmmsearch --domtblout /Users/dominiquefastus/DeNovoProj/BUSCO_ass/busco_out/auto_lineage/run_eukaryota_odb10/hmmer_output/initial_run_results/866359at2759.out --cpu 1 /Users/dominiquefastus/DeNovoProj/BUSCO_ass/busco_downloads/lineages/eukaryota_odb10/hmms/866359at2759.hmm /Users/dominiquefastus/DeNovoProj/BUSCO_ass/busco_out/auto_lineage/run_eukaryota_odb10/metaeuk_output/initial_results/asm_ctgs_m.fa.modified.fas 
# Current dir:     /Users/dominiquefastus/DeNovoProj/BUSCO_ass
# Date:            Fri Feb 24 11:51:05 2023
# [ok]
