#                                                                                 --- full sequence --- -------------- this domain -------------   hmm coord   ali coord   env coord
# target name             accession   tlen query name           accession   qlen   E-value  score  bias   #  of  c-Evalue  i-Evalue  score  bias  from    to  from    to  from    to  acc description of target
#     ------------------- ---------- ----- -------------------- ---------- ----- --------- ------ ----- --- --- --------- --------- ------ ----- ----- ----- ----- ----- ----- ----- ---- ---------------------
ctg000005_P:121347-123002 -            552 891751at2759         -            251     4e-73  241.7  14.8   1   3      0.37     1e+02   -2.0   0.0    20    37   184   201   173   221 0.85 -
ctg000005_P:121347-123002 -            552 891751at2759         -            251     4e-73  241.7  14.8   2   3   1.5e-60     4e-58  192.6   7.2    46   202   251   423   245   438 0.88 -
ctg000005_P:121347-123002 -            552 891751at2759         -            251     4e-73  241.7  14.8   3   3   4.7e-18   1.2e-15   53.4   0.2   198   249   444   500   434   502 0.88 -
ctg000000_P:557688-560762 -           1025 891751at2759         -            251   2.1e-13   46.1   1.0   1   2     6e-07   0.00016   17.0   0.5    92   203   594   707   546   716 0.80 -
ctg000000_P:557688-560762 -           1025 891751at2759         -            251   2.1e-13   46.1   1.0   2   2   5.4e-10   1.4e-07   27.0   0.0   195   237   721   763   719   773 0.91 -
ctg000003_P:140190-142178 -            663 891751at2759         -            251   6.1e-11   38.0   0.2   1   2      0.18        47   -0.9   0.1    94   124   471   506   381   526 0.72 -
ctg000003_P:140190-142178 -            663 891751at2759         -            251   6.1e-11   38.0   0.2   2   2   1.1e-12   2.9e-10   35.8   0.0   124   240   533   656   529   661 0.85 -
#
# Program:         hmmsearch
# Version:         3.1b2 (February 2015)
# Pipeline mode:   SEARCH
# Query file:      /Users/dominiquefastus/DeNovoProj/BUSCO_ass/busco_downloads/lineages/eukaryota_odb10/hmms/891751at2759.hmm
# Target file:     /Users/dominiquefastus/DeNovoProj/BUSCO_ass/busco_out/auto_lineage/run_eukaryota_odb10/metaeuk_output/initial_results/asm_ctgs_m.fa.modified.fas
# Option settings: hmmsearch --domtblout /Users/dominiquefastus/DeNovoProj/BUSCO_ass/busco_out/auto_lineage/run_eukaryota_odb10/hmmer_output/initial_run_results/891751at2759.out --cpu 1 /Users/dominiquefastus/DeNovoProj/BUSCO_ass/busco_downloads/lineages/eukaryota_odb10/hmms/891751at2759.hmm /Users/dominiquefastus/DeNovoProj/BUSCO_ass/busco_out/auto_lineage/run_eukaryota_odb10/metaeuk_output/initial_results/asm_ctgs_m.fa.modified.fas 
# Current dir:     /Users/dominiquefastus/DeNovoProj/BUSCO_ass
# Date:            Fri Feb 24 11:51:05 2023
# [ok]
