#                                                                            --- full sequence --- -------------- this domain -------------   hmm coord   ali coord   env coord
# target name        accession   tlen query name           accession   qlen   E-value  score  bias   #  of  c-Evalue  i-Evalue  score  bias  from    to  from    to  from    to  acc description of target
#------------------- ---------- ----- -------------------- ---------- ----- --------- ------ ----- --- --- --------- --------- ------ ----- ----- ----- ----- ----- ----- ----- ---- ---------------------
ctg000009_P_401      -            839 111803at2157         -            210   2.2e-32  111.1   0.4   1   4   5.8e-05     0.096   11.0   0.0    13   135    10   138     8   144 0.71 # 593931 # 596447 # -1 # ID=10_401;partial=00;start_type=ATG;rbs_motif=None;rbs_spacer=None;gc_cont=0.364
ctg000009_P_401      -            839 111803at2157         -            210   2.2e-32  111.1   0.4   2   4   3.9e-08   6.4e-05   21.4   0.0    95   158   189   256   186   258 0.90 # 593931 # 596447 # -1 # ID=10_401;partial=00;start_type=ATG;rbs_motif=None;rbs_spacer=None;gc_cont=0.364
ctg000009_P_401      -            839 111803at2157         -            210   2.2e-32  111.1   0.4   3   4   1.4e-12   2.3e-09   35.9   0.0     2    76   467   561   466   579 0.74 # 593931 # 596447 # -1 # ID=10_401;partial=00;start_type=ATG;rbs_motif=None;rbs_spacer=None;gc_cont=0.364
ctg000009_P_401      -            839 111803at2157         -            210   2.2e-32  111.1   0.4   4   4     6e-13     1e-09   37.1   0.0   115   209   652   764   642   765 0.82 # 593931 # 596447 # -1 # ID=10_401;partial=00;start_type=ATG;rbs_motif=None;rbs_spacer=None;gc_cont=0.364
ctg000003_P_443      -            780 111803at2157         -            210   0.00069   18.0   2.4   1   4   6.1e-06      0.01   14.2   0.1    48    76    61    89    16    96 0.81 # 667103 # 669442 # -1 # ID=4_443;partial=00;start_type=ATG;rbs_motif=AATAA;rbs_spacer=12bp;gc_cont=0.376
ctg000003_P_443      -            780 111803at2157         -            210   0.00069   18.0   2.4   2   4      0.21   3.6e+02   -0.6   0.2    45    64   148   167   137   171 0.87 # 667103 # 669442 # -1 # ID=4_443;partial=00;start_type=ATG;rbs_motif=AATAA;rbs_spacer=12bp;gc_cont=0.376
ctg000003_P_443      -            780 111803at2157         -            210   0.00069   18.0   2.4   3   4      0.35   5.8e+02   -1.3   0.0   164   183   199   218   187   229 0.85 # 667103 # 669442 # -1 # ID=4_443;partial=00;start_type=ATG;rbs_motif=AATAA;rbs_spacer=12bp;gc_cont=0.376
ctg000003_P_443      -            780 111803at2157         -            210   0.00069   18.0   2.4   4   4      0.14   2.4e+02   -0.1   0.0    71   127   448   508   412   549 0.74 # 667103 # 669442 # -1 # ID=4_443;partial=00;start_type=ATG;rbs_motif=AATAA;rbs_spacer=12bp;gc_cont=0.376
ctg000002_P_712      -            647 111803at2157         -            210     0.033   12.5   0.0   1   1   3.6e-05     0.061   11.7   0.0    48    90   155   195   137   202 0.86 # 1078406 # 1080346 # -1 # ID=3_712;partial=00;start_type=ATG;rbs_motif=AACAA;rbs_spacer=6bp;gc_cont=0.443
ctg000000_P_673      -            275 111803at2157         -            210     0.043   12.2   0.0   1   2   7.2e-05      0.12   10.7   0.0    43    85    47    89    26   102 0.83 # 989526 # 990350 # 1 # ID=1_673;partial=00;start_type=ATG;rbs_motif=None;rbs_spacer=None;gc_cont=0.398
ctg000000_P_673      -            275 111803at2157         -            210     0.043   12.2   0.0   2   2       0.6     1e+03   -2.1   0.1   148   164   130   146   122   150 0.81 # 989526 # 990350 # 1 # ID=1_673;partial=00;start_type=ATG;rbs_motif=None;rbs_spacer=None;gc_cont=0.398
ctg000001_P_720      -            370 111803at2157         -            210     0.052   11.9   0.0   1   1   5.4e-05      0.09   11.1   0.0    37    91   110   164   106   204 0.79 # 1081369 # 1082478 # -1 # ID=2_720;partial=00;start_type=ATG;rbs_motif=None;rbs_spacer=None;gc_cont=0.402
#
# Program:         hmmsearch
# Version:         3.1b2 (February 2015)
# Pipeline mode:   SEARCH
# Query file:      /Users/dominiquefastus/DeNovoProj/BUSCO_ass/busco_downloads/lineages/archaea_odb10/hmms/111803at2157.hmm
# Target file:     /Users/dominiquefastus/DeNovoProj/BUSCO_ass/busco_out/prodigal_output/predicted_genes/predicted.faa
# Option settings: hmmsearch --domtblout /Users/dominiquefastus/DeNovoProj/BUSCO_ass/busco_out/auto_lineage/run_archaea_odb10/hmmer_output/111803at2157.out --cpu 1 /Users/dominiquefastus/DeNovoProj/BUSCO_ass/busco_downloads/lineages/archaea_odb10/hmms/111803at2157.hmm /Users/dominiquefastus/DeNovoProj/BUSCO_ass/busco_out/prodigal_output/predicted_genes/predicted.faa 
# Current dir:     /Users/dominiquefastus/DeNovoProj/BUSCO_ass
# Date:            Fri Feb 24 11:38:36 2023
# [ok]
