#                                                                            --- full sequence --- -------------- this domain -------------   hmm coord   ali coord   env coord
# target name        accession   tlen query name           accession   qlen   E-value  score  bias   #  of  c-Evalue  i-Evalue  score  bias  from    to  from    to  from    to  acc description of target
#------------------- ---------- ----- -------------------- ---------- ----- --------- ------ ----- --- --- --------- --------- ------ ----- ----- ----- ----- ----- ----- ----- ---- ---------------------
ctg000001_P_549      -            117 121171at2157         -             97     1e-05   24.9   3.5   1   2     0.042        69    2.9   0.6    19    46     4    31     1    49 0.69 # 793987 # 794337 # -1 # ID=2_549;partial=00;start_type=ATG;rbs_motif=None;rbs_spacer=None;gc_cont=0.425
ctg000001_P_549      -            117 121171at2157         -             97     1e-05   24.9   3.5   2   2   2.1e-08   3.5e-05   23.1   0.1    55    96    71   113    59   114 0.85 # 793987 # 794337 # -1 # ID=2_549;partial=00;start_type=ATG;rbs_motif=None;rbs_spacer=None;gc_cont=0.425
ctg000002_P_646      -            139 121171at2157         -             97    0.0057   16.0   0.3   1   2   8.4e-06     0.014   14.8   0.1    73    97    51    75    49    75 0.92 # 992664 # 993080 # 1 # ID=3_646;partial=00;start_type=TTG;rbs_motif=AACAA;rbs_spacer=7bp;gc_cont=0.446
ctg000002_P_646      -            139 121171at2157         -             97    0.0057   16.0   0.3   2   2       2.2   3.6e+03   -2.6   0.0    10    21   102   113    96   127 0.69 # 992664 # 993080 # 1 # ID=3_646;partial=00;start_type=TTG;rbs_motif=AACAA;rbs_spacer=7bp;gc_cont=0.446
ctg000008_P_481      -            139 121171at2157         -             97    0.0057   16.0   0.3   1   2   8.4e-06     0.014   14.8   0.1    73    97    51    75    49    75 0.92 # 713541 # 713957 # 1 # ID=9_481;partial=00;start_type=TTG;rbs_motif=AACAA;rbs_spacer=7bp;gc_cont=0.463
ctg000008_P_481      -            139 121171at2157         -             97    0.0057   16.0   0.3   2   2       2.2   3.6e+03   -2.6   0.0    10    21   102   113    96   127 0.69 # 713541 # 713957 # 1 # ID=9_481;partial=00;start_type=TTG;rbs_motif=AACAA;rbs_spacer=7bp;gc_cont=0.463
ctg000022_P_172      -            828 121171at2157         -             97     0.028   13.8   0.3   1   3         5   8.3e+03   -4.1   0.0    58    69    19    30    16    33 0.83 # 276629 # 279112 # -1 # ID=17_172;partial=00;start_type=ATG;rbs_motif=AAGAA;rbs_spacer=3bp;gc_cont=0.360
ctg000022_P_172      -            828 121171at2157         -             97     0.028   13.8   0.3   2   3       1.3   2.2e+03   -1.9   0.0    21    50   214   243   206   260 0.64 # 276629 # 279112 # -1 # ID=17_172;partial=00;start_type=ATG;rbs_motif=AAGAA;rbs_spacer=3bp;gc_cont=0.360
ctg000022_P_172      -            828 121171at2157         -             97     0.028   13.8   0.3   3   3   0.00013      0.21   11.0   0.1    55    89   654   688   645   694 0.86 # 276629 # 279112 # -1 # ID=17_172;partial=00;start_type=ATG;rbs_motif=AAGAA;rbs_spacer=3bp;gc_cont=0.360
ctg000008_P_456      -            323 121171at2157         -             97     0.037   13.4   1.3   1   2      0.37   6.1e+02   -0.1   0.1    34    62   116   144    87   146 0.76 # 673425 # 674393 # 1 # ID=9_456;partial=00;start_type=ATG;rbs_motif=None;rbs_spacer=None;gc_cont=0.401
ctg000008_P_456      -            323 121171at2157         -             97     0.037   13.4   1.3   2   2   8.2e-05      0.14   11.6   0.1    61    95   174   210   171   212 0.79 # 673425 # 674393 # 1 # ID=9_456;partial=00;start_type=ATG;rbs_motif=None;rbs_spacer=None;gc_cont=0.401
#
# Program:         hmmsearch
# Version:         3.1b2 (February 2015)
# Pipeline mode:   SEARCH
# Query file:      /Users/dominiquefastus/DeNovoProj/BUSCO_ass/busco_downloads/lineages/archaea_odb10/hmms/121171at2157.hmm
# Target file:     /Users/dominiquefastus/DeNovoProj/BUSCO_ass/busco_out/prodigal_output/predicted_genes/predicted.faa
# Option settings: hmmsearch --domtblout /Users/dominiquefastus/DeNovoProj/BUSCO_ass/busco_out/auto_lineage/run_archaea_odb10/hmmer_output/121171at2157.out --cpu 1 /Users/dominiquefastus/DeNovoProj/BUSCO_ass/busco_downloads/lineages/archaea_odb10/hmms/121171at2157.hmm /Users/dominiquefastus/DeNovoProj/BUSCO_ass/busco_out/prodigal_output/predicted_genes/predicted.faa 
# Current dir:     /Users/dominiquefastus/DeNovoProj/BUSCO_ass
# Date:            Fri Feb 24 11:38:39 2023
# [ok]
