#                                                                            --- full sequence --- -------------- this domain -------------   hmm coord   ali coord   env coord
# target name        accession   tlen query name           accession   qlen   E-value  score  bias   #  of  c-Evalue  i-Evalue  score  bias  from    to  from    to  from    to  acc description of target
#------------------- ---------- ----- -------------------- ---------- ----- --------- ------ ----- --- --- --------- --------- ------ ----- ----- ----- ----- ----- ----- ----- ---- ---------------------
ctg000011_P_121      -             71 129924at2157         -             26   1.2e-06   26.8   1.6   1   2     0.008        17    4.0   0.1     1     7    29    35    29    40 0.80 # 175609 # 175821 # -1 # ID=12_121;partial=00;start_type=ATG;rbs_motif=None;rbs_spacer=None;gc_cont=0.418
ctg000011_P_121      -             71 129924at2157         -             26   1.2e-06   26.8   1.6   2   2   1.5e-08   3.1e-05   22.4   0.1    12    26    46    60    42    60 0.94 # 175609 # 175821 # -1 # ID=12_121;partial=00;start_type=ATG;rbs_motif=None;rbs_spacer=None;gc_cont=0.418
ctg000022_P_348      -            126 129924at2157         -             26     0.012   14.1  11.6   1   4     0.087   1.8e+02    0.7   0.0     3     8    10    15     9    19 0.75 # 573745 # 574122 # 1 # ID=17_348;partial=00;start_type=ATG;rbs_motif=None;rbs_spacer=None;gc_cont=0.410
ctg000022_P_348      -            126 129924at2157         -             26     0.012   14.1  11.6   2   4     0.052   1.1e+02    1.4   0.1     3     7    30    34    28    36 0.78 # 573745 # 574122 # 1 # ID=17_348;partial=00;start_type=ATG;rbs_motif=None;rbs_spacer=None;gc_cont=0.410
ctg000022_P_348      -            126 129924at2157         -             26     0.012   14.1  11.6   3   4   0.00018      0.38    9.3   0.2     7    19    79    91    79    92 0.82 # 573745 # 574122 # 1 # ID=17_348;partial=00;start_type=ATG;rbs_motif=None;rbs_spacer=None;gc_cont=0.410
ctg000022_P_348      -            126 129924at2157         -             26     0.012   14.1  11.6   4   4   0.00066       1.4    7.5   0.7     1    10   112   121   109   123 0.87 # 573745 # 574122 # 1 # ID=17_348;partial=00;start_type=ATG;rbs_motif=None;rbs_spacer=None;gc_cont=0.410
ctg000002_P_565      -            407 129924at2157         -             26      0.31    9.6   6.1   1   3    0.0019       4.1    6.0   0.0    12    22    66    76    63    77 0.84 # 862570 # 863790 # -1 # ID=3_565;partial=00;start_type=ATG;rbs_motif=None;rbs_spacer=None;gc_cont=0.424
ctg000002_P_565      -            407 129924at2157         -             26      0.31    9.6   6.1   2   3      0.15     3e+02    0.0   0.2     2     6   149   153   149   158 0.76 # 862570 # 863790 # -1 # ID=3_565;partial=00;start_type=ATG;rbs_motif=None;rbs_spacer=None;gc_cont=0.424
ctg000002_P_565      -            407 129924at2157         -             26      0.31    9.6   6.1   3   3     0.011        22    3.6   0.6    14    21   168   175   165   175 0.88 # 862570 # 863790 # -1 # ID=3_565;partial=00;start_type=ATG;rbs_motif=None;rbs_spacer=None;gc_cont=0.424
ctg000001_P_122      -            487 129924at2157         -             26       2.4    6.7  12.4   1   4      0.03        63    2.2   0.1     3     8    54    59    48    62 0.75 # 180664 # 182124 # -1 # ID=2_122;partial=00;start_type=ATG;rbs_motif=None;rbs_spacer=None;gc_cont=0.426
ctg000001_P_122      -            487 129924at2157         -             26       2.4    6.7  12.4   2   4     0.003       6.2    5.4   0.8    13    20    82    89    78    91 0.84 # 180664 # 182124 # -1 # ID=2_122;partial=00;start_type=ATG;rbs_motif=None;rbs_spacer=None;gc_cont=0.426
ctg000001_P_122      -            487 129924at2157         -             26       2.4    6.7  12.4   3   4     0.066   1.4e+02    1.1   0.1     9    17   290   298   289   301 0.80 # 180664 # 182124 # -1 # ID=2_122;partial=00;start_type=ATG;rbs_motif=None;rbs_spacer=None;gc_cont=0.426
ctg000001_P_122      -            487 129924at2157         -             26       2.4    6.7  12.4   4   4     0.014        30    3.2   0.2    14    20   324   330   319   330 0.84 # 180664 # 182124 # -1 # ID=2_122;partial=00;start_type=ATG;rbs_motif=None;rbs_spacer=None;gc_cont=0.426
#
# Program:         hmmsearch
# Version:         3.1b2 (February 2015)
# Pipeline mode:   SEARCH
# Query file:      /Users/dominiquefastus/DeNovoProj/BUSCO_ass/busco_downloads/lineages/archaea_odb10/hmms/129924at2157.hmm
# Target file:     /Users/dominiquefastus/DeNovoProj/BUSCO_ass/busco_out/prodigal_output/predicted_genes/predicted.faa
# Option settings: hmmsearch --domtblout /Users/dominiquefastus/DeNovoProj/BUSCO_ass/busco_out/auto_lineage/run_archaea_odb10/hmmer_output/129924at2157.out --cpu 1 /Users/dominiquefastus/DeNovoProj/BUSCO_ass/busco_downloads/lineages/archaea_odb10/hmms/129924at2157.hmm /Users/dominiquefastus/DeNovoProj/BUSCO_ass/busco_out/prodigal_output/predicted_genes/predicted.faa 
# Current dir:     /Users/dominiquefastus/DeNovoProj/BUSCO_ass
# Date:            Fri Feb 24 11:38:41 2023
# [ok]
