#                                                                            --- full sequence --- -------------- this domain -------------   hmm coord   ali coord   env coord
# target name        accession   tlen query name           accession   qlen   E-value  score  bias   #  of  c-Evalue  i-Evalue  score  bias  from    to  from    to  from    to  acc description of target
#------------------- ---------- ----- -------------------- ---------- ----- --------- ------ ----- --- --- --------- --------- ------ ----- ----- ----- ----- ----- ----- ----- ---- ---------------------
ctg000011_P_213      -             59 130364at2157         -             32   2.7e-07   29.2   2.3   1   3      0.33   1.4e+03   -1.9   0.0     1     4     5     8     5    10 0.80 # 321196 # 321372 # -1 # ID=12_213;partial=00;start_type=ATG;rbs_motif=AACAA;rbs_spacer=15bp;gc_cont=0.424
ctg000011_P_213      -             59 130364at2157         -             32   2.7e-07   29.2   2.3   2   3     0.095     4e+02   -0.1   0.1     1     5    15    19    15    20 0.84 # 321196 # 321372 # -1 # ID=12_213;partial=00;start_type=ATG;rbs_motif=AACAA;rbs_spacer=15bp;gc_cont=0.424
ctg000011_P_213      -             59 130364at2157         -             32   2.7e-07   29.2   2.3   3   3   1.1e-10   4.6e-07   28.4   0.1    11    32    29    50    27    50 0.93 # 321196 # 321372 # -1 # ID=12_213;partial=00;start_type=ATG;rbs_motif=AACAA;rbs_spacer=15bp;gc_cont=0.424
ctg000022_P_348      -            126 130364at2157         -             32      0.15   10.8   0.4   1   4       1.6   6.6e+03   -4.0   0.6     7    11    10    14    10    14 0.87 # 573745 # 574122 # 1 # ID=17_348;partial=00;start_type=ATG;rbs_motif=None;rbs_spacer=None;gc_cont=0.410
ctg000022_P_348      -            126 130364at2157         -             32      0.15   10.8   0.4   2   4      0.11   4.6e+02   -0.3   0.2     6    13    29    36    27    39 0.79 # 573745 # 574122 # 1 # ID=17_348;partial=00;start_type=ATG;rbs_motif=None;rbs_spacer=None;gc_cont=0.410
ctg000022_P_348      -            126 130364at2157         -             32      0.15   10.8   0.4   3   4   3.7e-05      0.15   10.8   0.4     2    11    81    90    81    92 0.94 # 573745 # 574122 # 1 # ID=17_348;partial=00;start_type=ATG;rbs_motif=None;rbs_spacer=None;gc_cont=0.410
ctg000022_P_348      -            126 130364at2157         -             32      0.15   10.8   0.4   4   4     0.055   2.3e+02    0.6   0.1     5    11   112   118   109   120 0.81 # 573745 # 574122 # 1 # ID=17_348;partial=00;start_type=ATG;rbs_motif=None;rbs_spacer=None;gc_cont=0.410
#
# Program:         hmmsearch
# Version:         3.1b2 (February 2015)
# Pipeline mode:   SEARCH
# Query file:      /Users/dominiquefastus/DeNovoProj/BUSCO_ass/busco_downloads/lineages/archaea_odb10/hmms/130364at2157.hmm
# Target file:     /Users/dominiquefastus/DeNovoProj/BUSCO_ass/busco_out/prodigal_output/predicted_genes/predicted.faa
# Option settings: hmmsearch --domtblout /Users/dominiquefastus/DeNovoProj/BUSCO_ass/busco_out/auto_lineage/run_archaea_odb10/hmmer_output/130364at2157.out --cpu 1 /Users/dominiquefastus/DeNovoProj/BUSCO_ass/busco_downloads/lineages/archaea_odb10/hmms/130364at2157.hmm /Users/dominiquefastus/DeNovoProj/BUSCO_ass/busco_out/prodigal_output/predicted_genes/predicted.faa 
# Current dir:     /Users/dominiquefastus/DeNovoProj/BUSCO_ass
# Date:            Fri Feb 24 11:38:43 2023
# [ok]
