#                                                                            --- full sequence --- -------------- this domain -------------   hmm coord   ali coord   env coord
# target name        accession   tlen query name           accession   qlen   E-value  score  bias   #  of  c-Evalue  i-Evalue  score  bias  from    to  from    to  from    to  acc description of target
#------------------- ---------- ----- -------------------- ---------- ----- --------- ------ ----- --- --- --------- --------- ------ ----- ----- ----- ----- ----- ----- ----- ---- ---------------------
ctg000006_P_230      -            891 14889at2157          -            529   4.6e-39  133.1  35.4   1   6   1.1e-05    0.0085   13.4   0.0     2   117     8   112     7   117 0.90 # 355167 # 357839 # 1 # ID=7_230;partial=00;start_type=ATG;rbs_motif=None;rbs_spacer=None;gc_cont=0.401
ctg000006_P_230      -            891 14889at2157          -            529   4.6e-39  133.1  35.4   2   6     0.013       9.5    3.3   0.4    69   113   113   154    97   162 0.69 # 355167 # 357839 # 1 # ID=7_230;partial=00;start_type=ATG;rbs_motif=None;rbs_spacer=None;gc_cont=0.401
ctg000006_P_230      -            891 14889at2157          -            529   4.6e-39  133.1  35.4   3   6   1.5e-25   1.1e-22   79.0   0.1   145   344   280   482   259   485 0.85 # 355167 # 357839 # 1 # ID=7_230;partial=00;start_type=ATG;rbs_motif=None;rbs_spacer=None;gc_cont=0.401
ctg000006_P_230      -            891 14889at2157          -            529   4.6e-39  133.1  35.4   4   6     0.018        14    2.8   0.5   352   378   509   535   501   540 0.89 # 355167 # 357839 # 1 # ID=7_230;partial=00;start_type=ATG;rbs_motif=None;rbs_spacer=None;gc_cont=0.401
ctg000006_P_230      -            891 14889at2157          -            529   4.6e-39  133.1  35.4   5   6     0.016        12    3.0   1.2   377   424   583   630   576   645 0.75 # 355167 # 357839 # 1 # ID=7_230;partial=00;start_type=ATG;rbs_motif=None;rbs_spacer=None;gc_cont=0.401
ctg000006_P_230      -            891 14889at2157          -            529   4.6e-39  133.1  35.4   6   6   1.5e-15   1.1e-12   46.0   8.6   426   523   776   885   763   889 0.73 # 355167 # 357839 # 1 # ID=7_230;partial=00;start_type=ATG;rbs_motif=None;rbs_spacer=None;gc_cont=0.401
ctg000002_P_159      -            841 14889at2157          -            529   7.7e-33  112.5  35.8   1   6     0.014        10    3.2   0.0     2    71     9    77     8    92 0.81 # 261357 # 263879 # 1 # ID=3_159;partial=00;start_type=ATG;rbs_motif=None;rbs_spacer=None;gc_cont=0.387
ctg000002_P_159      -            841 14889at2157          -            529   7.7e-33  112.5  35.8   2   6       2.4   1.8e+03   -4.2   0.1    78   101   117   140   108   144 0.57 # 261357 # 263879 # 1 # ID=3_159;partial=00;start_type=ATG;rbs_motif=None;rbs_spacer=None;gc_cont=0.387
ctg000002_P_159      -            841 14889at2157          -            529   7.7e-33  112.5  35.8   3   6   2.2e-20   1.7e-17   61.9   0.0   192   343   281   435   245   440 0.78 # 261357 # 263879 # 1 # ID=3_159;partial=00;start_type=ATG;rbs_motif=None;rbs_spacer=None;gc_cont=0.387
ctg000002_P_159      -            841 14889at2157          -            529   7.7e-33  112.5  35.8   4   6    0.0042       3.1    4.9   1.5   352   376   463   487   454   493 0.88 # 261357 # 263879 # 1 # ID=3_159;partial=00;start_type=ATG;rbs_motif=None;rbs_spacer=None;gc_cont=0.387
ctg000002_P_159      -            841 14889at2157          -            529   7.7e-33  112.5  35.8   5   6    0.0073       5.5    4.1   4.2   377   434   537   592   531   600 0.75 # 261357 # 263879 # 1 # ID=3_159;partial=00;start_type=ATG;rbs_motif=None;rbs_spacer=None;gc_cont=0.387
ctg000002_P_159      -            841 14889at2157          -            529   7.7e-33  112.5  35.8   6   6   7.7e-17   5.8e-14   50.2   9.9   426   524   716   823   708   826 0.73 # 261357 # 263879 # 1 # ID=3_159;partial=00;start_type=ATG;rbs_motif=None;rbs_spacer=None;gc_cont=0.387
ctg000008_P_302      -            130 14889at2157          -            529      0.13    9.5   2.2   1   1   0.00012     0.089   10.0   0.7    67   109    73   116    65   120 0.74 # 431490 # 431879 # 1 # ID=9_302;partial=00;start_type=ATG;rbs_motif=None;rbs_spacer=None;gc_cont=0.436
ctg000107_P_55       -            188 14889at2157          -            529      0.14    9.4   3.9   1   1   0.00026       0.2    8.9   3.9    55   121   116   176    83   185 0.72 # 62111 # 62674 # 1 # ID=20_55;partial=00;start_type=ATG;rbs_motif=None;rbs_spacer=None;gc_cont=0.443
ctg000009_P_229      -            114 14889at2157          -            529      0.15    9.3   3.0   1   1   0.00024      0.18    9.0   3.0    33   118    10    95     6   101 0.82 # 332936 # 333277 # 1 # ID=10_229;partial=00;start_type=ATG;rbs_motif=None;rbs_spacer=None;gc_cont=0.348
ctg000107_P_53       -            246 14889at2157          -            529      0.35    8.1   4.4   1   1    0.0006      0.45    7.7   4.4    34   109    54   131    43   157 0.65 # 60884 # 61621 # -1 # ID=20_53;partial=00;start_type=ATG;rbs_motif=None;rbs_spacer=None;gc_cont=0.447
ctg000002_P_342      -           1008 14889at2157          -            529      0.35    8.1   6.8   1   1     0.001      0.76    7.0   6.8    44   113   589   657   575   661 0.87 # 522222 # 525245 # -1 # ID=3_342;partial=00;start_type=ATG;rbs_motif=None;rbs_spacer=None;gc_cont=0.381
ctg000002_P_206      -            229 14889at2157          -            529      0.66    7.2   6.0   1   1    0.0018       1.3    6.1   6.0    54   110    32    88    25   180 0.90 # 316672 # 317358 # -1 # ID=3_206;partial=00;start_type=ATG;rbs_motif=None;rbs_spacer=None;gc_cont=0.380
ctg000012_P_50       -            191 14889at2157          -            529       1.2    6.2   4.6   1   2   0.00094      0.71    7.1   0.8    78   120    32    74    14    86 0.78 # 71451 # 72023 # -1 # ID=13_50;partial=00;start_type=ATG;rbs_motif=None;rbs_spacer=None;gc_cont=0.438
ctg000012_P_50       -            191 14889at2157          -            529       1.2    6.2   4.6   2   2     0.075        57    0.8   0.2   166   206   149   189   142   190 0.84 # 71451 # 72023 # -1 # ID=13_50;partial=00;start_type=ATG;rbs_motif=None;rbs_spacer=None;gc_cont=0.438
ctg000003_P_323      -            804 14889at2157          -            529       2.8    5.1   6.6   1   2    0.0019       1.5    6.0   4.2    58   116   558   619   531   647 0.61 # 488118 # 490529 # 1 # ID=4_323;partial=00;start_type=ATG;rbs_motif=None;rbs_spacer=None;gc_cont=0.374
ctg000003_P_323      -            804 14889at2157          -            529       2.8    5.1   6.6   2   2         2   1.5e+03   -3.9   0.0   172   206   724   758   713   773 0.55 # 488118 # 490529 # 1 # ID=4_323;partial=00;start_type=ATG;rbs_motif=None;rbs_spacer=None;gc_cont=0.374
ctg000008_P_54       -            210 14889at2157          -            529       7.3    3.7  16.2   1   2     0.002       1.5    6.0   4.4    49   129    13    96     3   102 0.83 # 72851 # 73480 # 1 # ID=9_54;partial=00;start_type=GTG;rbs_motif=None;rbs_spacer=None;gc_cont=0.424
ctg000008_P_54       -            210 14889at2157          -            529       7.3    3.7  16.2   2   2     0.015        12    3.0   5.3    71   139   101   169    89   187 0.74 # 72851 # 73480 # 1 # ID=9_54;partial=00;start_type=GTG;rbs_motif=None;rbs_spacer=None;gc_cont=0.424
#
# Program:         hmmsearch
# Version:         3.1b2 (February 2015)
# Pipeline mode:   SEARCH
# Query file:      /Users/dominiquefastus/DeNovoProj/BUSCO_ass/busco_downloads/lineages/archaea_odb10/hmms/14889at2157.hmm
# Target file:     /Users/dominiquefastus/DeNovoProj/BUSCO_ass/busco_out/prodigal_output/predicted_genes/predicted.faa
# Option settings: hmmsearch --domtblout /Users/dominiquefastus/DeNovoProj/BUSCO_ass/busco_out/auto_lineage/run_archaea_odb10/hmmer_output/14889at2157.out --cpu 1 /Users/dominiquefastus/DeNovoProj/BUSCO_ass/busco_downloads/lineages/archaea_odb10/hmms/14889at2157.hmm /Users/dominiquefastus/DeNovoProj/BUSCO_ass/busco_out/prodigal_output/predicted_genes/predicted.faa 
# Current dir:     /Users/dominiquefastus/DeNovoProj/BUSCO_ass
# Date:            Fri Feb 24 11:38:49 2023
# [ok]
