#                                                                            --- full sequence --- -------------- this domain -------------   hmm coord   ali coord   env coord
# target name        accession   tlen query name           accession   qlen   E-value  score  bias   #  of  c-Evalue  i-Evalue  score  bias  from    to  from    to  from    to  acc description of target
#------------------- ---------- ----- -------------------- ---------- ----- --------- ------ ----- --- --- --------- --------- ------ ----- ----- ----- ----- ----- ----- ----- ---- ---------------------
ctg000014_P_69       -           1003 17053at2157          -            474  5.7e-109  363.7  14.4   1   2   9.9e-55   5.9e-52  175.7   0.0     1   122   403   538   403   542 0.90 # 83159 # 86167 # 1 # ID=15_69;partial=00;start_type=ATG;rbs_motif=None;rbs_spacer=None;gc_cont=0.413
ctg000014_P_69       -           1003 17053at2157          -            474  5.7e-109  363.7  14.4   2   2   3.9e-58   2.3e-55  186.9   0.2   133   454   574   977   564   989 0.72 # 83159 # 86167 # 1 # ID=15_69;partial=00;start_type=ATG;rbs_motif=None;rbs_spacer=None;gc_cont=0.413
ctg000002_P_531      -            677 17053at2157          -            474   4.4e-47  159.6  20.9   1   2   1.9e-46   1.1e-43  148.4   7.3     2   234   144   377   143   392 0.88 # 812318 # 814348 # -1 # ID=3_531;partial=00;start_type=ATG;rbs_motif=None;rbs_spacer=None;gc_cont=0.369
ctg000002_P_531      -            677 17053at2157          -            474   4.4e-47  159.6  20.9   2   2   1.6e-06   0.00094   16.7   5.7   218   378   406   579   397   638 0.68 # 812318 # 814348 # -1 # ID=3_531;partial=00;start_type=ATG;rbs_motif=None;rbs_spacer=None;gc_cont=0.369
ctg000002_P_268      -            438 17053at2157          -            474   1.2e-11   42.8   2.4   1   2     1e-13   6.2e-11   40.4   1.5     8   139    53   202    47   205 0.76 # 406587 # 407900 # -1 # ID=3_268;partial=00;start_type=ATG;rbs_motif=None;rbs_spacer=None;gc_cont=0.420
ctg000002_P_268      -            438 17053at2157          -            474   1.2e-11   42.8   2.4   2   2       3.2   1.9e+03   -4.0   0.0   255   277   295   317   291   349 0.67 # 406587 # 407900 # -1 # ID=3_268;partial=00;start_type=ATG;rbs_motif=None;rbs_spacer=None;gc_cont=0.420
ctg000003_P_164      -            757 17053at2157          -            474   6.3e-09   33.8   0.0   1   2   1.8e-10     1e-07   29.8   0.0    55   119   138   202   118   217 0.92 # 251472 # 253742 # -1 # ID=4_164;partial=00;start_type=ATG;rbs_motif=None;rbs_spacer=None;gc_cont=0.402
ctg000003_P_164      -            757 17053at2157          -            474   6.3e-09   33.8   0.0   2   2     0.089        53    1.1   0.0   197   241   380   425   370   463 0.72 # 251472 # 253742 # -1 # ID=4_164;partial=00;start_type=ATG;rbs_motif=None;rbs_spacer=None;gc_cont=0.402
ctg000008_P_317      -           1111 17053at2157          -            474   6.6e-09   33.7   0.0   1   2   0.00044      0.26    8.7   0.0     6    26    22    42    20    54 0.81 # 447475 # 450807 # 1 # ID=9_317;partial=00;start_type=ATG;rbs_motif=None;rbs_spacer=None;gc_cont=0.396
ctg000008_P_317      -           1111 17053at2157          -            474   6.6e-09   33.7   0.0   2   2     3e-08   1.8e-05   22.4   0.0    56   120    98   162    90   174 0.91 # 447475 # 450807 # 1 # ID=9_317;partial=00;start_type=ATG;rbs_motif=None;rbs_spacer=None;gc_cont=0.396
ctg000003_P_455      -            646 17053at2157          -            474   1.2e-07   29.6   0.8   1   2     0.017        10    3.4   0.1     7    23    50    66    49    72 0.87 # 685032 # 686969 # 1 # ID=4_455;partial=00;start_type=ATG;rbs_motif=None;rbs_spacer=None;gc_cont=0.386
ctg000003_P_455      -            646 17053at2157          -            474   1.2e-07   29.6   0.8   2   2     4e-08   2.4e-05   22.0   0.0    55   137   115   197   106   281 0.78 # 685032 # 686969 # 1 # ID=4_455;partial=00;start_type=ATG;rbs_motif=None;rbs_spacer=None;gc_cont=0.386
ctg000009_P_406      -            612 17053at2157          -            474   2.9e-07   28.3   0.1   1   2     0.011       6.3    4.1   0.1     7    20   171   184   169   187 0.88 # 604198 # 606033 # -1 # ID=10_406;partial=00;start_type=ATG;rbs_motif=None;rbs_spacer=None;gc_cont=0.400
ctg000009_P_406      -            612 17053at2157          -            474   2.9e-07   28.3   0.1   2   2   4.6e-08   2.7e-05   21.8   0.0    54   167   245   362   231   373 0.81 # 604198 # 606033 # -1 # ID=10_406;partial=00;start_type=ATG;rbs_motif=None;rbs_spacer=None;gc_cont=0.400
ctg000000_P_840      -            843 17053at2157          -            474   4.6e-07   27.7   0.2   1   2    0.0045       2.7    5.4   0.0     7    23    23    39    21    48 0.88 # 1223747 # 1226275 # 1 # ID=1_840;partial=00;start_type=ATG;rbs_motif=None;rbs_spacer=None;gc_cont=0.444
ctg000000_P_840      -            843 17053at2157          -            474   4.6e-07   27.7   0.2   2   2   1.5e-07   9.1e-05   20.1   0.0    56   119   100   163    66   180 0.84 # 1223747 # 1226275 # 1 # ID=1_840;partial=00;start_type=ATG;rbs_motif=None;rbs_spacer=None;gc_cont=0.444
ctg000002_P_334      -            843 17053at2157          -            474   4.6e-07   27.7   0.2   1   2    0.0045       2.7    5.4   0.0     7    23    23    39    21    48 0.88 # 508789 # 511317 # -1 # ID=3_334;partial=00;start_type=ATG;rbs_motif=AATAA;rbs_spacer=9bp;gc_cont=0.444
ctg000002_P_334      -            843 17053at2157          -            474   4.6e-07   27.7   0.2   2   2   1.5e-07   9.1e-05   20.1   0.0    56   119   100   163    66   180 0.84 # 508789 # 511317 # -1 # ID=3_334;partial=00;start_type=ATG;rbs_motif=AATAA;rbs_spacer=9bp;gc_cont=0.444
ctg000005_P_161      -            459 17053at2157          -            474   5.4e-06   24.1   0.1   1   3     0.079        47    1.3   0.7     6    18    10    22     7    26 0.90 # 240802 # 242178 # -1 # ID=6_161;partial=00;start_type=ATG;rbs_motif=None;rbs_spacer=None;gc_cont=0.444
ctg000005_P_161      -            459 17053at2157          -            474   5.4e-06   24.1   0.1   2   3   9.2e-09   5.4e-06   24.1   0.1    55   168    86   203    71   208 0.83 # 240802 # 242178 # -1 # ID=6_161;partial=00;start_type=ATG;rbs_motif=None;rbs_spacer=None;gc_cont=0.444
ctg000005_P_161      -            459 17053at2157          -            474   5.4e-06   24.1   0.1   3   3       2.1   1.2e+03   -3.4   0.1   392   412   424   444   420   456 0.62 # 240802 # 242178 # -1 # ID=6_161;partial=00;start_type=ATG;rbs_motif=None;rbs_spacer=None;gc_cont=0.444
ctg000007_P_237      -            459 17053at2157          -            474   5.4e-06   24.1   0.1   1   3     0.079        47    1.3   0.7     6    18    10    22     7    26 0.90 # 340562 # 341938 # -1 # ID=8_237;partial=00;start_type=ATG;rbs_motif=None;rbs_spacer=None;gc_cont=0.447
ctg000007_P_237      -            459 17053at2157          -            474   5.4e-06   24.1   0.1   2   3   9.2e-09   5.4e-06   24.1   0.1    55   168    86   203    71   208 0.83 # 340562 # 341938 # -1 # ID=8_237;partial=00;start_type=ATG;rbs_motif=None;rbs_spacer=None;gc_cont=0.447
ctg000007_P_237      -            459 17053at2157          -            474   5.4e-06   24.1   0.1   3   3       2.1   1.2e+03   -3.4   0.1   392   412   424   444   420   456 0.62 # 340562 # 341938 # -1 # ID=8_237;partial=00;start_type=ATG;rbs_motif=None;rbs_spacer=None;gc_cont=0.447
ctg000010_P_261      -            528 17053at2157          -            474   7.3e-06   23.7   0.1   1   2      0.33   1.9e+02   -0.8   0.0     8    25   105   122    86   126 0.86 # 371181 # 372764 # -1 # ID=11_261;partial=00;start_type=ATG;rbs_motif=None;rbs_spacer=None;gc_cont=0.404
ctg000010_P_261      -            528 17053at2157          -            474   7.3e-06   23.7   0.1   2   2   6.2e-08   3.7e-05   21.4   0.0    54   119   187   254   182   299 0.85 # 371181 # 372764 # -1 # ID=11_261;partial=00;start_type=ATG;rbs_motif=None;rbs_spacer=None;gc_cont=0.404
ctg000022_P_154      -            820 17053at2157          -            474   1.5e-05   22.7   0.5   1   2       3.2   1.9e+03   -4.1   0.0     8    18    46    56    44    60 0.85 # 237927 # 240386 # 1 # ID=17_154;partial=00;start_type=ATG;rbs_motif=None;rbs_spacer=None;gc_cont=0.380
ctg000022_P_154      -            820 17053at2157          -            474   1.5e-05   22.7   0.5   2   2   6.7e-08     4e-05   21.3   0.1    56   134   109   185    93   189 0.89 # 237927 # 240386 # 1 # ID=17_154;partial=00;start_type=ATG;rbs_motif=None;rbs_spacer=None;gc_cont=0.380
ctg000006_P_164      -            209 17053at2157          -            474     0.013   13.0   0.0   1   1   3.3e-05      0.02   12.4   0.0     6   118    11   130     8   150 0.78 # 250564 # 251190 # 1 # ID=7_164;partial=00;start_type=ATG;rbs_motif=None;rbs_spacer=None;gc_cont=0.384
#
# Program:         hmmsearch
# Version:         3.1b2 (February 2015)
# Pipeline mode:   SEARCH
# Query file:      /Users/dominiquefastus/DeNovoProj/BUSCO_ass/busco_downloads/lineages/archaea_odb10/hmms/17053at2157.hmm
# Target file:     /Users/dominiquefastus/DeNovoProj/BUSCO_ass/busco_out/prodigal_output/predicted_genes/predicted.faa
# Option settings: hmmsearch --domtblout /Users/dominiquefastus/DeNovoProj/BUSCO_ass/busco_out/auto_lineage/run_archaea_odb10/hmmer_output/17053at2157.out --cpu 1 /Users/dominiquefastus/DeNovoProj/BUSCO_ass/busco_downloads/lineages/archaea_odb10/hmms/17053at2157.hmm /Users/dominiquefastus/DeNovoProj/BUSCO_ass/busco_out/prodigal_output/predicted_genes/predicted.faa 
# Current dir:     /Users/dominiquefastus/DeNovoProj/BUSCO_ass
# Date:            Fri Feb 24 11:38:51 2023
# [ok]
