#                                                                            --- full sequence --- -------------- this domain -------------   hmm coord   ali coord   env coord
# target name        accession   tlen query name           accession   qlen   E-value  score  bias   #  of  c-Evalue  i-Evalue  score  bias  from    to  from    to  from    to  acc description of target
#------------------- ---------- ----- -------------------- ---------- ----- --------- ------ ----- --- --- --------- --------- ------ ----- ----- ----- ----- ----- ----- ----- ---- ---------------------
ctg000001_P_62       -            438 23221at2157          -            326   3.6e-98  327.6   0.6   1   2     1e-43   1.7e-40  138.1   0.8     1   190     9   256     9   260 0.83 # 95125 # 96438 # -1 # ID=2_62;partial=00;start_type=ATG;rbs_motif=None;rbs_spacer=None;gc_cont=0.462
ctg000001_P_62       -            438 23221at2157          -            326   3.6e-98  327.6   0.6   2   2   1.5e-57   2.5e-54  183.5   0.0   191   326   279   418   273   418 0.95 # 95125 # 96438 # -1 # ID=2_62;partial=00;start_type=ATG;rbs_motif=None;rbs_spacer=None;gc_cont=0.462
ctg000011_P_83       -            438 23221at2157          -            326     3e-97  324.6   3.7   1   2   2.7e-43   4.4e-40  136.7   2.3     1   190     9   256     9   260 0.83 # 110414 # 111727 # -1 # ID=12_83;partial=00;start_type=ATG;rbs_motif=None;rbs_spacer=None;gc_cont=0.475
ctg000011_P_83       -            438 23221at2157          -            326     3e-97  324.6   3.7   2   2   2.6e-57   4.3e-54  182.8   0.0   190   326   278   418   271   418 0.95 # 110414 # 111727 # -1 # ID=12_83;partial=00;start_type=ATG;rbs_motif=None;rbs_spacer=None;gc_cont=0.475
ctg000006_P_584      -            438 23221at2157          -            326   2.5e-91  305.1   0.2   1   2   9.7e-40   1.6e-36  125.0   0.4     1   190     9   256     9   259 0.83 # 898018 # 899331 # 1 # ID=7_584;partial=00;start_type=ATG;rbs_motif=None;rbs_spacer=None;gc_cont=0.467
ctg000006_P_584      -            438 23221at2157          -            326   2.5e-91  305.1   0.2   2   2   3.9e-54   6.4e-51  172.4   0.0   190   326   278   418   273   418 0.95 # 898018 # 899331 # 1 # ID=7_584;partial=00;start_type=ATG;rbs_motif=None;rbs_spacer=None;gc_cont=0.467
ctg000002_P_7        -            438 23221at2157          -            326   3.1e-91  304.9   0.2   1   2   1.2e-39   2.1e-36  124.7   0.5     1   190     9   256     9   259 0.83 # 10341 # 11654 # -1 # ID=3_7;partial=00;start_type=ATG;rbs_motif=None;rbs_spacer=None;gc_cont=0.466
ctg000002_P_7        -            438 23221at2157          -            326   3.1e-91  304.9   0.2   2   2   3.9e-54   6.4e-51  172.4   0.0   190   326   278   418   273   418 0.95 # 10341 # 11654 # -1 # ID=3_7;partial=00;start_type=ATG;rbs_motif=None;rbs_spacer=None;gc_cont=0.466
ctg000005_P_630      -            438 23221at2157          -            326   4.5e-91  304.3   0.2   1   2   1.8e-39     3e-36  124.2   0.5     1   190     9   256     9   258 0.83 # 932005 # 933318 # 1 # ID=6_630;partial=00;start_type=ATG;rbs_motif=None;rbs_spacer=None;gc_cont=0.463
ctg000005_P_630      -            438 23221at2157          -            326   4.5e-91  304.3   0.2   2   2   3.9e-54   6.4e-51  172.4   0.0   190   326   278   418   273   418 0.95 # 932005 # 933318 # 1 # ID=6_630;partial=00;start_type=ATG;rbs_motif=None;rbs_spacer=None;gc_cont=0.463
#
# Program:         hmmsearch
# Version:         3.1b2 (February 2015)
# Pipeline mode:   SEARCH
# Query file:      /Users/dominiquefastus/DeNovoProj/BUSCO_ass/busco_downloads/lineages/archaea_odb10/hmms/23221at2157.hmm
# Target file:     /Users/dominiquefastus/DeNovoProj/BUSCO_ass/busco_out/prodigal_output/predicted_genes/predicted.faa
# Option settings: hmmsearch --domtblout /Users/dominiquefastus/DeNovoProj/BUSCO_ass/busco_out/auto_lineage/run_archaea_odb10/hmmer_output/23221at2157.out --cpu 1 /Users/dominiquefastus/DeNovoProj/BUSCO_ass/busco_downloads/lineages/archaea_odb10/hmms/23221at2157.hmm /Users/dominiquefastus/DeNovoProj/BUSCO_ass/busco_out/prodigal_output/predicted_genes/predicted.faa 
# Current dir:     /Users/dominiquefastus/DeNovoProj/BUSCO_ass
# Date:            Fri Feb 24 11:38:55 2023
# [ok]
