#                                                                            --- full sequence --- -------------- this domain -------------   hmm coord   ali coord   env coord
# target name        accession   tlen query name           accession   qlen   E-value  score  bias   #  of  c-Evalue  i-Evalue  score  bias  from    to  from    to  from    to  acc description of target
#------------------- ---------- ----- -------------------- ---------- ----- --------- ------ ----- --- --- --------- --------- ------ ----- ----- ----- ----- ----- ----- ----- ---- ---------------------
ctg000003_P_56       -            558 24288at2157          -            347   1.2e-79  267.2   5.0   1   2   1.5e-52   1.6e-49  168.1   0.8    25   210   153   359   130   382 0.76 # 95542 # 97215 # -1 # ID=4_56;partial=00;start_type=ATG;rbs_motif=AAAAAA;rbs_spacer=15bp;gc_cont=0.443
ctg000003_P_56       -            558 24288at2157          -            347   1.2e-79  267.2   5.0   2   2   9.2e-32   9.6e-29   99.8   0.2   219   347   396   557   372   557 0.84 # 95542 # 97215 # -1 # ID=4_56;partial=00;start_type=ATG;rbs_motif=AAAAAA;rbs_spacer=15bp;gc_cont=0.443
ctg000011_P_287      -            555 24288at2157          -            347   6.3e-62  208.9   2.5   1   3      0.63   6.6e+02   -1.6   0.1    43    89    77   123    68   129 0.74 # 423484 # 425148 # 1 # ID=12_287;partial=00;start_type=ATG;rbs_motif=None;rbs_spacer=None;gc_cont=0.445
ctg000011_P_287      -            555 24288at2157          -            347   6.3e-62  208.9   2.5   2   3   5.8e-41     6e-38  130.0   0.2     5   214   131   367   127   375 0.81 # 423484 # 425148 # 1 # ID=12_287;partial=00;start_type=ATG;rbs_motif=None;rbs_spacer=None;gc_cont=0.445
ctg000011_P_287      -            555 24288at2157          -            347   6.3e-62  208.9   2.5   3   3     2e-21     2e-18   65.8   0.0   218   347   406   554   378   554 0.88 # 423484 # 425148 # 1 # ID=12_287;partial=00;start_type=ATG;rbs_motif=None;rbs_spacer=None;gc_cont=0.445
ctg000012_P_117      -            493 24288at2157          -            347   1.2e-45  155.4   0.1   1   2   2.1e-27   2.2e-24   85.5   0.0     4   207    32   270    29   290 0.73 # 178422 # 179900 # 1 # ID=13_117;partial=00;start_type=ATG;rbs_motif=None;rbs_spacer=None;gc_cont=0.373
ctg000012_P_117      -            493 24288at2157          -            347   1.2e-45  155.4   0.1   2   2     8e-20   8.4e-17   60.5   0.0   233   340   356   484   318   488 0.83 # 178422 # 179900 # 1 # ID=13_117;partial=00;start_type=ATG;rbs_motif=None;rbs_spacer=None;gc_cont=0.373
ctg000005_P_392      -            659 24288at2157          -            347   3.5e-38  130.8   0.7   1   2     4e-27   4.1e-24   84.5   0.7    44   215   112   288    47   297 0.82 # 585131 # 587107 # -1 # ID=6_392;partial=00;start_type=ATG;rbs_motif=None;rbs_spacer=None;gc_cont=0.390
ctg000005_P_392      -            659 24288at2157          -            347   3.5e-38  130.8   0.7   2   2   1.3e-14   1.3e-11   43.4   0.0   269   340   552   626   543   629 0.85 # 585131 # 587107 # -1 # ID=6_392;partial=00;start_type=ATG;rbs_motif=None;rbs_spacer=None;gc_cont=0.390
ctg000000_P_372      -            592 24288at2157          -            347   1.2e-31  109.3   0.1   1   3       1.6   1.7e+03   -3.0   0.1    75    97    28    50     5    62 0.68 # 520384 # 522159 # 1 # ID=1_372;partial=00;start_type=ATG;rbs_motif=AATAA;rbs_spacer=15bp;gc_cont=0.402
ctg000000_P_372      -            592 24288at2157          -            347   1.2e-31  109.3   0.1   2   3   1.7e-22   1.7e-19   69.3   0.0    47   226   196   377   168   385 0.84 # 520384 # 522159 # 1 # ID=1_372;partial=00;start_type=ATG;rbs_motif=AATAA;rbs_spacer=15bp;gc_cont=0.402
ctg000000_P_372      -            592 24288at2157          -            347   1.2e-31  109.3   0.1   3   3   1.4e-12   1.4e-09   36.7   0.0   290   339   523   574   510   578 0.82 # 520384 # 522159 # 1 # ID=1_372;partial=00;start_type=ATG;rbs_motif=AATAA;rbs_spacer=15bp;gc_cont=0.402
ctg000008_P_204      -            577 24288at2157          -            347   1.8e-20   72.6   0.0   1   2   8.8e-14   9.1e-11   40.6   0.0    83   216   212   346   175   356 0.78 # 287472 # 289202 # -1 # ID=9_204;partial=00;start_type=ATG;rbs_motif=None;rbs_spacer=None;gc_cont=0.418
ctg000008_P_204      -            577 24288at2157          -            347   1.8e-20   72.6   0.0   2   2   2.1e-10   2.2e-07   29.5   0.0   291   338   520   567   506   574 0.86 # 287472 # 289202 # -1 # ID=9_204;partial=00;start_type=ATG;rbs_motif=None;rbs_spacer=None;gc_cont=0.418
ctg000022_P_431      -             88 24288at2157          -            347     0.034   12.4   0.0   1   1   3.6e-05     0.038   12.3   0.0   207   248    27    68    12    74 0.90 # 695508 # 695771 # 1 # ID=17_431;partial=00;start_type=ATG;rbs_motif=AACAA;rbs_spacer=6bp;gc_cont=0.375
ctg000013_P_112      -            504 24288at2157          -            347     0.049   11.9   0.3   1   3       1.7   1.8e+03   -3.1   0.0   200   228    31    59    29    80 0.76 # 176941 # 178452 # 1 # ID=14_112;partial=00;start_type=ATG;rbs_motif=None;rbs_spacer=None;gc_cont=0.441
ctg000013_P_112      -            504 24288at2157          -            347     0.049   11.9   0.3   2   3    0.0077       8.1    4.6   0.0   167   215   351   402   342   416 0.71 # 176941 # 178452 # 1 # ID=14_112;partial=00;start_type=ATG;rbs_motif=None;rbs_spacer=None;gc_cont=0.441
ctg000013_P_112      -            504 24288at2157          -            347     0.049   11.9   0.3   3   3    0.0099        10    4.3   0.0   314   335   458   479   448   482 0.92 # 176941 # 178452 # 1 # ID=14_112;partial=00;start_type=ATG;rbs_motif=None;rbs_spacer=None;gc_cont=0.441
#
# Program:         hmmsearch
# Version:         3.1b2 (February 2015)
# Pipeline mode:   SEARCH
# Query file:      /Users/dominiquefastus/DeNovoProj/BUSCO_ass/busco_downloads/lineages/archaea_odb10/hmms/24288at2157.hmm
# Target file:     /Users/dominiquefastus/DeNovoProj/BUSCO_ass/busco_out/prodigal_output/predicted_genes/predicted.faa
# Option settings: hmmsearch --domtblout /Users/dominiquefastus/DeNovoProj/BUSCO_ass/busco_out/auto_lineage/run_archaea_odb10/hmmer_output/24288at2157.out --cpu 1 /Users/dominiquefastus/DeNovoProj/BUSCO_ass/busco_downloads/lineages/archaea_odb10/hmms/24288at2157.hmm /Users/dominiquefastus/DeNovoProj/BUSCO_ass/busco_out/prodigal_output/predicted_genes/predicted.faa 
# Current dir:     /Users/dominiquefastus/DeNovoProj/BUSCO_ass
# Date:            Fri Feb 24 11:38:56 2023
# [ok]
