#                                                                            --- full sequence --- -------------- this domain -------------   hmm coord   ali coord   env coord
# target name        accession   tlen query name           accession   qlen   E-value  score  bias   #  of  c-Evalue  i-Evalue  score  bias  from    to  from    to  from    to  acc description of target
#------------------- ---------- ----- -------------------- ---------- ----- --------- ------ ----- --- --- --------- --------- ------ ----- ----- ----- ----- ----- ----- ----- ---- ---------------------
ctg000010_P_261      -            528 25592at2157          -            354    2e-111  371.5   0.2   1   2   4.9e-23   2.3e-20   72.0   0.1     1    65    98   162    98   171 0.92 # 371181 # 372764 # -1 # ID=11_261;partial=00;start_type=ATG;rbs_motif=None;rbs_spacer=None;gc_cont=0.404
ctg000010_P_261      -            528 25592at2157          -            354    2e-111  371.5   0.2   2   2   1.8e-91   8.5e-89  297.1   0.0    56   354   178   517   166   517 0.84 # 371181 # 372764 # -1 # ID=11_261;partial=00;start_type=ATG;rbs_motif=None;rbs_spacer=None;gc_cont=0.404
ctg000002_P_268      -            438 25592at2157          -            354   2.3e-33  114.8   3.5   1   1   3.4e-35   1.6e-32  112.0   3.5     1   279    46   338    46   348 0.76 # 406587 # 407900 # -1 # ID=3_268;partial=00;start_type=ATG;rbs_motif=None;rbs_spacer=None;gc_cont=0.420
ctg000005_P_161      -            459 25592at2157          -            354   1.1e-15   56.6   1.1   1   3   0.00045      0.21    9.7   0.9     2    22     6    26     5    31 0.87 # 240802 # 242178 # -1 # ID=6_161;partial=00;start_type=ATG;rbs_motif=None;rbs_spacer=None;gc_cont=0.444
ctg000005_P_161      -            459 25592at2157          -            354   1.1e-15   56.6   1.1   2   3   1.2e-14   5.4e-12   44.5   0.0    64   174    84   203    65   210 0.77 # 240802 # 242178 # -1 # ID=6_161;partial=00;start_type=ATG;rbs_motif=None;rbs_spacer=None;gc_cont=0.444
ctg000005_P_161      -            459 25592at2157          -            354   1.1e-15   56.6   1.1   3   3       4.3     2e+03   -3.4   0.0   232   280   283   331   266   340 0.61 # 240802 # 242178 # -1 # ID=6_161;partial=00;start_type=ATG;rbs_motif=None;rbs_spacer=None;gc_cont=0.444
ctg000007_P_237      -            459 25592at2157          -            354   1.1e-15   56.6   1.1   1   3   0.00045      0.21    9.7   0.9     2    22     6    26     5    31 0.87 # 340562 # 341938 # -1 # ID=8_237;partial=00;start_type=ATG;rbs_motif=None;rbs_spacer=None;gc_cont=0.447
ctg000007_P_237      -            459 25592at2157          -            354   1.1e-15   56.6   1.1   2   3   1.2e-14   5.4e-12   44.5   0.0    64   174    84   203    65   210 0.77 # 340562 # 341938 # -1 # ID=8_237;partial=00;start_type=ATG;rbs_motif=None;rbs_spacer=None;gc_cont=0.447
ctg000007_P_237      -            459 25592at2157          -            354   1.1e-15   56.6   1.1   3   3       4.3     2e+03   -3.4   0.0   232   280   283   331   266   340 0.61 # 340562 # 341938 # -1 # ID=8_237;partial=00;start_type=ATG;rbs_motif=None;rbs_spacer=None;gc_cont=0.447
ctg000002_P_531      -            677 25592at2157          -            354   5.1e-14   51.1   7.6   1   1   7.7e-16   3.6e-13   48.4   7.6     6   174   148   310   145   464 0.84 # 812318 # 814348 # -1 # ID=3_531;partial=00;start_type=ATG;rbs_motif=None;rbs_spacer=None;gc_cont=0.369
ctg000000_P_540      -            686 25592at2157          -            354   1.1e-13   50.0   0.0   1   2     0.017       7.8    4.5   0.0     4    20   261   277   258   298 0.79 # 788814 # 790871 # 1 # ID=1_540;partial=00;start_type=ATG;rbs_motif=None;rbs_spacer=None;gc_cont=0.413
ctg000000_P_540      -            686 25592at2157          -            354   1.1e-13   50.0   0.0   2   2   3.7e-14   1.7e-11   42.8   0.0    57   151   331   430   322   465 0.73 # 788814 # 790871 # 1 # ID=1_540;partial=00;start_type=ATG;rbs_motif=None;rbs_spacer=None;gc_cont=0.413
ctg000009_P_406      -            612 25592at2157          -            354   1.1e-12   46.8   0.2   1   2     0.004       1.9    6.5   0.0     5    22   169   186   165   194 0.83 # 604198 # 606033 # -1 # ID=10_406;partial=00;start_type=ATG;rbs_motif=None;rbs_spacer=None;gc_cont=0.400
ctg000009_P_406      -            612 25592at2157          -            354   1.1e-12   46.8   0.2   2   2     1e-12   4.7e-10   38.1   0.0    65   145   245   329   221   333 0.83 # 604198 # 606033 # -1 # ID=10_406;partial=00;start_type=ATG;rbs_motif=None;rbs_spacer=None;gc_cont=0.400
ctg000003_P_455      -            646 25592at2157          -            354   4.5e-09   34.9   0.0   1   1   4.1e-11   1.9e-08   32.8   0.0     5   181    48   227    45   230 0.70 # 685032 # 686969 # 1 # ID=4_455;partial=00;start_type=ATG;rbs_motif=None;rbs_spacer=None;gc_cont=0.386
ctg000000_P_840      -            843 25592at2157          -            354   6.4e-09   34.4   0.4   1   1   2.6e-11   1.2e-08   33.4   0.4     5   130    21   161    17   192 0.74 # 1223747 # 1226275 # 1 # ID=1_840;partial=00;start_type=ATG;rbs_motif=None;rbs_spacer=None;gc_cont=0.444
ctg000002_P_334      -            843 25592at2157          -            354   6.4e-09   34.4   0.4   1   1   2.6e-11   1.2e-08   33.4   0.4     5   130    21   161    17   192 0.74 # 508789 # 511317 # -1 # ID=3_334;partial=00;start_type=ATG;rbs_motif=AATAA;rbs_spacer=9bp;gc_cont=0.444
ctg000011_P_89       -            519 25592at2157          -            354   3.5e-07   28.6   0.0   1   1   1.3e-09   6.2e-07   27.8   0.0   111   180   444   513   417   517 0.85 # 121121 # 122677 # -1 # ID=12_89;partial=00;start_type=ATG;rbs_motif=None;rbs_spacer=None;gc_cont=0.424
ctg000014_P_69       -           1003 25592at2157          -            354   6.2e-07   27.8   0.0   1   1   3.4e-09   1.6e-06   26.5   0.0     7   140   409   543   405   557 0.76 # 83159 # 86167 # 1 # ID=15_69;partial=00;start_type=ATG;rbs_motif=None;rbs_spacer=None;gc_cont=0.413
ctg000008_P_317      -           1111 25592at2157          -            354   1.4e-06   26.7   0.1   1   1   8.6e-09     4e-06   25.2   0.1     5   130    21   159    17   186 0.74 # 447475 # 450807 # 1 # ID=9_317;partial=00;start_type=ATG;rbs_motif=None;rbs_spacer=None;gc_cont=0.396
ctg000009_P_77       -           1009 25592at2157          -            354   0.00015   19.9   0.2   1   2      0.39   1.8e+02   -0.0   0.1     4    23   134   153   131   160 0.89 # 129680 # 132706 # 1 # ID=10_77;partial=00;start_type=ATG;rbs_motif=None;rbs_spacer=None;gc_cont=0.382
ctg000009_P_77       -           1009 25592at2157          -            354   0.00015   19.9   0.2   2   2   2.3e-06     0.001   17.2   0.0    32   130   182   271   176   307 0.79 # 129680 # 132706 # 1 # ID=10_77;partial=00;start_type=ATG;rbs_motif=None;rbs_spacer=None;gc_cont=0.382
ctg000003_P_164      -            757 25592at2157          -            354   0.00021   19.5   0.5   1   2   2.7e-05     0.013   13.7   0.2     5   107    67   178    64   233 0.75 # 251472 # 253742 # -1 # ID=4_164;partial=00;start_type=ATG;rbs_motif=None;rbs_spacer=None;gc_cont=0.402
ctg000003_P_164      -            757 25592at2157          -            354   0.00021   19.5   0.5   2   2       0.3   1.4e+02    0.4   0.0   252   294   658   700   614   726 0.78 # 251472 # 253742 # -1 # ID=4_164;partial=00;start_type=ATG;rbs_motif=None;rbs_spacer=None;gc_cont=0.402
ctg000022_P_154      -            820 25592at2157          -            354   0.00027   19.2   0.9   1   1   1.9e-06   0.00086   17.5   0.9     5   157    43   195    39   220 0.82 # 237927 # 240386 # 1 # ID=17_154;partial=00;start_type=ATG;rbs_motif=None;rbs_spacer=None;gc_cont=0.380
ctg000006_P_198      -            527 25592at2157          -            354    0.0054   14.9   0.0   1   1   2.5e-05     0.011   13.8   0.0   115   179   382   444   374   450 0.88 # 302828 # 304408 # -1 # ID=7_198;partial=00;start_type=ATG;rbs_motif=AATAA;rbs_spacer=11bp;gc_cont=0.380
ctg000003_P_371      -            396 25592at2157          -            354     0.013   13.6   0.0   1   1   4.3e-05      0.02   13.0   0.0   131   197   126   195   111   213 0.82 # 559529 # 560716 # 1 # ID=4_371;partial=00;start_type=ATG;rbs_motif=None;rbs_spacer=None;gc_cont=0.343
#
# Program:         hmmsearch
# Version:         3.1b2 (February 2015)
# Pipeline mode:   SEARCH
# Query file:      /Users/dominiquefastus/DeNovoProj/BUSCO_ass/busco_downloads/lineages/archaea_odb10/hmms/25592at2157.hmm
# Target file:     /Users/dominiquefastus/DeNovoProj/BUSCO_ass/busco_out/prodigal_output/predicted_genes/predicted.faa
# Option settings: hmmsearch --domtblout /Users/dominiquefastus/DeNovoProj/BUSCO_ass/busco_out/auto_lineage/run_archaea_odb10/hmmer_output/25592at2157.out --cpu 1 /Users/dominiquefastus/DeNovoProj/BUSCO_ass/busco_downloads/lineages/archaea_odb10/hmms/25592at2157.hmm /Users/dominiquefastus/DeNovoProj/BUSCO_ass/busco_out/prodigal_output/predicted_genes/predicted.faa 
# Current dir:     /Users/dominiquefastus/DeNovoProj/BUSCO_ass
# Date:            Fri Feb 24 11:38:57 2023
# [ok]
