#                                                                            --- full sequence --- -------------- this domain -------------   hmm coord   ali coord   env coord
# target name        accession   tlen query name           accession   qlen   E-value  score  bias   #  of  c-Evalue  i-Evalue  score  bias  from    to  from    to  from    to  acc description of target
#------------------- ---------- ----- -------------------- ---------- ----- --------- ------ ----- --- --- --------- --------- ------ ----- ----- ----- ----- ----- ----- ----- ---- ---------------------
ctg000009_P_23       -            315 31316at2157          -            264   7.4e-43  145.4   0.0   1   1   1.8e-45   2.9e-42  143.4   0.0     1   260     5   309     5   311 0.82 # 32369 # 33313 # 1 # ID=10_23;partial=00;start_type=ATG;rbs_motif=None;rbs_spacer=None;gc_cont=0.386
ctg000022_P_450      -            405 31316at2157          -            264    0.0027   15.7   0.1   1   2     7e-06     0.012   13.6   0.1   201   234   267   300   261   327 0.87 # 725698 # 726912 # 1 # ID=17_450;partial=00;start_type=ATG;rbs_motif=None;rbs_spacer=None;gc_cont=0.378
ctg000022_P_450      -            405 31316at2157          -            264    0.0027   15.7   0.1   2   2      0.32   5.3e+02   -1.6   0.0   174   197   321   344   309   384 0.69 # 725698 # 726912 # 1 # ID=17_450;partial=00;start_type=ATG;rbs_motif=None;rbs_spacer=None;gc_cont=0.378
ctg000003_P_630      -            524 31316at2157          -            264     0.024   12.6   0.2   1   2   0.00076       1.3    7.0   0.0   187   238   288   339   283   345 0.86 # 966845 # 968416 # 1 # ID=4_630;partial=00;start_type=ATG;rbs_motif=None;rbs_spacer=None;gc_cont=0.407
ctg000003_P_630      -            524 31316at2157          -            264     0.024   12.6   0.2   2   2      0.01        17    3.2   0.0   186   232   350   396   346   399 0.90 # 966845 # 968416 # 1 # ID=4_630;partial=00;start_type=ATG;rbs_motif=None;rbs_spacer=None;gc_cont=0.407
ctg000006_P_101      -            416 31316at2157          -            264     0.031   12.2   0.3   1   2   0.00056      0.93    7.4   0.1   187   238   180   231   176   237 0.86 # 157261 # 158508 # -1 # ID=7_101;partial=00;start_type=ATG;rbs_motif=None;rbs_spacer=None;gc_cont=0.399
ctg000006_P_101      -            416 31316at2157          -            264     0.031   12.2   0.3   2   2     0.014        23    2.8   0.0   186   232   242   288   238   291 0.90 # 157261 # 158508 # -1 # ID=7_101;partial=00;start_type=ATG;rbs_motif=None;rbs_spacer=None;gc_cont=0.399
ctg000008_P_445      -            351 31316at2157          -            264     0.039   11.9   0.1   1   1   3.3e-05     0.055   11.4   0.1   140   224   233   324   211   340 0.74 # 655363 # 656415 # 1 # ID=9_445;partial=00;start_type=ATG;rbs_motif=None;rbs_spacer=None;gc_cont=0.422
#
# Program:         hmmsearch
# Version:         3.1b2 (February 2015)
# Pipeline mode:   SEARCH
# Query file:      /Users/dominiquefastus/DeNovoProj/BUSCO_ass/busco_downloads/lineages/archaea_odb10/hmms/31316at2157.hmm
# Target file:     /Users/dominiquefastus/DeNovoProj/BUSCO_ass/busco_out/prodigal_output/predicted_genes/predicted.faa
# Option settings: hmmsearch --domtblout /Users/dominiquefastus/DeNovoProj/BUSCO_ass/busco_out/auto_lineage/run_archaea_odb10/hmmer_output/31316at2157.out --cpu 1 /Users/dominiquefastus/DeNovoProj/BUSCO_ass/busco_downloads/lineages/archaea_odb10/hmms/31316at2157.hmm /Users/dominiquefastus/DeNovoProj/BUSCO_ass/busco_out/prodigal_output/predicted_genes/predicted.faa 
# Current dir:     /Users/dominiquefastus/DeNovoProj/BUSCO_ass
# Date:            Fri Feb 24 11:38:59 2023
# [ok]
