#                                                                            --- full sequence --- -------------- this domain -------------   hmm coord   ali coord   env coord
# target name        accession   tlen query name           accession   qlen   E-value  score  bias   #  of  c-Evalue  i-Evalue  score  bias  from    to  from    to  from    to  acc description of target
#------------------- ---------- ----- -------------------- ---------- ----- --------- ------ ----- --- --- --------- --------- ------ ----- ----- ----- ----- ----- ----- ----- ---- ---------------------
ctg000002_P_616      -            324 37207at2157          -            925   1.6e-98  330.1   0.1   1   2   1.6e-19   1.9e-16   58.4   0.0    13    65     6    58     1    60 0.93 # 949850 # 950821 # 1 # ID=3_616;partial=00;start_type=ATG;rbs_motif=AAAAA;rbs_spacer=10bp;gc_cont=0.395
ctg000002_P_616      -            324 37207at2157          -            925   1.6e-98  330.1   0.1   2   2   1.3e-85   1.6e-82  277.2   0.0   646   920    51   322    50   323 0.97 # 949850 # 950821 # 1 # ID=3_616;partial=00;start_type=ATG;rbs_motif=AAAAA;rbs_spacer=10bp;gc_cont=0.395
ctg000008_P_470      -            341 37207at2157          -            925   1.9e-91  306.7   1.2   1   2   1.7e-22   2.1e-19   68.3   0.0     7    66     4    63     1    67 0.89 # 690287 # 691309 # -1 # ID=9_470;partial=00;start_type=ATG;rbs_motif=None;rbs_spacer=None;gc_cont=0.452
ctg000008_P_470      -            341 37207at2157          -            925   1.9e-91  306.7   1.2   2   2   1.8e-75   2.1e-72  243.7   0.1   648   912    57   325    56   337 0.95 # 690287 # 691309 # -1 # ID=9_470;partial=00;start_type=ATG;rbs_motif=None;rbs_spacer=None;gc_cont=0.452
ctg000022_P_355      -            354 37207at2157          -            925   3.5e-87  292.6   0.0   1   2   1.2e-20   1.4e-17   62.2   0.0     6    66    15    75    10    79 0.91 # 586196 # 587257 # 1 # ID=17_355;partial=00;start_type=ATG;rbs_motif=None;rbs_spacer=None;gc_cont=0.388
ctg000022_P_355      -            354 37207at2157          -            925   3.5e-87  292.6   0.0   2   2   8.5e-73     1e-69  234.8   0.0   648   915    69   351    68   353 0.92 # 586196 # 587257 # 1 # ID=17_355;partial=00;start_type=ATG;rbs_motif=None;rbs_spacer=None;gc_cont=0.388
ctg000007_P_268      -            355 37207at2157          -            925     7e-31  106.2   0.9   1   2   9.3e-11   1.1e-07   29.5   0.0    17    69     3    56     1   110 0.80 # 392930 # 393994 # -1 # ID=8_268;partial=00;start_type=ATG;rbs_motif=None;rbs_spacer=None;gc_cont=0.372
ctg000007_P_268      -            355 37207at2157          -            925     7e-31  106.2   0.9   2   2   2.1e-24   2.5e-21   74.6   1.3   695   798   129   232   108   245 0.91 # 392930 # 393994 # -1 # ID=8_268;partial=00;start_type=ATG;rbs_motif=None;rbs_spacer=None;gc_cont=0.372
ctg000006_P_254      -            742 37207at2157          -            925   4.6e-11   40.7   2.9   1   4   2.1e-05     0.025   11.8   0.1    14    40   112   138   100   146 0.85 # 394350 # 396575 # -1 # ID=7_254;partial=00;start_type=ATG;rbs_motif=None;rbs_spacer=None;gc_cont=0.381
ctg000006_P_254      -            742 37207at2157          -            925   4.6e-11   40.7   2.9   2   4   0.00043      0.51    7.4   0.0   638   689   177   224   144   226 0.78 # 394350 # 396575 # -1 # ID=7_254;partial=00;start_type=ATG;rbs_motif=None;rbs_spacer=None;gc_cont=0.381
ctg000006_P_254      -            742 37207at2157          -            925   4.6e-11   40.7   2.9   3   4   2.3e-07   0.00028   18.2   0.0   761   807   321   367   318   374 0.92 # 394350 # 396575 # -1 # ID=7_254;partial=00;start_type=ATG;rbs_motif=None;rbs_spacer=None;gc_cont=0.381
ctg000006_P_254      -            742 37207at2157          -            925   4.6e-11   40.7   2.9   4   4     0.089   1.1e+02   -0.2   0.5   239   368   654   705   566   735 0.56 # 394350 # 396575 # -1 # ID=7_254;partial=00;start_type=ATG;rbs_motif=None;rbs_spacer=None;gc_cont=0.381
ctg000002_P_225      -            862 37207at2157          -            925   4.6e-11   40.7   2.1   1   2    0.0003      0.36    7.9   0.3   515   591   286   379   241   428 0.49 # 340046 # 342631 # -1 # ID=3_225;partial=00;start_type=ATG;rbs_motif=AATAA;rbs_spacer=15bp;gc_cont=0.395
ctg000002_P_225      -            862 37207at2157          -            925   4.6e-11   40.7   2.1   2   2   7.1e-11   8.5e-08   29.9   0.1   757   822   475   540   473   547 0.95 # 340046 # 342631 # -1 # ID=3_225;partial=00;start_type=ATG;rbs_motif=AATAA;rbs_spacer=15bp;gc_cont=0.395
ctg000008_P_383      -            588 37207at2157          -            925   1.6e-09   35.6   0.0   1   2   1.3e-10   1.6e-07   29.0   0.0    17    81   134   202   120   251 0.80 # 537544 # 539307 # -1 # ID=9_383;partial=00;start_type=ATG;rbs_motif=None;rbs_spacer=None;gc_cont=0.398
ctg000008_P_383      -            588 37207at2157          -            925   1.6e-09   35.6   0.0   2   2    0.0036       4.3    4.4   0.0   777   807   326   356   314   368 0.81 # 537544 # 539307 # -1 # ID=9_383;partial=00;start_type=ATG;rbs_motif=None;rbs_spacer=None;gc_cont=0.398
#
# Program:         hmmsearch
# Version:         3.1b2 (February 2015)
# Pipeline mode:   SEARCH
# Query file:      /Users/dominiquefastus/DeNovoProj/BUSCO_ass/busco_downloads/lineages/archaea_odb10/hmms/37207at2157.hmm
# Target file:     /Users/dominiquefastus/DeNovoProj/BUSCO_ass/busco_out/prodigal_output/predicted_genes/predicted.faa
# Option settings: hmmsearch --domtblout /Users/dominiquefastus/DeNovoProj/BUSCO_ass/busco_out/auto_lineage/run_archaea_odb10/hmmer_output/37207at2157.out --cpu 1 /Users/dominiquefastus/DeNovoProj/BUSCO_ass/busco_downloads/lineages/archaea_odb10/hmms/37207at2157.hmm /Users/dominiquefastus/DeNovoProj/BUSCO_ass/busco_out/prodigal_output/predicted_genes/predicted.faa 
# Current dir:     /Users/dominiquefastus/DeNovoProj/BUSCO_ass
# Date:            Fri Feb 24 11:39:02 2023
# [ok]
