#                                                                            --- full sequence --- -------------- this domain -------------   hmm coord   ali coord   env coord
# target name        accession   tlen query name           accession   qlen   E-value  score  bias   #  of  c-Evalue  i-Evalue  score  bias  from    to  from    to  from    to  acc description of target
#------------------- ---------- ----- -------------------- ---------- ----- --------- ------ ----- --- --- --------- --------- ------ ----- ----- ----- ----- ----- ----- ----- ---- ---------------------
ctg000000_P_146      -           1734 3905at2157           -            690  3.7e-212  705.5   5.5   1   3   1.7e-27   4.6e-24   83.8   0.5     2    92    23   120    22   140 0.88 # 205799 # 211000 # -1 # ID=1_146;partial=00;start_type=ATG;rbs_motif=None;rbs_spacer=None;gc_cont=0.409
ctg000000_P_146      -           1734 3905at2157           -            690  3.7e-212  705.5   5.5   2   3  9.9e-125  2.7e-121  405.2   0.0    98   422   193   538   178   550 0.93 # 205799 # 211000 # -1 # ID=1_146;partial=00;start_type=ATG;rbs_motif=None;rbs_spacer=None;gc_cont=0.409
ctg000000_P_146      -           1734 3905at2157           -            690  3.7e-212  705.5   5.5   3   3   1.1e-67     3e-64  216.6   0.5   442   689   604   876   569   877 0.87 # 205799 # 211000 # -1 # ID=1_146;partial=00;start_type=ATG;rbs_motif=None;rbs_spacer=None;gc_cont=0.409
ctg000002_P_352      -           1461 3905at2157           -            690  3.9e-187  622.8   0.0   1   4     8e-22   2.2e-18   65.1   0.3     2   114    22   142    21   158 0.88 # 542270 # 546652 # 1 # ID=3_352;partial=00;start_type=ATG;rbs_motif=AAGAA;rbs_spacer=4bp;gc_cont=0.393
ctg000002_P_352      -           1461 3905at2157           -            690  3.9e-187  622.8   0.0   2   4  1.9e-105  5.2e-102  341.5   0.0   106   436   221   582   208   588 0.88 # 542270 # 546652 # 1 # ID=3_352;partial=00;start_type=ATG;rbs_motif=AAGAA;rbs_spacer=4bp;gc_cont=0.393
ctg000002_P_352      -           1461 3905at2157           -            690  3.9e-187  622.8   0.0   3   4      0.25     7e+02   -2.7   0.0   426   440   602   616   600   620 0.82 # 542270 # 546652 # 1 # ID=3_352;partial=00;start_type=ATG;rbs_motif=AAGAA;rbs_spacer=4bp;gc_cont=0.393
ctg000002_P_352      -           1461 3905at2157           -            690  3.9e-187  622.8   0.0   4   4   6.5e-66   1.8e-62  210.8   0.0   440   689   649   924   636   925 0.88 # 542270 # 546652 # 1 # ID=3_352;partial=00;start_type=ATG;rbs_motif=AAGAA;rbs_spacer=4bp;gc_cont=0.393
ctg000002_P_79       -           1665 3905at2157           -            690  4.7e-115  384.6   3.1   1   3   5.8e-17   1.6e-13   49.0   0.0     2    99    20   122    19   136 0.92 # 125949 # 130943 # -1 # ID=3_79;partial=00;start_type=ATG;rbs_motif=None;rbs_spacer=None;gc_cont=0.381
ctg000002_P_79       -           1665 3905at2157           -            690  4.7e-115  384.6   3.1   2   3   1.1e-59     3e-56  190.2   0.6   200   423   429   685   421   704 0.83 # 125949 # 130943 # -1 # ID=3_79;partial=00;start_type=ATG;rbs_motif=None;rbs_spacer=None;gc_cont=0.381
ctg000002_P_79       -           1665 3905at2157           -            690  4.7e-115  384.6   3.1   3   3   6.3e-41   1.8e-37  128.2   0.0   444   690   770  1059   764  1059 0.71 # 125949 # 130943 # -1 # ID=3_79;partial=00;start_type=ATG;rbs_motif=None;rbs_spacer=None;gc_cont=0.381
#
# Program:         hmmsearch
# Version:         3.1b2 (February 2015)
# Pipeline mode:   SEARCH
# Query file:      /Users/dominiquefastus/DeNovoProj/BUSCO_ass/busco_downloads/lineages/archaea_odb10/hmms/3905at2157.hmm
# Target file:     /Users/dominiquefastus/DeNovoProj/BUSCO_ass/busco_out/prodigal_output/predicted_genes/predicted.faa
# Option settings: hmmsearch --domtblout /Users/dominiquefastus/DeNovoProj/BUSCO_ass/busco_out/auto_lineage/run_archaea_odb10/hmmer_output/3905at2157.out --cpu 1 /Users/dominiquefastus/DeNovoProj/BUSCO_ass/busco_downloads/lineages/archaea_odb10/hmms/3905at2157.hmm /Users/dominiquefastus/DeNovoProj/BUSCO_ass/busco_out/prodigal_output/predicted_genes/predicted.faa 
# Current dir:     /Users/dominiquefastus/DeNovoProj/BUSCO_ass
# Date:            Fri Feb 24 11:39:04 2023
# [ok]
