#                                                                            --- full sequence --- -------------- this domain -------------   hmm coord   ali coord   env coord
# target name        accession   tlen query name           accession   qlen   E-value  score  bias   #  of  c-Evalue  i-Evalue  score  bias  from    to  from    to  from    to  acc description of target
#------------------- ---------- ----- -------------------- ---------- ----- --------- ------ ----- --- --- --------- --------- ------ ----- ----- ----- ----- ----- ----- ----- ---- ---------------------
ctg000005_P_213      -            527 47919at2157          -            348   2.7e-53  180.3   0.7   1   3   1.7e-36   2.4e-33  114.7   0.0     3   175    35   211    33   234 0.89 # 303814 # 305394 # 1 # ID=6_213;partial=00;start_type=ATG;rbs_motif=None;rbs_spacer=None;gc_cont=0.404
ctg000005_P_213      -            527 47919at2157          -            348   2.7e-53  180.3   0.7   2   3     6e-12   8.4e-09   34.0   0.1   157   226   256   322   226   326 0.71 # 303814 # 305394 # 1 # ID=6_213;partial=00;start_type=ATG;rbs_motif=None;rbs_spacer=None;gc_cont=0.404
ctg000005_P_213      -            527 47919at2157          -            348   2.7e-53  180.3   0.7   3   3   2.6e-09   3.5e-06   25.4   0.1   222   336   345   484   343   489 0.74 # 303814 # 305394 # 1 # ID=6_213;partial=00;start_type=ATG;rbs_motif=None;rbs_spacer=None;gc_cont=0.404
ctg000000_P_691      -           1660 47919at2157          -            348   3.2e-09   35.4   0.0   1   2     4e-10   5.5e-07   28.0   0.0    60   175  1075  1199  1073  1231 0.81 # 1005586 # 1010565 # -1 # ID=1_691;partial=00;start_type=ATG;rbs_motif=None;rbs_spacer=None;gc_cont=0.360
ctg000000_P_691      -           1660 47919at2157          -            348   3.2e-09   35.4   0.0   2   2    0.0052       7.2    4.6   0.0   225   244  1317  1336  1301  1416 0.83 # 1005586 # 1010565 # -1 # ID=1_691;partial=00;start_type=ATG;rbs_motif=None;rbs_spacer=None;gc_cont=0.360
ctg000107_P_178      -            735 47919at2157          -            348   3.4e-09   35.3   2.2   1   3    0.0016       2.2    6.3   0.0    14    66   354   407   349   429 0.82 # 237118 # 239322 # -1 # ID=20_178;partial=00;start_type=ATG;rbs_motif=AATAA;rbs_spacer=7bp;gc_cont=0.393
ctg000107_P_178      -            735 47919at2157          -            348   3.4e-09   35.3   2.2   2   3      0.21   2.9e+02   -0.7   0.1   111   155   461   506   458   525 0.72 # 237118 # 239322 # -1 # ID=20_178;partial=00;start_type=ATG;rbs_motif=AATAA;rbs_spacer=7bp;gc_cont=0.393
ctg000107_P_178      -            735 47919at2157          -            348   3.4e-09   35.3   2.2   3   3   6.7e-10   9.3e-07   27.3   0.1   267   341   630   705   624   716 0.84 # 237118 # 239322 # -1 # ID=20_178;partial=00;start_type=ATG;rbs_motif=AATAA;rbs_spacer=7bp;gc_cont=0.393
ctg000009_P_50       -            463 47919at2157          -            348    0.0011   17.1   0.2   1   3     0.014        19    3.2   0.0    32    64    82   115    57   145 0.70 # 84411 # 85799 # -1 # ID=10_50;partial=00;start_type=ATG;rbs_motif=None;rbs_spacer=None;gc_cont=0.391
ctg000009_P_50       -            463 47919at2157          -            348    0.0011   17.1   0.2   2   3         2   2.8e+03   -3.9   0.0   111   126   174   189   173   196 0.80 # 84411 # 85799 # -1 # ID=10_50;partial=00;start_type=ATG;rbs_motif=None;rbs_spacer=None;gc_cont=0.391
ctg000009_P_50       -            463 47919at2157          -            348    0.0011   17.1   0.2   3   3   4.4e-05     0.061   11.4   0.0   287   339   388   440   376   449 0.91 # 84411 # 85799 # -1 # ID=10_50;partial=00;start_type=ATG;rbs_motif=None;rbs_spacer=None;gc_cont=0.391
ctg000007_P_234      -            668 47919at2157          -            348     0.012   13.8   0.0   1   1   1.5e-05      0.02   13.0   0.0   273   347   557   631   546   632 0.91 # 336242 # 338245 # 1 # ID=8_234;partial=00;start_type=ATG;rbs_motif=None;rbs_spacer=None;gc_cont=0.393
ctg000005_P_160      -            619 47919at2157          -            348     0.035   12.2   0.0   1   1   5.4e-05     0.075   11.1   0.0   280   345   522   587   505   590 0.90 # 238802 # 240658 # 1 # ID=6_160;partial=00;start_type=ATG;rbs_motif=None;rbs_spacer=None;gc_cont=0.391
#
# Program:         hmmsearch
# Version:         3.1b2 (February 2015)
# Pipeline mode:   SEARCH
# Query file:      /Users/dominiquefastus/DeNovoProj/BUSCO_ass/busco_downloads/lineages/archaea_odb10/hmms/47919at2157.hmm
# Target file:     /Users/dominiquefastus/DeNovoProj/BUSCO_ass/busco_out/prodigal_output/predicted_genes/predicted.faa
# Option settings: hmmsearch --domtblout /Users/dominiquefastus/DeNovoProj/BUSCO_ass/busco_out/auto_lineage/run_archaea_odb10/hmmer_output/47919at2157.out --cpu 1 /Users/dominiquefastus/DeNovoProj/BUSCO_ass/busco_downloads/lineages/archaea_odb10/hmms/47919at2157.hmm /Users/dominiquefastus/DeNovoProj/BUSCO_ass/busco_out/prodigal_output/predicted_genes/predicted.faa 
# Current dir:     /Users/dominiquefastus/DeNovoProj/BUSCO_ass
# Date:            Fri Feb 24 11:39:07 2023
# [ok]
