#                                                                            --- full sequence --- -------------- this domain -------------   hmm coord   ali coord   env coord
# target name        accession   tlen query name           accession   qlen   E-value  score  bias   #  of  c-Evalue  i-Evalue  score  bias  from    to  from    to  from    to  acc description of target
#------------------- ---------- ----- -------------------- ---------- ----- --------- ------ ----- --- --- --------- --------- ------ ----- ----- ----- ----- ----- ----- ----- ---- ---------------------
ctg000005_P_119      -            412 54988at2157          -            221   1.3e-31  108.5   1.7   1   4    0.0087        18    3.4   0.0     3    26    40    63    38    87 0.77 # 173784 # 175019 # -1 # ID=6_119;partial=00;start_type=ATG;rbs_motif=None;rbs_spacer=None;gc_cont=0.390
ctg000005_P_119      -            412 54988at2157          -            221   1.3e-31  108.5   1.7   2   4   0.00017      0.36    9.0   0.0    27    66    90   128    63   149 0.63 # 173784 # 175019 # -1 # ID=6_119;partial=00;start_type=ATG;rbs_motif=None;rbs_spacer=None;gc_cont=0.390
ctg000005_P_119      -            412 54988at2157          -            221   1.3e-31  108.5   1.7   3   4   8.7e-21   1.8e-17   62.2   0.1   106   190   227   325   222   346 0.84 # 173784 # 175019 # -1 # ID=6_119;partial=00;start_type=ATG;rbs_motif=None;rbs_spacer=None;gc_cont=0.390
ctg000005_P_119      -            412 54988at2157          -            221   1.3e-31  108.5   1.7   4   4   3.7e-11   7.6e-08   30.8   0.0   194   221   369   396   364   396 0.93 # 173784 # 175019 # -1 # ID=6_119;partial=00;start_type=ATG;rbs_motif=None;rbs_spacer=None;gc_cont=0.390
ctg000009_P_340      -            306 54988at2157          -            221   4.6e-22   77.2   0.8   1   2         1   2.1e+03   -3.4   0.0    65    73    41    49     8    66 0.53 # 495886 # 496803 # -1 # ID=10_340;partial=00;start_type=ATG;rbs_motif=None;rbs_spacer=None;gc_cont=0.400
ctg000009_P_340      -            306 54988at2157          -            221   4.6e-22   77.2   0.8   2   2   3.7e-24   7.7e-21   73.3   0.2    61   221    99   289    88   289 0.75 # 495886 # 496803 # -1 # ID=10_340;partial=00;start_type=ATG;rbs_motif=None;rbs_spacer=None;gc_cont=0.400
ctg000001_P_295      -            652 54988at2157          -            221   5.6e-13   47.5   8.4   1   4         1   2.1e+03   -3.4   5.6    34   101    49   116    20   126 0.69 # 453419 # 455374 # 1 # ID=2_295;partial=00;start_type=ATG;rbs_motif=None;rbs_spacer=None;gc_cont=0.391
ctg000001_P_295      -            652 54988at2157          -            221   5.6e-13   47.5   8.4   2   4     0.088   1.8e+02    0.1   0.0    29    87   320   385   307   396 0.65 # 453419 # 455374 # 1 # ID=2_295;partial=00;start_type=ATG;rbs_motif=None;rbs_spacer=None;gc_cont=0.391
ctg000001_P_295      -            652 54988at2157          -            221   5.6e-13   47.5   8.4   3   4   4.8e-12   9.9e-09   33.7   0.0    32   184   344   514   332   528 0.73 # 453419 # 455374 # 1 # ID=2_295;partial=00;start_type=ATG;rbs_motif=None;rbs_spacer=None;gc_cont=0.391
ctg000001_P_295      -            652 54988at2157          -            221   5.6e-13   47.5   8.4   4   4   2.2e-06    0.0045   15.1   0.0   192   220   606   633   596   634 0.88 # 453419 # 455374 # 1 # ID=2_295;partial=00;start_type=ATG;rbs_motif=None;rbs_spacer=None;gc_cont=0.391
ctg000003_P_457      -            382 54988at2157          -            221   2.2e-05   22.7   3.5   1   2   0.00016      0.33    9.1   0.0    24    69    59   104    38   126 0.76 # 688260 # 689405 # -1 # ID=4_457;partial=00;start_type=ATG;rbs_motif=None;rbs_spacer=None;gc_cont=0.385
ctg000003_P_457      -            382 54988at2157          -            221   2.2e-05   22.7   3.5   2   2   2.2e-05     0.046   11.9   1.7    56   177   155   296   143   355 0.74 # 688260 # 689405 # -1 # ID=4_457;partial=00;start_type=ATG;rbs_motif=None;rbs_spacer=None;gc_cont=0.385
#
# Program:         hmmsearch
# Version:         3.1b2 (February 2015)
# Pipeline mode:   SEARCH
# Query file:      /Users/dominiquefastus/DeNovoProj/BUSCO_ass/busco_downloads/lineages/archaea_odb10/hmms/54988at2157.hmm
# Target file:     /Users/dominiquefastus/DeNovoProj/BUSCO_ass/busco_out/prodigal_output/predicted_genes/predicted.faa
# Option settings: hmmsearch --domtblout /Users/dominiquefastus/DeNovoProj/BUSCO_ass/busco_out/auto_lineage/run_archaea_odb10/hmmer_output/54988at2157.out --cpu 1 /Users/dominiquefastus/DeNovoProj/BUSCO_ass/busco_downloads/lineages/archaea_odb10/hmms/54988at2157.hmm /Users/dominiquefastus/DeNovoProj/BUSCO_ass/busco_out/prodigal_output/predicted_genes/predicted.faa 
# Current dir:     /Users/dominiquefastus/DeNovoProj/BUSCO_ass
# Date:            Fri Feb 24 11:39:08 2023
# [ok]
