#                                                                            --- full sequence --- -------------- this domain -------------   hmm coord   ali coord   env coord
# target name        accession   tlen query name           accession   qlen   E-value  score  bias   #  of  c-Evalue  i-Evalue  score  bias  from    to  from    to  from    to  acc description of target
#------------------- ---------- ----- -------------------- ---------- ----- --------- ------ ----- --- --- --------- --------- ------ ----- ----- ----- ----- ----- ----- ----- ---- ---------------------
ctg000009_P_189      -            572 56027at2157          -            302   1.1e-11   43.2   0.3   1   2     0.045        95    0.7   0.0     2    24   311   333   310   356 0.79 # 282430 # 284145 # 1 # ID=10_189;partial=00;start_type=ATG;rbs_motif=None;rbs_spacer=None;gc_cont=0.409
ctg000009_P_189      -            572 56027at2157          -            302   1.1e-11   43.2   0.3   2   2   5.8e-14   1.2e-10   39.7   0.1    65   127   396   460   389   466 0.90 # 282430 # 284145 # 1 # ID=10_189;partial=00;start_type=ATG;rbs_motif=None;rbs_spacer=None;gc_cont=0.409
ctg000107_P_182      -            366 56027at2157          -            302     4e-09   34.8   0.0   1   3      0.88   1.8e+03   -3.5   0.0   234   258    18    42    11    47 0.73 # 242076 # 243173 # 1 # ID=20_182;partial=00;start_type=ATG;rbs_motif=None;rbs_spacer=None;gc_cont=0.388
ctg000107_P_182      -            366 56027at2157          -            302     4e-09   34.8   0.0   2   3   5.3e-06     0.011   13.6   0.0   140   193    62   117    51   178 0.77 # 242076 # 243173 # 1 # ID=20_182;partial=00;start_type=ATG;rbs_motif=None;rbs_spacer=None;gc_cont=0.388
ctg000107_P_182      -            366 56027at2157          -            302     4e-09   34.8   0.0   3   3   1.5e-07   0.00032   18.7   0.0   227   293   252   321   241   328 0.81 # 242076 # 243173 # 1 # ID=20_182;partial=00;start_type=ATG;rbs_motif=None;rbs_spacer=None;gc_cont=0.388
ctg000009_P_392      -            559 56027at2157          -            302     4e-09   34.7   0.0   1   2     0.041        86    0.8   0.0     2    42   266   310   265   315 0.87 # 583589 # 585265 # -1 # ID=10_392;partial=00;start_type=ATG;rbs_motif=None;rbs_spacer=None;gc_cont=0.434
ctg000009_P_392      -            559 56027at2157          -            302     4e-09   34.7   0.0   2   2   2.2e-11   4.6e-08   31.3   0.0    66   124   384   444   372   462 0.77 # 583589 # 585265 # -1 # ID=10_392;partial=00;start_type=ATG;rbs_motif=None;rbs_spacer=None;gc_cont=0.434
ctg000002_P_429      -            675 56027at2157          -            302   2.2e-08   32.3   0.0   1   2     0.007        15    3.4   0.0     2    46   294   342   293   346 0.89 # 656582 # 658606 # 1 # ID=3_429;partial=00;start_type=ATG;rbs_motif=None;rbs_spacer=None;gc_cont=0.429
ctg000002_P_429      -            675 56027at2157          -            302   2.2e-08   32.3   0.0   2   2   5.7e-10   1.2e-06   26.6   0.0    63   111   459   512   439   530 0.83 # 656582 # 658606 # 1 # ID=3_429;partial=00;start_type=ATG;rbs_motif=None;rbs_spacer=None;gc_cont=0.429
#
# Program:         hmmsearch
# Version:         3.1b2 (February 2015)
# Pipeline mode:   SEARCH
# Query file:      /Users/dominiquefastus/DeNovoProj/BUSCO_ass/busco_downloads/lineages/archaea_odb10/hmms/56027at2157.hmm
# Target file:     /Users/dominiquefastus/DeNovoProj/BUSCO_ass/busco_out/prodigal_output/predicted_genes/predicted.faa
# Option settings: hmmsearch --domtblout /Users/dominiquefastus/DeNovoProj/BUSCO_ass/busco_out/auto_lineage/run_archaea_odb10/hmmer_output/56027at2157.out --cpu 1 /Users/dominiquefastus/DeNovoProj/BUSCO_ass/busco_downloads/lineages/archaea_odb10/hmms/56027at2157.hmm /Users/dominiquefastus/DeNovoProj/BUSCO_ass/busco_out/prodigal_output/predicted_genes/predicted.faa 
# Current dir:     /Users/dominiquefastus/DeNovoProj/BUSCO_ass
# Date:            Fri Feb 24 11:39:09 2023
# [ok]
