#                                                                            --- full sequence --- -------------- this domain -------------   hmm coord   ali coord   env coord
# target name        accession   tlen query name           accession   qlen   E-value  score  bias   #  of  c-Evalue  i-Evalue  score  bias  from    to  from    to  from    to  acc description of target
#------------------- ---------- ----- -------------------- ---------- ----- --------- ------ ----- --- --- --------- --------- ------ ----- ----- ----- ----- ----- ----- ----- ---- ---------------------
ctg000001_P_47       -            752 6590at2157           -            391     6e-83  277.8  10.7   1   2   1.1e-43   1.3e-40  138.4   0.5     2   135   198   342   197   349 0.89 # 75512 # 77767 # 1 # ID=2_47;partial=00;start_type=ATG;rbs_motif=None;rbs_spacer=None;gc_cont=0.370
ctg000001_P_47       -            752 6590at2157           -            391     6e-83  277.8  10.7   2   2     2e-44   2.4e-41  140.8   4.2   127   382   361   704   347   710 0.73 # 75512 # 77767 # 1 # ID=2_47;partial=00;start_type=ATG;rbs_motif=None;rbs_spacer=None;gc_cont=0.370
ctg000001_P_166      -            576 6590at2157           -            391   1.1e-44  151.8   2.3   1   3   4.4e-35   5.3e-32  110.0   0.0     4   210    17   258    14   260 0.77 # 254815 # 256542 # 1 # ID=2_166;partial=00;start_type=ATG;rbs_motif=AAGAA;rbs_spacer=3bp;gc_cont=0.378
ctg000001_P_166      -            576 6590at2157           -            391   1.1e-44  151.8   2.3   2   3   6.4e-12   7.6e-09   33.8   0.1   215   300   298   405   292   448 0.63 # 254815 # 256542 # 1 # ID=2_166;partial=00;start_type=ATG;rbs_motif=AAGAA;rbs_spacer=3bp;gc_cont=0.378
ctg000001_P_166      -            576 6590at2157           -            391   1.1e-44  151.8   2.3   3   3    0.0016       1.9    6.1   0.1   304   355   437   488   428   533 0.71 # 254815 # 256542 # 1 # ID=2_166;partial=00;start_type=ATG;rbs_motif=AAGAA;rbs_spacer=3bp;gc_cont=0.378
ctg000003_P_570      -            895 6590at2157           -            391   1.1e-21   76.1   0.2   1   3   8.1e-22   9.6e-19   66.4   0.0     3   165    50   223    48   241 0.83 # 851969 # 854653 # -1 # ID=4_570;partial=00;start_type=ATG;rbs_motif=None;rbs_spacer=None;gc_cont=0.397
ctg000003_P_570      -            895 6590at2157           -            391   1.1e-21   76.1   0.2   2   3    0.0039       4.6    4.9   0.0   168   192   434   458   417   462 0.84 # 851969 # 854653 # -1 # ID=4_570;partial=00;start_type=ATG;rbs_motif=None;rbs_spacer=None;gc_cont=0.397
ctg000003_P_570      -            895 6590at2157           -            391   1.1e-21   76.1   0.2   3   3     0.072        85    0.7   0.1   355   384   782   811   727   815 0.78 # 851969 # 854653 # -1 # ID=4_570;partial=00;start_type=ATG;rbs_motif=None;rbs_spacer=None;gc_cont=0.397
ctg000005_P_316      -           1003 6590at2157           -            391   4.1e-11   41.3   7.6   1   5   4.2e-11     5e-08   31.1   0.1     7    59    92   145    87   262 0.89 # 463805 # 466813 # 1 # ID=6_316;partial=00;start_type=ATG;rbs_motif=None;rbs_spacer=None;gc_cont=0.388
ctg000005_P_316      -           1003 6590at2157           -            391   4.1e-11   41.3   7.6   2   5    0.0022       2.6    5.7   0.1   172   191   507   525   455   530 0.59 # 463805 # 466813 # 1 # ID=6_316;partial=00;start_type=ATG;rbs_motif=None;rbs_spacer=None;gc_cont=0.388
ctg000005_P_316      -           1003 6590at2157           -            391   4.1e-11   41.3   7.6   3   5      0.13   1.6e+02   -0.2   0.0    80   157   529   607   526   615 0.69 # 463805 # 466813 # 1 # ID=6_316;partial=00;start_type=ATG;rbs_motif=None;rbs_spacer=None;gc_cont=0.388
ctg000005_P_316      -           1003 6590at2157           -            391   4.1e-11   41.3   7.6   4   5     0.056        67    1.0   0.1   309   345   758   794   738   800 0.87 # 463805 # 466813 # 1 # ID=6_316;partial=00;start_type=ATG;rbs_motif=None;rbs_spacer=None;gc_cont=0.388
ctg000005_P_316      -           1003 6590at2157           -            391   4.1e-11   41.3   7.6   5   5      0.11   1.3e+02    0.1   0.0   355   381   825   851   821   858 0.90 # 463805 # 466813 # 1 # ID=6_316;partial=00;start_type=ATG;rbs_motif=None;rbs_spacer=None;gc_cont=0.388
ctg000007_P_509      -           1073 6590at2157           -            391   5.9e-06   24.3   2.4   1   4   4.6e-05     0.055   11.2   0.1     9    54    47    93    44   109 0.81 # 722960 # 726178 # 1 # ID=8_509;partial=00;start_type=ATG;rbs_motif=AAAAAA;rbs_spacer=10bp;gc_cont=0.389
ctg000007_P_509      -           1073 6590at2157           -            391   5.9e-06   24.3   2.4   2   4      0.18   2.2e+02   -0.6   0.0    75   115   141   182   132   191 0.84 # 722960 # 726178 # 1 # ID=8_509;partial=00;start_type=ATG;rbs_motif=AAAAAA;rbs_spacer=10bp;gc_cont=0.389
ctg000007_P_509      -           1073 6590at2157           -            391   5.9e-06   24.3   2.4   3   4   9.3e-05      0.11   10.2   0.1   126   192   394   469   366   473 0.68 # 722960 # 726178 # 1 # ID=8_509;partial=00;start_type=ATG;rbs_motif=AAAAAA;rbs_spacer=10bp;gc_cont=0.389
ctg000007_P_509      -           1073 6590at2157           -            391   5.9e-06   24.3   2.4   4   4       1.4   1.7e+03   -3.5   0.0   238   257   590   609   587   631 0.80 # 722960 # 726178 # 1 # ID=8_509;partial=00;start_type=ATG;rbs_motif=AAAAAA;rbs_spacer=10bp;gc_cont=0.389
ctg000001_P_279      -           1126 6590at2157           -            391   1.4e-05   23.0   1.2   1   4    0.0001      0.12   10.0   0.0     9    53   211   256   204   267 0.83 # 424722 # 428099 # -1 # ID=2_279;partial=00;start_type=GTG;rbs_motif=None;rbs_spacer=None;gc_cont=0.395
ctg000001_P_279      -           1126 6590at2157           -            391   1.4e-05   23.0   1.2   2   4      0.11   1.3e+02    0.1   0.0    83   136   314   367   287   384 0.74 # 424722 # 428099 # -1 # ID=2_279;partial=00;start_type=GTG;rbs_motif=None;rbs_spacer=None;gc_cont=0.395
ctg000001_P_279      -           1126 6590at2157           -            391   1.4e-05   23.0   1.2   3   4   0.00048      0.58    7.8   0.1   171   194   579   601   523   605 0.76 # 424722 # 428099 # -1 # ID=2_279;partial=00;start_type=GTG;rbs_motif=None;rbs_spacer=None;gc_cont=0.395
ctg000001_P_279      -           1126 6590at2157           -            391   1.4e-05   23.0   1.2   4   4      0.31   3.7e+02   -1.4   0.0   362   385   917   940   909   945 0.79 # 424722 # 428099 # -1 # ID=2_279;partial=00;start_type=GTG;rbs_motif=None;rbs_spacer=None;gc_cont=0.395
ctg000005_P_465      -           1091 6590at2157           -            391   2.5e-05   22.2   0.0   1   2   3.1e-05     0.037   11.8   0.0     4    74    61   132    58   162 0.83 # 692545 # 695817 # -1 # ID=6_465;partial=00;start_type=ATG;rbs_motif=None;rbs_spacer=None;gc_cont=0.394
ctg000005_P_465      -           1091 6590at2157           -            391   2.5e-05   22.2   0.0   2   2   0.00058      0.68    7.6   0.0   218   258   700   737   685   747 0.76 # 692545 # 695817 # -1 # ID=6_465;partial=00;start_type=ATG;rbs_motif=None;rbs_spacer=None;gc_cont=0.394
#
# Program:         hmmsearch
# Version:         3.1b2 (February 2015)
# Pipeline mode:   SEARCH
# Query file:      /Users/dominiquefastus/DeNovoProj/BUSCO_ass/busco_downloads/lineages/archaea_odb10/hmms/6590at2157.hmm
# Target file:     /Users/dominiquefastus/DeNovoProj/BUSCO_ass/busco_out/prodigal_output/predicted_genes/predicted.faa
# Option settings: hmmsearch --domtblout /Users/dominiquefastus/DeNovoProj/BUSCO_ass/busco_out/auto_lineage/run_archaea_odb10/hmmer_output/6590at2157.out --cpu 1 /Users/dominiquefastus/DeNovoProj/BUSCO_ass/busco_downloads/lineages/archaea_odb10/hmms/6590at2157.hmm /Users/dominiquefastus/DeNovoProj/BUSCO_ass/busco_out/prodigal_output/predicted_genes/predicted.faa 
# Current dir:     /Users/dominiquefastus/DeNovoProj/BUSCO_ass
# Date:            Fri Feb 24 11:39:14 2023
# [ok]
