#                                                                            --- full sequence --- -------------- this domain -------------   hmm coord   ali coord   env coord
# target name        accession   tlen query name           accession   qlen   E-value  score  bias   #  of  c-Evalue  i-Evalue  score  bias  from    to  from    to  from    to  acc description of target
#------------------- ---------- ----- -------------------- ---------- ----- --------- ------ ----- --- --- --------- --------- ------ ----- ----- ----- ----- ----- ----- ----- ---- ---------------------
ctg000000_P_92       -           1072 6736at2157           -            480  1.1e-179  596.7   0.0   1   2   3.5e-68   7.3e-65  218.0   0.0     1   242    30   310    30   314 0.84 # 127245 # 130460 # 1 # ID=1_92;partial=00;start_type=ATG;rbs_motif=AAGAA;rbs_spacer=3bp;gc_cont=0.412
ctg000000_P_92       -           1072 6736at2157           -            480  1.1e-179  596.7   0.0   2   2  5.5e-116  1.1e-112  375.7   0.0   208   478   730  1026   718  1028 0.91 # 127245 # 130460 # 1 # ID=1_92;partial=00;start_type=ATG;rbs_motif=AAGAA;rbs_spacer=3bp;gc_cont=0.412
ctg000007_P_227      -            518 6736at2157           -            480   1.1e-36  125.1   0.1   1   3   5.9e-15   1.2e-11   42.5   0.0     2    85    34   121    33   127 0.89 # 326787 # 328340 # 1 # ID=8_227;partial=00;start_type=ATG;rbs_motif=AATAA;rbs_spacer=11bp;gc_cont=0.423
ctg000007_P_227      -            518 6736at2157           -            480   1.1e-36  125.1   0.1   2   3      0.48   9.9e+02   -3.4   0.0   166   188   150   172   143   180 0.77 # 326787 # 328340 # 1 # ID=8_227;partial=00;start_type=ATG;rbs_motif=AATAA;rbs_spacer=11bp;gc_cont=0.423
ctg000007_P_227      -            518 6736at2157           -            480   1.1e-36  125.1   0.1   3   3   2.9e-26   6.1e-23   79.8   0.0   240   456   232   467   216   480 0.83 # 326787 # 328340 # 1 # ID=8_227;partial=00;start_type=ATG;rbs_motif=AATAA;rbs_spacer=11bp;gc_cont=0.423
ctg000022_P_413      -            512 6736at2157           -            480   3.7e-34  116.7   0.0   1   2   2.3e-05     0.048   10.9   0.0    25    85    76   137    60   152 0.85 # 666144 # 667679 # 1 # ID=17_413;partial=00;start_type=ATG;rbs_motif=AATAA;rbs_spacer=8bp;gc_cont=0.430
ctg000022_P_413      -            512 6736at2157           -            480   3.7e-34  116.7   0.0   2   2   1.4e-33     3e-30  103.9   0.0   163   459   163   473   155   484 0.83 # 666144 # 667679 # 1 # ID=17_413;partial=00;start_type=ATG;rbs_motif=AATAA;rbs_spacer=8bp;gc_cont=0.430
ctg000007_P_535      -            546 6736at2157           -            480   1.2e-19   68.9   0.0   1   2   6.5e-06     0.014   12.7   0.0    13    85    82   153    72   155 0.83 # 768532 # 770169 # -1 # ID=8_535;partial=00;start_type=ATG;rbs_motif=AAAAAA;rbs_spacer=15bp;gc_cont=0.437
ctg000007_P_535      -            546 6736at2157           -            480   1.2e-19   68.9   0.0   2   2     2e-18   4.1e-15   54.0   0.0   160   392   176   422   172   480 0.76 # 768532 # 770169 # -1 # ID=8_535;partial=00;start_type=ATG;rbs_motif=AAAAAA;rbs_spacer=15bp;gc_cont=0.437
#
# Program:         hmmsearch
# Version:         3.1b2 (February 2015)
# Pipeline mode:   SEARCH
# Query file:      /Users/dominiquefastus/DeNovoProj/BUSCO_ass/busco_downloads/lineages/archaea_odb10/hmms/6736at2157.hmm
# Target file:     /Users/dominiquefastus/DeNovoProj/BUSCO_ass/busco_out/prodigal_output/predicted_genes/predicted.faa
# Option settings: hmmsearch --domtblout /Users/dominiquefastus/DeNovoProj/BUSCO_ass/busco_out/auto_lineage/run_archaea_odb10/hmmer_output/6736at2157.out --cpu 1 /Users/dominiquefastus/DeNovoProj/BUSCO_ass/busco_downloads/lineages/archaea_odb10/hmms/6736at2157.hmm /Users/dominiquefastus/DeNovoProj/BUSCO_ass/busco_out/prodigal_output/predicted_genes/predicted.faa 
# Current dir:     /Users/dominiquefastus/DeNovoProj/BUSCO_ass
# Date:            Fri Feb 24 11:39:15 2023
# [ok]
