#                                                                            --- full sequence --- -------------- this domain -------------   hmm coord   ali coord   env coord
# target name        accession   tlen query name           accession   qlen   E-value  score  bias   #  of  c-Evalue  i-Evalue  score  bias  from    to  from    to  from    to  acc description of target
#------------------- ---------- ----- -------------------- ---------- ----- --------- ------ ----- --- --- --------- --------- ------ ----- ----- ----- ----- ----- ----- ----- ---- ---------------------
ctg000005_P_274      -           1039 69351at2157          -            570   1.3e-36  125.2  13.1   1   6   2.2e-24   4.6e-21   73.8   0.4     1   147     1   161     1   208 0.85 # 403838 # 406954 # 1 # ID=6_274;partial=00;start_type=ATG;rbs_motif=None;rbs_spacer=None;gc_cont=0.369
ctg000005_P_274      -           1039 69351at2157          -            570   1.3e-36  125.2  13.1   2   6   0.00025      0.51    7.6   7.5   224   321   353   456   332   497 0.74 # 403838 # 406954 # 1 # ID=6_274;partial=00;start_type=ATG;rbs_motif=None;rbs_spacer=None;gc_cont=0.369
ctg000005_P_274      -           1039 69351at2157          -            570   1.3e-36  125.2  13.1   3   6   1.7e-21   3.4e-18   64.3   6.9   299   475   490   667   466   671 0.75 # 403838 # 406954 # 1 # ID=6_274;partial=00;start_type=ATG;rbs_motif=None;rbs_spacer=None;gc_cont=0.369
ctg000005_P_274      -           1039 69351at2157          -            570   1.3e-36  125.2  13.1   4   6         4   8.3e+03  -16.8  18.4   229   296   725   793   715   886 0.50 # 403838 # 406954 # 1 # ID=6_274;partial=00;start_type=ATG;rbs_motif=None;rbs_spacer=None;gc_cont=0.369
ctg000005_P_274      -           1039 69351at2157          -            570   1.3e-36  125.2  13.1   5   6         4   8.3e+03   -6.6   8.2   267   366   827   920   785   930 0.66 # 403838 # 406954 # 1 # ID=6_274;partial=00;start_type=ATG;rbs_motif=None;rbs_spacer=None;gc_cont=0.369
ctg000005_P_274      -           1039 69351at2157          -            570   1.3e-36  125.2  13.1   6   6      0.12   2.4e+02   -1.2   0.0   520   546   951   977   942   985 0.89 # 403838 # 406954 # 1 # ID=6_274;partial=00;start_type=ATG;rbs_motif=None;rbs_spacer=None;gc_cont=0.369
ctg000006_P_133      -            131 69351at2157          -            570      0.01   13.3   0.0   1   1   4.9e-06      0.01   13.3   0.0   157   207    11    62     2   106 0.80 # 206376 # 206768 # -1 # ID=7_133;partial=00;start_type=TTG;rbs_motif=None;rbs_spacer=None;gc_cont=0.420
ctg000000_P_919      -            130 69351at2157          -            570      0.01   13.2   0.0   1   1   5.1e-06     0.011   13.2   0.0   157   207    10    61     2   105 0.80 # 1340759 # 1341148 # 1 # ID=1_919;partial=00;start_type=TTG;rbs_motif=None;rbs_spacer=None;gc_cont=0.415
ctg000107_P_258      -            162 69351at2157          -            570       7.1    3.9  21.9   1   1    0.0041       8.4    3.6  21.9   229   363    19   156     3   160 0.77 # 356639 # 357124 # 1 # ID=20_258;partial=00;start_type=ATG;rbs_motif=None;rbs_spacer=None;gc_cont=0.366
#
# Program:         hmmsearch
# Version:         3.1b2 (February 2015)
# Pipeline mode:   SEARCH
# Query file:      /Users/dominiquefastus/DeNovoProj/BUSCO_ass/busco_downloads/lineages/archaea_odb10/hmms/69351at2157.hmm
# Target file:     /Users/dominiquefastus/DeNovoProj/BUSCO_ass/busco_out/prodigal_output/predicted_genes/predicted.faa
# Option settings: hmmsearch --domtblout /Users/dominiquefastus/DeNovoProj/BUSCO_ass/busco_out/auto_lineage/run_archaea_odb10/hmmer_output/69351at2157.out --cpu 1 /Users/dominiquefastus/DeNovoProj/BUSCO_ass/busco_downloads/lineages/archaea_odb10/hmms/69351at2157.hmm /Users/dominiquefastus/DeNovoProj/BUSCO_ass/busco_out/prodigal_output/predicted_genes/predicted.faa 
# Current dir:     /Users/dominiquefastus/DeNovoProj/BUSCO_ass
# Date:            Fri Feb 24 11:39:16 2023
# [ok]
