#                                                                            --- full sequence --- -------------- this domain -------------   hmm coord   ali coord   env coord
# target name        accession   tlen query name           accession   qlen   E-value  score  bias   #  of  c-Evalue  i-Evalue  score  bias  from    to  from    to  from    to  acc description of target
#------------------- ---------- ----- -------------------- ---------- ----- --------- ------ ----- --- --- --------- --------- ------ ----- ----- ----- ----- ----- ----- ----- ---- ---------------------
ctg000002_P_86       -            959 7896at2157           -            433   3.7e-56  189.9   0.3   1   7   1.6e-20   6.5e-17   60.6   0.0     2   107    11   129    10   165 0.76 # 142821 # 145697 # 1 # ID=3_86;partial=00;start_type=ATG;rbs_motif=None;rbs_spacer=None;gc_cont=0.399
ctg000002_P_86       -            959 7896at2157           -            433   3.7e-56  189.9   0.3   2   7   2.7e-08   0.00011   20.2   0.0   133   183   216   280   192   284 0.79 # 142821 # 145697 # 1 # ID=3_86;partial=00;start_type=ATG;rbs_motif=None;rbs_spacer=None;gc_cont=0.399
ctg000002_P_86       -            959 7896at2157           -            433   3.7e-56  189.9   0.3   3   7   1.1e-10   4.6e-07   28.1   0.0   180   220   299   339   293   357 0.87 # 142821 # 145697 # 1 # ID=3_86;partial=00;start_type=ATG;rbs_motif=None;rbs_spacer=None;gc_cont=0.399
ctg000002_P_86       -            959 7896at2157           -            433   3.7e-56  189.9   0.3   4   7   0.00011      0.45    8.4   0.0   230   280   375   435   352   444 0.76 # 142821 # 145697 # 1 # ID=3_86;partial=00;start_type=ATG;rbs_motif=None;rbs_spacer=None;gc_cont=0.399
ctg000002_P_86       -            959 7896at2157           -            433   3.7e-56  189.9   0.3   5   7      0.14     6e+02   -1.9   0.0   287   308   532   553   467   562 0.75 # 142821 # 145697 # 1 # ID=3_86;partial=00;start_type=ATG;rbs_motif=None;rbs_spacer=None;gc_cont=0.399
ctg000002_P_86       -            959 7896at2157           -            433   3.7e-56  189.9   0.3   6   7   5.1e-16   2.1e-12   45.7   0.0   302   370   596   664   592   693 0.95 # 142821 # 145697 # 1 # ID=3_86;partial=00;start_type=ATG;rbs_motif=None;rbs_spacer=None;gc_cont=0.399
ctg000002_P_86       -            959 7896at2157           -            433   3.7e-56  189.9   0.3   7   7   2.6e-07    0.0011   17.0   0.1   395   433   713   753   707   753 0.91 # 142821 # 145697 # 1 # ID=3_86;partial=00;start_type=ATG;rbs_motif=None;rbs_spacer=None;gc_cont=0.399
ctg000008_P_162      -            457 7896at2157           -            433    0.0057   14.6   0.2   1   2   1.4e-06    0.0057   14.6   0.2   381   431   220   273    75   275 0.84 # 222838 # 224208 # -1 # ID=9_162;partial=00;start_type=ATG;rbs_motif=None;rbs_spacer=None;gc_cont=0.392
ctg000008_P_162      -            457 7896at2157           -            433    0.0057   14.6   0.2   2   2      0.63   2.6e+03   -4.0   0.2   211   247   306   341   297   351 0.54 # 222838 # 224208 # -1 # ID=9_162;partial=00;start_type=ATG;rbs_motif=None;rbs_spacer=None;gc_cont=0.392
#
# Program:         hmmsearch
# Version:         3.1b2 (February 2015)
# Pipeline mode:   SEARCH
# Query file:      /Users/dominiquefastus/DeNovoProj/BUSCO_ass/busco_downloads/lineages/archaea_odb10/hmms/7896at2157.hmm
# Target file:     /Users/dominiquefastus/DeNovoProj/BUSCO_ass/busco_out/prodigal_output/predicted_genes/predicted.faa
# Option settings: hmmsearch --domtblout /Users/dominiquefastus/DeNovoProj/BUSCO_ass/busco_out/auto_lineage/run_archaea_odb10/hmmer_output/7896at2157.out --cpu 1 /Users/dominiquefastus/DeNovoProj/BUSCO_ass/busco_downloads/lineages/archaea_odb10/hmms/7896at2157.hmm /Users/dominiquefastus/DeNovoProj/BUSCO_ass/busco_out/prodigal_output/predicted_genes/predicted.faa 
# Current dir:     /Users/dominiquefastus/DeNovoProj/BUSCO_ass
# Date:            Fri Feb 24 11:39:21 2023
# [ok]
