#                                                                            --- full sequence --- -------------- this domain -------------   hmm coord   ali coord   env coord
# target name        accession   tlen query name           accession   qlen   E-value  score  bias   #  of  c-Evalue  i-Evalue  score  bias  from    to  from    to  from    to  acc description of target
#------------------- ---------- ----- -------------------- ---------- ----- --------- ------ ----- --- --- --------- --------- ------ ----- ----- ----- ----- ----- ----- ----- ---- ---------------------
ctg000007_P_527      -            422 82853at2157          -            213   9.3e-39  131.9   0.9   1   2   9.9e-33   2.1e-29  101.4   1.3     2   162   107   299   106   313 0.78 # 758593 # 759858 # 1 # ID=8_527;partial=00;start_type=ATG;rbs_motif=None;rbs_spacer=None;gc_cont=0.434
ctg000007_P_527      -            422 82853at2157          -            213   9.3e-39  131.9   0.9   2   2   2.3e-08   4.8e-05   21.8   0.0   167   211   355   409   319   411 0.81 # 758593 # 759858 # 1 # ID=8_527;partial=00;start_type=ATG;rbs_motif=None;rbs_spacer=None;gc_cont=0.434
ctg000003_P_395      -            388 82853at2157          -            213   7.4e-15   53.8   0.1   1   2   1.1e-15   2.3e-12   45.7   0.0     2   163   140   328   139   334 0.79 # 595343 # 596506 # -1 # ID=4_395;partial=00;start_type=ATG;rbs_motif=AAAAAA;rbs_spacer=8bp;gc_cont=0.406
ctg000003_P_395      -            388 82853at2157          -            213   7.4e-15   53.8   0.1   2   2    0.0018       3.7    5.8   0.0   195   213   349   367   345   367 0.87 # 595343 # 596506 # -1 # ID=4_395;partial=00;start_type=ATG;rbs_motif=AAAAAA;rbs_spacer=8bp;gc_cont=0.406
ctg000000_P_453      -            594 82853at2157          -            213   3.6e-06   25.4   0.0   1   2    0.0004      0.83    7.9   0.0    26    65    75   114    64   119 0.89 # 636328 # 638109 # -1 # ID=1_453;partial=00;start_type=ATG;rbs_motif=None;rbs_spacer=None;gc_cont=0.390
ctg000000_P_453      -            594 82853at2157          -            213   3.6e-06   25.4   0.0   2   2   3.2e-06    0.0067   14.8   0.0    64    94   132   162   122   173 0.84 # 636328 # 638109 # -1 # ID=1_453;partial=00;start_type=ATG;rbs_motif=None;rbs_spacer=None;gc_cont=0.390
ctg000014_P_37       -            418 82853at2157          -            213     0.015   13.6   0.0   1   1   1.2e-05     0.026   12.8   0.0   124   166    60   102    56   111 0.92 # 40192 # 41445 # 1 # ID=15_37;partial=00;start_type=ATG;rbs_motif=None;rbs_spacer=None;gc_cont=0.485
#
# Program:         hmmsearch
# Version:         3.1b2 (February 2015)
# Pipeline mode:   SEARCH
# Query file:      /Users/dominiquefastus/DeNovoProj/BUSCO_ass/busco_downloads/lineages/archaea_odb10/hmms/82853at2157.hmm
# Target file:     /Users/dominiquefastus/DeNovoProj/BUSCO_ass/busco_out/prodigal_output/predicted_genes/predicted.faa
# Option settings: hmmsearch --domtblout /Users/dominiquefastus/DeNovoProj/BUSCO_ass/busco_out/auto_lineage/run_archaea_odb10/hmmer_output/82853at2157.out --cpu 1 /Users/dominiquefastus/DeNovoProj/BUSCO_ass/busco_downloads/lineages/archaea_odb10/hmms/82853at2157.hmm /Users/dominiquefastus/DeNovoProj/BUSCO_ass/busco_out/prodigal_output/predicted_genes/predicted.faa 
# Current dir:     /Users/dominiquefastus/DeNovoProj/BUSCO_ass
# Date:            Fri Feb 24 11:39:23 2023
# [ok]
