#                                                                            --- full sequence --- -------------- this domain -------------   hmm coord   ali coord   env coord
# target name        accession   tlen query name           accession   qlen   E-value  score  bias   #  of  c-Evalue  i-Evalue  score  bias  from    to  from    to  from    to  acc description of target
#------------------- ---------- ----- -------------------- ---------- ----- --------- ------ ----- --- --- --------- --------- ------ ----- ----- ----- ----- ----- ----- ----- ---- ---------------------
ctg000003_P_338      -            505 89321at2157          -            172   1.2e-44  151.1   0.1   1   2   4.2e-08   8.7e-05   21.3   0.0     5    50   162   207   158   221 0.85 # 516275 # 517789 # 1 # ID=4_338;partial=00;start_type=ATG;rbs_motif=None;rbs_spacer=None;gc_cont=0.364
ctg000003_P_338      -            505 89321at2157          -            172   1.2e-44  151.1   0.1   2   2     1e-40   2.1e-37  127.4   0.0    36   159   265   394   247   404 0.90 # 516275 # 517789 # 1 # ID=4_338;partial=00;start_type=ATG;rbs_motif=None;rbs_spacer=None;gc_cont=0.364
ctg000002_P_112      -            512 89321at2157          -            172   6.2e-42  142.2   4.3   1   3     0.094     2e+02    0.6   0.1    16    90    21    95    10   103 0.69 # 193570 # 195105 # 1 # ID=3_112;partial=00;start_type=ATG;rbs_motif=None;rbs_spacer=None;gc_cont=0.383
ctg000002_P_112      -            512 89321at2157          -            172   6.2e-42  142.2   4.3   2   3   3.4e-08   7.1e-05   21.5   0.0     6    47   152   193   148   221 0.87 # 193570 # 195105 # 1 # ID=3_112;partial=00;start_type=ATG;rbs_motif=None;rbs_spacer=None;gc_cont=0.383
ctg000002_P_112      -            512 89321at2157          -            172   6.2e-42  142.2   4.3   3   3   2.6e-38   5.4e-35  119.6   0.2    43   157   256   376   223   383 0.90 # 193570 # 195105 # 1 # ID=3_112;partial=00;start_type=ATG;rbs_motif=None;rbs_spacer=None;gc_cont=0.383
ctg000001_P_283      -            495 89321at2157          -            172   1.1e-10   40.4   0.1   1   1   1.3e-13   2.7e-10   39.2   0.1    14   156   169   318   159   325 0.82 # 432397 # 433881 # -1 # ID=2_283;partial=00;start_type=ATG;rbs_motif=None;rbs_spacer=None;gc_cont=0.385
ctg000006_P_540      -            398 89321at2157          -            172       3.5    6.3   8.7   1   4     0.018        38    2.9   0.5    37    70   138   171   121   212 0.59 # 834493 # 835686 # 1 # ID=7_540;partial=00;start_type=ATG;rbs_motif=None;rbs_spacer=None;gc_cont=0.379
ctg000006_P_540      -            398 89321at2157          -            172       3.5    6.3   8.7   2   4      0.19   4.1e+02   -0.5   0.0    18    51   240   273   228   327 0.67 # 834493 # 835686 # 1 # ID=7_540;partial=00;start_type=ATG;rbs_motif=None;rbs_spacer=None;gc_cont=0.379
ctg000006_P_540      -            398 89321at2157          -            172       3.5    6.3   8.7   3   4     0.019        40    2.8   0.1    16    65   299   347   285   351 0.77 # 834493 # 835686 # 1 # ID=7_540;partial=00;start_type=ATG;rbs_motif=None;rbs_spacer=None;gc_cont=0.379
ctg000006_P_540      -            398 89321at2157          -            172       3.5    6.3   8.7   4   4    0.0027       5.5    5.6   1.5    11    67   325   381   317   395 0.82 # 834493 # 835686 # 1 # ID=7_540;partial=00;start_type=ATG;rbs_motif=None;rbs_spacer=None;gc_cont=0.379
#
# Program:         hmmsearch
# Version:         3.1b2 (February 2015)
# Pipeline mode:   SEARCH
# Query file:      /Users/dominiquefastus/DeNovoProj/BUSCO_ass/busco_downloads/lineages/archaea_odb10/hmms/89321at2157.hmm
# Target file:     /Users/dominiquefastus/DeNovoProj/BUSCO_ass/busco_out/prodigal_output/predicted_genes/predicted.faa
# Option settings: hmmsearch --domtblout /Users/dominiquefastus/DeNovoProj/BUSCO_ass/busco_out/auto_lineage/run_archaea_odb10/hmmer_output/89321at2157.out --cpu 1 /Users/dominiquefastus/DeNovoProj/BUSCO_ass/busco_downloads/lineages/archaea_odb10/hmms/89321at2157.hmm /Users/dominiquefastus/DeNovoProj/BUSCO_ass/busco_out/prodigal_output/predicted_genes/predicted.faa 
# Current dir:     /Users/dominiquefastus/DeNovoProj/BUSCO_ass
# Date:            Fri Feb 24 11:39:26 2023
# [ok]
