#                                                                            --- full sequence --- -------------- this domain -------------   hmm coord   ali coord   env coord
# target name        accession   tlen query name           accession   qlen   E-value  score  bias   #  of  c-Evalue  i-Evalue  score  bias  from    to  from    to  from    to  acc description of target
#------------------- ---------- ----- -------------------- ---------- ----- --------- ------ ----- --- --- --------- --------- ------ ----- ----- ----- ----- ----- ----- ----- ---- ---------------------
ctg000006_P_435      -            444 90882at2157          -            197     3e-22   77.9   0.4   1   4     2e-12   8.2e-09   34.1   0.1     1    36     8    44     8   117 0.80 # 662543 # 663874 # 1 # ID=7_435;partial=00;start_type=ATG;rbs_motif=None;rbs_spacer=None;gc_cont=0.405
ctg000006_P_435      -            444 90882at2157          -            197     3e-22   77.9   0.4   2   4   9.3e-08   0.00039   18.8   0.0    44   111   134   215   117   222 0.72 # 662543 # 663874 # 1 # ID=7_435;partial=00;start_type=ATG;rbs_motif=None;rbs_spacer=None;gc_cont=0.405
ctg000006_P_435      -            444 90882at2157          -            197     3e-22   77.9   0.4   3   4      0.16   6.8e+02   -1.6   0.0   118   134   249   265   241   277 0.77 # 662543 # 663874 # 1 # ID=7_435;partial=00;start_type=ATG;rbs_motif=None;rbs_spacer=None;gc_cont=0.405
ctg000006_P_435      -            444 90882at2157          -            197     3e-22   77.9   0.4   4   4   1.6e-07   0.00068   18.0   0.0   145   190   310   358   290   363 0.77 # 662543 # 663874 # 1 # ID=7_435;partial=00;start_type=ATG;rbs_motif=None;rbs_spacer=None;gc_cont=0.405
ctg000000_P_331      -            521 90882at2157          -            197     0.021   13.1   0.0   1   3    0.0053        22    3.3   0.0     2    32    44    74    43    84 0.77 # 463896 # 465458 # 1 # ID=1_331;partial=00;start_type=ATG;rbs_motif=None;rbs_spacer=None;gc_cont=0.413
ctg000000_P_331      -            521 90882at2157          -            197     0.021   13.1   0.0   2   3   0.00058       2.4    6.4   0.0    40   105   146   216   138   227 0.79 # 463896 # 465458 # 1 # ID=1_331;partial=00;start_type=ATG;rbs_motif=None;rbs_spacer=None;gc_cont=0.413
ctg000000_P_331      -            521 90882at2157          -            197     0.021   13.1   0.0   3   3      0.18   7.6e+02   -1.7   0.0   146   191   418   467   410   470 0.71 # 463896 # 465458 # 1 # ID=1_331;partial=00;start_type=ATG;rbs_motif=None;rbs_spacer=None;gc_cont=0.413
#
# Program:         hmmsearch
# Version:         3.1b2 (February 2015)
# Pipeline mode:   SEARCH
# Query file:      /Users/dominiquefastus/DeNovoProj/BUSCO_ass/busco_downloads/lineages/archaea_odb10/hmms/90882at2157.hmm
# Target file:     /Users/dominiquefastus/DeNovoProj/BUSCO_ass/busco_out/prodigal_output/predicted_genes/predicted.faa
# Option settings: hmmsearch --domtblout /Users/dominiquefastus/DeNovoProj/BUSCO_ass/busco_out/auto_lineage/run_archaea_odb10/hmmer_output/90882at2157.out --cpu 1 /Users/dominiquefastus/DeNovoProj/BUSCO_ass/busco_downloads/lineages/archaea_odb10/hmms/90882at2157.hmm /Users/dominiquefastus/DeNovoProj/BUSCO_ass/busco_out/prodigal_output/predicted_genes/predicted.faa 
# Current dir:     /Users/dominiquefastus/DeNovoProj/BUSCO_ass
# Date:            Fri Feb 24 11:39:28 2023
# [ok]
