#                                                                                 --- full sequence --- -------------- this domain -------------   hmm coord   ali coord   env coord
# target name             accession   tlen query name           accession   qlen   E-value  score  bias   #  of  c-Evalue  i-Evalue  score  bias  from    to  from    to  from    to  acc description of target
#     ------------------- ---------- ----- -------------------- ---------- ----- --------- ------ ----- --- --- --------- --------- ------ ----- ----- ----- ----- ----- ----- ----- ---- ---------------------
ctg000001_P:93402-94838   -            479 655400at2759         -            301   4.6e-71  234.8   0.0   1   3   1.7e-06   0.00035   15.2   0.0    18    60    78   124    77   167 0.78 -
ctg000001_P:93402-94838   -            479 655400at2759         -            301   4.6e-71  234.8   0.0   2   3   6.6e-35   1.3e-32  108.5   0.0    82   184   183   293   140   302 0.78 -
ctg000001_P:93402-94838   -            479 655400at2759         -            301   4.6e-71  234.8   0.0   3   3   1.2e-34   2.4e-32  107.6   0.0   183   298   339   472   328   475 0.87 -
ctg000007_P:766970-768082 -            371 655400at2759         -            301   7.6e-11   37.0   0.0   1   2     0.013       2.6    2.4   0.0    90   110   162   182   149   192 0.80 -
ctg000007_P:766970-768082 -            371 655400at2759         -            301   7.6e-11   37.0   0.0   2   2     1e-11     2e-09   32.4   0.0   209   256   311   360   270   368 0.84 -
ctg000001_P:248996-250192 -            399 655400at2759         -            301   4.5e-05   18.1   0.0   1   1     5e-07    0.0001   16.9   0.0   207   242   310   345   290   358 0.90 -
ctg000001_P:853649-855820 -            724 655400at2759         -            301    0.0036   11.8   0.0   1   2    0.0003      0.06    7.8   0.0   109   143   201   236   196   264 0.77 -
ctg000001_P:853649-855820 -            724 655400at2759         -            301    0.0036   11.8   0.0   2   2     0.028       5.6    1.4   0.0   152   217   306   371   300   377 0.85 -
#
# Program:         hmmsearch
# Version:         3.1b2 (February 2015)
# Pipeline mode:   SEARCH
# Query file:      /Users/dominiquefastus/DeNovoProj/BUSCO_ass/busco_downloads/lineages/eukaryota_odb10/hmms/655400at2759.hmm
# Target file:     /Users/dominiquefastus/DeNovoProj/BUSCO_ass/busco_out/auto_lineage/run_eukaryota_odb10/metaeuk_output/initial_results/asm_ctgs_m.fa.modified.fas
# Option settings: hmmsearch --domtblout /Users/dominiquefastus/DeNovoProj/BUSCO_ass/busco_out/auto_lineage/run_eukaryota_odb10/hmmer_output/initial_run_results/655400at2759.out --cpu 1 /Users/dominiquefastus/DeNovoProj/BUSCO_ass/busco_downloads/lineages/eukaryota_odb10/hmms/655400at2759.hmm /Users/dominiquefastus/DeNovoProj/BUSCO_ass/busco_out/auto_lineage/run_eukaryota_odb10/metaeuk_output/initial_results/asm_ctgs_m.fa.modified.fas 
# Current dir:     /Users/dominiquefastus/DeNovoProj/BUSCO_ass
# Date:            Fri Feb 24 11:50:57 2023
# [ok]
