#                                                                            --- full sequence --- -------------- this domain -------------   hmm coord   ali coord   env coord
# target name        accession   tlen query name           accession   qlen   E-value  score  bias   #  of  c-Evalue  i-Evalue  score  bias  from    to  from    to  from    to  acc description of target
#------------------- ---------- ----- -------------------- ---------- ----- --------- ------ ----- --- --- --------- --------- ------ ----- ----- ----- ----- ----- ----- ----- ---- ---------------------
ctg000009_P_189      -            572 1346419at2           -            308   8.9e-21   73.2   0.5   1   1   6.3e-23   1.3e-19   69.3   0.5     3   132   310   461   308   500 0.76 # 282430 # 284145 # 1 # ID=10_189;partial=00;start_type=ATG;rbs_motif=None;rbs_spacer=None;gc_cont=0.409
ctg000009_P_392      -            559 1346419at2           -            308   6.9e-17   60.4   0.4   1   2   1.3e-05     0.027   12.4   0.0     3    51   265   317   263   333 0.82 # 583589 # 585265 # -1 # ID=10_392;partial=00;start_type=ATG;rbs_motif=None;rbs_spacer=None;gc_cont=0.434
ctg000009_P_392      -            559 1346419at2           -            308   6.9e-17   60.4   0.4   2   2   8.7e-16   1.8e-12   45.9   0.1    63   132   376   448   368   469 0.91 # 583589 # 585265 # -1 # ID=10_392;partial=00;start_type=ATG;rbs_motif=None;rbs_spacer=None;gc_cont=0.434
ctg000002_P_429      -            675 1346419at2           -            308   3.5e-16   58.1   0.1   1   2   8.8e-06     0.018   13.0   0.0     3    55   293   349   291   360 0.81 # 656582 # 658606 # 1 # ID=3_429;partial=00;start_type=ATG;rbs_motif=None;rbs_spacer=None;gc_cont=0.429
ctg000002_P_429      -            675 1346419at2           -            308   3.5e-16   58.1   0.1   2   2   7.5e-15   1.6e-11   42.8   0.0    63   132   457   529   448   541 0.89 # 656582 # 658606 # 1 # ID=3_429;partial=00;start_type=ATG;rbs_motif=None;rbs_spacer=None;gc_cont=0.429
ctg000107_P_182      -            366 1346419at2           -            308   1.3e-07   29.9   0.0   1   3   1.2e-09   2.5e-06   25.7   0.0   158   205    73   122    63   128 0.89 # 242076 # 243173 # 1 # ID=20_182;partial=00;start_type=ATG;rbs_motif=None;rbs_spacer=None;gc_cont=0.388
ctg000107_P_182      -            366 1346419at2           -            308   1.3e-07   29.9   0.0   2   3      0.76   1.6e+03   -3.2   0.0   222   233   206   217   196   230 0.78 # 242076 # 243173 # 1 # ID=20_182;partial=00;start_type=ATG;rbs_motif=None;rbs_spacer=None;gc_cont=0.388
ctg000107_P_182      -            366 1346419at2           -            308   1.3e-07   29.9   0.0   3   3     0.037        77    1.1   0.0   253   290   273   312   266   318 0.83 # 242076 # 243173 # 1 # ID=20_182;partial=00;start_type=ATG;rbs_motif=None;rbs_spacer=None;gc_cont=0.388
#
# Program:         hmmsearch
# Version:         3.1b2 (February 2015)
# Pipeline mode:   SEARCH
# Query file:      /Users/dominiquefastus/DeNovoProj/BUSCO_ass/busco_downloads/lineages/bacteria_odb10/hmms/1346419at2.hmm
# Target file:     /Users/dominiquefastus/DeNovoProj/BUSCO_ass/busco_out/prodigal_output/predicted_genes/predicted.faa
# Option settings: hmmsearch --domtblout /Users/dominiquefastus/DeNovoProj/BUSCO_ass/busco_out/auto_lineage/run_bacteria_odb10/hmmer_output/1346419at2.out --cpu 1 /Users/dominiquefastus/DeNovoProj/BUSCO_ass/busco_downloads/lineages/bacteria_odb10/hmms/1346419at2.hmm /Users/dominiquefastus/DeNovoProj/BUSCO_ass/busco_out/prodigal_output/predicted_genes/predicted.faa 
# Current dir:     /Users/dominiquefastus/DeNovoProj/BUSCO_ass
# Date:            Fri Feb 24 11:40:38 2023
# [ok]
