#                                                                            --- full sequence --- -------------- this domain -------------   hmm coord   ali coord   env coord
# target name        accession   tlen query name           accession   qlen   E-value  score  bias   #  of  c-Evalue  i-Evalue  score  bias  from    to  from    to  from    to  acc description of target
#------------------- ---------- ----- -------------------- ---------- ----- --------- ------ ----- --- --- --------- --------- ------ ----- ----- ----- ----- ----- ----- ----- ---- ---------------------
ctg000011_P_112      -            215 1398618at2           -            130   1.2e-22   79.1   2.5   1   3     0.067   1.9e+02    0.8   0.0     2    23    17    38    16    51 0.88 # 169771 # 170415 # 1 # ID=12_112;partial=00;start_type=ATG;rbs_motif=None;rbs_spacer=None;gc_cont=0.388
ctg000011_P_112      -            215 1398618at2           -            130   1.2e-22   79.1   2.5   2   3     0.004        11    4.8   0.0    20    33    54    67    42    69 0.80 # 169771 # 170415 # 1 # ID=12_112;partial=00;start_type=ATG;rbs_motif=None;rbs_spacer=None;gc_cont=0.388
ctg000011_P_112      -            215 1398618at2           -            130   1.2e-22   79.1   2.5   3   3   7.5e-24   2.1e-20   71.8   0.4    22   130    88   212    77   212 0.83 # 169771 # 170415 # 1 # ID=12_112;partial=00;start_type=ATG;rbs_motif=None;rbs_spacer=None;gc_cont=0.388
ctg000008_P_197      -            192 1398618at2           -            130   2.2e-07   29.7   6.3   1   3   5.5e-05      0.15   10.8   0.5     6    33     7    36     1    51 0.81 # 277332 # 277907 # -1 # ID=9_197;partial=00;start_type=ATG;rbs_motif=None;rbs_spacer=None;gc_cont=0.411
ctg000008_P_197      -            192 1398618at2           -            130   2.2e-07   29.7   6.3   2   3   1.1e-07   0.00031   19.5   0.4    15    58    48    92    39   104 0.74 # 277332 # 277907 # -1 # ID=9_197;partial=00;start_type=ATG;rbs_motif=None;rbs_spacer=None;gc_cont=0.411
ctg000008_P_197      -            192 1398618at2           -            130   2.2e-07   29.7   6.3   3   3     0.042   1.2e+02    1.5   0.0    74   107   135   163   123   181 0.67 # 277332 # 277907 # -1 # ID=9_197;partial=00;start_type=ATG;rbs_motif=None;rbs_spacer=None;gc_cont=0.411
ctg000001_P_597      -            192 1398618at2           -            130   6.4e-07   28.2   7.0   1   3   6.2e-05      0.17   10.6   0.8     6    34     7    37     1    55 0.77 # 877582 # 878157 # 1 # ID=2_597;partial=00;start_type=ATG;rbs_motif=None;rbs_spacer=None;gc_cont=0.417
ctg000001_P_597      -            192 1398618at2           -            130   6.4e-07   28.2   7.0   2   3     2e-07   0.00057   18.7   0.6    15    58    48    92    39   104 0.74 # 877582 # 878157 # 1 # ID=2_597;partial=00;start_type=ATG;rbs_motif=None;rbs_spacer=None;gc_cont=0.417
ctg000001_P_597      -            192 1398618at2           -            130   6.4e-07   28.2   7.0   3   3     0.043   1.2e+02    1.5   0.0    74   107   135   163   123   180 0.67 # 877582 # 878157 # 1 # ID=2_597;partial=00;start_type=ATG;rbs_motif=None;rbs_spacer=None;gc_cont=0.417
#
# Program:         hmmsearch
# Version:         3.1b2 (February 2015)
# Pipeline mode:   SEARCH
# Query file:      /Users/dominiquefastus/DeNovoProj/BUSCO_ass/busco_downloads/lineages/bacteria_odb10/hmms/1398618at2.hmm
# Target file:     /Users/dominiquefastus/DeNovoProj/BUSCO_ass/busco_out/prodigal_output/predicted_genes/predicted.faa
# Option settings: hmmsearch --domtblout /Users/dominiquefastus/DeNovoProj/BUSCO_ass/busco_out/auto_lineage/run_bacteria_odb10/hmmer_output/1398618at2.out --cpu 1 /Users/dominiquefastus/DeNovoProj/BUSCO_ass/busco_downloads/lineages/bacteria_odb10/hmms/1398618at2.hmm /Users/dominiquefastus/DeNovoProj/BUSCO_ass/busco_out/prodigal_output/predicted_genes/predicted.faa 
# Current dir:     /Users/dominiquefastus/DeNovoProj/BUSCO_ass
# Date:            Fri Feb 24 11:40:39 2023
# [ok]
