#                                                                            --- full sequence --- -------------- this domain -------------   hmm coord   ali coord   env coord
# target name        accession   tlen query name           accession   qlen   E-value  score  bias   #  of  c-Evalue  i-Evalue  score  bias  from    to  from    to  from    to  acc description of target
#------------------- ---------- ----- -------------------- ---------- ----- --------- ------ ----- --- --- --------- --------- ------ ----- ----- ----- ----- ----- ----- ----- ---- ---------------------
ctg000003_P_455      -            646 182107at2            -            492  3.9e-153  509.3   6.6   1   1  1.2e-153  6.1e-151  502.0   6.6     2   490    47   644    46   645 0.86 # 685032 # 686969 # 1 # ID=4_455;partial=00;start_type=ATG;rbs_motif=None;rbs_spacer=None;gc_cont=0.386
ctg000003_P_164      -            757 182107at2            -            492   6.2e-40  135.9   4.4   1   3   4.1e-29     2e-26   91.3   0.1     1   133    65   222    65   249 0.78 # 251472 # 253742 # -1 # ID=4_164;partial=00;start_type=ATG;rbs_motif=None;rbs_spacer=None;gc_cont=0.402
ctg000003_P_164      -            757 182107at2            -            492   6.2e-40  135.9   4.4   2   3   8.4e-11   4.1e-08   30.9   0.4   152   320   360   548   268   556 0.66 # 251472 # 253742 # -1 # ID=4_164;partial=00;start_type=ATG;rbs_motif=None;rbs_spacer=None;gc_cont=0.402
ctg000003_P_164      -            757 182107at2            -            492   6.2e-40  135.9   4.4   3   3     0.031        15    2.7   0.0   321   347   658   684   641   691 0.86 # 251472 # 253742 # -1 # ID=4_164;partial=00;start_type=ATG;rbs_motif=None;rbs_spacer=None;gc_cont=0.402
ctg000000_P_840      -            843 182107at2            -            492   2.6e-30  104.2   4.7   1   3   1.4e-27     7e-25   86.2   2.4     1   127    19   177    19   200 0.80 # 1223747 # 1226275 # 1 # ID=1_840;partial=00;start_type=ATG;rbs_motif=None;rbs_spacer=None;gc_cont=0.444
ctg000000_P_840      -            843 182107at2            -            492   2.6e-30  104.2   4.7   2   3    0.0098       4.8    4.3   0.0   233   318   486   569   454   607 0.77 # 1223747 # 1226275 # 1 # ID=1_840;partial=00;start_type=ATG;rbs_motif=None;rbs_spacer=None;gc_cont=0.444
ctg000000_P_840      -            843 182107at2            -            492   2.6e-30  104.2   4.7   3   3    0.0031       1.5    5.9   0.0   303   351   704   753   654   758 0.74 # 1223747 # 1226275 # 1 # ID=1_840;partial=00;start_type=ATG;rbs_motif=None;rbs_spacer=None;gc_cont=0.444
ctg000002_P_334      -            843 182107at2            -            492   2.6e-30  104.2   4.7   1   3   1.4e-27     7e-25   86.2   2.4     1   127    19   177    19   200 0.80 # 508789 # 511317 # -1 # ID=3_334;partial=00;start_type=ATG;rbs_motif=AATAA;rbs_spacer=9bp;gc_cont=0.444
ctg000002_P_334      -            843 182107at2            -            492   2.6e-30  104.2   4.7   2   3    0.0098       4.8    4.3   0.0   233   318   486   569   454   607 0.77 # 508789 # 511317 # -1 # ID=3_334;partial=00;start_type=ATG;rbs_motif=AATAA;rbs_spacer=9bp;gc_cont=0.444
ctg000002_P_334      -            843 182107at2            -            492   2.6e-30  104.2   4.7   3   3    0.0031       1.5    5.9   0.0   303   351   704   753   654   758 0.74 # 508789 # 511317 # -1 # ID=3_334;partial=00;start_type=ATG;rbs_motif=AATAA;rbs_spacer=9bp;gc_cont=0.444
ctg000022_P_154      -            820 182107at2            -            492   9.7e-28   95.7   4.5   1   5   2.2e-26   1.1e-23   82.3   0.1     1   125    41   182    41   191 0.78 # 237927 # 240386 # 1 # ID=17_154;partial=00;start_type=ATG;rbs_motif=None;rbs_spacer=None;gc_cont=0.380
ctg000022_P_154      -            820 182107at2            -            492   9.7e-28   95.7   4.5   2   5     0.077        38    1.4   0.1   161   195   357   391   279   448 0.73 # 237927 # 240386 # 1 # ID=17_154;partial=00;start_type=ATG;rbs_motif=None;rbs_spacer=None;gc_cont=0.380
ctg000022_P_154      -            820 182107at2            -            492   9.7e-28   95.7   4.5   3   5   0.00055      0.27    8.4   0.0   242   319   480   555   466   562 0.77 # 237927 # 240386 # 1 # ID=17_154;partial=00;start_type=ATG;rbs_motif=None;rbs_spacer=None;gc_cont=0.380
ctg000022_P_154      -            820 182107at2            -            492   9.7e-28   95.7   4.5   4   5      0.31   1.5e+02   -0.6   0.0   320   347   682   709   660   773 0.79 # 237927 # 240386 # 1 # ID=17_154;partial=00;start_type=ATG;rbs_motif=None;rbs_spacer=None;gc_cont=0.380
ctg000022_P_154      -            820 182107at2            -            492   9.7e-28   95.7   4.5   5   5      0.73   3.6e+02   -1.8   0.0   352   384   774   807   735   810 0.74 # 237927 # 240386 # 1 # ID=17_154;partial=00;start_type=ATG;rbs_motif=None;rbs_spacer=None;gc_cont=0.380
ctg000008_P_317      -           1111 182107at2            -            492   6.6e-24   83.0   0.3   1   2   3.4e-25   1.7e-22   78.4   0.2     1   120    19   168    19   189 0.79 # 447475 # 450807 # 1 # ID=9_317;partial=00;start_type=ATG;rbs_motif=None;rbs_spacer=None;gc_cont=0.396
ctg000008_P_317      -           1111 182107at2            -            492   6.6e-24   83.0   0.3   2   2       1.7   8.2e+02   -3.0   0.0   168   197   572   602   569   606 0.80 # 447475 # 450807 # 1 # ID=9_317;partial=00;start_type=ATG;rbs_motif=None;rbs_spacer=None;gc_cont=0.396
ctg000002_P_268      -            438 182107at2            -            492   2.4e-16   58.1   0.3   1   1   1.8e-18   8.6e-16   56.3   0.3     3   202    50   289    49   301 0.70 # 406587 # 407900 # -1 # ID=3_268;partial=00;start_type=ATG;rbs_motif=None;rbs_spacer=None;gc_cont=0.420
ctg000002_P_531      -            677 182107at2            -            492   4.9e-14   50.5   3.7   1   2   9.9e-17   4.9e-14   50.5   3.7     5   194   149   361   147   381 0.76 # 812318 # 814348 # -1 # ID=3_531;partial=00;start_type=ATG;rbs_motif=None;rbs_spacer=None;gc_cont=0.369
ctg000002_P_531      -            677 182107at2            -            492   4.9e-14   50.5   3.7   2   2      0.19        92    0.1   0.1   178   224   596   642   545   660 0.82 # 812318 # 814348 # -1 # ID=3_531;partial=00;start_type=ATG;rbs_motif=None;rbs_spacer=None;gc_cont=0.369
ctg000005_P_161      -            459 182107at2            -            492   2.2e-10   38.4   0.1   1   3    0.0088       4.3    4.5   0.0     3    34     9    41     8    45 0.80 # 240802 # 242178 # -1 # ID=6_161;partial=00;start_type=ATG;rbs_motif=None;rbs_spacer=None;gc_cont=0.444
ctg000005_P_161      -            459 182107at2            -            492   2.2e-10   38.4   0.1   2   3   1.1e-10   5.2e-08   30.6   0.0    26   128    59   173    54   187 0.77 # 240802 # 242178 # -1 # ID=6_161;partial=00;start_type=ATG;rbs_motif=None;rbs_spacer=None;gc_cont=0.444
ctg000005_P_161      -            459 182107at2            -            492   2.2e-10   38.4   0.1   3   3      0.63   3.1e+02   -1.6   0.0   141   202   223   284   211   297 0.71 # 240802 # 242178 # -1 # ID=6_161;partial=00;start_type=ATG;rbs_motif=None;rbs_spacer=None;gc_cont=0.444
ctg000007_P_237      -            459 182107at2            -            492   2.2e-10   38.4   0.1   1   3    0.0088       4.3    4.5   0.0     3    34     9    41     8    45 0.80 # 340562 # 341938 # -1 # ID=8_237;partial=00;start_type=ATG;rbs_motif=None;rbs_spacer=None;gc_cont=0.447
ctg000007_P_237      -            459 182107at2            -            492   2.2e-10   38.4   0.1   2   3   1.1e-10   5.2e-08   30.6   0.0    26   128    59   173    54   187 0.77 # 340562 # 341938 # -1 # ID=8_237;partial=00;start_type=ATG;rbs_motif=None;rbs_spacer=None;gc_cont=0.447
ctg000007_P_237      -            459 182107at2            -            492   2.2e-10   38.4   0.1   3   3      0.63   3.1e+02   -1.6   0.0   141   202   223   284   211   297 0.71 # 340562 # 341938 # -1 # ID=8_237;partial=00;start_type=ATG;rbs_motif=None;rbs_spacer=None;gc_cont=0.447
ctg000009_P_77       -           1009 182107at2            -            492   3.5e-10   37.7   0.3   1   3   3.1e-12   1.5e-09   35.6   0.1    25   112   176   272   173   282 0.87 # 129680 # 132706 # 1 # ID=10_77;partial=00;start_type=ATG;rbs_motif=None;rbs_spacer=None;gc_cont=0.382
ctg000009_P_77       -           1009 182107at2            -            492   3.5e-10   37.7   0.3   2   3         1   4.9e+02   -2.3   0.0   179   201   484   506   463   509 0.81 # 129680 # 132706 # 1 # ID=10_77;partial=00;start_type=ATG;rbs_motif=None;rbs_spacer=None;gc_cont=0.382
ctg000009_P_77       -           1009 182107at2            -            492   3.5e-10   37.7   0.3   3   3       2.7   1.3e+03   -3.7   0.0   323   352   858   887   853   889 0.90 # 129680 # 132706 # 1 # ID=10_77;partial=00;start_type=ATG;rbs_motif=None;rbs_spacer=None;gc_cont=0.382
ctg000014_P_69       -           1003 182107at2            -            492   7.2e-10   36.7   0.1   1   2   1.5e-12   7.2e-10   36.7   0.1     5   112   409   534   407   543 0.81 # 83159 # 86167 # 1 # ID=15_69;partial=00;start_type=ATG;rbs_motif=None;rbs_spacer=None;gc_cont=0.413
ctg000014_P_69       -           1003 182107at2            -            492   7.2e-10   36.7   0.1   2   2      0.87   4.3e+02   -2.1   0.0   126   196   587   664   566   675 0.65 # 83159 # 86167 # 1 # ID=15_69;partial=00;start_type=ATG;rbs_motif=None;rbs_spacer=None;gc_cont=0.413
ctg000009_P_406      -            612 182107at2            -            492   1.4e-08   32.5   0.1   1   2    0.0029       1.4    6.1   0.0     4    29   170   196   168   209 0.79 # 604198 # 606033 # -1 # ID=10_406;partial=00;start_type=ATG;rbs_motif=None;rbs_spacer=None;gc_cont=0.400
ctg000009_P_406      -            612 182107at2            -            492   1.4e-08   32.5   0.1   2   2   1.1e-08   5.2e-06   24.0   0.0    26   120   219   325   210   362 0.77 # 604198 # 606033 # -1 # ID=10_406;partial=00;start_type=ATG;rbs_motif=None;rbs_spacer=None;gc_cont=0.400
ctg000010_P_261      -            528 182107at2            -            492   1.2e-07   29.4   0.5   1   2   0.00027      0.13    9.5   0.1     3    43   102   141   100   152 0.80 # 371181 # 372764 # -1 # ID=11_261;partial=00;start_type=ATG;rbs_motif=None;rbs_spacer=None;gc_cont=0.404
ctg000010_P_261      -            528 182107at2            -            492   1.2e-07   29.4   0.5   2   2   6.2e-07    0.0003   18.2   0.1    50   161   189   308   183   357 0.73 # 371181 # 372764 # -1 # ID=11_261;partial=00;start_type=ATG;rbs_motif=None;rbs_spacer=None;gc_cont=0.404
ctg000008_P_226      -            221 182107at2            -            492   1.3e-05   22.7   0.0   1   1   2.9e-08   1.4e-05   22.5   0.0    47   163    60   187    24   199 0.81 # 327057 # 327719 # -1 # ID=9_226;partial=00;start_type=ATG;rbs_motif=None;rbs_spacer=None;gc_cont=0.397
ctg000002_P_387      -            211 182107at2            -            492   0.00031   18.1   0.0   1   1   7.8e-07   0.00038   17.8   0.0    38   161    49   177    14   182 0.77 # 595589 # 596221 # 1 # ID=3_387;partial=00;start_type=ATG;rbs_motif=None;rbs_spacer=None;gc_cont=0.417
ctg000009_P_109      -            245 182107at2            -            492     0.019   12.2   0.0   1   1   5.3e-05     0.026   11.8   0.0    51   129    84   180    78   230 0.70 # 168748 # 169482 # 1 # ID=10_109;partial=00;start_type=ATG;rbs_motif=None;rbs_spacer=None;gc_cont=0.374
#
# Program:         hmmsearch
# Version:         3.1b2 (February 2015)
# Pipeline mode:   SEARCH
# Query file:      /Users/dominiquefastus/DeNovoProj/BUSCO_ass/busco_downloads/lineages/bacteria_odb10/hmms/182107at2.hmm
# Target file:     /Users/dominiquefastus/DeNovoProj/BUSCO_ass/busco_out/prodigal_output/predicted_genes/predicted.faa
# Option settings: hmmsearch --domtblout /Users/dominiquefastus/DeNovoProj/BUSCO_ass/busco_out/auto_lineage/run_bacteria_odb10/hmmer_output/182107at2.out --cpu 1 /Users/dominiquefastus/DeNovoProj/BUSCO_ass/busco_downloads/lineages/bacteria_odb10/hmms/182107at2.hmm /Users/dominiquefastus/DeNovoProj/BUSCO_ass/busco_out/prodigal_output/predicted_genes/predicted.faa 
# Current dir:     /Users/dominiquefastus/DeNovoProj/BUSCO_ass
# Date:            Fri Feb 24 11:40:48 2023
# [ok]
