#                                                                            --- full sequence --- -------------- this domain -------------   hmm coord   ali coord   env coord
# target name        accession   tlen query name           accession   qlen   E-value  score  bias   #  of  c-Evalue  i-Evalue  score  bias  from    to  from    to  from    to  acc description of target
#------------------- ---------- ----- -------------------- ---------- ----- --------- ------ ----- --- --- --------- --------- ------ ----- ----- ----- ----- ----- ----- ----- ---- ---------------------
ctg000003_P_205      -           4911 219876at2            -            282   1.6e-06   26.6   4.3   1   6     0.037        19    3.4   0.0    39    68   302   329   273   335 0.85 # 328841 # 343573 # -1 # ID=4_205;partial=00;start_type=ATG;rbs_motif=None;rbs_spacer=None;gc_cont=0.377
ctg000003_P_205      -           4911 219876at2            -            282   1.6e-06   26.6   4.3   2   6    0.0035       1.8    6.7   0.0    36    69   637   668   610   683 0.76 # 328841 # 343573 # -1 # ID=4_205;partial=00;start_type=ATG;rbs_motif=None;rbs_spacer=None;gc_cont=0.377
ctg000003_P_205      -           4911 219876at2            -            282   1.6e-06   26.6   4.3   3   6         1   5.4e+02   -1.4   0.0    42    68  1072  1097  1048  1110 0.72 # 328841 # 343573 # -1 # ID=4_205;partial=00;start_type=ATG;rbs_motif=None;rbs_spacer=None;gc_cont=0.377
ctg000003_P_205      -           4911 219876at2            -            282   1.6e-06   26.6   4.3   4   6     0.024        12    4.0   0.0    46    68  1360  1382  1349  1397 0.85 # 328841 # 343573 # -1 # ID=4_205;partial=00;start_type=ATG;rbs_motif=None;rbs_spacer=None;gc_cont=0.377
ctg000003_P_205      -           4911 219876at2            -            282   1.6e-06   26.6   4.3   5   6    0.0029       1.5    7.0   0.0    37    69  1734  1762  1722  1770 0.79 # 328841 # 343573 # -1 # ID=4_205;partial=00;start_type=ATG;rbs_motif=None;rbs_spacer=None;gc_cont=0.377
ctg000003_P_205      -           4911 219876at2            -            282   1.6e-06   26.6   4.3   6   6         1   5.4e+02   -1.4   0.0   147   219  3285  3354  3281  3358 0.87 # 328841 # 343573 # -1 # ID=4_205;partial=00;start_type=ATG;rbs_motif=None;rbs_spacer=None;gc_cont=0.377
ctg000003_P_33       -            838 219876at2            -            282   2.1e-05   22.9   0.0   1   3         3   1.6e+03   -2.9   0.0   193   224    79   111    73   113 0.70 # 56272 # 58785 # -1 # ID=4_33;partial=00;start_type=ATG;rbs_motif=None;rbs_spacer=None;gc_cont=0.390
ctg000003_P_33       -            838 219876at2            -            282   2.1e-05   22.9   0.0   2   3    0.0041       2.1    6.5   0.0    50    77   242   269   236   290 0.91 # 56272 # 58785 # -1 # ID=4_33;partial=00;start_type=ATG;rbs_motif=None;rbs_spacer=None;gc_cont=0.390
ctg000003_P_33       -            838 219876at2            -            282   2.1e-05   22.9   0.0   3   3   4.4e-05     0.023   13.0   0.0    49    90   569   612   540   619 0.79 # 56272 # 58785 # -1 # ID=4_33;partial=00;start_type=ATG;rbs_motif=None;rbs_spacer=None;gc_cont=0.390
ctg000000_P_166      -            836 219876at2            -            282   0.00011   20.6   0.1   1   3     0.001      0.52    8.5   0.0    49    73   250   274   238   298 0.85 # 236596 # 239103 # -1 # ID=1_166;partial=00;start_type=ATG;rbs_motif=None;rbs_spacer=None;gc_cont=0.418
ctg000000_P_166      -            836 219876at2            -            282   0.00011   20.6   0.1   2   3       5.4   2.8e+03   -3.7   0.0   120   167   352   398   347   439 0.70 # 236596 # 239103 # -1 # ID=1_166;partial=00;start_type=ATG;rbs_motif=None;rbs_spacer=None;gc_cont=0.418
ctg000000_P_166      -            836 219876at2            -            282   0.00011   20.6   0.1   3   3   0.00084      0.44    8.8   0.0    50    77   524   551   519   554 0.86 # 236596 # 239103 # -1 # ID=1_166;partial=00;start_type=ATG;rbs_motif=None;rbs_spacer=None;gc_cont=0.418
ctg000007_P_284      -            759 219876at2            -            282   0.00018   19.9   0.5   1   3    0.0022       1.1    7.4   0.0    46    70   273   297   264   324 0.87 # 416869 # 419145 # 1 # ID=8_284;partial=00;start_type=ATG;rbs_motif=None;rbs_spacer=None;gc_cont=0.384
ctg000007_P_284      -            759 219876at2            -            282   0.00018   19.9   0.5   2   3      0.21   1.1e+02    0.9   0.1   121   214   389   482   379   500 0.63 # 416869 # 419145 # 1 # ID=8_284;partial=00;start_type=ATG;rbs_motif=None;rbs_spacer=None;gc_cont=0.384
ctg000007_P_284      -            759 219876at2            -            282   0.00018   19.9   0.5   3   3    0.0019      0.98    7.6   0.0    46    70   556   580   541   588 0.82 # 416869 # 419145 # 1 # ID=8_284;partial=00;start_type=ATG;rbs_motif=None;rbs_spacer=None;gc_cont=0.384
ctg000003_P_588      -            781 219876at2            -            282   0.00026   19.3   0.0   1   4     0.001      0.52    8.5   0.0    50    76   282   308   276   350 0.84 # 882449 # 884791 # -1 # ID=4_588;partial=00;start_type=ATG;rbs_motif=None;rbs_spacer=None;gc_cont=0.420
ctg000003_P_588      -            781 219876at2            -            282   0.00026   19.3   0.0   2   4      0.26   1.3e+02    0.6   0.0   118   167   382   430   377   470 0.87 # 882449 # 884791 # -1 # ID=4_588;partial=00;start_type=ATG;rbs_motif=None;rbs_spacer=None;gc_cont=0.420
ctg000003_P_588      -            781 219876at2            -            282   0.00026   19.3   0.0   3   4       0.1        53    1.9   0.0    46    76   549   579   537   601 0.75 # 882449 # 884791 # -1 # ID=4_588;partial=00;start_type=ATG;rbs_motif=None;rbs_spacer=None;gc_cont=0.420
ctg000003_P_588      -            781 219876at2            -            282   0.00026   19.3   0.0   4   4     0.092        48    2.1   0.0   115   166   648   699   643   720 0.83 # 882449 # 884791 # -1 # ID=4_588;partial=00;start_type=ATG;rbs_motif=None;rbs_spacer=None;gc_cont=0.420
ctg000000_P_853      -            429 219876at2            -            282   0.00042   18.7   0.0   1   1   1.6e-06   0.00084   17.7   0.0    50    86   209   247   198   320 0.84 # 1242198 # 1243484 # 1 # ID=1_853;partial=00;start_type=ATG;rbs_motif=None;rbs_spacer=None;gc_cont=0.421
ctg000001_P_475      -            406 219876at2            -            282   0.00081   17.7   0.2   1   3       1.5   7.6e+02   -1.9   0.0   171   191    98   118    88   141 0.71 # 694625 # 695842 # 1 # ID=2_475;partial=00;start_type=ATG;rbs_motif=None;rbs_spacer=None;gc_cont=0.405
ctg000001_P_475      -            406 219876at2            -            282   0.00081   17.7   0.2   2   3   9.1e-06    0.0047   15.2   0.0    46    86   181   223   175   236 0.74 # 694625 # 695842 # 1 # ID=2_475;partial=00;start_type=ATG;rbs_motif=None;rbs_spacer=None;gc_cont=0.405
ctg000001_P_475      -            406 219876at2            -            282   0.00081   17.7   0.2   3   3       2.1   1.1e+03   -2.4   0.0   149   193   317   359   312   401 0.66 # 694625 # 695842 # 1 # ID=2_475;partial=00;start_type=ATG;rbs_motif=None;rbs_spacer=None;gc_cont=0.405
ctg000009_P_46       -           1044 219876at2            -            282     0.002   16.5   0.0   1   2     0.025        13    3.9   0.0    50    71   457   478   441   491 0.86 # 77884 # 81015 # -1 # ID=10_46;partial=00;start_type=ATG;rbs_motif=None;rbs_spacer=None;gc_cont=0.396
ctg000009_P_46       -           1044 219876at2            -            282     0.002   16.5   0.0   2   2   0.00038       0.2    9.9   0.0    50    94   734   780   731   783 0.78 # 77884 # 81015 # -1 # ID=10_46;partial=00;start_type=ATG;rbs_motif=None;rbs_spacer=None;gc_cont=0.396
ctg000000_P_650      -            812 219876at2            -            282    0.0087   14.3   0.0   1   2    0.0038         2    6.6   0.0    27    69   117   158   103   162 0.78 # 952324 # 954759 # -1 # ID=1_650;partial=00;start_type=ATG;rbs_motif=None;rbs_spacer=None;gc_cont=0.388
ctg000000_P_650      -            812 219876at2            -            282    0.0087   14.3   0.0   2   2     0.015       7.7    4.7   0.0    48    68   535   555   522   577 0.85 # 952324 # 954759 # -1 # ID=1_650;partial=00;start_type=ATG;rbs_motif=None;rbs_spacer=None;gc_cont=0.388
ctg000006_P_164      -            209 219876at2            -            282    0.0087   14.3   0.0   1   1   3.7e-05     0.019   13.2   0.0    49    71    10    32     3    44 0.85 # 250564 # 251190 # 1 # ID=7_164;partial=00;start_type=ATG;rbs_motif=None;rbs_spacer=None;gc_cont=0.384
ctg000010_P_377      -            510 219876at2            -            282     0.014   13.7   0.0   1   1   4.5e-05     0.024   12.9   0.0    35    91   107   163    97   174 0.67 # 519861 # 521390 # -1 # ID=11_377;partial=00;start_type=ATG;rbs_motif=None;rbs_spacer=None;gc_cont=0.417
ctg000000_P_823      -            457 219876at2            -            282     0.017   13.4   0.0   1   1   5.5e-05     0.029   12.6   0.0    51   105   264   323   260   332 0.85 # 1205683 # 1207053 # -1 # ID=1_823;partial=00;start_type=ATG;rbs_motif=None;rbs_spacer=None;gc_cont=0.414
ctg000000_P_313      -            458 219876at2            -            282     0.022   13.0   0.0   1   1   8.8e-05     0.046   12.0   0.0    50    76   239   265   231   276 0.87 # 438449 # 439822 # 1 # ID=1_313;partial=00;start_type=GTG;rbs_motif=None;rbs_spacer=None;gc_cont=0.387
ctg000005_P_40       -            438 219876at2            -            282     0.031   12.5   0.0   1   2   0.00033      0.17   10.1   0.0    50    77   169   196   162   216 0.80 # 60865 # 62178 # 1 # ID=6_40;partial=00;start_type=ATG;rbs_motif=None;rbs_spacer=None;gc_cont=0.427
ctg000005_P_40       -            438 219876at2            -            282     0.031   12.5   0.0   2   2      0.57   2.9e+02   -0.5   0.0   121   217   272   359   267   372 0.75 # 60865 # 62178 # 1 # ID=6_40;partial=00;start_type=ATG;rbs_motif=None;rbs_spacer=None;gc_cont=0.427
ctg000001_P_375      -            363 219876at2            -            282     0.046   12.0   0.0   1   1   0.00016     0.086   11.1   0.0    49    76   128   155   123   201 0.87 # 562552 # 563640 # -1 # ID=2_375;partial=00;start_type=ATG;rbs_motif=None;rbs_spacer=None;gc_cont=0.380
ctg000007_P_153      -            537 219876at2            -            282     0.047   12.0   0.0   1   1   0.00018     0.096   10.9   0.0    29    73   293   333   278   336 0.78 # 217444 # 219054 # -1 # ID=8_153;partial=00;start_type=ATG;rbs_motif=AATAA;rbs_spacer=4bp;gc_cont=0.362
#
# Program:         hmmsearch
# Version:         3.1b2 (February 2015)
# Pipeline mode:   SEARCH
# Query file:      /Users/dominiquefastus/DeNovoProj/BUSCO_ass/busco_downloads/lineages/bacteria_odb10/hmms/219876at2.hmm
# Target file:     /Users/dominiquefastus/DeNovoProj/BUSCO_ass/busco_out/prodigal_output/predicted_genes/predicted.faa
# Option settings: hmmsearch --domtblout /Users/dominiquefastus/DeNovoProj/BUSCO_ass/busco_out/auto_lineage/run_bacteria_odb10/hmmer_output/219876at2.out --cpu 1 /Users/dominiquefastus/DeNovoProj/BUSCO_ass/busco_downloads/lineages/bacteria_odb10/hmms/219876at2.hmm /Users/dominiquefastus/DeNovoProj/BUSCO_ass/busco_out/prodigal_output/predicted_genes/predicted.faa 
# Current dir:     /Users/dominiquefastus/DeNovoProj/BUSCO_ass
# Date:            Fri Feb 24 11:40:53 2023
# [ok]
