#                                                                            --- full sequence --- -------------- this domain -------------   hmm coord   ali coord   env coord
# target name        accession   tlen query name           accession   qlen   E-value  score  bias   #  of  c-Evalue  i-Evalue  score  bias  from    to  from    to  from    to  acc description of target
#------------------- ---------- ----- -------------------- ---------- ----- --------- ------ ----- --- --- --------- --------- ------ ----- ----- ----- ----- ----- ----- ----- ---- ---------------------
ctg000003_P_33       -            838 874197at2            -            274   2.1e-15   55.5   0.0   1   2     2e-10   4.7e-08   31.4   0.0    35   190   239   412   233   431 0.71 # 56272 # 58785 # -1 # ID=4_33;partial=00;start_type=ATG;rbs_motif=None;rbs_spacer=None;gc_cont=0.390
ctg000003_P_33       -            838 874197at2            -            274   2.1e-15   55.5   0.0   2   2   2.1e-07   4.8e-05   21.5   0.0    37    71   569   603   546   642 0.80 # 56272 # 58785 # -1 # ID=4_33;partial=00;start_type=ATG;rbs_motif=None;rbs_spacer=None;gc_cont=0.390
ctg000000_P_166      -            836 874197at2            -            274   2.9e-15   55.0   0.1   1   2   4.8e-09   1.1e-06   26.9   0.0    36    98   249   319   241   373 0.81 # 236596 # 239103 # -1 # ID=1_166;partial=00;start_type=ATG;rbs_motif=None;rbs_spacer=None;gc_cont=0.418
ctg000000_P_166      -            836 874197at2            -            274   2.9e-15   55.0   0.1   2   2   1.5e-08   3.5e-06   25.3   0.0    36    96   522   590   494   597 0.80 # 236596 # 239103 # -1 # ID=1_166;partial=00;start_type=ATG;rbs_motif=None;rbs_spacer=None;gc_cont=0.418
ctg000003_P_588      -            781 874197at2            -            274   1.1e-13   49.9   0.0   1   2     6e-09   1.4e-06   26.6   0.0    37    98   281   350   276   356 0.75 # 882449 # 884791 # -1 # ID=4_588;partial=00;start_type=ATG;rbs_motif=None;rbs_spacer=None;gc_cont=0.420
ctg000003_P_588      -            781 874197at2            -            274   1.1e-13   49.9   0.0   2   2   4.3e-07   9.9e-05   20.5   0.0    16    96   527   619   513   625 0.65 # 882449 # 884791 # -1 # ID=4_588;partial=00;start_type=ATG;rbs_motif=None;rbs_spacer=None;gc_cont=0.420
ctg000008_P_383      -            588 874197at2            -            274   1.6e-09   36.3   0.1   1   2   7.4e-11   1.7e-08   32.8   0.1     2   110   137   265   136   285 0.64 # 537544 # 539307 # -1 # ID=9_383;partial=00;start_type=ATG;rbs_motif=None;rbs_spacer=None;gc_cont=0.398
ctg000008_P_383      -            588 874197at2            -            274   1.6e-09   36.3   0.1   2   2      0.39        89    1.0   0.0   131   181   267   321   261   357 0.73 # 537544 # 539307 # -1 # ID=9_383;partial=00;start_type=ATG;rbs_motif=None;rbs_spacer=None;gc_cont=0.398
ctg000003_P_205      -           4911 874197at2            -            274   1.1e-07   30.3   3.3   1   5       2.8   6.5e+02   -1.8   0.0    36    61   309   334   300   341 0.84 # 328841 # 343573 # -1 # ID=4_205;partial=00;start_type=ATG;rbs_motif=None;rbs_spacer=None;gc_cont=0.377
ctg000003_P_205      -           4911 874197at2            -            274   1.1e-07   30.3   3.3   2   5    0.0026      0.59    8.1   0.1    34    79   645   690   630   705 0.86 # 328841 # 343573 # -1 # ID=4_205;partial=00;start_type=ATG;rbs_motif=None;rbs_spacer=None;gc_cont=0.377
ctg000003_P_205      -           4911 874197at2            -            274   1.1e-07   30.3   3.3   3   5       3.2   7.4e+02   -2.0   0.0    37    61  1078  1102  1053  1109 0.75 # 328841 # 343573 # -1 # ID=4_205;partial=00;start_type=ATG;rbs_motif=None;rbs_spacer=None;gc_cont=0.377
ctg000003_P_205      -           4911 874197at2            -            274   1.1e-07   30.3   3.3   4   5   0.00048      0.11   10.5   0.0    30    77  1359  1403  1341  1415 0.79 # 328841 # 343573 # -1 # ID=4_205;partial=00;start_type=ATG;rbs_motif=None;rbs_spacer=None;gc_cont=0.377
ctg000003_P_205      -           4911 874197at2            -            274   1.1e-07   30.3   3.3   5   5     0.003      0.69    7.9   0.0    35    64  1740  1769  1727  1784 0.81 # 328841 # 343573 # -1 # ID=4_205;partial=00;start_type=ATG;rbs_motif=None;rbs_spacer=None;gc_cont=0.377
ctg000001_P_375      -            363 874197at2            -            274   1.6e-07   29.7   0.0   1   1   1.1e-09   2.6e-07   29.0   0.0    35   101   126   200   117   250 0.74 # 562552 # 563640 # -1 # ID=2_375;partial=00;start_type=ATG;rbs_motif=None;rbs_spacer=None;gc_cont=0.380
ctg000005_P_563      -            472 874197at2            -            274   2.9e-07   28.8   0.4   1   2   1.6e-07   3.8e-05   21.9   0.0     5    67    38   100    34   108 0.93 # 838151 # 839566 # -1 # ID=6_563;partial=00;start_type=ATG;rbs_motif=AAAAAA;rbs_spacer=10bp;gc_cont=0.395
ctg000005_P_563      -            472 874197at2            -            274   2.9e-07   28.8   0.4   2   2     0.042       9.6    4.2   0.1    89   115   292   321   287   333 0.72 # 838151 # 839566 # -1 # ID=6_563;partial=00;start_type=ATG;rbs_motif=AAAAAA;rbs_spacer=10bp;gc_cont=0.395
ctg000005_P_40       -            438 874197at2            -            274   5.2e-07   28.0   0.0   1   1   3.5e-09   8.1e-07   27.4   0.0    32    99   163   238   141   293 0.79 # 60865 # 62178 # 1 # ID=6_40;partial=00;start_type=ATG;rbs_motif=None;rbs_spacer=None;gc_cont=0.427
ctg000005_P_356      -            755 874197at2            -            274   1.1e-06   26.9   0.0   1   1   9.6e-09   2.2e-06   25.9   0.0    32    98   501   575   495   581 0.74 # 524780 # 527044 # -1 # ID=6_356;partial=00;start_type=ATG;rbs_motif=AAAAAA;rbs_spacer=10bp;gc_cont=0.396
ctg000010_P_229      -            899 874197at2            -            274   1.6e-06   26.4   0.0   1   1   1.3e-08   3.1e-06   25.5   0.0    32    98   636   710   631   714 0.71 # 331514 # 334210 # 1 # ID=11_229;partial=00;start_type=ATG;rbs_motif=None;rbs_spacer=None;gc_cont=0.400
ctg000005_P_226      -            748 874197at2            -            274   1.7e-06   26.3   0.0   1   1     5e-08   1.1e-05   23.6   0.0    35   228   314   520   278   533 0.68 # 330049 # 332292 # -1 # ID=6_226;partial=00;start_type=ATG;rbs_motif=None;rbs_spacer=None;gc_cont=0.429
ctg000002_P_171      -            438 874197at2            -            274   2.1e-06   26.0   0.0   1   1   1.6e-08   3.7e-06   25.2   0.0    36    96   216   284   206   291 0.75 # 278223 # 279536 # 1 # ID=3_171;partial=00;start_type=ATG;rbs_motif=AATAA;rbs_spacer=6bp;gc_cont=0.411
ctg000007_P_284      -            759 874197at2            -            274   2.2e-06   25.9   0.1   1   2   8.6e-05      0.02   13.0   0.1    36    69   275   309   268   316 0.79 # 416869 # 419145 # 1 # ID=8_284;partial=00;start_type=ATG;rbs_motif=None;rbs_spacer=None;gc_cont=0.384
ctg000007_P_284      -            759 874197at2            -            274   2.2e-06   25.9   0.1   2   2   0.00075      0.17    9.9   0.0    31    62   553   584   536   631 0.81 # 416869 # 419145 # 1 # ID=8_284;partial=00;start_type=ATG;rbs_motif=None;rbs_spacer=None;gc_cont=0.384
ctg000000_P_563      -            464 874197at2            -            274   2.6e-06   25.7   0.3   1   3   1.3e-07   3.1e-05   22.2   0.0    11    63    48   100    42   106 0.95 # 821117 # 822508 # -1 # ID=1_563;partial=00;start_type=ATG;rbs_motif=AATAA;rbs_spacer=10bp;gc_cont=0.406
ctg000000_P_563      -            464 874197at2            -            274   2.6e-06   25.7   0.3   2   3      0.45     1e+02    0.8   0.0    89   112   307   333   279   349 0.76 # 821117 # 822508 # -1 # ID=1_563;partial=00;start_type=ATG;rbs_motif=AATAA;rbs_spacer=10bp;gc_cont=0.406
ctg000000_P_563      -            464 874197at2            -            274   2.6e-06   25.7   0.3   3   3       8.3   1.9e+03   -3.4   0.0   149   173   365   391   359   420 0.56 # 821117 # 822508 # -1 # ID=1_563;partial=00;start_type=ATG;rbs_motif=AATAA;rbs_spacer=10bp;gc_cont=0.406
ctg000002_P_225      -            862 874197at2            -            274   4.4e-06   24.9   0.0   1   1   3.3e-08   7.6e-06   24.2   0.0    24    74   335   385   319   403 0.77 # 340046 # 342631 # -1 # ID=3_225;partial=00;start_type=ATG;rbs_motif=AATAA;rbs_spacer=15bp;gc_cont=0.395
ctg000001_P_475      -            406 874197at2            -            274   4.9e-06   24.8   0.0   1   1   3.8e-08   8.9e-06   23.9   0.0    36    96   183   251   157   258 0.77 # 694625 # 695842 # 1 # ID=2_475;partial=00;start_type=ATG;rbs_motif=None;rbs_spacer=None;gc_cont=0.405
ctg000008_P_512      -           1051 874197at2            -            274   1.7e-05   23.0   0.0   1   1   1.4e-07   3.3e-05   22.1   0.0    36   102   786   860   776   926 0.70 # 754834 # 757986 # 1 # ID=9_512;partial=00;start_type=GTG;rbs_motif=AACAA;rbs_spacer=9bp;gc_cont=0.389
ctg000000_P_853      -            429 874197at2            -            274   2.2e-05   22.7   0.0   1   1   1.5e-07   3.4e-05   22.0   0.0    34   100   205   279   179   349 0.67 # 1242198 # 1243484 # 1 # ID=1_853;partial=00;start_type=ATG;rbs_motif=None;rbs_spacer=None;gc_cont=0.421
ctg000006_P_254      -            742 874197at2            -            274   4.4e-05   21.7   0.0   1   1   3.6e-07   8.2e-05   20.8   0.0    37    66   178   207   170   258 0.84 # 394350 # 396575 # -1 # ID=7_254;partial=00;start_type=ATG;rbs_motif=None;rbs_spacer=None;gc_cont=0.381
ctg000009_P_46       -           1044 874197at2            -            274   5.4e-05   21.4   0.0   1   2      0.47   1.1e+02    0.7   0.0    36    61   455   480   430   499 0.79 # 77884 # 81015 # -1 # ID=10_46;partial=00;start_type=ATG;rbs_motif=None;rbs_spacer=None;gc_cont=0.396
ctg000009_P_46       -           1044 874197at2            -            274   5.4e-05   21.4   0.0   2   2   3.1e-06   0.00071   17.7   0.0    38    71   734   767   729   803 0.83 # 77884 # 81015 # -1 # ID=10_46;partial=00;start_type=ATG;rbs_motif=None;rbs_spacer=None;gc_cont=0.396
ctg000006_P_271      -            826 874197at2            -            274     6e-05   21.2   0.0   1   1   5.2e-07   0.00012   20.2   0.0    32    96   378   450   340   455 0.61 # 417456 # 419933 # -1 # ID=7_271;partial=00;start_type=ATG;rbs_motif=None;rbs_spacer=None;gc_cont=0.404
ctg000000_P_823      -            457 874197at2            -            274   6.4e-05   21.1   0.0   1   1   4.5e-07    0.0001   20.4   0.0    38    96   263   322   257   328 0.87 # 1205683 # 1207053 # -1 # ID=1_823;partial=00;start_type=ATG;rbs_motif=None;rbs_spacer=None;gc_cont=0.414
ctg000000_P_313      -            458 874197at2            -            274     9e-05   20.6   0.0   1   1   7.3e-07   0.00017   19.8   0.0    36    96   237   305   212   311 0.72 # 438449 # 439822 # 1 # ID=1_313;partial=00;start_type=GTG;rbs_motif=None;rbs_spacer=None;gc_cont=0.387
ctg000009_P_119      -            468 874197at2            -            274   9.7e-05   20.5   0.0   1   1   6.5e-07   0.00015   19.9   0.0    36    95   244   311   236   316 0.71 # 181360 # 182763 # 1 # ID=10_119;partial=00;start_type=ATG;rbs_motif=None;rbs_spacer=None;gc_cont=0.415
ctg000010_P_271      -            761 874197at2            -            274   0.00011   20.4   0.0   1   1     1e-06   0.00024   19.2   0.0    36    98   321   391   281   395 0.73 # 386208 # 388490 # 1 # ID=11_271;partial=00;start_type=ATG;rbs_motif=None;rbs_spacer=None;gc_cont=0.432
ctg000002_P_351      -            435 874197at2            -            274   0.00012   20.2   0.0   1   1   1.1e-06   0.00025   19.2   0.0    35    95   215   283   191   290 0.73 # 540082 # 541386 # -1 # ID=3_351;partial=00;start_type=ATG;rbs_motif=None;rbs_spacer=None;gc_cont=0.411
ctg000008_P_470      -            341 874197at2            -            274   0.00018   19.7   0.0   1   1   1.6e-06   0.00036   18.7   0.0     5    59    20    70    17    86 0.79 # 690287 # 691309 # -1 # ID=9_470;partial=00;start_type=ATG;rbs_motif=None;rbs_spacer=None;gc_cont=0.452
ctg000007_P_100      -            521 874197at2            -            274   0.00028   19.0   0.0   1   1   2.5e-06   0.00057   18.0   0.0    34    77   132   175   109   212 0.87 # 138626 # 140188 # 1 # ID=8_100;partial=00;start_type=ATG;rbs_motif=None;rbs_spacer=None;gc_cont=0.378
ctg000024_P_13       -            521 874197at2            -            274   0.00028   19.0   0.0   1   1   2.5e-06   0.00057   18.0   0.0    34    77   132   175   109   212 0.87 # 16800 # 18362 # 1 # ID=19_13;partial=00;start_type=ATG;rbs_motif=None;rbs_spacer=None;gc_cont=0.378
ctg000022_P_355      -            354 874197at2            -            274   0.00052   18.1   0.0   1   1   3.7e-06   0.00084   17.5   0.0     5    59    32    82    28    91 0.74 # 586196 # 587257 # 1 # ID=17_355;partial=00;start_type=ATG;rbs_motif=None;rbs_spacer=None;gc_cont=0.388
ctg000002_P_616      -            324 874197at2            -            274    0.0017   16.4   0.0   1   1   1.6e-05    0.0037   15.4   0.0     5    59    16    66    13    78 0.81 # 949850 # 950821 # 1 # ID=3_616;partial=00;start_type=ATG;rbs_motif=AAAAA;rbs_spacer=10bp;gc_cont=0.395
ctg000007_P_153      -            537 874197at2            -            274    0.0019   16.3   0.1   1   2   2.2e-05    0.0052   14.9   0.0    37    65   309   337   300   356 0.85 # 217444 # 219054 # -1 # ID=8_153;partial=00;start_type=ATG;rbs_motif=AATAA;rbs_spacer=4bp;gc_cont=0.362
ctg000007_P_153      -            537 874197at2            -            274    0.0019   16.3   0.1   2   2       3.6   8.4e+02   -2.2   0.0   180   232   410   468   399   484 0.63 # 217444 # 219054 # -1 # ID=8_153;partial=00;start_type=ATG;rbs_motif=AATAA;rbs_spacer=4bp;gc_cont=0.362
ctg000007_P_437      -           1134 874197at2            -            274    0.0038   15.3   0.0   1   1   6.5e-05     0.015   13.4   0.0    11    69   600   659   596   792 0.78 # 625948 # 629349 # 1 # ID=8_437;partial=00;start_type=ATG;rbs_motif=None;rbs_spacer=None;gc_cont=0.407
ctg000001_P_40       -           1380 874197at2            -            274    0.0048   15.0   0.0   1   1   4.7e-05     0.011   13.8   0.0    36    65   448   477   418   580 0.82 # 65856 # 69995 # -1 # ID=2_40;partial=00;start_type=ATG;rbs_motif=None;rbs_spacer=None;gc_cont=0.384
ctg000022_P_40       -            514 874197at2            -            274     0.054   11.5   0.0   1   1   0.00055      0.13   10.3   0.0    27    60    93   127    80   142 0.76 # 81459 # 83000 # 1 # ID=17_40;partial=00;start_type=ATG;rbs_motif=None;rbs_spacer=None;gc_cont=0.408
ctg000000_P_650      -            812 874197at2            -            274     0.057   11.5   1.9   1   3       2.5   5.8e+02   -1.7   0.0   186   202    42    58    12    79 0.74 # 952324 # 954759 # -1 # ID=1_650;partial=00;start_type=ATG;rbs_motif=None;rbs_spacer=None;gc_cont=0.388
ctg000000_P_650      -            812 874197at2            -            274     0.057   11.5   1.9   2   3      0.26        59    1.6   0.4    76    98   195   220   122   224 0.50 # 952324 # 954759 # -1 # ID=1_650;partial=00;start_type=ATG;rbs_motif=None;rbs_spacer=None;gc_cont=0.388
ctg000000_P_650      -            812 874197at2            -            274     0.057   11.5   1.9   3   3    0.0066       1.5    6.8   0.0    19    57   518   556   501   564 0.78 # 952324 # 954759 # -1 # ID=1_650;partial=00;start_type=ATG;rbs_motif=None;rbs_spacer=None;gc_cont=0.388
#
# Program:         hmmsearch
# Version:         3.1b2 (February 2015)
# Pipeline mode:   SEARCH
# Query file:      /Users/dominiquefastus/DeNovoProj/BUSCO_ass/busco_downloads/lineages/bacteria_odb10/hmms/874197at2.hmm
# Target file:     /Users/dominiquefastus/DeNovoProj/BUSCO_ass/busco_out/prodigal_output/predicted_genes/predicted.faa
# Option settings: hmmsearch --domtblout /Users/dominiquefastus/DeNovoProj/BUSCO_ass/busco_out/auto_lineage/run_bacteria_odb10/hmmer_output/874197at2.out --cpu 1 /Users/dominiquefastus/DeNovoProj/BUSCO_ass/busco_downloads/lineages/bacteria_odb10/hmms/874197at2.hmm /Users/dominiquefastus/DeNovoProj/BUSCO_ass/busco_out/prodigal_output/predicted_genes/predicted.faa 
# Current dir:     /Users/dominiquefastus/DeNovoProj/BUSCO_ass
# Date:            Fri Feb 24 11:41:04 2023
# [ok]
