#                                                                            --- full sequence --- -------------- this domain -------------   hmm coord   ali coord   env coord
# target name        accession   tlen query name           accession   qlen   E-value  score  bias   #  of  c-Evalue  i-Evalue  score  bias  from    to  from    to  from    to  acc description of target
#------------------- ---------- ----- -------------------- ---------- ----- --------- ------ ----- --- --- --------- --------- ------ ----- ----- ----- ----- ----- ----- ----- ---- ---------------------
ctg000000_P_754      -            690 95696at2             -            490   4.3e-14   50.9   0.1   1   2   0.00012      0.02   12.4   0.0     6    75    60   141    56   172 0.77 # 1111517 # 1113586 # 1 # ID=1_754;partial=00;start_type=ATG;rbs_motif=AATAA;rbs_spacer=3bp;gc_cont=0.364
ctg000000_P_754      -            690 95696at2             -            490   4.3e-14   50.9   0.1   2   2   8.6e-12   1.4e-09   36.0   0.0   336   434   278   371   262   381 0.89 # 1111517 # 1113586 # 1 # ID=1_754;partial=00;start_type=ATG;rbs_motif=AATAA;rbs_spacer=3bp;gc_cont=0.364
ctg000002_P_438      -            483 95696at2             -            490     2e-12   45.4   0.2   1   1   2.4e-14     4e-12   44.4   0.1   336   434   330   429   319   451 0.83 # 670532 # 671980 # 1 # ID=3_438;partial=00;start_type=ATG;rbs_motif=None;rbs_spacer=None;gc_cont=0.377
ctg000009_P_377      -            396 95696at2             -            490   1.1e-10   39.7   1.3   1   3       8.3   1.4e+03   -3.5   0.0   274   289    37    52     7    54 0.68 # 562135 # 563322 # 1 # ID=10_377;partial=00;start_type=ATG;rbs_motif=None;rbs_spacer=None;gc_cont=0.404
ctg000009_P_377      -            396 95696at2             -            490   1.1e-10   39.7   1.3   2   3      0.77   1.3e+02   -0.1   0.1     7    41    68   108    62   121 0.67 # 562135 # 563322 # 1 # ID=10_377;partial=00;start_type=ATG;rbs_motif=None;rbs_spacer=None;gc_cont=0.404
ctg000009_P_377      -            396 95696at2             -            490   1.1e-10   39.7   1.3   3   3   2.3e-12   3.7e-10   37.9   0.1   336   419   260   345   248   377 0.86 # 562135 # 563322 # 1 # ID=10_377;partial=00;start_type=ATG;rbs_motif=None;rbs_spacer=None;gc_cont=0.404
ctg000022_P_109      -            396 95696at2             -            490   1.1e-10   39.7   1.3   1   3       8.3   1.4e+03   -3.5   0.0   274   289    37    52     7    54 0.68 # 165605 # 166792 # -1 # ID=17_109;partial=00;start_type=ATG;rbs_motif=AATAA;rbs_spacer=14bp;gc_cont=0.405
ctg000022_P_109      -            396 95696at2             -            490   1.1e-10   39.7   1.3   2   3      0.77   1.3e+02   -0.1   0.1     7    41    68   108    62   121 0.67 # 165605 # 166792 # -1 # ID=17_109;partial=00;start_type=ATG;rbs_motif=AATAA;rbs_spacer=14bp;gc_cont=0.405
ctg000022_P_109      -            396 95696at2             -            490   1.1e-10   39.7   1.3   3   3   2.3e-12   3.7e-10   37.9   0.1   336   419   260   345   248   377 0.86 # 165605 # 166792 # -1 # ID=17_109;partial=00;start_type=ATG;rbs_motif=AATAA;rbs_spacer=14bp;gc_cont=0.405
ctg000005_P_411      -            618 95696at2             -            490   1.4e-10   39.3   0.0   1   2     0.097        16    2.9   0.0    25    53   239   267   233   273 0.83 # 616543 # 618396 # 1 # ID=6_411;partial=00;start_type=ATG;rbs_motif=AAGAA;rbs_spacer=3bp;gc_cont=0.426
ctg000005_P_411      -            618 95696at2             -            490   1.4e-10   39.3   0.0   2   2   3.1e-11     5e-09   34.2   0.1   339   412   414   487   376   532 0.87 # 616543 # 618396 # 1 # ID=6_411;partial=00;start_type=ATG;rbs_motif=AAGAA;rbs_spacer=3bp;gc_cont=0.426
ctg000002_P_242      -            623 95696at2             -            490   3.2e-10   38.1   0.1   1   2     0.053       8.6    3.7   0.0    25    58   245   278   236   280 0.83 # 367205 # 369073 # -1 # ID=3_242;partial=00;start_type=GTG;rbs_motif=AAAAA;rbs_spacer=10bp;gc_cont=0.457
ctg000002_P_242      -            623 95696at2             -            490   3.2e-10   38.1   0.1   2   2   1.2e-10     2e-08   32.2   0.0   339   412   420   493   404   540 0.88 # 367205 # 369073 # -1 # ID=3_242;partial=00;start_type=GTG;rbs_motif=AAAAA;rbs_spacer=10bp;gc_cont=0.457
ctg000001_P_513      -            524 95696at2             -            490   7.8e-10   36.9   0.2   1   2      0.02       3.3    5.1   0.0     6    43   157   202   152   213 0.75 # 744053 # 745624 # 1 # ID=2_513;partial=00;start_type=ATG;rbs_motif=None;rbs_spacer=None;gc_cont=0.388
ctg000001_P_513      -            524 95696at2             -            490   7.8e-10   36.9   0.2   2   2   7.3e-10   1.2e-07   29.7   0.0   281   410   304   433   247   465 0.86 # 744053 # 745624 # 1 # ID=2_513;partial=00;start_type=ATG;rbs_motif=None;rbs_spacer=None;gc_cont=0.388
ctg000000_P_347      -            400 95696at2             -            490   3.4e-09   34.8   0.8   1   2     0.059       9.6    3.6   0.1     7    47    69   115    63   125 0.65 # 487266 # 488465 # 1 # ID=1_347;partial=00;start_type=ATG;rbs_motif=AAAAAA;rbs_spacer=14bp;gc_cont=0.352
ctg000000_P_347      -            400 95696at2             -            490   3.4e-09   34.8   0.8   2   2   8.5e-10   1.4e-07   29.4   0.1   336   412   265   341   254   381 0.87 # 487266 # 488465 # 1 # ID=1_347;partial=00;start_type=ATG;rbs_motif=AAAAAA;rbs_spacer=14bp;gc_cont=0.352
ctg000011_P_88       -            432 95696at2             -            490   2.3e-08   32.0   1.5   1   2      0.78   1.3e+02   -0.1   0.0     6    46    47    93    43   103 0.73 # 119578 # 120873 # -1 # ID=12_88;partial=00;start_type=ATG;rbs_motif=None;rbs_spacer=None;gc_cont=0.430
ctg000011_P_88       -            432 95696at2             -            490   2.3e-08   32.0   1.5   2   2   4.2e-10   6.8e-08   30.5   0.6   343   435   261   357   204   416 0.69 # 119578 # 120873 # -1 # ID=12_88;partial=00;start_type=ATG;rbs_motif=None;rbs_spacer=None;gc_cont=0.430
ctg000011_P_222      -            544 95696at2             -            490   2.9e-07   28.4   0.4   1   3       4.9   7.9e+02   -2.7   0.1    64    80    37    53    10    84 0.47 # 333872 # 335503 # 1 # ID=12_222;partial=00;start_type=ATG;rbs_motif=None;rbs_spacer=None;gc_cont=0.377
ctg000011_P_222      -            544 95696at2             -            490   2.9e-07   28.4   0.4   2   3      0.29        47    1.3   0.0     5    44   167   212   163   216 0.72 # 333872 # 335503 # 1 # ID=12_222;partial=00;start_type=ATG;rbs_motif=None;rbs_spacer=None;gc_cont=0.377
ctg000011_P_222      -            544 95696at2             -            490   2.9e-07   28.4   0.4   3   3     3e-08   4.8e-06   24.4   0.0   338   435   365   457   329   471 0.88 # 333872 # 335503 # 1 # ID=12_222;partial=00;start_type=ATG;rbs_motif=None;rbs_spacer=None;gc_cont=0.377
ctg000000_P_628      -            589 95696at2             -            490     4e-07   27.9   0.3   1   1   6.7e-09   1.1e-06   26.5   0.3   343   439   443   537   256   575 0.80 # 929034 # 930800 # -1 # ID=1_628;partial=00;start_type=ATG;rbs_motif=None;rbs_spacer=None;gc_cont=0.381
ctg000001_P_623      -            565 95696at2             -            490   1.6e-06   25.9   0.1   1   2     0.044       7.1    4.0   0.0     4    43   165   212   162   221 0.75 # 921827 # 923521 # -1 # ID=2_623;partial=00;start_type=ATG;rbs_motif=None;rbs_spacer=None;gc_cont=0.369
ctg000001_P_623      -            565 95696at2             -            490   1.6e-06   25.9   0.1   2   2   8.5e-07   0.00014   19.5   0.0   348   445   384   478   362   518 0.82 # 921827 # 923521 # -1 # ID=2_623;partial=00;start_type=ATG;rbs_motif=None;rbs_spacer=None;gc_cont=0.369
ctg000000_P_122      -            507 95696at2             -            490   2.1e-06   25.6   0.5   1   1   2.8e-08   4.5e-06   24.5   0.0   336   415   283   362   274   384 0.86 # 170849 # 172369 # -1 # ID=1_122;partial=00;start_type=ATG;rbs_motif=None;rbs_spacer=None;gc_cont=0.393
ctg000008_P_251      -            435 95696at2             -            490   2.9e-06   25.1   0.0   1   2      0.43        70    0.7   0.0     5    46   157   209   153   221 0.66 # 362603 # 363907 # -1 # ID=9_251;partial=00;start_type=ATG;rbs_motif=None;rbs_spacer=None;gc_cont=0.411
ctg000008_P_251      -            435 95696at2             -            490   2.9e-06   25.1   0.0   2   2   1.5e-07   2.4e-05   22.1   0.0   337   401   361   425   328   430 0.91 # 362603 # 363907 # -1 # ID=9_251;partial=00;start_type=ATG;rbs_motif=None;rbs_spacer=None;gc_cont=0.411
ctg000107_P_75       -            994 95696at2             -            490   5.4e-06   24.2   0.1   1   1   7.7e-08   1.3e-05   23.0   0.1   335   457   515   636   503   667 0.72 # 85834 # 88815 # 1 # ID=20_75;partial=00;start_type=ATG;rbs_motif=None;rbs_spacer=None;gc_cont=0.369
ctg000007_P_87       -            850 95696at2             -            490   3.1e-05   21.7   0.1   1   2       2.1   3.4e+02   -1.5   0.0    25    47   332   354   299   359 0.72 # 119243 # 121792 # -1 # ID=8_87;partial=00;start_type=ATG;rbs_motif=None;rbs_spacer=None;gc_cont=0.380
ctg000007_P_87       -            850 95696at2             -            490   3.1e-05   21.7   0.1   2   2   8.2e-07   0.00013   19.6   0.0   338   435   527   619   509   654 0.84 # 119243 # 121792 # -1 # ID=8_87;partial=00;start_type=ATG;rbs_motif=None;rbs_spacer=None;gc_cont=0.380
ctg000006_P_592      -            513 95696at2             -            490   0.00013   19.6   0.1   1   1   1.2e-06   0.00019   19.1   0.1   338   413   365   440   357   462 0.81 # 904229 # 905767 # 1 # ID=7_592;partial=00;start_type=GTG;rbs_motif=AATAA;rbs_spacer=14bp;gc_cont=0.465
ctg000006_P_598      -            513 95696at2             -            490   0.00013   19.6   0.1   1   1   1.2e-06   0.00019   19.1   0.1   338   413   365   440   357   462 0.81 # 909901 # 911439 # 1 # ID=7_598;partial=00;start_type=GTG;rbs_motif=AATAA;rbs_spacer=14bp;gc_cont=0.465
ctg000006_P_604      -            513 95696at2             -            490   0.00013   19.6   0.1   1   1   1.2e-06   0.00019   19.1   0.1   338   413   365   440   357   462 0.81 # 915573 # 917111 # 1 # ID=7_604;partial=00;start_type=GTG;rbs_motif=AATAA;rbs_spacer=14bp;gc_cont=0.465
ctg000013_P_174      -            513 95696at2             -            490   0.00013   19.6   0.1   1   1   1.2e-06   0.00019   19.1   0.1   338   413   365   440   357   462 0.81 # 269153 # 270691 # 1 # ID=14_174;partial=00;start_type=GTG;rbs_motif=AATAA;rbs_spacer=14bp;gc_cont=0.465
ctg000001_P_747      -           1091 95696at2             -            490   0.00039   18.1   0.1   1   1   3.9e-06   0.00064   17.4   0.1   339   413   304   378   298   400 0.81 # 1120971 # 1124243 # 1 # ID=2_747;partial=00;start_type=GTG;rbs_motif=None;rbs_spacer=None;gc_cont=0.464
ctg000009_P_3        -           1091 95696at2             -            490   0.00039   18.1   0.1   1   1   3.9e-06   0.00064   17.4   0.1   339   413   304   378   298   400 0.81 # 1097 # 4369 # -1 # ID=10_3;partial=00;start_type=GTG;rbs_motif=None;rbs_spacer=None;gc_cont=0.464
ctg000010_P_6        -           1216 95696at2             -            490   0.00044   17.9   0.1   1   1   4.5e-06   0.00073   17.2   0.1   339   413   473   547   467   569 0.81 # 8062 # 11709 # -1 # ID=11_6;partial=00;start_type=ATG;rbs_motif=None;rbs_spacer=None;gc_cont=0.460
ctg000003_P_67       -            749 95696at2             -            490   0.00054   17.6   0.7   1   2       2.4     4e+02   -1.7   0.0     5    26   271   294   267   320 0.65 # 117378 # 119624 # 1 # ID=4_67;partial=00;start_type=ATG;rbs_motif=None;rbs_spacer=None;gc_cont=0.409
ctg000003_P_67       -            749 95696at2             -            490   0.00054   17.6   0.7   2   2   7.7e-06    0.0012   16.4   0.1   337   434   476   568   467   605 0.83 # 117378 # 119624 # 1 # ID=4_67;partial=00;start_type=ATG;rbs_motif=None;rbs_spacer=None;gc_cont=0.409
ctg000022_P_6        -           1505 95696at2             -            490   0.00056   17.6   0.1   1   1   5.8e-06   0.00094   16.8   0.1   339   413   662   736   656   758 0.81 # 12587 # 17101 # -1 # ID=17_6;partial=00;start_type=ATG;rbs_motif=None;rbs_spacer=None;gc_cont=0.457
ctg000108_P_5        -           1506 95696at2             -            490   0.00056   17.6   0.1   1   1   5.8e-06   0.00094   16.8   0.1   339   413   662   736   656   758 0.81 # 12420 # 16937 # -1 # ID=21_5;partial=00;start_type=ATG;rbs_motif=None;rbs_spacer=None;gc_cont=0.457
ctg000008_P_3        -           1615 95696at2             -            490   0.00063   17.4   0.1   1   1   6.3e-06     0.001   16.7   0.1   339   413   892   966   886   988 0.81 # 978 # 5822 # -1 # ID=9_3;partial=00;start_type=ATG;rbs_motif=None;rbs_spacer=None;gc_cont=0.452
ctg000012_P_3        -           1663 95696at2             -            490   0.00066   17.3   0.1   1   1   6.5e-06    0.0011   16.6   0.1   339   413   876   950   870   972 0.81 # 1106 # 6094 # -1 # ID=13_3;partial=00;start_type=ATG;rbs_motif=None;rbs_spacer=None;gc_cont=0.457
ctg000011_P_4        -           1041 95696at2             -            490   0.00068   17.3   0.1   1   1   6.7e-06    0.0011   16.6   0.1   338   413   365   440   357   462 0.81 # 1352 # 4474 # -1 # ID=12_4;partial=00;start_type=GTG;rbs_motif=AATAA;rbs_spacer=14bp;gc_cont=0.467
ctg000010_P_413      -           1118 95696at2             -            490   0.00074   17.2   0.1   1   1   7.3e-06    0.0012   16.5   0.1   338   413   365   440   357   462 0.81 # 574955 # 578308 # 1 # ID=11_413;partial=00;start_type=GTG;rbs_motif=AATAA;rbs_spacer=14bp;gc_cont=0.467
ctg000001_P_3        -           1153 95696at2             -            490   0.00077   17.1   0.1   1   1   7.6e-06    0.0012   16.4   0.1   338   413   365   440   357   462 0.81 # 983 # 4441 # -1 # ID=2_3;partial=00;start_type=GTG;rbs_motif=AATAA;rbs_spacer=14bp;gc_cont=0.467
ctg000005_P_3        -           1153 95696at2             -            490   0.00077   17.1   0.1   1   1   7.6e-06    0.0012   16.4   0.1   338   413   365   440   357   462 0.81 # 1015 # 4473 # -1 # ID=6_3;partial=00;start_type=GTG;rbs_motif=AATAA;rbs_spacer=14bp;gc_cont=0.467
ctg000004_P_10       -           1226 95696at2             -            490   0.00087   16.9   0.1   1   1   8.2e-06    0.0013   16.3   0.1   338   413  1044  1119  1036  1141 0.81 # 16538 # 20215 # -1 # ID=5_10;partial=00;start_type=ATG;rbs_motif=AAAAA;rbs_spacer=4bp;gc_cont=0.446
ctg000003_P_674      -           1339 95696at2             -            490   0.00091   16.9   0.1   1   1   9.1e-06    0.0015   16.2   0.1   338   413   586   661   578   683 0.81 # 1031512 # 1035528 # 1 # ID=4_674;partial=00;start_type=ATG;rbs_motif=None;rbs_spacer=None;gc_cont=0.463
ctg000009_P_451      -           1414 95696at2             -            490   0.00099   16.7   0.1   1   1   9.7e-06    0.0016   16.1   0.1   338   413   661   736   653   758 0.81 # 675841 # 680082 # 1 # ID=10_451;partial=00;start_type=ATG;rbs_motif=None;rbs_spacer=None;gc_cont=0.460
ctg000022_P_1        -           1494 95696at2             -            490    0.0011   16.6   0.1   1   1     1e-05    0.0017   16.0   0.1   338   413  1044  1119  1036  1141 0.81 # 3 # 4484 # -1 # ID=17_1;partial=10;start_type=ATG;rbs_motif=AAAAA;rbs_spacer=4bp;gc_cont=0.450
ctg000108_P_1        -           1494 95696at2             -            490    0.0011   16.6   0.1   1   1     1e-05    0.0017   16.0   0.1   338   413  1044  1119  1036  1141 0.81 # 3 # 4484 # -1 # ID=21_1;partial=10;start_type=ATG;rbs_motif=AAAAA;rbs_spacer=4bp;gc_cont=0.450
ctg000006_P_411      -           1448 95696at2             -            490    0.0012   16.5   0.0   1   1   1.2e-05     0.002   15.7   0.0   341   454   905  1017   888  1046 0.77 # 618992 # 623335 # -1 # ID=7_411;partial=00;start_type=ATG;rbs_motif=None;rbs_spacer=None;gc_cont=0.390
ctg000004_P_13       -           1797 95696at2             -            490    0.0013   16.3   0.1   1   1   1.3e-05    0.0021   15.7   0.1   338   413  1044  1119  1036  1141 0.81 # 21634 # 27024 # -1 # ID=5_13;partial=00;start_type=ATG;rbs_motif=AAAAA;rbs_spacer=4bp;gc_cont=0.451
ctg000001_P_8        -           1796 95696at2             -            490    0.0013   16.3   0.1   1   1   1.3e-05    0.0021   15.7   0.1   338   413  1044  1119  1036  1141 0.81 # 6774 # 12161 # -1 # ID=2_8;partial=00;start_type=ATG;rbs_motif=AAAAA;rbs_spacer=4bp;gc_cont=0.453
ctg000010_P_3        -           1796 95696at2             -            490    0.0013   16.3   0.1   1   1   1.3e-05    0.0021   15.7   0.1   338   413  1044  1119  1036  1141 0.81 # 1191 # 6578 # -1 # ID=11_3;partial=00;start_type=ATG;rbs_motif=AAAAA;rbs_spacer=4bp;gc_cont=0.453
ctg000002_P_3        -           1797 95696at2             -            490    0.0013   16.3   0.1   1   1   1.3e-05    0.0021   15.7   0.1   338   413  1044  1119  1036  1141 0.81 # 1066 # 6456 # -1 # ID=3_3;partial=00;start_type=ATG;rbs_motif=AAAAA;rbs_spacer=4bp;gc_cont=0.452
ctg000003_P_677      -           1797 95696at2             -            490    0.0013   16.3   0.1   1   1   1.3e-05    0.0021   15.7   0.1   338   413  1044  1119  1036  1141 0.81 # 1036947 # 1042337 # 1 # ID=4_677;partial=00;start_type=ATG;rbs_motif=AAAAA;rbs_spacer=4bp;gc_cont=0.452
ctg000003_P_679      -           1797 95696at2             -            490    0.0013   16.3   0.1   1   1   1.3e-05    0.0021   15.7   0.1   338   413  1044  1119  1036  1141 0.81 # 1043610 # 1049000 # 1 # ID=4_679;partial=00;start_type=ATG;rbs_motif=AAAAA;rbs_spacer=4bp;gc_cont=0.452
ctg000004_P_15       -           1797 95696at2             -            490    0.0013   16.3   0.1   1   1   1.3e-05    0.0021   15.7   0.1   338   413  1044  1119  1036  1141 0.81 # 28297 # 33687 # -1 # ID=5_15;partial=00;start_type=ATG;rbs_motif=AAAAA;rbs_spacer=4bp;gc_cont=0.452
ctg000004_P_3        -           1797 95696at2             -            490    0.0013   16.3   0.1   1   1   1.3e-05    0.0021   15.7   0.1   338   413  1044  1119  1036  1141 0.81 # 1198 # 6588 # -1 # ID=5_3;partial=00;start_type=ATG;rbs_motif=AAAAA;rbs_spacer=4bp;gc_cont=0.452
ctg000004_P_6        -           1797 95696at2             -            490    0.0013   16.3   0.1   1   1   1.3e-05    0.0021   15.7   0.1   338   413  1044  1119  1036  1141 0.81 # 8015 # 13405 # -1 # ID=5_6;partial=00;start_type=ATG;rbs_motif=AAAAA;rbs_spacer=4bp;gc_cont=0.452
ctg000022_P_3        -           1797 95696at2             -            490    0.0013   16.3   0.1   1   1   1.3e-05    0.0021   15.7   0.1   338   413  1044  1119  1036  1141 0.81 # 5757 # 11147 # -1 # ID=17_3;partial=00;start_type=ATG;rbs_motif=AAAAA;rbs_spacer=4bp;gc_cont=0.452
ctg000108_P_3        -           1797 95696at2             -            490    0.0013   16.3   0.1   1   1   1.3e-05    0.0021   15.7   0.1   338   413  1044  1119  1036  1141 0.81 # 5757 # 11147 # -1 # ID=21_3;partial=00;start_type=ATG;rbs_motif=AAAAA;rbs_spacer=4bp;gc_cont=0.452
ctg000008_P_524      -           1796 95696at2             -            490    0.0013   16.3   0.1   1   1   1.3e-05    0.0021   15.7   0.1   338   413  1044  1119  1036  1141 0.81 # 771943 # 777330 # 1 # ID=9_524;partial=00;start_type=ATG;rbs_motif=AAAAA;rbs_spacer=4bp;gc_cont=0.454
ctg000000_P_284      -            996 95696at2             -            490    0.0025   15.4   0.0   1   2      0.57        93    0.3   0.0     6    46   182   230   177   236 0.70 # 394678 # 397665 # 1 # ID=1_284;partial=00;start_type=ATG;rbs_motif=None;rbs_spacer=None;gc_cont=0.389
ctg000000_P_284      -            996 95696at2             -            490    0.0025   15.4   0.0   2   2   0.00012      0.02   12.4   0.0   341   443   437   534   422   540 0.82 # 394678 # 397665 # 1 # ID=1_284;partial=00;start_type=ATG;rbs_motif=None;rbs_spacer=None;gc_cont=0.389
#
# Program:         hmmsearch
# Version:         3.1b2 (February 2015)
# Pipeline mode:   SEARCH
# Query file:      /Users/dominiquefastus/DeNovoProj/BUSCO_ass/busco_downloads/lineages/bacteria_odb10/hmms/95696at2.hmm
# Target file:     /Users/dominiquefastus/DeNovoProj/BUSCO_ass/busco_out/prodigal_output/predicted_genes/predicted.faa
# Option settings: hmmsearch --domtblout /Users/dominiquefastus/DeNovoProj/BUSCO_ass/busco_out/auto_lineage/run_bacteria_odb10/hmmer_output/95696at2.out --cpu 1 /Users/dominiquefastus/DeNovoProj/BUSCO_ass/busco_downloads/lineages/bacteria_odb10/hmms/95696at2.hmm /Users/dominiquefastus/DeNovoProj/BUSCO_ass/busco_out/prodigal_output/predicted_genes/predicted.faa 
# Current dir:     /Users/dominiquefastus/DeNovoProj/BUSCO_ass
# Date:            Fri Feb 24 11:41:09 2023
# [ok]
