#                                                                            --- full sequence --- -------------- this domain -------------   hmm coord   ali coord   env coord
# target name        accession   tlen query name           accession   qlen   E-value  score  bias   #  of  c-Evalue  i-Evalue  score  bias  from    to  from    to  from    to  acc description of target
#------------------- ---------- ----- -------------------- ---------- ----- --------- ------ ----- --- --- --------- --------- ------ ----- ----- ----- ----- ----- ----- ----- ---- ---------------------
ctg000002_P_314      -           1225 9601at2              -            826   2.3e-71  239.9   0.1   1   4    0.0045        12    2.6   0.0    57    79   200   221   183   246 0.79 # 475261 # 478935 # 1 # ID=3_314;partial=00;start_type=ATG;rbs_motif=AATAA;rbs_spacer=8bp;gc_cont=0.385
ctg000002_P_314      -           1225 9601at2              -            826   2.3e-71  239.9   0.1   2   4   5.8e-14   1.6e-10   38.6   0.0   194   327   395   543   385   548 0.73 # 475261 # 478935 # 1 # ID=3_314;partial=00;start_type=ATG;rbs_motif=AATAA;rbs_spacer=8bp;gc_cont=0.385
ctg000002_P_314      -           1225 9601at2              -            826   2.3e-71  239.9   0.1   3   4   2.2e-06     0.006   13.6   0.0   353   404   732   783   723   793 0.86 # 475261 # 478935 # 1 # ID=3_314;partial=00;start_type=ATG;rbs_motif=AATAA;rbs_spacer=8bp;gc_cont=0.385
ctg000002_P_314      -           1225 9601at2              -            826   2.3e-71  239.9   0.1   4   4   3.9e-56   1.1e-52  178.1   0.0   466   787   815  1157   808  1163 0.80 # 475261 # 478935 # 1 # ID=3_314;partial=00;start_type=ATG;rbs_motif=AATAA;rbs_spacer=8bp;gc_cont=0.385
ctg000002_P_238      -           1150 9601at2              -            826   1.9e-55  187.2   3.5   1   5     0.074     2e+02   -1.4   0.0    25    72   119   173   105   187 0.70 # 358473 # 361922 # 1 # ID=3_238;partial=00;start_type=ATG;rbs_motif=None;rbs_spacer=None;gc_cont=0.372
ctg000002_P_238      -           1150 9601at2              -            826   1.9e-55  187.2   3.5   2   5    0.0037        10    2.9   0.1    57    77   182   202   168   265 0.67 # 358473 # 361922 # 1 # ID=3_238;partial=00;start_type=ATG;rbs_motif=None;rbs_spacer=None;gc_cont=0.372
ctg000002_P_238      -           1150 9601at2              -            826   1.9e-55  187.2   3.5   3   5   6.7e-09   1.9e-05   21.9   0.0   188   331   360   522   280   553 0.70 # 358473 # 361922 # 1 # ID=3_238;partial=00;start_type=ATG;rbs_motif=None;rbs_spacer=None;gc_cont=0.372
ctg000002_P_238      -           1150 9601at2              -            826   1.9e-55  187.2   3.5   4   5    0.0058        16    2.2   0.0   358   403   669   714   647   723 0.88 # 358473 # 361922 # 1 # ID=3_238;partial=00;start_type=ATG;rbs_motif=None;rbs_spacer=None;gc_cont=0.372
ctg000002_P_238      -           1150 9601at2              -            826   1.9e-55  187.2   3.5   5   5   6.9e-49   1.9e-45  154.1   0.2   464   787   745  1089   738  1099 0.76 # 358473 # 361922 # 1 # ID=3_238;partial=00;start_type=ATG;rbs_motif=None;rbs_spacer=None;gc_cont=0.372
ctg000005_P_247      -           1204 9601at2              -            826   9.6e-45  151.8   0.5   1   4   4.6e-05      0.13    9.2   0.0   292   330   514   552   482   555 0.89 # 361578 # 365189 # 1 # ID=6_247;partial=00;start_type=ATG;rbs_motif=None;rbs_spacer=None;gc_cont=0.398
ctg000005_P_247      -           1204 9601at2              -            826   9.6e-45  151.8   0.5   2   4   0.00032      0.88    6.4   0.0   336   399   664   726   660   732 0.80 # 361578 # 365189 # 1 # ID=6_247;partial=00;start_type=ATG;rbs_motif=None;rbs_spacer=None;gc_cont=0.398
ctg000005_P_247      -           1204 9601at2              -            826   9.6e-45  151.8   0.5   3   4   1.4e-06    0.0039   14.2   0.0   469   555   766   857   747   868 0.78 # 361578 # 365189 # 1 # ID=6_247;partial=00;start_type=ATG;rbs_motif=None;rbs_spacer=None;gc_cont=0.398
ctg000005_P_247      -           1204 9601at2              -            826   9.6e-45  151.8   0.5   4   4   1.5e-36   4.2e-33  113.3   0.0   614   789   897  1100   858  1118 0.78 # 361578 # 365189 # 1 # ID=6_247;partial=00;start_type=ATG;rbs_motif=None;rbs_spacer=None;gc_cont=0.398
#
# Program:         hmmsearch
# Version:         3.1b2 (February 2015)
# Pipeline mode:   SEARCH
# Query file:      /Users/dominiquefastus/DeNovoProj/BUSCO_ass/busco_downloads/lineages/bacteria_odb10/hmms/9601at2.hmm
# Target file:     /Users/dominiquefastus/DeNovoProj/BUSCO_ass/busco_out/prodigal_output/predicted_genes/predicted.faa
# Option settings: hmmsearch --domtblout /Users/dominiquefastus/DeNovoProj/BUSCO_ass/busco_out/auto_lineage/run_bacteria_odb10/hmmer_output/9601at2.out --cpu 1 /Users/dominiquefastus/DeNovoProj/BUSCO_ass/busco_downloads/lineages/bacteria_odb10/hmms/9601at2.hmm /Users/dominiquefastus/DeNovoProj/BUSCO_ass/busco_out/prodigal_output/predicted_genes/predicted.faa 
# Current dir:     /Users/dominiquefastus/DeNovoProj/BUSCO_ass
# Date:            Fri Feb 24 11:41:10 2023
# [ok]
