#                                                                                 --- full sequence --- -------------- this domain -------------   hmm coord   ali coord   env coord
# target name             accession   tlen query name           accession   qlen   E-value  score  bias   #  of  c-Evalue  i-Evalue  score  bias  from    to  from    to  from    to  acc description of target
#     ------------------- ---------- ----- -------------------- ---------- ----- --------- ------ ----- --- --- --------- --------- ------ ----- ----- ----- ----- ----- ----- ----- ---- ---------------------
ctg000000_P:324508-326598 -            697 12956at4891          -            351   9.1e-99  328.1  99.3   1   5   1.7e-13   4.1e-11   39.9   2.9     1   151    10   156    10   158 0.80 -
ctg000000_P:324508-326598 -            697 12956at4891          -            351   9.1e-99  328.1  99.3   2   5   1.2e-06    0.0003   17.3  18.9    31   172   155   300   150   307 0.61 -
ctg000000_P:324508-326598 -            697 12956at4891          -            351   9.1e-99  328.1  99.3   3   5   4.1e-47     1e-44  150.4  39.2    61   282   300   538   259   542 0.73 -
ctg000000_P:324508-326598 -            697 12956at4891          -            351   9.1e-99  328.1  99.3   4   5      0.01       2.5    4.4  13.6    25   126   514   619   511   625 0.74 -
ctg000000_P:324508-326598 -            697 12956at4891          -            351   9.1e-99  328.1  99.3   5   5   4.2e-42     1e-39  133.9  14.5   256   351   603   697   593   697 0.87 -
ctg000003_P:598873-603414 -           1514 12956at4891          -            351   1.3e-09   35.0   3.7   1   2       3.8   9.2e+02   -4.1   0.7   117   117   910   910   853   974 0.50 -
ctg000003_P:598873-603414 -           1514 12956at4891          -            351   1.3e-09   35.0   3.7   2   2   5.2e-12   1.3e-09   35.0   3.7   227   342  1131  1243  1091  1251 0.76 -
ctg000012_P:102728-103939 -            404 12956at4891          -            351   1.5e-08   31.4   4.3   1   4   6.3e-11   1.5e-08   31.4   4.3   291   344    11    63     4    69 0.90 -
ctg000012_P:102728-103939 -            404 12956at4891          -            351   1.5e-08   31.4   4.3   2   4      0.13        31    0.8   0.1   328   350   175   197   155   198 0.75 -
ctg000012_P:102728-103939 -            404 12956at4891          -            351   1.5e-08   31.4   4.3   3   4       1.4   3.5e+02   -2.7   0.1   161   200   253   294   239   303 0.47 -
ctg000012_P:102728-103939 -            404 12956at4891          -            351   1.5e-08   31.4   4.3   4   4       1.9   4.6e+02   -3.1   0.0   105   134   356   385   314   394 0.50 -
ctg000000_P:979430-980386 -            319 12956at4891          -            351   7.1e-05   19.3   8.4   1   1   4.8e-07   0.00012   18.6   8.4   296   344   266   313   231   318 0.79 -
ctg000006_P:307629-308825 -            399 12956at4891          -            351   0.00024   17.6   0.2   1   1   1.5e-06   0.00036   17.0   0.2   264   341   299   376   292   378 0.91 -
ctg000007_P:349991-352360 -            790 12956at4891          -            351    0.0005   16.6   5.5   1   4       7.9   1.9e+03   -5.1   6.9   116   197    80   163     7   168 0.59 -
ctg000007_P:349991-352360 -            790 12956at4891          -            351    0.0005   16.6   5.5   2   4   2.1e-06    0.0005   16.6   5.5   296   342   534   585   522   593 0.88 -
ctg000007_P:349991-352360 -            790 12956at4891          -            351    0.0005   16.6   5.5   3   4     0.095        23    1.2   0.2    12    56   595   641   587   688 0.76 -
ctg000007_P:349991-352360 -            790 12956at4891          -            351    0.0005   16.6   5.5   4   4       2.4   5.9e+02   -3.4   0.1   168   194   750   776   745   781 0.57 -
ctg000007_P:451540-451695 -             52 12956at4891          -            351     0.037   10.4   3.1   1   1   0.00016     0.039   10.3   3.1   294   338     3    52     1    52 0.79 -
ctg000001_P:648040-648666 -            209 12956at4891          -            351      0.04   10.3   5.3   1   1   0.00021     0.052    9.9   5.3   223   292    36   102    13   109 0.72 -
ctg000005_P:222356-222490 -             45 12956at4891          -            351      0.15    8.4   6.7   1   1   0.00056      0.14    8.5   6.7   311   338    17    45     1    45 0.82 -
ctg000000_P:433958-434452 -            165 12956at4891          -            351      0.21    8.0   3.0   1   1    0.0011      0.27    7.6   3.0   310   344    65   101    51   128 0.91 -
ctg000022_P:385502-386719 -            406 12956at4891          -            351      0.47    6.8  18.9   1   2    0.0004     0.098    9.0   7.7   169   268   135   239   130   255 0.82 -
ctg000022_P:385502-386719 -            406 12956at4891          -            351      0.47    6.8  18.9   2   2     0.079        19    1.5   5.8   173   295   249   371   226   377 0.75 -
#
# Program:         hmmsearch
# Version:         3.1b2 (February 2015)
# Pipeline mode:   SEARCH
# Query file:      /Users/dominiquefastus/DeNovoProj/BUSCO_ass/busco_downloads/lineages/saccharomycetes_odb10/hmms/12956at4891.hmm
# Target file:     /Users/dominiquefastus/DeNovoProj/BUSCO_ass/busco_out/run_saccharomycetes_odb10/metaeuk_output/initial_results/asm_ctgs_m.fa.modified.fas
# Option settings: hmmsearch --domtblout /Users/dominiquefastus/DeNovoProj/BUSCO_ass/busco_out/run_saccharomycetes_odb10/hmmer_output/initial_run_results/12956at4891.out --cpu 1 /Users/dominiquefastus/DeNovoProj/BUSCO_ass/busco_downloads/lineages/saccharomycetes_odb10/hmms/12956at4891.hmm /Users/dominiquefastus/DeNovoProj/BUSCO_ass/busco_out/run_saccharomycetes_odb10/metaeuk_output/initial_results/asm_ctgs_m.fa.modified.fas 
# Current dir:     /Users/dominiquefastus/DeNovoProj/BUSCO_ass
# Date:            Fri Feb 24 13:47:10 2023
# [ok]
