#                                                                                 --- full sequence --- -------------- this domain -------------   hmm coord   ali coord   env coord
# target name             accession   tlen query name           accession   qlen   E-value  score  bias   #  of  c-Evalue  i-Evalue  score  bias  from    to  from    to  from    to  acc description of target
#     ------------------- ---------- ----- -------------------- ---------- ----- --------- ------ ----- --- --- --------- --------- ------ ----- ----- ----- ----- ----- ----- ----- ---- ---------------------
ctg000000_P:243089-245236 -            716 13129at4891          -            275    5e-102  337.8  18.6   1   5   1.3e-16     2e-14   50.5   0.1     1    38    62    99    62   115 0.89 -
ctg000000_P:243089-245236 -            716 13129at4891          -            275    5e-102  337.8  18.6   2   5   9.3e-11   1.5e-08   31.3   0.2    35    87   164   233   157   246 0.80 -
ctg000000_P:243089-245236 -            716 13129at4891          -            275    5e-102  337.8  18.6   3   5   6.6e-28     1e-25   87.5   0.1    81   149   283   362   275   375 0.86 -
ctg000000_P:243089-245236 -            716 13129at4891          -            275    5e-102  337.8  18.6   4   5   9.2e-27   1.4e-24   83.8   0.4   147   221   392   471   370   474 0.92 -
ctg000000_P:243089-245236 -            716 13129at4891          -            275    5e-102  337.8  18.6   5   5   1.9e-29   2.9e-27   92.6   0.7   220   275   647   705   636   705 0.94 -
ctg000005_P:523059-524135 -            359 13129at4891          -            275   1.1e-23   80.8  13.0   1   3   8.3e-07   0.00013   18.3   0.0     8    53     1    43     1    54 0.74 -
ctg000005_P:523059-524135 -            359 13129at4891          -            275   1.1e-23   80.8  13.0   2   3     4e-08   6.3e-06   22.6   2.7    59   160   108   227    74   254 0.71 -
ctg000005_P:523059-524135 -            359 13129at4891          -            275   1.1e-23   80.8  13.0   3   3   1.1e-12   1.7e-10   37.6   2.6   165   242   267   359   254   359 0.76 -
ctg000006_P:694780-696183 -            468 13129at4891          -            275   5.8e-17   58.8  20.5   1   3   8.3e-06    0.0013   15.0   0.3     5    26   132   153   128   161 0.85 -
ctg000006_P:694780-696183 -            468 13129at4891          -            275   5.8e-17   58.8  20.5   2   3      0.24        37    0.4   0.0   130   175   157   204   153   218 0.77 -
ctg000006_P:694780-696183 -            468 13129at4891          -            275   5.8e-17   58.8  20.5   3   3   3.7e-14   5.8e-12   42.4  11.0    61   273   228   463   217   465 0.69 -
ctg000008_P:485857-486963 -            369 13129at4891          -            275     1e-16   58.0   2.8   1   3    0.0016      0.26    7.5   0.0     8    35     2    29     1    57 0.84 -
ctg000008_P:485857-486963 -            369 13129at4891          -            275     1e-16   58.0   2.8   2   3   7.5e-06    0.0012   15.2   0.0    62   121    92   157    43   164 0.76 -
ctg000008_P:485857-486963 -            369 13129at4891          -            275     1e-16   58.0   2.8   3   3   1.1e-11   1.8e-09   34.2   0.3   154   266   236   361   221   369 0.73 -
ctg000022_P:76219-79617   -           1133 13129at4891          -            275   1.2e-15   54.6   1.9   1   3   9.3e-07   0.00015   18.1   0.0     6    35   265   294   260   302 0.89 -
ctg000022_P:76219-79617   -           1133 13129at4891          -            275   1.2e-15   54.6   1.9   2   3     0.035       5.5    3.1   0.0    62    84   358   380   346   386 0.88 -
ctg000022_P:76219-79617   -           1133 13129at4891          -            275   1.2e-15   54.6   1.9   3   3   3.2e-10     5e-08   29.5   0.4   170   272   891  1009   881  1012 0.80 -
ctg000002_P:527904-531587 -           1228 13129at4891          -            275     1e-14   51.5   1.7   1   3   5.4e-06   0.00085   15.6   0.0     7    49   692   735   688   746 0.79 -
ctg000002_P:527904-531587 -           1228 13129at4891          -            275     1e-14   51.5   1.7   2   3     0.013         2    4.6   0.0   174   216   989  1031   967  1040 0.81 -
ctg000002_P:527904-531587 -           1228 13129at4891          -            275     1e-14   51.5   1.7   3   3   1.2e-09   1.8e-07   27.6   0.8   212   265  1140  1197  1117  1199 0.84 -
ctg000010_P:220621-221388 -            256 13129at4891          -            275   2.3e-14   50.3   8.2   1   2   3.4e-06   0.00053   16.3   3.0    65   144    25   131     8   139 0.64 -
ctg000010_P:220621-221388 -            256 13129at4891          -            275   2.3e-14   50.3   8.2   2   2   1.9e-11   3.1e-09   33.5   0.2   177   265   139   240   133   244 0.76 -
ctg000107_P:395070-396449 -            460 13129at4891          -            275   9.2e-14   48.3  15.5   1   4   6.2e-07   9.7e-05   18.7   0.1     6    47     1    41     1    59 0.79 -
ctg000107_P:395070-396449 -            460 13129at4891          -            275   9.2e-14   48.3  15.5   2   4    0.0036      0.57    6.3   0.2    61    87    90   116    82   121 0.86 -
ctg000107_P:395070-396449 -            460 13129at4891          -            275   9.2e-14   48.3  15.5   3   4     0.069        11    2.2   0.1   132   132   199   199   145   268 0.59 -
ctg000107_P:395070-396449 -            460 13129at4891          -            275   9.2e-14   48.3  15.5   4   4   1.6e-09   2.4e-07   27.2   2.1   167   257   333   437   323   460 0.65 -
ctg000006_P:852600-856262 -           1221 13129at4891          -            275   9.5e-14   48.3   5.3   1   4   0.00028     0.044   10.0   0.0     7    33   196   222   190   232 0.82 -
ctg000006_P:852600-856262 -           1221 13129at4891          -            275   9.5e-14   48.3   5.3   2   4   0.00024     0.038   10.2   0.3    63   138   273   357   268   363 0.71 -
ctg000006_P:852600-856262 -           1221 13129at4891          -            275   9.5e-14   48.3   5.3   3   4     0.005      0.79    5.9   0.0   175   226   371   423   358   432 0.86 -
ctg000006_P:852600-856262 -           1221 13129at4891          -            275   9.5e-14   48.3   5.3   4   4   1.6e-07   2.6e-05   20.6   0.5   221   268   440   490   435   491 0.89 -
ctg000010_P:113283-114737 -            485 13129at4891          -            275   3.2e-13   46.6  14.5   1   5   2.2e-06   0.00035   16.9   0.1     7    60    36    86    31   133 0.69 -
ctg000010_P:113283-114737 -            485 13129at4891          -            275   3.2e-13   46.6  14.5   2   5    0.0018      0.29    7.3   0.2    64   100   158   189   139   193 0.78 -
ctg000010_P:113283-114737 -            485 13129at4891          -            275   3.2e-13   46.6  14.5   3   5     0.087        14    1.8   0.0   146   170   184   208   181   229 0.76 -
ctg000010_P:113283-114737 -            485 13129at4891          -            275   3.2e-13   46.6  14.5   4   5     0.003      0.48    6.6   0.1   150   209   315   372   309   390 0.76 -
ctg000010_P:113283-114737 -            485 13129at4891          -            275   3.2e-13   46.6  14.5   5   5   8.6e-08   1.4e-05   21.5   0.5   218   266   417   469   403   471 0.85 -
ctg000000_P:572021-573115 -            365 13129at4891          -            275   1.5e-12   44.3  13.3   1   3   5.1e-07     8e-05   19.0   0.1     7    40     7    41     3    76 0.73 -
ctg000000_P:572021-573115 -            365 13129at4891          -            275   1.5e-12   44.3  13.3   2   3   0.00053     0.083    9.1   3.3    25   197    98   258    92   280 0.66 -
ctg000000_P:572021-573115 -            365 13129at4891          -            275   1.5e-12   44.3  13.3   3   3   1.1e-06   0.00018   17.9   0.4   220   272   308   365   303   365 0.82 -
ctg000009_P:640214-641440 -            409 13129at4891          -            275   7.9e-12   42.0  13.1   1   4   3.5e-06   0.00055   16.3   0.1     6    34     1    29     1    59 0.77 -
ctg000009_P:640214-641440 -            409 13129at4891          -            275   7.9e-12   42.0  13.1   2   4    0.0011      0.17    8.1   0.1    62    89    88   115    76   132 0.88 -
ctg000009_P:640214-641440 -            409 13129at4891          -            275   7.9e-12   42.0  13.1   3   4     0.023       3.6    3.7   0.1    94   127   158   190   141   256 0.78 -
ctg000009_P:640214-641440 -            409 13129at4891          -            275   7.9e-12   42.0  13.1   4   4   4.9e-07   7.7e-05   19.1   2.6   159   249   270   365   258   409 0.77 -
ctg000007_P:712444-713334 -            297 13129at4891          -            275   1.2e-11   41.3   6.3   1   2   0.00021     0.033   10.4   3.8    88   164   106   193    24   205 0.64 -
ctg000007_P:712444-713334 -            297 13129at4891          -            275   1.2e-11   41.3   6.3   2   2   8.1e-10   1.3e-07   28.2   0.1   178   265   181   281   175   286 0.77 -
ctg000007_P:461738-464077 -            780 13129at4891          -            275   4.4e-11   39.5   6.1   1   3   7.7e-07   0.00012   18.4   0.0     7    64   323   383   317   386 0.78 -
ctg000007_P:461738-464077 -            780 13129at4891          -            275   4.4e-11   39.5   6.1   2   3     0.002      0.32    7.2   0.2    63   113   410   465   399   513 0.71 -
ctg000007_P:461738-464077 -            780 13129at4891          -            275   4.4e-11   39.5   6.1   3   3   8.2e-06    0.0013   15.0   0.3   218   272   717   778   704   780 0.72 -
ctg000013_P:104403-105881 -            493 13129at4891          -            275   4.5e-09   32.9   6.7   1   4   3.7e-05    0.0058   12.9   0.0     7    35   103   131    97   140 0.88 -
ctg000013_P:104403-105881 -            493 13129at4891          -            275   4.5e-09   32.9   6.7   2   4      0.17        26    0.9   0.0    63    79   199   215   177   220 0.88 -
ctg000013_P:104403-105881 -            493 13129at4891          -            275   4.5e-09   32.9   6.7   3   4      0.36        57   -0.2   0.1   177   214   293   330   254   339 0.76 -
ctg000013_P:104403-105881 -            493 13129at4891          -            275   4.5e-09   32.9   6.7   4   4   3.7e-07   5.8e-05   19.5   0.3   151   263   350   471   343   475 0.65 -
ctg000010_P:125478-126614 -            379 13129at4891          -            275   2.6e-08   30.4  21.6   1   4   4.8e-07   7.5e-05   19.1   0.4     5    36    22    54    19    64 0.83 -
ctg000010_P:125478-126614 -            379 13129at4891          -            275   2.6e-08   30.4  21.6   2   4     0.017       2.6    4.2   0.1    64    85   120   141   110   152 0.85 -
ctg000010_P:125478-126614 -            379 13129at4891          -            275   2.6e-08   30.4  21.6   3   4    0.0071       1.1    5.4   5.7    88   213   183   288   137   302 0.66 -
ctg000010_P:125478-126614 -            379 13129at4891          -            275   2.6e-08   30.4  21.6   4   4    0.0015      0.23    7.6   0.5   220   272   322   379   317   379 0.68 -
ctg000003_P:858755-862750 -           1332 13129at4891          -            275     0.021   11.1   2.2   1   1    0.0005     0.078    9.2   2.2   118   234   750   871   622   875 0.70 -
#
# Program:         hmmsearch
# Version:         3.1b2 (February 2015)
# Pipeline mode:   SEARCH
# Query file:      /Users/dominiquefastus/DeNovoProj/BUSCO_ass/busco_downloads/lineages/saccharomycetes_odb10/hmms/13129at4891.hmm
# Target file:     /Users/dominiquefastus/DeNovoProj/BUSCO_ass/busco_out/run_saccharomycetes_odb10/metaeuk_output/initial_results/asm_ctgs_m.fa.modified.fas
# Option settings: hmmsearch --domtblout /Users/dominiquefastus/DeNovoProj/BUSCO_ass/busco_out/run_saccharomycetes_odb10/hmmer_output/initial_run_results/13129at4891.out --cpu 1 /Users/dominiquefastus/DeNovoProj/BUSCO_ass/busco_downloads/lineages/saccharomycetes_odb10/hmms/13129at4891.hmm /Users/dominiquefastus/DeNovoProj/BUSCO_ass/busco_out/run_saccharomycetes_odb10/metaeuk_output/initial_results/asm_ctgs_m.fa.modified.fas 
# Current dir:     /Users/dominiquefastus/DeNovoProj/BUSCO_ass
# Date:            Fri Feb 24 13:47:13 2023
# [ok]
