#                                                                                   --- full sequence --- -------------- this domain -------------   hmm coord   ali coord   env coord
# target name               accession   tlen query name           accession   qlen   E-value  score  bias   #  of  c-Evalue  i-Evalue  score  bias  from    to  from    to  from    to  acc description of target
#       ------------------- ---------- ----- -------------------- ---------- ----- --------- ------ ----- --- --- --------- --------- ------ ----- ----- ----- ----- ----- ----- ----- ---- ---------------------
ctg000007_P:370295-371899   -            535 16305at4891          -            310   4.1e-89  296.2  15.8   1   4     1e-37   4.2e-36  122.1   0.6     1    72     1    72     1   102 0.86 -
ctg000007_P:370295-371899   -            535 16305at4891          -            310   4.1e-89  296.2  15.8   2   4       4.3   1.7e+02   -1.4   0.0    84   112   169   197   161   208 0.80 -
ctg000007_P:370295-371899   -            535 16305at4891          -            310   4.1e-89  296.2  15.8   3   4     7e-53   2.8e-51  172.0   5.6    92   292   215   472   202   481 0.83 -
ctg000007_P:370295-371899   -            535 16305at4891          -            310   4.1e-89  296.2  15.8   4   4       2.5     1e+02   -0.7   0.0   293   310   509   526   505   526 0.92 -
ctg000012_P:93603-94601     -            333 16305at4891          -            310   7.8e-26   88.4  16.2   1   6   2.3e-07   9.3e-06   22.4   0.2    97   149     4    61     1    66 0.76 -
ctg000012_P:93603-94601     -            333 16305at4891          -            310   7.8e-26   88.4  16.2   2   6     0.013      0.51    6.9   0.7   221   238    68    85    45    88 0.76 -
ctg000012_P:93603-94601     -            333 16305at4891          -            310   7.8e-26   88.4  16.2   3   6   5.7e-08   2.3e-06   24.4   0.5   200   261    87   154    83   160 0.80 -
ctg000012_P:93603-94601     -            333 16305at4891          -            310   7.8e-26   88.4  16.2   4   6     0.013       0.5    6.9   0.0   218   243   188   214   173   217 0.80 -
ctg000012_P:93603-94601     -            333 16305at4891          -            310   7.8e-26   88.4  16.2   5   6   3.3e-08   1.3e-06   25.2   0.1    96   167   219   296   214   304 0.83 -
ctg000012_P:93603-94601     -            333 16305at4891          -            310   7.8e-26   88.4  16.2   6   6    0.0032      0.13    8.9   0.0    97   125   304   332   299   333 0.92 -
ctg000012_P:112251-115004   -            918 16305at4891          -            310   5.1e-21   72.6   0.3   1   6     0.021      0.84    6.2   0.1    96   127   145   176    53   177 0.81 -
ctg000012_P:112251-115004   -            918 16305at4891          -            310   5.1e-21   72.6   0.3   2   6   0.00076     0.031   10.9   0.1    96   137   145   186   136   225 0.75 -
ctg000012_P:112251-115004   -            918 16305at4891          -            310   5.1e-21   72.6   0.3   3   6     0.084       3.4    4.2   0.0    96   126   259   289   250   314 0.84 -
ctg000012_P:112251-115004   -            918 16305at4891          -            310   5.1e-21   72.6   0.3   4   6     2e-14   7.8e-13   45.7   0.1    93   257   341   527   336   556 0.72 -
ctg000012_P:112251-115004   -            918 16305at4891          -            310   5.1e-21   72.6   0.3   5   6      0.18       7.1    3.1   0.0    98   148   516   569   510   580 0.69 -
ctg000012_P:112251-115004   -            918 16305at4891          -            310   5.1e-21   72.6   0.3   6   6         3   1.2e+02   -0.9   0.0    41    92   693   745   666   754 0.63 -
ctg000009_P:515858-516736   -            293 16305at4891          -            310   2.2e-20   70.5   2.4   1   4   0.00023    0.0091   12.6   0.0   207   242    12    50     3    56 0.80 -
ctg000009_P:515858-516736   -            293 16305at4891          -            310   2.2e-20   70.5   2.4   2   4   3.5e-07   1.4e-05   21.8   0.0   208   293    75   170    55   172 0.75 -
ctg000009_P:515858-516736   -            293 16305at4891          -            310   2.2e-20   70.5   2.4   3   4   3.5e-09   1.4e-07   28.4   0.1   207   259   179   232   171   255 0.78 -
ctg000009_P:515858-516736   -            293 16305at4891          -            310   2.2e-20   70.5   2.4   4   4       0.6        24    1.4   0.0   210   234   269   293   266   293 0.89 -
ctg000003_P:379491-382319   -            943 16305at4891          -            310   8.3e-20   68.6  22.2   1   5   1.5e-08     6e-07   26.3   3.4    97   236    79   231    71   238 0.77 -
ctg000003_P:379491-382319   -            943 16305at4891          -            310   8.3e-20   68.6  22.2   2   5   1.1e-08   4.2e-07   26.9   0.0   146   292   403   561   391   567 0.83 -
ctg000003_P:379491-382319   -            943 16305at4891          -            310   8.3e-20   68.6  22.2   3   5   0.00026      0.01   12.4   0.3   183   235   543   601   542   607 0.76 -
ctg000003_P:379491-382319   -            943 16305at4891          -            310   8.3e-20   68.6  22.2   4   5    0.0058      0.23    8.0   0.0   206   244   612   652   607   655 0.87 -
ctg000003_P:379491-382319   -            943 16305at4891          -            310   8.3e-20   68.6  22.2   5   5    0.0049       0.2    8.2   0.1   204   240   651   690   646   696 0.74 -
ctg000008_P:735513-736862   -            450 16305at4891          -            310   1.8e-19   67.4   4.4   1   2   5.2e-16   2.1e-14   50.8   5.1    92   245    73   242    67   246 0.78 -
ctg000008_P:735513-736862   -            450 16305at4891          -            310   1.8e-19   67.4   4.4   2   2   1.9e-07   7.5e-06   22.7   0.0    99   236   206   364   197   368 0.77 -
ctg000107_P:181737-182555   -            273 16305at4891          -            310   4.1e-19   66.3   8.1   1   4   1.6e-10   6.3e-09   32.9   1.1   154   240     5    97     1   102 0.84 -
ctg000107_P:181737-182555   -            273 16305at4891          -            310   4.1e-19   66.3   8.1   2   4   0.00014    0.0055   13.3   0.0   207   241   103   139    96   145 0.83 -
ctg000107_P:181737-182555   -            273 16305at4891          -            310   4.1e-19   66.3   8.1   3   4    0.0089      0.36    7.4   0.0   145   169   206   230   201   233 0.84 -
ctg000107_P:181737-182555   -            273 16305at4891          -            310   4.1e-19   66.3   8.1   4   4   0.00024    0.0096   12.5   0.1   205   241   232   268   229   273 0.85 -
ctg000022_P:213435-214070   -            212 16305at4891          -            310   2.1e-17   60.7   0.7   1   2   3.1e-09   1.2e-07   28.6   0.1   208   292     1    94     1    98 0.76 -
ctg000022_P:213435-214070   -            212 16305at4891          -            310   2.1e-17   60.7   0.7   2   2   7.1e-12   2.8e-10   37.3   0.2   110   234    77   212    68   212 0.86 -
ctg000008_P:156612-157523   -            304 16305at4891          -            310     8e-17   58.8   6.2   1   4   3.2e-12   1.3e-10   38.4   0.1   147   269     5   151     2   158 0.75 -
ctg000008_P:156612-157523   -            304 16305at4891          -            310     8e-17   58.8   6.2   2   4      0.17       6.7    3.2   0.0    99   139   162   202   156   212 0.77 -
ctg000008_P:156612-157523   -            304 16305at4891          -            310     8e-17   58.8   6.2   3   4    0.0019     0.074    9.6   0.1   200   236   198   237   191   244 0.76 -
ctg000008_P:156612-157523   -            304 16305at4891          -            310     8e-17   58.8   6.2   4   4    0.0048      0.19    8.3   0.1   207   240   249   284   240   289 0.74 -
ctg000007_P:594382-596901   -            840 16305at4891          -            310   1.2e-16   58.2   1.2   1   5   9.9e-06    0.0004   17.1   0.0    91   131    11    51     2    59 0.87 -
ctg000007_P:594382-596901   -            840 16305at4891          -            310   1.2e-16   58.2   1.2   2   5   0.00015     0.006   13.2   0.0   207   241    77   113    68   121 0.82 -
ctg000007_P:594382-596901   -            840 16305at4891          -            310   1.2e-16   58.2   1.2   3   5   7.7e-05    0.0031   14.2   0.1   124   207   127   215   117   233 0.67 -
ctg000007_P:594382-596901   -            840 16305at4891          -            310   1.2e-16   58.2   1.2   4   5      0.52        21    1.6   0.0   221   245   327   351   316   356 0.85 -
ctg000007_P:594382-596901   -            840 16305at4891          -            310   1.2e-16   58.2   1.2   5   5     0.037       1.5    5.3   0.0    96   127   355   386   351   392 0.86 -
ctg000007_P:201083-203473   -            797 16305at4891          -            310   1.7e-16   57.7   0.9   1   4       3.3   1.3e+02   -1.0   0.0     4    32    56    84    55    98 0.86 -
ctg000007_P:201083-203473   -            797 16305at4891          -            310   1.7e-16   57.7   0.9   2   4     0.054       2.1    4.8   0.0    91   129   460   498   427   508 0.66 -
ctg000007_P:201083-203473   -            797 16305at4891          -            310   1.7e-16   57.7   0.9   3   4   8.5e-06   0.00034   17.3   0.1   205   245   521   563   516   567 0.86 -
ctg000007_P:201083-203473   -            797 16305at4891          -            310   1.7e-16   57.7   0.9   4   4   3.9e-05    0.0016   15.1   0.0    96   175   608   693   605   698 0.77 -
ctg000000_P:195018-198614   -           1199 16305at4891          -            310     3e-16   56.9   8.0   1   5   3.6e-08   1.4e-06   25.1   0.0   152   245    30   133    17   134 0.82 -
ctg000000_P:195018-198614   -           1199 16305at4891          -            310     3e-16   56.9   8.0   2   5     0.007      0.28    7.7   0.0   207   235   135   165   129   171 0.80 -
ctg000000_P:195018-198614   -           1199 16305at4891          -            310     3e-16   56.9   8.0   3   5    0.0023     0.094    9.3   0.0   207   240   207   242   193   246 0.83 -
ctg000000_P:195018-198614   -           1199 16305at4891          -            310     3e-16   56.9   8.0   4   5   0.00093     0.037   10.6   0.0   207   244   251   290   244   294 0.85 -
ctg000000_P:195018-198614   -           1199 16305at4891          -            310     3e-16   56.9   8.0   5   5      0.18         7    3.1   0.1    95   157   490   553   466   605 0.57 -
ctg000010_P:287694-288548   -            285 16305at4891          -            310   1.7e-15   54.4   7.2   1   5   0.00076      0.03   10.9   0.0   207   237     3    34     1    43 0.87 -
ctg000010_P:287694-288548   -            285 16305at4891          -            310   1.7e-15   54.4   7.2   2   5    0.0058      0.23    8.0   0.0   207   239    44    80    37    85 0.76 -
ctg000010_P:287694-288548   -            285 16305at4891          -            310   1.7e-15   54.4   7.2   3   5   2.5e-05     0.001   15.7   0.5   207   264   111   182   104   185 0.47 -
ctg000010_P:287694-288548   -            285 16305at4891          -            310   1.7e-15   54.4   7.2   4   5   9.2e-05    0.0037   13.9   0.0   206   237   211   243   190   247 0.83 -
ctg000010_P:287694-288548   -            285 16305at4891          -            310   1.7e-15   54.4   7.2   5   5      0.81        32    1.0   0.0   210   228   257   275   245   284 0.70 -
ctg000009_P:39116-41260     -            715 16305at4891          -            310     2e-14   50.9   7.3   1   3     0.004      0.16    8.5   0.1   241   267    18    44    11    53 0.82 -
ctg000009_P:39116-41260     -            715 16305at4891          -            310     2e-14   50.9   7.3   2   3   3.1e-06   0.00013   18.7   0.7   205   268    95   171    89   171 0.75 -
ctg000009_P:39116-41260     -            715 16305at4891          -            310     2e-14   50.9   7.3   3   3   1.7e-09   6.9e-08   29.4   1.3   140   266   145   282   131   303 0.75 -
ctg000012_P:74312-75004     -            231 16305at4891          -            310   6.2e-14   49.3   0.2   1   4    0.0013     0.051   10.2   0.0   106   244     7    35     1    37 0.57 -
ctg000012_P:74312-75004     -            231 16305at4891          -            310   6.2e-14   49.3   0.2   2   4   6.7e-06   0.00027   17.6   0.0   207   272    38   119    31   128 0.55 -
ctg000012_P:74312-75004     -            231 16305at4891          -            310   6.2e-14   49.3   0.2   3   4     0.015      0.59    6.7   0.1   207   238   129   162   126   168 0.54 -
ctg000012_P:74312-75004     -            231 16305at4891          -            310   6.2e-14   49.3   0.2   4   4    0.0066      0.26    7.8   0.0   203   246   179   224   175   227 0.81 -
ctg000005_P:54978-56366     -            463 16305at4891          -            310   8.3e-14   48.9   6.6   1   4      0.21       8.4    2.9   0.1    68   126   146   203   135   213 0.70 -
ctg000005_P:54978-56366     -            463 16305at4891          -            310   8.3e-14   48.9   6.6   2   4      0.17       6.9    3.2   0.0    91   125   211   246   201   257 0.79 -
ctg000005_P:54978-56366     -            463 16305at4891          -            310   8.3e-14   48.9   6.6   3   4   0.00045     0.018   11.6   0.0   206   243   261   300   252   320 0.82 -
ctg000005_P:54978-56366     -            463 16305at4891          -            310   8.3e-14   48.9   6.6   4   4   4.8e-09   1.9e-07   28.0   0.8    96   234   305   463   302   463 0.72 -
ctg000003_P:113154-114608   -            485 16305at4891          -            310   8.6e-14   48.8   4.7   1   4       0.1       4.2    3.9   0.0   208   243    66   104    50   115 0.70 -
ctg000003_P:113154-114608   -            485 16305at4891          -            310   8.6e-14   48.8   4.7   2   4    0.0013      0.05   10.2   0.4   219   299   133   218   129   221 0.68 -
ctg000003_P:113154-114608   -            485 16305at4891          -            310   8.6e-14   48.8   4.7   3   4   3.1e-07   1.2e-05   22.0   0.2   119   238   199   336   190   344 0.73 -
ctg000003_P:113154-114608   -            485 16305at4891          -            310   8.6e-14   48.8   4.7   4   4   0.00021    0.0082   12.8   0.1   101   237   352   378   339   387 0.63 -
ctg000000_P:983043-984008   -            322 16305at4891          -            310   1.2e-13   48.4  13.9   1   7     0.089       3.6    4.1   0.0   209   234    11    36     1    42 0.83 -
ctg000000_P:983043-984008   -            322 16305at4891          -            310   1.2e-13   48.4  13.9   2   7   9.8e-05    0.0039   13.8   0.0    92   140    50    98    37   102 0.86 -
ctg000000_P:983043-984008   -            322 16305at4891          -            310   1.2e-13   48.4  13.9   3   7   0.00019    0.0077   12.9   0.2    95   129   102   136    96   147 0.88 -
ctg000000_P:983043-984008   -            322 16305at4891          -            310   1.2e-13   48.4  13.9   4   7    0.0019     0.074    9.6   0.1    95   126   148   179   141   191 0.66 -
ctg000000_P:983043-984008   -            322 16305at4891          -            310   1.2e-13   48.4  13.9   5   7    0.0011     0.045   10.3   0.1   207   236   192   225   183   237 0.79 -
ctg000000_P:983043-984008   -            322 16305at4891          -            310   1.2e-13   48.4  13.9   6   7       1.5        61    0.0   0.0   124   166   236   279   225   291 0.68 -
ctg000000_P:983043-984008   -            322 16305at4891          -            310   1.2e-13   48.4  13.9   7   7      0.37        15    2.1   0.1    98   125   293   322   270   322 0.66 -
ctg000013_P:154085-154729   -            215 16305at4891          -            310   1.9e-13   47.7   1.6   1   4   3.7e-05    0.0015   15.2   0.0   209   242     6    39     2    43 0.86 -
ctg000013_P:154085-154729   -            215 16305at4891          -            310   1.9e-13   47.7   1.6   2   4   0.00026      0.01   12.4   0.0   207   237    44    75    37    82 0.85 -
ctg000013_P:154085-154729   -            215 16305at4891          -            310   1.9e-13   47.7   1.6   3   4    0.0018     0.072    9.7   0.0   207   242    85   124    78   127 0.78 -
ctg000013_P:154085-154729   -            215 16305at4891          -            310   1.9e-13   47.7   1.6   4   4    0.0081      0.32    7.5   0.0   207   242   152   187   145   206 0.78 -
ctg000009_P:404496-405719   -            408 16305at4891          -            310   6.6e-13   45.9   4.7   1   5   7.5e-05     0.003   14.2   0.0   207   240    44    77    25    82 0.83 -
ctg000009_P:404496-405719   -            408 16305at4891          -            310   6.6e-13   45.9   4.7   2   5         1        40    0.6   0.0   205   231    82   106    71   110 0.81 -
ctg000009_P:404496-405719   -            408 16305at4891          -            310   6.6e-13   45.9   4.7   3   5   0.00041     0.017   11.8   0.6   194   242    88   136    81   140 0.76 -
ctg000009_P:404496-405719   -            408 16305at4891          -            310   6.6e-13   45.9   4.7   4   5   0.00076     0.031   10.9   0.1   199   238   132   174   129   199 0.78 -
ctg000009_P:404496-405719   -            408 16305at4891          -            310   6.6e-13   45.9   4.7   5   5    0.0053      0.21    8.1   0.0   205   243   290   332   283   344 0.70 -
ctg000001_P:612668-613378   -            237 16305at4891          -            310     2e-12   44.3   3.3   1   3   3.9e-05    0.0016   15.1   0.0   178   231     3    61     1    65 0.81 -
ctg000001_P:612668-613378   -            237 16305at4891          -            310     2e-12   44.3   3.3   2   3   0.00011    0.0044   13.7   0.0   207   244    78   117    74   122 0.88 -
ctg000001_P:612668-613378   -            237 16305at4891          -            310     2e-12   44.3   3.3   3   3   8.2e-05    0.0033   14.1   0.8    95   176   120   211   117   231 0.72 -
ctg000000_P:1183362-1184591 -            410 16305at4891          -            310   2.1e-12   44.2   0.1   1   2   4.6e-11   1.8e-09   34.6   0.1   107   245   128   286   118   295 0.77 -
ctg000000_P:1183362-1184591 -            410 16305at4891          -            310   2.1e-12   44.2   0.1   2   2     0.036       1.5    5.4   0.0   146   198   351   409   341   410 0.71 -
ctg000006_P:535604-536641   -            346 16305at4891          -            310   4.9e-12   43.1   0.0   1   4   0.00025      0.01   12.5   0.0   201   238     2    41     1    49 0.86 -
ctg000006_P:535604-536641   -            346 16305at4891          -            310   4.9e-12   43.1   0.0   2   4   0.00088     0.035   10.7   0.1   204   244    46    89    40    94 0.83 -
ctg000006_P:535604-536641   -            346 16305at4891          -            310   4.9e-12   43.1   0.0   3   4   0.00016    0.0065   13.1   0.0   100   173   156   236   144   263 0.84 -
ctg000006_P:535604-536641   -            346 16305at4891          -            310   4.9e-12   43.1   0.0   4   4      0.43        17    1.9   0.0    98   126   294   322   280   327 0.83 -
ctg000001_P:195095-197449   -            785 16305at4891          -            310   8.3e-12   42.3  10.7   1   6     3e-06   0.00012   18.8   0.3   207   267    57   134    50   148 0.66 -
ctg000001_P:195095-197449   -            785 16305at4891          -            310   8.3e-12   42.3  10.7   2   6     0.019      0.76    6.3   0.0   202   237   194   236   173   245 0.76 -
ctg000001_P:195095-197449   -            785 16305at4891          -            310   8.3e-12   42.3  10.7   3   6     0.019      0.76    6.3   0.1   205   245   277   319   249   330 0.80 -
ctg000001_P:195095-197449   -            785 16305at4891          -            310   8.3e-12   42.3  10.7   4   6      0.17       6.8    3.2   0.0    96   123   384   411   378   430 0.80 -
ctg000001_P:195095-197449   -            785 16305at4891          -            310   8.3e-12   42.3  10.7   5   6      0.23       9.3    2.7   0.0    99   164   560   637   530   662 0.65 -
ctg000001_P:195095-197449   -            785 16305at4891          -            310   8.3e-12   42.3  10.7   6   6     0.075         3    4.3   0.0   221   239   669   687   663   735 0.86 -
ctg000002_P:257741-259117   -            459 16305at4891          -            310   1.4e-11   41.6   8.3   1   6      0.11       4.6    3.7   0.1   249   264   117   132   114   141 0.77 -
ctg000002_P:257741-259117   -            459 16305at4891          -            310   1.4e-11   41.6   8.3   2   6   0.00049      0.02   11.5   0.0   207   239   142   175   137   185 0.88 -
ctg000002_P:257741-259117   -            459 16305at4891          -            310   1.4e-11   41.6   8.3   3   6     0.068       2.7    4.5   0.1   194   236   192   236   178   253 0.73 -
ctg000002_P:257741-259117   -            459 16305at4891          -            310   1.4e-11   41.6   8.3   4   6     0.005       0.2    8.2   0.8   135   260   208   342   196   357 0.73 -
ctg000002_P:257741-259117   -            459 16305at4891          -            310   1.4e-11   41.6   8.3   5   6   1.5e-05   0.00059   16.5   0.0   200   245   366   414   362   418 0.84 -
ctg000002_P:257741-259117   -            459 16305at4891          -            310   1.4e-11   41.6   8.3   6   6       3.1   1.2e+02   -0.9   0.0   210   236   427   454   419   457 0.58 -
ctg000007_P:236257-237153   -            299 16305at4891          -            310   2.8e-11   40.6   1.6   1   3   3.6e-08   1.4e-06   25.1   0.2   157   246    21   120     5   162 0.53 -
ctg000007_P:236257-237153   -            299 16305at4891          -            310   2.8e-11   40.6   1.6   2   3     0.021      0.83    6.2   0.0   136   173   175   214   163   224 0.76 -
ctg000007_P:236257-237153   -            299 16305at4891          -            310   2.8e-11   40.6   1.6   3   3     0.069       2.8    4.5   0.0   111   160   240   297   234   299 0.65 -
ctg000005_P:675289-676623   -            445 16305at4891          -            310   6.4e-11   39.4   2.8   1   3   0.00067     0.027   11.1   0.2   181   242   144   211   138   215 0.52 -
ctg000005_P:675289-676623   -            445 16305at4891          -            310   6.4e-11   39.4   2.8   2   3     0.027       1.1    5.8   0.0   102   244   223   255   211   259 0.59 -
ctg000005_P:675289-676623   -            445 16305at4891          -            310   6.4e-11   39.4   2.8   3   3   4.7e-06   0.00019   18.2   0.1    99   244   262   419   257   430 0.71 -
ctg000003_P:549498-551945   -            816 16305at4891          -            310   1.1e-10   38.6  17.5   1   7    0.0035      0.14    8.7   0.3   147   246    75   187    50   232 0.64 -
ctg000003_P:549498-551945   -            816 16305at4891          -            310   1.1e-10   38.6  17.5   2   7       1.8        73   -0.2   0.1   221   239   402   420   385   463 0.74 -
ctg000003_P:549498-551945   -            816 16305at4891          -            310   1.1e-10   38.6  17.5   3   7   3.3e-05    0.0013   15.4   0.1   184   238   464   522   452   528 0.80 -
ctg000003_P:549498-551945   -            816 16305at4891          -            310   1.1e-10   38.6  17.5   4   7   8.5e-05    0.0034   14.0   0.4   215   263   542   603   525   603 0.62 -
ctg000003_P:549498-551945   -            816 16305at4891          -            310   1.1e-10   38.6  17.5   5   7   0.00099      0.04   10.5   0.0   207   242   573   610   561   614 0.78 -
ctg000003_P:549498-551945   -            816 16305at4891          -            310   1.1e-10   38.6  17.5   6   7      0.58        23    1.4   0.0    94   126   614   646   609   698 0.83 -
ctg000003_P:549498-551945   -            816 16305at4891          -            310   1.1e-10   38.6  17.5   7   7       5.5   2.2e+02   -1.8   0.1   122   170   744   792   727   803 0.81 -
ctg000003_P:904315-907116   -            934 16305at4891          -            310   1.8e-10   37.9   0.1   1   3     0.051         2    4.9   0.0   153   238    49   139    38   159 0.77 -
ctg000003_P:904315-907116   -            934 16305at4891          -            310   1.8e-10   37.9   0.1   2   3   3.3e-06   0.00013   18.6   0.0    99   236   457   609   424   620 0.78 -
ctg000003_P:904315-907116   -            934 16305at4891          -            310   1.8e-10   37.9   0.1   3   3    0.0027      0.11    9.1   0.0    99   154   623   679   618   691 0.87 -
ctg000006_P:63382-64761     -            460 16305at4891          -            310   6.9e-10   36.0   0.4   1   4      0.29        12    2.4   0.0   219   237    27    45     9    49 0.73 -
ctg000006_P:63382-64761     -            460 16305at4891          -            310   6.9e-10   36.0   0.4   2   4   1.6e-05   0.00063   16.4   0.0   196   237    57   101    48   111 0.82 -
ctg000006_P:63382-64761     -            460 16305at4891          -            310   6.9e-10   36.0   0.4   3   4    0.0022     0.087    9.4   0.0    90   130   138   179   118   221 0.71 -
ctg000006_P:63382-64761     -            460 16305at4891          -            310   6.9e-10   36.0   0.4   4   4      0.41        17    1.9   0.0    97   119   373   395   335   410 0.80 -
ctg000001_P:614163-614933   -            257 16305at4891          -            310   1.6e-09   34.8   0.3   1   2     3e-10   1.2e-08   31.9   0.1   162   266    23   145    11   156 0.74 -
ctg000001_P:614163-614933   -            257 16305at4891          -            310   1.6e-09   34.8   0.3   2   2       4.9     2e+02   -1.6   0.0   141   167   186   214   164   241 0.59 -
ctg000010_P:203538-204632   -            365 16305at4891          -            310   1.8e-09   34.7   0.0   1   2   1.3e-09   5.2e-08   29.8   0.1   136   300    37   211    26   218 0.76 -
ctg000010_P:203538-204632   -            365 16305at4891          -            310   1.8e-09   34.7   0.0   2   2      0.61        24    1.4   0.0    98   129   270   301   261   332 0.79 -
ctg000006_P:423485-425329   -            615 16305at4891          -            310   2.1e-09   34.4   4.1   1   4      0.69        28    1.2   0.0   145   161    78    94    57   115 0.58 -
ctg000006_P:423485-425329   -            615 16305at4891          -            310   2.1e-09   34.4   4.1   2   4   4.2e-07   1.7e-05   21.6   0.1   138   267   209   367   195   392 0.75 -
ctg000006_P:423485-425329   -            615 16305at4891          -            310   2.1e-09   34.4   4.1   3   4      0.12       4.6    3.7   0.0   254   305   480   534   452   540 0.75 -
ctg000006_P:423485-425329   -            615 16305at4891          -            310   2.1e-09   34.4   4.1   4   4      0.15       5.8    3.4   0.0   179   235   549   611   536   613 0.78 -
ctg000001_P:814425-815267   -            281 16305at4891          -            310   2.9e-09   33.9   5.9   1   3   6.2e-10   2.5e-08   30.9   1.8   121   241     4   140     1   146 0.74 -
ctg000001_P:814425-815267   -            281 16305at4891          -            310   2.9e-09   33.9   5.9   2   3     0.078       3.1    4.3   0.1    93   150   144   207   139   222 0.70 -
ctg000001_P:814425-815267   -            281 16305at4891          -            310   2.9e-09   33.9   5.9   3   3       8.3   3.3e+02   -2.4   0.0    97   122   246   271   239   275 0.74 -
ctg000000_P:502361-503155   -            265 16305at4891          -            310   4.3e-09   33.4   0.4   1   4    0.0011     0.042   10.4   0.0   212   245     5    41     1    50 0.76 -
ctg000000_P:502361-503155   -            265 16305at4891          -            310   4.3e-09   33.4   0.4   2   4    0.0084      0.34    7.5   0.0    86   126    83   124    75   132 0.73 -
ctg000000_P:502361-503155   -            265 16305at4891          -            310   4.3e-09   33.4   0.4   3   4   0.00092     0.037   10.6   0.0    69   126   139   195   127   202 0.73 -
ctg000000_P:502361-503155   -            265 16305at4891          -            310   4.3e-09   33.4   0.4   4   4       2.7   1.1e+02   -0.8   0.0   145   166   233   254   217   264 0.55 -
ctg000001_P:791639-792679   -            347 16305at4891          -            310   7.9e-09   32.5   5.2   1   4     0.028       1.1    5.8   0.4   239   263    55    85     5    87 0.44 -
ctg000001_P:791639-792679   -            347 16305at4891          -            310   7.9e-09   32.5   5.2   2   4     0.017      0.67    6.5   0.0   220   240    70    90    52   154 0.72 -
ctg000001_P:791639-792679   -            347 16305at4891          -            310   7.9e-09   32.5   5.2   3   4     0.036       1.5    5.4   0.0    98   135   213   254   188   274 0.80 -
ctg000001_P:791639-792679   -            347 16305at4891          -            310   7.9e-09   32.5   5.2   4   4   1.3e-05   0.00052   16.7   0.3    90   129   297   336   277   347 0.81 -
ctg000003_P:955064-957016   -            651 16305at4891          -            310   3.2e-08   30.5   0.0   1   3     0.014      0.54    6.8   0.0   207   235    79   110    73   116 0.78 -
ctg000003_P:955064-957016   -            651 16305at4891          -            310   3.2e-08   30.5   0.0   2   3   0.00012    0.0049   13.5   0.0   199   252   129   186   126   189 0.82 -
ctg000003_P:955064-957016   -            651 16305at4891          -            310   3.2e-08   30.5   0.0   3   3    0.0031      0.12    8.9   0.0   203   240   176   215   171   221 0.70 -
ctg000002_P:347755-349020   -            422 16305at4891          -            310   6.5e-08   29.5   5.7   1   6   0.00021    0.0084   12.7   0.3   182   239    67   124    30   146 0.64 -
ctg000002_P:347755-349020   -            422 16305at4891          -            310   6.5e-08   29.5   5.7   2   6   3.1e-05    0.0012   15.5   0.8    95   186    90   189    56   190 0.70 -
ctg000002_P:347755-349020   -            422 16305at4891          -            310   6.5e-08   29.5   5.7   3   6      0.11       4.3    3.8   0.1   206   238   178   211   145   220 0.75 -
ctg000002_P:347755-349020   -            422 16305at4891          -            310   6.5e-08   29.5   5.7   4   6     0.033       1.3    5.5   0.0   144   199   239   298   235   306 0.66 -
ctg000002_P:347755-349020   -            422 16305at4891          -            310   6.5e-08   29.5   5.7   5   6       0.9        36    0.8   0.0   136   176   350   392   342   400 0.75 -
ctg000002_P:347755-349020   -            422 16305at4891          -            310   6.5e-08   29.5   5.7   6   6      0.19       7.7    3.0   0.0    93   126   387   420   383   421 0.81 -
ctg000001_P:853361-855415   -            685 16305at4891          -            310   8.6e-08   29.1   2.3   1   3      0.49        20    1.7   0.0   220   241    11    32     2    39 0.81 -
ctg000001_P:853361-855415   -            685 16305at4891          -            310   8.6e-08   29.1   2.3   2   3   1.6e-05   0.00063   16.4   0.2   219   269    55   119    34   125 0.67 -
ctg000001_P:853361-855415   -            685 16305at4891          -            310   8.6e-08   29.1   2.3   3   3     0.056       2.2    4.8   0.1    90   191   242   344   231   349 0.75 -
ctg000012_P:294223-296391   -            723 16305at4891          -            310   9.9e-08   28.9   0.2   1   2      0.03       1.2    5.6   0.0    43   166   236   383   214   393 0.66 -
ctg000012_P:294223-296391   -            723 16305at4891          -            310   9.9e-08   28.9   0.2   2   2   6.7e-06   0.00027   17.6   0.1   213   292   644   722   627   723 0.77 -
ctg000007_P:208156-208974   -            273 16305at4891          -            310   2.1e-07   27.8   7.7   1   2   0.00042     0.017   11.7   0.4    89   128    48    88    38   105 0.75 -
ctg000007_P:208156-208974   -            273 16305at4891          -            310   2.1e-07   27.8   7.7   2   2   1.4e-05   0.00054   16.6   1.8    91   235   101   269    89   273 0.69 -
ctg000000_P:107664-111473   -           1270 16305at4891          -            310   4.4e-07   26.8   6.2   1   3    0.0013     0.054   10.1   0.4    99   165    64   141    35   147 0.71 -
ctg000000_P:107664-111473   -           1270 16305at4891          -            310   4.4e-07   26.8   6.2   2   3    0.0058      0.23    8.0   0.6    96   172   107   200   102   206 0.64 -
ctg000000_P:107664-111473   -           1270 16305at4891          -            310   4.4e-07   26.8   6.2   3   3   1.3e-05    0.0005   16.7   0.3    80   187   191   309   178   344 0.67 -
ctg000005_P:740270-743305   -           1012 16305at4891          -            310   5.1e-07   26.6   8.8   1   5   1.9e-05   0.00075   16.2   0.0   200   239   170   211   148   218 0.83 -
ctg000005_P:740270-743305   -           1012 16305at4891          -            310   5.1e-07   26.6   8.8   2   5    0.0062      0.25    7.9   0.4   207   249   219   264   213   280 0.76 -
ctg000005_P:740270-743305   -           1012 16305at4891          -            310   5.1e-07   26.6   8.8   3   5       9.5   3.8e+02   -2.6   0.0   220   241   678   699   669   707 0.75 -
ctg000005_P:740270-743305   -           1012 16305at4891          -            310   5.1e-07   26.6   8.8   4   5      0.34        13    2.2   0.2   218   290   721   795   701   805 0.61 -
ctg000005_P:740270-743305   -           1012 16305at4891          -            310   5.1e-07   26.6   8.8   5   5      0.77        31    1.0   0.1   100   134   939   974   919   995 0.74 -
ctg000008_P:207899-209062   -            388 16305at4891          -            310   5.4e-07   26.5   0.2   1   2   1.8e-06   7.1e-05   19.5   0.2   110   238    26   179     4   219 0.74 -
ctg000008_P:207899-209062   -            388 16305at4891          -            310   5.4e-07   26.5   0.2   2   2     0.059       2.4    4.7   0.0   218   237   303   322   294   328 0.82 -
ctg000022_P:317551-319299   -            583 16305at4891          -            310   5.7e-07   26.4   0.0   1   4      0.02      0.79    6.3   0.0    96   136   236   276   217   327 0.82 -
ctg000022_P:317551-319299   -            583 16305at4891          -            310   5.7e-07   26.4   0.0   2   4       1.1        44    0.5   0.0   268   290   462   484   457   494 0.84 -
ctg000022_P:317551-319299   -            583 16305at4891          -            310   5.7e-07   26.4   0.0   3   4         6   2.4e+02   -1.9   0.0    93   117   500   524   484   532 0.79 -
ctg000022_P:317551-319299   -            583 16305at4891          -            310   5.7e-07   26.4   0.0   4   4   6.1e-05    0.0024   14.5   0.0    97   127   551   581   539   583 0.88 -
ctg000006_P:425866-427404   -            513 16305at4891          -            310   1.4e-06   25.1   0.2   1   3     6e-06   0.00024   17.8   0.1   120   238    23   156    13   164 0.72 -
ctg000006_P:425866-427404   -            513 16305at4891          -            310   1.4e-06   25.1   0.2   2   3      0.31        12    2.3   0.0   211   245   173   209   160   238 0.75 -
ctg000006_P:425866-427404   -            513 16305at4891          -            310   1.4e-06   25.1   0.2   3   3       0.7        28    1.2   0.0   203   242   206   245   202   293 0.51 -
ctg000003_P:529749-530594   -            282 16305at4891          -            310   1.8e-06   24.7  10.8   1   4   0.00015    0.0059   13.2   0.1   214   265     9    78     1    84 0.72 -
ctg000003_P:529749-530594   -            282 16305at4891          -            310   1.8e-06   24.7  10.8   2   4    0.0045      0.18    8.4   1.3   101   149    50   101    39   193 0.65 -
ctg000003_P:529749-530594   -            282 16305at4891          -            310   1.8e-06   24.7  10.8   3   4      0.16       6.5    3.2   0.1   220   240   213   233   193   242 0.85 -
ctg000003_P:529749-530594   -            282 16305at4891          -            310   1.8e-06   24.7  10.8   4   4      0.18       7.1    3.1   0.2   103   127   253   277   242   281 0.87 -
ctg000006_P:442699-443643   -            315 16305at4891          -            310   1.9e-06   24.7   1.0   1   2      0.23       9.4    2.7   0.0   223   235     2    14     1    24 0.67 -
ctg000006_P:442699-443643   -            315 16305at4891          -            310   1.9e-06   24.7   1.0   2   2    0.0077      0.31    7.6   0.0   218   271   253   306   130   314 0.73 -
ctg000107_P:66451-67743     -            431 16305at4891          -            310   6.7e-06   22.9   0.7   1   3       0.2         8    2.9   0.0    98   179    66   155    46   187 0.58 -
ctg000107_P:66451-67743     -            431 16305at4891          -            310   6.7e-06   22.9   0.7   2   3     0.087       3.5    4.1   0.5   145   181   218   257   146   304 0.70 -
ctg000107_P:66451-67743     -            431 16305at4891          -            310   6.7e-06   22.9   0.7   3   3   0.00035     0.014   12.0   0.0    93   166   307   383   293   399 0.87 -
ctg000014_P:161740-163014   -            425 16305at4891          -            310   1.2e-05   22.0   1.7   1   3      0.66        27    1.2   0.0   101   127    30    56    23    59 0.80 -
ctg000014_P:161740-163014   -            425 16305at4891          -            310   1.2e-05   22.0   1.7   2   3   2.4e-05   0.00098   15.8   0.1    96   143    71   122    66   180 0.77 -
ctg000014_P:161740-163014   -            425 16305at4891          -            310   1.2e-05   22.0   1.7   3   3      0.85        34    0.9   0.9   121   135   294   309   196   345 0.60 -
ctg000006_P:345566-347899   -            778 16305at4891          -            310   1.9e-05   21.4   1.3   1   3    0.0016     0.062    9.9   0.0   207   237   406   438   398   450 0.76 -
ctg000006_P:345566-347899   -            778 16305at4891          -            310   1.9e-05   21.4   1.3   2   3      0.86        34    0.9   0.0    93   120   452   479   444   483 0.84 -
ctg000006_P:345566-347899   -            778 16305at4891          -            310   1.9e-05   21.4   1.3   3   3     0.013      0.52    6.8   0.0   202   238   686   725   535   736 0.86 -
ctg000001_P:1020946-1022133 -            396 16305at4891          -            310   1.9e-05   21.4   0.9   1   3     0.079       3.2    4.3   0.0   219   265    26    44     8    48 0.61 -
ctg000001_P:1020946-1022133 -            396 16305at4891          -            310   1.9e-05   21.4   0.9   2   3      0.48        19    1.7   0.0    95   118   231   254   221   266 0.85 -
ctg000001_P:1020946-1022133 -            396 16305at4891          -            310   1.9e-05   21.4   0.9   3   3   0.00066     0.026   11.1   0.1   202   246   284   330   272   334 0.85 -
ctg000006_P:472399-472884   -            162 16305at4891          -            310   3.9e-05   20.4   3.9   1   2      0.14       5.5    3.5   0.5   241   241    53    53     6    94 0.56 -
ctg000006_P:472399-472884   -            162 16305at4891          -            310   3.9e-05   20.4   3.9   2   2   9.5e-05    0.0038   13.9   0.2   205   237   104   138    99   155 0.83 -
ctg000005_P:138693-140411   -            573 16305at4891          -            310   5.1e-05   20.0   0.1   1   3    0.0034      0.14    8.7   0.0    93   127   232   266   221   276 0.89 -
ctg000005_P:138693-140411   -            573 16305at4891          -            310   5.1e-05   20.0   0.1   2   3      0.14       5.6    3.5   0.0   221   243   412   434   396   440 0.77 -
ctg000005_P:138693-140411   -            573 16305at4891          -            310   5.1e-05   20.0   0.1   3   3      0.14       5.8    3.4   0.0   100   131   475   506   465   510 0.82 -
ctg000000_P:689845-693270   -           1142 16305at4891          -            310     7e-05   19.6   3.4   1   2      0.62        25    1.3   0.3   102   166    25    98    22   105 0.71 -
ctg000000_P:689845-693270   -           1142 16305at4891          -            310     7e-05   19.6   3.4   2   2     7e-06   0.00028   17.6   3.6    99   240    65   231    58   238 0.73 -
ctg000006_P:511276-512808   -            511 16305at4891          -            310   7.3e-05   19.5   6.6   1   2   1.6e-05   0.00063   16.4   1.0    95   166   319   400   315   407 0.76 -
ctg000006_P:511276-512808   -            511 16305at4891          -            310   7.3e-05   19.5   6.6   2   2     0.037       1.5    5.4   0.0   202   237   409   448   403   453 0.70 -
ctg000009_P:411260-412237   -            326 16305at4891          -            310     8e-05   19.4   0.1   1   3   0.00027     0.011   12.4   0.1   138   243    27   146    25   164 0.73 -
ctg000009_P:411260-412237   -            326 16305at4891          -            310     8e-05   19.4   0.1   2   3       3.8   1.5e+02   -1.2   0.0    88   120   189   221   175   232 0.78 -
ctg000009_P:411260-412237   -            326 16305at4891          -            310     8e-05   19.4   0.1   3   3      0.26        10    2.6   0.0   250   270   262   282   253   291 0.66 -
ctg000005_P:859210-860166   -            319 16305at4891          -            310   8.2e-05   19.3   4.5   1   4    0.0003     0.012   12.2   1.1   137   203    42   117    29   125 0.76 -
ctg000005_P:859210-860166   -            319 16305at4891          -            310   8.2e-05   19.3   4.5   2   4     0.036       1.4    5.4   0.0   212   259    90   139    77   149 0.68 -
ctg000005_P:859210-860166   -            319 16305at4891          -            310   8.2e-05   19.3   4.5   3   4     0.021      0.86    6.1   0.0   202   239   183   224   160   234 0.73 -
ctg000005_P:859210-860166   -            319 16305at4891          -            310   8.2e-05   19.3   4.5   4   4         8   3.2e+02   -2.3   0.0    94   108   287   301   268   308 0.73 -
ctg000000_P:720764-721879   -            372 16305at4891          -            310   0.00012   18.8   4.4   1   3    0.0031      0.12    8.9   0.2   208   246   103   144    58   156 0.68 -
ctg000000_P:720764-721879   -            372 16305at4891          -            310   0.00012   18.8   4.4   2   3      0.41        16    1.9   0.0   221   292   235   251   218   262 0.59 -
ctg000000_P:720764-721879   -            372 16305at4891          -            310   0.00012   18.8   4.4   3   3     0.006      0.24    7.9   0.8   196   240   274   317   229   372 0.74 -
ctg000002_P:264388-265083   -            232 16305at4891          -            310   0.00012   18.8   8.6   1   3   0.00049      0.02   11.5   4.7   200   243    89   137    12   151 0.72 -
ctg000002_P:264388-265083   -            232 16305at4891          -            310   0.00012   18.8   8.6   2   3      0.62        25    1.3   0.0   208   239   142   175   137   186 0.78 -
ctg000002_P:264388-265083   -            232 16305at4891          -            310   0.00012   18.8   8.6   3   3     0.085       3.4    4.2   0.0   220   235   217   232   210   232 0.85 -
ctg000007_P:793351-796371   -           1007 16305at4891          -            310   0.00021   18.0   4.0   1   4     0.024      0.96    6.0   0.2    99   201    42   151    34   162 0.68 -
ctg000007_P:793351-796371   -           1007 16305at4891          -            310   0.00021   18.0   4.0   2   4      0.47        19    1.7   0.5    98   129   122   153    96   216 0.52 -
ctg000007_P:793351-796371   -           1007 16305at4891          -            310   0.00021   18.0   4.0   3   4     0.046       1.8    5.0   0.0   144   178   245   279   231   287 0.83 -
ctg000007_P:793351-796371   -           1007 16305at4891          -            310   0.00021   18.0   4.0   4   4      0.17       6.6    3.2   0.0   108   128   469   489   458   506 0.69 -
ctg000007_P:127180-128319   -            380 16305at4891          -            310    0.0013   15.4   0.5   1   3      0.19       7.6    3.0   0.0   207   236    57    87     4    98 0.69 -
ctg000007_P:127180-128319   -            380 16305at4891          -            310    0.0013   15.4   0.5   2   3    0.0043      0.17    8.4   0.0    96   125   148   177   130   184 0.87 -
ctg000007_P:127180-128319   -            380 16305at4891          -            310    0.0013   15.4   0.5   3   3       4.5   1.8e+02   -1.5   0.0   103   265   216   240   206   252 0.57 -
ctg000024_P:5353-6492       -            380 16305at4891          -            310    0.0013   15.4   0.5   1   3      0.19       7.6    3.0   0.0   207   236    57    87     4    98 0.69 -
ctg000024_P:5353-6492       -            380 16305at4891          -            310    0.0013   15.4   0.5   2   3    0.0043      0.17    8.4   0.0    96   125   148   177   130   184 0.87 -
ctg000024_P:5353-6492       -            380 16305at4891          -            310    0.0013   15.4   0.5   3   3       4.5   1.8e+02   -1.5   0.0   103   265   216   240   206   252 0.57 -
ctg000003_P:514145-515866   -            574 16305at4891          -            310      0.01   12.4   2.0   1   2         3   1.2e+02   -0.9   0.0   272   294   225   247   215   252 0.83 -
ctg000003_P:514145-515866   -            574 16305at4891          -            310      0.01   12.4   2.0   2   2     0.001     0.041   10.5   0.6   208   245   285   325   264   372 0.74 -
ctg000002_P:705774-706781   -            336 16305at4891          -            310     0.011   12.3   0.2   1   3       2.3        91   -0.5   0.0   187   266    26    41     6    88 0.57 -
ctg000002_P:705774-706781   -            336 16305at4891          -            310     0.011   12.3   0.2   2   3       9.7   3.9e+02   -2.6   0.0   101   122   153   172   138   178 0.51 -
ctg000002_P:705774-706781   -            336 16305at4891          -            310     0.011   12.3   0.2   3   3    0.0025       0.1    9.2   0.0    94   154   247   302   233   324 0.71 -
ctg000005_P:305551-308649   -           1033 16305at4891          -            310     0.018   11.6   4.1   1   3     0.057       2.3    4.7   0.7    67   184    47   167    39   196 0.60 -
ctg000005_P:305551-308649   -           1033 16305at4891          -            310     0.018   11.6   4.1   2   3     0.057       2.3    4.7   0.1   144   178   282   316   268   341 0.81 -
ctg000005_P:305551-308649   -           1033 16305at4891          -            310     0.018   11.6   4.1   3   3       2.9   1.2e+02   -0.9   0.0   109   293   507   526   502   544 0.58 -
ctg000002_P:1021230-1025138 -           1303 16305at4891          -            310      0.29    7.7  12.3   1   2    0.0009     0.036   10.6   0.3   202   241   216   258   176   274 0.76 -
ctg000002_P:1021230-1025138 -           1303 16305at4891          -            310      0.29    7.7  12.3   2   2     0.044       1.7    5.1   0.0   102   128   339   365   328   383 0.83 -
#
# Program:         hmmsearch
# Version:         3.1b2 (February 2015)
# Pipeline mode:   SEARCH
# Query file:      /Users/dominiquefastus/DeNovoProj/BUSCO_ass/busco_downloads/lineages/saccharomycetes_odb10/hmms/16305at4891.hmm
# Target file:     /Users/dominiquefastus/DeNovoProj/BUSCO_ass/busco_out/run_saccharomycetes_odb10/metaeuk_output/initial_results/asm_ctgs_m.fa.modified.fas
# Option settings: hmmsearch --domtblout /Users/dominiquefastus/DeNovoProj/BUSCO_ass/busco_out/run_saccharomycetes_odb10/hmmer_output/initial_run_results/16305at4891.out --cpu 1 /Users/dominiquefastus/DeNovoProj/BUSCO_ass/busco_downloads/lineages/saccharomycetes_odb10/hmms/16305at4891.hmm /Users/dominiquefastus/DeNovoProj/BUSCO_ass/busco_out/run_saccharomycetes_odb10/metaeuk_output/initial_results/asm_ctgs_m.fa.modified.fas 
# Current dir:     /Users/dominiquefastus/DeNovoProj/BUSCO_ass
# Date:            Fri Feb 24 14:21:35 2023
# [ok]
