#                                                                                   --- full sequence --- -------------- this domain -------------   hmm coord   ali coord   env coord
# target name               accession   tlen query name           accession   qlen   E-value  score  bias   #  of  c-Evalue  i-Evalue  score  bias  from    to  from    to  from    to  acc description of target
#       ------------------- ---------- ----- -------------------- ---------- ----- --------- ------ ----- --- --- --------- --------- ------ ----- ----- ----- ----- ----- ----- ----- ---- ---------------------
ctg000005_P:54978-56366     -            463 17074at4891          -            311  7.4e-101  334.6  13.7   1   1  4.6e-100   1.4e-98  327.1  13.4    19   311   100   463    82   463 0.85 -
ctg000007_P:201083-203473   -            797 17074at4891          -            311   3.5e-72  240.4  12.9   1   5     0.057       1.7    4.9   0.0   209   245   460   496   456   507 0.82 -
ctg000007_P:201083-203473   -            797 17074at4891          -            311   3.5e-72  240.4  12.9   2   5   5.9e-23   1.8e-21   73.8   0.6   123   244   515   638   512   638 0.96 -
ctg000007_P:201083-203473   -            797 17074at4891          -            311   3.5e-72  240.4  12.9   3   5   5.6e-28   1.7e-26   90.3   0.9   126   244   560   680   554   680 0.94 -
ctg000007_P:201083-203473   -            797 17074at4891          -            311   3.5e-72  240.4  12.9   4   5   3.6e-31   1.1e-29  100.8   0.3   126   247   602   726   595   731 0.94 -
ctg000007_P:201083-203473   -            797 17074at4891          -            311   3.5e-72  240.4  12.9   5   5       6.3     2e+02   -1.8   0.0    52    89   751   788   745   795 0.82 -
ctg000012_P:93603-94601     -            333 17074at4891          -            311   2.7e-52  175.1  20.3   1   4   5.3e-14   1.6e-12   44.4   0.7   171   243     2    82     1    82 0.87 -
ctg000012_P:93603-94601     -            333 17074at4891          -            311   2.7e-52  175.1  20.3   2   4   1.3e-12     4e-11   39.9   2.2   147   225    68   148    58   161 0.84 -
ctg000012_P:93603-94601     -            333 17074at4891          -            311   2.7e-52  175.1  20.3   3   4   1.4e-24   4.4e-23   79.1   0.3   143   246   187   293   176   297 0.92 -
ctg000012_P:93603-94601     -            333 17074at4891          -            311   2.7e-52  175.1  20.3   4   4   3.3e-14     1e-12   45.1   0.2   184   242   273   331   271   332 0.96 -
ctg000012_P:112251-115004   -            918 17074at4891          -            311   1.2e-49  166.4  11.7   1   8      0.16       4.8    3.5   0.0   199   239    39    79    18   104 0.57 -
ctg000012_P:112251-115004   -            918 17074at4891          -            311   1.2e-49  166.4  11.7   2   8    0.0074      0.23    7.8   0.0   168   242    50   122    37   123 0.83 -
ctg000012_P:112251-115004   -            918 17074at4891          -            311   1.2e-49  166.4  11.7   3   8   3.3e-10     1e-08   32.0   0.2   131   246    94   222    81   225 0.82 -
ctg000012_P:112251-115004   -            918 17074at4891          -            311   1.2e-49  166.4  11.7   4   8   1.3e-14   4.1e-13   46.4   0.0   127   245   254   375   228   379 0.84 -
ctg000012_P:112251-115004   -            918 17074at4891          -            311   1.2e-49  166.4  11.7   5   8   6.8e-19   2.1e-17   60.5   0.3   160   244   332   416   305   424 0.90 -
ctg000012_P:112251-115004   -            918 17074at4891          -            311   1.2e-49  166.4  11.7   6   8   2.8e-18   8.8e-17   58.4   0.2   127   244   381   502   378   518 0.90 -
ctg000012_P:112251-115004   -            918 17074at4891          -            311   1.2e-49  166.4  11.7   7   8     0.058       1.8    4.9   0.0   220   257   582   619   571   624 0.89 -
ctg000012_P:112251-115004   -            918 17074at4891          -            311   1.2e-49  166.4  11.7   8   8       2.3        69   -0.3   0.0   133   153   678   698   671   707 0.89 -
ctg000008_P:156612-157523   -            304 17074at4891          -            311   1.3e-48  163.0  16.7   1   4   1.4e-16   4.2e-15   52.9   0.2   147   246     5   107     2   114 0.89 -
ctg000008_P:156612-157523   -            304 17074at4891          -            311   1.3e-48  163.0  16.7   2   4   1.7e-18   5.3e-17   59.2   0.1   131   252    31   154    28   158 0.90 -
ctg000008_P:156612-157523   -            304 17074at4891          -            311   1.3e-48  163.0  16.7   3   4   1.4e-12   4.4e-11   39.7   0.4   131   244   115   237   110   241 0.86 -
ctg000008_P:156612-157523   -            304 17074at4891          -            311   1.3e-48  163.0  16.7   4   4   5.9e-13   1.8e-11   41.0   2.5   126   222   201   300   193   303 0.90 -
ctg000003_P:549498-551945   -            816 17074at4891          -            311   1.5e-42  143.1  12.6   1   6   1.6e-11     5e-10   36.3   0.3   120   251    48   184    37   194 0.85 -
ctg000003_P:549498-551945   -            816 17074at4891          -            311   1.5e-42  143.1  12.6   2   6     2e-08   6.2e-07   26.1   0.1   171   247   142   228   141   251 0.79 -
ctg000003_P:549498-551945   -            816 17074at4891          -            311   1.5e-42  143.1  12.6   3   6      0.13       4.1    3.7   0.0   189   243   212   271   211   295 0.61 -
ctg000003_P:549498-551945   -            816 17074at4891          -            311   1.5e-42  143.1  12.6   4   6    0.0011     0.033   10.6   0.1   169   242   384   466   378   482 0.66 -
ctg000003_P:549498-551945   -            816 17074at4891          -            311   1.5e-42  143.1  12.6   5   6   6.8e-16   2.1e-14   50.6   0.1   167   244   485   562   442   570 0.84 -
ctg000003_P:549498-551945   -            816 17074at4891          -            311   1.5e-42  143.1  12.6   6   6   1.4e-13   4.3e-12   43.1   0.4   166   242   568   644   562   654 0.94 -
ctg000003_P:379491-382319   -            943 17074at4891          -            311   7.6e-41  137.5  34.3   1   6      0.73        23    1.3   0.0   185   213    39    65    33    68 0.81 -
ctg000003_P:379491-382319   -            943 17074at4891          -            311   7.6e-41  137.5  34.3   2   6   3.6e-13   1.1e-11   41.7   0.4   175   247    81   153    77   168 0.92 -
ctg000003_P:379491-382319   -            943 17074at4891          -            311   7.6e-41  137.5  34.3   3   6   6.6e-07     2e-05   21.1   2.2   172   244   162   231   153   238 0.79 -
ctg000003_P:379491-382319   -            943 17074at4891          -            311   7.6e-41  137.5  34.3   4   6   1.4e-10   4.3e-09   33.2   0.3   132   245   390   503   387   510 0.90 -
ctg000003_P:379491-382319   -            943 17074at4891          -            311   7.6e-41  137.5  34.3   5   6     6e-10   1.8e-08   31.1   0.1   174   260   532   623   529   623 0.94 -
ctg000003_P:379491-382319   -            943 17074at4891          -            311   7.6e-41  137.5  34.3   6   6   8.4e-11   2.6e-09   33.9   0.8   131   201   613   685   604   695 0.91 -
ctg000012_P:74312-75004     -            231 17074at4891          -            311   1.5e-37  126.7   1.4   1   3   1.4e-21   4.4e-20   69.3   0.0   177   246     2    71     1    82 0.96 -
ctg000012_P:74312-75004     -            231 17074at4891          -            311   1.5e-37  126.7   1.4   2   3   4.1e-11   1.3e-09   34.9   0.1   176   246    84   162    79   168 0.74 -
ctg000012_P:74312-75004     -            231 17074at4891          -            311   1.5e-37  126.7   1.4   3   3   1.2e-06   3.6e-05   20.3   0.0   171   218   183   230   177   231 0.95 -
ctg000005_P:675289-676623   -            445 17074at4891          -            311   3.5e-37  125.5   5.2   1   3   2.4e-11   7.4e-10   35.7   0.3   170   247   130   208   119   210 0.94 -
ctg000005_P:675289-676623   -            445 17074at4891          -            311   3.5e-37  125.5   5.2   2   3   1.1e-23   3.3e-22   76.3   0.1   130   244   173   289   170   292 0.95 -
ctg000005_P:675289-676623   -            445 17074at4891          -            311   3.5e-37  125.5   5.2   3   3   1.2e-09   3.7e-08   30.1   0.1   124   243   293   421   289   429 0.76 -
ctg000000_P:195018-198614   -           1199 17074at4891          -            311   1.9e-35  119.8  13.1   1   4   1.1e-17   3.4e-16   56.5   0.1   128   245     6   125     2   130 0.92 -
ctg000000_P:195018-198614   -           1199 17074at4891          -            311   1.9e-35  119.8  13.1   2   4   1.2e-12   3.7e-11   40.0   0.3   137   202    99   166    97   171 0.91 -
ctg000000_P:195018-198614   -           1199 17074at4891          -            311   1.9e-35  119.8  13.1   3   4   1.7e-13   5.4e-12   42.7   0.3   109   244   183   323   175   340 0.80 -
ctg000000_P:195018-198614   -           1199 17074at4891          -            311   1.9e-35  119.8  13.1   4   4      0.48        15    1.9   0.2   197   287   476   560   456   576 0.65 -
ctg000107_P:181737-182555   -            273 17074at4891          -            311     3e-33  112.6   9.8   1   3   2.1e-09   6.5e-08   29.3   0.3   190   243     1    52     1    55 0.94 -
ctg000107_P:181737-182555   -            273 17074at4891          -            311     3e-33  112.6   9.8   2   3   2.5e-14   7.8e-13   45.5   0.6   124   218    57   150    53   161 0.88 -
ctg000107_P:181737-182555   -            273 17074at4891          -            311     3e-33  112.6   9.8   3   3   1.6e-13   4.8e-12   42.9   0.2   188   248   209   267   200   272 0.89 -
ctg000007_P:236257-237153   -            299 17074at4891          -            311   7.9e-33  111.2   3.8   1   4   3.3e-05     0.001   15.5   0.0   179   244     4    69     2    75 0.76 -
ctg000007_P:236257-237153   -            299 17074at4891          -            311   7.9e-33  111.2   3.8   2   4   2.2e-18   6.7e-17   58.8   0.2   128   244    35   153    18   161 0.91 -
ctg000007_P:236257-237153   -            299 17074at4891          -            311   7.9e-33  111.2   3.8   3   4   5.9e-16   1.8e-14   50.8   0.3   126   243    74   202    72   210 0.83 -
ctg000007_P:236257-237153   -            299 17074at4891          -            311   7.9e-33  111.2   3.8   4   4       2.1        64   -0.2   0.0   172   200   271   297   238   298 0.62 -
ctg000002_P:347755-349020   -            422 17074at4891          -            311   3.4e-32  109.1  12.0   1   3   9.5e-14   2.9e-12   43.6   1.0   128   246    87   211    12   225 0.82 -
ctg000002_P:347755-349020   -            422 17074at4891          -            311   3.4e-32  109.1  12.0   2   3   6.7e-16   2.1e-14   50.7   0.2   124   247   172   302   169   307 0.86 -
ctg000002_P:347755-349020   -            422 17074at4891          -            311   3.4e-32  109.1  12.0   3   3   1.1e-11   3.3e-10   36.8   0.4   174   242   350   418   348   419 0.97 -
ctg000010_P:287694-288548   -            285 17074at4891          -            311   1.6e-29  100.3  10.0   1   3   4.6e-13   1.4e-11   41.3   0.3   171   247     3    80     1    88 0.90 -
ctg000010_P:287694-288548   -            285 17074at4891          -            311   1.6e-29  100.3  10.0   2   3   1.8e-15   5.4e-14   49.3   1.1   170   246   110   184   106   189 0.95 -
ctg000010_P:287694-288548   -            285 17074at4891          -            311   1.6e-29  100.3  10.0   3   3     9e-05    0.0028   14.1   0.1   144   205   224   285   208   285 0.82 -
ctg000009_P:515858-516736   -            293 17074at4891          -            311   1.1e-28   97.5   0.1   1   3   4.9e-06   0.00015   18.3   0.0   204   245     3    45     1    57 0.85 -
ctg000009_P:515858-516736   -            293 17074at4891          -            311   1.1e-28   97.5   0.1   2   3   6.9e-05    0.0021   14.5   0.0   169   212    72   113    65   124 0.85 -
ctg000009_P:515858-516736   -            293 17074at4891          -            311   1.1e-28   97.5   0.1   3   3   4.8e-19   1.5e-17   61.0   0.0   180   277   146   248   140   266 0.84 -
ctg000008_P:735513-736862   -            450 17074at4891          -            311   7.9e-27   91.4   5.5   1   3   2.2e-11   6.7e-10   35.8   2.0   134   244    79   191    67   196 0.85 -
ctg000008_P:735513-736862   -            450 17074at4891          -            311   7.9e-27   91.4   5.5   2   3   2.3e-13   7.2e-12   42.3   0.1   170   248   201   280   194   293 0.92 -
ctg000008_P:735513-736862   -            450 17074at4891          -            311   7.9e-27   91.4   5.5   3   3   0.00018    0.0056   13.1   0.0   139   200   295   362   284   365 0.66 -
ctg000013_P:154085-154729   -            215 17074at4891          -            311   3.7e-25   85.9   5.0   1   2   1.1e-17   3.5e-16   56.5   0.4   144   246    15   120     1   129 0.85 -
ctg000013_P:154085-154729   -            215 17074at4891          -            311   3.7e-25   85.9   5.0   2   2   3.8e-10   1.2e-08   31.8   0.5   170   236   151   215   147   215 0.94 -
ctg000000_P:983043-984008   -            322 17074at4891          -            311   1.4e-23   80.8  18.7   1   3   2.7e-12   8.3e-11   38.8   2.3   141   243    17   132     2   136 0.76 -
ctg000000_P:983043-984008   -            322 17074at4891          -            311   1.4e-23   80.8  18.7   2   3   2.3e-14   7.1e-13   45.6   5.1   120   242   137   273   134   276 0.80 -
ctg000000_P:983043-984008   -            322 17074at4891          -            311   1.4e-23   80.8  18.7   3   3     0.011      0.33    7.3   0.3   172   242   246   321   246   322 0.50 -
ctg000000_P:1183362-1184591 -            410 17074at4891          -            311   1.8e-23   80.4   0.0   1   3   8.6e-13   2.6e-11   40.5   0.0   166   244   110   190   100   199 0.87 -
ctg000000_P:1183362-1184591 -            410 17074at4891          -            311   1.8e-23   80.4   0.0   2   3   6.4e-05     0.002   14.6   0.0   122   162   237   277   228   285 0.66 -
ctg000000_P:1183362-1184591 -            410 17074at4891          -            311   1.8e-23   80.4   0.0   3   3   4.6e-07   1.4e-05   21.6   0.0   138   243   296   410   280   410 0.80 -
ctg000022_P:213435-214070   -            212 17074at4891          -            311   6.9e-23   78.5   0.6   1   2   1.2e-06   3.8e-05   20.2   0.0   172   212     1    39     1    51 0.86 -
ctg000022_P:213435-214070   -            212 17074at4891          -            311   6.9e-23   78.5   0.6   2   2   1.1e-17   3.5e-16   56.5   0.1   182   249    73   138    47   154 0.86 -
ctg000001_P:195095-197449   -            785 17074at4891          -            311   1.8e-22   77.1   9.9   1   5   2.1e-08   6.5e-07   26.0   0.1   142   242    24   129     6   139 0.75 -
ctg000001_P:195095-197449   -            785 17074at4891          -            311   1.8e-22   77.1   9.9   2   5   0.00066      0.02   11.3   0.0   168   213   197   246   189   265 0.75 -
ctg000001_P:195095-197449   -            785 17074at4891          -            311   1.8e-22   77.1   9.9   3   5    0.0056      0.17    8.2   0.1   202   243   267   309   260   313 0.89 -
ctg000001_P:195095-197449   -            785 17074at4891          -            311   1.8e-22   77.1   9.9   4   5    0.0031     0.094    9.1   0.1   129   160   381   412   353   432 0.83 -
ctg000001_P:195095-197449   -            785 17074at4891          -            311   1.8e-22   77.1   9.9   5   5   2.4e-07   7.5e-06   22.5   0.0   131   245   556   685   549   715 0.77 -
ctg000002_P:257741-259117   -            459 17074at4891          -            311   4.2e-22   75.9   9.3   1   3   3.8e-08   1.2e-06   25.2   0.3   136   202   106   172    98   186 0.73 -
ctg000002_P:257741-259117   -            459 17074at4891          -            311   4.2e-22   75.9   9.3   2   3   0.00088     0.027   10.9   0.0   204   243   197   235   192   245 0.87 -
ctg000002_P:257741-259117   -            459 17074at4891          -            311   4.2e-22   75.9   9.3   3   3   2.3e-13     7e-12   42.3   1.2   126   250   280   411   273   458 0.81 -
ctg000001_P:612668-613378   -            237 17074at4891          -            311   2.2e-21   73.6   8.2   1   3   2.8e-07   8.7e-06   22.3   0.4   182   246     6    68     1    76 0.91 -
ctg000001_P:612668-613378   -            237 17074at4891          -            311   2.2e-21   73.6   8.2   2   3   4.7e-11   1.4e-09   34.8   0.2   170   249    77   159    72   165 0.89 -
ctg000001_P:612668-613378   -            237 17074at4891          -            311   2.2e-21   73.6   8.2   3   3   8.7e-07   2.7e-05   20.7   0.2   181   242   175   237   164   237 0.87 -
ctg000006_P:535604-536641   -            346 17074at4891          -            311   5.2e-21   72.3   1.1   1   3   2.9e-15   9.1e-14   48.6   0.0   170   246     7    83     2   108 0.95 -
ctg000006_P:535604-536641   -            346 17074at4891          -            311   5.2e-21   72.3   1.1   2   3    0.0033       0.1    9.0   0.2   121   164   184   227   173   237 0.85 -
ctg000006_P:535604-536641   -            346 17074at4891          -            311   5.2e-21   72.3   1.1   3   3    0.0034      0.11    8.9   0.0   207   246   285   324   281   334 0.87 -
ctg000007_P:594382-596901   -            840 17074at4891          -            311   8.5e-21   71.6   2.0   1   4   3.7e-05    0.0011   15.4   0.0   217   245    19    47    11    62 0.68 -
ctg000007_P:594382-596901   -            840 17074at4891          -            311   8.5e-21   71.6   2.0   2   4   4.8e-05    0.0015   15.0   0.0   209   244    73   108    67   116 0.61 -
ctg000007_P:594382-596901   -            840 17074at4891          -            311   8.5e-21   71.6   2.0   3   4   1.9e-07     6e-06   22.9   0.2   166   243   133   207   120   214 0.91 -
ctg000007_P:594382-596901   -            840 17074at4891          -            311   8.5e-21   71.6   2.0   4   4   0.00013    0.0041   13.5   0.0   181   244   322   385   303   392 0.79 -
ctg000003_P:113154-114608   -            485 17074at4891          -            311   3.4e-20   69.7  11.6   1   3     0.048       1.5    5.2   0.1   144   163   132   151   117   166 0.77 -
ctg000003_P:113154-114608   -            485 17074at4891          -            311   3.4e-20   69.7  11.6   2   3   1.9e-07   5.8e-06   22.9   0.1   179   258   185   262   177   269 0.86 -
ctg000003_P:113154-114608   -            485 17074at4891          -            311   3.4e-20   69.7  11.6   3   3   5.7e-11   1.8e-09   34.5   1.6   189   287   278   388   272   400 0.79 -
ctg000003_P:955064-957016   -            651 17074at4891          -            311   7.9e-20   68.5   0.4   1   2   1.6e-05   0.00049   16.6   0.0   208   253    74   120    67   124 0.85 -
ctg000003_P:955064-957016   -            651 17074at4891          -            311   7.9e-20   68.5   0.4   2   2   1.6e-15   4.8e-14   49.4   0.1   126   243   133   257   129   261 0.89 -
ctg000010_P:203538-204632   -            365 17074at4891          -            311   2.4e-19   66.9   0.1   1   2   1.4e-17   4.3e-16   56.2   0.1   126   248    29   158    14   205 0.85 -
ctg000010_P:203538-204632   -            365 17074at4891          -            311   2.4e-19   66.9   0.1   2   2    0.0042      0.13    8.6   0.0   136   189   272   327   263   333 0.78 -
ctg000009_P:39116-41260     -            715 17074at4891          -            311   6.6e-19   65.4   9.7   1   3      0.25       7.7    2.8   0.0   172   275    12    40     3    77 0.54 -
ctg000009_P:39116-41260     -            715 17074at4891          -            311   6.6e-19   65.4   9.7   2   3   3.5e-10   1.1e-08   31.9   1.9   166   259    92   182    87   188 0.85 -
ctg000009_P:39116-41260     -            715 17074at4891          -            311   6.6e-19   65.4   9.7   3   3   5.3e-12   1.6e-10   37.9   0.7   122   252   167   297   166   316 0.86 -
ctg000006_P:472399-472884   -            162 17074at4891          -            311   1.2e-18   64.5   3.1   1   1     7e-20   2.1e-18   63.7   3.1   129   260    14   157     3   160 0.81 -
ctg000005_P:859210-860166   -            319 17074at4891          -            311   1.3e-18   64.4   0.1   1   2   8.8e-13   2.7e-11   40.4   0.1   183   256    51   124    41   140 0.88 -
ctg000005_P:859210-860166   -            319 17074at4891          -            311   1.3e-18   64.4   0.1   2   2   3.8e-07   1.2e-05   21.9   0.0   187   249   161   226   152   234 0.80 -
ctg000007_P:370295-371899   -            535 17074at4891          -            311   7.3e-18   62.0   7.5   1   3   2.8e-07   8.7e-06   22.3   0.4   173   245   220   291   210   302 0.89 -
ctg000007_P:370295-371899   -            535 17074at4891          -            311   7.3e-18   62.0   7.5   2   3   7.7e-12   2.4e-10   37.3   0.8   171   258   357   443   349   446 0.93 -
ctg000007_P:370295-371899   -            535 17074at4891          -            311   7.3e-18   62.0   7.5   3   3     0.044       1.4    5.3   0.0   217   246   444   473   441   481 0.91 -
ctg000000_P:720764-721879   -            372 17074at4891          -            311   2.5e-17   60.2   2.0   1   5       2.1        65   -0.2   0.0   218   243    63    89    46    96 0.73 -
ctg000000_P:720764-721879   -            372 17074at4891          -            311   2.5e-17   60.2   2.0   2   5   1.1e-05   0.00035   17.0   0.0   193   246    81   137    67   142 0.79 -
ctg000000_P:720764-721879   -            372 17074at4891          -            311   2.5e-17   60.2   2.0   3   5   8.7e-08   2.7e-06   24.0   0.0   176   247   177   253   169   273 0.84 -
ctg000000_P:720764-721879   -            372 17074at4891          -            311   2.5e-17   60.2   2.0   4   5    0.0017     0.052    9.9   0.1   128   160   278   311   270   320 0.83 -
ctg000000_P:720764-721879   -            372 17074at4891          -            311   2.5e-17   60.2   2.0   5   5     0.054       1.7    5.0   0.1   207   242   334   371   330   372 0.84 -
ctg000001_P:814425-815267   -            281 17074at4891          -            311   1.1e-16   58.1   6.4   1   4   0.00061     0.019   11.4   0.4   196   246     3    53     1    61 0.80 -
ctg000001_P:814425-815267   -            281 17074at4891          -            311   1.1e-16   58.1   6.4   2   4   4.5e-12   1.4e-10   38.1   1.0   186   253    76   144    65   195 0.83 -
ctg000001_P:814425-815267   -            281 17074at4891          -            311   1.1e-16   58.1   6.4   3   4      0.99        31    0.8   0.1   172   211   147   189   142   218 0.54 -
ctg000001_P:814425-815267   -            281 17074at4891          -            311   1.1e-16   58.1   6.4   4   4    0.0036      0.11    8.9   0.0   210   244   241   275   210   280 0.74 -
ctg000005_P:740270-743305   -           1012 17074at4891          -            311   1.8e-16   57.5   6.6   1   5       3.6   1.1e+02   -1.0   0.0   192   243    23    76    11   130 0.71 -
ctg000005_P:740270-743305   -           1012 17074at4891          -            311   1.8e-16   57.5   6.6   2   5   4.9e-11   1.5e-09   34.7   0.1   183   245   147   209   138   212 0.90 -
ctg000005_P:740270-743305   -           1012 17074at4891          -            311   1.8e-16   57.5   6.6   3   5   7.7e-11   2.4e-09   34.0   2.3   146   245   192   301   192   308 0.83 -
ctg000005_P:740270-743305   -           1012 17074at4891          -            311   1.8e-16   57.5   6.6   4   5       1.5        47    0.2   0.0   183   246   675   741   666   770 0.76 -
ctg000005_P:740270-743305   -           1012 17074at4891          -            311   1.8e-16   57.5   6.6   5   5       1.7        53    0.0   0.0   225   244   946   965   931   976 0.70 -
ctg000000_P:107664-111473   -           1270 17074at4891          -            311     5e-16   56.0   1.1   1   4       3.9   1.2e+02   -1.1   0.0   189   242    34    89    17   102 0.74 -
ctg000000_P:107664-111473   -           1270 17074at4891          -            311     5e-16   56.0   1.1   2   4    0.0018     0.055    9.9   0.0   208   246   101   140    96   147 0.64 -
ctg000000_P:107664-111473   -           1270 17074at4891          -            311     5e-16   56.0   1.1   3   4   8.9e-08   2.8e-06   24.0   0.1   175   246   162   244   157   248 0.77 -
ctg000000_P:107664-111473   -           1270 17074at4891          -            311     5e-16   56.0   1.1   4   4   7.9e-06   0.00024   17.6   0.0   168   245   252   331   245   338 0.88 -
ctg000000_P:689845-693270   -           1142 17074at4891          -            311   2.3e-15   53.8   4.8   1   2   2.6e-15   7.9e-14   48.7   1.3   114   256    90   239    81   242 0.79 -
ctg000000_P:689845-693270   -           1142 17074at4891          -            311   2.3e-15   53.8   4.8   2   2     0.054       1.7    5.0   0.1   215   249   307   341   295   346 0.86 -
ctg000006_P:425866-427404   -            513 17074at4891          -            311   2.3e-15   53.8   0.0   1   2     0.001     0.031   10.6   0.0   176   243    42   109    25   115 0.79 -
ctg000006_P:425866-427404   -            513 17074at4891          -            311   2.3e-15   53.8   0.0   2   2   4.1e-12   1.3e-10   38.2   0.0   135   281   126   292   114   316 0.71 -
ctg000003_P:904315-907116   -            934 17074at4891          -            311   2.3e-14   50.5   5.6   1   3     0.013      0.39    7.1   0.0   188   248   216   279   201   318 0.74 -
ctg000003_P:904315-907116   -            934 17074at4891          -            311   2.3e-14   50.5   5.6   2   3   0.00069     0.021   11.2   0.1   191   282   429   532   413   540 0.71 -
ctg000003_P:904315-907116   -            934 17074at4891          -            311   2.3e-14   50.5   5.6   3   3   2.2e-10   6.9e-09   32.5   0.2   136   247   541   654   536   664 0.76 -
ctg000007_P:208156-208974   -            273 17074at4891          -            311   3.8e-14   49.8   7.2   1   2    0.0034      0.11    8.9   0.0   218   262    59   102    49   109 0.75 -
ctg000007_P:208156-208974   -            273 17074at4891          -            311   3.8e-14   49.8   7.2   2   2   3.1e-12   9.6e-11   38.6   3.2   134   254   108   239   100   269 0.67 -
ctg000006_P:423485-425329   -            615 17074at4891          -            311   6.2e-14   49.1   7.2   1   5         5   1.5e+02   -1.5   0.0   170   201    60    94    54   114 0.65 -
ctg000006_P:423485-425329   -            615 17074at4891          -            311   6.2e-14   49.1   7.2   2   5       0.6        19    1.5   0.0   192   239   137   185   116   189 0.66 -
ctg000006_P:423485-425329   -            615 17074at4891          -            311   6.2e-14   49.1   7.2   3   5   6.2e-07   1.9e-05   21.2   0.0   176   246   209   283   200   294 0.83 -
ctg000006_P:423485-425329   -            615 17074at4891          -            311   6.2e-14   49.1   7.2   4   5   0.00063      0.02   11.3   0.3   230   295   312   378   302   398 0.61 -
ctg000006_P:423485-425329   -            615 17074at4891          -            311   6.2e-14   49.1   7.2   5   5   8.6e-05    0.0026   14.2   0.1   184   244   552   612   494   614 0.85 -
ctg000009_P:404496-405719   -            408 17074at4891          -            311     7e-14   48.9   4.1   1   2   1.3e-08   3.9e-07   26.8   2.9   172   311    45   170    37   170 0.75 -
ctg000009_P:404496-405719   -            408 17074at4891          -            311     7e-14   48.9   4.1   2   2    0.0023     0.071    9.5   0.0   210   245   289   326   285   335 0.68 -
ctg000006_P:63382-64761     -            460 17074at4891          -            311   2.3e-13   47.2   2.5   1   4   0.00027    0.0085   12.5   0.0   215   246    13    46     4    61 0.83 -
ctg000006_P:63382-64761     -            460 17074at4891          -            311   2.3e-13   47.2   2.5   2   4    0.0033       0.1    9.0   0.0   172   200    70    98    59   104 0.67 -
ctg000006_P:63382-64761     -            460 17074at4891          -            311   2.3e-13   47.2   2.5   3   4   1.8e-09   5.6e-08   29.5   0.7   115   244    84   216    69   229 0.91 -
ctg000006_P:63382-64761     -            460 17074at4891          -            311   2.3e-13   47.2   2.5   4   4      0.79        24    1.2   0.0   212   238   370   396   344   404 0.81 -
ctg000006_P:511276-512808   -            511 17074at4891          -            311   6.6e-13   45.7   2.5   1   2   2.9e-10   8.8e-09   32.2   0.6   183   258   332   410   319   413 0.83 -
ctg000006_P:511276-512808   -            511 17074at4891          -            311   6.6e-13   45.7   2.5   2   2   0.00035     0.011   12.2   0.0   127   165   411   450   408   472 0.70 -
ctg000003_P:529749-530594   -            282 17074at4891          -            311     2e-12   44.2   9.5   1   3   1.8e-10   5.5e-09   32.8   0.5   136   247     5   126     1   150 0.80 -
ctg000003_P:529749-530594   -            282 17074at4891          -            311     2e-12   44.2   9.5   2   3    0.0025     0.076    9.4   0.6   188   242   166   227   156   231 0.47 -
ctg000003_P:529749-530594   -            282 17074at4891          -            311     2e-12   44.2   9.5   3   3    0.0014     0.043   10.2   1.4   170   242   194   274   183   277 0.71 -
ctg000001_P:791639-792679   -            347 17074at4891          -            311   2.9e-12   43.6   7.1   1   4   2.2e-05   0.00068   16.1   2.7   213   275     7    85     4    87 0.46 -
ctg000001_P:791639-792679   -            347 17074at4891          -            311   2.9e-12   43.6   7.1   2   4      0.27       8.3    2.7   0.0   206   243    99   138    94   158 0.87 -
ctg000001_P:791639-792679   -            347 17074at4891          -            311   2.9e-12   43.6   7.1   3   4     0.033         1    5.7   0.0   209   248   206   249   200   273 0.82 -
ctg000001_P:791639-792679   -            347 17074at4891          -            311   2.9e-12   43.6   7.1   4   4   0.00013    0.0039   13.6   0.1   169   200   300   331   287   339 0.63 -
ctg000001_P:614163-614933   -            257 17074at4891          -            311   4.9e-12   42.9   0.1   1   3       4.1   1.3e+02   -1.2   0.0    80   103    37    60    23    69 0.79 -
ctg000001_P:614163-614933   -            257 17074at4891          -            311   4.9e-12   42.9   0.1   2   3   3.2e-12   9.7e-11   38.6   0.1   128   213    67   154    52   163 0.86 -
ctg000001_P:614163-614933   -            257 17074at4891          -            311   4.9e-12   42.9   0.1   3   3      0.75        23    1.2   0.0   179   246   186   255   173   256 0.71 -
ctg000006_P:345566-347899   -            778 17074at4891          -            311   1.8e-11   41.0   2.0   1   3   1.8e-05   0.00056   16.4   0.0   170   210   405   445   400   481 0.78 -
ctg000006_P:345566-347899   -            778 17074at4891          -            311   1.8e-11   41.0   2.0   2   3   1.2e-05   0.00038   17.0   0.0   136   199   654   720   591   725 0.65 -
ctg000006_P:345566-347899   -            778 17074at4891          -            311   1.8e-11   41.0   2.0   3   3   1.8e-06   5.4e-05   19.7   0.5   136   242   654   776   639   778 0.77 -
ctg000001_P:853361-855415   -            685 17074at4891          -            311   2.8e-11   40.4   0.0   1   3      0.76        24    1.2   0.0   180   202     4    27     1    31 0.68 -
ctg000001_P:853361-855415   -            685 17074at4891          -            311   2.8e-11   40.4   0.0   2   3   3.8e-11   1.2e-09   35.1   0.0   125   228    33   140    27   157 0.80 -
ctg000001_P:853361-855415   -            685 17074at4891          -            311   2.8e-11   40.4   0.0   3   3       4.5   1.4e+02   -1.3   0.0    87   113   392   418   389   443 0.79 -
ctg000000_P:502361-503155   -            265 17074at4891          -            311   6.9e-11   39.1   0.1   1   2   7.4e-10   2.3e-08   30.8   0.0   135   247     4   127     1   137 0.78 -
ctg000000_P:502361-503155   -            265 17074at4891          -            311   6.9e-11   39.1   0.1   2   2     0.028      0.86    5.9   0.0   213   243   164   194   158   209 0.73 -
ctg000012_P:294223-296391   -            723 17074at4891          -            311   8.8e-11   38.7   1.7   1   2    0.0098       0.3    7.4   0.0   210   259   298   351   292   383 0.77 -
ctg000012_P:294223-296391   -            723 17074at4891          -            311   8.8e-11   38.7   1.7   2   2   2.3e-09   7.1e-08   29.2   0.8   136   244   597   721   571   723 0.73 -
ctg000014_P:161740-163014   -            425 17074at4891          -            311   1.2e-10   38.3   1.0   1   3   4.5e-09   1.4e-07   28.2   0.0   178   246    31   103    27   111 0.91 -
ctg000014_P:161740-163014   -            425 17074at4891          -            311   1.2e-10   38.3   1.0   2   3      0.73        22    1.3   0.2   137   244   131   243   120   252 0.75 -
ctg000014_P:161740-163014   -            425 17074at4891          -            311   1.2e-10   38.3   1.0   3   3     0.034       1.1    5.6   0.1   192   243   289   341   270   344 0.79 -
ctg000006_P:442699-443643   -            315 17074at4891          -            311   1.8e-10   37.7   0.2   1   3      0.47        15    1.9   0.0   230   244     1    15     1    25 0.87 -
ctg000006_P:442699-443643   -            315 17074at4891          -            311   1.8e-10   37.7   0.2   2   3   3.6e-09   1.1e-07   28.5   0.0    99   202    57   161    53   204 0.80 -
ctg000006_P:442699-443643   -            315 17074at4891          -            311   1.8e-10   37.7   0.2   3   3      0.17       5.2    3.4   0.0   225   246   252   273   232   307 0.80 -
ctg000005_P:138693-140411   -            573 17074at4891          -            311   4.3e-10   36.5   0.6   1   3   2.5e-09   7.7e-08   29.1   0.0   169   260   232   330   227   354 0.86 -
ctg000005_P:138693-140411   -            573 17074at4891          -            311   4.3e-10   36.5   0.6   2   3      0.63        19    1.5   0.0   226   249   409   432   402   440 0.82 -
ctg000005_P:138693-140411   -            573 17074at4891          -            311   4.3e-10   36.5   0.6   3   3      0.62        19    1.5   0.0    85   103   483   502   454   531 0.67 -
ctg000002_P:1021230-1025138 -           1303 17074at4891          -            311     9e-10   35.4   0.1   1   2   3.9e-07   1.2e-05   21.9   0.1   197   247   200   256   178   290 0.66 -
ctg000002_P:1021230-1025138 -           1303 17074at4891          -            311     9e-10   35.4   0.1   2   2    0.0014     0.044   10.2   0.0   200   253   318   372   303   377 0.81 -
ctg000001_P:1020946-1022133 -            396 17074at4891          -            311   1.1e-09   35.2   1.4   1   3     0.081       2.5    4.4   0.1   214   243    15    42    10    50 0.71 -
ctg000001_P:1020946-1022133 -            396 17074at4891          -            311   1.1e-09   35.2   1.4   2   3       2.1        65   -0.3   0.0   173   191   233   251   191   275 0.78 -
ctg000001_P:1020946-1022133 -            396 17074at4891          -            311   1.1e-09   35.2   1.4   3   3   7.6e-09   2.4e-07   27.5   0.1   171   218   289   336   281   340 0.94 -
ctg000003_P:514145-515866   -            574 17074at4891          -            311     2e-09   34.3   2.4   1   3   1.7e-09   5.4e-08   29.6   1.4   172   246   285   363   277   371 0.86 -
ctg000003_P:514145-515866   -            574 17074at4891          -            311     2e-09   34.3   2.4   2   3      0.93        29    0.9   0.0   175   243   380   452   376   456 0.69 -
ctg000003_P:514145-515866   -            574 17074at4891          -            311     2e-09   34.3   2.4   3   3       2.1        65   -0.2   0.0   188   208   492   512   475   525 0.65 -
ctg000008_P:207899-209062   -            388 17074at4891          -            311   2.4e-09   34.0   1.8   1   4   0.00019    0.0058   13.1   0.1   183   246    69   134    60   144 0.77 -
ctg000008_P:207899-209062   -            388 17074at4891          -            311   2.4e-09   34.0   1.8   2   4   6.9e-06   0.00021   17.8   0.3   192   246   122   179   105   198 0.81 -
ctg000008_P:207899-209062   -            388 17074at4891          -            311   2.4e-09   34.0   1.8   3   4   6.3e-05    0.0019   14.6   0.1   170   224   144   201   135   222 0.79 -
ctg000008_P:207899-209062   -            388 17074at4891          -            311   2.4e-09   34.0   1.8   4   4      0.15       4.6    3.5   0.0   162   203   279   322   276   326 0.60 -
ctg000002_P:264388-265083   -            232 17074at4891          -            311   6.9e-09   32.5   8.1   1   3   5.5e-09   1.7e-07   28.0   5.3   175   309     3   166     1   168 0.75 -
ctg000002_P:264388-265083   -            232 17074at4891          -            311   6.9e-09   32.5   8.1   2   3    0.0079      0.24    7.7   0.1   127   181   137   191   131   194 0.81 -
ctg000002_P:264388-265083   -            232 17074at4891          -            311   6.9e-09   32.5   8.1   3   3      0.31       9.4    2.5   0.0   146   160   217   231   205   232 0.65 -
ctg000013_P:74841-75815     -            325 17074at4891          -            311     1e-08   32.0   0.0   1   1   4.6e-10   1.4e-08   31.5   0.0   169   248   238   320   227   325 0.87 -
ctg000003_P:231137-232927   -            597 17074at4891          -            311   1.5e-08   31.4   0.1   1   4   0.00083     0.026   10.9   0.0   169   224   299   354   292   367 0.88 -
ctg000003_P:231137-232927   -            597 17074at4891          -            311   1.5e-08   31.4   0.1   2   4   0.00025    0.0076   12.7   0.0   179   246   419   490   411   503 0.82 -
ctg000003_P:231137-232927   -            597 17074at4891          -            311   1.5e-08   31.4   0.1   3   4       3.1        95   -0.8   0.0   217   254   506   542   498   562 0.64 -
ctg000003_P:231137-232927   -            597 17074at4891          -            311   1.5e-08   31.4   0.1   4   4      0.46        14    1.9   0.0   131   159   556   584   542   594 0.79 -
ctg000007_P:46186-48786     -            867 17074at4891          -            311   4.3e-08   29.9   2.3   1   3   0.00022    0.0068   12.8   0.0   171   246     7    90     1   108 0.76 -
ctg000007_P:46186-48786     -            867 17074at4891          -            311   4.3e-08   29.9   2.3   2   3    0.0068      0.21    7.9   0.1   188   222   289   324   276   337 0.81 -
ctg000007_P:46186-48786     -            867 17074at4891          -            311   4.3e-08   29.9   2.3   3   3     0.054       1.7    5.0   0.0   227   248   369   390   346   409 0.74 -
ctg000009_P:411260-412237   -            326 17074at4891          -            311   1.4e-07   28.2   0.3   1   4      0.37        11    2.2   0.0   136   161    27    52    14    60 0.73 -
ctg000009_P:411260-412237   -            326 17074at4891          -            311   1.4e-07   28.2   0.3   2   4         1        32    0.8   0.0   260   291    38    65    34    83 0.68 -
ctg000009_P:411260-412237   -            326 17074at4891          -            311   1.4e-07   28.2   0.3   3   4   1.6e-06     5e-05   19.8   0.0   122   163    99   140    78   143 0.86 -
ctg000009_P:411260-412237   -            326 17074at4891          -            311   1.4e-07   28.2   0.3   4   4      0.63        19    1.5   0.0   229   275   261   275   198   287 0.60 -
ctg000008_P:606523-607326   -            268 17074at4891          -            311   7.1e-07   25.9   1.3   1   3       0.6        19    1.5   0.0   178   202     3    27     1    43 0.62 -
ctg000008_P:606523-607326   -            268 17074at4891          -            311   7.1e-07   25.9   1.3   2   3     0.018      0.56    6.5   0.1   171   243    93   172    84   184 0.74 -
ctg000008_P:606523-607326   -            268 17074at4891          -            311   7.1e-07   25.9   1.3   3   3   7.8e-05    0.0024   14.3   0.0   171   247   186   262   179   268 0.61 -
ctg000107_P:66451-67743     -            431 17074at4891          -            311   1.7e-06   24.7   0.2   1   3   4.9e-07   1.5e-05   21.5   0.0   164   241    56   135    50   152 0.90 -
ctg000107_P:66451-67743     -            431 17074at4891          -            311   1.7e-06   24.7   0.2   2   3     0.055       1.7    5.0   0.0   171   245   107   185   102   199 0.82 -
ctg000107_P:66451-67743     -            431 17074at4891          -            311   1.7e-06   24.7   0.2   3   3       1.8        54    0.0   0.0   188   208   221   241   157   254 0.76 -
ctg000010_P:252121-253755   -            545 17074at4891          -            311   2.7e-06   24.0   4.1   1   3         3        91   -0.7   0.0   217   246   104   133    84   140 0.81 -
ctg000010_P:252121-253755   -            545 17074at4891          -            311   2.7e-06   24.0   4.1   2   3     0.023       0.7    6.2   0.0   145   242   155   251   146   256 0.79 -
ctg000010_P:252121-253755   -            545 17074at4891          -            311   2.7e-06   24.0   4.1   3   3     1e-07   3.1e-06   23.8   0.1   139   249   188   300   178   306 0.84 -
ctg000000_P:175356-176921   -            522 17074at4891          -            311   3.2e-06   23.8   0.7   1   4       5.6   1.7e+02   -1.6   0.0   134   164   186   218   179   224 0.68 -
ctg000000_P:175356-176921   -            522 17074at4891          -            311   3.2e-06   23.8   0.7   2   4       4.6   1.4e+02   -1.4   0.0    86   109   255   278   241   298 0.78 -
ctg000000_P:175356-176921   -            522 17074at4891          -            311   3.2e-06   23.8   0.7   3   4   0.00016    0.0048   13.3   0.0   195   248   312   367   291   371 0.78 -
ctg000000_P:175356-176921   -            522 17074at4891          -            311   3.2e-06   23.8   0.7   4   4     0.024      0.74    6.1   0.0   135   164   392   421   378   478 0.87 -
ctg000007_P:127180-128319   -            380 17074at4891          -            311   3.3e-06   23.7   1.7   1   4     0.016      0.51    6.7   0.1   207   243    51    86    14    90 0.67 -
ctg000007_P:127180-128319   -            380 17074at4891          -            311   3.3e-06   23.7   1.7   2   4   0.00043     0.013   11.9   0.1   171   241    57   129    51   133 0.84 -
ctg000007_P:127180-128319   -            380 17074at4891          -            311   3.3e-06   23.7   1.7   3   4    0.0097       0.3    7.4   0.0   217   242   151   176   139   180 0.77 -
ctg000007_P:127180-128319   -            380 17074at4891          -            311   3.3e-06   23.7   1.7   4   4       1.5        45    0.3   0.1   218   248   213   243   208   248 0.86 -
ctg000024_P:5353-6492       -            380 17074at4891          -            311   3.3e-06   23.7   1.7   1   4     0.016      0.51    6.7   0.1   207   243    51    86    14    90 0.67 -
ctg000024_P:5353-6492       -            380 17074at4891          -            311   3.3e-06   23.7   1.7   2   4   0.00043     0.013   11.9   0.1   171   241    57   129    51   133 0.84 -
ctg000024_P:5353-6492       -            380 17074at4891          -            311   3.3e-06   23.7   1.7   3   4    0.0097       0.3    7.4   0.0   217   242   151   176   139   180 0.77 -
ctg000024_P:5353-6492       -            380 17074at4891          -            311   3.3e-06   23.7   1.7   4   4       1.5        45    0.3   0.1   218   248   213   243   208   248 0.86 -
ctg000007_P:378302-382657   -           1452 17074at4891          -            311   1.1e-05   22.0   0.1   1   2     0.011      0.35    7.2   0.0   205   249  1069  1115  1064  1125 0.80 -
ctg000007_P:378302-382657   -           1452 17074at4891          -            311   1.1e-05   22.0   0.1   2   2   0.00031    0.0096   12.3   0.1    84   245  1139  1308  1119  1363 0.76 -
ctg000002_P:705774-706781   -            336 17074at4891          -            311   4.9e-05   19.9   0.2   1   3      0.57        18    1.6   0.0   251   278    15    41     2    62 0.69 -
ctg000002_P:705774-706781   -            336 17074at4891          -            311   4.9e-05   19.9   0.2   2   3       0.6        19    1.5   0.0    88   279   114   131   105   171 0.67 -
ctg000002_P:705774-706781   -            336 17074at4891          -            311   4.9e-05   19.9   0.2   3   3   0.00022    0.0068   12.8   0.0   175   233   252   311   244   319 0.82 -
ctg000022_P:317551-319299   -            583 17074at4891          -            311   5.1e-05   19.8   0.1   1   2   0.00057     0.018   11.5   0.0   174   253   238   324   229   336 0.75 -
ctg000022_P:317551-319299   -            583 17074at4891          -            311   5.1e-05   19.8   0.1   2   2      0.11       3.4    4.0   0.0   175   202   553   580   452   582 0.70 -
ctg000009_P:222122-222682   -            187 17074at4891          -            311   5.9e-05   19.6   0.0   1   2   9.5e-06   0.00029   17.3   0.0   145   202    13    72     5   111 0.86 -
ctg000009_P:222122-222682   -            187 17074at4891          -            311   5.9e-05   19.6   0.0   2   2       2.3        71   -0.4   0.0   228   245   167   184   147   186 0.71 -
ctg000005_P:629909-632596   -            896 17074at4891          -            311   6.3e-05   19.5   1.9   1   2   9.6e-05     0.003   14.0   0.1   161   204   287   328   248   341 0.84 -
ctg000005_P:629909-632596   -            896 17074at4891          -            311   6.3e-05   19.5   1.9   2   2      0.17       5.4    3.3   0.1   262   289   621   648   586   664 0.79 -
ctg000001_P:958519-960096   -            526 17074at4891          -            311   8.6e-05   19.1   0.4   1   3      0.48        15    1.9   0.1   105   138    81   122    50   135 0.70 -
ctg000001_P:958519-960096   -            526 17074at4891          -            311   8.6e-05   19.1   0.4   2   3     0.067       2.1    4.7   0.0   171   251   182   270   173   275 0.71 -
ctg000001_P:958519-960096   -            526 17074at4891          -            311   8.6e-05   19.1   0.4   3   3    0.0094      0.29    7.5   0.0   128   164   287   322   283   330 0.84 -
ctg000002_P:933767-937096   -           1110 17074at4891          -            311   0.00015   18.3   0.4   1   2     0.096         3    4.2   0.0   166   209   150   199   145   214 0.68 -
ctg000002_P:933767-937096   -           1110 17074at4891          -            311   0.00015   18.3   0.4   2   2   0.00082     0.025   11.0   0.1   166   204   261   299   247   333 0.72 -
ctg000001_P:316331-318451   -            707 17074at4891          -            311   0.00025   17.5   8.1   1   2     0.027      0.82    6.0   0.1   256   310    66   117    52   118 0.83 -
ctg000001_P:316331-318451   -            707 17074at4891          -            311   0.00025   17.5   8.1   2   2   3.8e-05    0.0012   15.3   0.0   174   247   181   260   177   303 0.87 -
ctg000000_P:1094951-1097206 -            752 17074at4891          -            311   0.00031   17.2   9.3   1   6       4.6   1.4e+02   -1.4   0.0   228   280    41    62    27    75 0.57 -
ctg000000_P:1094951-1097206 -            752 17074at4891          -            311   0.00031   17.2   9.3   2   6      0.14       4.3    3.6   0.2   188   245    90   147    63   162 0.85 -
ctg000000_P:1094951-1097206 -            752 17074at4891          -            311   0.00031   17.2   9.3   3   6       1.1        34    0.7   0.0   217   246   165   193   157   206 0.76 -
ctg000000_P:1094951-1097206 -            752 17074at4891          -            311   0.00031   17.2   9.3   4   6   0.00012    0.0036   13.7   0.3   129   195   210   278   175   284 0.86 -
ctg000000_P:1094951-1097206 -            752 17074at4891          -            311   0.00031   17.2   9.3   5   6       9.2   2.8e+02   -2.4   0.0   274   311   340   378   311   396 0.55 -
ctg000000_P:1094951-1097206 -            752 17074at4891          -            311   0.00031   17.2   9.3   6   6       2.4        75   -0.4   0.0    76   128   450   501   433   519 0.81 -
ctg000001_P:155149-156492   -            448 17074at4891          -            311   0.00043   16.8   0.0   1   1   2.5e-05   0.00077   15.9   0.0   171   248   222   302   216   308 0.87 -
ctg000008_P:479917-481578   -            554 17074at4891          -            311   0.00069   16.1   1.5   1   2   0.00055     0.017   11.5   0.2   191   246   114   170   108   178 0.81 -
ctg000008_P:479917-481578   -            554 17074at4891          -            311   0.00069   16.1   1.5   2   2      0.56        17    1.6   0.0   173   212   344   383   334   392 0.85 -
ctg000000_P:1247990-1249912 -            641 17074at4891          -            311   0.00087   15.8   0.0   1   1   6.9e-05    0.0021   14.5   0.0   199   249   171   221   146   287 0.73 -
ctg000007_P:101008-102147   -            380 17074at4891          -            311     0.002   14.6   1.8   1   4       1.8        55   -0.0   0.0   184   205    71    92    61   106 0.86 -
ctg000007_P:101008-102147   -            380 17074at4891          -            311     0.002   14.6   1.8   2   4       7.4   2.3e+02   -2.0   0.0    99   128   153   182    94   187 0.64 -
ctg000007_P:101008-102147   -            380 17074at4891          -            311     0.002   14.6   1.8   3   4   0.00036     0.011   12.1   0.0   181   246   203   275   190   280 0.80 -
ctg000007_P:101008-102147   -            380 17074at4891          -            311     0.002   14.6   1.8   4   4       9.7     3e+02   -2.4   0.1   212   234   351   371   347   380 0.63 -
ctg000007_P:793351-796371   -           1007 17074at4891          -            311    0.0078   12.6   0.1   1   4       3.6   1.1e+02   -1.0   0.0   207   231   103   127    98   150 0.86 -
ctg000007_P:793351-796371   -           1007 17074at4891          -            311    0.0078   12.6   0.1   2   4         3        92   -0.7   0.0   113   146   132   165   122   169 0.89 -
ctg000007_P:793351-796371   -           1007 17074at4891          -            311    0.0078   12.6   0.1   3   4     0.055       1.7    5.0   0.0   128   164   229   265   220   299 0.66 -
ctg000007_P:793351-796371   -           1007 17074at4891          -            311    0.0078   12.6   0.1   4   4       0.6        18    1.5   0.0   228   246   471   489   454   503 0.78 -
ctg000000_P:767208-768539   -            444 17074at4891          -            311    0.0084   12.5   1.0   1   2       4.4   1.3e+02   -1.3   0.0   187   211   117   142   105   179 0.63 -
ctg000000_P:767208-768539   -            444 17074at4891          -            311    0.0084   12.5   1.0   2   2   0.00066      0.02   11.3   0.3   146   212   211   279   184   285 0.75 -
ctg000002_P:681453-683132   -            560 17074at4891          -            311    0.0086   12.5   0.0   1   1    0.0005     0.015   11.7   0.0   187   240   159   213   148   221 0.85 -
ctg000010_P:169059-170513   -            485 17074at4891          -            311    0.0092   12.4   0.0   1   1   0.00091     0.028   10.8   0.0   192   246   331   387   325   403 0.91 -
ctg000012_P:149376-155840   -           2155 17074at4891          -            311     0.026   10.9   1.4   1   2     0.049       1.5    5.1   0.2   204   247  1908  1949  1897  1955 0.85 -
ctg000012_P:149376-155840   -           2155 17074at4891          -            311     0.026   10.9   1.4   2   2     0.098         3    4.1   0.1   171   261  1965  2057  1956  2073 0.81 -
#
# Program:         hmmsearch
# Version:         3.1b2 (February 2015)
# Pipeline mode:   SEARCH
# Query file:      /Users/dominiquefastus/DeNovoProj/BUSCO_ass/busco_downloads/lineages/saccharomycetes_odb10/hmms/17074at4891.hmm
# Target file:     /Users/dominiquefastus/DeNovoProj/BUSCO_ass/busco_out/run_saccharomycetes_odb10/metaeuk_output/initial_results/asm_ctgs_m.fa.modified.fas
# Option settings: hmmsearch --domtblout /Users/dominiquefastus/DeNovoProj/BUSCO_ass/busco_out/run_saccharomycetes_odb10/hmmer_output/initial_run_results/17074at4891.out --cpu 1 /Users/dominiquefastus/DeNovoProj/BUSCO_ass/busco_downloads/lineages/saccharomycetes_odb10/hmms/17074at4891.hmm /Users/dominiquefastus/DeNovoProj/BUSCO_ass/busco_out/run_saccharomycetes_odb10/metaeuk_output/initial_results/asm_ctgs_m.fa.modified.fas 
# Current dir:     /Users/dominiquefastus/DeNovoProj/BUSCO_ass
# Date:            Fri Feb 24 14:21:52 2023
# [ok]
