#                                                                                   --- full sequence --- -------------- this domain -------------   hmm coord   ali coord   env coord
# target name               accession   tlen query name           accession   qlen   E-value  score  bias   #  of  c-Evalue  i-Evalue  score  bias  from    to  from    to  from    to  acc description of target
#       ------------------- ---------- ----- -------------------- ---------- ----- --------- ------ ----- --- --- --------- --------- ------ ----- ----- ----- ----- ----- ----- ----- ---- ---------------------
ctg000006_P:63382-64761     -            460 17712at4891          -            341  1.5e-124  412.6   0.1   1   1    2e-124  7.6e-123  407.1   0.1     1   331     1   407     1   417 0.80 -
ctg000007_P:594382-596901   -            840 17712at4891          -            341     6e-44  147.6   0.0   1   3    0.0004     0.015   11.5   0.0    16    41    19    47     9    59 0.64 -
ctg000007_P:594382-596901   -            840 17712at4891          -            341     6e-44  147.6   0.0   2   3   3.9e-33   1.5e-31  106.9   0.0    48   258    72   294    65   301 0.80 -
ctg000007_P:594382-596901   -            840 17712at4891          -            341     6e-44  147.6   0.0   3   3   2.9e-08   1.1e-06   25.1   0.0   257   327   317   388   309   396 0.78 -
ctg000012_P:112251-115004   -            918 17712at4891          -            341   3.8e-27   92.4  18.7   1   8      0.38        14    1.8   0.0    53    92    53    93    34   101 0.72 -
ctg000012_P:112251-115004   -            918 17712at4891          -            341   3.8e-27   92.4  18.7   2   8   6.4e-07   2.4e-05   20.7   0.0    56   142    97   181    89   184 0.83 -
ctg000012_P:112251-115004   -            918 17712at4891          -            341   3.8e-27   92.4  18.7   3   8   0.00013    0.0049   13.1   0.5    50   123   186   256   183   269 0.81 -
ctg000012_P:112251-115004   -            918 17712at4891          -            341   3.8e-27   92.4  18.7   4   8   1.2e-05   0.00044   16.6   0.1    48   137   295   375   285   377 0.78 -
ctg000012_P:112251-115004   -            918 17712at4891          -            341   3.8e-27   92.4  18.7   5   8   2.1e-10   7.9e-09   32.2   0.1    24   137   358   461   342   464 0.83 -
ctg000012_P:112251-115004   -            918 17712at4891          -            341   3.8e-27   92.4  18.7   6   8   7.4e-09   2.7e-07   27.1   0.0    34   139   454   547   445   555 0.83 -
ctg000012_P:112251-115004   -            918 17712at4891          -            341   3.8e-27   92.4  18.7   7   8       2.2        81   -0.7   0.0    92   136   564   606   553   610 0.74 -
ctg000012_P:112251-115004   -            918 17712at4891          -            341   3.8e-27   92.4  18.7   8   8      0.58        21    1.2   0.0    58    88   681   710   673   729 0.79 -
ctg000012_P:93603-94601     -            333 17712at4891          -            341   3.3e-25   86.0   5.7   1   4   9.8e-07   3.6e-05   20.1   0.0   112   152     9    57     3    61 0.70 -
ctg000012_P:93603-94601     -            333 17712at4891          -            341   3.3e-25   86.0   5.7   2   4   7.7e-06   0.00029   17.2   0.1    23    87    66   127    56   139 0.89 -
ctg000012_P:93603-94601     -            333 17712at4891          -            341   3.3e-25   86.0   5.7   3   4   2.7e-12   9.9e-11   38.4   0.1    24   139   190   294   185   299 0.89 -
ctg000012_P:93603-94601     -            333 17712at4891          -            341   3.3e-25   86.0   5.7   4   4   4.8e-08   1.8e-06   24.4   0.2    46   134   253   331   251   333 0.88 -
ctg000000_P:983043-984008   -            322 17712at4891          -            341     3e-24   82.9  14.4   1   4   1.7e-18   6.1e-17   58.8   1.7    15   165    12   173     7   174 0.87 -
ctg000000_P:983043-984008   -            322 17712at4891          -            341     3e-24   82.9  14.4   2   4   8.3e-08   3.1e-06   23.6   2.2    32   134   171   273   170   281 0.80 -
ctg000000_P:983043-984008   -            322 17712at4891          -            341     3e-24   82.9  14.4   3   4      0.27       9.9    2.3   0.1    68    93   259   284   246   300 0.65 -
ctg000000_P:983043-984008   -            322 17712at4891          -            341     3e-24   82.9  14.4   4   4    0.0058      0.21    7.7   0.1    58    83   295   322   288   322 0.77 -
ctg000003_P:529749-530594   -            282 17712at4891          -            341   6.1e-23   78.6   3.7   1   3   4.2e-10   1.6e-08   31.2   0.0    24    87    15    80    12    89 0.89 -
ctg000003_P:529749-530594   -            282 17712at4891          -            341   6.1e-23   78.6   3.7   2   3    0.0019     0.072    9.3   0.0   290   327    87   126    81   135 0.83 -
ctg000003_P:529749-530594   -            282 17712at4891          -            341   6.1e-23   78.6   3.7   3   3   8.4e-11   3.1e-09   33.5   1.4    24   135   164   275   159   279 0.82 -
ctg000003_P:549498-551945   -            816 17712at4891          -            341     1e-21   74.5  12.8   1   8     0.068       2.5    4.2   0.0   100   138    55    92    16    99 0.68 -
ctg000003_P:549498-551945   -            816 17712at4891          -            341     1e-21   74.5  12.8   2   8       2.8     1e+02   -1.1   0.0    64    86   111   133    99   151 0.80 -
ctg000003_P:549498-551945   -            816 17712at4891          -            341     1e-21   74.5  12.8   3   8     0.026      0.96    5.6   0.1    29    88   164   229   146   248 0.68 -
ctg000003_P:549498-551945   -            816 17712at4891          -            341     1e-21   74.5  12.8   4   8       0.4        15    1.7   0.0    25    83   210   271   206   284 0.74 -
ctg000003_P:549498-551945   -            816 17712at4891          -            341     1e-21   74.5  12.8   5   8     0.094       3.5    3.7   0.1    53    89   386   422   383   439 0.86 -
ctg000003_P:549498-551945   -            816 17712at4891          -            341     1e-21   74.5  12.8   6   8   0.00038     0.014   11.6   0.0    26    87   454   523   444   536 0.63 -
ctg000003_P:549498-551945   -            816 17712at4891          -            341     1e-21   74.5  12.8   7   8   1.1e-11   4.2e-10   36.4   0.1    20    85   542   605   531   609 0.90 -
ctg000003_P:549498-551945   -            816 17712at4891          -            341     1e-21   74.5  12.8   8   8    0.0001    0.0038   13.5   0.2    46   137   608   698   604   704 0.76 -
ctg000000_P:195018-198614   -           1199 17712at4891          -            341   6.5e-21   71.9   5.4   1   4   3.2e-12   1.2e-10   38.2   0.2    14   144    53   174    43   179 0.82 -
ctg000000_P:195018-198614   -           1199 17712at4891          -            341   6.5e-21   71.9   5.4   2   4   6.2e-05    0.0023   14.2   0.0    51    89   205   243   200   250 0.89 -
ctg000000_P:195018-198614   -           1199 17712at4891          -            341   6.5e-21   71.9   5.4   3   4   2.4e-08     9e-07   25.4   0.1    27    97   225   296   222   300 0.88 -
ctg000000_P:195018-198614   -           1199 17712at4891          -            341   6.5e-21   71.9   5.4   4   4     0.037       1.4    5.1   0.2   273   337   473   535   413   549 0.62 -
ctg000001_P:195095-197449   -            785 17712at4891          -            341     9e-20   68.2   6.0   1   6   2.1e-07   7.9e-06   22.3   0.1    21   139    24   134    14   138 0.74 -
ctg000001_P:195095-197449   -            785 17712at4891          -            341     9e-20   68.2   6.0   2   6   4.9e-05    0.0018   14.5   0.0    27    97    75   143    74   175 0.85 -
ctg000001_P:195095-197449   -            785 17712at4891          -            341     9e-20   68.2   6.0   3   6      0.25       9.2    2.4   0.1    44    96   191   244   161   313 0.71 -
ctg000001_P:195095-197449   -            785 17712at4891          -            341     9e-20   68.2   6.0   4   6   3.3e-06   0.00012   18.4   0.0   104   135   382   413   345   421 0.72 -
ctg000001_P:195095-197449   -            785 17712at4891          -            341     9e-20   68.2   6.0   5   6   4.2e-06   0.00016   18.0   0.1    48   145   599   693   570   694 0.82 -
ctg000001_P:195095-197449   -            785 17712at4891          -            341     9e-20   68.2   6.0   6   6     6e-05    0.0022   14.2   0.1    20   135   664   784   654   785 0.74 -
ctg000007_P:201083-203473   -            797 17712at4891          -            341   8.4e-19   65.0   1.5   1   2     3e-11   1.1e-09   35.0   0.1    50   169   461   594   454   601 0.75 -
ctg000007_P:201083-203473   -            797 17712at4891          -            341   8.4e-19   65.0   1.5   2   2   8.6e-09   3.2e-07   26.9   0.0    26   139   624   726   612   731 0.85 -
ctg000008_P:156612-157523   -            304 17712at4891          -            341   1.4e-18   64.2   4.3   1   4    0.0065      0.24    7.6   0.0    26    74     6    52     2    53 0.86 -
ctg000008_P:156612-157523   -            304 17712at4891          -            341   1.4e-18   64.2   4.3   2   4   3.1e-08   1.1e-06   25.1   0.1    20    87    41   108    28   124 0.85 -
ctg000008_P:156612-157523   -            304 17712at4891          -            341   1.4e-18   64.2   4.3   3   4     1e-07   3.8e-06   23.3   0.1    23   136   129   237   109   238 0.80 -
ctg000008_P:156612-157523   -            304 17712at4891          -            341   1.4e-18   64.2   4.3   4   4   7.6e-08   2.8e-06   23.8   0.3    24    93   221   290   212   297 0.86 -
ctg000012_P:74312-75004     -            231 17712at4891          -            341   1.5e-18   64.2   0.1   1   3   8.9e-05    0.0033   13.7   0.0   111   147     2    38     1    42 0.84 -
ctg000012_P:74312-75004     -            231 17712at4891          -            341   1.5e-18   64.2   0.1   2   3   1.2e-13   4.4e-12   42.9   0.1    11   141    39   165    32   169 0.78 -
ctg000012_P:74312-75004     -            231 17712at4891          -            341   1.5e-18   64.2   0.1   3   3     0.025      0.93    5.6   0.0   135   167   178   210   173   217 0.89 -
ctg000003_P:379491-382319   -            943 17712at4891          -            341   2.6e-17   60.1  16.8   1   6   6.4e-06   0.00024   17.4   1.1    26    87    94   153    87   200 0.76 -
ctg000003_P:379491-382319   -            943 17712at4891          -            341   2.6e-17   60.1  16.8   2   6    0.0077      0.29    7.3   0.1    25    46   216   237   208   300 0.73 -
ctg000003_P:379491-382319   -            943 17712at4891          -            341   2.6e-17   60.1  16.8   3   6       1.6        60   -0.3   0.0    54    87   390   422   382   435 0.70 -
ctg000003_P:379491-382319   -            943 17712at4891          -            341   2.6e-17   60.1  16.8   4   6    0.0037      0.14    8.4   0.0   275   328   453   506   413   521 0.66 -
ctg000003_P:379491-382319   -            943 17712at4891          -            341   2.6e-17   60.1  16.8   5   6     0.013      0.47    6.6   0.0   107   136   531   560   512   567 0.84 -
ctg000003_P:379491-382319   -            943 17712at4891          -            341   2.6e-17   60.1  16.8   6   6   3.9e-08   1.5e-06   24.7   0.8     6   135   567   685   561   693 0.83 -
ctg000005_P:54978-56366     -            463 17712at4891          -            341   2.9e-17   59.9   0.7   1   3     0.017      0.62    6.2   0.0   266   320   187   243   144   251 0.71 -
ctg000005_P:54978-56366     -            463 17712at4891          -            341   2.9e-17   59.9   0.7   2   3   2.5e-06   9.3e-05   18.8   0.0    44   138   253   337   239   346 0.84 -
ctg000005_P:54978-56366     -            463 17712at4891          -            341   2.9e-17   59.9   0.7   3   3   2.6e-10   9.6e-09   31.9   0.3    11   133   347   462   338   463 0.82 -
ctg000003_P:113154-114608   -            485 17712at4891          -            341   1.1e-16   58.0   6.7   1   3    0.0013     0.047    9.9   0.1    24    99    81   165    64   175 0.65 -
ctg000003_P:113154-114608   -            485 17712at4891          -            341   1.1e-16   58.0   6.7   2   3   5.6e-12   2.1e-10   37.4   0.9    21   177   189   340   180   353 0.81 -
ctg000003_P:113154-114608   -            485 17712at4891          -            341   1.1e-16   58.0   6.7   3   3   0.00013    0.0047   13.2   0.1    53   100   346   393   343   414 0.78 -
ctg000008_P:735513-736862   -            450 17712at4891          -            341   8.8e-16   55.0   2.9   1   3   7.8e-11   2.9e-09   33.6   2.0    36   151   103   206    90   210 0.86 -
ctg000008_P:735513-736862   -            450 17712at4891          -            341   8.8e-16   55.0   2.9   2   3   4.8e-05    0.0018   14.6   0.0    26   166   219   359   207   361 0.75 -
ctg000008_P:735513-736862   -            450 17712at4891          -            341   8.8e-16   55.0   2.9   3   3    0.0062      0.23    7.6   0.0    53    89   333   369   325   384 0.84 -
ctg000007_P:236257-237153   -            299 17712at4891          -            341   3.5e-15   53.0   0.4   1   2   8.8e-05    0.0033   13.7   0.0   269   324    14    69     6    76 0.68 -
ctg000007_P:236257-237153   -            299 17712at4891          -            341   3.5e-15   53.0   0.4   2   2   7.2e-12   2.7e-10   37.0   0.1    14   136    81   203    72   225 0.86 -
ctg000006_P:345566-347899   -            778 17712at4891          -            341   3.4e-14   49.8   0.0   1   3   2.3e-06   8.4e-05   18.9   0.0    53   121   406   470   399   489 0.78 -
ctg000006_P:345566-347899   -            778 17712at4891          -            341   3.4e-14   49.8   0.0   2   3       4.3   1.6e+02   -1.7   0.0   108   129   566   587   542   614 0.59 -
ctg000006_P:345566-347899   -            778 17712at4891          -            341   3.4e-14   49.8   0.0   3   3   5.8e-09   2.1e-07   27.5   0.0    32   134   672   776   659   778 0.79 -
ctg000001_P:791639-792679   -            347 17712at4891          -            341   5.3e-14   49.2   0.6   1   4   1.3e-05   0.00049   16.4   0.1    24   135    22   138     8   145 0.74 -
ctg000001_P:791639-792679   -            347 17712at4891          -            341   5.3e-14   49.2   0.6   2   4      0.54        20    1.3   0.0    48    86   101   141    92   176 0.80 -
ctg000001_P:791639-792679   -            347 17712at4891          -            341   5.3e-14   49.2   0.6   3   4     0.029       1.1    5.4   0.0   107   138   212   247   183   253 0.81 -
ctg000001_P:791639-792679   -            347 17712at4891          -            341   5.3e-14   49.2   0.6   4   4   1.2e-07   4.6e-06   23.1   0.1    44    87   293   336   286   344 0.89 -
ctg000006_P:535604-536641   -            346 17712at4891          -            341   1.2e-13   48.0   0.3   1   3   6.2e-05    0.0023   14.2   0.0    50   137     5    82     3    91 0.86 -
ctg000006_P:535604-536641   -            346 17712at4891          -            341   1.2e-13   48.0   0.3   2   3   4.4e-06   0.00016   18.0   0.1   203   332    97   233    91   241 0.75 -
ctg000006_P:535604-536641   -            346 17712at4891          -            341   1.2e-13   48.0   0.3   3   3   0.00031     0.011   11.9   0.0    51   104   289   342   283   346 0.76 -
ctg000005_P:675289-676623   -            445 17712at4891          -            341   3.7e-13   46.4   0.7   1   5     0.024       0.9    5.7   0.0   138   179   129   171   124   192 0.82 -
ctg000005_P:675289-676623   -            445 17712at4891          -            341   3.7e-13   46.4   0.7   2   5   0.00031     0.012   11.9   0.0    26    88   149   209   143   215 0.87 -
ctg000005_P:675289-676623   -            445 17712at4891          -            341   3.7e-13   46.4   0.7   3   5   1.4e-05   0.00052   16.3   0.0    24    87   189   250   180   259 0.88 -
ctg000005_P:675289-676623   -            445 17712at4891          -            341   3.7e-13   46.4   0.7   4   5    0.0018     0.067    9.4   0.0    21    77   270   324   253   343 0.81 -
ctg000005_P:675289-676623   -            445 17712at4891          -            341   3.7e-13   46.4   0.7   5   5   0.00073     0.027   10.7   0.0    54   153   343   439   323   441 0.67 -
ctg000006_P:423485-425329   -            615 17712at4891          -            341     6e-13   45.7   3.1   1   5    0.0063      0.24    7.6   0.0    56   124    65   133    37   145 0.73 -
ctg000006_P:423485-425329   -            615 17712at4891          -            341     6e-13   45.7   3.1   2   5   8.2e-05     0.003   13.8   0.0    48   145   153   245   144   254 0.79 -
ctg000006_P:423485-425329   -            615 17712at4891          -            341     6e-13   45.7   3.1   3   5    0.0057      0.21    7.8   0.2    23    62   264   306   244   331 0.69 -
ctg000006_P:423485-425329   -            615 17712at4891          -            341     6e-13   45.7   3.1   4   5     0.069       2.6    4.2   0.1    46   116   330   392   311   402 0.77 -
ctg000006_P:423485-425329   -            615 17712at4891          -            341     6e-13   45.7   3.1   5   5    0.0054       0.2    7.8   0.1    62   167   495   608   451   614 0.60 -
ctg000107_P:181737-182555   -            273 17712at4891          -            341   1.6e-12   44.4   2.6   1   4     0.063       2.4    4.3   0.0    56    83    27    52     1    63 0.54 -
ctg000107_P:181737-182555   -            273 17712at4891          -            341   1.6e-12   44.4   2.6   2   4   1.9e-05   0.00071   15.9   0.2    23    86    36    95    21    98 0.80 -
ctg000107_P:181737-182555   -            273 17712at4891          -            341   1.6e-12   44.4   2.6   3   4   5.7e-10   2.1e-08   30.8   0.1    14    88    66   138    57   161 0.82 -
ctg000107_P:181737-182555   -            273 17712at4891          -            341   1.6e-12   44.4   2.6   4   4    0.0057      0.21    7.8   0.0    24    86   207   265   201   273 0.75 -
ctg000001_P:814425-815267   -            281 17712at4891          -            341   1.5e-11   41.1   1.6   1   3     0.018      0.66    6.1   0.1   107   138    22    53     4    62 0.80 -
ctg000001_P:814425-815267   -            281 17712at4891          -            341   1.5e-11   41.1   1.6   2   3   5.3e-07     2e-05   21.0   0.1    27   124    79   165    66   182 0.76 -
ctg000001_P:814425-815267   -            281 17712at4891          -            341   1.5e-11   41.1   1.6   3   3   0.00039     0.014   11.6   0.0     7    84   197   275   192   280 0.86 -
ctg000000_P:107664-111473   -           1270 17712at4891          -            341     2e-11   40.7   3.9   1   3      0.18       6.7    2.8   0.1   105   137    60    92    28    97 0.54 -
ctg000000_P:107664-111473   -           1270 17712at4891          -            341     2e-11   40.7   3.9   2   3   5.9e-09   2.2e-07   27.4   0.2    43   139    96   193    92   200 0.77 -
ctg000000_P:107664-111473   -           1270 17712at4891          -            341     2e-11   40.7   3.9   3   3   0.00018    0.0068   12.7   0.2    24   140   174   291   170   356 0.69 -
ctg000006_P:511276-512808   -            511 17712at4891          -            341     3e-11   40.2   2.2   1   3       1.1        41    0.2   0.0    71   133   230   299   212   311 0.48 -
ctg000006_P:511276-512808   -            511 17712at4891          -            341     3e-11   40.2   2.2   2   3   1.2e-11   4.3e-10   36.3   1.8    24   144   335   455   319   465 0.81 -
ctg000006_P:511276-512808   -            511 17712at4891          -            341     3e-11   40.2   2.2   3   3   0.00023    0.0087   12.3   0.1    45   105   407   467   399   503 0.66 -
ctg000002_P:681453-683132   -            560 17712at4891          -            341   4.3e-11   39.6   0.2   1   1   1.9e-12   7.1e-11   38.9   0.2   132   325    21   218     6   228 0.74 -
ctg000007_P:208156-208974   -            273 17712at4891          -            341   6.4e-11   39.1   4.8   1   3     0.029       1.1    5.4   0.4    96   143    46    93     1    99 0.77 -
ctg000007_P:208156-208974   -            273 17712at4891          -            341   6.4e-11   39.1   4.8   2   3     0.096       3.6    3.7   0.0    72   138    74   139    70   146 0.64 -
ctg000007_P:208156-208974   -            273 17712at4891          -            341   6.4e-11   39.1   4.8   3   3   6.8e-11   2.5e-09   33.8   0.2    32   170   129   269   119   272 0.75 -
ctg000007_P:370295-371899   -            535 17712at4891          -            341   8.4e-11   38.7   7.2   1   5       1.9        69   -0.5   0.1   101   137   151   188   111   197 0.55 -
ctg000007_P:370295-371899   -            535 17712at4891          -            341   8.4e-11   38.7   7.2   2   5     0.044       1.6    4.8   0.0   105   135   218   248   207   256 0.83 -
ctg000007_P:370295-371899   -            535 17712at4891          -            341   8.4e-11   38.7   7.2   3   5     0.011      0.41    6.8   0.1    47    86   253   292   244   350 0.52 -
ctg000007_P:370295-371899   -            535 17712at4891          -            341   8.4e-11   38.7   7.2   4   5   6.2e-08   2.3e-06   24.1   0.0    50   138   354   431   341   444 0.82 -
ctg000007_P:370295-371899   -            535 17712at4891          -            341   8.4e-11   38.7   7.2   5   5   0.00085     0.032   10.5   0.1    11   124   400   523   393   533 0.69 -
ctg000009_P:404496-405719   -            408 17712at4891          -            341   1.7e-10   37.6   4.7   1   5     0.043       1.6    4.9   0.0   119   140    56    77    43   107 0.67 -
ctg000009_P:404496-405719   -            408 17712at4891          -            341   1.7e-10   37.6   4.7   2   5   3.1e-07   1.2e-05   21.7   0.4    25    86   115   174   108   189 0.90 -
ctg000009_P:404496-405719   -            408 17712at4891          -            341   1.7e-10   37.6   4.7   3   5         1        38    0.3   0.0   268   287   203   222   199   238 0.86 -
ctg000009_P:404496-405719   -            408 17712at4891          -            341   1.7e-10   37.6   4.7   4   5       1.8        66   -0.4   0.0    64   103   243   282   238   290 0.61 -
ctg000009_P:404496-405719   -            408 17712at4891          -            341   1.7e-10   37.6   4.7   5   5    0.0095      0.35    7.0   0.1    51    87   290   328   280   339 0.68 -
ctg000005_P:859210-860166   -            319 17712at4891          -            341   2.1e-09   34.0   0.7   1   4       0.3        11    2.1   0.1   109   327    42    73    30    80 0.50 -
ctg000005_P:859210-860166   -            319 17712at4891          -            341   2.1e-09   34.0   0.7   2   4    0.0015     0.056    9.6   0.1    32    86    62   116    54   125 0.72 -
ctg000005_P:859210-860166   -            319 17712at4891          -            341   2.1e-09   34.0   0.7   3   4   1.6e-05   0.00061   16.1   0.0    48    88   184   225   160   241 0.78 -
ctg000005_P:859210-860166   -            319 17712at4891          -            341   2.1e-09   34.0   0.7   4   4      0.13       4.7    3.3   0.0    89   118   272   301   265   310 0.79 -
ctg000001_P:612668-613378   -            237 17712at4891          -            341   2.3e-09   33.9   1.9   1   3      0.13       4.7    3.3   0.0   112   140     2    30     1    66 0.72 -
ctg000001_P:612668-613378   -            237 17712at4891          -            341   2.3e-09   33.9   1.9   2   3   1.7e-08   6.3e-07   25.9   0.4    68   185    50   165    30   180 0.63 -
ctg000001_P:612668-613378   -            237 17712at4891          -            341   2.3e-09   33.9   1.9   3   3       0.5        19    1.4   0.0   276   312   192   227   188   236 0.75 -
ctg000002_P:347755-349020   -            422 17712at4891          -            341   3.6e-09   33.3   1.5   1   4   0.00039     0.014   11.6   0.0   284   319    82   116    47   130 0.74 -
ctg000002_P:347755-349020   -            422 17712at4891          -            341   3.6e-09   33.3   1.5   2   4   2.6e-05   0.00096   15.5   0.1    51   141    88   168    69   228 0.74 -
ctg000002_P:347755-349020   -            422 17712at4891          -            341   3.6e-09   33.3   1.5   3   4    0.0018     0.065    9.4   0.0    63   135   236   298   189   305 0.53 -
ctg000002_P:347755-349020   -            422 17712at4891          -            341   3.6e-09   33.3   1.5   4   4       0.2       7.5    2.7   0.0    15    83   350   419   340   421 0.61 -
ctg000000_P:1183362-1184591 -            410 17712at4891          -            341   4.2e-09   33.1   0.2   1   2   6.2e-07   2.3e-05   20.8   0.0    26    91   133   197   127   225 0.86 -
ctg000000_P:1183362-1184591 -            410 17712at4891          -            341   4.2e-09   33.1   0.2   2   2    0.0031      0.12    8.6   0.0    51   137   244   321   233   331 0.62 -
ctg000010_P:203538-204632   -            365 17712at4891          -            341   6.5e-09   32.4   0.3   1   3    0.0089      0.33    7.1   0.0   104   137    33    67    17    76 0.77 -
ctg000010_P:203538-204632   -            365 17712at4891          -            341   6.5e-09   32.4   0.3   2   3   4.6e-07   1.7e-05   21.2   0.2    26   185    52   209    43   222 0.75 -
ctg000010_P:203538-204632   -            365 17712at4891          -            341   6.5e-09   32.4   0.3   3   3    0.0076      0.28    7.3   0.0    16    87   271   301   266   331 0.54 -
ctg000010_P:287694-288548   -            285 17712at4891          -            341   8.1e-09   32.1   0.2   1   3    0.0016     0.059    9.6   0.0    68   136    17    77     1    92 0.47 -
ctg000010_P:287694-288548   -            285 17712at4891          -            341   8.1e-09   32.1   0.2   2   3   0.00015    0.0057   12.9   0.0    47   138   105   184    95   192 0.68 -
ctg000010_P:287694-288548   -            285 17712at4891          -            341   8.1e-09   32.1   0.2   3   3     0.018      0.69    6.1   0.0    63   103   223   261   203   283 0.70 -
ctg000001_P:958519-960096   -            526 17712at4891          -            341   9.7e-09   31.9   4.7   1   4   1.6e-05    0.0006   16.1   0.0    58   140    28   119    22   144 0.68 -
ctg000001_P:958519-960096   -            526 17712at4891          -            341   9.7e-09   31.9   4.7   2   4      0.25       9.1    2.4   0.1    53   119   182   245   178   268 0.67 -
ctg000001_P:958519-960096   -            526 17712at4891          -            341   9.7e-09   31.9   4.7   3   4   0.00099     0.037   10.2   0.3    52   135   289   377   267   392 0.69 -
ctg000001_P:958519-960096   -            526 17712at4891          -            341   9.7e-09   31.9   4.7   4   4       0.4        15    1.7   0.0   106   130   496   520   475   525 0.78 -
ctg000002_P:1021230-1025138 -           1303 17712at4891          -            341   1.1e-08   31.7   0.2   1   4       2.3        87   -0.8   0.0   236   287   160   211   150   214 0.73 -
ctg000002_P:1021230-1025138 -           1303 17712at4891          -            341   1.1e-08   31.7   0.2   2   4   1.1e-06   4.1e-05   20.0   0.4    47   118   215   283   186   290 0.78 -
ctg000002_P:1021230-1025138 -           1303 17712at4891          -            341   1.1e-08   31.7   0.2   3   4    0.0085      0.32    7.2   0.0    46    87   325   366   319   377 0.87 -
ctg000002_P:1021230-1025138 -           1303 17712at4891          -            341   1.1e-08   31.7   0.2   4   4       6.8   2.5e+02   -2.4   0.0    57   112  1186  1242  1171  1247 0.69 -
ctg000009_P:515858-516736   -            293 17712at4891          -            341   1.4e-08   31.4   0.9   1   3   0.00074     0.027   10.7   0.0    50   103     9    59     6   112 0.64 -
ctg000009_P:515858-516736   -            293 17712at4891          -            341   1.4e-08   31.4   0.9   2   3   0.00014    0.0051   13.1   0.1    25    85   153   209   144   212 0.52 -
ctg000009_P:515858-516736   -            293 17712at4891          -            341   1.4e-08   31.4   0.9   3   3   6.9e-05    0.0026   14.0   0.0    15    80   182   243   178   254 0.65 -
ctg000002_P:257741-259117   -            459 17712at4891          -            341   2.4e-08   30.6   6.2   1   4   5.5e-05    0.0021   14.4   0.3    25   103   117   191   108   199 0.73 -
ctg000002_P:257741-259117   -            459 17712at4891          -            341   2.4e-08   30.6   6.2   2   4      0.37        14    1.8   0.0    14    54   208   250   197   274 0.71 -
ctg000002_P:257741-259117   -            459 17712at4891          -            341   2.4e-08   30.6   6.2   3   4   5.5e-05    0.0021   14.4   0.1    48   174   280   408   268   430 0.76 -
ctg000002_P:257741-259117   -            459 17712at4891          -            341   2.4e-08   30.6   6.2   4   4   0.00068     0.025   10.8   0.1    66   133   387   451   369   454 0.74 -
ctg000107_P:66451-67743     -            431 17712at4891          -            341   3.2e-08   30.2   0.0   1   2     1e-08   3.9e-07   26.6   0.0     9   140    60   188    53   236 0.77 -
ctg000107_P:66451-67743     -            431 17712at4891          -            341   3.2e-08   30.2   0.0   2   2      0.69        26    0.9   0.0    70   138   274   342   268   350 0.64 -
ctg000013_P:154085-154729   -            215 17712at4891          -            341   4.4e-08   29.7   0.2   1   2   6.9e-08   2.6e-06   23.9   0.1    17   136     9   118     3   127 0.80 -
ctg000013_P:154085-154729   -            215 17712at4891          -            341   4.4e-08   29.7   0.2   2   2     0.078       2.9    4.0   0.0    54    87   153   184   137   215 0.62 -
ctg000008_P:606523-607326   -            268 17712at4891          -            341   5.6e-08   29.4   0.3   1   2     0.039       1.4    5.0   0.1    61   124     4    65     1    81 0.70 -
ctg000008_P:606523-607326   -            268 17712at4891          -            341   5.6e-08   29.4   0.3   2   2   4.4e-07   1.6e-05   21.3   0.0    55   186    95   232    80   245 0.79 -
ctg000003_P:904315-907116   -            934 17712at4891          -            341   1.1e-07   28.5   0.2   1   7     0.041       1.5    4.9   0.0    56    92   109   144    75   189 0.75 -
ctg000003_P:904315-907116   -            934 17712at4891          -            341   1.1e-07   28.5   0.2   2   7       3.6   1.3e+02   -1.4   0.0   267   311   215   259   165   287 0.67 -
ctg000003_P:904315-907116   -            934 17712at4891          -            341   1.1e-07   28.5   0.2   3   7      0.86        32    0.6   0.0   276   314   268   308   250   320 0.62 -
ctg000003_P:904315-907116   -            934 17712at4891          -            341   1.1e-07   28.5   0.2   4   7      0.53        20    1.3   0.0    23    87   302   378   294   396 0.57 -
ctg000003_P:904315-907116   -            934 17712at4891          -            341   1.1e-07   28.5   0.2   5   7     0.031       1.2    5.3   0.0   110   174   458   529   411   551 0.62 -
ctg000003_P:904315-907116   -            934 17712at4891          -            341   1.1e-07   28.5   0.2   6   7     0.052       1.9    4.6   0.0   107   136   580   609   536   625 0.73 -
ctg000003_P:904315-907116   -            934 17712at4891          -            341   1.1e-07   28.5   0.2   7   7      0.15       5.5    3.1   0.0    60    94   626   660   620   672 0.74 -
ctg000001_P:853361-855415   -            685 17712at4891          -            341   1.1e-07   28.4   0.0   1   3   0.00054      0.02   11.1   0.0    26    86    13    74     3    77 0.83 -
ctg000001_P:853361-855415   -            685 17712at4891          -            341   1.1e-07   28.4   0.0   2   3     7e-08   2.6e-06   23.9   0.0    23    90    55   120    49   130 0.87 -
ctg000001_P:853361-855415   -            685 17712at4891          -            341   1.1e-07   28.4   0.0   3   3       9.3   3.5e+02   -2.8   0.0   299   315   329   345   326   347 0.80 -
ctg000022_P:213435-214070   -            212 17712at4891          -            341   1.3e-07   28.2   0.4   1   3       1.1        43    0.2   0.0    22    40    10    29     1    51 0.57 -
ctg000022_P:213435-214070   -            212 17712at4891          -            341   1.3e-07   28.2   0.4   2   3   4.2e-08   1.6e-06   24.6   0.1    21    93    74   142    64   146 0.90 -
ctg000022_P:213435-214070   -            212 17712at4891          -            341   1.3e-07   28.2   0.4   3   3       2.3        86   -0.8   0.0   268   293   160   185   142   201 0.68 -
ctg000006_P:425866-427404   -            513 17712at4891          -            341   1.3e-07   28.1   0.1   1   3      0.28        11    2.2   0.0   268   321    55   107    30   112 0.74 -
ctg000006_P:425866-427404   -            513 17712at4891          -            341   1.3e-07   28.1   0.1   2   3   8.3e-06   0.00031   17.1   0.0    17   138    84   200    79   206 0.73 -
ctg000006_P:425866-427404   -            513 17712at4891          -            341   1.3e-07   28.1   0.1   3   3    0.0098      0.36    7.0   0.0    13    93   211   295   201   300 0.62 -
ctg000012_P:294223-296391   -            723 17712at4891          -            341   1.4e-07   28.1   1.9   1   4    0.0015     0.055    9.7   0.0    50   138   298   381   288   386 0.81 -
ctg000012_P:294223-296391   -            723 17712at4891          -            341   1.4e-07   28.1   1.9   2   4       5.9   2.2e+02   -2.2   0.0   108   153   522   567   506   575 0.71 -
ctg000012_P:294223-296391   -            723 17712at4891          -            341   1.4e-07   28.1   1.9   3   4     0.064       2.4    4.3   0.1    31    86   614   669   603   688 0.76 -
ctg000012_P:294223-296391   -            723 17712at4891          -            341   1.4e-07   28.1   1.9   4   4   0.00061     0.023   10.9   0.0    56    85   692   722   680   723 0.83 -
ctg000014_P:161740-163014   -            425 17712at4891          -            341     2e-07   27.5   0.1   1   2   1.3e-06   4.9e-05   19.7   0.0   275   317    49    94    30   111 0.86 -
ctg000014_P:161740-163014   -            425 17712at4891          -            341     2e-07   27.5   0.1   2   2     0.052       1.9    4.6   0.1   106   145   213   252   154   256 0.88 -
ctg000009_P:39116-41260     -            715 17712at4891          -            341   2.9e-07   27.0   7.4   1   3    0.0089      0.33    7.1   0.1    49    87     7    44     3    67 0.86 -
ctg000009_P:39116-41260     -            715 17712at4891          -            341   2.9e-07   27.0   7.4   2   3    0.0047      0.18    8.0   1.4    16    93   101   175    96   189 0.75 -
ctg000009_P:39116-41260     -            715 17712at4891          -            341   2.9e-07   27.0   7.4   3   3   0.00014    0.0054   13.0   0.1    39   137   206   290   186   297 0.75 -
ctg000001_P:155149-156492   -            448 17712at4891          -            341     5e-07   26.3   0.1   1   2   1.2e-07   4.4e-06   23.2   0.0    49   139   218   301   210   307 0.82 -
ctg000001_P:155149-156492   -            448 17712at4891          -            341     5e-07   26.3   0.1   2   2       1.3        50   -0.0   0.1    75   103   387   415   383   422 0.71 -
ctg000003_P:955064-957016   -            651 17712at4891          -            341   9.3e-07   25.4   0.2   1   2     0.056       2.1    4.5   0.0    53    93    79   118    72   133 0.72 -
ctg000003_P:955064-957016   -            651 17712at4891          -            341   9.3e-07   25.4   0.2   2   2   4.1e-06   0.00015   18.1   0.0    18    89   148   216   134   233 0.82 -
ctg000002_P:705774-706781   -            336 17712at4891          -            341   1.9e-06   24.3   0.3   1   2      0.58        21    1.2   0.0   298   327    13    42     2    56 0.76 -
ctg000002_P:705774-706781   -            336 17712at4891          -            341   1.9e-06   24.3   0.3   2   2   7.7e-07   2.9e-05   20.5   0.0    57   131   252   325   244   332 0.78 -
ctg000000_P:720764-721879   -            372 17712at4891          -            341   1.9e-06   24.3   1.4   1   3     0.003      0.11    8.7   0.0   107   173    60   136    43   153 0.75 -
ctg000000_P:720764-721879   -            372 17712at4891          -            341   1.9e-06   24.3   1.4   2   3       2.8     1e+02   -1.1   0.0   106   137   173   205   160   213 0.72 -
ctg000000_P:720764-721879   -            372 17712at4891          -            341   1.9e-06   24.3   1.4   3   3    0.0079       0.3    7.3   0.6    27    42   237   252   225   334 0.60 -
ctg000006_P:442699-443643   -            315 17712at4891          -            341   2.3e-06   24.1   0.5   1   3     0.056       2.1    4.5   0.0    70   105     1    36     1    48 0.74 -
ctg000006_P:442699-443643   -            315 17712at4891          -            341   2.3e-06   24.1   0.5   2   3   3.4e-05    0.0013   15.0   0.0   106   169    90   159    85   170 0.77 -
ctg000006_P:442699-443643   -            315 17712at4891          -            341   2.3e-06   24.1   0.5   3   3      0.97        36    0.4   0.0   121   142   256   277   245   309 0.66 -
ctg000005_P:740270-743305   -           1012 17712at4891          -            341   3.7e-06   23.4   8.3   1   5      0.13       4.8    3.3   0.0   276   311    28    63    24    85 0.86 -
ctg000005_P:740270-743305   -           1012 17712at4891          -            341   3.7e-06   23.4   8.3   2   5   1.7e-05   0.00062   16.1   0.3    48   138   172   252   157   262 0.79 -
ctg000005_P:740270-743305   -           1012 17712at4891          -            341   3.7e-06   23.4   8.3   3   5       0.1       3.9    3.6   0.1    27   139   681   799   675   810 0.66 -
ctg000005_P:740270-743305   -           1012 17712at4891          -            341   3.7e-06   23.4   8.3   4   5      0.83        31    0.6   0.0    26    85   782   845   770   851 0.73 -
ctg000005_P:740270-743305   -           1012 17712at4891          -            341   3.7e-06   23.4   8.3   5   5       1.1        42    0.2   0.0    66   138   897   967   878   971 0.78 -
ctg000006_P:472399-472884   -            162 17712at4891          -            341   4.2e-06   23.2   0.1   1   1   1.9e-07   7.1e-06   22.5   0.1    51   171    14   137     2   147 0.81 -
ctg000022_P:317551-319299   -            583 17712at4891          -            341   4.8e-06   23.0   0.0   1   3    0.0017     0.061    9.5   0.0   105   144   235   273   219   344 0.81 -
ctg000022_P:317551-319299   -            583 17712at4891          -            341   4.8e-06   23.0   0.0   2   3     0.047       1.8    4.7   0.0    67   126   468   523   456   536 0.64 -
ctg000022_P:317551-319299   -            583 17712at4891          -            341   4.8e-06   23.0   0.0   3   3     0.063       2.4    4.3   0.0    58    86   554   582   552   583 0.91 -
ctg000013_P:74841-75815     -            325 17712at4891          -            341   6.6e-06   22.6   0.5   1   2      0.46        17    1.5   0.1   238   290    74   124    69   129 0.74 -
ctg000013_P:74841-75815     -            325 17712at4891          -            341   6.6e-06   22.6   0.5   2   2   2.5e-06   9.2e-05   18.8   0.0    50   138   237   318   213   324 0.82 -
ctg000007_P:127180-128319   -            380 17712at4891          -            341   6.7e-06   22.5   0.1   1   4    0.0011     0.041   10.1   0.0    14   136    15   129     4   138 0.65 -
ctg000007_P:127180-128319   -            380 17712at4891          -            341   6.7e-06   22.5   0.1   2   4     8e-05     0.003   13.8   0.0    18   150    65   194    58   204 0.77 -
ctg000007_P:127180-128319   -            380 17712at4891          -            341   6.7e-06   22.5   0.1   3   4     0.017      0.64    6.2   0.0    57    84   151   178   149   247 0.49 -
ctg000007_P:127180-128319   -            380 17712at4891          -            341   6.7e-06   22.5   0.1   4   4       5.4     2e+02   -2.0   0.0    64    83   360   379   344   380 0.75 -
ctg000024_P:5353-6492       -            380 17712at4891          -            341   6.7e-06   22.5   0.1   1   4    0.0011     0.041   10.1   0.0    14   136    15   129     4   138 0.65 -
ctg000024_P:5353-6492       -            380 17712at4891          -            341   6.7e-06   22.5   0.1   2   4     8e-05     0.003   13.8   0.0    18   150    65   194    58   204 0.77 -
ctg000024_P:5353-6492       -            380 17712at4891          -            341   6.7e-06   22.5   0.1   3   4     0.017      0.64    6.2   0.0    57    84   151   178   149   247 0.49 -
ctg000024_P:5353-6492       -            380 17712at4891          -            341   6.7e-06   22.5   0.1   4   4       5.4     2e+02   -2.0   0.0    64    83   360   379   344   380 0.75 -
ctg000000_P:502361-503155   -            265 17712at4891          -            341   1.1e-05   21.8   0.2   1   3    0.0014     0.052    9.8   0.1   256   328     7    79     3    84 0.85 -
ctg000000_P:502361-503155   -            265 17712at4891          -            341   1.1e-05   21.8   0.2   2   3     0.018      0.67    6.1   0.0    57    97    96   139    85   194 0.44 -
ctg000000_P:502361-503155   -            265 17712at4891          -            341   1.1e-05   21.8   0.2   3   3     0.077       2.9    4.0   0.0    54    87   165   198   149   220 0.69 -
ctg000008_P:207899-209062   -            388 17712at4891          -            341   2.2e-05   20.9   0.1   1   2   0.00016    0.0059   12.9   0.0    13   128   100   213    92   224 0.78 -
ctg000008_P:207899-209062   -            388 17712at4891          -            341   2.2e-05   20.9   0.1   2   2     0.032       1.2    5.3   0.0    66    86   303   323   293   351 0.76 -
ctg000009_P:411260-412237   -            326 17712at4891          -            341   2.6e-05   20.6   0.1   1   4      0.53        20    1.3   0.0   148   172    30    54    12    87 0.65 -
ctg000009_P:411260-412237   -            326 17712at4891          -            341   2.6e-05   20.6   0.1   2   4     0.004      0.15    8.3   0.0    37    86    92   141    67   148 0.81 -
ctg000009_P:411260-412237   -            326 17712at4891          -            341   2.6e-05   20.6   0.1   3   4      0.47        18    1.4   0.0   276   315   175   218   140   228 0.63 -
ctg000009_P:411260-412237   -            326 17712at4891          -            341   2.6e-05   20.6   0.1   4   4     0.065       2.4    4.3   0.0    62    92   254   284   250   322 0.87 -
ctg000000_P:175356-176921   -            522 17712at4891          -            341     3e-05   20.4   0.0   1   3       1.8        66   -0.5   0.0   303   327   250   274   193   282 0.77 -
ctg000000_P:175356-176921   -            522 17712at4891          -            341     3e-05   20.4   0.0   2   3   2.7e-05     0.001   15.4   0.0    69   142   348   425   321   428 0.78 -
ctg000000_P:175356-176921   -            522 17712at4891          -            341     3e-05   20.4   0.0   3   3      0.76        28    0.8   0.0   110   158   447   500   432   511 0.71 -
ctg000001_P:1020946-1022133 -            396 17712at4891          -            341   3.1e-05   20.4   0.5   1   3       1.5        55   -0.2   0.1    17    41    19    44    13   141 0.73 -
ctg000001_P:1020946-1022133 -            396 17712at4891          -            341   3.1e-05   20.4   0.5   2   3     0.067       2.5    4.2   0.0    51    76   229   254   186   271 0.64 -
ctg000001_P:1020946-1022133 -            396 17712at4891          -            341   3.1e-05   20.4   0.5   3   3    0.0002    0.0075   12.5   0.0    54   103   290   340   270   347 0.78 -
ctg000005_P:138693-140411   -            573 17712at4891          -            341   0.00025   17.4   0.1   1   2   0.00011     0.004   13.4   0.0    44   141   225   314   219   369 0.72 -
ctg000005_P:138693-140411   -            573 17712at4891          -            341   0.00025   17.4   0.1   2   2      0.93        35    0.5   0.0    71    87   414   430   398   441 0.74 -
ctg000001_P:614163-614933   -            257 17712at4891          -            341    0.0004   16.7   0.1   1   2    0.0065      0.24    7.6   0.0    99   137    65   102    43   112 0.76 -
ctg000001_P:614163-614933   -            257 17712at4891          -            341    0.0004   16.7   0.1   2   2   0.00069     0.026   10.8   0.1    28   138    89   211    87   218 0.65 -
ctg000003_P:231137-232927   -            597 17712at4891          -            341   0.00054   16.3   0.0   1   2   0.00061     0.023   10.9   0.0    46    97   294   346   256   363 0.83 -
ctg000003_P:231137-232927   -            597 17712at4891          -            341   0.00054   16.3   0.0   2   2      0.57        21    1.2   0.0   140   165   556   581   506   591 0.76 -
ctg000010_P:169059-170513   -            485 17712at4891          -            341    0.0012   15.1   0.1   1   1   7.6e-05    0.0028   13.9   0.1    33    94   334   395   315   441 0.83 -
ctg000009_P:222122-222682   -            187 17712at4891          -            341     0.005   13.1   0.0   1   2     0.001     0.039   10.2   0.0   108   170     3    71     1    78 0.73 -
ctg000009_P:222122-222682   -            187 17712at4891          -            341     0.005   13.1   0.0   2   2       6.1   2.3e+02   -2.2   0.0    23    41   166   184   158   187 0.60 -
ctg000008_P:479917-481578   -            554 17712at4891          -            341    0.0062   12.8   0.4   1   2    0.0082      0.31    7.2   0.1    52    89   136   172   111   234 0.72 -
ctg000008_P:479917-481578   -            554 17712at4891          -            341    0.0062   12.8   0.4   2   2      0.15       5.6    3.1   0.0   290   332   339   381   294   389 0.81 -
#
# Program:         hmmsearch
# Version:         3.1b2 (February 2015)
# Pipeline mode:   SEARCH
# Query file:      /Users/dominiquefastus/DeNovoProj/BUSCO_ass/busco_downloads/lineages/saccharomycetes_odb10/hmms/17712at4891.hmm
# Target file:     /Users/dominiquefastus/DeNovoProj/BUSCO_ass/busco_out/run_saccharomycetes_odb10/metaeuk_output/initial_results/asm_ctgs_m.fa.modified.fas
# Option settings: hmmsearch --domtblout /Users/dominiquefastus/DeNovoProj/BUSCO_ass/busco_out/run_saccharomycetes_odb10/hmmer_output/initial_run_results/17712at4891.out --cpu 1 /Users/dominiquefastus/DeNovoProj/BUSCO_ass/busco_downloads/lineages/saccharomycetes_odb10/hmms/17712at4891.hmm /Users/dominiquefastus/DeNovoProj/BUSCO_ass/busco_out/run_saccharomycetes_odb10/metaeuk_output/initial_results/asm_ctgs_m.fa.modified.fas 
# Current dir:     /Users/dominiquefastus/DeNovoProj/BUSCO_ass
# Date:            Fri Feb 24 14:22:08 2023
# [ok]
