#                                                                                 --- full sequence --- -------------- this domain -------------   hmm coord   ali coord   env coord
# target name             accession   tlen query name           accession   qlen   E-value  score  bias   #  of  c-Evalue  i-Evalue  score  bias  from    to  from    to  from    to  acc description of target
#     ------------------- ---------- ----- -------------------- ---------- ----- --------- ------ ----- --- --- --------- --------- ------ ----- ----- ----- ----- ----- ----- ----- ---- ---------------------
ctg000003_P:326884-328014 -            377 18990at4891          -            196     2e-63  211.0  27.6   1   5     7e-15   6.3e-12   42.9   0.2     8    44    70   106    66   116 0.89 -
ctg000003_P:326884-328014 -            377 18990at4891          -            196     2e-63  211.0  27.6   2   5   7.8e-08     7e-05   19.9   5.5    32    71   115   154   109   163 0.90 -
ctg000003_P:326884-328014 -            377 18990at4891          -            196     2e-63  211.0  27.6   3   5   1.3e-07   0.00012   19.2   0.6    44   106   165   238   153   243 0.80 -
ctg000003_P:326884-328014 -            377 18990at4891          -            196     2e-63  211.0  27.6   4   5     2e-38   1.8e-35  119.7   2.8   105   179   257   342   244   351 0.83 -
ctg000003_P:326884-328014 -            377 18990at4891          -            196     2e-63  211.0  27.6   5   5   4.9e-08   4.4e-05   20.6   0.0   173   196   354   377   350   377 0.94 -
ctg000014_P:165683-166525 -            281 18990at4891          -            196    0.0012   16.0   1.9   1   1     4e-06    0.0036   14.4   1.7   102   150   180   228    67   268 0.90 -
ctg000022_P:710310-714233 -           1308 18990at4891          -            196    0.0057   13.7   0.5   1   2     0.097        87    0.1   0.0    55   114   344   402   331   424 0.75 -
ctg000022_P:710310-714233 -           1308 18990at4891          -            196    0.0057   13.7   0.5   2   2   6.6e-05     0.059   10.4   0.1    41   106   580   647   574   654 0.87 -
#
# Program:         hmmsearch
# Version:         3.1b2 (February 2015)
# Pipeline mode:   SEARCH
# Query file:      /Users/dominiquefastus/DeNovoProj/BUSCO_ass/busco_downloads/lineages/saccharomycetes_odb10/hmms/18990at4891.hmm
# Target file:     /Users/dominiquefastus/DeNovoProj/BUSCO_ass/busco_out/run_saccharomycetes_odb10/metaeuk_output/initial_results/asm_ctgs_m.fa.modified.fas
# Option settings: hmmsearch --domtblout /Users/dominiquefastus/DeNovoProj/BUSCO_ass/busco_out/run_saccharomycetes_odb10/hmmer_output/initial_run_results/18990at4891.out --cpu 1 /Users/dominiquefastus/DeNovoProj/BUSCO_ass/busco_downloads/lineages/saccharomycetes_odb10/hmms/18990at4891.hmm /Users/dominiquefastus/DeNovoProj/BUSCO_ass/busco_out/run_saccharomycetes_odb10/metaeuk_output/initial_results/asm_ctgs_m.fa.modified.fas 
# Current dir:     /Users/dominiquefastus/DeNovoProj/BUSCO_ass
# Date:            Fri Feb 24 14:22:32 2023
# [ok]
