#                                                                                 --- full sequence --- -------------- this domain -------------   hmm coord   ali coord   env coord
# target name             accession   tlen query name           accession   qlen   E-value  score  bias   #  of  c-Evalue  i-Evalue  score  bias  from    to  from    to  from    to  acc description of target
#     ------------------- ---------- ----- -------------------- ---------- ----- --------- ------ ----- --- --- --------- --------- ------ ----- ----- ----- ----- ----- ----- ----- ---- ---------------------
ctg000022_P:592547-593704 -            386 20323at4891          -            242   2.6e-93  309.1  11.6   1   2   1.1e-17   9.4e-15   51.9   1.5     3    62    70   136    68   146 0.85 -
ctg000022_P:592547-593704 -            386 20323at4891          -            242   2.6e-93  309.1  11.6   2   2   2.3e-81     2e-78  260.4   3.2    58   236   148   358   142   363 0.90 -
ctg000022_P:591757-593719 -            540 20323at4891          -            242   7.8e-93  307.6  11.0   1   1   5.8e-93   5.2e-90  298.4  11.0     3   236   219   507   217   512 0.86 -
ctg000001_P:679343-680515 -            391 20323at4891          -            242   7.5e-44  147.2  11.6   1   6   0.00023       0.2    8.3   0.2    38    61     1    27     1    34 0.84 -
ctg000001_P:679343-680515 -            391 20323at4891          -            242   7.5e-44  147.2  11.6   2   6   1.1e-23   9.4e-21   71.6   0.2    61   136    48   125    32   134 0.89 -
ctg000001_P:679343-680515 -            391 20323at4891          -            242   7.5e-44  147.2  11.6   3   6   2.7e-14   2.4e-11   40.8   0.0   140   184   156   211   132   216 0.80 -
ctg000001_P:679343-680515 -            391 20323at4891          -            242   7.5e-44  147.2  11.6   4   6   1.4e-08   1.3e-05   22.1   0.0   182   213   256   287   247   293 0.86 -
ctg000001_P:679343-680515 -            391 20323at4891          -            242   7.5e-44  147.2  11.6   5   6     0.026        23    1.5   0.0    71   105   312   346   309   348 0.84 -
ctg000001_P:679343-680515 -            391 20323at4891          -            242   7.5e-44  147.2  11.6   6   6    0.0007      0.63    6.7   0.3   211   236   336   365   319   368 0.72 -
#
# Program:         hmmsearch
# Version:         3.1b2 (February 2015)
# Pipeline mode:   SEARCH
# Query file:      /Users/dominiquefastus/DeNovoProj/BUSCO_ass/busco_downloads/lineages/saccharomycetes_odb10/hmms/20323at4891.hmm
# Target file:     /Users/dominiquefastus/DeNovoProj/BUSCO_ass/busco_out/run_saccharomycetes_odb10/metaeuk_output/initial_results/asm_ctgs_m.fa.modified.fas
# Option settings: hmmsearch --domtblout /Users/dominiquefastus/DeNovoProj/BUSCO_ass/busco_out/run_saccharomycetes_odb10/hmmer_output/initial_run_results/20323at4891.out --cpu 1 /Users/dominiquefastus/DeNovoProj/BUSCO_ass/busco_downloads/lineages/saccharomycetes_odb10/hmms/20323at4891.hmm /Users/dominiquefastus/DeNovoProj/BUSCO_ass/busco_out/run_saccharomycetes_odb10/metaeuk_output/initial_results/asm_ctgs_m.fa.modified.fas 
# Current dir:     /Users/dominiquefastus/DeNovoProj/BUSCO_ass
# Date:            Fri Feb 24 14:22:51 2023
# [ok]
