#                                                                                 --- full sequence --- -------------- this domain -------------   hmm coord   ali coord   env coord
# target name             accession   tlen query name           accession   qlen   E-value  score  bias   #  of  c-Evalue  i-Evalue  score  bias  from    to  from    to  from    to  acc description of target
#     ------------------- ---------- ----- -------------------- ---------- ----- --------- ------ ----- --- --- --------- --------- ------ ----- ----- ----- ----- ----- ----- ----- ---- ---------------------
ctg000011_P:465299-466603 -            435 21150at4891          -            308  6.1e-149  492.3   0.5   1   1  3.6e-151  1.4e-148  491.1   0.5     1   298    36   392    36   395 0.87 -
ctg000009_P:452542-453837 -            432 21150at4891          -            308    1e-144  478.4   0.1   1   1  5.3e-147    2e-144  477.5   0.1     1   298    32   388    32   394 0.87 -
ctg000002_P:308845-309870 -            342 21150at4891          -            308   1.4e-26   90.5   0.1   1   2      0.36   1.4e+02   -1.5   0.0    27    59     1    33     1    35 0.84 -
ctg000002_P:308845-309870 -            342 21150at4891          -            308   1.4e-26   90.5   0.1   2   2   1.1e-28   4.1e-26   88.9   0.1    58   291    54   340    47   342 0.75 -
ctg000005_P:663173-664195 -            341 21150at4891          -            308   1.2e-24   84.0   0.2   1   2       0.3   1.2e+02   -1.3   0.0    27    59     1    33     1    37 0.87 -
ctg000005_P:663173-664195 -            341 21150at4891          -            308   1.2e-24   84.0   0.2   2   2   9.5e-27   3.7e-24   82.5   0.1    54   283    50   330    42   341 0.73 -
ctg000000_P:418232-419257 -            342 21150at4891          -            308   3.7e-23   79.2   2.1   1   2   4.3e-21   1.7e-18   63.9   0.1    25   226     1   229     1   233 0.76 -
ctg000000_P:418232-419257 -            342 21150at4891          -            308   3.7e-23   79.2   2.1   2   2   5.7e-06    0.0022   14.2   0.4   254   290   303   342   296   342 0.76 -
ctg000014_P:195778-196995 -            406 21150at4891          -            308   3.2e-22   76.1   2.1   1   2   8.6e-21   3.3e-18   62.9   0.0    21   226    23   257     7   261 0.74 -
ctg000014_P:195778-196995 -            406 21150at4891          -            308   3.2e-22   76.1   2.1   2   2   4.3e-05     0.016   11.4   0.5   253   293   331   374   321   385 0.78 -
ctg000011_P:317466-320453 -            996 21150at4891          -            308   2.2e-13   47.1   0.2   1   2   4.8e-14   1.8e-11   40.8   0.0    23   230   650   881   630   894 0.73 -
ctg000011_P:317466-320453 -            996 21150at4891          -            308   2.2e-13   47.1   0.2   2   2    0.0099       3.8    3.6   0.2   252   291   926   964   901   972 0.88 -
#
# Program:         hmmsearch
# Version:         3.1b2 (February 2015)
# Pipeline mode:   SEARCH
# Query file:      /Users/dominiquefastus/DeNovoProj/BUSCO_ass/busco_downloads/lineages/saccharomycetes_odb10/hmms/21150at4891.hmm
# Target file:     /Users/dominiquefastus/DeNovoProj/BUSCO_ass/busco_out/run_saccharomycetes_odb10/metaeuk_output/initial_results/asm_ctgs_m.fa.modified.fas
# Option settings: hmmsearch --domtblout /Users/dominiquefastus/DeNovoProj/BUSCO_ass/busco_out/run_saccharomycetes_odb10/hmmer_output/initial_run_results/21150at4891.out --cpu 1 /Users/dominiquefastus/DeNovoProj/BUSCO_ass/busco_downloads/lineages/saccharomycetes_odb10/hmms/21150at4891.hmm /Users/dominiquefastus/DeNovoProj/BUSCO_ass/busco_out/run_saccharomycetes_odb10/metaeuk_output/initial_results/asm_ctgs_m.fa.modified.fas 
# Current dir:     /Users/dominiquefastus/DeNovoProj/BUSCO_ass
# Date:            Fri Feb 24 14:23:01 2023
# [ok]
