#                                                                                 --- full sequence --- -------------- this domain -------------   hmm coord   ali coord   env coord
# target name             accession   tlen query name           accession   qlen   E-value  score  bias   #  of  c-Evalue  i-Evalue  score  bias  from    to  from    to  from    to  acc description of target
#     ------------------- ---------- ----- -------------------- ---------- ----- --------- ------ ----- --- --- --------- --------- ------ ----- ----- ----- ----- ----- ----- ----- ---- ---------------------
ctg000001_P:350127-352265 -            713 22342at4891          -            356   7.4e-68  226.6  35.4   1   7   0.00025      0.34    7.3   0.1     1    19     3    21     3    26 0.92 -
ctg000001_P:350127-352265 -            713 22342at4891          -            356   7.4e-68  226.6  35.4   2   7   1.8e-17   2.4e-14   50.6   0.2    15    57    37    79    34    86 0.94 -
ctg000001_P:350127-352265 -            713 22342at4891          -            356   7.4e-68  226.6  35.4   3   7      0.17   2.2e+02   -2.0   0.1    61    85   175   200   163   217 0.62 -
ctg000001_P:350127-352265 -            713 22342at4891          -            356   7.4e-68  226.6  35.4   4   7   7.6e-12     1e-08   32.1   2.3   102   174   289   372   256   388 0.78 -
ctg000001_P:350127-352265 -            713 22342at4891          -            356   7.4e-68  226.6  35.4   5   7   3.6e-09   4.8e-06   23.3   0.1   164   203   394   433   391   443 0.80 -
ctg000001_P:350127-352265 -            713 22342at4891          -            356   7.4e-68  226.6  35.4   6   7   2.4e-33   3.2e-30  102.8   2.9   187   313   470   618   455   619 0.86 -
ctg000001_P:350127-352265 -            713 22342at4891          -            356   7.4e-68  226.6  35.4   7   7     3e-11   4.1e-08   30.1   0.4   301   346   634   682   630   686 0.92 -
ctg000002_P:358475-361912 -           1146 22342at4891          -            356    0.0072   12.8   1.5   1   2   5.2e-05      0.07    9.6   0.1   297   340    39    82     9    95 0.77 -
ctg000002_P:358475-361912 -           1146 22342at4891          -            356    0.0072   12.8   1.5   2   2     0.014        18    1.6   0.3    60   110   218   267   183   312 0.77 -
#
# Program:         hmmsearch
# Version:         3.1b2 (February 2015)
# Pipeline mode:   SEARCH
# Query file:      /Users/dominiquefastus/DeNovoProj/BUSCO_ass/busco_downloads/lineages/saccharomycetes_odb10/hmms/22342at4891.hmm
# Target file:     /Users/dominiquefastus/DeNovoProj/BUSCO_ass/busco_out/run_saccharomycetes_odb10/metaeuk_output/initial_results/asm_ctgs_m.fa.modified.fas
# Option settings: hmmsearch --domtblout /Users/dominiquefastus/DeNovoProj/BUSCO_ass/busco_out/run_saccharomycetes_odb10/hmmer_output/initial_run_results/22342at4891.out --cpu 1 /Users/dominiquefastus/DeNovoProj/BUSCO_ass/busco_downloads/lineages/saccharomycetes_odb10/hmms/22342at4891.hmm /Users/dominiquefastus/DeNovoProj/BUSCO_ass/busco_out/run_saccharomycetes_odb10/metaeuk_output/initial_results/asm_ctgs_m.fa.modified.fas 
# Current dir:     /Users/dominiquefastus/DeNovoProj/BUSCO_ass
# Date:            Fri Feb 24 14:23:23 2023
# [ok]
