#                                                                                   --- full sequence --- -------------- this domain -------------   hmm coord   ali coord   env coord
# target name               accession   tlen query name           accession   qlen   E-value  score  bias   #  of  c-Evalue  i-Evalue  score  bias  from    to  from    to  from    to  acc description of target
#       ------------------- ---------- ----- -------------------- ---------- ----- --------- ------ ----- --- --- --------- --------- ------ ----- ----- ----- ----- ----- ----- ----- ---- ---------------------
ctg000003_P:904315-907116   -            934 2368at4891           -            707  1.4e-301  999.3  15.7   1   3  2.1e-282  9.3e-281  930.5   5.9     1   624    16   767    16   776 0.87 -
ctg000003_P:904315-907116   -            934 2368at4891           -            707  1.4e-301  999.3  15.7   2   3   3.3e-21   1.5e-19   67.1   0.8   599   694   785   894   778   898 0.81 -
ctg000003_P:904315-907116   -            934 2368at4891           -            707  1.4e-301  999.3  15.7   3   3     0.062       2.8    3.4   0.0   669   707   894   931   893   931 0.83 -
ctg000012_P:112251-115004   -            918 2368at4891           -            707   8.6e-31  104.2   4.0   1   6   2.6e-08   1.2e-06   24.4   0.1   381   495    51   175    29   180 0.82 -
ctg000012_P:112251-115004   -            918 2368at4891           -            707   8.6e-31  104.2   4.0   2   6      0.44        20    0.6   0.0   379   415   186   222   178   227 0.86 -
ctg000012_P:112251-115004   -            918 2368at4891           -            707   8.6e-31  104.2   4.0   3   6   3.5e-12   1.6e-10   37.3   0.0   376   503   251   382   240   384 0.84 -
ctg000012_P:112251-115004   -            918 2368at4891           -            707   8.6e-31  104.2   4.0   4   6   2.7e-12   1.2e-10   37.6   0.1   380   507   383   515   381   542 0.83 -
ctg000012_P:112251-115004   -            918 2368at4891           -            707   8.6e-31  104.2   4.0   5   6      0.44        19    0.6   0.0   166   202   518   553   508   567 0.82 -
ctg000012_P:112251-115004   -            918 2368at4891           -            707   8.6e-31  104.2   4.0   6   6       7.2   3.2e+02   -3.4   0.0   470   513   581   623   577   639 0.54 -
ctg000012_P:93603-94601     -            333 2368at4891           -            707     3e-26   89.2  15.9   1   6   2.6e-07   1.2e-05   21.2   0.6   464   501     2    39     1    59 0.93 -
ctg000012_P:93603-94601     -            333 2368at4891           -            707     3e-26   89.2  15.9   2   6      0.17       7.5    2.0   0.2   464   500    45    88    43    93 0.66 -
ctg000012_P:93603-94601     -            333 2368at4891           -            707     3e-26   89.2  15.9   3   6   6.3e-05    0.0028   13.3   1.9   448   507    77   137    69   161 0.77 -
ctg000012_P:93603-94601     -            333 2368at4891           -            707     3e-26   89.2  15.9   4   6   4.6e-13   2.1e-11   40.2   0.0   435   504   187   258   141   259 0.86 -
ctg000012_P:93603-94601     -            333 2368at4891           -            707     3e-26   89.2  15.9   5   6   8.2e-06   0.00037   16.2   0.2   464   497   260   293   253   300 0.92 -
ctg000012_P:93603-94601     -            333 2368at4891           -            707     3e-26   89.2  15.9   6   6     0.033       1.5    4.3   0.0   464   493   302   331   294   332 0.93 -
ctg000003_P:379491-382319   -            943 2368at4891           -            707   3.3e-26   89.1  22.9   1   6   4.9e-09   2.2e-07   26.9   0.2   426   496    80   151    77   156 0.94 -
ctg000003_P:379491-382319   -            943 2368at4891           -            707   3.3e-26   89.1  22.9   2   6   3.7e-06   0.00016   17.4   2.8   465   533   162   229   157   234 0.79 -
ctg000003_P:379491-382319   -            943 2368at4891           -            707   3.3e-26   89.1  22.9   3   6     0.013       0.6    5.6   0.1   464   504   389   428   381   438 0.84 -
ctg000003_P:379491-382319   -            943 2368at4891           -            707   3.3e-26   89.1  22.9   4   6   2.1e-13   9.2e-12   41.3   2.0   317   501   402   608   397   612 0.81 -
ctg000003_P:379491-382319   -            943 2368at4891           -            707   3.3e-26   89.1  22.9   5   6     0.019      0.86    5.1   0.0   463   502   612   651   609   655 0.90 -
ctg000003_P:379491-382319   -            943 2368at4891           -            707   3.3e-26   89.1  22.9   6   6    0.0028      0.12    7.9   0.2   464   494   655   685   649   688 0.91 -
ctg000008_P:156612-157523   -            304 2368at4891           -            707   9.9e-24   80.9   4.5   1   3   1.6e-13     7e-12   41.7   0.1   396   496     3   106     1   111 0.87 -
ctg000008_P:156612-157523   -            304 2368at4891           -            707   9.9e-24   80.9   4.5   2   3   3.1e-08   1.4e-06   24.2   0.0   378   496   112   238   105   246 0.79 -
ctg000008_P:156612-157523   -            304 2368at4891           -            707   9.9e-24   80.9   4.5   3   3     1e-05   0.00045   15.9   0.3   464   498   249   283   244   288 0.93 -
ctg000012_P:74312-75004     -            231 2368at4891           -            707   1.2e-23   80.6   4.0   1   4   3.9e-13   1.7e-11   40.4   0.2   431   506     4    80     1    91 0.84 -
ctg000012_P:74312-75004     -            231 2368at4891           -            707   1.2e-23   80.6   4.0   2   4   1.2e-05   0.00052   15.7   0.0   469   502    84   118    77   121 0.86 -
ctg000012_P:74312-75004     -            231 2368at4891           -            707   1.2e-23   80.6   4.0   3   4   2.3e-05     0.001   14.7   0.1   464   496   129   161   126   165 0.94 -
ctg000012_P:74312-75004     -            231 2368at4891           -            707   1.2e-23   80.6   4.0   4   4     0.011      0.47    5.9   0.0   460   499   179   218   174   223 0.92 -
ctg000003_P:549498-551945   -            816 2368at4891           -            707   1.2e-22   77.3  13.5   1   7   0.00025     0.011   11.3   0.0   441   506    34   101    23   109 0.84 -
ctg000003_P:549498-551945   -            816 2368at4891           -            707   1.2e-22   77.3  13.5   2   7   9.7e-06   0.00043   16.0   0.2   420   504    97   186    94   194 0.81 -
ctg000003_P:549498-551945   -            816 2368at4891           -            707   1.2e-22   77.3  13.5   3   7   0.00095     0.042    9.4   0.1   360   436   166   251   165   281 0.75 -
ctg000003_P:549498-551945   -            816 2368at4891           -            707   1.2e-22   77.3  13.5   4   7    0.0015     0.067    8.7   0.1   464   500   386   422   384   427 0.91 -
ctg000003_P:549498-551945   -            816 2368at4891           -            707   1.2e-22   77.3  13.5   5   7       1.9        83   -1.5   0.0   463   499   431   472   427   485 0.67 -
ctg000003_P:549498-551945   -            816 2368at4891           -            707   1.2e-22   77.3  13.5   6   7   6.4e-12   2.9e-10   36.4   0.3   382   502   489   611   475   614 0.91 -
ctg000003_P:549498-551945   -            816 2368at4891           -            707   1.2e-22   77.3  13.5   7   7     0.007      0.31    6.5   0.2   464   495   615   646   611   655 0.90 -
ctg000007_P:201083-203473   -            797 2368at4891           -            707   1.4e-22   77.1  10.9   1   5       1.5        69   -1.2   0.0   468   496   468   496   446   501 0.84 -
ctg000007_P:201083-203473   -            797 2368at4891           -            707   1.4e-22   77.1  10.9   2   5   3.7e-08   1.7e-06   24.0   0.2   463   534   522   595   517   603 0.85 -
ctg000007_P:201083-203473   -            797 2368at4891           -            707   1.4e-22   77.1  10.9   3   5   1.5e-07   6.7e-06   21.9   0.1   464   501   607   644   602   647 0.93 -
ctg000007_P:201083-203473   -            797 2368at4891           -            707   1.4e-22   77.1  10.9   4   5   2.4e-07   1.1e-05   21.3   0.2   462   500   647   685   643   690 0.91 -
ctg000007_P:201083-203473   -            797 2368at4891           -            707   1.4e-22   77.1  10.9   5   5   5.2e-05    0.0023   13.6   0.0   464   496   691   724   684   728 0.86 -
ctg000107_P:181737-182555   -            273 2368at4891           -            707   1.1e-20   70.8  19.1   1   5   3.7e-10   1.7e-08   30.6   0.7   447   503     6    61     2    63 0.91 -
ctg000107_P:181737-182555   -            273 2368at4891           -            707   1.1e-20   70.8  19.1   2   5     0.017      0.74    5.3   0.1   464   500    64    98    62   102 0.82 -
ctg000107_P:181737-182555   -            273 2368at4891           -            707   1.1e-20   70.8  19.1   3   5   6.6e-06    0.0003   16.5   0.3   464   505   103   144   100   154 0.91 -
ctg000107_P:181737-182555   -            273 2368at4891           -            707   1.1e-20   70.8  19.1   4   5   1.6e-05   0.00073   15.2   0.1   480   501   208   229   200   233 0.90 -
ctg000107_P:181737-182555   -            273 2368at4891           -            707   1.1e-20   70.8  19.1   5   5   3.1e-05    0.0014   14.3   0.2   462   504   232   272   230   273 0.83 -
ctg000000_P:195018-198614   -           1199 2368at4891           -            707   2.3e-19   66.5   4.9   1   4   1.7e-10   7.7e-09   31.7   0.0   385   494    12   123     1   134 0.86 -
ctg000000_P:195018-198614   -           1199 2368at4891           -            707   2.3e-19   66.5   4.9   2   4   3.7e-06   0.00016   17.4   0.1   463   496   134   167   125   169 0.89 -
ctg000000_P:195018-198614   -           1199 2368at4891           -            707   2.3e-19   66.5   4.9   3   4       2.1        95   -1.7   0.0   464   497   207   240   200   250 0.83 -
ctg000000_P:195018-198614   -           1199 2368at4891           -            707   2.3e-19   66.5   4.9   4   4   3.6e-06   0.00016   17.4   0.4   463   496   250   283   212   292 0.87 -
ctg000005_P:54978-56366     -            463 2368at4891           -            707   7.2e-19   64.8   8.3   1   2   2.7e-14   1.2e-12   44.2   0.7   344   501   176   341   136   365 0.81 -
ctg000005_P:54978-56366     -            463 2368at4891           -            707   7.2e-19   64.8   8.3   2   2   1.3e-07   5.8e-06   22.2   1.4   398   493   362   463   343   463 0.80 -
ctg000005_P:675289-676623   -            445 2368at4891           -            707   9.8e-19   64.4   1.8   1   3   8.5e-19   3.8e-17   59.1   0.5   331   504   122   298    93   311 0.89 -
ctg000005_P:675289-676623   -            445 2368at4891           -            707   9.8e-19   64.4   1.8   2   3     0.042       1.9    4.0   0.0   361   424   320   383   296   397 0.63 -
ctg000005_P:675289-676623   -            445 2368at4891           -            707   9.8e-19   64.4   1.8   3   3      0.06       2.7    3.4   0.0   163   204   344   383   329   428 0.68 -
ctg000002_P:347755-349020   -            422 2368at4891           -            707   6.6e-18   61.6   1.2   1   4   5.2e-08   2.3e-06   23.5   0.1   462   529    88   158    39   175 0.80 -
ctg000002_P:347755-349020   -            422 2368at4891           -            707   6.6e-18   61.6   1.2   2   4   0.00069     0.031    9.9   0.0   464   497   179   211   163   216 0.86 -
ctg000002_P:347755-349020   -            422 2368at4891           -            707   6.6e-18   61.6   1.2   3   4     0.018       0.8    5.2   0.0   467   505   271   309   234   325 0.72 -
ctg000002_P:347755-349020   -            422 2368at4891           -            707   6.6e-18   61.6   1.2   4   4   1.2e-06   5.2e-05   19.0   0.0   427   493   351   418   337   420 0.91 -
ctg000007_P:236257-237153   -            299 2368at4891           -            707   1.8e-17   60.2   1.2   1   4   1.6e-10   7.2e-09   31.8   0.1   408   502    21   117     9   121 0.89 -
ctg000007_P:236257-237153   -            299 2368at4891           -            707   1.8e-17   60.2   1.2   2   4    0.0073      0.33    6.5   0.0   465   503   122   161   117   165 0.77 -
ctg000007_P:236257-237153   -            299 2368at4891           -            707   1.8e-17   60.2   1.2   3   4   3.8e-06   0.00017   17.3   0.0   469   505   177   213   173   221 0.88 -
ctg000007_P:236257-237153   -            299 2368at4891           -            707   1.8e-17   60.2   1.2   4   4      0.78        35   -0.2   0.0   173   203   234   265   224   280 0.82 -
ctg000010_P:287694-288548   -            285 2368at4891           -            707   4.6e-16   55.6  11.1   1   5   1.1e-05    0.0005   15.8   0.2   464   503     3    41     1    43 0.86 -
ctg000010_P:287694-288548   -            285 2368at4891           -            707   4.6e-16   55.6  11.1   2   5    0.0011     0.051    9.1   0.0   464   498    44    80    41    85 0.85 -
ctg000010_P:287694-288548   -            285 2368at4891           -            707   4.6e-16   55.6  11.1   3   5    0.0032      0.14    7.6   0.2   464   501   111   146   106   150 0.83 -
ctg000010_P:287694-288548   -            285 2368at4891           -            707   4.6e-16   55.6  11.1   4   5   5.1e-08   2.3e-06   23.5   0.9   448   496   134   183   132   196 0.91 -
ctg000010_P:287694-288548   -            285 2368at4891           -            707   4.6e-16   55.6  11.1   5   5    0.0017     0.076    8.6   0.0   478   498   225   245   209   284 0.81 -
ctg000009_P:515858-516736   -            293 2368at4891           -            707   4.8e-16   55.5   3.8   1   3     0.029       1.3    4.5   0.0   464   496    12    45     6    51 0.83 -
ctg000009_P:515858-516736   -            293 2368at4891           -            707   4.8e-16   55.5   3.8   2   3     2e-07   9.1e-06   21.5   0.1   465   509    75   117    67   137 0.89 -
ctg000009_P:515858-516736   -            293 2368at4891           -            707   4.8e-16   55.5   3.8   3   3   1.7e-09   7.7e-08   28.4   0.9   441   532   155   244   137   249 0.77 -
ctg000022_P:213435-214070   -            212 2368at4891           -            707   6.1e-16   55.1   4.4   1   2   1.4e-08   6.3e-07   25.4   0.1   465   520     1    55     1    66 0.80 -
ctg000022_P:213435-214070   -            212 2368at4891           -            707   6.1e-16   55.1   4.4   2   2   2.1e-10   9.3e-09   31.4   0.7   441   499    80   137    71   170 0.89 -
ctg000000_P:1183362-1184591 -            410 2368at4891           -            707   6.3e-16   55.1   0.8   1   4   0.00016     0.007   12.0   0.0   457   495   107   147   103   154 0.89 -
ctg000000_P:1183362-1184591 -            410 2368at4891           -            707   6.3e-16   55.1   0.8   2   4   2.5e-06   0.00011   17.9   0.0   464   500   159   195   150   211 0.88 -
ctg000000_P:1183362-1184591 -            410 2368at4891           -            707   6.3e-16   55.1   0.8   3   4   0.00037     0.017   10.7   0.0   465   494   247   276   218   290 0.87 -
ctg000000_P:1183362-1184591 -            410 2368at4891           -            707   6.3e-16   55.1   0.8   4   4    0.0012     0.053    9.1   0.0   471   506   343   378   330   396 0.88 -
ctg000009_P:404496-405719   -            408 2368at4891           -            707   3.5e-14   49.3   4.6   1   3   2.9e-08   1.3e-06   24.3   2.5   381   497    43   174    40   184 0.76 -
ctg000009_P:404496-405719   -            408 2368at4891           -            707   3.5e-14   49.3   4.6   2   3      0.23        10    1.5   0.0   160   193   229   262   209   276 0.85 -
ctg000009_P:404496-405719   -            408 2368at4891           -            707   3.5e-14   49.3   4.6   3   3   5.3e-07   2.4e-05   20.1   0.0   463   498   291   328   287   334 0.91 -
ctg000002_P:257741-259117   -            459 2368at4891           -            707   3.9e-14   49.2  10.8   1   5   0.00025     0.011   11.3   0.2   467   496   104   133    97   137 0.89 -
ctg000002_P:257741-259117   -            459 2368at4891           -            707   3.9e-14   49.2  10.8   2   5     0.073       3.3    3.2   0.0   464   494   142   171   134   177 0.90 -
ctg000002_P:257741-259117   -            459 2368at4891           -            707   3.9e-14   49.2  10.8   3   5    0.0098      0.44    6.0   0.0   245   282   196   235   182   250 0.75 -
ctg000002_P:257741-259117   -            459 2368at4891           -            707   3.9e-14   49.2  10.8   4   5   5.4e-05    0.0024   13.5   0.7   479   505   301   327   283   357 0.77 -
ctg000002_P:257741-259117   -            459 2368at4891           -            707   3.9e-14   49.2  10.8   5   5   1.8e-06   7.9e-05   18.4   0.1   462   530   371   440   337   449 0.79 -
ctg000008_P:735513-736862   -            450 2368at4891           -            707   1.2e-12   44.3   1.6   1   2   1.1e-12   4.7e-11   39.0   0.4   354   505    90   243    71   278 0.84 -
ctg000008_P:735513-736862   -            450 2368at4891           -            707   1.2e-12   44.3   1.6   2   2     0.029       1.3    4.5   0.0   464   493   333   362   261   366 0.85 -
ctg000001_P:614163-614933   -            257 2368at4891           -            707     2e-12   43.5   5.5   1   3   1.8e-05    0.0008   15.1   0.0   458   498    65   104    25   106 0.82 -
ctg000001_P:614163-614933   -            257 2368at4891           -            707     2e-12   43.5   5.5   2   3   5.3e-09   2.4e-07   26.8   0.5   463   504   111   152   108   154 0.94 -
ctg000001_P:614163-614933   -            257 2368at4891           -            707     2e-12   43.5   5.5   3   3     0.082       3.7    3.0   0.1   351   413   189   253   159   256 0.79 -
ctg000013_P:154085-154729   -            215 2368at4891           -            707   5.1e-12   42.2   4.6   1   4   2.1e-08   9.2e-07   24.8   0.2   437   503    16    82     3    84 0.84 -
ctg000013_P:154085-154729   -            215 2368at4891           -            707   5.1e-12   42.2   4.6   2   4   0.00079     0.035    9.7   0.0   464   497    85   120    82   126 0.85 -
ctg000013_P:154085-154729   -            215 2368at4891           -            707   5.1e-12   42.2   4.6   3   4    0.0028      0.13    7.8   0.1   474   501   160   187   148   191 0.83 -
ctg000013_P:154085-154729   -            215 2368at4891           -            707   5.1e-12   42.2   4.6   4   4       0.2       8.9    1.7   0.1   450   487   177   215   177   215 0.90 -
ctg000006_P:535604-536641   -            346 2368at4891           -            707   1.8e-11   40.3   1.2   1   3   6.9e-10   3.1e-08   29.7   0.0   425   520    10   108     1   118 0.86 -
ctg000006_P:535604-536641   -            346 2368at4891           -            707   1.8e-11   40.3   1.2   2   3   0.00021    0.0092   11.6   0.1   345   462    96   233    94   253 0.71 -
ctg000006_P:535604-536641   -            346 2368at4891           -            707   1.8e-11   40.3   1.2   3   3         2        89   -1.6   0.0   342   381   293   332   272   339 0.51 -
ctg000006_P:472399-472884   -            162 2368at4891           -            707   3.2e-11   39.5   5.6   1   3      0.12       5.4    2.4   0.1   464   496    16    49     8    53 0.74 -
ctg000006_P:472399-472884   -            162 2368at4891           -            707   3.2e-11   39.5   5.6   2   3   3.9e-08   1.8e-06   23.9   0.1   460   499    59    99    52   102 0.91 -
ctg000006_P:472399-472884   -            162 2368at4891           -            707   3.2e-11   39.5   5.6   3   3   1.6e-05   0.00073   15.2   0.1   461   501   103   142    99   160 0.91 -
ctg000005_P:740270-743305   -           1012 2368at4891           -            707   7.1e-11   38.4  10.0   1   5   9.1e-09   4.1e-07   26.0   0.0   449   499   161   212   158   216 0.86 -
ctg000005_P:740270-743305   -           1012 2368at4891           -            707   7.1e-11   38.4  10.0   2   5    0.0032      0.14    7.6   0.3   464   495   219   250   213   254 0.92 -
ctg000005_P:740270-743305   -           1012 2368at4891           -            707   7.1e-11   38.4  10.0   3   5       3.8   1.7e+02   -2.5   0.0   344   371   469   496   457   549 0.78 -
ctg000005_P:740270-743305   -           1012 2368at4891           -            707   7.1e-11   38.4  10.0   4   5       1.1        51   -0.8   0.0   511   536   771   797   756   808 0.78 -
ctg000005_P:740270-743305   -           1012 2368at4891           -            707   7.1e-11   38.4  10.0   5   5    0.0038      0.17    7.4   0.4   468   499   938   969   931  1012 0.72 -
ctg000001_P:612668-613378   -            237 2368at4891           -            707   1.5e-10   37.3   1.9   1   3   0.00086     0.038    9.5   0.0   177   226    10    56     1    63 0.82 -
ctg000001_P:612668-613378   -            237 2368at4891           -            707   1.5e-10   37.3   1.9   2   3     0.073       3.3    3.2   0.0   381   414    77   110    73   130 0.85 -
ctg000001_P:612668-613378   -            237 2368at4891           -            707   1.5e-10   37.3   1.9   3   3   1.9e-08   8.3e-07   24.9   0.6   366   493   104   237    98   237 0.87 -
ctg000001_P:195095-197449   -            785 2368at4891           -            707   4.3e-10   35.8   9.4   1   7   9.8e-06   0.00044   16.0   0.1   464   535    57   131    46   137 0.80 -
ctg000001_P:195095-197449   -            785 2368at4891           -            707   4.3e-10   35.8   9.4   2   7      0.92        41   -0.5   0.0   457   502   192   242   177   257 0.81 -
ctg000001_P:195095-197449   -            785 2368at4891           -            707   4.3e-10   35.8   9.4   3   7         1        46   -0.6   0.7   463   501   278   316   275   354 0.71 -
ctg000001_P:195095-197449   -            785 2368at4891           -            707   4.3e-10   35.8   9.4   4   7      0.01      0.45    6.0   0.0   464   492   383   411   375   415 0.91 -
ctg000001_P:195095-197449   -            785 2368at4891           -            707   4.3e-10   35.8   9.4   5   7      0.34        15    0.9   0.0   462   485   554   577   550   585 0.86 -
ctg000001_P:195095-197449   -            785 2368at4891           -            707   4.3e-10   35.8   9.4   6   7      0.01      0.47    6.0   0.0   465   494   605   634   601   637 0.91 -
ctg000001_P:195095-197449   -            785 2368at4891           -            707   4.3e-10   35.8   9.4   7   7     0.024       1.1    4.7   0.0   382   429   699   750   665   763 0.84 -
ctg000007_P:594382-596901   -            840 2368at4891           -            707   2.3e-09   33.4   7.5   1   5     0.037       1.7    4.1   0.0   468   496    19    47    10    54 0.89 -
ctg000007_P:594382-596901   -            840 2368at4891           -            707   2.3e-09   33.4   7.5   2   5   0.00045      0.02   10.5   0.0   465   495    78   108    73   112 0.94 -
ctg000007_P:594382-596901   -            840 2368at4891           -            707   2.3e-09   33.4   7.5   3   5   0.00049     0.022   10.3   0.7   461   523   132   197   126   198 0.81 -
ctg000007_P:594382-596901   -            840 2368at4891           -            707   2.3e-09   33.4   7.5   4   5     0.005      0.22    7.0   0.1   378   416   173   211   166   224 0.91 -
ctg000007_P:594382-596901   -            840 2368at4891           -            707   2.3e-09   33.4   7.5   5   5      0.06       2.7    3.4   0.1   467   492   357   382   319   390 0.82 -
ctg000006_P:442699-443643   -            315 2368at4891           -            707     8e-08   28.3   2.7   1   3      0.14       6.2    2.2   0.2   466   493    91   117    84   120 0.76 -
ctg000006_P:442699-443643   -            315 2368at4891           -            707     8e-08   28.3   2.7   2   3    0.0027      0.12    7.9   0.0   461   550   126   223   119   243 0.63 -
ctg000006_P:442699-443643   -            315 2368at4891           -            707     8e-08   28.3   2.7   3   3   4.9e-06   0.00022   17.0   0.0   171   228   247   310   233   314 0.80 -
ctg000003_P:955064-957016   -            651 2368at4891           -            707   9.5e-08   28.1   0.4   1   2     0.022      0.99    4.9   0.0   464   496    79   112    70   117 0.89 -
ctg000003_P:955064-957016   -            651 2368at4891           -            707   9.5e-08   28.1   0.4   2   2   4.1e-07   1.8e-05   20.5   0.1   429   496   144   212   135   256 0.89 -
ctg000014_P:161740-163014   -            425 2368at4891           -            707   2.5e-07   26.7   0.5   1   2   1.1e-07   5.1e-06   22.3   0.0   430   496    31   102    15   105 0.84 -
ctg000014_P:161740-163014   -            425 2368at4891           -            707   2.5e-07   26.7   0.5   2   2      0.18       8.1    1.9   0.1   170   233   175   241   136   276 0.59 -
ctg000003_P:113154-114608   -            485 2368at4891           -            707   4.5e-07   25.8   4.7   1   3      0.02       0.9    5.0   0.1   359   422    85   159    71   172 0.78 -
ctg000003_P:113154-114608   -            485 2368at4891           -            707   4.5e-07   25.8   4.7   2   3   0.00043     0.019   10.5   0.2   399   498   235   337   230   339 0.83 -
ctg000003_P:113154-114608   -            485 2368at4891           -            707   4.5e-07   25.8   4.7   3   3    0.0035      0.16    7.5   0.1   461   493   340   375   335   379 0.82 -
ctg000000_P:1094951-1097206 -            752 2368at4891           -            707   5.2e-07   25.6   2.2   1   3    0.0011     0.049    9.2   0.0   359   493    45   189    41   199 0.79 -
ctg000000_P:1094951-1097206 -            752 2368at4891           -            707   5.2e-07   25.6   2.2   2   3   1.8e-05   0.00079   15.1   0.1   360   419   232   291   226   316 0.88 -
ctg000000_P:1094951-1097206 -            752 2368at4891           -            707   5.2e-07   25.6   2.2   3   3       5.1   2.3e+02   -2.9   0.1   103   230   540   567   514   578 0.49 -
ctg000006_P:345566-347899   -            778 2368at4891           -            707   6.2e-07   25.4   1.3   1   2   9.5e-06   0.00043   16.0   0.1   464   499   406   441   402   450 0.93 -
ctg000006_P:345566-347899   -            778 2368at4891           -            707   6.2e-07   25.4   1.3   2   2     0.002     0.088    8.3   0.1   362   493   629   776   540   778 0.76 -
ctg000006_P:423485-425329   -            615 2368at4891           -            707   8.6e-07   24.9   1.3   1   5       3.3   1.5e+02   -2.3   0.0   469   499   209   240   201   246 0.83 -
ctg000006_P:423485-425329   -            615 2368at4891           -            707   8.6e-07   24.9   1.3   2   5    0.0021     0.095    8.2   0.3   481   503   267   289   253   298 0.82 -
ctg000006_P:423485-425329   -            615 2368at4891           -            707   8.6e-07   24.9   1.3   3   5     0.049       2.2    3.7   0.0   393   423   306   336   288   349 0.74 -
ctg000006_P:423485-425329   -            615 2368at4891           -            707   8.6e-07   24.9   1.3   4   5      0.25        11    1.4   0.0   348   388   494   535   450   542 0.77 -
ctg000006_P:423485-425329   -            615 2368at4891           -            707   8.6e-07   24.9   1.3   5   5     0.016      0.71    5.3   0.0   178   233   555   610   548   613 0.74 -
ctg000009_P:411260-412237   -            326 2368at4891           -            707   1.1e-06   24.5   0.7   1   3   3.6e-07   1.6e-05   20.7   0.1   386   496    26   140     2   148 0.83 -
ctg000009_P:411260-412237   -            326 2368at4891           -            707   1.1e-06   24.5   0.7   2   3       1.3        56   -0.9   0.0   470   495   202   227   197   234 0.63 -
ctg000009_P:411260-412237   -            326 2368at4891           -            707   1.1e-06   24.5   0.7   3   3      0.46        21    0.5   0.0   473   494   254   275   250   281 0.90 -
ctg000001_P:853361-855415   -            685 2368at4891           -            707   1.9e-06   23.7   0.1   1   2   1.8e-07   7.9e-06   21.7   0.0   400   497    14   116    10   125 0.86 -
ctg000001_P:853361-855415   -            685 2368at4891           -            707   1.9e-06   23.7   0.1   2   2       1.3        59   -1.0   0.0   398   439   300   339   272   347 0.74 -
ctg000010_P:203538-204632   -            365 2368at4891           -            707   2.3e-06   23.5   0.3   1   3    0.0032      0.14    7.7   0.1   467   498    37    69    28    74 0.88 -
ctg000010_P:203538-204632   -            365 2368at4891           -            707   2.3e-06   23.5   0.3   2   3   5.6e-05    0.0025   13.4   0.8   402   541    55   202    54   211 0.80 -
ctg000010_P:203538-204632   -            365 2368at4891           -            707   2.3e-06   23.5   0.3   3   3       0.2         9    1.7   0.0   392   444   277   330   270   334 0.81 -
ctg000005_P:859210-860166   -            319 2368at4891           -            707   1.2e-05   21.1   1.6   1   2   0.00024     0.011   11.4   0.7   461   498    35    73    32    82 0.86 -
ctg000005_P:859210-860166   -            319 2368at4891           -            707   1.2e-05   21.1   1.6   2   2    0.0056      0.25    6.9   0.0   439   497   162   223   157   229 0.82 -
ctg000007_P:370295-371899   -            535 2368at4891           -            707   1.4e-05   20.9   9.2   1   2   8.2e-05    0.0037   12.9   3.5   345   498   223   391   220   398 0.73 -
ctg000007_P:370295-371899   -            535 2368at4891           -            707   1.4e-05   20.9   9.2   2   2    0.0081      0.36    6.3   0.2   464   508   399   447   396   466 0.66 -
ctg000008_P:606523-607326   -            268 2368at4891           -            707     2e-05   20.4   1.7   1   2      0.39        18    0.7   0.1   446   494    71   123    13   132 0.65 -
ctg000008_P:606523-607326   -            268 2368at4891           -            707     2e-05   20.4   1.7   2   2   1.5e-06   6.7e-05   18.7   0.4   340   456   142   261   121   267 0.79 -
ctg000001_P:814425-815267   -            281 2368at4891           -            707   2.1e-05   20.3   0.3   1   3      0.14       6.2    2.2   0.0   164   204    23    62    18    77 0.80 -
ctg000001_P:814425-815267   -            281 2368at4891           -            707   2.1e-05   20.3   0.3   2   3    0.0019     0.085    8.4   0.1   437   497    75   137    42   140 0.70 -
ctg000001_P:814425-815267   -            281 2368at4891           -            707   2.1e-05   20.3   0.3   3   3    0.0046      0.21    7.1   0.0   186   238   225   279   212   281 0.83 -
ctg000006_P:63382-64761     -            460 2368at4891           -            707     3e-05   19.8   0.2   1   4      0.27        12    1.3   0.0   418   482    63   132    21   138 0.76 -
ctg000006_P:63382-64761     -            460 2368at4891           -            707     3e-05   19.8   0.2   2   4   0.00046     0.021   10.4   0.1   468   501   147   180   143   184 0.90 -
ctg000006_P:63382-64761     -            460 2368at4891           -            707     3e-05   19.8   0.2   3   4     0.052       2.3    3.7   0.0   383   430   186   235   183   246 0.79 -
ctg000006_P:63382-64761     -            460 2368at4891           -            707     3e-05   19.8   0.2   4   4       4.5     2e+02   -2.8   0.0   448   488   353   395   343   404 0.72 -
ctg000006_P:425866-427404   -            513 2368at4891           -            707     7e-05   18.6   0.0   1   2     0.014       0.6    5.6   0.1   162   229    80   147    38   162 0.74 -
ctg000006_P:425866-427404   -            513 2368at4891           -            707     7e-05   18.6   0.0   2   2   0.00047     0.021   10.4   0.0   399   494   184   285   176   289 0.83 -
ctg000001_P:1020946-1022133 -            396 2368at4891           -            707   0.00013   17.7   1.5   1   4      0.46        21    0.5   0.1   392   414    22    44    13    89 0.70 -
ctg000001_P:1020946-1022133 -            396 2368at4891           -            707   0.00013   17.7   1.5   2   4       3.3   1.5e+02   -2.3   0.0   179   199    84   104    58   108 0.72 -
ctg000001_P:1020946-1022133 -            396 2368at4891           -            707   0.00013   17.7   1.5   3   4         1        45   -0.6   0.0   508   527   236   255   197   268 0.79 -
ctg000001_P:1020946-1022133 -            396 2368at4891           -            707   0.00013   17.7   1.5   4   4   3.7e-05    0.0017   14.1   0.1   459   513   284   338   273   352 0.85 -
ctg000005_P:138693-140411   -            573 2368at4891           -            707   0.00024   16.8   0.0   1   3    0.0071      0.32    6.5   0.0   464   494   234   264   231   269 0.94 -
ctg000005_P:138693-140411   -            573 2368at4891           -            707   0.00024   16.8   0.0   2   3      0.04       1.8    4.0   0.0   152   222   269   338   265   349 0.84 -
ctg000005_P:138693-140411   -            573 2368at4891           -            707   0.00024   16.8   0.0   3   3      0.13       5.7    2.3   0.0   177   209   411   443   401   452 0.86 -
ctg000010_P:252121-253755   -            545 2368at4891           -            707   0.00037   16.2   0.0   1   2   0.00024     0.011   11.4   0.0   401   534   119   252   113   256 0.84 -
ctg000010_P:252121-253755   -            545 2368at4891           -            707   0.00037   16.2   0.0   2   2      0.11       4.8    2.6   0.0   468   503   268   303   254   334 0.63 -
ctg000001_P:316331-318451   -            707 2368at4891           -            707   0.00085   15.0   0.0   1   3    0.0025      0.11    8.0   0.0   359   429   155   225   133   231 0.92 -
ctg000001_P:316331-318451   -            707 2368at4891           -            707   0.00085   15.0   0.0   2   3     0.024       1.1    4.8   0.0   164   197   229   261   223   293 0.77 -
ctg000001_P:316331-318451   -            707 2368at4891           -            707   0.00085   15.0   0.0   3   3       4.5     2e+02   -2.8   0.0   167   215   604   652   598   656 0.86 -
ctg000007_P:46186-48786     -            867 2368at4891           -            707     0.001   14.8   0.4   1   2     0.056       2.5    3.5   0.0   463   506     6    49     1    67 0.87 -
ctg000007_P:46186-48786     -            867 2368at4891           -            707     0.001   14.8   0.4   2   2    0.0044       0.2    7.2   0.0   168   208   278   318   261   336 0.82 -
ctg000002_P:264388-265083   -            232 2368at4891           -            707    0.0012   14.5   1.0   1   3   2.6e-05    0.0012   14.5   1.0   439   501    67   136    24   141 0.74 -
ctg000002_P:264388-265083   -            232 2368at4891           -            707    0.0012   14.5   1.0   2   3      0.25        11    1.4   0.1   469   499   146   174   141   191 0.79 -
ctg000002_P:264388-265083   -            232 2368at4891           -            707    0.0012   14.5   1.0   3   3      0.51        23    0.4   0.1   479   494   217   232   211   232 0.90 -
ctg000000_P:689845-693270   -           1142 2368at4891           -            707    0.0012   14.5   0.4   1   1    0.0001    0.0046   12.6   0.4   358   497    81   229    78   244 0.68 -
ctg000008_P:207899-209062   -            388 2368at4891           -            707    0.0014   14.3   0.5   1   2   0.00011    0.0051   12.4   0.3   358   508    29   190    25   203 0.85 -
ctg000008_P:207899-209062   -            388 2368at4891           -            707    0.0014   14.3   0.5   2   2       1.2        53   -0.8   0.0   397   415   305   323   291   327 0.82 -
ctg000009_P:222122-222682   -            187 2368at4891           -            707    0.0025   13.5   1.0   1   3      0.89        40   -0.4   0.1   473   493     9    28     1    31 0.77 -
ctg000009_P:222122-222682   -            187 2368at4891           -            707    0.0025   13.5   1.0   2   3   0.00052     0.023   10.2   0.1   463   517    39    96    31   138 0.71 -
ctg000009_P:222122-222682   -            187 2368at4891           -            707    0.0025   13.5   1.0   3   3      0.45        20    0.6   0.0   172   196   162   186   148   187 0.82 -
ctg000022_P:317551-319299   -            583 2368at4891           -            707    0.0072   11.9   0.8   1   2     0.003      0.13    7.7   0.3   198   289   229   323   221   367 0.62 -
ctg000022_P:317551-319299   -            583 2368at4891           -            707    0.0072   11.9   0.8   2   2      0.14         6    2.3   0.0   467   533   505   578   497   582 0.67 -
ctg000000_P:502361-503155   -            265 2368at4891           -            707    0.0073   11.9   0.1   1   1   0.00032     0.014   11.0   0.1   396   495    15   124     1   131 0.78 -
ctg000006_P:511276-512808   -            511 2368at4891           -            707     0.011   11.3   0.1   1   2      0.33        15    1.0   0.0   176   198   225   248   208   254 0.75 -
ctg000006_P:511276-512808   -            511 2368at4891           -            707     0.011   11.3   0.1   2   2    0.0062      0.28    6.7   0.1   400   496   338   448   312   452 0.66 -
ctg000107_P:66451-67743     -            431 2368at4891           -            707     0.018   10.6   0.1   1   2     0.027       1.2    4.6   0.0   481   499   221   239   200   250 0.86 -
ctg000107_P:66451-67743     -            431 2368at4891           -            707     0.018   10.6   0.1   2   2     0.057       2.5    3.5   0.0   431   477   317   363   275   389 0.63 -
ctg000000_P:983043-984008   -            322 2368at4891           -            707      0.03    9.9   9.9   1   4     0.098       4.4    2.7   0.2   446   493    42    82    12    86 0.79 -
ctg000000_P:983043-984008   -            322 2368at4891           -            707      0.03    9.9   9.9   2   4    0.0012     0.055    9.0   0.0   464   495   102   133    97   148 0.88 -
ctg000000_P:983043-984008   -            322 2368at4891           -            707      0.03    9.9   9.9   3   4      0.26        12    1.3   0.1   465   493   149   177   137   181 0.90 -
ctg000000_P:983043-984008   -            322 2368at4891           -            707      0.03    9.9   9.9   4   4       2.2     1e+02   -1.8   0.0   208   228   296   316   256   321 0.58 -
ctg000008_P:479917-481578   -            554 2368at4891           -            707     0.038    9.5   4.5   1   4       1.2        55   -0.9   0.3   319   377     6    66     2    72 0.75 -
ctg000008_P:479917-481578   -            554 2368at4891           -            707     0.038    9.5   4.5   2   4    0.0018     0.079    8.5   0.1   460   494   133   167   121   216 0.87 -
ctg000008_P:479917-481578   -            554 2368at4891           -            707     0.038    9.5   4.5   3   4       2.5   1.1e+02   -1.9   0.0   481   496   212   227   167   231 0.80 -
ctg000008_P:479917-481578   -            554 2368at4891           -            707     0.038    9.5   4.5   4   4      0.72        32   -0.1   0.0   343   379   345   381   318   408 0.63 -
#
# Program:         hmmsearch
# Version:         3.1b2 (February 2015)
# Pipeline mode:   SEARCH
# Query file:      /Users/dominiquefastus/DeNovoProj/BUSCO_ass/busco_downloads/lineages/saccharomycetes_odb10/hmms/2368at4891.hmm
# Target file:     /Users/dominiquefastus/DeNovoProj/BUSCO_ass/busco_out/run_saccharomycetes_odb10/metaeuk_output/initial_results/asm_ctgs_m.fa.modified.fas
# Option settings: hmmsearch --domtblout /Users/dominiquefastus/DeNovoProj/BUSCO_ass/busco_out/run_saccharomycetes_odb10/hmmer_output/initial_run_results/2368at4891.out --cpu 1 /Users/dominiquefastus/DeNovoProj/BUSCO_ass/busco_downloads/lineages/saccharomycetes_odb10/hmms/2368at4891.hmm /Users/dominiquefastus/DeNovoProj/BUSCO_ass/busco_out/run_saccharomycetes_odb10/metaeuk_output/initial_results/asm_ctgs_m.fa.modified.fas 
# Current dir:     /Users/dominiquefastus/DeNovoProj/BUSCO_ass
# Date:            Fri Feb 24 14:23:41 2023
# [ok]
