#                                                                                   --- full sequence --- -------------- this domain -------------   hmm coord   ali coord   env coord
# target name               accession   tlen query name           accession   qlen   E-value  score  bias   #  of  c-Evalue  i-Evalue  score  bias  from    to  from    to  from    to  acc description of target
#       ------------------- ---------- ----- -------------------- ---------- ----- --------- ------ ----- --- --- --------- --------- ------ ----- ----- ----- ----- ----- ----- ----- ---- ---------------------
ctg000006_P:345566-347899   -            778 2531at4891           -            500  1.2e-279  925.2  21.1   1   3   4.3e-60   2.1e-58  195.4   0.2     1   111   140   262   140   281 0.90 -
ctg000006_P:345566-347899   -            778 2531at4891           -            500  1.2e-279  925.2  21.1   2   3   1.1e-95   5.1e-94  312.9   3.7   110   296   290   512   284   525 0.91 -
ctg000006_P:345566-347899   -            778 2531at4891           -            500  1.2e-279  925.2  21.1   3   3  1.1e-128  5.4e-127  421.7   4.1   292   500   566   778   545   778 0.97 -
ctg000000_P:195018-198614   -           1199 2531at4891           -            500   1.1e-15   54.5   4.3   1   4   4.7e-12   2.3e-10   37.0   0.2   337   498    16   164     3   167 0.86 -
ctg000000_P:195018-198614   -           1199 2531at4891           -            500   1.1e-15   54.5   4.3   2   4   0.00016    0.0077   12.1   0.0   412   498   205   280   186   281 0.79 -
ctg000000_P:195018-198614   -           1199 2531at4891           -            500   1.1e-15   54.5   4.3   3   4   1.1e-05   0.00054   15.9   0.0   336   443   213   321   207   327 0.82 -
ctg000000_P:195018-198614   -           1199 2531at4891           -            500   1.1e-15   54.5   4.3   4   4       1.1        52   -0.5   0.1   264   314   467   515   438   582 0.71 -
ctg000007_P:201083-203473   -            797 2531at4891           -            500   3.2e-15   53.0   1.6   1   5    0.0063       0.3    6.9   0.0   203   239   521   557   502   567 0.82 -
ctg000007_P:201083-203473   -            797 2531at4891           -            500   3.2e-15   53.0   1.6   2   5      0.11       5.4    2.8   0.0   210   235   570   595   559   599 0.79 -
ctg000007_P:201083-203473   -            797 2531at4891           -            500   3.2e-15   53.0   1.6   3   5   3.4e-05    0.0016   14.4   0.0   208   242   610   644   598   648 0.86 -
ctg000007_P:201083-203473   -            797 2531at4891           -            500   3.2e-15   53.0   1.6   4   5   1.1e-06   5.2e-05   19.3   0.1   210   243   654   687   644   693 0.88 -
ctg000007_P:201083-203473   -            797 2531at4891           -            500   3.2e-15   53.0   1.6   5   5     0.045       2.1    4.1   0.0   209   237   696   724   689   728 0.88 -
ctg000005_P:675289-676623   -            445 2531at4891           -            500   2.9e-13   46.5   4.0   1   5   4.8e-06   0.00023   17.2   0.0   198   240   122   167   110   174 0.83 -
ctg000005_P:675289-676623   -            445 2531at4891           -            500   2.9e-13   46.5   4.0   2   5   0.00046     0.022   10.6   0.1   376   443   179   245   168   252 0.72 -
ctg000005_P:675289-676623   -            445 2531at4891           -            500   2.9e-13   46.5   4.0   3   5   4.8e-05    0.0023   13.9   0.1   354   437   241   324   239   328 0.86 -
ctg000005_P:675289-676623   -            445 2531at4891           -            500   2.9e-13   46.5   4.0   4   5       1.5        72   -1.0   0.0   207   241   344   377   337   400 0.76 -
ctg000005_P:675289-676623   -            445 2531at4891           -            500   2.9e-13   46.5   4.0   5   5     0.052       2.5    3.9   0.0   211   257   397   441   389   444 0.80 -
ctg000003_P:379491-382319   -            943 2531at4891           -            500   2.6e-12   43.4   6.0   1   5    0.0028      0.14    8.0   0.1   353   444   101   190    86   203 0.81 -
ctg000003_P:379491-382319   -            943 2531at4891           -            500   2.6e-12   43.4   6.0   2   5    0.0014     0.067    9.0   0.0   195   241   376   424   366   449 0.82 -
ctg000003_P:379491-382319   -            943 2531at4891           -            500   2.6e-12   43.4   6.0   3   5     0.017      0.83    5.4   0.0   354   405   453   505   428   510 0.68 -
ctg000003_P:379491-382319   -            943 2531at4891           -            500   2.6e-12   43.4   6.0   4   5   2.8e-05    0.0013   14.6   0.2   354   449   554   648   534   656 0.85 -
ctg000003_P:379491-382319   -            943 2531at4891           -            500   2.6e-12   43.4   6.0   5   5      0.05       2.4    3.9   0.0   207   237   657   687   646   702 0.81 -
ctg000007_P:594382-596901   -            840 2531at4891           -            500   7.3e-12   41.9   4.0   1   4    0.0019     0.091    8.6   0.1   209   236    19    46    13    53 0.90 -
ctg000007_P:594382-596901   -            840 2531at4891           -            500   7.3e-12   41.9   4.0   2   4   8.1e-08   3.9e-06   23.0   0.0   180   236    54   108    51   115 0.90 -
ctg000007_P:594382-596901   -            840 2531at4891           -            500   7.3e-12   41.9   4.0   3   4    0.0019     0.089    8.6   0.1   365   446   129   209   122   227 0.80 -
ctg000007_P:594382-596901   -            840 2531at4891           -            500   7.3e-12   41.9   4.0   4   4       1.7        80   -1.1   0.0   196   260   345   374   317   388 0.49 -
ctg000012_P:112251-115004   -            918 2531at4891           -            500   1.9e-11   40.5   3.5   1   7     0.001     0.048    9.5   0.1   208   352    56   211    41   223 0.76 -
ctg000012_P:112251-115004   -            918 2531at4891           -            500   1.9e-11   40.5   3.5   2   7    0.0048      0.23    7.3   0.0   328   391   256   320   237   333 0.77 -
ctg000012_P:112251-115004   -            918 2531at4891           -            500   1.9e-11   40.5   3.5   3   7     0.038       1.8    4.3   0.0   205   242   300   338   286   350 0.75 -
ctg000012_P:112251-115004   -            918 2531at4891           -            500   1.9e-11   40.5   3.5   4   7    0.0048      0.23    7.3   0.0   211   240   349   378   342   395 0.82 -
ctg000012_P:112251-115004   -            918 2531at4891           -            500   1.9e-11   40.5   3.5   5   7      0.19       8.9    2.0   0.0   208   241   388   421   378   426 0.80 -
ctg000012_P:112251-115004   -            918 2531at4891           -            500   1.9e-11   40.5   3.5   6   7     0.042         2    4.2   0.0   209   240   432   464   420   470 0.80 -
ctg000012_P:112251-115004   -            918 2531at4891           -            500   1.9e-11   40.5   3.5   7   7     0.032       1.5    4.6   0.0   209   260   475   522   469   551 0.79 -
ctg000012_P:74312-75004     -            231 2531at4891           -            500   4.2e-11   39.4   2.4   1   5   3.2e-05    0.0015   14.4   0.0   210   238     1    29     1    35 0.90 -
ctg000012_P:74312-75004     -            231 2531at4891           -            500   4.2e-11   39.4   2.4   2   5   0.00043     0.021   10.7   0.0   208   240    41    73    31    82 0.83 -
ctg000012_P:74312-75004     -            231 2531at4891           -            500   4.2e-11   39.4   2.4   3   5   0.00085     0.041    9.8   0.1   207   242    81   117    73   126 0.81 -
ctg000012_P:74312-75004     -            231 2531at4891           -            500   4.2e-11   39.4   2.4   4   5      0.99        47   -0.4   0.0   210   237   134   161   120   173 0.72 -
ctg000012_P:74312-75004     -            231 2531at4891           -            500   4.2e-11   39.4   2.4   5   5      0.45        22    0.8   0.0   199   240   175   218   166   224 0.76 -
ctg000000_P:983043-984008   -            322 2531at4891           -            500   5.2e-11   39.1   5.1   1   5       1.3        61   -0.7   0.0   241   268     8    36     2    48 0.72 -
ctg000000_P:983043-984008   -            322 2531at4891           -            500   5.2e-11   39.1   5.1   2   5     0.008      0.38    6.5   0.0   415   444    54    83    24    98 0.71 -
ctg000000_P:983043-984008   -            322 2531at4891           -            500   5.2e-11   39.1   5.1   3   5    0.0022       0.1    8.4   0.0   208   241   105   138    87   151 0.78 -
ctg000000_P:983043-984008   -            322 2531at4891           -            500   5.2e-11   39.1   5.1   4   5   1.9e-06   9.2e-05   18.5   0.3   376   449   153   229   141   274 0.80 -
ctg000000_P:983043-984008   -            322 2531at4891           -            500   5.2e-11   39.1   5.1   5   5     0.043       2.1    4.1   0.0   201   234   289   321   279   322 0.85 -
ctg000008_P:735513-736862   -            450 2531at4891           -            500   6.4e-11   38.8   0.5   1   3     0.015      0.72    5.6   0.0   375   444    80   148    61   156 0.80 -
ctg000008_P:735513-736862   -            450 2531at4891           -            500   6.4e-11   38.8   0.5   2   3    0.0013     0.064    9.1   0.0   207   264   162   224   151   233 0.73 -
ctg000008_P:735513-736862   -            450 2531at4891           -            500   6.4e-11   38.8   0.5   3   3   1.8e-08   8.4e-07   25.2   0.1   282   443   196   362   192   380 0.79 -
ctg000003_P:549498-551945   -            816 2531at4891           -            500   8.8e-11   38.3   0.9   1   6     0.059       2.8    3.7   0.0   209   249    63   103    52   131 0.73 -
ctg000003_P:549498-551945   -            816 2531at4891           -            500   8.8e-11   38.3   0.9   2   6      0.73        35    0.1   0.0   218   240   158   181   130   195 0.71 -
ctg000003_P:549498-551945   -            816 2531at4891           -            500   8.8e-11   38.3   0.9   3   6       6.8   3.2e+02   -3.1   0.0     7    27   252   272   250   274 0.90 -
ctg000003_P:549498-551945   -            816 2531at4891           -            500   8.8e-11   38.3   0.9   4   6    0.0026      0.12    8.2   0.0   167   236   345   417   340   447 0.75 -
ctg000003_P:549498-551945   -            816 2531at4891           -            500   8.8e-11   38.3   0.9   5   6    0.0047      0.23    7.3   0.0   184   239   467   523   456   529 0.81 -
ctg000003_P:549498-551945   -            816 2531at4891           -            500   8.8e-11   38.3   0.9   6   6   1.3e-05   0.00063   15.7   0.0   352   446   512   605   505   646 0.85 -
ctg000008_P:156612-157523   -            304 2531at4891           -            500   8.5e-10   35.1   1.8   1   3      0.53        25    0.5   0.0   222   240     6    24     2    58 0.68 -
ctg000008_P:156612-157523   -            304 2531at4891           -            500   8.5e-10   35.1   1.8   2   3   1.3e-05   0.00064   15.7   0.0   178   237    40   106    31   118 0.69 -
ctg000008_P:156612-157523   -            304 2531at4891           -            500   8.5e-10   35.1   1.8   3   3   1.6e-05   0.00075   15.5   0.1   335   498   120   278   110   280 0.80 -
ctg000012_P:93603-94601     -            333 2531at4891           -            500   6.9e-09   32.1   6.7   1   4   0.00064      0.03   10.2   0.0   210   254     7    57     3    66 0.75 -
ctg000012_P:93603-94601     -            333 2531at4891           -            500   6.9e-09   32.1   6.7   2   4     0.087       4.2    3.1   0.1   222   240    69    87    61   109 0.69 -
ctg000012_P:93603-94601     -            333 2531at4891           -            500   6.9e-09   32.1   6.7   3   4     0.042         2    4.1   0.1   216   241   105   130    87   145 0.68 -
ctg000012_P:93603-94601     -            333 2531at4891           -            500   6.9e-09   32.1   6.7   4   4   1.1e-05   0.00051   16.0   0.3   367   498   214   331   192   333 0.74 -
ctg000006_P:535604-536641   -            346 2531at4891           -            500   8.8e-09   31.7   0.3   1   4      0.22        11    1.8   0.0   412   445     6    39     2    45 0.85 -
ctg000006_P:535604-536641   -            346 2531at4891           -            500   8.8e-09   31.7   0.3   2   4   0.00068     0.032   10.1   0.0   208   278    53   128    47   159 0.71 -
ctg000006_P:535604-536641   -            346 2531at4891           -            500   8.8e-09   31.7   0.3   3   4   0.00054     0.026   10.4   0.2   383   444   163   224   145   253 0.80 -
ctg000006_P:535604-536641   -            346 2531at4891           -            500   8.8e-09   31.7   0.3   4   4     0.037       1.8    4.4   0.0   210   235   296   321   289   337 0.86 -
ctg000003_P:113154-114608   -            485 2531at4891           -            500   1.3e-08   31.2   1.2   1   2      0.11       5.4    2.7   0.0   221   241    82   102    67   112 0.84 -
ctg000003_P:113154-114608   -            485 2531at4891           -            500   1.3e-08   31.2   1.2   2   2   1.2e-08   5.7e-07   25.7   0.7   285   449   213   381   128   388 0.65 -
ctg000009_P:515858-516736   -            293 2531at4891           -            500   6.9e-08   28.8   0.4   1   4   0.00024     0.011   11.6   0.0   210   247    17    55    12    71 0.84 -
ctg000009_P:515858-516736   -            293 2531at4891           -            500   6.9e-08   28.8   0.4   2   4         1        49   -0.4   0.0   207   242    76   109    55   115 0.73 -
ctg000009_P:515858-516736   -            293 2531at4891           -            500   6.9e-08   28.8   0.4   3   4    0.0058      0.28    7.0   0.0   220   242   152   174   143   190 0.83 -
ctg000009_P:515858-516736   -            293 2531at4891           -            500   6.9e-08   28.8   0.4   4   4     0.019      0.92    5.3   0.0   217   261   189   237   176   248 0.68 -
ctg000107_P:181737-182555   -            273 2531at4891           -            500     8e-08   28.6   5.7   1   6      0.65        31    0.2   0.0   224   243     1    20     1    32 0.88 -
ctg000107_P:181737-182555   -            273 2531at4891           -            500     8e-08   28.6   5.7   2   6     0.018      0.87    5.4   0.1   211   242    30    59    13    69 0.69 -
ctg000107_P:181737-182555   -            273 2531at4891           -            500     8e-08   28.6   5.7   3   6    0.0011      0.05    9.4   0.1   201   241    58    97    56   115 0.81 -
ctg000107_P:181737-182555   -            273 2531at4891           -            500     8e-08   28.6   5.7   4   6    0.0031      0.15    7.9   0.0   208   251   106   151    96   158 0.78 -
ctg000107_P:181737-182555   -            273 2531at4891           -            500     8e-08   28.6   5.7   5   6      0.63        30    0.3   0.0   222   242   209   229   202   242 0.68 -
ctg000107_P:181737-182555   -            273 2531at4891           -            500     8e-08   28.6   5.7   6   6     0.022       1.1    5.1   0.0   216   242   243   269   231   272 0.82 -
ctg000000_P:689845-693270   -           1142 2531at4891           -            500   2.4e-07   27.0   0.2   1   1     9e-09   4.3e-07   26.2   0.2   301   443    76   225    61   236 0.78 -
ctg000007_P:236257-237153   -            299 2531at4891           -            500   5.9e-07   25.7   0.0   1   3   8.6e-05    0.0041   13.0   0.0   340   443     6   108     2   112 0.83 -
ctg000007_P:236257-237153   -            299 2531at4891           -            500   5.9e-07   25.7   0.0   2   3   7.1e-05    0.0034   13.3   0.0   378   446    86   154    73   164 0.85 -
ctg000007_P:236257-237153   -            299 2531at4891           -            500   5.9e-07   25.7   0.0   3   3     0.075       3.6    3.3   0.0   213   250   180   217   173   228 0.82 -
ctg000022_P:213435-214070   -            212 2531at4891           -            500     6e-07   25.7   0.8   1   3    0.0081      0.39    6.5   0.0   208   242     3    35     1    45 0.87 -
ctg000022_P:213435-214070   -            212 2531at4891           -            500     6e-07   25.7   0.8   2   3   0.00072     0.035   10.0   0.0   220   243    77   100    62   119 0.75 -
ctg000022_P:213435-214070   -            212 2531at4891           -            500     6e-07   25.7   0.8   3   3    0.0054      0.26    7.1   0.0   214   239   111   136   100   165 0.82 -
ctg000003_P:904315-907116   -            934 2531at4891           -            500   7.1e-07   25.5   0.2   1   2   3.6e-05    0.0017   14.3   0.0   351   445   475   567   456   576 0.90 -
ctg000003_P:904315-907116   -            934 2531at4891           -            500   7.1e-07   25.5   0.2   2   2    0.0022       0.1    8.4   0.0   207   248   580   621   573   642 0.82 -
ctg000002_P:257741-259117   -            459 2531at4891           -            500   1.5e-06   24.3   0.3   1   3   0.00014    0.0068   12.3   0.0   373   445   103   172    96   182 0.82 -
ctg000002_P:257741-259117   -            459 2531at4891           -            500   1.5e-06   24.3   0.3   2   3       8.3     4e+02   -3.4   0.0   225   242   306   323   290   336 0.83 -
ctg000002_P:257741-259117   -            459 2531at4891           -            500   1.5e-06   24.3   0.3   3   3    0.0011     0.052    9.4   0.0   212   268   380   441   364   454 0.68 -
ctg000005_P:859210-860166   -            319 2531at4891           -            500   1.7e-06   24.2   0.0   1   2   4.4e-06   0.00021   17.3   0.0   386   444    54   113    35   124 0.87 -
ctg000005_P:859210-860166   -            319 2531at4891           -            500   1.7e-06   24.2   0.0   2   2     0.032       1.5    4.6   0.0   394   440   169   216   142   227 0.74 -
ctg000005_P:54978-56366     -            463 2531at4891           -            500   2.7e-06   23.5   1.9   1   5      0.18       8.6    2.1   0.0   173   254   141   227   123   230 0.69 -
ctg000005_P:54978-56366     -            463 2531at4891           -            500   2.7e-06   23.5   1.9   2   5   0.00073     0.035   10.0   0.0   363   452   207   300   197   333 0.70 -
ctg000005_P:54978-56366     -            463 2531at4891           -            500   2.7e-06   23.5   1.9   3   5    0.0074      0.35    6.7   0.1   208   236   349   377   304   377 0.80 -
ctg000005_P:54978-56366     -            463 2531at4891           -            500   2.7e-06   23.5   1.9   4   5    0.0029      0.14    8.0   0.1   208   238   349   379   334   396 0.86 -
ctg000005_P:54978-56366     -            463 2531at4891           -            500   2.7e-06   23.5   1.9   5   5      0.51        24    0.6   0.1   206   234   435   463   426   463 0.90 -
ctg000001_P:1020946-1022133 -            396 2531at4891           -            500   4.3e-06   22.9   0.0   1   3     0.027       1.3    4.8   0.0   212   244   191   222   183   239 0.82 -
ctg000001_P:1020946-1022133 -            396 2531at4891           -            500   4.3e-06   22.9   0.0   2   3    0.0043       0.2    7.4   0.0   185   237   211   266   203   278 0.83 -
ctg000001_P:1020946-1022133 -            396 2531at4891           -            500   4.3e-06   22.9   0.0   3   3    0.0003     0.015   11.2   0.0   209   276   293   361   285   374 0.79 -
ctg000001_P:195095-197449   -            785 2531at4891           -            500   4.7e-06   22.8   2.5   1   5    0.0021       0.1    8.5   0.1   380   451    22    94     8   100 0.79 -
ctg000001_P:195095-197449   -            785 2531at4891           -            500   4.7e-06   22.8   2.5   2   5   0.00028     0.013   11.4   0.5   210   334    62   195    60   307 0.86 -
ctg000001_P:195095-197449   -            785 2531at4891           -            500   4.7e-06   22.8   2.5   3   5      0.74        35    0.1   0.0   474   498   388   412   381   414 0.85 -
ctg000001_P:195095-197449   -            785 2531at4891           -            500   4.7e-06   22.8   2.5   4   5      0.64        31    0.3   0.0    22    46   459   483   439   489 0.85 -
ctg000001_P:195095-197449   -            785 2531at4891           -            500   4.7e-06   22.8   2.5   5   5      0.32        15    1.3   0.0   354   471   586   712   568   732 0.66 -
ctg000014_P:161740-163014   -            425 2531at4891           -            500   7.6e-06   22.1   0.0   1   3     0.031       1.5    4.6   0.0   203   241    22    60     9    64 0.83 -
ctg000014_P:161740-163014   -            425 2531at4891           -            500   7.6e-06   22.1   0.0   2   3     0.016      0.74    5.6   0.0   371   415    70   114    61   118 0.88 -
ctg000014_P:161740-163014   -            425 2531at4891           -            500   7.6e-06   22.1   0.0   3   3    0.0032      0.15    7.9   0.0   204   263   211   280   200   291 0.78 -
ctg000001_P:612668-613378   -            237 2531at4891           -            500     1e-05   21.6   0.1   1   1   1.1e-06   5.2e-05   19.3   0.0   353   447    19   111    10   153 0.86 -
ctg000001_P:853361-855415   -            685 2531at4891           -            500   1.1e-05   21.5   0.0   1   1   3.7e-07   1.8e-05   20.8   0.0   338   449     3   118     1   151 0.88 -
ctg000001_P:814425-815267   -            281 2531at4891           -            500   2.3e-05   20.5   0.4   1   3      0.11       5.5    2.7   0.2   203   240    18    55    13    90 0.73 -
ctg000001_P:814425-815267   -            281 2531at4891           -            500   2.3e-05   20.5   0.4   2   3   7.4e-05    0.0036   13.2   0.0   206   259   105   166    88   176 0.75 -
ctg000001_P:814425-815267   -            281 2531at4891           -            500   2.3e-05   20.5   0.4   3   3      0.56        27    0.5   0.0   206   238   245   277   234   280 0.82 -
ctg000001_P:958519-960096   -            526 2531at4891           -            500   2.4e-05   20.4   0.5   1   4     0.016      0.74    5.6   0.0   205   241    23    59    13    71 0.86 -
ctg000001_P:958519-960096   -            526 2531at4891           -            500   2.4e-05   20.4   0.5   2   4       2.8   1.4e+02   -1.9   0.0   269   323   112   168    83   208 0.71 -
ctg000001_P:958519-960096   -            526 2531at4891           -            500   2.4e-05   20.4   0.5   3   4    0.0009     0.043    9.7   0.0   333   417   234   335   223   350 0.69 -
ctg000001_P:958519-960096   -            526 2531at4891           -            500   2.4e-05   20.4   0.5   4   4       1.6        78   -1.1   0.0   471   491   497   517   488   522 0.73 -
ctg000009_P:411260-412237   -            326 2531at4891           -            500   4.1e-05   19.6   0.0   1   3    0.0017     0.084    8.7   0.0   330   406    65   143    25   148 0.68 -
ctg000009_P:411260-412237   -            326 2531at4891           -            500   4.1e-05   19.6   0.0   2   3      0.13       6.3    2.5   0.0   211   244   202   235   176   240 0.87 -
ctg000009_P:411260-412237   -            326 2531at4891           -            500   4.1e-05   19.6   0.0   3   3     0.084         4    3.2   0.0   382   442   256   323   247   326 0.72 -
ctg000005_P:740270-743305   -           1012 2531at4891           -            500   4.8e-05   19.4   1.5   1   4      0.28        13    1.4   0.0   287   375    43   135    24   146 0.67 -
ctg000005_P:740270-743305   -           1012 2531at4891           -            500   4.8e-05   19.4   1.5   2   4   0.00019    0.0092   11.9   0.1   208   243   180   215   171   287 0.77 -
ctg000005_P:740270-743305   -           1012 2531at4891           -            500   4.8e-05   19.4   1.5   3   4       4.4   2.1e+02   -2.5   0.0   386   468   481   566   469   571 0.69 -
ctg000005_P:740270-743305   -           1012 2531at4891           -            500   4.8e-05   19.4   1.5   4   4       2.3   1.1e+02   -1.6   0.1   219   245   948   974   935   993 0.73 -
ctg000013_P:74841-75815     -            325 2531at4891           -            500   5.7e-05   19.2   0.2   1   3      0.41        19    0.9   0.0   343   370    98   125    76   160 0.82 -
ctg000013_P:74841-75815     -            325 2531at4891           -            500   5.7e-05   19.2   0.2   2   3   1.7e-05    0.0008   15.4   0.0   207   245   242   281   229   310 0.81 -
ctg000013_P:74841-75815     -            325 2531at4891           -            500   5.7e-05   19.2   0.2   3   3       1.8        85   -1.2   0.0   207   236   287   316   281   321 0.84 -
ctg000007_P:370295-371899   -            535 2531at4891           -            500   7.2e-05   18.8   0.2   1   2    0.0004     0.019   10.8   0.1   195   272   208   291   199   351 0.70 -
ctg000007_P:370295-371899   -            535 2531at4891           -            500   7.2e-05   18.8   0.2   2   2      0.03       1.4    4.6   0.0   210   235   362   387   354   409 0.73 -
ctg000000_P:1183362-1184591 -            410 2531at4891           -            500   9.6e-05   18.4   0.3   1   2     0.031       1.5    4.6   0.0   385   445   130   190   114   204 0.67 -
ctg000000_P:1183362-1184591 -            410 2531at4891           -            500   9.6e-05   18.4   0.3   2   2    0.0003     0.014   11.3   0.1   335   422   251   342   216   408 0.76 -
ctg000003_P:529749-530594   -            282 2531at4891           -            500   0.00013   18.0   0.0   1   2   1.5e-05   0.00073   15.5   0.0   335   458     5   134     2   180 0.73 -
ctg000003_P:529749-530594   -            282 2531at4891           -            500   0.00013   18.0   0.0   2   2       1.1        54   -0.5   0.0   244   257   197   210   161   235 0.51 -
ctg000010_P:287694-288548   -            285 2531at4891           -            500   0.00014   17.9   1.1   1   4     0.075       3.6    3.3   0.0   218   246    15    45     5    53 0.75 -
ctg000010_P:287694-288548   -            285 2531at4891           -            500   0.00014   17.9   1.1   2   4      0.04       1.9    4.2   0.0   201   236    38    77    36    84 0.79 -
ctg000010_P:287694-288548   -            285 2531at4891           -            500   0.00014   17.9   1.1   3   4    0.0024      0.12    8.3   0.1   382   498   120   240   109   242 0.64 -
ctg000010_P:287694-288548   -            285 2531at4891           -            500   0.00014   17.9   1.1   4   4       0.4        19    0.9   0.0   218   238   224   244   206   270 0.78 -
ctg000002_P:264388-265083   -            232 2531at4891           -            500    0.0002   17.4   1.7   1   2     0.021         1    5.2   0.3   418   478     3    56     1    80 0.55 -
ctg000002_P:264388-265083   -            232 2531at4891           -            500    0.0002   17.4   1.7   2   2    0.0002    0.0097   11.8   0.3   302   396    62   164    57   170 0.71 -
ctg000013_P:154085-154729   -            215 2531at4891           -            500   0.00027   16.9   1.1   1   4      0.69        33    0.1   0.0   218   237    15    34     5    43 0.80 -
ctg000013_P:154085-154729   -            215 2531at4891           -            500   0.00027   16.9   1.1   2   4    0.0097      0.46    6.3   0.1   218   240    56    78    45    89 0.79 -
ctg000013_P:154085-154729   -            215 2531at4891           -            500   0.00027   16.9   1.1   3   4      0.02      0.94    5.3   0.0   201   236    79   118    76   131 0.79 -
ctg000013_P:154085-154729   -            215 2531at4891           -            500   0.00027   16.9   1.1   4   4      0.14       6.6    2.5   0.0   215   240   160   185   143   215 0.59 -
ctg000009_P:404496-405719   -            408 2531at4891           -            500   0.00039   16.4   0.3   1   3      0.37        18    1.0   0.0   218   241    55    78    37    98 0.70 -
ctg000009_P:404496-405719   -            408 2531at4891           -            500   0.00039   16.4   0.3   2   3    0.0074      0.35    6.7   0.0   207   242   143   178   129   198 0.85 -
ctg000009_P:404496-405719   -            408 2531at4891           -            500   0.00039   16.4   0.3   3   3     0.076       3.6    3.3   0.0   216   242   305   331   285   343 0.83 -
ctg000001_P:791639-792679   -            347 2531at4891           -            500    0.0004   16.4   0.6   1   3      0.16       7.8    2.2   0.1   351   443    29    84     3   159 0.59 -
ctg000001_P:791639-792679   -            347 2531at4891           -            500    0.0004   16.4   0.6   2   3     0.034       1.6    4.5   0.0   210   237   215   246   202   250 0.78 -
ctg000001_P:791639-792679   -            347 2531at4891           -            500    0.0004   16.4   0.6   3   3    0.0099      0.47    6.2   0.0   208   237   305   334   298   344 0.85 -
ctg000022_P:317551-319299   -            583 2531at4891           -            500   0.00041   16.4   0.0   1   3     0.016      0.75    5.6   0.0   472   498   238   264   193   286 0.58 -
ctg000022_P:317551-319299   -            583 2531at4891           -            500   0.00041   16.4   0.0   2   3         4   1.9e+02   -2.4   0.0   217   235   466   484   458   487 0.82 -
ctg000022_P:317551-319299   -            583 2531at4891           -            500   0.00041   16.4   0.0   3   3    0.0039      0.19    7.6   0.0   208   236   552   580   526   582 0.83 -
ctg000003_P:955064-957016   -            651 2531at4891           -            500   0.00065   15.7   0.2   1   2     0.011      0.52    6.1   0.1   413   499    78   169    68   172 0.69 -
ctg000003_P:955064-957016   -            651 2531at4891           -            500   0.00065   15.7   0.2   2   2      0.01      0.49    6.2   0.0   206   239   181   214   175   224 0.86 -
ctg000006_P:472399-472884   -            162 2531at4891           -            500    0.0022   13.9   0.3   1   1   9.2e-05    0.0044   12.9   0.3   374   443    67   135    19   146 0.86 -
ctg000006_P:423485-425329   -            615 2531at4891           -            500    0.0027   13.6   0.9   1   2      0.01      0.49    6.2   0.1   221   262   266   310   253   350 0.71 -
ctg000006_P:423485-425329   -            615 2531at4891           -            500    0.0027   13.6   0.9   2   2      0.09       4.3    3.1   0.0   212   255   493   542   485   551 0.80 -
ctg000010_P:252121-253755   -            545 2531at4891           -            500    0.0034   13.3   0.0   1   1   0.00013    0.0064   12.4   0.0   208   244   267   303   255   334 0.83 -
ctg000006_P:442699-443643   -            315 2531at4891           -            500    0.0043   13.0   1.1   1   3     0.022         1    5.1   0.0   222   239     1    17     1    33 0.80 -
ctg000006_P:442699-443643   -            315 2531at4891           -            500    0.0043   13.0   1.1   2   3     0.078       3.8    3.3   0.1   473   498    93   117    82   119 0.84 -
ctg000006_P:442699-443643   -            315 2531at4891           -            500    0.0043   13.0   1.1   3   3      0.57        27    0.4   0.0   347   370   257   281   246   313 0.61 -
ctg000001_P:614163-614933   -            257 2531at4891           -            500    0.0047   12.8   0.1   1   1    0.0004     0.019   10.8   0.1   374   443    73   141    34   152 0.64 -
ctg000007_P:208156-208974   -            273 2531at4891           -            500    0.0055   12.6   2.2   1   3      0.24        12    1.6   0.0   429   495    70   131    57   140 0.77 -
ctg000007_P:208156-208974   -            273 2531at4891           -            500    0.0055   12.6   2.2   2   3      0.13       6.2    2.6   0.0   202   243   191   234   178   237 0.75 -
ctg000007_P:208156-208974   -            273 2531at4891           -            500    0.0055   12.6   2.2   3   3     0.011      0.54    6.0   0.2   471   498   240   268   235   270 0.82 -
ctg000006_P:63382-64761     -            460 2531at4891           -            500     0.013   11.4   0.0   1   3         4   1.9e+02   -2.4   0.0   483   498    27    42    15    44 0.77 -
ctg000006_P:63382-64761     -            460 2531at4891           -            500     0.013   11.4   0.0   2   3    0.0056      0.27    7.0   0.0   411   444    66    99    58   114 0.82 -
ctg000006_P:63382-64761     -            460 2531at4891           -            500     0.013   11.4   0.0   3   3      0.37        18    1.0   0.0   340   394   153   208   124   229 0.54 -
ctg000007_P:127180-128319   -            380 2531at4891           -            500     0.014   11.3   0.1   1   3     0.075       3.6    3.3   0.0   331   443    14   130     2   150 0.73 -
ctg000007_P:127180-128319   -            380 2531at4891           -            500     0.014   11.3   0.1   2   3     0.019      0.93    5.3   0.0   209   235   151   177   147   197 0.88 -
ctg000007_P:127180-128319   -            380 2531at4891           -            500     0.014   11.3   0.1   3   3       3.9   1.9e+02   -2.3   0.0   196   234   199   237   190   242 0.81 -
ctg000024_P:5353-6492       -            380 2531at4891           -            500     0.014   11.3   0.1   1   3     0.075       3.6    3.3   0.0   331   443    14   130     2   150 0.73 -
ctg000024_P:5353-6492       -            380 2531at4891           -            500     0.014   11.3   0.1   2   3     0.019      0.93    5.3   0.0   209   235   151   177   147   197 0.88 -
ctg000024_P:5353-6492       -            380 2531at4891           -            500     0.014   11.3   0.1   3   3       3.9   1.9e+02   -2.3   0.0   196   234   199   237   190   242 0.81 -
ctg000002_P:705774-706781   -            336 2531at4891           -            500     0.022   10.6   0.0   1   3      0.33        16    1.2   0.0   376   458    13    87     4   127 0.61 -
ctg000002_P:705774-706781   -            336 2531at4891           -            500     0.022   10.6   0.0   2   3     0.011      0.54    6.1   0.0   383   498   157   277   134   279 0.78 -
ctg000002_P:705774-706781   -            336 2531at4891           -            500     0.022   10.6   0.0   3   3     0.013      0.64    5.8   0.0   210   264   253   313   235   329 0.71 -
ctg000107_P:66451-67743     -            431 2531at4891           -            500     0.024   10.5   0.0   1   2    0.0095      0.46    6.3   0.0   401   444    50    93    36    98 0.87 -
ctg000107_P:66451-67743     -            431 2531at4891           -            500     0.024   10.5   0.0   2   2      0.41        20    0.9   0.0   220   245   219   244   207   257 0.84 -
ctg000002_P:347755-349020   -            422 2531at4891           -            500     0.043    9.7   1.1   1   5      0.36        17    1.1   0.0   135   239    11   124     7   150 0.69 -
ctg000002_P:347755-349020   -            422 2531at4891           -            500     0.043    9.7   1.1   2   5       6.3     3e+02   -3.0   0.0   203   242   175   215   168   224 0.63 -
ctg000002_P:347755-349020   -            422 2531at4891           -            500     0.043    9.7   1.1   3   5      0.54        26    0.5   0.0   206   238   269   301   256   307 0.79 -
ctg000002_P:347755-349020   -            422 2531at4891           -            500     0.043    9.7   1.1   4   5       1.2        59   -0.7   0.1   202   262   344   409   335   411 0.69 -
ctg000002_P:347755-349020   -            422 2531at4891           -            500     0.043    9.7   1.1   5   5     0.064       3.1    3.6   0.1   206   234   390   418   382   420 0.93 -
#
# Program:         hmmsearch
# Version:         3.1b2 (February 2015)
# Pipeline mode:   SEARCH
# Query file:      /Users/dominiquefastus/DeNovoProj/BUSCO_ass/busco_downloads/lineages/saccharomycetes_odb10/hmms/2531at4891.hmm
# Target file:     /Users/dominiquefastus/DeNovoProj/BUSCO_ass/busco_out/run_saccharomycetes_odb10/metaeuk_output/initial_results/asm_ctgs_m.fa.modified.fas
# Option settings: hmmsearch --domtblout /Users/dominiquefastus/DeNovoProj/BUSCO_ass/busco_out/run_saccharomycetes_odb10/hmmer_output/initial_run_results/2531at4891.out --cpu 1 /Users/dominiquefastus/DeNovoProj/BUSCO_ass/busco_downloads/lineages/saccharomycetes_odb10/hmms/2531at4891.hmm /Users/dominiquefastus/DeNovoProj/BUSCO_ass/busco_out/run_saccharomycetes_odb10/metaeuk_output/initial_results/asm_ctgs_m.fa.modified.fas 
# Current dir:     /Users/dominiquefastus/DeNovoProj/BUSCO_ass
# Date:            Fri Feb 24 14:24:14 2023
# [ok]
