#                                                                                   --- full sequence --- -------------- this domain -------------   hmm coord   ali coord   env coord
# target name               accession   tlen query name           accession   qlen   E-value  score  bias   #  of  c-Evalue  i-Evalue  score  bias  from    to  from    to  from    to  acc description of target
#       ------------------- ---------- ----- -------------------- ---------- ----- --------- ------ ----- --- --- --------- --------- ------ ----- ----- ----- ----- ----- ----- ----- ---- ---------------------
ctg000001_P:1020946-1022133 -            396 33087at4891          -            218   1.2e-57  192.3   9.4   1   3   1.4e-15   5.1e-14   49.7   1.4     1    63    13    99    13   113 0.71 -
ctg000001_P:1020946-1022133 -            396 33087at4891          -            218   1.2e-57  192.3   9.4   2   3     1e-33   3.7e-32  109.0   0.7    69   185   184   331   177   337 0.84 -
ctg000001_P:1020946-1022133 -            396 33087at4891          -            218   1.2e-57  192.3   9.4   3   3     2e-10   6.9e-09   32.9   0.0   183   217   355   396   345   396 0.83 -
ctg000003_P:379491-382319   -            943 33087at4891          -            218   4.8e-34  115.1  23.4   1   9       3.8   1.3e+02   -0.7   0.0   144   182    22    62    13    64 0.63 -
ctg000003_P:379491-382319   -            943 33087at4891          -            218   4.8e-34  115.1  23.4   2   9   4.6e-07   1.6e-05   21.9   0.2   114   174    91   150    87   156 0.92 -
ctg000003_P:379491-382319   -            943 33087at4891          -            218   4.8e-34  115.1  23.4   3   9    0.0013     0.047   10.6   0.2   153   183   170   200   151   204 0.64 -
ctg000003_P:379491-382319   -            943 33087at4891          -            218   4.8e-34  115.1  23.4   4   9    0.0008     0.028   11.3   0.1   142   200   201   257   198   285 0.78 -
ctg000003_P:379491-382319   -            943 33087at4891          -            218   4.8e-34  115.1  23.4   5   9   0.00046     0.016   12.1   0.0    90   185   325   430   312   435 0.77 -
ctg000003_P:379491-382319   -            943 33087at4891          -            218   4.8e-34  115.1  23.4   6   9   2.8e-08   9.9e-07   25.8   0.0   109   177   436   505   432   514 0.91 -
ctg000003_P:379491-382319   -            943 33087at4891          -            218   4.8e-34  115.1  23.4   7   9   3.6e-05    0.0013   15.7   0.0   104   178   532   606   504   611 0.83 -
ctg000003_P:379491-382319   -            943 33087at4891          -            218   4.8e-34  115.1  23.4   8   9   7.5e-05    0.0027   14.6   0.1   141   181   611   651   604   653 0.92 -
ctg000003_P:379491-382319   -            943 33087at4891          -            218   4.8e-34  115.1  23.4   9   9   0.00014    0.0051   13.7   0.2   141   176   653   688   649   695 0.89 -
ctg000012_P:93603-94601     -            333 33087at4891          -            218   5.9e-31  105.0  10.7   1   6   1.1e-07   3.9e-06   23.9   0.1   143   179     2    38     1    43 0.91 -
ctg000012_P:93603-94601     -            333 33087at4891          -            218   5.9e-31  105.0  10.7   2   6     4e-05    0.0014   15.5   0.0   133   184    35    93    33   105 0.76 -
ctg000012_P:93603-94601     -            333 33087at4891          -            218   5.9e-31  105.0  10.7   3   6   8.1e-05    0.0029   14.5   0.2   143   193    94   143    89   160 0.82 -
ctg000012_P:93603-94601     -            333 33087at4891          -            218   5.9e-31  105.0  10.7   4   6   1.7e-07   5.9e-06   23.3   0.0   114   182   189   257   170   260 0.81 -
ctg000012_P:93603-94601     -            333 33087at4891          -            218   5.9e-31  105.0  10.7   5   6   9.6e-07   3.4e-05   20.8   0.1   143   178   260   295   251   301 0.89 -
ctg000012_P:93603-94601     -            333 33087at4891          -            218   5.9e-31  105.0  10.7   6   6   0.00029      0.01   12.7   0.1   143   173   302   332   295   333 0.91 -
ctg000008_P:156612-157523   -            304 33087at4891          -            218   1.6e-28   97.1   4.6   1   5    0.0054      0.19    8.6   0.0   159   185     5    31     2    36 0.86 -
ctg000008_P:156612-157523   -            304 33087at4891          -            218   1.6e-28   97.1   4.6   2   5   1.3e-09   4.6e-08   30.2   0.0   110   176    40   107    31   113 0.83 -
ctg000008_P:156612-157523   -            304 33087at4891          -            218   1.6e-28   97.1   4.6   3   5   0.00089     0.032   11.1   0.0   142   182   114   154   110   159 0.84 -
ctg000008_P:156612-157523   -            304 33087at4891          -            218   1.6e-28   97.1   4.6   4   5   8.4e-07     3e-05   21.0   0.0   112   177   170   240   161   249 0.80 -
ctg000008_P:156612-157523   -            304 33087at4891          -            218   1.6e-28   97.1   4.6   5   5     9e-08   3.2e-06   24.2   0.2   143   181   249   287   241   291 0.92 -
ctg000012_P:112251-115004   -            918 33087at4891          -            218   1.7e-27   93.7  13.0   1   8     0.022      0.77    6.6   0.0   126   183    37    93    19   111 0.76 -
ctg000012_P:112251-115004   -            918 33087at4891          -            218   1.7e-27   93.7  13.0   2   8    0.0005     0.018   12.0   0.2   142   181   143   182    89   188 0.80 -
ctg000012_P:112251-115004   -            918 33087at4891          -            218   1.7e-27   93.7  13.0   3   8    0.0036      0.13    9.1   0.1   142   177   188   223   181   229 0.89 -
ctg000012_P:112251-115004   -            918 33087at4891          -            218   1.7e-27   93.7  13.0   4   8     0.023      0.83    6.5   0.0   103   163   260   320   247   323 0.80 -
ctg000012_P:112251-115004   -            918 33087at4891          -            218   1.7e-27   93.7  13.0   5   8   6.2e-06   0.00022   18.2   0.1   114   182   314   382   303   385 0.82 -
ctg000012_P:112251-115004   -            918 33087at4891          -            218   1.7e-27   93.7  13.0   6   8    0.0001    0.0036   14.2   0.0   143   177   385   419   380   433 0.86 -
ctg000012_P:112251-115004   -            918 33087at4891          -            218   1.7e-27   93.7  13.0   7   8   1.1e-08   3.9e-07   27.2   0.1   116   179   445   507   431   516 0.85 -
ctg000012_P:112251-115004   -            918 33087at4891          -            218   1.7e-27   93.7  13.0   8   8      0.33        11    2.7   0.0   114   144   527   555   510   615 0.75 -
ctg000012_P:74312-75004     -            231 33087at4891          -            218   1.1e-25   87.9   1.9   1   4   8.9e-13   3.1e-11   40.5   0.0   106   185     1    80     1    88 0.94 -
ctg000012_P:74312-75004     -            231 33087at4891          -            218   1.1e-25   87.9   1.9   2   4    0.0032      0.11    9.3   0.0   156   176    93   113    84   122 0.89 -
ctg000012_P:74312-75004     -            231 33087at4891          -            218   1.1e-25   87.9   1.9   3   4   4.4e-07   1.5e-05   21.9   0.1   140   182   126   168   115   176 0.89 -
ctg000012_P:74312-75004     -            231 33087at4891          -            218   1.1e-25   87.9   1.9   4   4   0.00067     0.024   11.5   0.0   139   176   179   216   173   223 0.89 -
ctg000003_P:549498-551945   -            816 33087at4891          -            218   1.6e-25   87.3  13.9   1   8       0.1       3.7    4.4   0.0   125   196    39   112    12   114 0.79 -
ctg000003_P:549498-551945   -            816 33087at4891          -            218   1.6e-25   87.3  13.9   2   8   1.6e-07   5.8e-06   23.3   0.1    88   184    93   187    90   199 0.82 -
ctg000003_P:549498-551945   -            816 33087at4891          -            218   1.6e-25   87.3  13.9   3   8      0.11         4    4.2   0.0   158   187   209   238   189   265 0.79 -
ctg000003_P:549498-551945   -            816 33087at4891          -            218   1.6e-25   87.3  13.9   4   8      0.35        12    2.7   0.1   143   180   386   423   380   440 0.85 -
ctg000003_P:549498-551945   -            816 33087at4891          -            218   1.6e-25   87.3  13.9   5   8   1.2e-06   4.2e-05   20.5   0.0   139   183   485   529   472   533 0.89 -
ctg000003_P:549498-551945   -            816 33087at4891          -            218   1.6e-25   87.3  13.9   6   8   0.00035     0.012   12.5   0.1   144   183   532   571   529   573 0.89 -
ctg000003_P:549498-551945   -            816 33087at4891          -            218   1.6e-25   87.3  13.9   7   8   4.8e-06   0.00017   18.6   0.0   143   183   573   613   566   615 0.91 -
ctg000003_P:549498-551945   -            816 33087at4891          -            218   1.6e-25   87.3  13.9   8   8     0.048       1.7    5.5   0.1   144   212   616   695   614   697 0.66 -
ctg000005_P:54978-56366     -            463 33087at4891          -            218   1.2e-22   77.9   5.3   1   5   0.00013    0.0047   13.8   0.1   112   178   229   297   170   302 0.77 -
ctg000005_P:54978-56366     -            463 33087at4891          -            218   1.2e-22   77.9   5.3   2   5   1.1e-06   3.8e-05   20.7   0.0   142   183   303   344   296   346 0.91 -
ctg000005_P:54978-56366     -            463 33087at4891          -            218   1.2e-22   77.9   5.3   3   5   1.5e-07   5.3e-06   23.5   0.0   128   182   332   385   331   390 0.90 -
ctg000005_P:54978-56366     -            463 33087at4891          -            218   1.2e-22   77.9   5.3   4   5   0.00022    0.0077   13.1   0.0   142   176   389   425   382   432 0.85 -
ctg000005_P:54978-56366     -            463 33087at4891          -            218   1.2e-22   77.9   5.3   5   5   0.00053     0.019   11.9   0.2   143   172   434   463   426   463 0.92 -
ctg000007_P:201083-203473   -            797 33087at4891          -            218   5.4e-22   75.7   5.1   1   5       0.8        28    1.5   0.0   150   175   471   496   455   506 0.75 -
ctg000007_P:201083-203473   -            797 33087at4891          -            218   5.4e-22   75.7   5.1   2   5   2.9e-06    0.0001   19.2   0.0   142   179   522   559   504   564 0.89 -
ctg000007_P:201083-203473   -            797 33087at4891          -            218   5.4e-22   75.7   5.1   3   5    0.0021     0.075    9.9   0.0   142   175   564   597   557   600 0.88 -
ctg000007_P:201083-203473   -            797 33087at4891          -            218   5.4e-22   75.7   5.1   4   5    0.0056       0.2    8.5   0.0   146   179   610   643   603   648 0.85 -
ctg000007_P:201083-203473   -            797 33087at4891          -            218   5.4e-22   75.7   5.1   5   5   9.3e-11   3.3e-09   33.9   0.0   113   179   662   728   651   733 0.89 -
ctg000000_P:195018-198614   -           1199 33087at4891          -            218   1.4e-21   74.4   2.2   1   5   1.3e-06   4.4e-05   20.4   0.0   109   183    17    91     5    98 0.87 -
ctg000000_P:195018-198614   -           1199 33087at4891          -            218   1.4e-21   74.4   2.2   2   5   6.8e-09   2.4e-07   27.9   0.2   105   176    97   168    92   182 0.84 -
ctg000000_P:195018-198614   -           1199 33087at4891          -            218   1.4e-21   74.4   2.2   3   5      0.28       9.8    3.0   0.0   142   177   206   241   184   249 0.80 -
ctg000000_P:195018-198614   -           1199 33087at4891          -            218   1.4e-21   74.4   2.2   4   5   1.2e-05   0.00042   17.3   0.0   117   183   223   291   210   322 0.83 -
ctg000000_P:195018-198614   -           1199 33087at4891          -            218   1.4e-21   74.4   2.2   5   5      0.37        13    2.6   0.0   105   161   456   508   430   517 0.71 -
ctg000000_P:983043-984008   -            322 33087at4891          -            218   2.6e-19   67.0  12.3   1   6   3.7e-07   1.3e-05   22.2   0.1   107   177    15    87     4    99 0.81 -
ctg000000_P:983043-984008   -            322 33087at4891          -            218   2.6e-19   67.0  12.3   2   6   5.6e-06    0.0002   18.3   0.3   143   178   102   137    91   148 0.84 -
ctg000000_P:983043-984008   -            322 33087at4891          -            218   2.6e-19   67.0  12.3   3   6   8.1e-05    0.0028   14.5   0.2   143   174   148   179   135   191 0.79 -
ctg000000_P:983043-984008   -            322 33087at4891          -            218   2.6e-19   67.0  12.3   4   6   0.00084      0.03   11.2   0.5   140   175   190   226   180   241 0.79 -
ctg000000_P:983043-984008   -            322 33087at4891          -            218   2.6e-19   67.0  12.3   5   6       1.3        45    0.8   0.0   144   173   246   274   235   292 0.67 -
ctg000000_P:983043-984008   -            322 33087at4891          -            218   2.6e-19   67.0  12.3   6   6      0.09       3.2    4.6   0.0    96   128   288   320   277   322 0.84 -
ctg000002_P:257741-259117   -            459 33087at4891          -            218   2.7e-19   66.9   7.2   1   5   1.8e-07   6.3e-06   23.2   0.2   139   213    97   171    87   173 0.81 -
ctg000002_P:257741-259117   -            459 33087at4891          -            218   2.7e-19   66.9   7.2   2   5     0.026       0.9    6.4   0.0   143   180   142   178   133   185 0.74 -
ctg000002_P:257741-259117   -            459 33087at4891          -            218   2.7e-19   66.9   7.2   3   5     0.004      0.14    9.0   0.0   130   179   194   241   188   251 0.84 -
ctg000002_P:257741-259117   -            459 33087at4891          -            218   2.7e-19   66.9   7.2   4   5     0.022      0.79    6.6   0.1   143   184   285   327   280   333 0.86 -
ctg000002_P:257741-259117   -            459 33087at4891          -            218   2.7e-19   66.9   7.2   5   5   8.9e-09   3.2e-07   27.5   0.1   100   185   329   416   323   453 0.73 -
ctg000008_P:735513-736862   -            450 33087at4891          -            218   1.1e-18   64.9   4.6   1   5   9.2e-06   0.00032   17.6   0.3   113   173    89   148    70   158 0.88 -
ctg000008_P:735513-736862   -            450 33087at4891          -            218   1.1e-18   64.9   4.6   2   5   3.7e-05    0.0013   15.7   0.4   141   180   158   197   151   208 0.84 -
ctg000008_P:735513-736862   -            450 33087at4891          -            218   1.1e-18   64.9   4.6   3   5   0.00033     0.012   12.6   0.0   144   212   203   274   193   277 0.74 -
ctg000008_P:735513-736862   -            450 33087at4891          -            218   1.1e-18   64.9   4.6   4   5   0.00051     0.018   11.9   0.0   116   182   218   284   215   318 0.71 -
ctg000008_P:735513-736862   -            450 33087at4891          -            218   1.1e-18   64.9   4.6   5   5   2.2e-05   0.00077   16.4   0.0   134   173   324   363   301   367 0.86 -
ctg000107_P:181737-182555   -            273 33087at4891          -            218   1.7e-18   64.3  11.3   1   5   1.1e-05    0.0004   17.3   0.1   125   183     7    62     1    66 0.86 -
ctg000107_P:181737-182555   -            273 33087at4891          -            218   1.7e-18   64.3  11.3   2   5   5.4e-05    0.0019   15.1   0.1   144   180    65    99    62   102 0.83 -
ctg000107_P:181737-182555   -            273 33087at4891          -            218   1.7e-18   64.3  11.3   3   5   0.00044     0.015   12.1   0.1   143   180   103   140    99   151 0.90 -
ctg000107_P:181737-182555   -            273 33087at4891          -            218   1.7e-18   64.3  11.3   4   5   8.8e-05    0.0031   14.4   0.0   159   183   208   232   204   236 0.91 -
ctg000107_P:181737-182555   -            273 33087at4891          -            218   1.7e-18   64.3  11.3   5   5    0.0023     0.081    9.8   0.0   158   182   247   271   232   273 0.67 -
ctg000007_P:236257-237153   -            299 33087at4891          -            218   4.3e-18   63.0   0.4   1   5    0.0024     0.085    9.7   0.0   109   172     4    67     2    72 0.87 -
ctg000007_P:236257-237153   -            299 33087at4891          -            218   4.3e-18   63.0   0.4   2   5   1.4e-10   4.9e-09   33.4   0.0   113   184    51   120    24   123 0.89 -
ctg000007_P:236257-237153   -            299 33087at4891          -            218   4.3e-18   63.0   0.4   3   5   5.6e-05     0.002   15.1   0.0   142   184   120   163   112   178 0.84 -
ctg000007_P:236257-237153   -            299 33087at4891          -            218   4.3e-18   63.0   0.4   4   5    0.0029       0.1    9.5   0.0   149   183   178   212   172   221 0.84 -
ctg000007_P:236257-237153   -            299 33087at4891          -            218   4.3e-18   63.0   0.4   5   5       6.1   2.2e+02   -1.4   0.0    19    53   243   281   233   296 0.57 -
ctg000006_P:63382-64761     -            460 33087at4891          -            218   1.1e-17   61.6   2.2   1   4   0.00053     0.019   11.9   0.0   147   179    15    49     2    65 0.78 -
ctg000006_P:63382-64761     -            460 33087at4891          -            218   1.1e-17   61.6   2.2   2   4   2.7e-05   0.00096   16.1   0.0   143   178    69   104    54   116 0.81 -
ctg000006_P:63382-64761     -            460 33087at4891          -            218   1.1e-17   61.6   2.2   3   4   4.6e-05    0.0016   15.3   0.1   111   175   153   217   144   228 0.85 -
ctg000006_P:63382-64761     -            460 33087at4891          -            218   1.1e-17   61.6   2.2   4   4   5.3e-05    0.0019   15.1   0.0   110   177   339   405   325   413 0.83 -
ctg000007_P:594382-596901   -            840 33087at4891          -            218   1.4e-17   61.3   1.9   1   5   4.7e-05    0.0016   15.3   0.0   147   178    19    50    10    59 0.84 -
ctg000007_P:594382-596901   -            840 33087at4891          -            218   1.4e-17   61.3   1.9   2   5    0.0012     0.042   10.7   0.0   143   178    77   112    71   118 0.89 -
ctg000007_P:594382-596901   -            840 33087at4891          -            218   1.4e-17   61.3   1.9   3   5   2.7e-06   9.4e-05   19.4   0.2   142   213   134   207   125   213 0.90 -
ctg000007_P:594382-596901   -            840 33087at4891          -            218   1.4e-17   61.3   1.9   4   5      0.48        17    2.2   0.0   157   175   325   343   316   348 0.81 -
ctg000007_P:594382-596901   -            840 33087at4891          -            218   1.4e-17   61.3   1.9   5   5    0.0023     0.082    9.8   0.1   116   178   327   389   323   394 0.87 -
ctg000006_P:423485-425329   -            615 33087at4891          -            218   2.4e-17   60.5   4.2   1   5   3.1e-08   1.1e-06   25.7   0.0   104   183   207   290   176   296 0.81 -
ctg000006_P:423485-425329   -            615 33087at4891          -            218   2.4e-17   60.5   4.2   2   5     0.047       1.7    5.5   0.1   107   187   303   377   293   397 0.79 -
ctg000006_P:423485-425329   -            615 33087at4891          -            218   2.4e-17   60.5   4.2   3   5       1.5        54    0.6   0.0   143   186   370   412   364   417 0.80 -
ctg000006_P:423485-425329   -            615 33087at4891          -            218   2.4e-17   60.5   4.2   4   5   2.9e-05     0.001   16.0   0.0    80   175   458   571   432   572 0.73 -
ctg000006_P:423485-425329   -            615 33087at4891          -            218   2.4e-17   60.5   4.2   5   5   0.00021    0.0073   13.2   0.0   116   174   555   612   551   615 0.88 -
ctg000005_P:675289-676623   -            445 33087at4891          -            218   2.9e-17   60.3   5.9   1   3   9.4e-05    0.0033   14.3   0.4   143   211   131   202   125   204 0.87 -
ctg000005_P:675289-676623   -            445 33087at4891          -            218   2.9e-17   60.3   5.9   2   3   6.3e-06   0.00022   18.2   0.0   103   182   176   255   174   260 0.87 -
ctg000005_P:675289-676623   -            445 33087at4891          -            218   2.9e-17   60.3   5.9   3   3   2.1e-09   7.4e-08   29.5   0.6     3   177   259   425   257   432 0.83 -
ctg000003_P:113154-114608   -            485 33087at4891          -            218   7.3e-17   59.0   6.8   1   5    0.0025     0.087    9.7   0.0   137   181    59   104    55   111 0.83 -
ctg000003_P:113154-114608   -            485 33087at4891          -            218   7.3e-17   59.0   6.8   2   5     0.026      0.91    6.3   0.1   156   178   132   154   130   173 0.82 -
ctg000003_P:113154-114608   -            485 33087at4891          -            218   7.3e-17   59.0   6.8   3   5    0.0054      0.19    8.6   0.0   126   180   201   255   187   276 0.75 -
ctg000003_P:113154-114608   -            485 33087at4891          -            218   7.3e-17   59.0   6.8   4   5   1.3e-08   4.5e-07   27.0   0.2    77   176   232   336   223   348 0.80 -
ctg000003_P:113154-114608   -            485 33087at4891          -            218   7.3e-17   59.0   6.8   5   5   6.9e-07   2.4e-05   21.3   0.2   126   182   329   385   328   399 0.91 -
ctg000001_P:195095-197449   -            785 33087at4891          -            218   1.2e-16   58.2   8.3   1   6   4.6e-05    0.0016   15.3   0.1   140   214    54   131    26   135 0.75 -
ctg000001_P:195095-197449   -            785 33087at4891          -            218   1.2e-16   58.2   8.3   2   6    0.0016     0.055   10.3   0.0   141   177   198   238   181   245 0.79 -
ctg000001_P:195095-197449   -            785 33087at4891          -            218   1.2e-16   58.2   8.3   3   6    0.0019     0.066   10.1   0.1   141   176   277   312   263   329 0.86 -
ctg000001_P:195095-197449   -            785 33087at4891          -            218   1.2e-16   58.2   8.3   4   6     0.052       1.8    5.3   0.0   137   172   379   412   371   429 0.83 -
ctg000001_P:195095-197449   -            785 33087at4891          -            218   1.2e-16   58.2   8.3   5   6    0.0029       0.1    9.4   0.0   125   178   586   639   559   648 0.76 -
ctg000001_P:195095-197449   -            785 33087at4891          -            218   1.2e-16   58.2   8.3   6   6     0.065       2.3    5.0   0.2    17    72   670   729   657   737 0.68 -
ctg000010_P:287694-288548   -            285 33087at4891          -            218   5.8e-16   56.0   6.0   1   5   0.00011     0.004   14.1   0.1   143   178     3    37     1    44 0.85 -
ctg000010_P:287694-288548   -            285 33087at4891          -            218   5.8e-16   56.0   6.0   2   5      0.16       5.7    3.7   0.0   154   174    57    77    39    86 0.56 -
ctg000010_P:287694-288548   -            285 33087at4891          -            218   5.8e-16   56.0   6.0   3   5   0.00082     0.029   11.2   0.0   155   180   121   146   106   151 0.86 -
ctg000010_P:287694-288548   -            285 33087at4891          -            218   5.8e-16   56.0   6.0   4   5   0.00016    0.0056   13.6   0.0   143   178   151   186   147   197 0.88 -
ctg000010_P:287694-288548   -            285 33087at4891          -            218   5.8e-16   56.0   6.0   5   5   0.00028    0.0099   12.8   0.0     3    42   214   253   212   285 0.81 -
ctg000001_P:814425-815267   -            281 33087at4891          -            218   6.2e-16   55.9   7.0   1   4    0.0015     0.052   10.4   0.5   126   183     4    60     1    68 0.85 -
ctg000001_P:814425-815267   -            281 33087at4891          -            218   6.2e-16   55.9   7.0   2   4   9.6e-10   3.4e-08   30.6   0.1   115   176    76   137    62   145 0.93 -
ctg000001_P:814425-815267   -            281 33087at4891          -            218   6.2e-16   55.9   7.0   3   4     0.045       1.6    5.6   0.0   141   185   144   191   140   216 0.75 -
ctg000001_P:814425-815267   -            281 33087at4891          -            218   6.2e-16   55.9   7.0   4   4   0.00078     0.027   11.3   0.0   122   174   223   275   210   281 0.88 -
ctg000000_P:1183362-1184591 -            410 33087at4891          -            218     9e-16   55.4   0.2   1   4    0.0067      0.24    8.3   0.0   154   175   127   148   108   157 0.81 -
ctg000000_P:1183362-1184591 -            410 33087at4891          -            218     9e-16   55.4   0.2   2   4   8.9e-06   0.00031   17.7   0.0   143   184   159   200   152   205 0.89 -
ctg000000_P:1183362-1184591 -            410 33087at4891          -            218     9e-16   55.4   0.2   3   4   1.8e-06   6.3e-05   19.9   0.0   123   210   224   316   213   320 0.80 -
ctg000000_P:1183362-1184591 -            410 33087at4891          -            218     9e-16   55.4   0.2   4   4     0.097       3.4    4.5   0.0   140   191   333   384   329   403 0.84 -
ctg000000_P:720764-721879   -            372 33087at4891          -            218   1.3e-15   54.8   4.1   1   5     0.011      0.39    7.6   0.0   124   177    38    93    22    94 0.80 -
ctg000000_P:720764-721879   -            372 33087at4891          -            218   1.3e-15   54.8   4.1   2   5   3.3e-07   1.2e-05   22.4   0.0   112   183    71   143    69   162 0.85 -
ctg000000_P:720764-721879   -            372 33087at4891          -            218   1.3e-15   54.8   4.1   3   5   4.7e-05    0.0016   15.3   0.0   108   183   179   259   158   265 0.66 -
ctg000000_P:720764-721879   -            372 33087at4891          -            218   1.3e-15   54.8   4.1   4   5     0.012      0.43    7.4   0.0   143   173   281   312   269   332 0.79 -
ctg000000_P:720764-721879   -            372 33087at4891          -            218   1.3e-15   54.8   4.1   5   5     0.025      0.87    6.4   0.6   140   173   337   372   315   372 0.81 -
ctg000009_P:39116-41260     -            715 33087at4891          -            218   2.2e-15   54.1  13.1   1   4    0.0035      0.12    9.2   0.2     2    35    11    45    10    68 0.78 -
ctg000009_P:39116-41260     -            715 33087at4891          -            218   2.2e-15   54.1  13.1   2   4     0.004      0.14    9.0   0.1   133   173    87   125    80   129 0.85 -
ctg000009_P:39116-41260     -            715 33087at4891          -            218   2.2e-15   54.1  13.1   3   4   2.7e-05   0.00095   16.1   0.9     1    43   134   179   134   189 0.81 -
ctg000009_P:39116-41260     -            715 33087at4891          -            218   2.2e-15   54.1  13.1   4   4     3e-08     1e-06   25.8   0.1   106   213   182   288   180   292 0.83 -
ctg000001_P:791639-792679   -            347 33087at4891          -            218   2.5e-15   53.9   3.0   1   4    0.0029       0.1    9.4   0.1   143   178     7    42     4    48 0.90 -
ctg000001_P:791639-792679   -            347 33087at4891          -            218   2.5e-15   53.9   3.0   2   4   2.1e-05   0.00074   16.4   0.0   143   177    53    89    46   102 0.83 -
ctg000001_P:791639-792679   -            347 33087at4891          -            218   2.5e-15   53.9   3.0   3   4      0.23         8    3.3   0.0   110   177   177   248   165   260 0.74 -
ctg000001_P:791639-792679   -            347 33087at4891          -            218   2.5e-15   53.9   3.0   4   4   5.2e-07   1.8e-05   21.7   0.2   143   184   302   343   293   347 0.85 -
ctg000000_P:107664-111473   -           1270 33087at4891          -            218   1.1e-14   51.8   0.7   1   4   5.1e-07   1.8e-05   21.7   0.1   113   177    73   141    27   149 0.85 -
ctg000000_P:107664-111473   -           1270 33087at4891          -            218   1.1e-14   51.8   0.7   2   4     0.081       2.9    4.7   0.0   146   183   161   199   153   209 0.83 -
ctg000000_P:107664-111473   -           1270 33087at4891          -            218   1.1e-14   51.8   0.7   3   4   8.9e-06   0.00031   17.7   0.0   121   186   231   299   213   327 0.70 -
ctg000000_P:107664-111473   -           1270 33087at4891          -            218   1.1e-14   51.8   0.7   4   4      0.16       5.7    3.7   0.0   143   176   298   332   293   341 0.80 -
ctg000010_P:203538-204632   -            365 33087at4891          -            218   1.3e-14   51.6   0.9   1   4     8e-05    0.0028   14.5   0.1   136   176    28    68    19    77 0.80 -
ctg000010_P:203538-204632   -            365 33087at4891          -            218   1.3e-14   51.6   0.9   2   4   4.1e-07   1.5e-05   22.0   0.1   106   179    39   114    37   139 0.82 -
ctg000010_P:203538-204632   -            365 33087at4891          -            218   1.3e-14   51.6   0.9   3   4   2.2e-07   7.6e-06   22.9   0.0   114   210    92   189    81   196 0.74 -
ctg000010_P:203538-204632   -            365 33087at4891          -            218   1.3e-14   51.6   0.9   4   4    0.0044      0.16    8.9   0.0    18    62   285   328   274   340 0.81 -
ctg000003_P:904315-907116   -            934 33087at4891          -            218   5.5e-14   49.6   0.6   1   3     0.011      0.38    7.6   0.0    81   169   216   314   147   322 0.67 -
ctg000003_P:904315-907116   -            934 33087at4891          -            218   5.5e-14   49.6   0.6   2   3   4.6e-05    0.0016   15.3   0.0   107   180   459   532   456   541 0.81 -
ctg000003_P:904315-907116   -            934 33087at4891          -            218   5.5e-14   49.6   0.6   3   3   3.1e-07   1.1e-05   22.5   0.0   113   185   549   620   539   649 0.83 -
ctg000002_P:347755-349020   -            422 33087at4891          -            218   5.6e-14   49.5   9.8   1   7   0.00047     0.017   12.0   0.0   108   176    57   123    27   132 0.86 -
ctg000002_P:347755-349020   -            422 33087at4891          -            218   5.6e-14   49.5   9.8   2   7    0.0027     0.094    9.6   0.0   145   184   134   173   129   178 0.91 -
ctg000002_P:347755-349020   -            422 33087at4891          -            218   5.6e-14   49.5   9.8   3   7     0.065       2.3    5.0   0.0     2    34   179   212   178   230 0.67 -
ctg000002_P:347755-349020   -            422 33087at4891          -            218   5.6e-14   49.5   9.8   4   7      0.15       5.2    3.9   0.0   156   180   239   263   233   273 0.73 -
ctg000002_P:347755-349020   -            422 33087at4891          -            218   5.6e-14   49.5   9.8   5   7      0.73        26    1.6   0.0   111   133   279   301   270   312 0.71 -
ctg000002_P:347755-349020   -            422 33087at4891          -            218   5.6e-14   49.5   9.8   6   7    0.0011     0.038   10.8   0.1   141   182   345   386   340   389 0.87 -
ctg000002_P:347755-349020   -            422 33087at4891          -            218   5.6e-14   49.5   9.8   7   7   0.00027    0.0094   12.8   0.2   122   173   370   419   369   420 0.93 -
ctg000002_P:1021230-1025138 -           1303 33087at4891          -            218     2e-13   47.7   0.1   1   3   6.2e-10   2.2e-08   31.3   0.1    90   181   161   260   153   269 0.77 -
ctg000002_P:1021230-1025138 -           1303 33087at4891          -            218     2e-13   47.7   0.1   2   3   0.00031     0.011   12.6   0.0   116   186   305   375   271   379 0.92 -
ctg000002_P:1021230-1025138 -           1303 33087at4891          -            218     2e-13   47.7   0.1   3   3         9   3.2e+02   -2.0   0.0    93   130   664   701   651   720 0.72 -
ctg000009_P:515858-516736   -            293 33087at4891          -            218   2.3e-13   47.5   0.1   1   4     0.096       3.4    4.5   0.0   155   175    25    45     4    53 0.64 -
ctg000009_P:515858-516736   -            293 33087at4891          -            218   2.3e-13   47.5   0.1   2   4    0.0014     0.049   10.5   0.0   144   185    75   114    62   137 0.88 -
ctg000009_P:515858-516736   -            293 33087at4891          -            218   2.3e-13   47.5   0.1   3   4   9.3e-09   3.3e-07   27.4   0.0   115   179   152   213   147   255 0.85 -
ctg000009_P:515858-516736   -            293 33087at4891          -            218   2.3e-13   47.5   0.1   4   4         2        71    0.2   0.0   114   137   230   253   218   293 0.62 -
ctg000001_P:612668-613378   -            237 33087at4891          -            218   5.1e-13   46.4   2.7   1   4   0.00036     0.013   12.4   0.0   113   170     8    62     4    72 0.87 -
ctg000001_P:612668-613378   -            237 33087at4891          -            218   5.1e-13   46.4   2.7   2   4   9.1e-05    0.0032   14.4   0.0   142   178    77   113    61   120 0.85 -
ctg000001_P:612668-613378   -            237 33087at4891          -            218   5.1e-13   46.4   2.7   3   4     0.015      0.54    7.1   0.1   144   183   121   163   115   186 0.71 -
ctg000001_P:612668-613378   -            237 33087at4891          -            218   5.1e-13   46.4   2.7   4   4    0.0011      0.04   10.8   0.0   125   172   191   237   176   237 0.92 -
ctg000009_P:404496-405719   -            408 33087at4891          -            218   5.7e-13   46.2   1.7   1   4   6.5e-06   0.00023   18.1   0.7   105   211    48   169    37   170 0.78 -
ctg000009_P:404496-405719   -            408 33087at4891          -            218   5.7e-13   46.2   1.7   2   4     4e-05    0.0014   15.5   0.4   116   183   115   181   109   194 0.74 -
ctg000009_P:404496-405719   -            408 33087at4891          -            218   5.7e-13   46.2   1.7   3   4     0.023       0.8    6.5   0.0   144   177   142   175   140   267 0.80 -
ctg000009_P:404496-405719   -            408 33087at4891          -            218   5.7e-13   46.2   1.7   4   4   1.3e-05   0.00044   17.2   0.0   144   184   293   335   286   339 0.80 -
ctg000022_P:213435-214070   -            212 33087at4891          -            218   1.3e-12   45.0   1.3   1   3    0.0013     0.046   10.6   0.0   156   187    11    42     1    65 0.82 -
ctg000022_P:213435-214070   -            212 33087at4891          -            218   1.3e-12   45.0   1.3   2   3   7.7e-09   2.7e-07   27.7   0.0   115   176    77   135    67   146 0.90 -
ctg000022_P:213435-214070   -            212 33087at4891          -            218   1.3e-12   45.0   1.3   3   3     0.071       2.5    4.9   0.1   116   172   158   212   139   212 0.82 -
ctg000005_P:859210-860166   -            319 33087at4891          -            218   2.1e-12   44.4   0.2   1   3     0.005      0.18    8.7   0.2   148   183    43    79    39    81 0.84 -
ctg000005_P:859210-860166   -            319 33087at4891          -            218   2.1e-12   44.4   0.2   2   3   3.1e-07   1.1e-05   22.4   0.3   118   177    58   117    50   124 0.81 -
ctg000005_P:859210-860166   -            319 33087at4891          -            218   2.1e-12   44.4   0.2   3   3   8.8e-06   0.00031   17.7   0.0   113   177   159   224   150   233 0.89 -
ctg000007_P:370295-371899   -            535 33087at4891          -            218   2.1e-12   44.4   7.0   1   5      0.39        14    2.5   0.0   146   173   221   248   212   253 0.86 -
ctg000007_P:370295-371899   -            535 33087at4891          -            218   2.1e-12   44.4   7.0   2   5    0.0021     0.073    9.9   0.7   121   179   239   295   221   305 0.76 -
ctg000007_P:370295-371899   -            535 33087at4891          -            218   2.1e-12   44.4   7.0   3   5   3.7e-05    0.0013   15.6   0.0   123   173   338   387   324   396 0.83 -
ctg000007_P:370295-371899   -            535 33087at4891          -            218   2.1e-12   44.4   7.0   4   5     2e-05   0.00071   16.5   0.2   142   186   398   441   389   469 0.81 -
ctg000007_P:370295-371899   -            535 33087at4891          -            218   2.1e-12   44.4   7.0   5   5       3.6   1.3e+02   -0.6   0.0   153   178   450   475   438   481 0.73 -
ctg000003_P:955064-957016   -            651 33087at4891          -            218   2.2e-12   44.3   0.2   1   2    0.0029       0.1    9.5   0.0   143   176    79   113    60   121 0.84 -
ctg000003_P:955064-957016   -            651 33087at4891          -            218   2.2e-12   44.3   0.2   2   2   4.8e-10   1.7e-08   31.6   0.1   115   181   154   218   144   225 0.91 -
ctg000013_P:154085-154729   -            215 33087at4891          -            218   3.2e-12   43.8   1.5   1   3   7.9e-08   2.8e-06   24.4   0.1   104   178     7    78     3    85 0.80 -
ctg000013_P:154085-154729   -            215 33087at4891          -            218   3.2e-12   43.8   1.5   2   3     0.073       2.6    4.9   0.0   148   177    92   121    79   131 0.63 -
ctg000013_P:154085-154729   -            215 33087at4891          -            218   3.2e-12   43.8   1.5   3   3   0.00034     0.012   12.5   0.0   155   180   162   187   147   215 0.88 -
ctg000007_P:208156-208974   -            273 33087at4891          -            218   3.7e-12   43.6   2.3   1   3    0.0029       0.1    9.4   0.0   148   181    59    93    43   107 0.80 -
ctg000007_P:208156-208974   -            273 33087at4891          -            218   3.7e-12   43.6   2.3   2   3   7.6e-05    0.0027   14.6   0.0   114   179   120   187   108   197 0.85 -
ctg000007_P:208156-208974   -            273 33087at4891          -            218   3.7e-12   43.6   2.3   3   3   9.5e-06   0.00034   17.6   0.3   111   173   204   269   196   272 0.82 -
ctg000000_P:502361-503155   -            265 33087at4891          -            218   4.8e-12   43.2   2.1   1   4    0.0039      0.14    9.0   0.1   148   184     5    42     1    44 0.75 -
ctg000000_P:502361-503155   -            265 33087at4891          -            218   4.8e-12   43.2   2.1   2   4    0.0001    0.0036   14.2   0.0    97   180    41   130    36   158 0.76 -
ctg000000_P:502361-503155   -            265 33087at4891          -            218   4.8e-12   43.2   2.1   3   4   7.2e-06   0.00025   18.0   0.1   141   173   162   194   154   201 0.92 -
ctg000000_P:502361-503155   -            265 33087at4891          -            218   4.8e-12   43.2   2.1   4   4       3.4   1.2e+02   -0.6   0.0   101   132   221   251   201   255 0.72 -
ctg000005_P:629909-632596   -            896 33087at4891          -            218     5e-12   43.2   8.2   1   3     0.017       0.6    6.9   0.0   165   203    48    91    25    98 0.79 -
ctg000005_P:629909-632596   -            896 33087at4891          -            218     5e-12   43.2   8.2   2   3   2.1e-10   7.5e-09   32.8   0.4    45   179   195   331   175   340 0.82 -
ctg000005_P:629909-632596   -            896 33087at4891          -            218     5e-12   43.2   8.2   3   3     0.035       1.2    5.9   0.1   136   180   598   641   562   655 0.84 -
ctg000006_P:472399-472884   -            162 33087at4891          -            218   6.2e-12   42.8   1.3   1   3     0.025      0.89    6.4   0.0   143   177    16    51     6    63 0.83 -
ctg000006_P:472399-472884   -            162 33087at4891          -            218   6.2e-12   42.8   1.3   2   3   1.1e-05   0.00039   17.3   0.0   113   179    31   100    30   105 0.73 -
ctg000006_P:472399-472884   -            162 33087at4891          -            218   6.2e-12   42.8   1.3   3   3   1.7e-06   5.9e-05   20.0   0.1   142   177   105   140    98   147 0.87 -
ctg000003_P:529749-530594   -            282 33087at4891          -            218   1.4e-11   41.7   7.4   1   4     0.009      0.32    7.8   0.0   144   178     1    35     1    43 0.82 -
ctg000003_P:529749-530594   -            282 33087at4891          -            218   1.4e-11   41.7   7.4   2   4   8.9e-08   3.2e-06   24.2   0.1   114   188    14    90    13    94 0.76 -
ctg000003_P:529749-530594   -            282 33087at4891          -            218   1.4e-11   41.7   7.4   3   4     0.052       1.8    5.4   0.1   156   178   162   184    94   193 0.61 -
ctg000003_P:529749-530594   -            282 33087at4891          -            218   1.4e-11   41.7   7.4   4   4     0.024      0.86    6.4   0.8   106   173   200   275   198   281 0.69 -
ctg000006_P:535604-536641   -            346 33087at4891          -            218   1.5e-11   41.6   2.6   1   5   2.4e-05   0.00086   16.2   0.0   141   183     6    48     2    50 0.88 -
ctg000006_P:535604-536641   -            346 33087at4891          -            218   1.5e-11   41.6   2.6   2   5     1e-05   0.00036   17.5   0.2   134   184    42    91    38    94 0.93 -
ctg000006_P:535604-536641   -            346 33087at4891          -            218   1.5e-11   41.6   2.6   3   5      0.51        18    2.1   0.0   138   176   144   184    92   191 0.56 -
ctg000006_P:535604-536641   -            346 33087at4891          -            218   1.5e-11   41.6   2.6   4   5     0.041       1.5    5.7   0.1   114   176   165   227   159   236 0.81 -
ctg000006_P:535604-536641   -            346 33087at4891          -            218   1.5e-11   41.6   2.6   5   5       2.9     1e+02   -0.4   0.0   135   175   284   323   274   332 0.76 -
ctg000005_P:740270-743305   -           1012 33087at4891          -            218   2.6e-11   40.8   9.9   1   4       1.2        41    0.9   0.0   125   181    27    84    10   116 0.65 -
ctg000005_P:740270-743305   -           1012 33087at4891          -            218   2.6e-11   40.8   9.9   2   4   1.3e-10   4.6e-09   33.5   2.0   105   188   181   265   155   276 0.81 -
ctg000005_P:740270-743305   -           1012 33087at4891          -            218   2.6e-11   40.8   9.9   3   4      0.32        11    2.8   0.0    16    34   781   799   758   830 0.71 -
ctg000005_P:740270-743305   -           1012 33087at4891          -            218   2.6e-11   40.8   9.9   4   4      0.65        23    1.8   0.0   152   176   943   967   918   980 0.77 -
ctg000014_P:161740-163014   -            425 33087at4891          -            218   1.4e-10   38.4   0.6   1   3   5.8e-08     2e-06   24.8   0.0   107   177    30   104     9   149 0.83 -
ctg000014_P:161740-163014   -            425 33087at4891          -            218   1.4e-10   38.4   0.6   2   3     0.074       2.6    4.9   0.0   169   212   196   241   168   246 0.83 -
ctg000014_P:161740-163014   -            425 33087at4891          -            218   1.4e-10   38.4   0.6   3   3     0.059       2.1    5.2   0.5   123   174   291   342   242   352 0.74 -
ctg000006_P:425866-427404   -            513 33087at4891          -            218   1.4e-09   35.2   0.0   1   2   6.6e-06   0.00023   18.1   0.1    92   176    66   156    52   167 0.73 -
ctg000006_P:425866-427404   -            513 33087at4891          -            218   1.4e-09   35.2   0.0   2   2   9.3e-05    0.0033   14.3   0.0   105   212   170   284   159   286 0.76 -
ctg000001_P:614163-614933   -            257 33087at4891          -            218   2.5e-09   34.3   0.2   1   3   6.3e-06   0.00022   18.2   0.0   139   177    67   104    42   111 0.82 -
ctg000001_P:614163-614933   -            257 33087at4891          -            218   2.5e-09   34.3   0.2   2   3   0.00073     0.026   11.4   0.0   143   183   112   152   107   175 0.88 -
ctg000001_P:614163-614933   -            257 33087at4891          -            218   2.5e-09   34.3   0.2   3   3      0.94        33    1.2   0.0   150   181   185   216   169   247 0.78 -
ctg000009_P:411260-412237   -            326 33087at4891          -            218   2.6e-09   34.3   0.1   1   3     0.057         2    5.2   0.0   147   179    26    58    20    87 0.83 -
ctg000009_P:411260-412237   -            326 33087at4891          -            218   2.6e-09   34.3   0.1   2   3   0.00029      0.01   12.7   0.0   143   176   108   141    84   150 0.85 -
ctg000009_P:411260-412237   -            326 33087at4891          -            218   2.6e-09   34.3   0.1   3   3   0.00043     0.015   12.2   0.0   102   176   197   278   189   288 0.82 -
ctg000008_P:207899-209062   -            388 33087at4891          -            218   4.1e-09   33.6   0.4   1   3   0.00097     0.034   11.0   0.0   122   203    33   116    16   124 0.70 -
ctg000008_P:207899-209062   -            388 33087at4891          -            218   4.1e-09   33.6   0.4   2   3    0.0057       0.2    8.5   0.0   126   183   127   186   122   199 0.72 -
ctg000008_P:207899-209062   -            388 33087at4891          -            218   4.1e-09   33.6   0.4   3   3    0.0015     0.054   10.4   0.0   154   176   301   323   276   328 0.72 -
ctg000013_P:74841-75815     -            325 33087at4891          -            218   8.9e-09   32.5   1.5   1   2         3     1e+02   -0.4   0.0    82   109    94   121    74   136 0.70 -
ctg000013_P:74841-75815     -            325 33087at4891          -            218   8.9e-09   32.5   1.5   2   2   8.9e-10   3.1e-08   30.7   0.1    86   175   220   317   209   324 0.83 -
ctg000012_P:294223-296391   -            723 33087at4891          -            218   1.6e-08   31.7   1.4   1   3   5.9e-05    0.0021   15.0   0.0   108   177   308   382   288   390 0.84 -
ctg000012_P:294223-296391   -            723 33087at4891          -            218   1.6e-08   31.7   1.4   2   3    0.0091      0.32    7.8   0.1   123   180   615   673   597   689 0.73 -
ctg000012_P:294223-296391   -            723 33087at4891          -            218   1.6e-08   31.7   1.4   3   3     0.041       1.4    5.7   0.0   156   175   703   722   692   723 0.86 -
ctg000001_P:853361-855415   -            685 33087at4891          -            218   1.9e-08   31.4   0.1   1   4     0.024      0.84    6.5   0.0   151   183     3    36     1    51 0.77 -
ctg000001_P:853361-855415   -            685 33087at4891          -            218   1.9e-08   31.4   0.1   2   4    0.0047      0.16    8.8   0.1   159   184    57    82    52    92 0.78 -
ctg000001_P:853361-855415   -            685 33087at4891          -            218   1.9e-08   31.4   0.1   3   4      0.01      0.37    7.6   0.0   150   185    90   125    80   132 0.71 -
ctg000001_P:853361-855415   -            685 33087at4891          -            218   1.9e-08   31.4   0.1   4   4       0.2       7.2    3.4   0.0    73   119   136   182   129   190 0.85 -
ctg000000_P:689845-693270   -           1142 33087at4891          -            218     5e-08   30.1   1.8   1   2   0.00017    0.0059   13.5   0.0   133   178    98   144    77   156 0.81 -
ctg000000_P:689845-693270   -           1142 33087at4891          -            218     5e-08   30.1   1.8   2   2   4.5e-05    0.0016   15.4   0.1   115   186   168   239   144   249 0.83 -
ctg000006_P:442699-443643   -            315 33087at4891          -            218   6.4e-08   29.7   1.7   1   4      0.25       8.7    3.1   0.0   161   175     2    16     1    26 0.83 -
ctg000006_P:442699-443643   -            315 33087at4891          -            218   6.4e-08   29.7   1.7   2   4   0.00082     0.029   11.3   0.2   144   179    90   124    86   128 0.75 -
ctg000006_P:442699-443643   -            315 33087at4891          -            218   6.4e-08   29.7   1.7   3   4   0.00078     0.027   11.3   0.0   139   181   125   168   121   187 0.84 -
ctg000006_P:442699-443643   -            315 33087at4891          -            218   6.4e-08   29.7   1.7   4   4       1.5        53    0.6   0.0   160   179   257   276   245   285 0.79 -
ctg000000_P:1094951-1097206 -            752 33087at4891          -            218   1.1e-07   28.9   7.9   1   4       5.3   1.9e+02   -1.2   0.0     3    34    29    60    24   106 0.63 -
ctg000000_P:1094951-1097206 -            752 33087at4891          -            218   1.1e-07   28.9   7.9   2   4   2.4e-06   8.5e-05   19.5   0.1   115   200   130   216   118   222 0.73 -
ctg000000_P:1094951-1097206 -            752 33087at4891          -            218   1.1e-07   28.9   7.9   3   4    0.0016     0.057   10.3   0.3   114   177   226   288   197   317 0.76 -
ctg000000_P:1094951-1097206 -            752 33087at4891          -            218   1.1e-07   28.9   7.9   4   4       1.4        49    0.7   0.2   157   208   364   414   356   418 0.79 -
ctg000022_P:317551-319299   -            583 33087at4891          -            218   1.4e-07   28.6   0.0   1   3   0.00037     0.013   12.4   0.0   144   179   236   271   229   286 0.83 -
ctg000022_P:317551-319299   -            583 33087at4891          -            218   1.4e-07   28.6   0.0   2   3     0.025      0.86    6.4   0.0   109   161   463   520   452   542 0.68 -
ctg000022_P:317551-319299   -            583 33087at4891          -            218   1.4e-07   28.6   0.0   3   3     0.043       1.5    5.6   0.0   105   131   553   580   546   583 0.64 -
ctg000006_P:345566-347899   -            778 33087at4891          -            218   2.5e-07   27.8   0.1   1   3   0.00012    0.0041   14.0   0.0   142   183   405   446   399   482 0.84 -
ctg000006_P:345566-347899   -            778 33087at4891          -            218   2.5e-07   27.8   0.1   2   3      0.29        10    2.9   0.0   148   211   613   677   564   684 0.55 -
ctg000006_P:345566-347899   -            778 33087at4891          -            218   2.5e-07   27.8   0.1   3   3     0.025      0.88    6.4   0.0    98   173   689   777   681   778 0.67 -
ctg000007_P:46186-48786     -            867 33087at4891          -            218   2.7e-07   27.7   5.9   1   5   2.7e-05   0.00095   16.1   0.0    99   178     6    92     3   107 0.74 -
ctg000007_P:46186-48786     -            867 33087at4891          -            218   2.7e-07   27.7   5.9   2   5      0.44        16    2.3   0.0    15    35   239   259   233   270 0.74 -
ctg000007_P:46186-48786     -            867 33087at4891          -            218   2.7e-07   27.7   5.9   3   5      0.11         4    4.2   0.0   160   184   289   313   281   315 0.84 -
ctg000007_P:46186-48786     -            867 33087at4891          -            218   2.7e-07   27.7   5.9   4   5      0.78        27    1.5   0.2     3    35   316   348   314   354 0.90 -
ctg000007_P:46186-48786     -            867 33087at4891          -            218   2.7e-07   27.7   5.9   5   5         1        37    1.1   0.0   158   175   370   387   352   396 0.71 -
ctg000008_P:606523-607326   -            268 33087at4891          -            218     4e-07   27.1   1.2   1   4     0.036       1.3    5.9   0.0   148   181     1    34     1    42 0.87 -
ctg000008_P:606523-607326   -            268 33087at4891          -            218     4e-07   27.1   1.2   2   4      0.46        16    2.3   0.0   117   188    63   139    53   149 0.69 -
ctg000008_P:606523-607326   -            268 33087at4891          -            218     4e-07   27.1   1.2   3   4   0.00013    0.0044   13.9   0.0   115   181   157   224   145   235 0.81 -
ctg000008_P:606523-607326   -            268 33087at4891          -            218     4e-07   27.1   1.2   4   4       1.3        47    0.8   0.0   114   136   242   264   231   267 0.87 -
ctg000006_P:511276-512808   -            511 33087at4891          -            218   4.7e-07   26.9   2.1   1   2   0.00013    0.0046   13.9   0.1   143   185   319   362   314   367 0.82 -
ctg000006_P:511276-512808   -            511 33087at4891          -            218   4.7e-07   26.9   2.1   2   2   0.00073     0.026   11.4   0.1   114   178   379   451   367   464 0.69 -
ctg000003_P:514145-515866   -            574 33087at4891          -            218   1.7e-06   25.1   3.6   1   5       1.7        60    0.4   0.0   155   176   225   246   218   259 0.82 -
ctg000003_P:514145-515866   -            574 33087at4891          -            218   1.7e-06   25.1   3.6   2   5   0.00049     0.017   12.0   0.1   135   179   276   321   249   331 0.75 -
ctg000003_P:514145-515866   -            574 33087at4891          -            218   1.7e-06   25.1   3.6   3   5   0.00032     0.011   12.6   0.2   116   180   301   367   300   377 0.79 -
ctg000003_P:514145-515866   -            574 33087at4891          -            218   1.7e-06   25.1   3.6   4   5     0.098       3.5    4.5   0.0   105   175   380   454   367   469 0.78 -
ctg000003_P:514145-515866   -            574 33087at4891          -            218   1.7e-06   25.1   3.6   5   5       1.9        68    0.2   0.0   159   191   491   523   471   545 0.70 -
ctg000009_P:222122-222682   -            187 33087at4891          -            218   7.5e-06   23.0   0.2   1   3    0.0017      0.06   10.2   0.1     3    42     1    41     1    49 0.80 -
ctg000009_P:222122-222682   -            187 33087at4891          -            218   7.5e-06   23.0   0.2   2   3   0.00053     0.019   11.9   0.0   138   181    35    79    31    87 0.82 -
ctg000009_P:222122-222682   -            187 33087at4891          -            218   7.5e-06   23.0   0.2   3   3       3.4   1.2e+02   -0.6   0.0   190   212   159   181   145   187 0.56 -
ctg000008_P:479917-481578   -            554 33087at4891          -            218   7.6e-06   23.0   0.5   1   2   1.5e-05   0.00054   16.9   0.0   119   174   113   168   104   176 0.91 -
ctg000008_P:479917-481578   -            554 33087at4891          -            218   7.6e-06   23.0   0.5   2   2      0.17       6.1    3.7   0.1    88   187   291   386   205   396 0.83 -
ctg000002_P:933767-937096   -           1110 33087at4891          -            218   2.4e-05   21.3   0.2   1   2       0.1       3.7    4.4   0.0   142   176   159   194   146   214 0.76 -
ctg000002_P:933767-937096   -           1110 33087at4891          -            218   2.4e-05   21.3   0.2   2   2   0.00011     0.004   14.1   0.1     1    56   265   322   240   334 0.68 -
ctg000005_P:138693-140411   -            573 33087at4891          -            218     3e-05   21.0   0.2   1   4    0.0015     0.054   10.4   0.0   142   177   233   268   224   277 0.87 -
ctg000005_P:138693-140411   -            573 33087at4891          -            218     3e-05   21.0   0.2   2   4      0.14       4.8    4.0   0.0   145   177   280   312   271   322 0.87 -
ctg000005_P:138693-140411   -            573 33087at4891          -            218     3e-05   21.0   0.2   3   4       4.4   1.5e+02   -0.9   0.0    16    34   412   430   398   441 0.61 -
ctg000005_P:138693-140411   -            573 33087at4891          -            218     3e-05   21.0   0.2   4   4       1.1        39    1.0   0.0   155   177   482   504   471   511 0.73 -
ctg000000_P:175356-176921   -            522 33087at4891          -            218   7.3e-05   19.7   0.0   1   3      0.34        12    2.7   0.0   160   176   349   365   330   371 0.84 -
ctg000000_P:175356-176921   -            522 33087at4891          -            218   7.3e-05   19.7   0.0   2   3   0.00019    0.0067   13.3   0.0   139   181   384   426   376   441 0.88 -
ctg000000_P:175356-176921   -            522 33087at4891          -            218   7.3e-05   19.7   0.0   3   3       9.9   3.5e+02   -2.1   0.0   108   132   449   474   432   485 0.72 -
ctg000007_P:127180-128319   -            380 33087at4891          -            218   0.00027   17.9   0.6   1   3     0.063       2.2    5.1   0.0   114   173    27    86     6   103 0.75 -
ctg000007_P:127180-128319   -            380 33087at4891          -            218   0.00027   17.9   0.6   2   3     0.049       1.7    5.4   0.0   146   174   150   178   104   197 0.77 -
ctg000007_P:127180-128319   -            380 33087at4891          -            218   0.00027   17.9   0.6   3   3      0.19       6.7    3.5   0.0   139   173   341   379   332   380 0.74 -
ctg000024_P:5353-6492       -            380 33087at4891          -            218   0.00027   17.9   0.6   1   3     0.063       2.2    5.1   0.0   114   173    27    86     6   103 0.75 -
ctg000024_P:5353-6492       -            380 33087at4891          -            218   0.00027   17.9   0.6   2   3     0.049       1.7    5.4   0.0   146   174   150   178   104   197 0.77 -
ctg000024_P:5353-6492       -            380 33087at4891          -            218   0.00027   17.9   0.6   3   3      0.19       6.7    3.5   0.0   139   173   341   379   332   380 0.74 -
ctg000010_P:252121-253755   -            545 33087at4891          -            218   0.00037   17.5   0.0   1   2       1.5        52    0.6   0.0   105   172   184   251   158   254 0.74 -
ctg000010_P:252121-253755   -            545 33087at4891          -            218   0.00037   17.5   0.0   2   2   4.9e-05    0.0017   15.2   0.0   117   182   239   303   231   336 0.82 -
ctg000002_P:705774-706781   -            336 33087at4891          -            218   0.00049   17.0   0.9   1   4       9.2   3.2e+02   -2.0   0.0   153   174    18    39     3    53 0.59 -
ctg000002_P:705774-706781   -            336 33087at4891          -            218   0.00049   17.0   0.9   2   4       5.7     2e+02   -1.3   0.0   102   130   100   127    62   159 0.68 -
ctg000002_P:705774-706781   -            336 33087at4891          -            218   0.00049   17.0   0.9   3   4       2.2        78    0.0   0.1   185   213   152   175   108   177 0.54 -
ctg000002_P:705774-706781   -            336 33087at4891          -            218   0.00049   17.0   0.9   4   4   0.00016    0.0056   13.6   0.0   148   205   253   311   241   317 0.76 -
ctg000002_P:264388-265083   -            232 33087at4891          -            218    0.0013   15.7   6.7   1   4      0.82        29    1.4   0.0   107   179     5    87     2   101 0.52 -
ctg000002_P:264388-265083   -            232 33087at4891          -            218    0.0013   15.7   6.7   2   4    0.0012     0.043   10.7   0.2   148   176   104   132    86   141 0.72 -
ctg000002_P:264388-265083   -            232 33087at4891          -            218    0.0013   15.7   6.7   3   4      0.26       9.1    3.1   0.0   143   171   141   167   132   193 0.82 -
ctg000002_P:264388-265083   -            232 33087at4891          -            218    0.0013   15.7   6.7   4   4      0.52        18    2.1   0.1    15    29   217   231   211   232 0.56 -
ctg000005_P:68866-69636     -            257 33087at4891          -            218    0.0021   15.0   0.2   1   2   0.00017     0.006   13.5   0.1   144   205     3    63     1    69 0.88 -
ctg000005_P:68866-69636     -            257 33087at4891          -            218    0.0021   15.0   0.2   2   2       8.8   3.1e+02   -1.9   0.0    22    33   175   186   141   205 0.71 -
ctg000010_P:169059-170513   -            485 33087at4891          -            218      0.01   12.7   0.2   1   1   0.00077     0.027   11.3   0.1   123   179   333   390   319   413 0.86 -
#
# Program:         hmmsearch
# Version:         3.1b2 (February 2015)
# Pipeline mode:   SEARCH
# Query file:      /Users/dominiquefastus/DeNovoProj/BUSCO_ass/busco_downloads/lineages/saccharomycetes_odb10/hmms/33087at4891.hmm
# Target file:     /Users/dominiquefastus/DeNovoProj/BUSCO_ass/busco_out/run_saccharomycetes_odb10/metaeuk_output/initial_results/asm_ctgs_m.fa.modified.fas
# Option settings: hmmsearch --domtblout /Users/dominiquefastus/DeNovoProj/BUSCO_ass/busco_out/run_saccharomycetes_odb10/hmmer_output/initial_run_results/33087at4891.out --cpu 1 /Users/dominiquefastus/DeNovoProj/BUSCO_ass/busco_downloads/lineages/saccharomycetes_odb10/hmms/33087at4891.hmm /Users/dominiquefastus/DeNovoProj/BUSCO_ass/busco_out/run_saccharomycetes_odb10/metaeuk_output/initial_results/asm_ctgs_m.fa.modified.fas 
# Current dir:     /Users/dominiquefastus/DeNovoProj/BUSCO_ass
# Date:            Fri Feb 24 14:26:07 2023
# [ok]
