#                                                                                   --- full sequence --- -------------- this domain -------------   hmm coord   ali coord   env coord
# target name               accession   tlen query name           accession   qlen   E-value  score  bias   #  of  c-Evalue  i-Evalue  score  bias  from    to  from    to  from    to  acc description of target
#       ------------------- ---------- ----- -------------------- ---------- ----- --------- ------ ----- --- --- --------- --------- ------ ----- ----- ----- ----- ----- ----- ----- ---- ---------------------
ctg000003_P:510216-510713   -            166 37677at4891          -            139   4.4e-51  169.5   3.8   1   1   1.9e-52   1.3e-49  164.8   3.8     1   135     1   166     1   166 0.86 -
ctg000003_P:469827-470519   -            231 37677at4891          -            139   6.1e-18   62.1   3.2   1   3   5.1e-15   3.4e-12   43.5   0.3     3    95     4   112     2   117 0.82 -
ctg000003_P:469827-470519   -            231 37677at4891          -            139   6.1e-18   62.1   3.2   2   3   1.2e-06   0.00082   16.3   0.0   102   138   138   174   126   175 0.86 -
ctg000003_P:469827-470519   -            231 37677at4891          -            139   6.1e-18   62.1   3.2   3   3     0.038        26    1.8   0.0    83   122   183   221   174   229 0.75 -
ctg000000_P:812451-812987   -            179 37677at4891          -            139   9.2e-15   51.8   1.1   1   2   4.5e-13     3e-10   37.2   0.2     5    98     8   113     2   121 0.84 -
ctg000000_P:812451-812987   -            179 37677at4891          -            139   9.2e-15   51.8   1.1   2   2   8.6e-06    0.0058   13.6   0.0    94   135   125   169   118   172 0.81 -
ctg000002_P:1026451-1027719 -            423 37677at4891          -            139     0.021   11.8   0.0   1   1   6.7e-05     0.045   10.7   0.0    36   123   332   419   321   422 0.94 -
#
# Program:         hmmsearch
# Version:         3.1b2 (February 2015)
# Pipeline mode:   SEARCH
# Query file:      /Users/dominiquefastus/DeNovoProj/BUSCO_ass/busco_downloads/lineages/saccharomycetes_odb10/hmms/37677at4891.hmm
# Target file:     /Users/dominiquefastus/DeNovoProj/BUSCO_ass/busco_out/run_saccharomycetes_odb10/metaeuk_output/initial_results/asm_ctgs_m.fa.modified.fas
# Option settings: hmmsearch --domtblout /Users/dominiquefastus/DeNovoProj/BUSCO_ass/busco_out/run_saccharomycetes_odb10/hmmer_output/initial_run_results/37677at4891.out --cpu 1 /Users/dominiquefastus/DeNovoProj/BUSCO_ass/busco_downloads/lineages/saccharomycetes_odb10/hmms/37677at4891.hmm /Users/dominiquefastus/DeNovoProj/BUSCO_ass/busco_out/run_saccharomycetes_odb10/metaeuk_output/initial_results/asm_ctgs_m.fa.modified.fas 
# Current dir:     /Users/dominiquefastus/DeNovoProj/BUSCO_ass
# Date:            Fri Feb 24 14:26:54 2023
# [ok]
