#                                                                                 --- full sequence --- -------------- this domain -------------   hmm coord   ali coord   env coord
# target name             accession   tlen query name           accession   qlen   E-value  score  bias   #  of  c-Evalue  i-Evalue  score  bias  from    to  from    to  from    to  acc description of target
#     ------------------- ---------- ----- -------------------- ---------- ----- --------- ------ ----- --- --- --------- --------- ------ ----- ----- ----- ----- ----- ----- ----- ---- ---------------------
ctg000107_P:264387-265922 -            512 37965at4891          -            300   3.4e-68  227.6  39.3   1   5   5.1e-10   6.8e-07   26.3   0.8     1    43     8    52     8    59 0.81 -
ctg000107_P:264387-265922 -            512 37965at4891          -            300   3.4e-68  227.6  39.3   2   5   1.1e-10   1.4e-07   28.5   2.6    25    87    53   115    44   121 0.88 -
ctg000107_P:264387-265922 -            512 37965at4891          -            300   3.4e-68  227.6  39.3   3   5   1.1e-22   1.5e-19   67.9   7.5    81   191   127   273   120   287 0.76 -
ctg000107_P:264387-265922 -            512 37965at4891          -            300   3.4e-68  227.6  39.3   4   5   5.3e-16   7.1e-13   46.0   0.1   190   235   341   391   324   394 0.90 -
ctg000107_P:264387-265922 -            512 37965at4891          -            300   3.4e-68  227.6  39.3   5   5   8.7e-23   1.2e-19   68.2   3.7   230   300   422   512   418   512 0.84 -
ctg000003_P:181282-182301 -            340 37965at4891          -            300      0.81    6.4  12.6   1   2      0.22     3e+02   -2.1   6.9    21   122    19   119     2   179 0.68 -
ctg000003_P:181282-182301 -            340 37965at4891          -            300      0.81    6.4  12.6   2   2     2e-05     0.027   11.2   0.3    25    77   245   297   224   319 0.87 -
#
# Program:         hmmsearch
# Version:         3.1b2 (February 2015)
# Pipeline mode:   SEARCH
# Query file:      /Users/dominiquefastus/DeNovoProj/BUSCO_ass/busco_downloads/lineages/saccharomycetes_odb10/hmms/37965at4891.hmm
# Target file:     /Users/dominiquefastus/DeNovoProj/BUSCO_ass/busco_out/run_saccharomycetes_odb10/metaeuk_output/initial_results/asm_ctgs_m.fa.modified.fas
# Option settings: hmmsearch --domtblout /Users/dominiquefastus/DeNovoProj/BUSCO_ass/busco_out/run_saccharomycetes_odb10/hmmer_output/initial_run_results/37965at4891.out --cpu 1 /Users/dominiquefastus/DeNovoProj/BUSCO_ass/busco_downloads/lineages/saccharomycetes_odb10/hmms/37965at4891.hmm /Users/dominiquefastus/DeNovoProj/BUSCO_ass/busco_out/run_saccharomycetes_odb10/metaeuk_output/initial_results/asm_ctgs_m.fa.modified.fas 
# Current dir:     /Users/dominiquefastus/DeNovoProj/BUSCO_ass
# Date:            Fri Feb 24 14:26:56 2023
# [ok]
