#                                                                                   --- full sequence --- -------------- this domain -------------   hmm coord   ali coord   env coord
# target name               accession   tlen query name           accession   qlen   E-value  score  bias   #  of  c-Evalue  i-Evalue  score  bias  from    to  from    to  from    to  acc description of target
#       ------------------- ---------- ----- -------------------- ---------- ----- --------- ------ ----- --- --- --------- --------- ------ ----- ----- ----- ----- ----- ----- ----- ---- ---------------------
ctg000022_P:602308-603561   -            418 38368at4891          -            265   1.2e-63  212.2  15.5   1   3   2.7e-35   2.5e-32  109.5   9.8    14   150    73   240    64   248 0.79 -
ctg000022_P:602308-603561   -            418 38368at4891          -            265   1.2e-63  212.2  15.5   2   3   3.7e-06    0.0033   14.0   0.1   142   173   255   286   247   294 0.86 -
ctg000022_P:602308-603561   -            418 38368at4891          -            265   1.2e-63  212.2  15.5   3   3   1.1e-27   9.7e-25   84.6   0.0   160   265   295   418   283   418 0.85 -
ctg000010_P:379500-381059   -            520 38368at4891          -            265   1.6e-10   38.0   0.8   1   1   5.2e-13   4.6e-10   36.5   0.8   163   254   342   438   333   441 0.90 -
ctg000000_P:1302564-1303730 -            389 38368at4891          -            265    0.0012   15.5   0.1   1   3      0.25   2.2e+02   -1.8   0.1    96   121    62    87    56   106 0.82 -
ctg000000_P:1302564-1303730 -            389 38368at4891          -            265    0.0012   15.5   0.1   2   3       0.4   3.5e+02   -2.5   0.1   104   121   141   158   124   192 0.61 -
ctg000000_P:1302564-1303730 -            389 38368at4891          -            265    0.0012   15.5   0.1   3   3   1.3e-06    0.0012   15.5   0.1   160   260   244   348   236   351 0.78 -
#
# Program:         hmmsearch
# Version:         3.1b2 (February 2015)
# Pipeline mode:   SEARCH
# Query file:      /Users/dominiquefastus/DeNovoProj/BUSCO_ass/busco_downloads/lineages/saccharomycetes_odb10/hmms/38368at4891.hmm
# Target file:     /Users/dominiquefastus/DeNovoProj/BUSCO_ass/busco_out/run_saccharomycetes_odb10/metaeuk_output/initial_results/asm_ctgs_m.fa.modified.fas
# Option settings: hmmsearch --domtblout /Users/dominiquefastus/DeNovoProj/BUSCO_ass/busco_out/run_saccharomycetes_odb10/hmmer_output/initial_run_results/38368at4891.out --cpu 1 /Users/dominiquefastus/DeNovoProj/BUSCO_ass/busco_downloads/lineages/saccharomycetes_odb10/hmms/38368at4891.hmm /Users/dominiquefastus/DeNovoProj/BUSCO_ass/busco_out/run_saccharomycetes_odb10/metaeuk_output/initial_results/asm_ctgs_m.fa.modified.fas 
# Current dir:     /Users/dominiquefastus/DeNovoProj/BUSCO_ass
# Date:            Fri Feb 24 14:26:59 2023
# [ok]
