#                                                                                 --- full sequence --- -------------- this domain -------------   hmm coord   ali coord   env coord
# target name             accession   tlen query name           accession   qlen   E-value  score  bias   #  of  c-Evalue  i-Evalue  score  bias  from    to  from    to  from    to  acc description of target
#     ------------------- ---------- ----- -------------------- ---------- ----- --------- ------ ----- --- --- --------- --------- ------ ----- ----- ----- ----- ----- ----- ----- ---- ---------------------
ctg000022_P:269389-271677 -            763 3981at4891           -            240   1.4e-51  172.6  16.4   1   8   1.2e-15   1.6e-12   44.6   0.1     1    43    36    80    36    84 0.90 -
ctg000022_P:269389-271677 -            763 3981at4891           -            240   1.4e-51  172.6  16.4   2   8   0.00075         1    6.0   0.1    35    63   102   131    95   139 0.82 -
ctg000022_P:269389-271677 -            763 3981at4891           -            240   1.4e-51  172.6  16.4   3   8   1.1e-12   1.4e-09   35.0   0.0    60   102   173   216   169   228 0.90 -
ctg000022_P:269389-271677 -            763 3981at4891           -            240   1.4e-51  172.6  16.4   4   8       0.1   1.4e+02   -1.0   0.1   106   126   280   300   276   308 0.82 -
ctg000022_P:269389-271677 -            763 3981at4891           -            240   1.4e-51  172.6  16.4   5   8    0.0058       7.7    3.1   0.0   119   141   337   359   310   369 0.84 -
ctg000022_P:269389-271677 -            763 3981at4891           -            240   1.4e-51  172.6  16.4   6   8   7.5e-08    0.0001   19.1   0.0   147   170   395   423   392   427 0.89 -
ctg000022_P:269389-271677 -            763 3981at4891           -            240   1.4e-51  172.6  16.4   7   8   2.6e-16   3.5e-13   46.8   0.2   163   210   440   490   426   493 0.86 -
ctg000022_P:269389-271677 -            763 3981at4891           -            240   1.4e-51  172.6  16.4   8   8   1.6e-08   2.1e-05   21.3   0.1   206   236   536   567   529   570 0.87 -
ctg000006_P:797881-800073 -            731 3981at4891           -            240    0.0095   12.7   0.8   1   2     0.049        66    0.1   0.3    99   143   366   410   353   413 0.84 -
ctg000006_P:797881-800073 -            731 3981at4891           -            240    0.0095   12.7   0.8   2   2   3.6e-05     0.048   10.3   0.0    62    97   546   584   543   626 0.80 -
#
# Program:         hmmsearch
# Version:         3.1b2 (February 2015)
# Pipeline mode:   SEARCH
# Query file:      /Users/dominiquefastus/DeNovoProj/BUSCO_ass/busco_downloads/lineages/saccharomycetes_odb10/hmms/3981at4891.hmm
# Target file:     /Users/dominiquefastus/DeNovoProj/BUSCO_ass/busco_out/run_saccharomycetes_odb10/metaeuk_output/initial_results/asm_ctgs_m.fa.modified.fas
# Option settings: hmmsearch --domtblout /Users/dominiquefastus/DeNovoProj/BUSCO_ass/busco_out/run_saccharomycetes_odb10/hmmer_output/initial_run_results/3981at4891.out --cpu 1 /Users/dominiquefastus/DeNovoProj/BUSCO_ass/busco_downloads/lineages/saccharomycetes_odb10/hmms/3981at4891.hmm /Users/dominiquefastus/DeNovoProj/BUSCO_ass/busco_out/run_saccharomycetes_odb10/metaeuk_output/initial_results/asm_ctgs_m.fa.modified.fas 
# Current dir:     /Users/dominiquefastus/DeNovoProj/BUSCO_ass
# Date:            Fri Feb 24 14:27:10 2023
# [ok]
