#                                                                                 --- full sequence --- -------------- this domain -------------   hmm coord   ali coord   env coord
# target name             accession   tlen query name           accession   qlen   E-value  score  bias   #  of  c-Evalue  i-Evalue  score  bias  from    to  from    to  from    to  acc description of target
#     ------------------- ---------- ----- -------------------- ---------- ----- --------- ------ ----- --- --- --------- --------- ------ ----- ----- ----- ----- ----- ----- ----- ---- ---------------------
ctg000005_P:305551-308649 -           1033 4082at4891           -            696  1.2e-220  731.5  11.9   1   4    9e-160  1.2e-157  523.3   3.7     2   420    72   589    71   603 0.84 -
ctg000005_P:305551-308649 -           1033 4082at4891           -            696  1.2e-220  731.5  11.9   2   4   9.3e-46   1.2e-43  146.4   0.3   412   562   609   793   595   811 0.80 -
ctg000005_P:305551-308649 -           1033 4082at4891           -            696  1.2e-220  731.5  11.9   3   4   1.6e-14   2.1e-12   43.2   0.0   585   654   859   941   832   962 0.81 -
ctg000005_P:305551-308649 -           1033 4082at4891           -            696  1.2e-220  731.5  11.9   4   4   2.2e-06    0.0003   16.3   0.0   658   695   990  1032   983  1033 0.87 -
ctg000007_P:793351-796371 -           1007 4082at4891           -            696  7.9e-214  709.0  19.5   1   4  9.2e-159  1.2e-156  519.9   4.1     2   413    35   545    34   551 0.85 -
ctg000007_P:793351-796371 -           1007 4082at4891           -            696  7.9e-214  709.0  19.5   2   4   2.7e-43   3.6e-41  138.3   1.4   410   562   568   754   559   761 0.80 -
ctg000007_P:793351-796371 -           1007 4082at4891           -            696  7.9e-214  709.0  19.5   3   4   1.2e-12   1.6e-10   37.0   0.1   561   655   782   916   759   922 0.71 -
ctg000007_P:793351-796371 -           1007 4082at4891           -            696  7.9e-214  709.0  19.5   4   4   9.4e-06    0.0013   14.2   0.1   656   695   962  1006   956  1007 0.86 -
ctg000014_P:161740-163014 -            425 4082at4891           -            696   3.1e-06   22.8   0.0   1   2     1e-06   0.00014   17.4   0.0    74   134    22    82    17    85 0.93 -
ctg000014_P:161740-163014 -            425 4082at4891           -            696   3.1e-06   22.8   0.0   2   2   0.00047     0.063    8.6   0.0   171   273    75   173    70   179 0.89 -
ctg000012_P:112251-115004 -            918 4082at4891           -            696     1e-05   21.1   0.1   1   2   2.3e-05    0.0031   12.9   0.0    75   204   257   381   246   394 0.72 -
ctg000012_P:112251-115004 -            918 4082at4891           -            696     1e-05   21.1   0.1   2   2    0.0065      0.87    4.8   0.0   347   412   485   548   477   565 0.80 -
ctg000012_P:93603-94601   -            333 4082at4891           -            696   3.2e-05   19.5   0.1   1   3     0.006      0.81    4.9   0.0   174   203    10    39     4    43 0.89 -
ctg000012_P:93603-94601   -            333 4082at4891           -            696   3.2e-05   19.5   0.1   2   3       2.2     3e+02   -3.6   0.0   350   365    69    84    64    89 0.80 -
ctg000012_P:93603-94601   -            333 4082at4891           -            696   3.2e-05   19.5   0.1   3   3   5.9e-05    0.0078   11.6   0.0   171   205   223   257   210   296 0.88 -
ctg000008_P:735513-736862 -            450 4082at4891           -            696   0.00018   16.9   0.7   1   2   0.00021     0.029    9.7   0.2    78   205   120   241   107   255 0.81 -
ctg000008_P:735513-736862 -            450 4082at4891           -            696   0.00018   16.9   0.7   2   2    0.0039      0.53    5.5   0.0   127   196   292   363   268   367 0.83 -
ctg000005_P:140759-143536 -            926 4082at4891           -            696    0.0003   16.2   1.7   1   2     0.014       1.8    3.7   0.1   368   410   126   167   120   186 0.77 -
ctg000005_P:140759-143536 -            926 4082at4891           -            696    0.0003   16.2   1.7   2   2   6.1e-05    0.0081   11.5   0.1   129   236   234   339   227   353 0.89 -
ctg000107_P:66451-67743   -            431 4082at4891           -            696    0.0012   14.3   0.0   1   1   1.4e-05    0.0019   13.6   0.0   376   508   203   339   147   374 0.79 -
ctg000007_P:236257-237153 -            299 4082at4891           -            696    0.0015   14.0   0.1   1   3    0.0039      0.53    5.5   0.1   101   205    20   118     7   135 0.78 -
ctg000007_P:236257-237153 -            299 4082at4891           -            696    0.0015   14.0   0.1   2   3     0.076        10    1.3   0.0   347   372   136   161   131   202 0.74 -
ctg000007_P:236257-237153 -            299 4082at4891           -            696    0.0015   14.0   0.1   3   3     0.016       2.1    3.5   0.0    87   131   235   279   217   283 0.90 -
ctg000008_P:156612-157523 -            304 4082at4891           -            696    0.0021   13.4   0.1   1   4     0.033       4.5    2.4   0.0   353   405    52   102    43   111 0.69 -
ctg000008_P:156612-157523 -            304 4082at4891           -            696    0.0021   13.4   0.1   2   4    0.0091       1.2    4.3   0.0   169   201   118   150   110   166 0.83 -
ctg000008_P:156612-157523 -            304 4082at4891           -            696    0.0021   13.4   0.1   3   4     0.017       2.3    3.4   0.0   350   406   132   187   128   193 0.81 -
ctg000008_P:156612-157523 -            304 4082at4891           -            696    0.0021   13.4   0.1   4   4     0.077        10    1.3   0.0   349   369   265   285   260   289 0.84 -
ctg000107_P:181737-182555 -            273 4082at4891           -            696    0.0022   13.4   0.6   1   3    0.0092       1.2    4.3   0.0   171   204   108   141    74   170 0.81 -
ctg000107_P:181737-182555 -            273 4082at4891           -            696    0.0022   13.4   0.6   2   3    0.0082       1.1    4.5   0.0   179   205   205   231   196   236 0.90 -
ctg000107_P:181737-182555 -            273 4082at4891           -            696    0.0022   13.4   0.6   3   3      0.12        16    0.7   0.0   183   203   249   269   244   272 0.60 -
ctg000007_P:370295-371899 -            535 4082at4891           -            696    0.0039   12.6   0.2   1   2    0.0005     0.067    8.5   0.1    78   167   220   304   212   317 0.76 -
ctg000007_P:370295-371899 -            535 4082at4891           -            696    0.0039   12.6   0.2   2   2     0.083        11    1.1   0.0   348   416   372   437   364   445 0.85 -
ctg000009_P:515858-516736 -            293 4082at4891           -            696    0.0043   12.4   0.2   1   4      0.97   1.3e+02   -2.4   0.0   348   364    28    44    25    50 0.82 -
ctg000009_P:515858-516736 -            293 4082at4891           -            696    0.0043   12.4   0.2   2   4      0.14        19    0.4   0.0   182   214    88   120    62   127 0.79 -
ctg000009_P:515858-516736 -            293 4082at4891           -            696    0.0043   12.4   0.2   3   4    0.0054      0.73    5.1   0.0   347   364   151   168   144   175 0.89 -
ctg000009_P:515858-516736 -            293 4082at4891           -            696    0.0043   12.4   0.2   4   4     0.043       5.8    2.1   0.0   350   406   194   245   185   253 0.50 -
ctg000005_P:54978-56366   -            463 4082at4891           -            696    0.0046   12.3   0.0   1   2   0.00064     0.086    8.1   0.0   119   204   212   300   199   319 0.74 -
ctg000005_P:54978-56366   -            463 4082at4891           -            696    0.0046   12.3   0.0   2   2     0.044       5.9    2.0   0.0   171   199   351   379   327   403 0.79 -
ctg000003_P:549498-551945 -            816 4082at4891           -            696    0.0061   11.9   1.3   1   4    0.0024      0.32    6.3   0.1    52   113    73   137    59   141 0.83 -
ctg000003_P:549498-551945 -            816 4082at4891           -            696    0.0061   11.9   1.3   2   4      0.29        39   -0.7   0.0   349   367   162   180   146   194 0.82 -
ctg000003_P:549498-551945 -            816 4082at4891           -            696    0.0061   11.9   1.3   3   4     0.041       5.5    2.2   0.0   347   369   587   609   555   616 0.89 -
ctg000003_P:549498-551945 -            816 4082at4891           -            696    0.0061   11.9   1.3   4   4       3.7   4.9e+02   -4.3   0.0   182   371   631   654   627   684 0.50 -
ctg000010_P:203538-204632 -            365 4082at4891           -            696    0.0075   11.6   0.1   1   3      0.16        21    0.2   0.0   144   197   100   154    37   168 0.52 -
ctg000010_P:203538-204632 -            365 4082at4891           -            696    0.0075   11.6   0.1   2   3     0.036       4.8    2.4   0.0    12    33   170   191   164   204 0.83 -
ctg000010_P:203538-204632 -            365 4082at4891           -            696    0.0075   11.6   0.1   3   3     0.006      0.81    4.9   0.0   171   204   272   305   266   317 0.86 -
ctg000003_P:113154-114608 -            485 4082at4891           -            696    0.0075   11.6   2.0   1   2      0.23        31   -0.3   0.0   348   368    81   101    76   107 0.88 -
ctg000003_P:113154-114608 -            485 4082at4891           -            696    0.0075   11.6   2.0   2   2   0.00035     0.047    9.0   1.5   102   224   244   358   238   363 0.84 -
ctg000007_P:201083-203473 -            797 4082at4891           -            696     0.017   10.5   0.7   1   3   0.00052     0.069    8.4   0.1   171   202   612   643   518   648 0.71 -
ctg000007_P:201083-203473 -            797 4082at4891           -            696     0.017   10.5   0.7   2   3      0.74        99   -2.0   0.0   350   367   666   683   662   689 0.78 -
ctg000007_P:201083-203473 -            797 4082at4891           -            696     0.017   10.5   0.7   3   3       1.1   1.4e+02   -2.5   0.0   347   367   706   726   703   731 0.85 -
ctg000005_P:859210-860166 -            319 4082at4891           -            696     0.018   10.3   0.0   1   1   0.00026     0.035    9.4   0.0   117   151   184   218   173   239 0.89 -
ctg000006_P:345566-347899 -            778 4082at4891           -            696     0.024    9.9   0.0   1   1   0.00036     0.049    8.9   0.0    77   136   407   468   401   481 0.86 -
#
# Program:         hmmsearch
# Version:         3.1b2 (February 2015)
# Pipeline mode:   SEARCH
# Query file:      /Users/dominiquefastus/DeNovoProj/BUSCO_ass/busco_downloads/lineages/saccharomycetes_odb10/hmms/4082at4891.hmm
# Target file:     /Users/dominiquefastus/DeNovoProj/BUSCO_ass/busco_out/run_saccharomycetes_odb10/metaeuk_output/initial_results/asm_ctgs_m.fa.modified.fas
# Option settings: hmmsearch --domtblout /Users/dominiquefastus/DeNovoProj/BUSCO_ass/busco_out/run_saccharomycetes_odb10/hmmer_output/initial_run_results/4082at4891.out --cpu 1 /Users/dominiquefastus/DeNovoProj/BUSCO_ass/busco_downloads/lineages/saccharomycetes_odb10/hmms/4082at4891.hmm /Users/dominiquefastus/DeNovoProj/BUSCO_ass/busco_out/run_saccharomycetes_odb10/metaeuk_output/initial_results/asm_ctgs_m.fa.modified.fas 
# Current dir:     /Users/dominiquefastus/DeNovoProj/BUSCO_ass
# Date:            Fri Feb 24 14:27:16 2023
# [ok]
