#                                                                                 --- full sequence --- -------------- this domain -------------   hmm coord   ali coord   env coord
# target name             accession   tlen query name           accession   qlen   E-value  score  bias   #  of  c-Evalue  i-Evalue  score  bias  from    to  from    to  from    to  acc description of target
#     ------------------- ---------- ----- -------------------- ---------- ----- --------- ------ ----- --- --- --------- --------- ------ ----- ----- ----- ----- ----- ----- ----- ---- ---------------------
ctg000007_P:385314-387572 -            753 4316at4891           -            447  3.9e-165  547.5  27.5   1   7   2.7e-17   7.1e-14   49.0   0.1     1    53     5    67     5    84 0.81 -
ctg000007_P:385314-387572 -            753 4316at4891           -            447  3.9e-165  547.5  27.5   2   7   2.6e-34   7.1e-31  105.0   0.1    58   165   101   244    87   286 0.82 -
ctg000007_P:385314-387572 -            753 4316at4891           -            447  3.9e-165  547.5  27.5   3   7    0.0023       6.2    3.0   0.1   171   194   335   358   283   367 0.66 -
ctg000007_P:385314-387572 -            753 4316at4891           -            447  3.9e-165  547.5  27.5   4   7   7.2e-62   1.9e-58  195.9   3.1   191   308   378   510   374   515 0.91 -
ctg000007_P:385314-387572 -            753 4316at4891           -            447  3.9e-165  547.5  27.5   5   7   3.5e-28   9.3e-25   84.8   0.1   306   360   530   588   519   591 0.92 -
ctg000007_P:385314-387572 -            753 4316at4891           -            447  3.9e-165  547.5  27.5   6   7   0.00075         2    4.6   0.0   358   374   607   623   594   632 0.81 -
ctg000007_P:385314-387572 -            753 4316at4891           -            447  3.9e-165  547.5  27.5   7   7   4.4e-38   1.2e-34  117.4   0.9   371   447   643   719   639   719 0.97 -
#
# Program:         hmmsearch
# Version:         3.1b2 (February 2015)
# Pipeline mode:   SEARCH
# Query file:      /Users/dominiquefastus/DeNovoProj/BUSCO_ass/busco_downloads/lineages/saccharomycetes_odb10/hmms/4316at4891.hmm
# Target file:     /Users/dominiquefastus/DeNovoProj/BUSCO_ass/busco_out/run_saccharomycetes_odb10/metaeuk_output/initial_results/asm_ctgs_m.fa.modified.fas
# Option settings: hmmsearch --domtblout /Users/dominiquefastus/DeNovoProj/BUSCO_ass/busco_out/run_saccharomycetes_odb10/hmmer_output/initial_run_results/4316at4891.out --cpu 1 /Users/dominiquefastus/DeNovoProj/BUSCO_ass/busco_downloads/lineages/saccharomycetes_odb10/hmms/4316at4891.hmm /Users/dominiquefastus/DeNovoProj/BUSCO_ass/busco_out/run_saccharomycetes_odb10/metaeuk_output/initial_results/asm_ctgs_m.fa.modified.fas 
# Current dir:     /Users/dominiquefastus/DeNovoProj/BUSCO_ass
# Date:            Fri Feb 24 14:27:32 2023
# [ok]
