#                                                                                 --- full sequence --- -------------- this domain -------------   hmm coord   ali coord   env coord
# target name             accession   tlen query name           accession   qlen   E-value  score  bias   #  of  c-Evalue  i-Evalue  score  bias  from    to  from    to  from    to  acc description of target
#     ------------------- ---------- ----- -------------------- ---------- ----- --------- ------ ----- --- --- --------- --------- ------ ----- ----- ----- ----- ----- ----- ----- ---- ---------------------
ctg000007_P:336241-338235 -            665 5741at4891           -            547         0 1048.9   1.7   1   2  5.8e-246  3.9e-243  805.2   0.1     1   403    15   448    15   462 0.96 -
ctg000007_P:336241-338235 -            665 5741at4891           -            547         0 1048.9   1.7   2   2   1.3e-75   8.6e-73  242.9   0.2   402   547   491   651   476   651 0.91 -
ctg000005_P:238825-240645 -            607 5741at4891           -            547  4.5e-259  857.8   5.0   1   2  2.6e-197  1.8e-194  644.6   0.4     3   403     1   400     1   414 0.95 -
ctg000005_P:238825-240645 -            607 5741at4891           -            547  4.5e-259  857.8   5.0   2   2   2.3e-65   1.5e-62  209.1   0.6   389   544   427   595   399   602 0.85 -
ctg000010_P:245725-247434 -            570 5741at4891           -            547   5.1e-07   25.8   0.0   1   1   1.2e-09   8.2e-07   25.2   0.0   199   275   107   183    97   192 0.84 -
ctg000107_P:237123-239306 -            728 5741at4891           -            547   0.00066   15.6   0.1   1   2    0.0034       2.3    3.9   0.0   197   254   410   467   401   486 0.77 -
ctg000107_P:237123-239306 -            728 5741at4891           -            547   0.00066   15.6   0.1   2   2   7.8e-05     0.052    9.3   0.0   449   538   617   718   597   723 0.80 -
#
# Program:         hmmsearch
# Version:         3.1b2 (February 2015)
# Pipeline mode:   SEARCH
# Query file:      /Users/dominiquefastus/DeNovoProj/BUSCO_ass/busco_downloads/lineages/saccharomycetes_odb10/hmms/5741at4891.hmm
# Target file:     /Users/dominiquefastus/DeNovoProj/BUSCO_ass/busco_out/run_saccharomycetes_odb10/metaeuk_output/initial_results/asm_ctgs_m.fa.modified.fas
# Option settings: hmmsearch --domtblout /Users/dominiquefastus/DeNovoProj/BUSCO_ass/busco_out/run_saccharomycetes_odb10/hmmer_output/initial_run_results/5741at4891.out --cpu 1 /Users/dominiquefastus/DeNovoProj/BUSCO_ass/busco_downloads/lineages/saccharomycetes_odb10/hmms/5741at4891.hmm /Users/dominiquefastus/DeNovoProj/BUSCO_ass/busco_out/run_saccharomycetes_odb10/metaeuk_output/initial_results/asm_ctgs_m.fa.modified.fas 
# Current dir:     /Users/dominiquefastus/DeNovoProj/BUSCO_ass
# Date:            Fri Feb 24 14:28:33 2023
# [ok]
