#                                                                                 --- full sequence --- -------------- this domain -------------   hmm coord   ali coord   env coord
# target name             accession   tlen query name           accession   qlen   E-value  score  bias   #  of  c-Evalue  i-Evalue  score  bias  from    to  from    to  from    to  acc description of target
#     ------------------- ---------- ----- -------------------- ---------- ----- --------- ------ ----- --- --- --------- --------- ------ ----- ----- ----- ----- ----- ----- ----- ---- ---------------------
ctg000000_P:778533-783905 -           1791 630at4891            -           1252         0 1767.2  71.3   1   7   1.5e-07    0.0004   15.2   0.1    12    45    55    93    49    97 0.80 -
ctg000000_P:778533-783905 -           1791 630at4891            -           1252         0 1767.2  71.3   2   7   1.2e-33   3.2e-30  101.7   0.1    45   121   119   208   115   223 0.93 -
ctg000000_P:778533-783905 -           1791 630at4891            -           1252         0 1767.2  71.3   3   7  2.2e-102   5.8e-99  329.4   5.3   130   362   272   542   258   579 0.84 -
ctg000000_P:778533-783905 -           1791 630at4891            -           1252         0 1767.2  71.3   4   7    6e-181  1.6e-177  589.6   5.7   349   732   590  1012   586  1021 0.91 -
ctg000000_P:778533-783905 -           1791 630at4891            -           1252         0 1767.2  71.3   5   7   9.6e-98   2.6e-94  314.0   9.8   723   949  1026  1285  1015  1300 0.86 -
ctg000000_P:778533-783905 -           1791 630at4891            -           1252         0 1767.2  71.3   6   7   2.1e-84   5.6e-81  269.8   5.8   946  1104  1315  1489  1295  1494 0.92 -
ctg000000_P:778533-783905 -           1791 630at4891            -           1252         0 1767.2  71.3   7   7   9.6e-53   2.6e-49  164.9   5.9  1095  1252  1589  1788  1576  1788 0.84 -
#
# Program:         hmmsearch
# Version:         3.1b2 (February 2015)
# Pipeline mode:   SEARCH
# Query file:      /Users/dominiquefastus/DeNovoProj/BUSCO_ass/busco_downloads/lineages/saccharomycetes_odb10/hmms/630at4891.hmm
# Target file:     /Users/dominiquefastus/DeNovoProj/BUSCO_ass/busco_out/run_saccharomycetes_odb10/metaeuk_output/initial_results/asm_ctgs_m.fa.modified.fas
# Option settings: hmmsearch --domtblout /Users/dominiquefastus/DeNovoProj/BUSCO_ass/busco_out/run_saccharomycetes_odb10/hmmer_output/initial_run_results/630at4891.out --cpu 1 /Users/dominiquefastus/DeNovoProj/BUSCO_ass/busco_downloads/lineages/saccharomycetes_odb10/hmms/630at4891.hmm /Users/dominiquefastus/DeNovoProj/BUSCO_ass/busco_out/run_saccharomycetes_odb10/metaeuk_output/initial_results/asm_ctgs_m.fa.modified.fas 
# Current dir:     /Users/dominiquefastus/DeNovoProj/BUSCO_ass
# Date:            Fri Feb 24 14:28:49 2023
# [ok]
