#                                                                                 --- full sequence --- -------------- this domain -------------   hmm coord   ali coord   env coord
# target name             accession   tlen query name           accession   qlen   E-value  score  bias   #  of  c-Evalue  i-Evalue  score  bias  from    to  from    to  from    to  acc description of target
#     ------------------- ---------- ----- -------------------- ---------- ----- --------- ------ ----- --- --- --------- --------- ------ ----- ----- ----- ----- ----- ----- ----- ---- ---------------------
ctg000011_P:518708-520741 -            678 7127at4891           -            307   1.7e-95  316.8  28.2   1   8   6.4e-26   8.6e-23   78.0   0.1     1    57    25    81    25    90 0.93 -
ctg000011_P:518708-520741 -            678 7127at4891           -            307   1.7e-95  316.8  28.2   2   8    0.0063       8.5    2.5   0.0    50    73   112   135   109   141 0.87 -
ctg000011_P:518708-520741 -            678 7127at4891           -            307   1.7e-95  316.8  28.2   3   8   2.3e-18     3e-15   53.2   0.1    73   115   175   217   170   241 0.84 -
ctg000011_P:518708-520741 -            678 7127at4891           -            307   1.7e-95  316.8  28.2   4   8   1.8e-06    0.0024   14.2   0.0   129   150   318   339   306   352 0.85 -
ctg000011_P:518708-520741 -            678 7127at4891           -            307   1.7e-95  316.8  28.2   5   8   2.5e-31   3.3e-28   95.8   0.3   148   218   368   442   365   465 0.88 -
ctg000011_P:518708-520741 -            678 7127at4891           -            307   1.7e-95  316.8  28.2   6   8      0.49   6.6e+02   -3.7   0.5   216   226   485   495   470   498 0.76 -
ctg000011_P:518708-520741 -            678 7127at4891           -            307   1.7e-95  316.8  28.2   7   8   1.5e-19     2e-16   57.1   0.7   224   278   545   599   539   612 0.89 -
ctg000011_P:518708-520741 -            678 7127at4891           -            307   1.7e-95  316.8  28.2   8   8   7.7e-12     1e-08   31.8   0.1   263   306   634   677   620   678 0.91 -
ctg000002_P:628623-630533 -            637 7127at4891           -            307   4.4e-07   26.4   1.0   1   3    0.0038       5.1    3.2   0.0    25    46   279   300   254   331 0.81 -
ctg000002_P:628623-630533 -            637 7127at4891           -            307   4.4e-07   26.4   1.0   2   3   4.4e-05      0.06    9.6   0.0   157   215   449   506   438   527 0.88 -
ctg000002_P:628623-630533 -            637 7127at4891           -            307   4.4e-07   26.4   1.0   3   3   2.3e-05      0.03   10.5   0.1   234   283   571   614   560   635 0.79 -
#
# Program:         hmmsearch
# Version:         3.1b2 (February 2015)
# Pipeline mode:   SEARCH
# Query file:      /Users/dominiquefastus/DeNovoProj/BUSCO_ass/busco_downloads/lineages/saccharomycetes_odb10/hmms/7127at4891.hmm
# Target file:     /Users/dominiquefastus/DeNovoProj/BUSCO_ass/busco_out/run_saccharomycetes_odb10/metaeuk_output/initial_results/asm_ctgs_m.fa.modified.fas
# Option settings: hmmsearch --domtblout /Users/dominiquefastus/DeNovoProj/BUSCO_ass/busco_out/run_saccharomycetes_odb10/hmmer_output/initial_run_results/7127at4891.out --cpu 1 /Users/dominiquefastus/DeNovoProj/BUSCO_ass/busco_downloads/lineages/saccharomycetes_odb10/hmms/7127at4891.hmm /Users/dominiquefastus/DeNovoProj/BUSCO_ass/busco_out/run_saccharomycetes_odb10/metaeuk_output/initial_results/asm_ctgs_m.fa.modified.fas 
# Current dir:     /Users/dominiquefastus/DeNovoProj/BUSCO_ass
# Date:            Fri Feb 24 14:29:27 2023
# [ok]
