#                                                                                 --- full sequence --- -------------- this domain -------------   hmm coord   ali coord   env coord
# target name             accession   tlen query name           accession   qlen   E-value  score  bias   #  of  c-Evalue  i-Evalue  score  bias  from    to  from    to  from    to  acc description of target
#     ------------------- ---------- ----- -------------------- ---------- ----- --------- ------ ----- --- --- --------- --------- ------ ----- ----- ----- ----- ----- ----- ----- ---- ---------------------
ctg000007_P:768534-770114 -            527 7491at4891           -            457    4e-282  932.7   1.3   1   2    6e-285    4e-282  932.7   1.3     1   448    21   489    21   502 0.97 -
ctg000007_P:768534-770114 -            527 7491at4891           -            457    4e-282  932.7   1.3   2   2      0.06        40   -0.3   0.0   441   457   511   527   496   527 0.85 -
ctg000007_P:326786-328336 -            517 7491at4891           -            457   6.1e-29   98.0   0.0   1   1   1.2e-31   8.2e-29   97.6   0.0    56   361    65   389    48   429 0.83 -
ctg000022_P:666143-667675 -            511 7491at4891           -            457     2e-23   79.9   0.5   1   1   4.5e-26     3e-23   79.2   0.5    58   447    84   479    39   486 0.80 -
ctg000000_P:127244-130456 -           1071 7491at4891           -            457   1.7e-11   40.5   0.4   1   3    0.0014      0.94    5.1   0.1    21   110    23   114     6   128 0.83 -
ctg000000_P:127244-130456 -           1071 7491at4891           -            457   1.7e-11   40.5   0.4   2   3     0.014       9.2    1.8   0.0   127   167   227   267   217   278 0.87 -
ctg000000_P:127244-130456 -           1071 7491at4891           -            457   1.7e-11   40.5   0.4   3   3     5e-11   3.3e-08   29.7   0.0   213   354   767   918   760   923 0.82 -
#
# Program:         hmmsearch
# Version:         3.1b2 (February 2015)
# Pipeline mode:   SEARCH
# Query file:      /Users/dominiquefastus/DeNovoProj/BUSCO_ass/busco_downloads/lineages/saccharomycetes_odb10/hmms/7491at4891.hmm
# Target file:     /Users/dominiquefastus/DeNovoProj/BUSCO_ass/busco_out/run_saccharomycetes_odb10/metaeuk_output/initial_results/asm_ctgs_m.fa.modified.fas
# Option settings: hmmsearch --domtblout /Users/dominiquefastus/DeNovoProj/BUSCO_ass/busco_out/run_saccharomycetes_odb10/hmmer_output/initial_run_results/7491at4891.out --cpu 1 /Users/dominiquefastus/DeNovoProj/BUSCO_ass/busco_downloads/lineages/saccharomycetes_odb10/hmms/7491at4891.hmm /Users/dominiquefastus/DeNovoProj/BUSCO_ass/busco_out/run_saccharomycetes_odb10/metaeuk_output/initial_results/asm_ctgs_m.fa.modified.fas 
# Current dir:     /Users/dominiquefastus/DeNovoProj/BUSCO_ass
# Date:            Fri Feb 24 14:29:38 2023
# [ok]
