#                                                                                 --- full sequence --- -------------- this domain -------------   hmm coord   ali coord   env coord
# target name             accession   tlen query name           accession   qlen   E-value  score  bias   #  of  c-Evalue  i-Evalue  score  bias  from    to  from    to  from    to  acc description of target
#     ------------------- ---------- ----- -------------------- ---------- ----- --------- ------ ----- --- --- --------- --------- ------ ----- ----- ----- ----- ----- ----- ----- ---- ---------------------
ctg000011_P:504113-507550 -           1146 8855at4891           -            419  1.9e-150  498.3  37.8   1   8   9.4e-08   0.00025   17.0   0.1     1    21    14    34    14    42 0.88 -
ctg000011_P:504113-507550 -           1146 8855at4891           -            419  1.9e-150  498.3  37.8   2   8   3.1e-23   8.2e-20   68.0   0.2    18    72   394   451   391   455 0.92 -
ctg000011_P:504113-507550 -           1146 8855at4891           -            419  1.9e-150  498.3  37.8   3   8   9.3e-29   2.5e-25   86.2   1.3    60   143   516   600   510   607 0.90 -
ctg000011_P:504113-507550 -           1146 8855at4891           -            419  1.9e-150  498.3  37.8   4   8   1.6e-24   4.3e-21   72.2   0.5   130   204   611   687   607   696 0.93 -
ctg000011_P:504113-507550 -           1146 8855at4891           -            419  1.9e-150  498.3  37.8   5   8   1.4e-08   3.7e-05   19.7   0.1   193   235   739   792   731   802 0.78 -
ctg000011_P:504113-507550 -           1146 8855at4891           -            419  1.9e-150  498.3  37.8   6   8   3.7e-17   9.8e-14   48.0   0.6   229   270   813   855   793   859 0.87 -
ctg000011_P:504113-507550 -           1146 8855at4891           -            419  1.9e-150  498.3  37.8   7   8   1.1e-33   2.9e-30  102.5   0.1   268   345   895   976   891   991 0.93 -
ctg000011_P:504113-507550 -           1146 8855at4891           -            419  1.9e-150  498.3  37.8   8   8   4.1e-35   1.1e-31  107.1   0.6   342   419  1066  1146  1054  1146 0.94 -
#
# Program:         hmmsearch
# Version:         3.1b2 (February 2015)
# Pipeline mode:   SEARCH
# Query file:      /Users/dominiquefastus/DeNovoProj/BUSCO_ass/busco_downloads/lineages/saccharomycetes_odb10/hmms/8855at4891.hmm
# Target file:     /Users/dominiquefastus/DeNovoProj/BUSCO_ass/busco_out/run_saccharomycetes_odb10/metaeuk_output/initial_results/asm_ctgs_m.fa.modified.fas
# Option settings: hmmsearch --domtblout /Users/dominiquefastus/DeNovoProj/BUSCO_ass/busco_out/run_saccharomycetes_odb10/hmmer_output/initial_run_results/8855at4891.out --cpu 1 /Users/dominiquefastus/DeNovoProj/BUSCO_ass/busco_downloads/lineages/saccharomycetes_odb10/hmms/8855at4891.hmm /Users/dominiquefastus/DeNovoProj/BUSCO_ass/busco_out/run_saccharomycetes_odb10/metaeuk_output/initial_results/asm_ctgs_m.fa.modified.fas 
# Current dir:     /Users/dominiquefastus/DeNovoProj/BUSCO_ass
# Date:            Fri Feb 24 14:30:14 2023
# [ok]
