A	C	G	T	N	IUPAC	Other	GC	GC_stdev
0.3082	0.1916	0.1917	0.3084	0.0000	0.0000	0.0000	0.3833	0.0504

Main genome scaffold total:         	22
Main genome contig total:           	22
Main genome scaffold sequence total:	12307599
Main genome contig sequence total:  	12307599  	0.000% gap
Main genome scaffold N/L50:         	6/920022
Main genome contig N/L50:           	6/920022
Main genome scaffold N/L90:         	13/438981
Main genome contig N/L90:           	13/438981
Max scaffold length:                	1505876
Max contig length:                  	1505876
Number of scaffolds > 50 KB:        	17
% main genome in scaffolds > 50 KB: 	98.81%


Minimum 	Number        	Number        	Total         	Total         	Scaffold
Scaffold	of            	of            	Scaffold      	Contig        	Contig  
Length  	Scaffolds     	Contigs       	Length        	Length        	Coverage
--------	--------------	--------------	--------------	--------------	--------
    All 	            22	            22	      12307599	      12307599	 100.00%
  10000 	            22	            22	      12307599	      12307599	 100.00%
  25000 	            19	            19	      12241570	      12241570	 100.00%
  50000 	            17	            17	      12160601	      12160601	 100.00%
 100000 	            16	            16	      12108128	      12108128	 100.00%
 250000 	            15	            15	      11881155	      11881155	 100.00%
 500000 	            12	            12	      10818704	      10818704	 100.00%
1000000 	             4	             4	       4771369	       4771369	 100.00%

